12:02:45 155.143.6.55 desde:user/register preparando para almacenar usuario : 1130674217

12:02:45 155.143.6.55  conectando a : https://jboss2.colfuturo.org/Formulario-Interno/ServicioIntegracionPotencial?wsdl

12:02:45 155.143.6.55  enviando datos : {"numeroDocumento":"1130674217",
            "nombre":"Andrés Felipe",
            "apellido":"Moreno Martínez",
            "email":"afmoreno22@gmail.com",
            "fechaNacimiento":"02-02-2019",
            "ciudadResidencia":"Cali, Valle del Cauca, Colombia",
            "genero":"M",
            "celular":"",
            "listaInteresAreaEstudio":["Administración y Negocios"],
            "listaInteresIdioma":[""]}

12:02:46 155.143.6.55  respuesta HTTP/1.1 100 Continue

HTTP/1.1 200 OK
Server: nginx/1.14.0
Date: Sat, 02 Feb 2019 05:40:51 GMT
Content-Type: text/xml;charset=ISO-8859-1
Content-Length: 297
Connection: keep-alive
Vary: Accept-Encoding
Set-Cookie: JSESSIONID=X4rv7-IABA2j+XkyjD8sqVja.undefined; Path=/Formulario-Interno
X-CdnHost: ns10.colfuturo.org

&lt;soap:Envelope xmlns:soap=&quot;http://schemas.xmlsoap.org/soap/envelope/&quot;&gt;&lt;soap:Body&gt;&lt;ns1:crearFormularioPotencialResponse xmlns:ns1=&quot;http://www.colfuturo.org/potencial/ws/ServicioIntegracionPotencial&quot;&gt;&lt;return&gt;Creo formulario&lt;/return&gt;&lt;/ns1:crearFormularioPotencialResponse&gt;&lt;/soap:Body&gt;&lt;/soap:Envelope&gt;

07:02:26 186.118.9.224 desde:user/register preparando para almacenar usuario : 1233338503

07:02:26 186.118.9.224  conectando a : https://jboss2.colfuturo.org/Formulario-Interno/ServicioIntegracionPotencial?wsdl

07:02:26 186.118.9.224  enviando datos : {"numeroDocumento":"1233338503",
            "nombre":"Ligia elena",
            "apellido":"Barón garcia",
            "email":"ligiabarongarcia@outlook.es",
            "fechaNacimiento":"02-02-2019",
            "ciudadResidencia":"Montería, Córdoba, Colombia",
            "genero":"F",
            "celular":"",
            "listaInteresAreaEstudio":["Ciencias Agropecuarias y del Medio Ambiente"],
            "listaInteresIdioma":[""]}

07:02:27 186.118.9.224  respuesta HTTP/1.1 100 Continue

HTTP/1.1 200 OK
Server: nginx/1.14.0
Date: Sat, 02 Feb 2019 12:37:33 GMT
Content-Type: text/xml;charset=ISO-8859-1
Content-Length: 297
Connection: keep-alive
Vary: Accept-Encoding
Set-Cookie: JSESSIONID=oSyk1UcmLMWubP4m3p-tzZk2.undefined; Path=/Formulario-Interno
X-CdnHost: ns10.colfuturo.org

&lt;soap:Envelope xmlns:soap=&quot;http://schemas.xmlsoap.org/soap/envelope/&quot;&gt;&lt;soap:Body&gt;&lt;ns1:crearFormularioPotencialResponse xmlns:ns1=&quot;http://www.colfuturo.org/potencial/ws/ServicioIntegracionPotencial&quot;&gt;&lt;return&gt;Creo formulario&lt;/return&gt;&lt;/ns1:crearFormularioPotencialResponse&gt;&lt;/soap:Body&gt;&lt;/soap:Envelope&gt;

07:02:31 211.26.90.64 desde:user/register preparando para almacenar usuario : 1065663534

07:02:31 211.26.90.64  conectando a : https://jboss2.colfuturo.org/Formulario-Interno/ServicioIntegracionPotencial?wsdl

07:02:31 211.26.90.64  enviando datos : {"numeroDocumento":"1065663534",
            "nombre":"JORGE ANTONIO",
            "apellido":"MORENO DAZA",
            "email":"jorgemorenodaza@gmail.com",
            "fechaNacimiento":"02-02-2019",
            "ciudadResidencia":"Menora Australia Occidental, Australia",
            "genero":"M",
            "celular":"",
            "listaInteresAreaEstudio":["Ciencias Sociales"],
            "listaInteresIdioma":[""]}

07:02:32 211.26.90.64  respuesta HTTP/1.1 100 Continue

HTTP/1.1 200 OK
Server: nginx/1.14.0
Date: Sat, 02 Feb 2019 12:39:38 GMT
Content-Type: text/xml;charset=ISO-8859-1
Content-Length: 297
Connection: keep-alive
Vary: Accept-Encoding
Set-Cookie: JSESSIONID=btf5C1zTmrgkhCRd3OoQ7Aql.undefined; Path=/Formulario-Interno
X-CdnHost: ns10.colfuturo.org

&lt;soap:Envelope xmlns:soap=&quot;http://schemas.xmlsoap.org/soap/envelope/&quot;&gt;&lt;soap:Body&gt;&lt;ns1:crearFormularioPotencialResponse xmlns:ns1=&quot;http://www.colfuturo.org/potencial/ws/ServicioIntegracionPotencial&quot;&gt;&lt;return&gt;Creo formulario&lt;/return&gt;&lt;/ns1:crearFormularioPotencialResponse&gt;&lt;/soap:Body&gt;&lt;/soap:Envelope&gt;

08:02:27 191.102.72.95 desde:user/165613 preparando para almacenar usuario : 1117515049

08:02:27 191.102.72.95  conectando a : https://jboss2.colfuturo.org/Formulario-Interno/ServicioIntegracionPotencial?wsdl

08:02:27 191.102.72.95  enviando datos : {"numeroDocumento":"1117515049",
            "nombre":"JAVIER HERNANDO",
            "apellido":"OLIVEROS RAMOS",
            "email":"Javier.oliveros20@hotmail.com",
            "fechaNacimiento":"02-02-2019",
            "ciudadResidencia":"Florencia, Caquetá, Colombia",
            "genero":"M",
            "celular":"",
            "listaInteresAreaEstudio":[""],
            "listaInteresIdioma":[""]}

08:02:28 191.102.72.95  respuesta HTTP/1.1 100 Continue

HTTP/1.1 200 OK
Server: nginx/1.14.0
Date: Sat, 02 Feb 2019 13:19:33 GMT
Content-Type: text/xml;charset=ISO-8859-1
Content-Length: 301
Connection: keep-alive
Vary: Accept-Encoding
Set-Cookie: JSESSIONID=8oa2eNwQiO+B6AY+ESUnObBP.undefined; Path=/Formulario-Interno
X-CdnHost: ns10.colfuturo.org

&lt;soap:Envelope xmlns:soap=&quot;http://schemas.xmlsoap.org/soap/envelope/&quot;&gt;&lt;soap:Body&gt;&lt;ns1:crearFormularioPotencialResponse xmlns:ns1=&quot;http://www.colfuturo.org/potencial/ws/ServicioIntegracionPotencial&quot;&gt;&lt;return&gt;Encontro formulario&lt;/return&gt;&lt;/ns1:crearFormularioPotencialResponse&gt;&lt;/soap:Body&gt;&lt;/soap:Envelope&gt;

09:02:54 181.49.84.34 desde:user/register preparando para almacenar usuario : 1144072649

09:02:54 181.49.84.34  conectando a : https://jboss2.colfuturo.org/Formulario-Interno/ServicioIntegracionPotencial?wsdl

09:02:54 181.49.84.34  enviando datos : {"numeroDocumento":"1144072649",
            "nombre":"Laura Daniela",
            "apellido":"Salcedo Cabrera",
            "email":"laura.salcedo@correounivalle.edu.co",
            "fechaNacimiento":"02-02-2019",
            "ciudadResidencia":"Cali, Valle del Cauca, Colombia",
            "genero":"F",
            "celular":"",
            "listaInteresAreaEstudio":["Educación"],
            "listaInteresIdioma":[""]}

09:02:55 181.49.84.34  respuesta HTTP/1.1 100 Continue

HTTP/1.1 200 OK
Server: nginx/1.14.0
Date: Sat, 02 Feb 2019 14:06:01 GMT
Content-Type: text/xml;charset=ISO-8859-1
Content-Length: 297
Connection: keep-alive
Vary: Accept-Encoding
Set-Cookie: JSESSIONID=TW-zo5e+ouOQreIpc-mtniVO.undefined; Path=/Formulario-Interno
X-CdnHost: ns10.colfuturo.org

&lt;soap:Envelope xmlns:soap=&quot;http://schemas.xmlsoap.org/soap/envelope/&quot;&gt;&lt;soap:Body&gt;&lt;ns1:crearFormularioPotencialResponse xmlns:ns1=&quot;http://www.colfuturo.org/potencial/ws/ServicioIntegracionPotencial&quot;&gt;&lt;return&gt;Creo formulario&lt;/return&gt;&lt;/ns1:crearFormularioPotencialResponse&gt;&lt;/soap:Body&gt;&lt;/soap:Envelope&gt;

09:02:34 190.26.207.118 desde:user/register preparando para almacenar usuario : 1140874913

09:02:34 190.26.207.118  conectando a : https://jboss2.colfuturo.org/Formulario-Interno/ServicioIntegracionPotencial?wsdl

09:02:34 190.26.207.118  enviando datos : {"numeroDocumento":"1140874913",
            "nombre":"Juan David",
            "apellido":"Cabrera Jiménez",
            "email":"juandjimenez12@gmail.com",
            "fechaNacimiento":"02-02-2019",
            "ciudadResidencia":"Barranquilla, Atlántico, Colombia",
            "genero":"M",
            "celular":"",
            "listaInteresAreaEstudio":["Administración y Negocios","Ciencias Políticas y Relaciones Internacionales","Derecho","Economía","Educación","Ingeniería"],
            "listaInteresIdioma":["ingles"]}

09:02:35 190.26.207.118  respuesta HTTP/1.1 100 Continue

HTTP/1.1 200 OK
Server: nginx/1.14.0
Date: Sat, 02 Feb 2019 14:17:40 GMT
Content-Type: text/xml;charset=ISO-8859-1
Content-Length: 297
Connection: keep-alive
Vary: Accept-Encoding
Set-Cookie: JSESSIONID=Xph2yLl8YGxronZD6Gus+ryl.undefined; Path=/Formulario-Interno
X-CdnHost: ns10.colfuturo.org

&lt;soap:Envelope xmlns:soap=&quot;http://schemas.xmlsoap.org/soap/envelope/&quot;&gt;&lt;soap:Body&gt;&lt;ns1:crearFormularioPotencialResponse xmlns:ns1=&quot;http://www.colfuturo.org/potencial/ws/ServicioIntegracionPotencial&quot;&gt;&lt;return&gt;Creo formulario&lt;/return&gt;&lt;/ns1:crearFormularioPotencialResponse&gt;&lt;/soap:Body&gt;&lt;/soap:Envelope&gt;

09:02:42 191.89.82.75 desde:user/register preparando para almacenar usuario : 1116546584

09:02:42 191.89.82.75  conectando a : https://jboss2.colfuturo.org/Formulario-Interno/ServicioIntegracionPotencial?wsdl

09:02:42 191.89.82.75  enviando datos : {"numeroDocumento":"1116546584",
            "nombre":"Ricardo Alfonso ",
            "apellido":"Paredes Roa",
            "email":"ricardo.paredes@uptc.edu.co",
            "fechaNacimiento":"02-02-2019",
            "ciudadResidencia":"Sogamoso, Boyacá, Colombia",
            "genero":"M",
            "celular":"",
            "listaInteresAreaEstudio":["Ciencias Básicas","Ingeniería"],
            "listaInteresIdioma":["ingles","frances"]}

09:02:43 191.89.82.75  respuesta HTTP/1.1 100 Continue

HTTP/1.1 200 OK
Server: nginx/1.14.0
Date: Sat, 02 Feb 2019 14:54:49 GMT
Content-Type: text/xml;charset=ISO-8859-1
Content-Length: 297
Connection: keep-alive
Vary: Accept-Encoding
Set-Cookie: JSESSIONID=0gW7wwdNs7Ux8BoIi4l5yYrl.undefined; Path=/Formulario-Interno
X-CdnHost: ns10.colfuturo.org

&lt;soap:Envelope xmlns:soap=&quot;http://schemas.xmlsoap.org/soap/envelope/&quot;&gt;&lt;soap:Body&gt;&lt;ns1:crearFormularioPotencialResponse xmlns:ns1=&quot;http://www.colfuturo.org/potencial/ws/ServicioIntegracionPotencial&quot;&gt;&lt;return&gt;Creo formulario&lt;/return&gt;&lt;/ns1:crearFormularioPotencialResponse&gt;&lt;/soap:Body&gt;&lt;/soap:Envelope&gt;

10:02:23 181.49.90.10 desde:user/register preparando para almacenar usuario : 1140877000

10:02:23 181.49.90.10  conectando a : https://jboss2.colfuturo.org/Formulario-Interno/ServicioIntegracionPotencial?wsdl

10:02:23 181.49.90.10  enviando datos : {"numeroDocumento":"1140877000",
            "nombre":"Jennelyn ",
            "apellido":"Candama",
            "email":"Jennelyncandama2@gmail.com",
            "fechaNacimiento":"02-02-2019",
            "ciudadResidencia":"Barranquilla, Atlántico, Colombia",
            "genero":"F",
            "celular":"",
            "listaInteresAreaEstudio":["Ciencias Básicas","Ciencias de la Salud","Ciencias Sociales"],
            "listaInteresIdioma":[""]}

10:02:24 181.49.90.10  respuesta HTTP/1.1 100 Continue

HTTP/1.1 200 OK
Server: nginx/1.14.0
Date: Sat, 02 Feb 2019 15:18:30 GMT
Content-Type: text/xml;charset=ISO-8859-1
Content-Length: 297
Connection: keep-alive
Vary: Accept-Encoding
Set-Cookie: JSESSIONID=G2+XjST7QLM09+Nc+Lulth1b.undefined; Path=/Formulario-Interno
X-CdnHost: ns10.colfuturo.org

&lt;soap:Envelope xmlns:soap=&quot;http://schemas.xmlsoap.org/soap/envelope/&quot;&gt;&lt;soap:Body&gt;&lt;ns1:crearFormularioPotencialResponse xmlns:ns1=&quot;http://www.colfuturo.org/potencial/ws/ServicioIntegracionPotencial&quot;&gt;&lt;return&gt;Creo formulario&lt;/return&gt;&lt;/ns1:crearFormularioPotencialResponse&gt;&lt;/soap:Body&gt;&lt;/soap:Envelope&gt;

10:02:28 190.157.240.86 desde:user/register preparando para almacenar usuario : 1144072716

10:02:28 190.157.240.86  conectando a : https://jboss2.colfuturo.org/Formulario-Interno/ServicioIntegracionPotencial?wsdl

10:02:28 190.157.240.86  enviando datos : {"numeroDocumento":"1144072716",
            "nombre":"Sara Milena",
            "apellido":"Matamoros Cardenas",
            "email":"sara.mmatamorosc@gmail.com",
            "fechaNacimiento":"02-02-2019",
            "ciudadResidencia":"Bogotá, Colombia",
            "genero":"F",
            "celular":"",
            "listaInteresAreaEstudio":["Administración y Negocios"],
            "listaInteresIdioma":[""]}

10:02:29 190.157.240.86  respuesta HTTP/1.1 100 Continue

HTTP/1.1 200 OK
Server: nginx/1.14.0
Date: Sat, 02 Feb 2019 15:27:34 GMT
Content-Type: text/xml;charset=ISO-8859-1
Content-Length: 297
Connection: keep-alive
Vary: Accept-Encoding
Set-Cookie: JSESSIONID=HzH3yPJxblO-THqzl3W9cXAt.undefined; Path=/Formulario-Interno
X-CdnHost: ns10.colfuturo.org

&lt;soap:Envelope xmlns:soap=&quot;http://schemas.xmlsoap.org/soap/envelope/&quot;&gt;&lt;soap:Body&gt;&lt;ns1:crearFormularioPotencialResponse xmlns:ns1=&quot;http://www.colfuturo.org/potencial/ws/ServicioIntegracionPotencial&quot;&gt;&lt;return&gt;Creo formulario&lt;/return&gt;&lt;/ns1:crearFormularioPotencialResponse&gt;&lt;/soap:Body&gt;&lt;/soap:Envelope&gt;

10:02:58 161.18.58.60 desde:user/register preparando para almacenar usuario : 1026569300

10:02:58 161.18.58.60  conectando a : https://jboss2.colfuturo.org/Formulario-Interno/ServicioIntegracionPotencial?wsdl

10:02:58 161.18.58.60  enviando datos : {"numeroDocumento":"1026569300",
            "nombre":"Katherine ",
            "apellido":"Briceño Guerrero",
            "email":"bg.katherine@gmail.com",
            "fechaNacimiento":"02-02-2019",
            "ciudadResidencia":"Bogotá, Colombia",
            "genero":"F",
            "celular":"",
            "listaInteresAreaEstudio":["Administración y Negocios","Ciencias de la Salud","Ciencias Políticas y Relaciones Internacionales","Economía","Ingeniería"],
            "listaInteresIdioma":[""]}

10:02:59 161.18.58.60  respuesta HTTP/1.1 100 Continue

HTTP/1.1 200 OK
Server: nginx/1.14.0
Date: Sat, 02 Feb 2019 15:57:04 GMT
Content-Type: text/xml;charset=ISO-8859-1
Content-Length: 297
Connection: keep-alive
Vary: Accept-Encoding
Set-Cookie: JSESSIONID=b2ZvDQsY2M79-IDP7wPmnoYw.undefined; Path=/Formulario-Interno
X-CdnHost: ns10.colfuturo.org

&lt;soap:Envelope xmlns:soap=&quot;http://schemas.xmlsoap.org/soap/envelope/&quot;&gt;&lt;soap:Body&gt;&lt;ns1:crearFormularioPotencialResponse xmlns:ns1=&quot;http://www.colfuturo.org/potencial/ws/ServicioIntegracionPotencial&quot;&gt;&lt;return&gt;Creo formulario&lt;/return&gt;&lt;/ns1:crearFormularioPotencialResponse&gt;&lt;/soap:Body&gt;&lt;/soap:Envelope&gt;

11:02:27 161.18.58.60 desde:user/register preparando para almacenar usuario : 1026569288

11:02:27 161.18.58.60  conectando a : https://jboss2.colfuturo.org/Formulario-Interno/ServicioIntegracionPotencial?wsdl

11:02:27 161.18.58.60  enviando datos : {"numeroDocumento":"1026569288",
            "nombre":"Katherine",
            "apellido":"Briceño Guerrero",
            "email":"k.briceno1575@uniandes.edu.co",
            "fechaNacimiento":"02-02-2019",
            "ciudadResidencia":"Bogotá, Colombia",
            "genero":"F",
            "celular":"",
            "listaInteresAreaEstudio":["Administración y Negocios","Ciencias de la Salud","Ciencias Políticas y Relaciones Internacionales","Economía","Ingeniería"],
            "listaInteresIdioma":[""]}

11:02:27 161.18.58.60  respuesta HTTP/1.1 100 Continue

HTTP/1.1 200 OK
Server: nginx/1.14.0
Date: Sat, 02 Feb 2019 16:01:33 GMT
Content-Type: text/xml;charset=ISO-8859-1
Content-Length: 297
Connection: keep-alive
Vary: Accept-Encoding
Set-Cookie: JSESSIONID=NTS4Ugxp+m5A8sXK3zotCfXZ.undefined; Path=/Formulario-Interno
X-CdnHost: ns10.colfuturo.org

&lt;soap:Envelope xmlns:soap=&quot;http://schemas.xmlsoap.org/soap/envelope/&quot;&gt;&lt;soap:Body&gt;&lt;ns1:crearFormularioPotencialResponse xmlns:ns1=&quot;http://www.colfuturo.org/potencial/ws/ServicioIntegracionPotencial&quot;&gt;&lt;return&gt;Creo formulario&lt;/return&gt;&lt;/ns1:crearFormularioPotencialResponse&gt;&lt;/soap:Body&gt;&lt;/soap:Envelope&gt;

11:02:14 190.131.223.206 desde:user/register preparando para almacenar usuario : 1044920085

11:02:14 190.131.223.206  conectando a : https://jboss2.colfuturo.org/Formulario-Interno/ServicioIntegracionPotencial?wsdl

11:02:14 190.131.223.206  enviando datos : {"numeroDocumento":"1044920085",
            "nombre":"Luis Alfonso",
            "apellido":"Beltran Cotta",
            "email":"lbeltrancotta@gmail.com",
            "fechaNacimiento":"02-02-2019",
            "ciudadResidencia":"Cartagena, Bolívar, Colombia",
            "genero":"M",
            "celular":"",
            "listaInteresAreaEstudio":["Ciencias Agropecuarias y del Medio Ambiente","Ingeniería"],
            "listaInteresIdioma":[""]}

11:02:15 190.131.223.206  respuesta HTTP/1.1 100 Continue

HTTP/1.1 200 OK
Server: nginx/1.14.0
Date: Sat, 02 Feb 2019 16:13:20 GMT
Content-Type: text/xml;charset=ISO-8859-1
Content-Length: 297
Connection: keep-alive
Vary: Accept-Encoding
Set-Cookie: JSESSIONID=2-prOt76GBL6MZmFyh63xRs0.undefined; Path=/Formulario-Interno
X-CdnHost: ns10.colfuturo.org

&lt;soap:Envelope xmlns:soap=&quot;http://schemas.xmlsoap.org/soap/envelope/&quot;&gt;&lt;soap:Body&gt;&lt;ns1:crearFormularioPotencialResponse xmlns:ns1=&quot;http://www.colfuturo.org/potencial/ws/ServicioIntegracionPotencial&quot;&gt;&lt;return&gt;Creo formulario&lt;/return&gt;&lt;/ns1:crearFormularioPotencialResponse&gt;&lt;/soap:Body&gt;&lt;/soap:Envelope&gt;

11:02:16 186.83.157.68 desde:user/register preparando para almacenar usuario : 1098764945

11:02:16 186.83.157.68  conectando a : https://jboss2.colfuturo.org/Formulario-Interno/ServicioIntegracionPotencial?wsdl

11:02:16 186.83.157.68  enviando datos : {"numeroDocumento":"1098764945",
            "nombre":"María Fernanda",
            "apellido":"Sierra Mejía",
            "email":"msierra337@unab.edu.co",
            "fechaNacimiento":"02-02-2019",
            "ciudadResidencia":"Bucaramanga, Santander, Colombia",
            "genero":"F",
            "celular":"",
            "listaInteresAreaEstudio":["Educación"],
            "listaInteresIdioma":[""]}

11:02:17 186.83.157.68  respuesta HTTP/1.1 100 Continue

HTTP/1.1 200 OK
Server: nginx/1.14.0
Date: Sat, 02 Feb 2019 16:16:22 GMT
Content-Type: text/xml;charset=ISO-8859-1
Content-Length: 297
Connection: keep-alive
Vary: Accept-Encoding
Set-Cookie: JSESSIONID=tUHVo2Mq8wqmwVgn8RcOJg2b.undefined; Path=/Formulario-Interno
X-CdnHost: ns10.colfuturo.org

&lt;soap:Envelope xmlns:soap=&quot;http://schemas.xmlsoap.org/soap/envelope/&quot;&gt;&lt;soap:Body&gt;&lt;ns1:crearFormularioPotencialResponse xmlns:ns1=&quot;http://www.colfuturo.org/potencial/ws/ServicioIntegracionPotencial&quot;&gt;&lt;return&gt;Creo formulario&lt;/return&gt;&lt;/ns1:crearFormularioPotencialResponse&gt;&lt;/soap:Body&gt;&lt;/soap:Envelope&gt;

11:02:53 186.82.133.116 desde:user/register preparando para almacenar usuario : 79918239

11:02:53 186.82.133.116  conectando a : https://jboss2.colfuturo.org/Formulario-Interno/ServicioIntegracionPotencial?wsdl

11:02:53 186.82.133.116  enviando datos : {"numeroDocumento":"79918239",
            "nombre":"john Jairo",
            "apellido":"Vanegas Bobadilla",
            "email":"jjvanegas05@gmail.com",
            "fechaNacimiento":"02-02-2019",
            "ciudadResidencia":"Bogotá, Colombia",
            "genero":"M",
            "celular":"",
            "listaInteresAreaEstudio":["Administración y Negocios","Ingeniería"],
            "listaInteresIdioma":[""]}

11:02:54 186.82.133.116  respuesta HTTP/1.1 100 Continue

HTTP/1.1 200 OK
Server: nginx/1.14.0
Date: Sat, 02 Feb 2019 16:28:00 GMT
Content-Type: text/xml;charset=ISO-8859-1
Content-Length: 297
Connection: keep-alive
Vary: Accept-Encoding
Set-Cookie: JSESSIONID=gH1l+aYiz+1vp0qoLsEj6Q8V.undefined; Path=/Formulario-Interno
X-CdnHost: ns10.colfuturo.org

&lt;soap:Envelope xmlns:soap=&quot;http://schemas.xmlsoap.org/soap/envelope/&quot;&gt;&lt;soap:Body&gt;&lt;ns1:crearFormularioPotencialResponse xmlns:ns1=&quot;http://www.colfuturo.org/potencial/ws/ServicioIntegracionPotencial&quot;&gt;&lt;return&gt;Creo formulario&lt;/return&gt;&lt;/ns1:crearFormularioPotencialResponse&gt;&lt;/soap:Body&gt;&lt;/soap:Envelope&gt;

11:02:18 190.130.120.43 desde:user/register preparando para almacenar usuario : 1020779753

11:02:18 190.130.120.43  conectando a : https://jboss2.colfuturo.org/Formulario-Interno/ServicioIntegracionPotencial?wsdl

11:02:18 190.130.120.43  enviando datos : {"numeroDocumento":"1020779753",
            "nombre":"Juan Diego ",
            "apellido":"Santos Cárdenas",
            "email":"juandiegosantos4@gmail.com",
            "fechaNacimiento":"02-02-2019",
            "ciudadResidencia":"Bogotá, Colombia",
            "genero":"M",
            "celular":"",
            "listaInteresAreaEstudio":["Arquitectura y Diseño","Artes"],
            "listaInteresIdioma":[""]}

11:02:19 190.130.120.43  respuesta HTTP/1.1 100 Continue

HTTP/1.1 200 OK
Server: nginx/1.14.0
Date: Sat, 02 Feb 2019 16:37:24 GMT
Content-Type: text/xml;charset=ISO-8859-1
Content-Length: 297
Connection: keep-alive
Vary: Accept-Encoding
Set-Cookie: JSESSIONID=RBrQKQTvHa0nOslh-x7sx4Xu.undefined; Path=/Formulario-Interno
X-CdnHost: ns10.colfuturo.org

&lt;soap:Envelope xmlns:soap=&quot;http://schemas.xmlsoap.org/soap/envelope/&quot;&gt;&lt;soap:Body&gt;&lt;ns1:crearFormularioPotencialResponse xmlns:ns1=&quot;http://www.colfuturo.org/potencial/ws/ServicioIntegracionPotencial&quot;&gt;&lt;return&gt;Creo formulario&lt;/return&gt;&lt;/ns1:crearFormularioPotencialResponse&gt;&lt;/soap:Body&gt;&lt;/soap:Envelope&gt;

11:02:10 181.57.243.121 desde:user/register preparando para almacenar usuario : 1016062618

11:02:10 181.57.243.121  conectando a : https://jboss2.colfuturo.org/Formulario-Interno/ServicioIntegracionPotencial?wsdl

11:02:10 181.57.243.121  enviando datos : {"numeroDocumento":"1016062618",
            "nombre":"Jorleny Andrea",
            "apellido":"Gamboa Méndez ",
            "email":"agamboamendez@gmail.com",
            "fechaNacimiento":"02-02-2019",
            "ciudadResidencia":"Bogotá, Colombia",
            "genero":"F",
            "celular":"",
            "listaInteresAreaEstudio":["Administración y Negocios"],
            "listaInteresIdioma":["ingles"]}

11:02:11 181.57.243.121  respuesta HTTP/1.1 100 Continue

HTTP/1.1 200 OK
Server: nginx/1.14.0
Date: Sat, 02 Feb 2019 16:40:17 GMT
Content-Type: text/xml;charset=ISO-8859-1
Content-Length: 297
Connection: keep-alive
Vary: Accept-Encoding
Set-Cookie: JSESSIONID=DDQ+XgNQ9hCrjgyD1PhbnguY.undefined; Path=/Formulario-Interno
X-CdnHost: ns10.colfuturo.org

&lt;soap:Envelope xmlns:soap=&quot;http://schemas.xmlsoap.org/soap/envelope/&quot;&gt;&lt;soap:Body&gt;&lt;ns1:crearFormularioPotencialResponse xmlns:ns1=&quot;http://www.colfuturo.org/potencial/ws/ServicioIntegracionPotencial&quot;&gt;&lt;return&gt;Creo formulario&lt;/return&gt;&lt;/ns1:crearFormularioPotencialResponse&gt;&lt;/soap:Body&gt;&lt;/soap:Envelope&gt;

12:02:25 200.35.39.220 desde:user/register preparando para almacenar usuario : 1022123090

12:02:25 200.35.39.220  conectando a : https://jboss2.colfuturo.org/Formulario-Interno/ServicioIntegracionPotencial?wsdl

12:02:25 200.35.39.220  enviando datos : {"numeroDocumento":"1022123090",
            "nombre":"Luz Elena ",
            "apellido":"Quintero Murillo",
            "email":"mabelzujeily@gmail.com",
            "fechaNacimiento":"02-02-2019",
            "ciudadResidencia":"Medellín, Antioquia, Colombia",
            "genero":"M",
            "celular":"",
            "listaInteresAreaEstudio":["Ciencias Sociales"],
            "listaInteresIdioma":[""]}

12:02:26 200.35.39.220  respuesta HTTP/1.1 100 Continue

HTTP/1.1 200 OK
Server: nginx/1.14.0
Date: Sat, 02 Feb 2019 17:27:31 GMT
Content-Type: text/xml;charset=ISO-8859-1
Content-Length: 297
Connection: keep-alive
Vary: Accept-Encoding
Set-Cookie: JSESSIONID=LXfo+iR85tV6jFlmrBTdJ1Ic.undefined; Path=/Formulario-Interno
X-CdnHost: ns10.colfuturo.org

&lt;soap:Envelope xmlns:soap=&quot;http://schemas.xmlsoap.org/soap/envelope/&quot;&gt;&lt;soap:Body&gt;&lt;ns1:crearFormularioPotencialResponse xmlns:ns1=&quot;http://www.colfuturo.org/potencial/ws/ServicioIntegracionPotencial&quot;&gt;&lt;return&gt;Creo formulario&lt;/return&gt;&lt;/ns1:crearFormularioPotencialResponse&gt;&lt;/soap:Body&gt;&lt;/soap:Envelope&gt;

12:02:46 190.255.233.197 desde:user/register preparando para almacenar usuario : 1148703529

12:02:46 190.255.233.197  conectando a : https://jboss2.colfuturo.org/Formulario-Interno/ServicioIntegracionPotencial?wsdl

12:02:46 190.255.233.197  enviando datos : {"numeroDocumento":"1148703529",
            "nombre":"Wendy Vanessa ",
            "apellido":"Martinez Silva",
            "email":"wendyvanessamartinezsilva@gmail.com",
            "fechaNacimiento":"02-02-2019",
            "ciudadResidencia":"Arjona, Bolívar, Colombia",
            "genero":"F",
            "celular":"",
            "listaInteresAreaEstudio":["Ingeniería"],
            "listaInteresIdioma":[""]}

12:02:47 190.255.233.197  respuesta HTTP/1.1 100 Continue

HTTP/1.1 200 OK
Server: nginx/1.14.0
Date: Sat, 02 Feb 2019 17:27:52 GMT
Content-Type: text/xml;charset=ISO-8859-1
Content-Length: 297
Connection: keep-alive
Vary: Accept-Encoding
Set-Cookie: JSESSIONID=Gz+JImDv7roHdMIbaJtZbmBY.undefined; Path=/Formulario-Interno
X-CdnHost: ns10.colfuturo.org

&lt;soap:Envelope xmlns:soap=&quot;http://schemas.xmlsoap.org/soap/envelope/&quot;&gt;&lt;soap:Body&gt;&lt;ns1:crearFormularioPotencialResponse xmlns:ns1=&quot;http://www.colfuturo.org/potencial/ws/ServicioIntegracionPotencial&quot;&gt;&lt;return&gt;Creo formulario&lt;/return&gt;&lt;/ns1:crearFormularioPotencialResponse&gt;&lt;/soap:Body&gt;&lt;/soap:Envelope&gt;

12:02:51 186.80.241.72 desde:user/register preparando para almacenar usuario : 1020790312

12:02:51 186.80.241.72  conectando a : https://jboss2.colfuturo.org/Formulario-Interno/ServicioIntegracionPotencial?wsdl

12:02:51 186.80.241.72  enviando datos : {"numeroDocumento":"1020790312",
            "nombre":"Carlos",
            "apellido":"Ortegón",
            "email":"c.ortegonb@hotmail.com",
            "fechaNacimiento":"02-02-2019",
            "ciudadResidencia":"Bogotá, Colombia",
            "genero":"M",
            "celular":"",
            "listaInteresAreaEstudio":["Educación"],
            "listaInteresIdioma":[""]}

12:02:52 186.80.241.72  respuesta HTTP/1.1 100 Continue

HTTP/1.1 200 OK
Server: nginx/1.14.0
Date: Sat, 02 Feb 2019 17:31:58 GMT
Content-Type: text/xml;charset=ISO-8859-1
Content-Length: 297
Connection: keep-alive
Vary: Accept-Encoding
Set-Cookie: JSESSIONID=PHP89wV8tMgjsHpWumGB6Ho2.undefined; Path=/Formulario-Interno
X-CdnHost: ns10.colfuturo.org

&lt;soap:Envelope xmlns:soap=&quot;http://schemas.xmlsoap.org/soap/envelope/&quot;&gt;&lt;soap:Body&gt;&lt;ns1:crearFormularioPotencialResponse xmlns:ns1=&quot;http://www.colfuturo.org/potencial/ws/ServicioIntegracionPotencial&quot;&gt;&lt;return&gt;Creo formulario&lt;/return&gt;&lt;/ns1:crearFormularioPotencialResponse&gt;&lt;/soap:Body&gt;&lt;/soap:Envelope&gt;

12:02:38 201.245.162.114 desde:user/register preparando para almacenar usuario : 7307770

12:02:38 201.245.162.114  conectando a : https://jboss2.colfuturo.org/Formulario-Interno/ServicioIntegracionPotencial?wsdl

12:02:38 201.245.162.114  enviando datos : {"numeroDocumento":"7307770",
            "nombre":"luis eduardo",
            "apellido":"peña reyes",
            "email":"luiseduardopenare@hotmail.com",
            "fechaNacimiento":"02-02-2019",
            "ciudadResidencia":"Bogotá, Colombia",
            "genero":"M",
            "celular":"",
            "listaInteresAreaEstudio":[""],
            "listaInteresIdioma":["ingles"]}

12:02:39 201.245.162.114  respuesta HTTP/1.1 100 Continue

HTTP/1.1 200 OK
Server: nginx/1.14.0
Date: Sat, 02 Feb 2019 17:57:44 GMT
Content-Type: text/xml;charset=ISO-8859-1
Content-Length: 297
Connection: keep-alive
Vary: Accept-Encoding
Set-Cookie: JSESSIONID=XL2blsqa5k-XC0tQAMersA7r.undefined; Path=/Formulario-Interno
X-CdnHost: ns10.colfuturo.org

&lt;soap:Envelope xmlns:soap=&quot;http://schemas.xmlsoap.org/soap/envelope/&quot;&gt;&lt;soap:Body&gt;&lt;ns1:crearFormularioPotencialResponse xmlns:ns1=&quot;http://www.colfuturo.org/potencial/ws/ServicioIntegracionPotencial&quot;&gt;&lt;return&gt;Creo formulario&lt;/return&gt;&lt;/ns1:crearFormularioPotencialResponse&gt;&lt;/soap:Body&gt;&lt;/soap:Envelope&gt;

01:02:14 186.113.67.157 desde:user/253791 preparando para almacenar usuario : 1148703529

01:02:14 186.113.67.157  conectando a : https://jboss2.colfuturo.org/Formulario-Interno/ServicioIntegracionPotencial?wsdl

01:02:14 186.113.67.157  enviando datos : {"numeroDocumento":"1148703529",
            "nombre":"Wendy Vanessa ",
            "apellido":"Martinez Silva",
            "email":"wendyvanessamartinezsilva@gmail.com",
            "fechaNacimiento":"02-02-2019",
            "ciudadResidencia":"Arjona, Bolívar, Colombia",
            "genero":"F",
            "celular":"",
            "listaInteresAreaEstudio":["Ingeniería"],
            "listaInteresIdioma":[""]}

01:02:14 186.113.67.157  respuesta HTTP/1.1 100 Continue

HTTP/1.1 200 OK
Server: nginx/1.14.0
Date: Sat, 02 Feb 2019 18:01:20 GMT
Content-Type: text/xml;charset=ISO-8859-1
Content-Length: 301
Connection: keep-alive
Vary: Accept-Encoding
Set-Cookie: JSESSIONID=juOCQ8bT04f42QYTsxAfIEZV.undefined; Path=/Formulario-Interno
X-CdnHost: ns10.colfuturo.org

&lt;soap:Envelope xmlns:soap=&quot;http://schemas.xmlsoap.org/soap/envelope/&quot;&gt;&lt;soap:Body&gt;&lt;ns1:crearFormularioPotencialResponse xmlns:ns1=&quot;http://www.colfuturo.org/potencial/ws/ServicioIntegracionPotencial&quot;&gt;&lt;return&gt;Encontro formulario&lt;/return&gt;&lt;/ns1:crearFormularioPotencialResponse&gt;&lt;/soap:Body&gt;&lt;/soap:Envelope&gt;

01:02:10 190.24.116.6 desde:user/register preparando para almacenar usuario : 1016101568

01:02:10 190.24.116.6  conectando a : https://jboss2.colfuturo.org/Formulario-Interno/ServicioIntegracionPotencial?wsdl

01:02:10 190.24.116.6  enviando datos : {"numeroDocumento":"1016101568",
            "nombre":"Esmid Carolina",
            "apellido":"Carvajal Palencia",
            "email":"Esmidcarvajal04@gmail.com",
            "fechaNacimiento":"02-02-2019",
            "ciudadResidencia":"Bogotá, Colombia",
            "genero":"F",
            "celular":"",
            "listaInteresAreaEstudio":["Administración y Negocios","Artes","Ciencias Políticas y Relaciones Internacionales","Ciencias Sociales","Educación"],
            "listaInteresIdioma":["ingles","frances"]}

01:02:10 190.24.116.6  respuesta HTTP/1.1 100 Continue

HTTP/1.1 200 OK
Server: nginx/1.14.0
Date: Sat, 02 Feb 2019 18:10:16 GMT
Content-Type: text/xml;charset=ISO-8859-1
Content-Length: 297
Connection: keep-alive
Vary: Accept-Encoding
Set-Cookie: JSESSIONID=cncslIrSv7NxSD1xYWx8oW50.undefined; Path=/Formulario-Interno
X-CdnHost: ns10.colfuturo.org

&lt;soap:Envelope xmlns:soap=&quot;http://schemas.xmlsoap.org/soap/envelope/&quot;&gt;&lt;soap:Body&gt;&lt;ns1:crearFormularioPotencialResponse xmlns:ns1=&quot;http://www.colfuturo.org/potencial/ws/ServicioIntegracionPotencial&quot;&gt;&lt;return&gt;Creo formulario&lt;/return&gt;&lt;/ns1:crearFormularioPotencialResponse&gt;&lt;/soap:Body&gt;&lt;/soap:Envelope&gt;

01:02:19 186.151.83.88 desde:user/register preparando para almacenar usuario : 1018481756

01:02:19 186.151.83.88  conectando a : https://jboss2.colfuturo.org/Formulario-Interno/ServicioIntegracionPotencial?wsdl

01:02:19 186.151.83.88  enviando datos : {"numeroDocumento":"1018481756",
            "nombre":"Estefania",
            "apellido":"Perez Cuellar",
            "email":"estefa.perezcg@gmail.com",
            "fechaNacimiento":"02-02-2019",
            "ciudadResidencia":"Bogotá, Colombia",
            "genero":"F",
            "celular":"",
            "listaInteresAreaEstudio":["Ciencias Políticas y Relaciones Internacionales"],
            "listaInteresIdioma":[""]}

01:02:20 186.151.83.88  respuesta HTTP/1.1 100 Continue

HTTP/1.1 200 OK
Server: nginx/1.14.0
Date: Sat, 02 Feb 2019 18:21:26 GMT
Content-Type: text/xml;charset=ISO-8859-1
Content-Length: 297
Connection: keep-alive
Vary: Accept-Encoding
Set-Cookie: JSESSIONID=ei-PkekL3ziaO1Sa4f0oklYh.undefined; Path=/Formulario-Interno
X-CdnHost: ns10.colfuturo.org

&lt;soap:Envelope xmlns:soap=&quot;http://schemas.xmlsoap.org/soap/envelope/&quot;&gt;&lt;soap:Body&gt;&lt;ns1:crearFormularioPotencialResponse xmlns:ns1=&quot;http://www.colfuturo.org/potencial/ws/ServicioIntegracionPotencial&quot;&gt;&lt;return&gt;Creo formulario&lt;/return&gt;&lt;/ns1:crearFormularioPotencialResponse&gt;&lt;/soap:Body&gt;&lt;/soap:Envelope&gt;

01:02:40 191.110.186.29 desde:user/253321 preparando para almacenar usuario : 38210387

01:02:40 191.110.186.29  conectando a : https://jboss2.colfuturo.org/Formulario-Interno/ServicioIntegracionPotencial?wsdl

01:02:40 191.110.186.29  enviando datos : {"numeroDocumento":"38210387",
            "nombre":"Catalina ",
            "apellido":"Galeano Medina",
            "email":"catagaleanom@gmail.com",
            "fechaNacimiento":"02-02-2019",
            "ciudadResidencia":"Neiva, Huila, Colombia",
            "genero":"F",
            "celular":"",
            "listaInteresAreaEstudio":["Ingeniería"],
            "listaInteresIdioma":["ingles","frances"]}

01:02:41 191.110.186.29  respuesta HTTP/1.1 100 Continue

HTTP/1.1 200 OK
Server: nginx/1.14.0
Date: Sat, 02 Feb 2019 18:40:46 GMT
Content-Type: text/xml;charset=ISO-8859-1
Content-Length: 301
Connection: keep-alive
Vary: Accept-Encoding
Set-Cookie: JSESSIONID=PmuCXXG8PosB1ct-bbRj0nSQ.undefined; Path=/Formulario-Interno
X-CdnHost: ns10.colfuturo.org

&lt;soap:Envelope xmlns:soap=&quot;http://schemas.xmlsoap.org/soap/envelope/&quot;&gt;&lt;soap:Body&gt;&lt;ns1:crearFormularioPotencialResponse xmlns:ns1=&quot;http://www.colfuturo.org/potencial/ws/ServicioIntegracionPotencial&quot;&gt;&lt;return&gt;Encontro formulario&lt;/return&gt;&lt;/ns1:crearFormularioPotencialResponse&gt;&lt;/soap:Body&gt;&lt;/soap:Envelope&gt;

01:02:29 85.136.38.9 desde:user/register preparando para almacenar usuario : 1013584349

01:02:29 85.136.38.9  conectando a : https://jboss2.colfuturo.org/Formulario-Interno/ServicioIntegracionPotencial?wsdl

01:02:29 85.136.38.9  enviando datos : {"numeroDocumento":"1013584349",
            "nombre":"Julio Omar",
            "apellido":"Palacio Niño",
            "email":"ingpalacio@gmail.com",
            "fechaNacimiento":"02-02-2019",
            "ciudadResidencia":"Bogotá, Colombia",
            "genero":"M",
            "celular":"",
            "listaInteresAreaEstudio":["Ingeniería"],
            "listaInteresIdioma":[""]}

01:02:30 85.136.38.9  respuesta HTTP/1.1 100 Continue

HTTP/1.1 200 OK
Server: nginx/1.14.0
Date: Sat, 02 Feb 2019 18:47:35 GMT
Content-Type: text/xml;charset=ISO-8859-1
Content-Length: 297
Connection: keep-alive
Vary: Accept-Encoding
Set-Cookie: JSESSIONID=Yxiar5MXGVdwEhlAxDgGSTXL.undefined; Path=/Formulario-Interno
X-CdnHost: ns10.colfuturo.org

&lt;soap:Envelope xmlns:soap=&quot;http://schemas.xmlsoap.org/soap/envelope/&quot;&gt;&lt;soap:Body&gt;&lt;ns1:crearFormularioPotencialResponse xmlns:ns1=&quot;http://www.colfuturo.org/potencial/ws/ServicioIntegracionPotencial&quot;&gt;&lt;return&gt;Creo formulario&lt;/return&gt;&lt;/ns1:crearFormularioPotencialResponse&gt;&lt;/soap:Body&gt;&lt;/soap:Envelope&gt;

01:02:40 181.234.229.207 desde:user/register preparando para almacenar usuario : 1015444010

01:02:40 181.234.229.207  conectando a : https://jboss2.colfuturo.org/Formulario-Interno/ServicioIntegracionPotencial?wsdl

01:02:40 181.234.229.207  enviando datos : {"numeroDocumento":"1015444010",
            "nombre":"Camilo Andrés",
            "apellido":"Carvajal Ortega",
            "email":"camilo.carvajal94@outlook.com",
            "fechaNacimiento":"02-02-2019",
            "ciudadResidencia":"Bogotá, Colombia",
            "genero":"M",
            "celular":"",
            "listaInteresAreaEstudio":["Arquitectura y Diseño"],
            "listaInteresIdioma":[""]}

01:02:41 181.234.229.207  respuesta HTTP/1.1 100 Continue

HTTP/1.1 200 OK
Server: nginx/1.14.0
Date: Sat, 02 Feb 2019 18:53:47 GMT
Content-Type: text/xml;charset=ISO-8859-1
Content-Length: 297
Connection: keep-alive
Vary: Accept-Encoding
Set-Cookie: JSESSIONID=n8KuSMiKnXZVDFso+MSCQ2+K.undefined; Path=/Formulario-Interno
X-CdnHost: ns10.colfuturo.org

&lt;soap:Envelope xmlns:soap=&quot;http://schemas.xmlsoap.org/soap/envelope/&quot;&gt;&lt;soap:Body&gt;&lt;ns1:crearFormularioPotencialResponse xmlns:ns1=&quot;http://www.colfuturo.org/potencial/ws/ServicioIntegracionPotencial&quot;&gt;&lt;return&gt;Creo formulario&lt;/return&gt;&lt;/ns1:crearFormularioPotencialResponse&gt;&lt;/soap:Body&gt;&lt;/soap:Envelope&gt;

02:02:28 179.18.59.200 desde:user/register preparando para almacenar usuario : 1010177536

02:02:28 179.18.59.200  conectando a : https://jboss2.colfuturo.org/Formulario-Interno/ServicioIntegracionPotencial?wsdl

02:02:28 179.18.59.200  enviando datos : {"numeroDocumento":"1010177536",
            "nombre":"Jenny Andrea",
            "apellido":"Mendieta Rojas",
            "email":"mrj.andrea@gmail.com",
            "fechaNacimiento":"02-02-2019",
            "ciudadResidencia":"Bogotá, Colombia",
            "genero":"F",
            "celular":"",
            "listaInteresAreaEstudio":[""],
            "listaInteresIdioma":["ingles","frances"]}

02:02:29 179.18.59.200  respuesta HTTP/1.1 100 Continue

HTTP/1.1 200 OK
Server: nginx/1.14.0
Date: Sat, 02 Feb 2019 19:04:35 GMT
Content-Type: text/xml;charset=ISO-8859-1
Content-Length: 297
Connection: keep-alive
Vary: Accept-Encoding
Set-Cookie: JSESSIONID=K+zXpxrSSe5OqYPFz4IZIppX.undefined; Path=/Formulario-Interno
X-CdnHost: ns10.colfuturo.org

&lt;soap:Envelope xmlns:soap=&quot;http://schemas.xmlsoap.org/soap/envelope/&quot;&gt;&lt;soap:Body&gt;&lt;ns1:crearFormularioPotencialResponse xmlns:ns1=&quot;http://www.colfuturo.org/potencial/ws/ServicioIntegracionPotencial&quot;&gt;&lt;return&gt;Creo formulario&lt;/return&gt;&lt;/ns1:crearFormularioPotencialResponse&gt;&lt;/soap:Body&gt;&lt;/soap:Envelope&gt;

02:02:40 190.146.82.194 desde:user/register preparando para almacenar usuario : 1019112005

02:02:40 190.146.82.194  conectando a : https://jboss2.colfuturo.org/Formulario-Interno/ServicioIntegracionPotencial?wsdl

02:02:40 190.146.82.194  enviando datos : {"numeroDocumento":"1019112005",
            "nombre":"david alejandro",
            "apellido":"Villalobos Giraldo",
            "email":"dvillalobosgiraldo@gmail.com",
            "fechaNacimiento":"02-02-2019",
            "ciudadResidencia":"Bogotá, Colombia",
            "genero":"M",
            "celular":"",
            "listaInteresAreaEstudio":[""],
            "listaInteresIdioma":["ingles"]}

02:02:40 190.146.82.194  respuesta HTTP/1.1 100 Continue

HTTP/1.1 200 OK
Server: nginx/1.14.0
Date: Sat, 02 Feb 2019 19:06:46 GMT
Content-Type: text/xml;charset=ISO-8859-1
Content-Length: 297
Connection: keep-alive
Vary: Accept-Encoding
Set-Cookie: JSESSIONID=Mgr5QVZcCQejUJPuk6MlELWG.undefined; Path=/Formulario-Interno
X-CdnHost: ns10.colfuturo.org

&lt;soap:Envelope xmlns:soap=&quot;http://schemas.xmlsoap.org/soap/envelope/&quot;&gt;&lt;soap:Body&gt;&lt;ns1:crearFormularioPotencialResponse xmlns:ns1=&quot;http://www.colfuturo.org/potencial/ws/ServicioIntegracionPotencial&quot;&gt;&lt;return&gt;Creo formulario&lt;/return&gt;&lt;/ns1:crearFormularioPotencialResponse&gt;&lt;/soap:Body&gt;&lt;/soap:Envelope&gt;

02:02:48 181.49.92.114 desde:user/register preparando para almacenar usuario : 1036662396

02:02:48 181.49.92.114  conectando a : https://jboss2.colfuturo.org/Formulario-Interno/ServicioIntegracionPotencial?wsdl

02:02:48 181.49.92.114  enviando datos : {"numeroDocumento":"1036662396",
            "nombre":"Karla Michela ",
            "apellido":"Rodríguez Romaña",
            "email":"karlarodriguez0395@hotmail.com",
            "fechaNacimiento":"02-02-2019",
            "ciudadResidencia":"Itagüi, Antioquia, Colombia",
            "genero":"F",
            "celular":"",
            "listaInteresAreaEstudio":["Artes","Ciencias Sociales","Educación"],
            "listaInteresIdioma":["frances"]}

02:02:49 181.49.92.114  respuesta HTTP/1.1 100 Continue

HTTP/1.1 200 OK
Server: nginx/1.14.0
Date: Sat, 02 Feb 2019 19:17:54 GMT
Content-Type: text/xml;charset=ISO-8859-1
Content-Length: 297
Connection: keep-alive
Vary: Accept-Encoding
Set-Cookie: JSESSIONID=wrUiRHoXcTc73tNzoEZwPPmU.undefined; Path=/Formulario-Interno
X-CdnHost: ns10.colfuturo.org

&lt;soap:Envelope xmlns:soap=&quot;http://schemas.xmlsoap.org/soap/envelope/&quot;&gt;&lt;soap:Body&gt;&lt;ns1:crearFormularioPotencialResponse xmlns:ns1=&quot;http://www.colfuturo.org/potencial/ws/ServicioIntegracionPotencial&quot;&gt;&lt;return&gt;Creo formulario&lt;/return&gt;&lt;/ns1:crearFormularioPotencialResponse&gt;&lt;/soap:Body&gt;&lt;/soap:Envelope&gt;

03:02:29 186.29.178.190 desde:user/register preparando para almacenar usuario : 80089409

03:02:29 186.29.178.190  conectando a : https://jboss2.colfuturo.org/Formulario-Interno/ServicioIntegracionPotencial?wsdl

03:02:29 186.29.178.190  enviando datos : {"numeroDocumento":"80089409",
            "nombre":"Juan Ricardo",
            "apellido":"Forero Moncada",
            "email":"juanforeromusic@gmail.com",
            "fechaNacimiento":"02-02-2019",
            "ciudadResidencia":"Bogotá, Colombia",
            "genero":"M",
            "celular":"",
            "listaInteresAreaEstudio":["Artes"],
            "listaInteresIdioma":[""]}

03:02:29 186.29.178.190  respuesta HTTP/1.1 100 Continue

HTTP/1.1 200 OK
Server: nginx/1.14.0
Date: Sat, 02 Feb 2019 19:59:35 GMT
Content-Type: text/xml;charset=ISO-8859-1
Content-Length: 297
Connection: keep-alive
Vary: Accept-Encoding
Set-Cookie: JSESSIONID=FmpS5+ncWagvj+mrcEsJnLNI.undefined; Path=/Formulario-Interno
X-CdnHost: ns10.colfuturo.org

&lt;soap:Envelope xmlns:soap=&quot;http://schemas.xmlsoap.org/soap/envelope/&quot;&gt;&lt;soap:Body&gt;&lt;ns1:crearFormularioPotencialResponse xmlns:ns1=&quot;http://www.colfuturo.org/potencial/ws/ServicioIntegracionPotencial&quot;&gt;&lt;return&gt;Creo formulario&lt;/return&gt;&lt;/ns1:crearFormularioPotencialResponse&gt;&lt;/soap:Body&gt;&lt;/soap:Envelope&gt;

03:02:45 186.155.16.226 desde:user/register preparando para almacenar usuario : 1022389473

03:02:45 186.155.16.226  conectando a : https://jboss2.colfuturo.org/Formulario-Interno/ServicioIntegracionPotencial?wsdl

03:02:45 186.155.16.226  enviando datos : {"numeroDocumento":"1022389473",
            "nombre":"Estefania",
            "apellido":"Bonilla Luque",
            "email":"estefana.bonilla.l11@gmail.com",
            "fechaNacimiento":"02-02-2019",
            "ciudadResidencia":"Sibaté, Cundinamarca, Colombia",
            "genero":"F",
            "celular":"",
            "listaInteresAreaEstudio":["Derecho"],
            "listaInteresIdioma":["ingles"]}

03:02:46 186.155.16.226  respuesta HTTP/1.1 100 Continue

HTTP/1.1 200 OK
Server: nginx/1.14.0
Date: Sat, 02 Feb 2019 20:07:52 GMT
Content-Type: text/xml;charset=ISO-8859-1
Content-Length: 297
Connection: keep-alive
Vary: Accept-Encoding
Set-Cookie: JSESSIONID=VbjQy+jcE32QfsdKj6iuKvP0.undefined; Path=/Formulario-Interno
X-CdnHost: ns10.colfuturo.org

&lt;soap:Envelope xmlns:soap=&quot;http://schemas.xmlsoap.org/soap/envelope/&quot;&gt;&lt;soap:Body&gt;&lt;ns1:crearFormularioPotencialResponse xmlns:ns1=&quot;http://www.colfuturo.org/potencial/ws/ServicioIntegracionPotencial&quot;&gt;&lt;return&gt;Creo formulario&lt;/return&gt;&lt;/ns1:crearFormularioPotencialResponse&gt;&lt;/soap:Body&gt;&lt;/soap:Envelope&gt;

03:02:00 190.25.99.23 desde:user/register preparando para almacenar usuario : 1032466870

03:02:00 190.25.99.23  conectando a : https://jboss2.colfuturo.org/Formulario-Interno/ServicioIntegracionPotencial?wsdl

03:02:00 190.25.99.23  enviando datos : {"numeroDocumento":"1032466870",
            "nombre":"Emilia Alejandra ",
            "apellido":"Morales Camacho ",
            "email":"emmoralesc94@gmail.com",
            "fechaNacimiento":"02-02-2019",
            "ciudadResidencia":"Bogotá, Colombia",
            "genero":"F",
            "celular":"",
            "listaInteresAreaEstudio":["Artes","Ciencias Políticas y Relaciones Internacionales","Ciencias Sociales"],
            "listaInteresIdioma":["ingles","frances"]}

03:02:01 190.25.99.23  respuesta HTTP/1.1 100 Continue

HTTP/1.1 200 OK
Server: nginx/1.14.0
Date: Sat, 02 Feb 2019 20:17:07 GMT
Content-Type: text/xml;charset=ISO-8859-1
Content-Length: 297
Connection: keep-alive
Vary: Accept-Encoding
Set-Cookie: JSESSIONID=zkEeIWlN3j5kO3PSJ-D3UXg1.undefined; Path=/Formulario-Interno
X-CdnHost: ns10.colfuturo.org

&lt;soap:Envelope xmlns:soap=&quot;http://schemas.xmlsoap.org/soap/envelope/&quot;&gt;&lt;soap:Body&gt;&lt;ns1:crearFormularioPotencialResponse xmlns:ns1=&quot;http://www.colfuturo.org/potencial/ws/ServicioIntegracionPotencial&quot;&gt;&lt;return&gt;Creo formulario&lt;/return&gt;&lt;/ns1:crearFormularioPotencialResponse&gt;&lt;/soap:Body&gt;&lt;/soap:Envelope&gt;

03:02:27 186.145.180.18 desde:user/register preparando para almacenar usuario : 1152447817

03:02:27 186.145.180.18  conectando a : https://jboss2.colfuturo.org/Formulario-Interno/ServicioIntegracionPotencial?wsdl

03:02:27 186.145.180.18  enviando datos : {"numeroDocumento":"1152447817",
            "nombre":"Marcela",
            "apellido":"Gomez Gonalez",
            "email":"marcegomez127@gmail.com",
            "fechaNacimiento":"02-02-2019",
            "ciudadResidencia":"Medellín, Antioquia, Colombia",
            "genero":"F",
            "celular":"",
            "listaInteresAreaEstudio":["Ciencias Agropecuarias y del Medio Ambiente","Ciencias Básicas","Ciencias de la Salud"],
            "listaInteresIdioma":[""]}

03:02:28 186.145.180.18  respuesta HTTP/1.1 100 Continue

HTTP/1.1 200 OK
Server: nginx/1.14.0
Date: Sat, 02 Feb 2019 20:17:33 GMT
Content-Type: text/xml;charset=ISO-8859-1
Content-Length: 297
Connection: keep-alive
Vary: Accept-Encoding
Set-Cookie: JSESSIONID=Q-kGeJFKKvYL7WaNCPqYfnFN.undefined; Path=/Formulario-Interno
X-CdnHost: ns10.colfuturo.org

&lt;soap:Envelope xmlns:soap=&quot;http://schemas.xmlsoap.org/soap/envelope/&quot;&gt;&lt;soap:Body&gt;&lt;ns1:crearFormularioPotencialResponse xmlns:ns1=&quot;http://www.colfuturo.org/potencial/ws/ServicioIntegracionPotencial&quot;&gt;&lt;return&gt;Creo formulario&lt;/return&gt;&lt;/ns1:crearFormularioPotencialResponse&gt;&lt;/soap:Body&gt;&lt;/soap:Envelope&gt;

03:02:54 186.28.38.114 desde:user/register preparando para almacenar usuario : 1020726156

03:02:54 186.28.38.114  conectando a : https://jboss2.colfuturo.org/Formulario-Interno/ServicioIntegracionPotencial?wsdl

03:02:54 186.28.38.114  enviando datos : {"numeroDocumento":"1020726156",
            "nombre":"Santiago",
            "apellido":"Lara Machado",
            "email":"santiagolara99@gmail.com",
            "fechaNacimiento":"02-02-2019",
            "ciudadResidencia":"Bogotá, Colombia",
            "genero":"M",
            "celular":"",
            "listaInteresAreaEstudio":["Administración y Negocios","Ingeniería"],
            "listaInteresIdioma":[""]}

03:02:54 186.28.38.114  respuesta HTTP/1.1 100 Continue

HTTP/1.1 200 OK
Server: nginx/1.14.0
Date: Sat, 02 Feb 2019 20:48:00 GMT
Content-Type: text/xml;charset=ISO-8859-1
Content-Length: 297
Connection: keep-alive
Vary: Accept-Encoding
Set-Cookie: JSESSIONID=EIs0zblZ0GtLtMfbXctwEpvI.undefined; Path=/Formulario-Interno
X-CdnHost: ns10.colfuturo.org

&lt;soap:Envelope xmlns:soap=&quot;http://schemas.xmlsoap.org/soap/envelope/&quot;&gt;&lt;soap:Body&gt;&lt;ns1:crearFormularioPotencialResponse xmlns:ns1=&quot;http://www.colfuturo.org/potencial/ws/ServicioIntegracionPotencial&quot;&gt;&lt;return&gt;Creo formulario&lt;/return&gt;&lt;/ns1:crearFormularioPotencialResponse&gt;&lt;/soap:Body&gt;&lt;/soap:Envelope&gt;

04:02:50 181.49.90.173 desde:user/register preparando para almacenar usuario : 1140846505

04:02:50 181.49.90.173  conectando a : https://jboss2.colfuturo.org/Formulario-Interno/ServicioIntegracionPotencial?wsdl

04:02:50 181.49.90.173  enviando datos : {"numeroDocumento":"1140846505",
            "nombre":"Stephanie",
            "apellido":"Gonzalez",
            "email":"blackdahlia901@hotmail.com",
            "fechaNacimiento":"02-02-2019",
            "ciudadResidencia":"Barranquilla, Atlántico, Colombia",
            "genero":"F",
            "celular":"",
            "listaInteresAreaEstudio":["Educación"],
            "listaInteresIdioma":["frances"]}

04:02:51 181.49.90.173  respuesta HTTP/1.1 100 Continue

HTTP/1.1 200 OK
Server: nginx/1.14.0
Date: Sat, 02 Feb 2019 21:09:57 GMT
Content-Type: text/xml;charset=ISO-8859-1
Content-Length: 297
Connection: keep-alive
Vary: Accept-Encoding
Set-Cookie: JSESSIONID=FJEpbyS4L7Y3MKHQsL+XkCSo.undefined; Path=/Formulario-Interno
X-CdnHost: ns10.colfuturo.org

&lt;soap:Envelope xmlns:soap=&quot;http://schemas.xmlsoap.org/soap/envelope/&quot;&gt;&lt;soap:Body&gt;&lt;ns1:crearFormularioPotencialResponse xmlns:ns1=&quot;http://www.colfuturo.org/potencial/ws/ServicioIntegracionPotencial&quot;&gt;&lt;return&gt;Creo formulario&lt;/return&gt;&lt;/ns1:crearFormularioPotencialResponse&gt;&lt;/soap:Body&gt;&lt;/soap:Envelope&gt;

04:02:27 186.113.112.138 desde:user/register preparando para almacenar usuario : 1107052998

04:02:27 186.113.112.138  conectando a : https://jboss2.colfuturo.org/Formulario-Interno/ServicioIntegracionPotencial?wsdl

04:02:27 186.113.112.138  enviando datos : {"numeroDocumento":"1107052998",
            "nombre":"Maria Isabel",
            "apellido":"Arbelaez Tenorio",
            "email":"mariath6@hotmail.com",
            "fechaNacimiento":"02-02-2019",
            "ciudadResidencia":"Bogotá, Colombia",
            "genero":"F",
            "celular":"",
            "listaInteresAreaEstudio":["Administración y Negocios"],
            "listaInteresIdioma":[""]}

04:02:28 186.113.112.138  respuesta HTTP/1.1 100 Continue

HTTP/1.1 200 OK
Server: nginx/1.14.0
Date: Sat, 02 Feb 2019 21:11:33 GMT
Content-Type: text/xml;charset=ISO-8859-1
Content-Length: 297
Connection: keep-alive
Vary: Accept-Encoding
Set-Cookie: JSESSIONID=AU38uEEMpRszScffanARug+8.undefined; Path=/Formulario-Interno
X-CdnHost: ns10.colfuturo.org

&lt;soap:Envelope xmlns:soap=&quot;http://schemas.xmlsoap.org/soap/envelope/&quot;&gt;&lt;soap:Body&gt;&lt;ns1:crearFormularioPotencialResponse xmlns:ns1=&quot;http://www.colfuturo.org/potencial/ws/ServicioIntegracionPotencial&quot;&gt;&lt;return&gt;Creo formulario&lt;/return&gt;&lt;/ns1:crearFormularioPotencialResponse&gt;&lt;/soap:Body&gt;&lt;/soap:Envelope&gt;

04:02:22 186.86.32.144 desde:user/register preparando para almacenar usuario : 1016037004

04:02:22 186.86.32.144  conectando a : https://jboss2.colfuturo.org/Formulario-Interno/ServicioIntegracionPotencial?wsdl

04:02:22 186.86.32.144  enviando datos : {"numeroDocumento":"1016037004",
            "nombre":"Briyid Paola ",
            "apellido":"Rico Marciales",
            "email":"paola.ricco.m@gmail.com",
            "fechaNacimiento":"02-02-2019",
            "ciudadResidencia":"Bogotá, Colombia",
            "genero":"F",
            "celular":"",
            "listaInteresAreaEstudio":["Derecho"],
            "listaInteresIdioma":[""]}

04:02:23 186.86.32.144  respuesta HTTP/1.1 100 Continue

HTTP/1.1 200 OK
Server: nginx/1.14.0
Date: Sat, 02 Feb 2019 21:19:28 GMT
Content-Type: text/xml;charset=ISO-8859-1
Content-Length: 297
Connection: keep-alive
Vary: Accept-Encoding
Set-Cookie: JSESSIONID=jlTYv-S6eyJj7UseFQgvsuSa.undefined; Path=/Formulario-Interno
X-CdnHost: ns10.colfuturo.org

&lt;soap:Envelope xmlns:soap=&quot;http://schemas.xmlsoap.org/soap/envelope/&quot;&gt;&lt;soap:Body&gt;&lt;ns1:crearFormularioPotencialResponse xmlns:ns1=&quot;http://www.colfuturo.org/potencial/ws/ServicioIntegracionPotencial&quot;&gt;&lt;return&gt;Creo formulario&lt;/return&gt;&lt;/ns1:crearFormularioPotencialResponse&gt;&lt;/soap:Body&gt;&lt;/soap:Envelope&gt;

04:02:45 190.157.204.151 desde:user/register preparando para almacenar usuario : 1018445930

04:02:45 190.157.204.151  conectando a : https://jboss2.colfuturo.org/Formulario-Interno/ServicioIntegracionPotencial?wsdl

04:02:45 190.157.204.151  enviando datos : {"numeroDocumento":"1018445930",
            "nombre":"Andres Felipe",
            "apellido":"Gomez Rojas",
            "email":"Not.AndresG@gmail.com",
            "fechaNacimiento":"02-02-2019",
            "ciudadResidencia":"Bogotá, Colombia",
            "genero":"M",
            "celular":"",
            "listaInteresAreaEstudio":["Ciencias Básicas","Ingeniería"],
            "listaInteresIdioma":[""]}

04:02:45 190.157.204.151  respuesta HTTP/1.1 100 Continue

HTTP/1.1 200 OK
Server: nginx/1.14.0
Date: Sat, 02 Feb 2019 21:20:51 GMT
Content-Type: text/xml;charset=ISO-8859-1
Content-Length: 297
Connection: keep-alive
Vary: Accept-Encoding
Set-Cookie: JSESSIONID=fCbT6GjEndlqnnc7pSuXEeef.undefined; Path=/Formulario-Interno
X-CdnHost: ns10.colfuturo.org

&lt;soap:Envelope xmlns:soap=&quot;http://schemas.xmlsoap.org/soap/envelope/&quot;&gt;&lt;soap:Body&gt;&lt;ns1:crearFormularioPotencialResponse xmlns:ns1=&quot;http://www.colfuturo.org/potencial/ws/ServicioIntegracionPotencial&quot;&gt;&lt;return&gt;Creo formulario&lt;/return&gt;&lt;/ns1:crearFormularioPotencialResponse&gt;&lt;/soap:Body&gt;&lt;/soap:Envelope&gt;

04:02:07 181.49.95.3 desde:user/register preparando para almacenar usuario : 1079913740

04:02:07 181.49.95.3  conectando a : https://jboss2.colfuturo.org/Formulario-Interno/ServicioIntegracionPotencial?wsdl

04:02:07 181.49.95.3  enviando datos : {"numeroDocumento":"1079913740",
            "nombre":"Jorge Andres ",
            "apellido":"Gomez Montenegro",
            "email":"Ing.jorgegomez302@hotmail.com",
            "fechaNacimiento":"02-02-2019",
            "ciudadResidencia":"Barranquilla, Atlántico, Colombia",
            "genero":"M",
            "celular":"",
            "listaInteresAreaEstudio":["Ciencias Políticas y Relaciones Internacionales"],
            "listaInteresIdioma":[""]}

04:02:08 181.49.95.3  respuesta HTTP/1.1 100 Continue

HTTP/1.1 200 OK
Server: nginx/1.14.0
Date: Sat, 02 Feb 2019 21:43:13 GMT
Content-Type: text/xml;charset=ISO-8859-1
Content-Length: 297
Connection: keep-alive
Vary: Accept-Encoding
Set-Cookie: JSESSIONID=hAsQV4iiQqCanYrP-jQBdgj5.undefined; Path=/Formulario-Interno
X-CdnHost: ns10.colfuturo.org

&lt;soap:Envelope xmlns:soap=&quot;http://schemas.xmlsoap.org/soap/envelope/&quot;&gt;&lt;soap:Body&gt;&lt;ns1:crearFormularioPotencialResponse xmlns:ns1=&quot;http://www.colfuturo.org/potencial/ws/ServicioIntegracionPotencial&quot;&gt;&lt;return&gt;Creo formulario&lt;/return&gt;&lt;/ns1:crearFormularioPotencialResponse&gt;&lt;/soap:Body&gt;&lt;/soap:Envelope&gt;

04:02:08 200.118.78.207 desde:user/register preparando para almacenar usuario : 1032404900

04:02:08 200.118.78.207  conectando a : https://jboss2.colfuturo.org/Formulario-Interno/ServicioIntegracionPotencial?wsdl

04:02:08 200.118.78.207  enviando datos : {"numeroDocumento":"1032404900",
            "nombre":"Irene",
            "apellido":"Espinosa Echeverry",
            "email":"ireneespinosae@gmail.com",
            "fechaNacimiento":"02-02-2019",
            "ciudadResidencia":"Bogotá, Colombia",
            "genero":"F",
            "celular":"",
            "listaInteresAreaEstudio":["Arquitectura y Diseño"],
            "listaInteresIdioma":[""]}

04:02:09 200.118.78.207  respuesta HTTP/1.1 100 Continue

HTTP/1.1 200 OK
Server: nginx/1.14.0
Date: Sat, 02 Feb 2019 21:50:14 GMT
Content-Type: text/xml;charset=ISO-8859-1
Content-Length: 297
Connection: keep-alive
Vary: Accept-Encoding
Set-Cookie: JSESSIONID=jPU4u5SkzqxpfpK0qkbEI6Tn.undefined; Path=/Formulario-Interno
X-CdnHost: ns10.colfuturo.org

&lt;soap:Envelope xmlns:soap=&quot;http://schemas.xmlsoap.org/soap/envelope/&quot;&gt;&lt;soap:Body&gt;&lt;ns1:crearFormularioPotencialResponse xmlns:ns1=&quot;http://www.colfuturo.org/potencial/ws/ServicioIntegracionPotencial&quot;&gt;&lt;return&gt;Creo formulario&lt;/return&gt;&lt;/ns1:crearFormularioPotencialResponse&gt;&lt;/soap:Body&gt;&lt;/soap:Envelope&gt;

05:02:24 190.121.128.34 desde:user/register preparando para almacenar usuario : 1094271198

05:02:24 190.121.128.34  conectando a : https://jboss2.colfuturo.org/Formulario-Interno/ServicioIntegracionPotencial?wsdl

05:02:24 190.121.128.34  enviando datos : {"numeroDocumento":"1094271198",
            "nombre":"Zuley Alicia",
            "apellido":"Rodríguez Rojas",
            "email":"z.rojas0710@gmail.com",
            "fechaNacimiento":"02-02-2019",
            "ciudadResidencia":"Pamplona, Norte de Santander, Colombia",
            "genero":"F",
            "celular":"",
            "listaInteresAreaEstudio":["Educación"],
            "listaInteresIdioma":[""]}

05:02:25 190.121.128.34  respuesta HTTP/1.1 100 Continue

HTTP/1.1 200 OK
Server: nginx/1.14.0
Date: Sat, 02 Feb 2019 22:31:30 GMT
Content-Type: text/xml;charset=ISO-8859-1
Content-Length: 297
Connection: keep-alive
Vary: Accept-Encoding
Set-Cookie: JSESSIONID=dhEf8SIOC4k6cD3q9kpWY3fX.undefined; Path=/Formulario-Interno
X-CdnHost: ns10.colfuturo.org

&lt;soap:Envelope xmlns:soap=&quot;http://schemas.xmlsoap.org/soap/envelope/&quot;&gt;&lt;soap:Body&gt;&lt;ns1:crearFormularioPotencialResponse xmlns:ns1=&quot;http://www.colfuturo.org/potencial/ws/ServicioIntegracionPotencial&quot;&gt;&lt;return&gt;Creo formulario&lt;/return&gt;&lt;/ns1:crearFormularioPotencialResponse&gt;&lt;/soap:Body&gt;&lt;/soap:Envelope&gt;

05:02:06 181.49.85.163 desde:user/register preparando para almacenar usuario : 1144085868

05:02:06 181.49.85.163  conectando a : https://jboss2.colfuturo.org/Formulario-Interno/ServicioIntegracionPotencial?wsdl

05:02:06 181.49.85.163  enviando datos : {"numeroDocumento":"1144085868",
            "nombre":"Luis Alfonso",
            "apellido":"Garcés Lara",
            "email":"alfoluchogarces@gmail.com",
            "fechaNacimiento":"02-02-2019",
            "ciudadResidencia":"Cali, Valle del Cauca, Colombia",
            "genero":"M",
            "celular":"",
            "listaInteresAreaEstudio":["Ingeniería"],
            "listaInteresIdioma":[""]}

05:02:07 181.49.85.163  respuesta HTTP/1.1 100 Continue

HTTP/1.1 200 OK
Server: nginx/1.14.0
Date: Sat, 02 Feb 2019 22:46:12 GMT
Content-Type: text/xml;charset=ISO-8859-1
Content-Length: 297
Connection: keep-alive
Vary: Accept-Encoding
Set-Cookie: JSESSIONID=8qYG-gQCIrN4JHKTYi1KZ7K9.undefined; Path=/Formulario-Interno
X-CdnHost: ns10.colfuturo.org

&lt;soap:Envelope xmlns:soap=&quot;http://schemas.xmlsoap.org/soap/envelope/&quot;&gt;&lt;soap:Body&gt;&lt;ns1:crearFormularioPotencialResponse xmlns:ns1=&quot;http://www.colfuturo.org/potencial/ws/ServicioIntegracionPotencial&quot;&gt;&lt;return&gt;Creo formulario&lt;/return&gt;&lt;/ns1:crearFormularioPotencialResponse&gt;&lt;/soap:Body&gt;&lt;/soap:Envelope&gt;

05:02:26 152.201.128.219 desde:user/register preparando para almacenar usuario : 1076327728

05:02:26 152.201.128.219  conectando a : https://jboss2.colfuturo.org/Formulario-Interno/ServicioIntegracionPotencial?wsdl

05:02:26 152.201.128.219  enviando datos : {"numeroDocumento":"1076327728",
            "nombre":"jhovanny alexander",
            "apellido":"arias mena",
            "email":"ariasmena91@gmail.com",
            "fechaNacimiento":"02-02-2019",
            "ciudadResidencia":"Istmina, Chocó, Colombia",
            "genero":"M",
            "celular":"",
            "listaInteresAreaEstudio":["Ciencias Políticas y Relaciones Internacionales","Economía"],
            "listaInteresIdioma":[""]}

05:02:27 152.201.128.219  respuesta HTTP/1.1 100 Continue

HTTP/1.1 200 OK
Server: nginx/1.14.0
Date: Sat, 02 Feb 2019 22:50:32 GMT
Content-Type: text/xml;charset=ISO-8859-1
Content-Length: 297
Connection: keep-alive
Vary: Accept-Encoding
Set-Cookie: JSESSIONID=IZGcZQrrj-thOOu3ODwVmQdI.undefined; Path=/Formulario-Interno
X-CdnHost: ns10.colfuturo.org

&lt;soap:Envelope xmlns:soap=&quot;http://schemas.xmlsoap.org/soap/envelope/&quot;&gt;&lt;soap:Body&gt;&lt;ns1:crearFormularioPotencialResponse xmlns:ns1=&quot;http://www.colfuturo.org/potencial/ws/ServicioIntegracionPotencial&quot;&gt;&lt;return&gt;Creo formulario&lt;/return&gt;&lt;/ns1:crearFormularioPotencialResponse&gt;&lt;/soap:Body&gt;&lt;/soap:Envelope&gt;

06:02:37 186.82.190.23 desde:user/register preparando para almacenar usuario : 1233488479

06:02:37 186.82.190.23  conectando a : https://jboss2.colfuturo.org/Formulario-Interno/ServicioIntegracionPotencial?wsdl

06:02:37 186.82.190.23  enviando datos : {"numeroDocumento":"1233488479",
            "nombre":"Edwin Stiben",
            "apellido":"Urbano Castaño",
            "email":"eeurbanoc@unal.edu.co",
            "fechaNacimiento":"02-02-2019",
            "ciudadResidencia":"Bogotá, Colombia",
            "genero":"M",
            "celular":"",
            "listaInteresAreaEstudio":["Ingeniería"],
            "listaInteresIdioma":[""]}

06:02:38 186.82.190.23  respuesta HTTP/1.1 100 Continue

HTTP/1.1 200 OK
Server: nginx/1.14.0
Date: Sat, 02 Feb 2019 23:09:43 GMT
Content-Type: text/xml;charset=ISO-8859-1
Content-Length: 297
Connection: keep-alive
Vary: Accept-Encoding
Set-Cookie: JSESSIONID=Tks1559f+wI1HMHO3Q0CYYvW.undefined; Path=/Formulario-Interno
X-CdnHost: ns10.colfuturo.org

&lt;soap:Envelope xmlns:soap=&quot;http://schemas.xmlsoap.org/soap/envelope/&quot;&gt;&lt;soap:Body&gt;&lt;ns1:crearFormularioPotencialResponse xmlns:ns1=&quot;http://www.colfuturo.org/potencial/ws/ServicioIntegracionPotencial&quot;&gt;&lt;return&gt;Creo formulario&lt;/return&gt;&lt;/ns1:crearFormularioPotencialResponse&gt;&lt;/soap:Body&gt;&lt;/soap:Envelope&gt;

06:02:29 186.28.86.207 desde:user/register preparando para almacenar usuario : 1016097179

06:02:29 186.28.86.207  conectando a : https://jboss2.colfuturo.org/Formulario-Interno/ServicioIntegracionPotencial?wsdl

06:02:29 186.28.86.207  enviando datos : {"numeroDocumento":"1016097179",
            "nombre":"Bryam Stip",
            "apellido":"Bustos Ballén",
            "email":"bryamstipb@hotmail.es",
            "fechaNacimiento":"02-02-2019",
            "ciudadResidencia":"Bogotá, Colombia",
            "genero":"M",
            "celular":"",
            "listaInteresAreaEstudio":["Administración y Negocios","Ciencias Políticas y Relaciones Internacionales","Economía"],
            "listaInteresIdioma":["ingles"]}

06:02:29 186.28.86.207  respuesta HTTP/1.1 100 Continue

HTTP/1.1 200 OK
Server: nginx/1.14.0
Date: Sat, 02 Feb 2019 23:29:35 GMT
Content-Type: text/xml;charset=ISO-8859-1
Content-Length: 297
Connection: keep-alive
Vary: Accept-Encoding
Set-Cookie: JSESSIONID=cjxywlrqt78ax4u77QH1q1cC.undefined; Path=/Formulario-Interno
X-CdnHost: ns10.colfuturo.org

&lt;soap:Envelope xmlns:soap=&quot;http://schemas.xmlsoap.org/soap/envelope/&quot;&gt;&lt;soap:Body&gt;&lt;ns1:crearFormularioPotencialResponse xmlns:ns1=&quot;http://www.colfuturo.org/potencial/ws/ServicioIntegracionPotencial&quot;&gt;&lt;return&gt;Creo formulario&lt;/return&gt;&lt;/ns1:crearFormularioPotencialResponse&gt;&lt;/soap:Body&gt;&lt;/soap:Envelope&gt;

06:02:05 96.58.133.230 desde:user/register preparando para almacenar usuario : 51841519

06:02:05 96.58.133.230  conectando a : https://jboss2.colfuturo.org/Formulario-Interno/ServicioIntegracionPotencial?wsdl

06:02:05 96.58.133.230  enviando datos : {"numeroDocumento":"51841519",
            "nombre":"Myriam",
            "apellido":"Herrera",
            "email":"msofih@hotmail.com",
            "fechaNacimiento":"02-02-2019",
            "ciudadResidencia":"St. Petersburg, Florida, EE. UU.",
            "genero":"F",
            "celular":"",
            "listaInteresAreaEstudio":["Ciencias de la Salud"],
            "listaInteresIdioma":["frances"]}

06:02:06 96.58.133.230  respuesta HTTP/1.1 100 Continue

HTTP/1.1 200 OK
Server: nginx/1.14.0
Date: Sat, 02 Feb 2019 23:44:11 GMT
Content-Type: text/xml;charset=ISO-8859-1
Content-Length: 297
Connection: keep-alive
Vary: Accept-Encoding
Set-Cookie: JSESSIONID=YbFD5fMKEhS4yrMAcGX+7jhT.undefined; Path=/Formulario-Interno
X-CdnHost: ns10.colfuturo.org

&lt;soap:Envelope xmlns:soap=&quot;http://schemas.xmlsoap.org/soap/envelope/&quot;&gt;&lt;soap:Body&gt;&lt;ns1:crearFormularioPotencialResponse xmlns:ns1=&quot;http://www.colfuturo.org/potencial/ws/ServicioIntegracionPotencial&quot;&gt;&lt;return&gt;Creo formulario&lt;/return&gt;&lt;/ns1:crearFormularioPotencialResponse&gt;&lt;/soap:Body&gt;&lt;/soap:Envelope&gt;

06:02:32 181.61.59.92 desde:user/register preparando para almacenar usuario : 51912523

06:02:32 181.61.59.92  conectando a : https://jboss2.colfuturo.org/Formulario-Interno/ServicioIntegracionPotencial?wsdl

06:02:32 181.61.59.92  enviando datos : {"numeroDocumento":"51912523",
            "nombre":"Flor Mery",
            "apellido":"Lopez",
            "email":"flormery1087@grupo-exito.com",
            "fechaNacimiento":"02-02-2019",
            "ciudadResidencia":"Bogotá, Colombia",
            "genero":"F",
            "celular":"",
            "listaInteresAreaEstudio":[""],
            "listaInteresIdioma":["ingles"]}

06:02:33 181.61.59.92  respuesta HTTP/1.1 100 Continue

HTTP/1.1 200 OK
Server: nginx/1.14.0
Date: Sat, 02 Feb 2019 23:51:39 GMT
Content-Type: text/xml;charset=ISO-8859-1
Content-Length: 297
Connection: keep-alive
Vary: Accept-Encoding
Set-Cookie: JSESSIONID=enjxtcLAyWVP8sea67wB02Aq.undefined; Path=/Formulario-Interno
X-CdnHost: ns10.colfuturo.org

&lt;soap:Envelope xmlns:soap=&quot;http://schemas.xmlsoap.org/soap/envelope/&quot;&gt;&lt;soap:Body&gt;&lt;ns1:crearFormularioPotencialResponse xmlns:ns1=&quot;http://www.colfuturo.org/potencial/ws/ServicioIntegracionPotencial&quot;&gt;&lt;return&gt;Creo formulario&lt;/return&gt;&lt;/ns1:crearFormularioPotencialResponse&gt;&lt;/soap:Body&gt;&lt;/soap:Envelope&gt;

07:02:48 186.31.98.228 desde:user/register preparando para almacenar usuario : 1032436464

07:02:48 186.31.98.228  conectando a : https://jboss2.colfuturo.org/Formulario-Interno/ServicioIntegracionPotencial?wsdl

07:02:48 186.31.98.228  enviando datos : {"numeroDocumento":"1032436464",
            "nombre":"sonia Esther",
            "apellido":"Montaña Restrepo",
            "email":"pelan_26@hotmail.com",
            "fechaNacimiento":"02-02-2019",
            "ciudadResidencia":"Bogotá, Colombia",
            "genero":"F",
            "celular":"",
            "listaInteresAreaEstudio":["Ciencias Agropecuarias y del Medio Ambiente"],
            "listaInteresIdioma":[""]}

07:02:49 186.31.98.228  respuesta HTTP/1.1 100 Continue

HTTP/1.1 200 OK
Server: nginx/1.14.0
Date: Sun, 03 Feb 2019 00:10:54 GMT
Content-Type: text/xml;charset=ISO-8859-1
Content-Length: 297
Connection: keep-alive
Vary: Accept-Encoding
Set-Cookie: JSESSIONID=d8c0vui1ZLDAeB0iB9G9QWCr.undefined; Path=/Formulario-Interno
X-CdnHost: ns10.colfuturo.org

&lt;soap:Envelope xmlns:soap=&quot;http://schemas.xmlsoap.org/soap/envelope/&quot;&gt;&lt;soap:Body&gt;&lt;ns1:crearFormularioPotencialResponse xmlns:ns1=&quot;http://www.colfuturo.org/potencial/ws/ServicioIntegracionPotencial&quot;&gt;&lt;return&gt;Creo formulario&lt;/return&gt;&lt;/ns1:crearFormularioPotencialResponse&gt;&lt;/soap:Body&gt;&lt;/soap:Envelope&gt;

07:02:58 186.96.107.131 desde:user/register preparando para almacenar usuario : 1037650930

07:02:58 186.96.107.131  conectando a : https://jboss2.colfuturo.org/Formulario-Interno/ServicioIntegracionPotencial?wsdl

07:02:58 186.96.107.131  enviando datos : {"numeroDocumento":"1037650930",
            "nombre":"Camila Andrea",
            "apellido":"Marín Marín",
            "email":"candrea.marinm@gmail.com",
            "fechaNacimiento":"02-02-2019",
            "ciudadResidencia":"Medellín, Antioquia, Colombia",
            "genero":"F",
            "celular":"",
            "listaInteresAreaEstudio":["Ciencias Básicas","Ingeniería"],
            "listaInteresIdioma":["frances"]}

07:02:59 186.96.107.131  respuesta HTTP/1.1 100 Continue

HTTP/1.1 200 OK
Server: nginx/1.14.0
Date: Sun, 03 Feb 2019 00:14:04 GMT
Content-Type: text/xml;charset=ISO-8859-1
Content-Length: 297
Connection: keep-alive
Vary: Accept-Encoding
Set-Cookie: JSESSIONID=wDGqGlHki9dgDTyJjKFB+G5X.undefined; Path=/Formulario-Interno
X-CdnHost: ns10.colfuturo.org

&lt;soap:Envelope xmlns:soap=&quot;http://schemas.xmlsoap.org/soap/envelope/&quot;&gt;&lt;soap:Body&gt;&lt;ns1:crearFormularioPotencialResponse xmlns:ns1=&quot;http://www.colfuturo.org/potencial/ws/ServicioIntegracionPotencial&quot;&gt;&lt;return&gt;Creo formulario&lt;/return&gt;&lt;/ns1:crearFormularioPotencialResponse&gt;&lt;/soap:Body&gt;&lt;/soap:Envelope&gt;

08:02:56 190.156.36.119 desde:user/register preparando para almacenar usuario : 1020786840

08:02:56 190.156.36.119  conectando a : https://jboss2.colfuturo.org/Formulario-Interno/ServicioIntegracionPotencial?wsdl

08:02:56 190.156.36.119  enviando datos : {"numeroDocumento":"1020786840",
            "nombre":"Sara Lucía ",
            "apellido":"Garcia Berjan",
            "email":"saralu_29@hotmail.com",
            "fechaNacimiento":"02-02-2019",
            "ciudadResidencia":"Bogotá, Colombia",
            "genero":"F",
            "celular":"",
            "listaInteresAreaEstudio":["Ciencias de la Salud"],
            "listaInteresIdioma":["ingles","frances"]}

08:02:57 190.156.36.119  respuesta HTTP/1.1 100 Continue

HTTP/1.1 200 OK
Server: nginx/1.14.0
Date: Sun, 03 Feb 2019 01:48:02 GMT
Content-Type: text/xml;charset=ISO-8859-1
Content-Length: 297
Connection: keep-alive
Vary: Accept-Encoding
Set-Cookie: JSESSIONID=koskiNKgUvz2BCx4jOSTF-vB.undefined; Path=/Formulario-Interno
X-CdnHost: ns10.colfuturo.org

&lt;soap:Envelope xmlns:soap=&quot;http://schemas.xmlsoap.org/soap/envelope/&quot;&gt;&lt;soap:Body&gt;&lt;ns1:crearFormularioPotencialResponse xmlns:ns1=&quot;http://www.colfuturo.org/potencial/ws/ServicioIntegracionPotencial&quot;&gt;&lt;return&gt;Creo formulario&lt;/return&gt;&lt;/ns1:crearFormularioPotencialResponse&gt;&lt;/soap:Body&gt;&lt;/soap:Envelope&gt;

08:02:18 190.156.36.119 desde:user/253854 preparando para almacenar usuario : 1020786840

08:02:18 190.156.36.119  conectando a : https://jboss2.colfuturo.org/Formulario-Interno/ServicioIntegracionPotencial?wsdl

08:02:18 190.156.36.119  enviando datos : {"numeroDocumento":"1020786840",
            "nombre":"Sara Lucía ",
            "apellido":"Garcia Berjan",
            "email":"saralu_29@hotmail.com",
            "fechaNacimiento":"02-02-2019",
            "ciudadResidencia":"Bogotá, Colombia",
            "genero":"F",
            "celular":"",
            "listaInteresAreaEstudio":["Ciencias de la Salud"],
            "listaInteresIdioma":["ingles","frances"]}

08:02:18 190.156.36.119  respuesta HTTP/1.1 100 Continue

HTTP/1.1 200 OK
Server: nginx/1.14.0
Date: Sun, 03 Feb 2019 01:48:24 GMT
Content-Type: text/xml;charset=ISO-8859-1
Content-Length: 301
Connection: keep-alive
Vary: Accept-Encoding
Set-Cookie: JSESSIONID=fx8IZlg6iLJfPfFx+fpG8z5a.undefined; Path=/Formulario-Interno
X-CdnHost: ns10.colfuturo.org

&lt;soap:Envelope xmlns:soap=&quot;http://schemas.xmlsoap.org/soap/envelope/&quot;&gt;&lt;soap:Body&gt;&lt;ns1:crearFormularioPotencialResponse xmlns:ns1=&quot;http://www.colfuturo.org/potencial/ws/ServicioIntegracionPotencial&quot;&gt;&lt;return&gt;Encontro formulario&lt;/return&gt;&lt;/ns1:crearFormularioPotencialResponse&gt;&lt;/soap:Body&gt;&lt;/soap:Envelope&gt;

08:02:27 181.136.176.13 desde:user/register preparando para almacenar usuario : 52805945

08:02:27 181.136.176.13  conectando a : https://jboss2.colfuturo.org/Formulario-Interno/ServicioIntegracionPotencial?wsdl

08:02:27 181.136.176.13  enviando datos : {"numeroDocumento":"52805945",
            "nombre":"Milena",
            "apellido":"Ariza",
            "email":"milenaarizadelgado@gmail.com",
            "fechaNacimiento":"02-02-2019",
            "ciudadResidencia":"Medellín, Antioquia, Colombia",
            "genero":"F",
            "celular":"",
            "listaInteresAreaEstudio":["Educación"],
            "listaInteresIdioma":["ingles"]}

08:02:28 181.136.176.13  respuesta HTTP/1.1 100 Continue

HTTP/1.1 200 OK
Server: nginx/1.14.0
Date: Sun, 03 Feb 2019 01:51:33 GMT
Content-Type: text/xml;charset=ISO-8859-1
Content-Length: 297
Connection: keep-alive
Vary: Accept-Encoding
Set-Cookie: JSESSIONID=zSBTMD5JvD7JGA-oWUN-uJVD.undefined; Path=/Formulario-Interno
X-CdnHost: ns10.colfuturo.org

&lt;soap:Envelope xmlns:soap=&quot;http://schemas.xmlsoap.org/soap/envelope/&quot;&gt;&lt;soap:Body&gt;&lt;ns1:crearFormularioPotencialResponse xmlns:ns1=&quot;http://www.colfuturo.org/potencial/ws/ServicioIntegracionPotencial&quot;&gt;&lt;return&gt;Creo formulario&lt;/return&gt;&lt;/ns1:crearFormularioPotencialResponse&gt;&lt;/soap:Body&gt;&lt;/soap:Envelope&gt;

08:02:38 190.156.45.78 desde:user/register preparando para almacenar usuario : 1020784052

08:02:38 190.156.45.78  conectando a : https://jboss2.colfuturo.org/Formulario-Interno/ServicioIntegracionPotencial?wsdl

08:02:38 190.156.45.78  enviando datos : {"numeroDocumento":"1020784052",
            "nombre":"Andrés",
            "apellido":"Sandoval",
            "email":"andres290@yahoo.com",
            "fechaNacimiento":"02-02-2019",
            "ciudadResidencia":"Bogotá, Colombia",
            "genero":"M",
            "celular":"",
            "listaInteresAreaEstudio":["Ingeniería"],
            "listaInteresIdioma":[""]}

08:02:38 190.156.45.78  respuesta HTTP/1.1 100 Continue

HTTP/1.1 200 OK
Server: nginx/1.14.0
Date: Sun, 03 Feb 2019 01:56:44 GMT
Content-Type: text/xml;charset=ISO-8859-1
Content-Length: 297
Connection: keep-alive
Vary: Accept-Encoding
Set-Cookie: JSESSIONID=3upH20-emi5BH4LEJzD26Fj7.undefined; Path=/Formulario-Interno
X-CdnHost: ns10.colfuturo.org

&lt;soap:Envelope xmlns:soap=&quot;http://schemas.xmlsoap.org/soap/envelope/&quot;&gt;&lt;soap:Body&gt;&lt;ns1:crearFormularioPotencialResponse xmlns:ns1=&quot;http://www.colfuturo.org/potencial/ws/ServicioIntegracionPotencial&quot;&gt;&lt;return&gt;Creo formulario&lt;/return&gt;&lt;/ns1:crearFormularioPotencialResponse&gt;&lt;/soap:Body&gt;&lt;/soap:Envelope&gt;

09:02:39 181.49.85.247 desde:user/register preparando para almacenar usuario : 1118298682

09:02:40 181.49.85.247  conectando a : https://jboss2.colfuturo.org/Formulario-Interno/ServicioIntegracionPotencial?wsdl

09:02:40 181.49.85.247  enviando datos : {"numeroDocumento":"1118298682",
            "nombre":"Henry",
            "apellido":"Arenas Valencia",
            "email":"henryibu@gmail.com",
            "fechaNacimiento":"02-02-2019",
            "ciudadResidencia":"Cali, Valle del Cauca, Colombia",
            "genero":"M",
            "celular":"",
            "listaInteresAreaEstudio":["Ciencias Políticas y Relaciones Internacionales","Ciencias Sociales","Educación"],
            "listaInteresIdioma":["ingles"]}

09:02:40 181.49.85.247  respuesta HTTP/1.1 100 Continue

HTTP/1.1 200 OK
Server: nginx/1.14.0
Date: Sun, 03 Feb 2019 02:24:46 GMT
Content-Type: text/xml;charset=ISO-8859-1
Content-Length: 297
Connection: keep-alive
Vary: Accept-Encoding
Set-Cookie: JSESSIONID=VfOdVeo3noxmro0gTcpOaYJN.undefined; Path=/Formulario-Interno
X-CdnHost: ns10.colfuturo.org

&lt;soap:Envelope xmlns:soap=&quot;http://schemas.xmlsoap.org/soap/envelope/&quot;&gt;&lt;soap:Body&gt;&lt;ns1:crearFormularioPotencialResponse xmlns:ns1=&quot;http://www.colfuturo.org/potencial/ws/ServicioIntegracionPotencial&quot;&gt;&lt;return&gt;Creo formulario&lt;/return&gt;&lt;/ns1:crearFormularioPotencialResponse&gt;&lt;/soap:Body&gt;&lt;/soap:Envelope&gt;

09:02:29 186.28.46.140 desde:user/register preparando para almacenar usuario : 1015395319

09:02:29 186.28.46.140  conectando a : https://jboss2.colfuturo.org/Formulario-Interno/ServicioIntegracionPotencial?wsdl

09:02:29 186.28.46.140  enviando datos : {"numeroDocumento":"1015395319",
            "nombre":"MÉLANY",
            "apellido":"SEPÚLVEDA VILLARRAGA",
            "email":"melany_sepulveda@hotmail.com",
            "fechaNacimiento":"02-02-2019",
            "ciudadResidencia":"Bogotá, Colombia",
            "genero":"F",
            "celular":"",
            "listaInteresAreaEstudio":["Ciencias Agropecuarias y del Medio Ambiente"],
            "listaInteresIdioma":[""]}

09:02:29 186.28.46.140  respuesta HTTP/1.1 100 Continue

HTTP/1.1 200 OK
Server: nginx/1.14.0
Date: Sun, 03 Feb 2019 02:32:35 GMT
Content-Type: text/xml;charset=ISO-8859-1
Content-Length: 297
Connection: keep-alive
Vary: Accept-Encoding
Set-Cookie: JSESSIONID=MCTQDWGXrI1w6ChmbrlISBNe.undefined; Path=/Formulario-Interno
X-CdnHost: ns10.colfuturo.org

&lt;soap:Envelope xmlns:soap=&quot;http://schemas.xmlsoap.org/soap/envelope/&quot;&gt;&lt;soap:Body&gt;&lt;ns1:crearFormularioPotencialResponse xmlns:ns1=&quot;http://www.colfuturo.org/potencial/ws/ServicioIntegracionPotencial&quot;&gt;&lt;return&gt;Creo formulario&lt;/return&gt;&lt;/ns1:crearFormularioPotencialResponse&gt;&lt;/soap:Body&gt;&lt;/soap:Envelope&gt;

09:02:16 186.112.47.188 desde:user/register preparando para almacenar usuario : 1075287461

09:02:16 186.112.47.188  conectando a : https://jboss2.colfuturo.org/Formulario-Interno/ServicioIntegracionPotencial?wsdl

09:02:16 186.112.47.188  enviando datos : {"numeroDocumento":"1075287461",
            "nombre":"Maria Alejandra ",
            "apellido":"Ortiz Pérez ",
            "email":"maria.ortizpetru@gmail.com",
            "fechaNacimiento":"02-02-2019",
            "ciudadResidencia":"Neiva, Huila, Colombia",
            "genero":"F",
            "celular":"",
            "listaInteresAreaEstudio":["Ciencias Políticas y Relaciones Internacionales","Derecho"],
            "listaInteresIdioma":["ingles","frances"]}

09:02:17 186.112.47.188  respuesta HTTP/1.1 100 Continue

HTTP/1.1 200 OK
Server: nginx/1.14.0
Date: Sun, 03 Feb 2019 02:50:23 GMT
Content-Type: text/xml;charset=ISO-8859-1
Content-Length: 297
Connection: keep-alive
Vary: Accept-Encoding
Set-Cookie: JSESSIONID=kjl6ua8rlPJrARU0Yw86xUcx.undefined; Path=/Formulario-Interno
X-CdnHost: ns10.colfuturo.org

&lt;soap:Envelope xmlns:soap=&quot;http://schemas.xmlsoap.org/soap/envelope/&quot;&gt;&lt;soap:Body&gt;&lt;ns1:crearFormularioPotencialResponse xmlns:ns1=&quot;http://www.colfuturo.org/potencial/ws/ServicioIntegracionPotencial&quot;&gt;&lt;return&gt;Creo formulario&lt;/return&gt;&lt;/ns1:crearFormularioPotencialResponse&gt;&lt;/soap:Body&gt;&lt;/soap:Envelope&gt;

10:02:18 181.59.72.127 desde:user/register preparando para almacenar usuario : 1003968496

10:02:18 181.59.72.127  conectando a : https://jboss2.colfuturo.org/Formulario-Interno/ServicioIntegracionPotencial?wsdl

10:02:18 181.59.72.127  enviando datos : {"numeroDocumento":"1003968496",
            "nombre":"Danilo",
            "apellido":"Gomez",
            "email":"danilogomez@usantotomas.edu.co",
            "fechaNacimiento":"02-02-2019",
            "ciudadResidencia":"Bogotá, Colombia",
            "genero":"M",
            "celular":"",
            "listaInteresAreaEstudio":["Administración y Negocios"],
            "listaInteresIdioma":["ingles","frances"]}

10:02:18 181.59.72.127  respuesta HTTP/1.1 100 Continue

HTTP/1.1 200 OK
Server: nginx/1.14.0
Date: Sun, 03 Feb 2019 03:09:24 GMT
Content-Type: text/xml;charset=ISO-8859-1
Content-Length: 297
Connection: keep-alive
Vary: Accept-Encoding
Set-Cookie: JSESSIONID=J15wtA1MCl6x4WxKS082KEHT.undefined; Path=/Formulario-Interno
X-CdnHost: ns10.colfuturo.org

&lt;soap:Envelope xmlns:soap=&quot;http://schemas.xmlsoap.org/soap/envelope/&quot;&gt;&lt;soap:Body&gt;&lt;ns1:crearFormularioPotencialResponse xmlns:ns1=&quot;http://www.colfuturo.org/potencial/ws/ServicioIntegracionPotencial&quot;&gt;&lt;return&gt;Creo formulario&lt;/return&gt;&lt;/ns1:crearFormularioPotencialResponse&gt;&lt;/soap:Body&gt;&lt;/soap:Envelope&gt;

10:02:51 190.145.245.118 desde:user/register preparando para almacenar usuario : 1022380134

10:02:51 190.145.245.118  conectando a : https://jboss2.colfuturo.org/Formulario-Interno/ServicioIntegracionPotencial?wsdl

10:02:51 190.145.245.118  enviando datos : {"numeroDocumento":"1022380134",
            "nombre":"jhon franklin",
            "apellido":"capera malambo",
            "email":"jhonfc812@hotmail.com",
            "fechaNacimiento":"02-02-2019",
            "ciudadResidencia":"Villavicencio, Meta, Colombia",
            "genero":"M",
            "celular":"",
            "listaInteresAreaEstudio":["Administración y Negocios"],
            "listaInteresIdioma":[""]}

10:02:52 190.145.245.118  respuesta HTTP/1.1 100 Continue

HTTP/1.1 200 OK
Server: nginx/1.14.0
Date: Sun, 03 Feb 2019 03:27:57 GMT
Content-Type: text/xml;charset=ISO-8859-1
Content-Length: 297
Connection: keep-alive
Vary: Accept-Encoding
Set-Cookie: JSESSIONID=cyOJE3wXNr0MEEaf+P-nYnTT.undefined; Path=/Formulario-Interno
X-CdnHost: ns10.colfuturo.org

&lt;soap:Envelope xmlns:soap=&quot;http://schemas.xmlsoap.org/soap/envelope/&quot;&gt;&lt;soap:Body&gt;&lt;ns1:crearFormularioPotencialResponse xmlns:ns1=&quot;http://www.colfuturo.org/potencial/ws/ServicioIntegracionPotencial&quot;&gt;&lt;return&gt;Creo formulario&lt;/return&gt;&lt;/ns1:crearFormularioPotencialResponse&gt;&lt;/soap:Body&gt;&lt;/soap:Envelope&gt;

11:02:20 181.54.157.51 desde:user/register preparando para almacenar usuario : 1032471526

11:02:20 181.54.157.51  conectando a : https://jboss2.colfuturo.org/Formulario-Interno/ServicioIntegracionPotencial?wsdl

11:02:20 181.54.157.51  enviando datos : {"numeroDocumento":"1032471526",
            "nombre":"Yeison Andrés",
            "apellido":"Enrique Vargas",
            "email":"y.aev@hotmail.com",
            "fechaNacimiento":"02-02-2019",
            "ciudadResidencia":"Bogotá, Colombia",
            "genero":"M",
            "celular":"",
            "listaInteresAreaEstudio":["Administración y Negocios"],
            "listaInteresIdioma":[""]}

11:02:21 181.54.157.51  respuesta HTTP/1.1 100 Continue

HTTP/1.1 200 OK
Server: nginx/1.14.0
Date: Sun, 03 Feb 2019 04:04:27 GMT
Content-Type: text/xml;charset=ISO-8859-1
Content-Length: 297
Connection: keep-alive
Vary: Accept-Encoding
Set-Cookie: JSESSIONID=eW8xRzG7jwpqTNabctENB6wH.undefined; Path=/Formulario-Interno
X-CdnHost: ns10.colfuturo.org

&lt;soap:Envelope xmlns:soap=&quot;http://schemas.xmlsoap.org/soap/envelope/&quot;&gt;&lt;soap:Body&gt;&lt;ns1:crearFormularioPotencialResponse xmlns:ns1=&quot;http://www.colfuturo.org/potencial/ws/ServicioIntegracionPotencial&quot;&gt;&lt;return&gt;Creo formulario&lt;/return&gt;&lt;/ns1:crearFormularioPotencialResponse&gt;&lt;/soap:Body&gt;&lt;/soap:Envelope&gt;

