05:01:06 10.184.26.125 desde:user/register preparando para almacenar usuario : 79430190

05:01:06 10.184.26.125  conectando a : https://jboss2.colfuturo.org/Formulario-Interno/ServicioIntegracionPotencial?wsdl

05:01:06 10.184.26.125  enviando datos : {"numeroDocumento":"79430190",
            "nombre":"Harold Mauricio",
            "apellido":"Camacho Hernández",
            "email":"hmcamachoh@unal.edu.co",
            "fechaNacimiento":"06-01-2019",
            "ciudadResidencia":"Bogotá, Colombia",
            "genero":"M",
            "celular":"",
            "listaInteresAreaEstudio":["Arquitectura y Diseño"],
            "listaInteresIdioma":["ingles"]}

05:01:06 10.184.26.125  respuesta HTTP/1.1 100 Continue

HTTP/1.1 200 OK
Server: nginx/1.14.0
Date: Sun, 06 Jan 2019 10:42:21 GMT
Content-Type: text/xml;charset=ISO-8859-1
Content-Length: 297
Connection: keep-alive
Vary: Accept-Encoding
Set-Cookie: JSESSIONID=6pawqDacCWSugD12yoKlD5mm.undefined; Path=/Formulario-Interno
X-CdnHost: ns10.colfuturo.org

&lt;soap:Envelope xmlns:soap=&quot;http://schemas.xmlsoap.org/soap/envelope/&quot;&gt;&lt;soap:Body&gt;&lt;ns1:crearFormularioPotencialResponse xmlns:ns1=&quot;http://www.colfuturo.org/potencial/ws/ServicioIntegracionPotencial&quot;&gt;&lt;return&gt;Creo formulario&lt;/return&gt;&lt;/ns1:crearFormularioPotencialResponse&gt;&lt;/soap:Body&gt;&lt;/soap:Envelope&gt;

06:01:56 10.184.26.125 desde:user/register preparando para almacenar usuario : 8355544

06:01:56 10.184.26.125  conectando a : https://jboss2.colfuturo.org/Formulario-Interno/ServicioIntegracionPotencial?wsdl

06:01:56 10.184.26.125  enviando datos : {"numeroDocumento":"8355544",
            "nombre":"Jaime Gustavo",
            "apellido":"Turizo Ortiz",
            "email":"Jturizoo@gmail.com",
            "fechaNacimiento":"06-01-2019",
            "ciudadResidencia":"Medellín, Antioquia, Colombia",
            "genero":"M",
            "celular":"",
            "listaInteresAreaEstudio":["Administración y Negocios"],
            "listaInteresIdioma":[""]}

06:01:57 10.184.26.125  respuesta HTTP/1.1 100 Continue

HTTP/1.1 200 OK
Server: nginx/1.14.0
Date: Sun, 06 Jan 2019 11:01:11 GMT
Content-Type: text/xml;charset=ISO-8859-1
Content-Length: 297
Connection: keep-alive
Vary: Accept-Encoding
Set-Cookie: JSESSIONID=AZcT690+HMM3AdVX7cqqE25y.undefined; Path=/Formulario-Interno
X-CdnHost: ns10.colfuturo.org

&lt;soap:Envelope xmlns:soap=&quot;http://schemas.xmlsoap.org/soap/envelope/&quot;&gt;&lt;soap:Body&gt;&lt;ns1:crearFormularioPotencialResponse xmlns:ns1=&quot;http://www.colfuturo.org/potencial/ws/ServicioIntegracionPotencial&quot;&gt;&lt;return&gt;Creo formulario&lt;/return&gt;&lt;/ns1:crearFormularioPotencialResponse&gt;&lt;/soap:Body&gt;&lt;/soap:Envelope&gt;

06:01:11 10.184.26.125 desde:user/register preparando para almacenar usuario : 6531328

06:01:11 10.184.26.125  conectando a : https://jboss2.colfuturo.org/Formulario-Interno/ServicioIntegracionPotencial?wsdl

06:01:11 10.184.26.125  enviando datos : {"numeroDocumento":"6531328",
            "nombre":"Antonio Jose",
            "apellido":"Rodriguez Valencia",
            "email":"antoniojrodrigue@hotmail.com",
            "fechaNacimiento":"06-01-2019",
            "ciudadResidencia":"Cali, Valle del Cauca, Colombia",
            "genero":"M",
            "celular":"",
            "listaInteresAreaEstudio":["Ingeniería"],
            "listaInteresIdioma":[""]}

06:01:12 10.184.26.125  respuesta HTTP/1.1 100 Continue

HTTP/1.1 200 OK
Server: nginx/1.14.0
Date: Sun, 06 Jan 2019 11:34:27 GMT
Content-Type: text/xml;charset=ISO-8859-1
Content-Length: 297
Connection: keep-alive
Vary: Accept-Encoding
Set-Cookie: JSESSIONID=67W98Twt1y97+98yvxIxW2uf.undefined; Path=/Formulario-Interno
X-CdnHost: ns10.colfuturo.org

&lt;soap:Envelope xmlns:soap=&quot;http://schemas.xmlsoap.org/soap/envelope/&quot;&gt;&lt;soap:Body&gt;&lt;ns1:crearFormularioPotencialResponse xmlns:ns1=&quot;http://www.colfuturo.org/potencial/ws/ServicioIntegracionPotencial&quot;&gt;&lt;return&gt;Creo formulario&lt;/return&gt;&lt;/ns1:crearFormularioPotencialResponse&gt;&lt;/soap:Body&gt;&lt;/soap:Envelope&gt;

06:01:45 10.184.26.125 desde:user/register preparando para almacenar usuario : 1144075892

06:01:45 10.184.26.125  conectando a : https://jboss2.colfuturo.org/Formulario-Interno/ServicioIntegracionPotencial?wsdl

06:01:45 10.184.26.125  enviando datos : {"numeroDocumento":"1144075892",
            "nombre":"Karoll Andrea",
            "apellido":"Ciceri Burbano ",
            "email":"andreaciceri@hotmail.com",
            "fechaNacimiento":"06-01-2019",
            "ciudadResidencia":"Sibundoy, Putumayo, Colombia",
            "genero":"F",
            "celular":"",
            "listaInteresAreaEstudio":["Ciencias Sociales","Derecho"],
            "listaInteresIdioma":[""]}

06:01:46 10.184.26.125  respuesta HTTP/1.1 100 Continue

HTTP/1.1 200 OK
Server: nginx/1.14.0
Date: Sun, 06 Jan 2019 11:48:01 GMT
Content-Type: text/xml;charset=ISO-8859-1
Content-Length: 297
Connection: keep-alive
Vary: Accept-Encoding
Set-Cookie: JSESSIONID=fOcppLrgIj6Nxd5uauchsX75.undefined; Path=/Formulario-Interno
X-CdnHost: ns10.colfuturo.org

&lt;soap:Envelope xmlns:soap=&quot;http://schemas.xmlsoap.org/soap/envelope/&quot;&gt;&lt;soap:Body&gt;&lt;ns1:crearFormularioPotencialResponse xmlns:ns1=&quot;http://www.colfuturo.org/potencial/ws/ServicioIntegracionPotencial&quot;&gt;&lt;return&gt;Creo formulario&lt;/return&gt;&lt;/ns1:crearFormularioPotencialResponse&gt;&lt;/soap:Body&gt;&lt;/soap:Envelope&gt;

08:01:29 10.184.26.125 desde:user/register preparando para almacenar usuario : 40404861

08:01:29 10.184.26.125  conectando a : https://jboss2.colfuturo.org/Formulario-Interno/ServicioIntegracionPotencial?wsdl

08:01:29 10.184.26.125  enviando datos : {"numeroDocumento":"40404861",
            "nombre":"Maribel",
            "apellido":"Bernal Gutiérrez",
            "email":"maribelbernal2007@gmail.com",
            "fechaNacimiento":"06-01-2019",
            "ciudadResidencia":"Villavicencio, Meta, Colombia",
            "genero":"F",
            "celular":"",
            "listaInteresAreaEstudio":["Educación"],
            "listaInteresIdioma":[""]}

08:01:30 10.184.26.125  respuesta HTTP/1.1 100 Continue

HTTP/1.1 200 OK
Server: nginx/1.14.0
Date: Sun, 06 Jan 2019 13:21:44 GMT
Content-Type: text/xml;charset=ISO-8859-1
Content-Length: 297
Connection: keep-alive
Vary: Accept-Encoding
Set-Cookie: JSESSIONID=PR3bBAwFyfIoj66Rz2+6-yyk.undefined; Path=/Formulario-Interno
X-CdnHost: ns10.colfuturo.org

&lt;soap:Envelope xmlns:soap=&quot;http://schemas.xmlsoap.org/soap/envelope/&quot;&gt;&lt;soap:Body&gt;&lt;ns1:crearFormularioPotencialResponse xmlns:ns1=&quot;http://www.colfuturo.org/potencial/ws/ServicioIntegracionPotencial&quot;&gt;&lt;return&gt;Creo formulario&lt;/return&gt;&lt;/ns1:crearFormularioPotencialResponse&gt;&lt;/soap:Body&gt;&lt;/soap:Envelope&gt;

08:01:17 10.184.26.125 desde:user/register preparando para almacenar usuario : 1010199714

08:01:17 10.184.26.125  conectando a : https://jboss2.colfuturo.org/Formulario-Interno/ServicioIntegracionPotencial?wsdl

08:01:17 10.184.26.125  enviando datos : {"numeroDocumento":"1010199714",
            "nombre":"Lisnay Vanessa",
            "apellido":"Robles Santos",
            "email":"robles.santos08@gmail.com",
            "fechaNacimiento":"06-01-2019",
            "ciudadResidencia":"Baranoa, Atlántico, Colombia",
            "genero":"F",
            "celular":"",
            "listaInteresAreaEstudio":["Ciencias Políticas y Relaciones Internacionales"],
            "listaInteresIdioma":[""]}

08:01:18 10.184.26.125  respuesta HTTP/1.1 100 Continue

HTTP/1.1 200 OK
Server: nginx/1.14.0
Date: Sun, 06 Jan 2019 13:41:32 GMT
Content-Type: text/xml;charset=ISO-8859-1
Content-Length: 297
Connection: keep-alive
Vary: Accept-Encoding
Set-Cookie: JSESSIONID=etI5Ewc8IPgXrNKAB2i7JRK0.undefined; Path=/Formulario-Interno
X-CdnHost: ns10.colfuturo.org

&lt;soap:Envelope xmlns:soap=&quot;http://schemas.xmlsoap.org/soap/envelope/&quot;&gt;&lt;soap:Body&gt;&lt;ns1:crearFormularioPotencialResponse xmlns:ns1=&quot;http://www.colfuturo.org/potencial/ws/ServicioIntegracionPotencial&quot;&gt;&lt;return&gt;Creo formulario&lt;/return&gt;&lt;/ns1:crearFormularioPotencialResponse&gt;&lt;/soap:Body&gt;&lt;/soap:Envelope&gt;

09:01:52 10.184.26.125 desde:user/register preparando para almacenar usuario : 1032442788

09:01:52 10.184.26.125  conectando a : https://jboss2.colfuturo.org/Formulario-Interno/ServicioIntegracionPotencial?wsdl

09:01:52 10.184.26.125  enviando datos : {"numeroDocumento":"1032442788",
            "nombre":"Bayron Oswaldo",
            "apellido":"Vargas Ramos",
            "email":"oswaldo.vargasramos@gmail.com",
            "fechaNacimiento":"06-01-2019",
            "ciudadResidencia":"Bogotá, Colombia",
            "genero":"M",
            "celular":"",
            "listaInteresAreaEstudio":["Administración y Negocios","Educación","Ingeniería"],
            "listaInteresIdioma":["ingles"]}

09:01:52 10.184.26.125  respuesta HTTP/1.1 100 Continue

HTTP/1.1 200 OK
Server: nginx/1.14.0
Date: Sun, 06 Jan 2019 14:12:07 GMT
Content-Type: text/xml;charset=ISO-8859-1
Content-Length: 297
Connection: keep-alive
Vary: Accept-Encoding
Set-Cookie: JSESSIONID=okGFDGTFd2ztTvMSiZ4YMdV1.undefined; Path=/Formulario-Interno
X-CdnHost: ns10.colfuturo.org

&lt;soap:Envelope xmlns:soap=&quot;http://schemas.xmlsoap.org/soap/envelope/&quot;&gt;&lt;soap:Body&gt;&lt;ns1:crearFormularioPotencialResponse xmlns:ns1=&quot;http://www.colfuturo.org/potencial/ws/ServicioIntegracionPotencial&quot;&gt;&lt;return&gt;Creo formulario&lt;/return&gt;&lt;/ns1:crearFormularioPotencialResponse&gt;&lt;/soap:Body&gt;&lt;/soap:Envelope&gt;

09:01:49 10.184.26.125 desde:user/register preparando para almacenar usuario : 1121925541

09:01:49 10.184.26.125  conectando a : https://jboss2.colfuturo.org/Formulario-Interno/ServicioIntegracionPotencial?wsdl

09:01:49 10.184.26.125  enviando datos : {"numeroDocumento":"1121925541",
            "nombre":"Carlos Mario",
            "apellido":"Ramirez Cubillos",
            "email":"carlosmariorc@hotmail.com",
            "fechaNacimiento":"06-01-2019",
            "ciudadResidencia":"Villavicencio, Meta, Colombia",
            "genero":"M",
            "celular":"",
            "listaInteresAreaEstudio":["Administración y Negocios","Ciencias Políticas y Relaciones Internacionales","Economía","Ingeniería"],
            "listaInteresIdioma":["ingles"]}

09:01:50 10.184.26.125  respuesta HTTP/1.1 100 Continue

HTTP/1.1 200 OK
Server: nginx/1.14.0
Date: Sun, 06 Jan 2019 14:55:04 GMT
Content-Type: text/xml;charset=ISO-8859-1
Content-Length: 297
Connection: keep-alive
Vary: Accept-Encoding
Set-Cookie: JSESSIONID=clmg26RFttBfM2V0uSF6+KmD.undefined; Path=/Formulario-Interno
X-CdnHost: ns10.colfuturo.org

&lt;soap:Envelope xmlns:soap=&quot;http://schemas.xmlsoap.org/soap/envelope/&quot;&gt;&lt;soap:Body&gt;&lt;ns1:crearFormularioPotencialResponse xmlns:ns1=&quot;http://www.colfuturo.org/potencial/ws/ServicioIntegracionPotencial&quot;&gt;&lt;return&gt;Creo formulario&lt;/return&gt;&lt;/ns1:crearFormularioPotencialResponse&gt;&lt;/soap:Body&gt;&lt;/soap:Envelope&gt;

11:01:09 10.184.26.125 desde:user/register preparando para almacenar usuario : 1040041369

11:01:09 10.184.26.125  conectando a : https://jboss2.colfuturo.org/Formulario-Interno/ServicioIntegracionPotencial?wsdl

11:01:09 10.184.26.125  enviando datos : {"numeroDocumento":"1040041369",
            "nombre":"Astrid Lorena",
            "apellido":"Carmona Suárez",
            "email":"astridcarmona20@gmail.com",
            "fechaNacimiento":"06-01-2019",
            "ciudadResidencia":"Medellín, Antioquia, Colombia",
            "genero":"F",
            "celular":"",
            "listaInteresAreaEstudio":["Ciencias Sociales","Educación"],
            "listaInteresIdioma":[""]}

11:01:09 10.184.26.125  respuesta HTTP/1.1 100 Continue

HTTP/1.1 200 OK
Server: nginx/1.14.0
Date: Sun, 06 Jan 2019 16:02:24 GMT
Content-Type: text/xml;charset=ISO-8859-1
Content-Length: 297
Connection: keep-alive
Vary: Accept-Encoding
Set-Cookie: JSESSIONID=Ic8R4rUSgLKon32wASHlnM1p.undefined; Path=/Formulario-Interno
X-CdnHost: ns10.colfuturo.org

&lt;soap:Envelope xmlns:soap=&quot;http://schemas.xmlsoap.org/soap/envelope/&quot;&gt;&lt;soap:Body&gt;&lt;ns1:crearFormularioPotencialResponse xmlns:ns1=&quot;http://www.colfuturo.org/potencial/ws/ServicioIntegracionPotencial&quot;&gt;&lt;return&gt;Creo formulario&lt;/return&gt;&lt;/ns1:crearFormularioPotencialResponse&gt;&lt;/soap:Body&gt;&lt;/soap:Envelope&gt;

11:01:53 10.184.26.125 desde:user/register preparando para almacenar usuario : 1140874559

11:01:53 10.184.26.125  conectando a : https://jboss2.colfuturo.org/Formulario-Interno/ServicioIntegracionPotencial?wsdl

11:01:53 10.184.26.125  enviando datos : {"numeroDocumento":"1140874559",
            "nombre":"angie",
            "apellido":"oliveros",
            "email":"dcangieom@gmail.com",
            "fechaNacimiento":"06-01-2019",
            "ciudadResidencia":"Port Washington, Nueva York, EE. UU.",
            "genero":"F",
            "celular":"",
            "listaInteresAreaEstudio":["Ciencias de la Salud"],
            "listaInteresIdioma":[""]}

11:01:54 10.184.26.125  respuesta HTTP/1.1 100 Continue

HTTP/1.1 200 OK
Server: nginx/1.14.0
Date: Sun, 06 Jan 2019 16:19:08 GMT
Content-Type: text/xml;charset=ISO-8859-1
Content-Length: 297
Connection: keep-alive
Vary: Accept-Encoding
Set-Cookie: JSESSIONID=41vkRYzJzMeVkGfKQs03syfo.undefined; Path=/Formulario-Interno
X-CdnHost: ns10.colfuturo.org

&lt;soap:Envelope xmlns:soap=&quot;http://schemas.xmlsoap.org/soap/envelope/&quot;&gt;&lt;soap:Body&gt;&lt;ns1:crearFormularioPotencialResponse xmlns:ns1=&quot;http://www.colfuturo.org/potencial/ws/ServicioIntegracionPotencial&quot;&gt;&lt;return&gt;Creo formulario&lt;/return&gt;&lt;/ns1:crearFormularioPotencialResponse&gt;&lt;/soap:Body&gt;&lt;/soap:Envelope&gt;

12:01:57 10.184.26.125 desde:user/register preparando para almacenar usuario : 1018462409

12:01:57 10.184.26.125  conectando a : https://jboss2.colfuturo.org/Formulario-Interno/ServicioIntegracionPotencial?wsdl

12:01:57 10.184.26.125  enviando datos : {"numeroDocumento":"1018462409",
            "nombre":"Santiago ",
            "apellido":"García ",
            "email":"Sagarciape@unal.edu.co",
            "fechaNacimiento":"06-01-2019",
            "ciudadResidencia":"Bogotá, Colombia",
            "genero":"M",
            "celular":"",
            "listaInteresAreaEstudio":["Administración y Negocios","Ciencias Políticas y Relaciones Internacionales","Ciencias Sociales"],
            "listaInteresIdioma":[""]}

12:01:58 10.184.26.125  respuesta HTTP/1.1 100 Continue

HTTP/1.1 200 OK
Server: nginx/1.14.0
Date: Sun, 06 Jan 2019 17:15:12 GMT
Content-Type: text/xml;charset=ISO-8859-1
Content-Length: 297
Connection: keep-alive
Vary: Accept-Encoding
Set-Cookie: JSESSIONID=6FFd4JslHuhArglNVI49awhM.undefined; Path=/Formulario-Interno
X-CdnHost: ns10.colfuturo.org

&lt;soap:Envelope xmlns:soap=&quot;http://schemas.xmlsoap.org/soap/envelope/&quot;&gt;&lt;soap:Body&gt;&lt;ns1:crearFormularioPotencialResponse xmlns:ns1=&quot;http://www.colfuturo.org/potencial/ws/ServicioIntegracionPotencial&quot;&gt;&lt;return&gt;Creo formulario&lt;/return&gt;&lt;/ns1:crearFormularioPotencialResponse&gt;&lt;/soap:Body&gt;&lt;/soap:Envelope&gt;

12:01:07 10.184.26.125 desde:user/register preparando para almacenar usuario : 1067944348

12:01:07 10.184.26.125  conectando a : https://jboss2.colfuturo.org/Formulario-Interno/ServicioIntegracionPotencial?wsdl

12:01:07 10.184.26.125  enviando datos : {"numeroDocumento":"1067944348",
            "nombre":"Julián Arturo ",
            "apellido":"Oquendo Díaz",
            "email":"oquendojulian777@gmail.com",
            "fechaNacimiento":"06-01-2019",
            "ciudadResidencia":"Medellín, Antioquia, Colombia",
            "genero":"M",
            "celular":"",
            "listaInteresAreaEstudio":["Ciencias Agropecuarias y del Medio Ambiente","Ciencias de la Salud"],
            "listaInteresIdioma":[""]}

12:01:08 10.184.26.125  respuesta HTTP/1.1 100 Continue

HTTP/1.1 200 OK
Server: nginx/1.14.0
Date: Sun, 06 Jan 2019 17:18:22 GMT
Content-Type: text/xml;charset=ISO-8859-1
Content-Length: 297
Connection: keep-alive
Vary: Accept-Encoding
Set-Cookie: JSESSIONID=Kwll4zIjW2cuSzaTuFqn+oFM.undefined; Path=/Formulario-Interno
X-CdnHost: ns10.colfuturo.org

&lt;soap:Envelope xmlns:soap=&quot;http://schemas.xmlsoap.org/soap/envelope/&quot;&gt;&lt;soap:Body&gt;&lt;ns1:crearFormularioPotencialResponse xmlns:ns1=&quot;http://www.colfuturo.org/potencial/ws/ServicioIntegracionPotencial&quot;&gt;&lt;return&gt;Creo formulario&lt;/return&gt;&lt;/ns1:crearFormularioPotencialResponse&gt;&lt;/soap:Body&gt;&lt;/soap:Envelope&gt;

02:01:49 10.184.26.125 desde:user/register preparando para almacenar usuario : 80772334

02:01:49 10.184.26.125  conectando a : https://jboss2.colfuturo.org/Formulario-Interno/ServicioIntegracionPotencial?wsdl

02:01:49 10.184.26.125  enviando datos : {"numeroDocumento":"80772334",
            "nombre":"diego alfonso",
            "apellido":"medina escarraga",
            "email":"die.med@hotmail.com",
            "fechaNacimiento":"06-01-2019",
            "ciudadResidencia":"Soacha, Cundinamarca, Colombia",
            "genero":"M",
            "celular":"",
            "listaInteresAreaEstudio":["Administración y Negocios"],
            "listaInteresIdioma":["ingles","frances"]}

02:01:50 10.184.26.125  respuesta HTTP/1.1 100 Continue

HTTP/1.1 200 OK
Server: nginx/1.14.0
Date: Sun, 06 Jan 2019 19:06:04 GMT
Content-Type: text/xml;charset=ISO-8859-1
Content-Length: 297
Connection: keep-alive
Vary: Accept-Encoding
Set-Cookie: JSESSIONID=bbO0geqgCZmuyVfSJF5aULXf.undefined; Path=/Formulario-Interno
X-CdnHost: ns10.colfuturo.org

&lt;soap:Envelope xmlns:soap=&quot;http://schemas.xmlsoap.org/soap/envelope/&quot;&gt;&lt;soap:Body&gt;&lt;ns1:crearFormularioPotencialResponse xmlns:ns1=&quot;http://www.colfuturo.org/potencial/ws/ServicioIntegracionPotencial&quot;&gt;&lt;return&gt;Creo formulario&lt;/return&gt;&lt;/ns1:crearFormularioPotencialResponse&gt;&lt;/soap:Body&gt;&lt;/soap:Envelope&gt;

02:01:41 10.184.26.125 desde:user/247853 preparando para almacenar usuario : 80772334

02:01:41 10.184.26.125  conectando a : https://jboss2.colfuturo.org/Formulario-Interno/ServicioIntegracionPotencial?wsdl

02:01:41 10.184.26.125  enviando datos : {"numeroDocumento":"80772334",
            "nombre":"diego alfonso",
            "apellido":"medina escarraga",
            "email":"die.med@hotmail.com",
            "fechaNacimiento":"06-01-2019",
            "ciudadResidencia":"Soacha, Cundinamarca, Colombia",
            "genero":"M",
            "celular":"",
            "listaInteresAreaEstudio":["Administración y Negocios"],
            "listaInteresIdioma":["ingles","frances"]}

02:01:41 10.184.26.125  respuesta HTTP/1.1 100 Continue

HTTP/1.1 200 OK
Server: nginx/1.14.0
Date: Sun, 06 Jan 2019 19:08:56 GMT
Content-Type: text/xml;charset=ISO-8859-1
Content-Length: 301
Connection: keep-alive
Vary: Accept-Encoding
Set-Cookie: JSESSIONID=gXVEUsyLGXzk4I73OH51B9hD.undefined; Path=/Formulario-Interno
X-CdnHost: ns10.colfuturo.org

&lt;soap:Envelope xmlns:soap=&quot;http://schemas.xmlsoap.org/soap/envelope/&quot;&gt;&lt;soap:Body&gt;&lt;ns1:crearFormularioPotencialResponse xmlns:ns1=&quot;http://www.colfuturo.org/potencial/ws/ServicioIntegracionPotencial&quot;&gt;&lt;return&gt;Encontro formulario&lt;/return&gt;&lt;/ns1:crearFormularioPotencialResponse&gt;&lt;/soap:Body&gt;&lt;/soap:Envelope&gt;

02:01:20 10.184.26.125 desde:user/register preparando para almacenar usuario : 1129543234

02:01:20 10.184.26.125  conectando a : https://jboss2.colfuturo.org/Formulario-Interno/ServicioIntegracionPotencial?wsdl

02:01:20 10.184.26.125  enviando datos : {"numeroDocumento":"1129543234",
            "nombre":"DIANA  CAROLINA",
            "apellido":"GARCIA OSORIO",
            "email":"gdianagarciaosorio@gmail.com",
            "fechaNacimiento":"06-01-2019",
            "ciudadResidencia":"Barranquilla, Atlántico, Colombia",
            "genero":"F",
            "celular":"",
            "listaInteresAreaEstudio":["Educación"],
            "listaInteresIdioma":[""]}

02:01:20 10.184.26.125  respuesta HTTP/1.1 100 Continue

HTTP/1.1 200 OK
Server: nginx/1.14.0
Date: Sun, 06 Jan 2019 19:14:35 GMT
Content-Type: text/xml;charset=ISO-8859-1
Content-Length: 297
Connection: keep-alive
Vary: Accept-Encoding
Set-Cookie: JSESSIONID=WhYk-USM59ZsZbpA++hckvxp.undefined; Path=/Formulario-Interno
X-CdnHost: ns10.colfuturo.org

&lt;soap:Envelope xmlns:soap=&quot;http://schemas.xmlsoap.org/soap/envelope/&quot;&gt;&lt;soap:Body&gt;&lt;ns1:crearFormularioPotencialResponse xmlns:ns1=&quot;http://www.colfuturo.org/potencial/ws/ServicioIntegracionPotencial&quot;&gt;&lt;return&gt;Creo formulario&lt;/return&gt;&lt;/ns1:crearFormularioPotencialResponse&gt;&lt;/soap:Body&gt;&lt;/soap:Envelope&gt;

02:01:33 10.184.26.125 desde:user/register preparando para almacenar usuario : 1022379731

02:01:33 10.184.26.125  conectando a : https://jboss2.colfuturo.org/Formulario-Interno/ServicioIntegracionPotencial?wsdl

02:01:33 10.184.26.125  enviando datos : {"numeroDocumento":"1022379731",
            "nombre":"Isabel Cristina ",
            "apellido":"Peñuela Trujillo",
            "email":"aleli.cris_07@hotmail.com",
            "fechaNacimiento":"06-01-2019",
            "ciudadResidencia":"Bogotá, Colombia",
            "genero":"F",
            "celular":"",
            "listaInteresAreaEstudio":["Educación"],
            "listaInteresIdioma":[""]}

02:01:33 10.184.26.125  respuesta HTTP/1.1 100 Continue

HTTP/1.1 200 OK
Server: nginx/1.14.0
Date: Sun, 06 Jan 2019 19:17:48 GMT
Content-Type: text/xml;charset=ISO-8859-1
Content-Length: 297
Connection: keep-alive
Vary: Accept-Encoding
Set-Cookie: JSESSIONID=ugMvjOUMtqpRNHRbo18rBtYb.undefined; Path=/Formulario-Interno
X-CdnHost: ns10.colfuturo.org

&lt;soap:Envelope xmlns:soap=&quot;http://schemas.xmlsoap.org/soap/envelope/&quot;&gt;&lt;soap:Body&gt;&lt;ns1:crearFormularioPotencialResponse xmlns:ns1=&quot;http://www.colfuturo.org/potencial/ws/ServicioIntegracionPotencial&quot;&gt;&lt;return&gt;Creo formulario&lt;/return&gt;&lt;/ns1:crearFormularioPotencialResponse&gt;&lt;/soap:Body&gt;&lt;/soap:Envelope&gt;

03:01:50 10.184.26.125 desde:user/register preparando para almacenar usuario : 1020810883

03:01:50 10.184.26.125  conectando a : https://jboss2.colfuturo.org/Formulario-Interno/ServicioIntegracionPotencial?wsdl

03:01:50 10.184.26.125  enviando datos : {"numeroDocumento":"1020810883",
            "nombre":"Juan Camilo",
            "apellido":"Sanchez Gallo",
            "email":"juancamilosg44@gmail.com",
            "fechaNacimiento":"06-01-2019",
            "ciudadResidencia":"Bogotá, Colombia",
            "genero":"M",
            "celular":"",
            "listaInteresAreaEstudio":["Administración y Negocios","Ciencias Políticas y Relaciones Internacionales","Ciencias Sociales","Economía","Educación"],
            "listaInteresIdioma":["ingles"]}

03:01:51 10.184.26.125  respuesta HTTP/1.1 100 Continue

HTTP/1.1 200 OK
Server: nginx/1.14.0
Date: Sun, 06 Jan 2019 20:26:05 GMT
Content-Type: text/xml;charset=ISO-8859-1
Content-Length: 297
Connection: keep-alive
Vary: Accept-Encoding
Set-Cookie: JSESSIONID=r6pVz8Us8fV+03GBgqrxRq9s.undefined; Path=/Formulario-Interno
X-CdnHost: ns10.colfuturo.org

&lt;soap:Envelope xmlns:soap=&quot;http://schemas.xmlsoap.org/soap/envelope/&quot;&gt;&lt;soap:Body&gt;&lt;ns1:crearFormularioPotencialResponse xmlns:ns1=&quot;http://www.colfuturo.org/potencial/ws/ServicioIntegracionPotencial&quot;&gt;&lt;return&gt;Creo formulario&lt;/return&gt;&lt;/ns1:crearFormularioPotencialResponse&gt;&lt;/soap:Body&gt;&lt;/soap:Envelope&gt;

04:01:53 10.184.26.125 desde:user/register preparando para almacenar usuario : 1140834986

04:01:53 10.184.26.125  conectando a : https://jboss2.colfuturo.org/Formulario-Interno/ServicioIntegracionPotencial?wsdl

04:01:53 10.184.26.125  enviando datos : {"numeroDocumento":"1140834986",
            "nombre":"SARA MARCELA ",
            "apellido":"CABRERA OBANDO",
            "email":"saracabrera06@gmail.com",
            "fechaNacimiento":"06-01-2019",
            "ciudadResidencia":"Barranquilla, Atlántico, Colombia",
            "genero":"F",
            "celular":"",
            "listaInteresAreaEstudio":["Administración y Negocios"],
            "listaInteresIdioma":[""]}

04:01:53 10.184.26.125  respuesta HTTP/1.1 100 Continue

HTTP/1.1 200 OK
Server: nginx/1.14.0
Date: Sun, 06 Jan 2019 21:00:08 GMT
Content-Type: text/xml;charset=ISO-8859-1
Content-Length: 297
Connection: keep-alive
Vary: Accept-Encoding
Set-Cookie: JSESSIONID=srMKTWT-rtjBibedbNWUH7r3.undefined; Path=/Formulario-Interno
X-CdnHost: ns10.colfuturo.org

&lt;soap:Envelope xmlns:soap=&quot;http://schemas.xmlsoap.org/soap/envelope/&quot;&gt;&lt;soap:Body&gt;&lt;ns1:crearFormularioPotencialResponse xmlns:ns1=&quot;http://www.colfuturo.org/potencial/ws/ServicioIntegracionPotencial&quot;&gt;&lt;return&gt;Creo formulario&lt;/return&gt;&lt;/ns1:crearFormularioPotencialResponse&gt;&lt;/soap:Body&gt;&lt;/soap:Envelope&gt;

04:01:43 10.184.26.125 desde:user/register preparando para almacenar usuario : 1020758169

04:01:43 10.184.26.125  conectando a : https://jboss2.colfuturo.org/Formulario-Interno/ServicioIntegracionPotencial?wsdl

04:01:43 10.184.26.125  enviando datos : {"numeroDocumento":"1020758169",
            "nombre":"Valentina",
            "apellido":"Bazzani",
            "email":"vbazzanip@gmail.com",
            "fechaNacimiento":"06-01-2019",
            "ciudadResidencia":"Bogotá, Colombia",
            "genero":"F",
            "celular":"",
            "listaInteresAreaEstudio":["Administración y Negocios"],
            "listaInteresIdioma":[""]}

04:01:44 10.184.26.125  respuesta HTTP/1.1 100 Continue

HTTP/1.1 200 OK
Server: nginx/1.14.0
Date: Sun, 06 Jan 2019 21:04:58 GMT
Content-Type: text/xml;charset=ISO-8859-1
Content-Length: 297
Connection: keep-alive
Vary: Accept-Encoding
Set-Cookie: JSESSIONID=geGhsHbg9egGzXHG67b34QFK.undefined; Path=/Formulario-Interno
X-CdnHost: ns10.colfuturo.org

&lt;soap:Envelope xmlns:soap=&quot;http://schemas.xmlsoap.org/soap/envelope/&quot;&gt;&lt;soap:Body&gt;&lt;ns1:crearFormularioPotencialResponse xmlns:ns1=&quot;http://www.colfuturo.org/potencial/ws/ServicioIntegracionPotencial&quot;&gt;&lt;return&gt;Creo formulario&lt;/return&gt;&lt;/ns1:crearFormularioPotencialResponse&gt;&lt;/soap:Body&gt;&lt;/soap:Envelope&gt;

04:01:41 10.184.26.125 desde:user/register preparando para almacenar usuario : 1020755090

04:01:41 10.184.26.125  conectando a : https://jboss2.colfuturo.org/Formulario-Interno/ServicioIntegracionPotencial?wsdl

04:01:41 10.184.26.125  enviando datos : {"numeroDocumento":"1020755090",
            "nombre":"Marcela",
            "apellido":"Gómez Cobos",
            "email":"marcelagomezc@outlook.com",
            "fechaNacimiento":"06-01-2019",
            "ciudadResidencia":"Bogotá, Colombia",
            "genero":"F",
            "celular":"",
            "listaInteresAreaEstudio":["Arquitectura y Diseño","Artes"],
            "listaInteresIdioma":[""]}

04:01:42 10.184.26.125  respuesta HTTP/1.1 100 Continue

HTTP/1.1 200 OK
Server: nginx/1.14.0
Date: Sun, 06 Jan 2019 21:17:56 GMT
Content-Type: text/xml;charset=ISO-8859-1
Content-Length: 297
Connection: keep-alive
Vary: Accept-Encoding
Set-Cookie: JSESSIONID=ZvoqQYyhgtj7vvr80W4FE97b.undefined; Path=/Formulario-Interno
X-CdnHost: ns10.colfuturo.org

&lt;soap:Envelope xmlns:soap=&quot;http://schemas.xmlsoap.org/soap/envelope/&quot;&gt;&lt;soap:Body&gt;&lt;ns1:crearFormularioPotencialResponse xmlns:ns1=&quot;http://www.colfuturo.org/potencial/ws/ServicioIntegracionPotencial&quot;&gt;&lt;return&gt;Creo formulario&lt;/return&gt;&lt;/ns1:crearFormularioPotencialResponse&gt;&lt;/soap:Body&gt;&lt;/soap:Envelope&gt;

04:01:15 10.184.26.125 desde:user/register preparando para almacenar usuario : 1140873070

04:01:15 10.184.26.125  conectando a : https://jboss2.colfuturo.org/Formulario-Interno/ServicioIntegracionPotencial?wsdl

04:01:15 10.184.26.125  enviando datos : {"numeroDocumento":"1140873070",
            "nombre":"Angelly Joana",
            "apellido":"Arzuza Lamadrid",
            "email":"arzuzaangelly@gmail.com",
            "fechaNacimiento":"06-01-2019",
            "ciudadResidencia":"Barranquilla, Atlántico, Colombia",
            "genero":"F",
            "celular":"",
            "listaInteresAreaEstudio":["Arquitectura y Diseño","Ingeniería"],
            "listaInteresIdioma":[""]}

04:01:15 10.184.26.125  respuesta HTTP/1.1 100 Continue

HTTP/1.1 200 OK
Server: nginx/1.14.0
Date: Sun, 06 Jan 2019 21:22:30 GMT
Content-Type: text/xml;charset=ISO-8859-1
Content-Length: 297
Connection: keep-alive
Vary: Accept-Encoding
Set-Cookie: JSESSIONID=TcebwXd3rnsUnPdiyY6A+C6O.undefined; Path=/Formulario-Interno
X-CdnHost: ns10.colfuturo.org

&lt;soap:Envelope xmlns:soap=&quot;http://schemas.xmlsoap.org/soap/envelope/&quot;&gt;&lt;soap:Body&gt;&lt;ns1:crearFormularioPotencialResponse xmlns:ns1=&quot;http://www.colfuturo.org/potencial/ws/ServicioIntegracionPotencial&quot;&gt;&lt;return&gt;Creo formulario&lt;/return&gt;&lt;/ns1:crearFormularioPotencialResponse&gt;&lt;/soap:Body&gt;&lt;/soap:Envelope&gt;

04:01:26 10.184.26.125 desde:user/register preparando para almacenar usuario : 1032463198

04:01:26 10.184.26.125  conectando a : https://jboss2.colfuturo.org/Formulario-Interno/ServicioIntegracionPotencial?wsdl

04:01:26 10.184.26.125  enviando datos : {"numeroDocumento":"1032463198",
            "nombre":"Daniela",
            "apellido":"Aguirre Salazar",
            "email":"daguirres@unal.edu.co",
            "fechaNacimiento":"06-01-2019",
            "ciudadResidencia":"Kassel, Alemania",
            "genero":"F",
            "celular":"",
            "listaInteresAreaEstudio":["Ingeniería"],
            "listaInteresIdioma":[""]}

04:01:29 10.184.26.125  respuesta HTTP/1.1 100 Continue

HTTP/1.1 200 OK
Server: nginx/1.14.0
Date: Sun, 06 Jan 2019 21:31:43 GMT
Content-Type: text/xml;charset=ISO-8859-1
Content-Length: 297
Connection: keep-alive
Vary: Accept-Encoding
Set-Cookie: JSESSIONID=c3yJHu44hk0j8773Qw-1vDYC.undefined; Path=/Formulario-Interno
X-CdnHost: ns10.colfuturo.org

&lt;soap:Envelope xmlns:soap=&quot;http://schemas.xmlsoap.org/soap/envelope/&quot;&gt;&lt;soap:Body&gt;&lt;ns1:crearFormularioPotencialResponse xmlns:ns1=&quot;http://www.colfuturo.org/potencial/ws/ServicioIntegracionPotencial&quot;&gt;&lt;return&gt;Creo formulario&lt;/return&gt;&lt;/ns1:crearFormularioPotencialResponse&gt;&lt;/soap:Body&gt;&lt;/soap:Envelope&gt;

04:01:31 10.184.26.125 desde:user/register preparando para almacenar usuario : 1018499723

04:01:31 10.184.26.125  conectando a : https://jboss2.colfuturo.org/Formulario-Interno/ServicioIntegracionPotencial?wsdl

04:01:31 10.184.26.125  enviando datos : {"numeroDocumento":"1018499723",
            "nombre":"Paula",
            "apellido":"Céspedes ",
            "email":"paula_c9718@hotmail.com",
            "fechaNacimiento":"06-01-2019",
            "ciudadResidencia":"Bogotá, Colombia",
            "genero":"F",
            "celular":"",
            "listaInteresAreaEstudio":["Artes"],
            "listaInteresIdioma":["ingles"]}

04:01:31 10.184.26.125  respuesta HTTP/1.1 100 Continue

HTTP/1.1 200 OK
Server: nginx/1.14.0
Date: Sun, 06 Jan 2019 21:35:46 GMT
Content-Type: text/xml;charset=ISO-8859-1
Content-Length: 297
Connection: keep-alive
Vary: Accept-Encoding
Set-Cookie: JSESSIONID=nIX3jOPfNQKQxdis6UGpwAVQ.undefined; Path=/Formulario-Interno
X-CdnHost: ns10.colfuturo.org

&lt;soap:Envelope xmlns:soap=&quot;http://schemas.xmlsoap.org/soap/envelope/&quot;&gt;&lt;soap:Body&gt;&lt;ns1:crearFormularioPotencialResponse xmlns:ns1=&quot;http://www.colfuturo.org/potencial/ws/ServicioIntegracionPotencial&quot;&gt;&lt;return&gt;Creo formulario&lt;/return&gt;&lt;/ns1:crearFormularioPotencialResponse&gt;&lt;/soap:Body&gt;&lt;/soap:Envelope&gt;

04:01:16 10.184.26.125 desde:user/247770 preparando para almacenar usuario : 1049629643

04:01:16 10.184.26.125  conectando a : https://jboss2.colfuturo.org/Formulario-Interno/ServicioIntegracionPotencial?wsdl

04:01:16 10.184.26.125  enviando datos : {"numeroDocumento":"1049629643",
            "nombre":"astrid tatiana",
            "apellido":"alvarao quintana",
            "email":"tatisalvarado@hotmail.com",
            "fechaNacimiento":"06-01-2019",
            "ciudadResidencia":"Duitama, Boyacá, Colombia",
            "genero":"M",
            "celular":"",
            "listaInteresAreaEstudio":[""],
            "listaInteresIdioma":["ingles"]}

04:01:16 10.184.26.125  respuesta HTTP/1.1 100 Continue

HTTP/1.1 200 OK
Server: nginx/1.14.0
Date: Sun, 06 Jan 2019 21:51:31 GMT
Content-Type: text/xml;charset=ISO-8859-1
Content-Length: 301
Connection: keep-alive
Vary: Accept-Encoding
Set-Cookie: JSESSIONID=Sq4SnInER49U7fBfclRXzLg-.undefined; Path=/Formulario-Interno
X-CdnHost: ns10.colfuturo.org

&lt;soap:Envelope xmlns:soap=&quot;http://schemas.xmlsoap.org/soap/envelope/&quot;&gt;&lt;soap:Body&gt;&lt;ns1:crearFormularioPotencialResponse xmlns:ns1=&quot;http://www.colfuturo.org/potencial/ws/ServicioIntegracionPotencial&quot;&gt;&lt;return&gt;Encontro formulario&lt;/return&gt;&lt;/ns1:crearFormularioPotencialResponse&gt;&lt;/soap:Body&gt;&lt;/soap:Envelope&gt;

04:01:44 10.184.26.125 desde:user/247770 preparando para almacenar usuario : 1049629643

04:01:44 10.184.26.125  conectando a : https://jboss2.colfuturo.org/Formulario-Interno/ServicioIntegracionPotencial?wsdl

04:01:44 10.184.26.125  enviando datos : {"numeroDocumento":"1049629643",
            "nombre":"astrid tatiana",
            "apellido":"alvarao quintana",
            "email":"tatisalvarado@hotmail.com",
            "fechaNacimiento":"06-01-2019",
            "ciudadResidencia":"Duitama, Boyacá, Colombia",
            "genero":"M",
            "celular":"",
            "listaInteresAreaEstudio":[""],
            "listaInteresIdioma":["ingles"]}

04:01:44 10.184.26.125  respuesta HTTP/1.1 100 Continue

HTTP/1.1 200 OK
Server: nginx/1.14.0
Date: Sun, 06 Jan 2019 21:51:58 GMT
Content-Type: text/xml;charset=ISO-8859-1
Content-Length: 301
Connection: keep-alive
Vary: Accept-Encoding
Set-Cookie: JSESSIONID=N2fRKp+IJlIPjqJ+qXxspH9V.undefined; Path=/Formulario-Interno
X-CdnHost: ns10.colfuturo.org

&lt;soap:Envelope xmlns:soap=&quot;http://schemas.xmlsoap.org/soap/envelope/&quot;&gt;&lt;soap:Body&gt;&lt;ns1:crearFormularioPotencialResponse xmlns:ns1=&quot;http://www.colfuturo.org/potencial/ws/ServicioIntegracionPotencial&quot;&gt;&lt;return&gt;Encontro formulario&lt;/return&gt;&lt;/ns1:crearFormularioPotencialResponse&gt;&lt;/soap:Body&gt;&lt;/soap:Envelope&gt;

05:01:40 10.184.26.125 desde:user/register preparando para almacenar usuario : 1112774173

05:01:40 10.184.26.125  conectando a : https://jboss2.colfuturo.org/Formulario-Interno/ServicioIntegracionPotencial?wsdl

05:01:40 10.184.26.125  enviando datos : {"numeroDocumento":"1112774173",
            "nombre":"yuliana",
            "apellido":"zuluaga zuluaga",
            "email":"yuzuluagaz@gmail.com",
            "fechaNacimiento":"06-01-2019",
            "ciudadResidencia":"Cali, Valle del Cauca, Colombia",
            "genero":"F",
            "celular":"",
            "listaInteresAreaEstudio":["Ciencias Sociales"],
            "listaInteresIdioma":[""]}

05:01:41 10.184.26.125  respuesta HTTP/1.1 100 Continue

HTTP/1.1 200 OK
Server: nginx/1.14.0
Date: Sun, 06 Jan 2019 22:11:55 GMT
Content-Type: text/xml;charset=ISO-8859-1
Content-Length: 297
Connection: keep-alive
Vary: Accept-Encoding
Set-Cookie: JSESSIONID=YOMc4IcxJGUesCMJpLykLgm-.undefined; Path=/Formulario-Interno
X-CdnHost: ns10.colfuturo.org

&lt;soap:Envelope xmlns:soap=&quot;http://schemas.xmlsoap.org/soap/envelope/&quot;&gt;&lt;soap:Body&gt;&lt;ns1:crearFormularioPotencialResponse xmlns:ns1=&quot;http://www.colfuturo.org/potencial/ws/ServicioIntegracionPotencial&quot;&gt;&lt;return&gt;Creo formulario&lt;/return&gt;&lt;/ns1:crearFormularioPotencialResponse&gt;&lt;/soap:Body&gt;&lt;/soap:Envelope&gt;

05:01:23 10.184.26.125 desde:user/register preparando para almacenar usuario : 1022405613

05:01:23 10.184.26.125  conectando a : https://jboss2.colfuturo.org/Formulario-Interno/ServicioIntegracionPotencial?wsdl

05:01:23 10.184.26.125  enviando datos : {"numeroDocumento":"1022405613",
            "nombre":"Mayra Juliana",
            "apellido":"Sánchez Castillo",
            "email":"Julicastillo2795@hotmail.com",
            "fechaNacimiento":"06-01-2019",
            "ciudadResidencia":"Soacha, Cundinamarca, Colombia",
            "genero":"F",
            "celular":"",
            "listaInteresAreaEstudio":["Arquitectura y Diseño"],
            "listaInteresIdioma":["ingles","frances"]}

05:01:24 10.184.26.125  respuesta HTTP/1.1 100 Continue

HTTP/1.1 200 OK
Server: nginx/1.14.0
Date: Sun, 06 Jan 2019 22:23:38 GMT
Content-Type: text/xml;charset=ISO-8859-1
Content-Length: 297
Connection: keep-alive
Vary: Accept-Encoding
Set-Cookie: JSESSIONID=VqTz+Y4x4EEf5KFEj19aR8TT.undefined; Path=/Formulario-Interno
X-CdnHost: ns10.colfuturo.org

&lt;soap:Envelope xmlns:soap=&quot;http://schemas.xmlsoap.org/soap/envelope/&quot;&gt;&lt;soap:Body&gt;&lt;ns1:crearFormularioPotencialResponse xmlns:ns1=&quot;http://www.colfuturo.org/potencial/ws/ServicioIntegracionPotencial&quot;&gt;&lt;return&gt;Creo formulario&lt;/return&gt;&lt;/ns1:crearFormularioPotencialResponse&gt;&lt;/soap:Body&gt;&lt;/soap:Envelope&gt;

05:01:22 10.184.26.125 desde:user/register preparando para almacenar usuario : 1036399896

05:01:22 10.184.26.125  conectando a : https://jboss2.colfuturo.org/Formulario-Interno/ServicioIntegracionPotencial?wsdl

05:01:22 10.184.26.125  enviando datos : {"numeroDocumento":"1036399896",
            "nombre":"Ana María",
            "apellido":"Ramírez Acosta",
            "email":"Anamramirezacosta@gmail.com",
            "fechaNacimiento":"06-01-2019",
            "ciudadResidencia":"Medellín, Antioquia, Colombia",
            "genero":"F",
            "celular":"",
            "listaInteresAreaEstudio":["Administración y Negocios"],
            "listaInteresIdioma":[""]}

05:01:23 10.184.26.125  respuesta HTTP/1.1 100 Continue

HTTP/1.1 200 OK
Server: nginx/1.14.0
Date: Sun, 06 Jan 2019 22:24:37 GMT
Content-Type: text/xml;charset=ISO-8859-1
Content-Length: 297
Connection: keep-alive
Vary: Accept-Encoding
Set-Cookie: JSESSIONID=irvLEvuLTvOIxIuFF-1NfkD7.undefined; Path=/Formulario-Interno
X-CdnHost: ns10.colfuturo.org

&lt;soap:Envelope xmlns:soap=&quot;http://schemas.xmlsoap.org/soap/envelope/&quot;&gt;&lt;soap:Body&gt;&lt;ns1:crearFormularioPotencialResponse xmlns:ns1=&quot;http://www.colfuturo.org/potencial/ws/ServicioIntegracionPotencial&quot;&gt;&lt;return&gt;Creo formulario&lt;/return&gt;&lt;/ns1:crearFormularioPotencialResponse&gt;&lt;/soap:Body&gt;&lt;/soap:Envelope&gt;

05:01:57 10.184.26.125 desde:user/register preparando para almacenar usuario : 1032443593

05:01:57 10.184.26.125  conectando a : https://jboss2.colfuturo.org/Formulario-Interno/ServicioIntegracionPotencial?wsdl

05:01:57 10.184.26.125  enviando datos : {"numeroDocumento":"1032443593",
            "nombre":"Juliana",
            "apellido":"Vargas Arenas",
            "email":"juliana.vargas.arenas@gmail.com",
            "fechaNacimiento":"06-01-2019",
            "ciudadResidencia":"Bogotá, Colombia",
            "genero":"F",
            "celular":"",
            "listaInteresAreaEstudio":["Administración y Negocios"],
            "listaInteresIdioma":[""]}

05:01:58 10.184.26.125  respuesta HTTP/1.1 100 Continue

HTTP/1.1 200 OK
Server: nginx/1.14.0
Date: Sun, 06 Jan 2019 22:47:12 GMT
Content-Type: text/xml;charset=ISO-8859-1
Content-Length: 297
Connection: keep-alive
Vary: Accept-Encoding
Set-Cookie: JSESSIONID=yDNkf4Mtro5ed5Ur97mX0mkG.undefined; Path=/Formulario-Interno
X-CdnHost: ns10.colfuturo.org

&lt;soap:Envelope xmlns:soap=&quot;http://schemas.xmlsoap.org/soap/envelope/&quot;&gt;&lt;soap:Body&gt;&lt;ns1:crearFormularioPotencialResponse xmlns:ns1=&quot;http://www.colfuturo.org/potencial/ws/ServicioIntegracionPotencial&quot;&gt;&lt;return&gt;Creo formulario&lt;/return&gt;&lt;/ns1:crearFormularioPotencialResponse&gt;&lt;/soap:Body&gt;&lt;/soap:Envelope&gt;

05:01:56 10.184.26.125 desde:user/register preparando para almacenar usuario : 1016053101

05:01:56 10.184.26.125  conectando a : https://jboss2.colfuturo.org/Formulario-Interno/ServicioIntegracionPotencial?wsdl

05:01:57 10.184.26.125  enviando datos : {"numeroDocumento":"1016053101",
            "nombre":"daniel andres",
            "apellido":"zarate guzman",
            "email":"daniel_zg02@hotmail.com",
            "fechaNacimiento":"06-01-2019",
            "ciudadResidencia":"Bogotá, Colombia",
            "genero":"M",
            "celular":"",
            "listaInteresAreaEstudio":["Administración y Negocios"],
            "listaInteresIdioma":["frances"]}

05:01:57 10.184.26.125  respuesta HTTP/1.1 100 Continue

HTTP/1.1 200 OK
Server: nginx/1.14.0
Date: Sun, 06 Jan 2019 22:52:12 GMT
Content-Type: text/xml;charset=ISO-8859-1
Content-Length: 297
Connection: keep-alive
Vary: Accept-Encoding
Set-Cookie: JSESSIONID=tLUrxg3Y9nhr+HW2WxOHreRF.undefined; Path=/Formulario-Interno
X-CdnHost: ns10.colfuturo.org

&lt;soap:Envelope xmlns:soap=&quot;http://schemas.xmlsoap.org/soap/envelope/&quot;&gt;&lt;soap:Body&gt;&lt;ns1:crearFormularioPotencialResponse xmlns:ns1=&quot;http://www.colfuturo.org/potencial/ws/ServicioIntegracionPotencial&quot;&gt;&lt;return&gt;Creo formulario&lt;/return&gt;&lt;/ns1:crearFormularioPotencialResponse&gt;&lt;/soap:Body&gt;&lt;/soap:Envelope&gt;

05:01:14 10.184.26.125 desde:user/register preparando para almacenar usuario : 1032499226

05:01:14 10.184.26.125  conectando a : https://jboss2.colfuturo.org/Formulario-Interno/ServicioIntegracionPotencial?wsdl

05:01:14 10.184.26.125  enviando datos : {"numeroDocumento":"1032499226",
            "nombre":"Daniela",
            "apellido":"Hurtado Garcés",
            "email":"daniela-hurtado27@hotmail.com",
            "fechaNacimiento":"06-01-2019",
            "ciudadResidencia":"Bogotá, Colombia",
            "genero":"F",
            "celular":"",
            "listaInteresAreaEstudio":["Arquitectura y Diseño","Artes"],
            "listaInteresIdioma":["ingles","frances"]}

05:01:14 10.184.26.125  respuesta HTTP/1.1 100 Continue

HTTP/1.1 200 OK
Server: nginx/1.14.0
Date: Sun, 06 Jan 2019 22:52:29 GMT
Content-Type: text/xml;charset=ISO-8859-1
Content-Length: 297
Connection: keep-alive
Vary: Accept-Encoding
Set-Cookie: JSESSIONID=acTSZ-MIxPBOoM6QEJQDsfBT.undefined; Path=/Formulario-Interno
X-CdnHost: ns10.colfuturo.org

&lt;soap:Envelope xmlns:soap=&quot;http://schemas.xmlsoap.org/soap/envelope/&quot;&gt;&lt;soap:Body&gt;&lt;ns1:crearFormularioPotencialResponse xmlns:ns1=&quot;http://www.colfuturo.org/potencial/ws/ServicioIntegracionPotencial&quot;&gt;&lt;return&gt;Creo formulario&lt;/return&gt;&lt;/ns1:crearFormularioPotencialResponse&gt;&lt;/soap:Body&gt;&lt;/soap:Envelope&gt;

06:01:34 10.184.26.125 desde:user/register preparando para almacenar usuario : 1017209897

06:01:34 10.184.26.125  conectando a : https://jboss2.colfuturo.org/Formulario-Interno/ServicioIntegracionPotencial?wsdl

06:01:34 10.184.26.125  enviando datos : {"numeroDocumento":"1017209897",
            "nombre":"David",
            "apellido":"Cardona Serrano",
            "email":"cardonaserranod@gmail.com",
            "fechaNacimiento":"06-01-2019",
            "ciudadResidencia":"Medellín, Antioquia, Colombia",
            "genero":"M",
            "celular":"",
            "listaInteresAreaEstudio":["Ciencias Agropecuarias y del Medio Ambiente","Ciencias Políticas y Relaciones Internacionales","Ciencias Sociales","Economía"],
            "listaInteresIdioma":[""]}

06:01:34 10.184.26.125  respuesta HTTP/1.1 100 Continue

HTTP/1.1 200 OK
Server: nginx/1.14.0
Date: Sun, 06 Jan 2019 23:07:49 GMT
Content-Type: text/xml;charset=ISO-8859-1
Content-Length: 297
Connection: keep-alive
Vary: Accept-Encoding
Set-Cookie: JSESSIONID=xB+g3PmDe8sBVc+3GBJUXqlk.undefined; Path=/Formulario-Interno
X-CdnHost: ns10.colfuturo.org

&lt;soap:Envelope xmlns:soap=&quot;http://schemas.xmlsoap.org/soap/envelope/&quot;&gt;&lt;soap:Body&gt;&lt;ns1:crearFormularioPotencialResponse xmlns:ns1=&quot;http://www.colfuturo.org/potencial/ws/ServicioIntegracionPotencial&quot;&gt;&lt;return&gt;Creo formulario&lt;/return&gt;&lt;/ns1:crearFormularioPotencialResponse&gt;&lt;/soap:Body&gt;&lt;/soap:Envelope&gt;

06:01:13 10.184.26.125 desde:user/register preparando para almacenar usuario : 1019044541

06:01:13 10.184.26.125  conectando a : https://jboss2.colfuturo.org/Formulario-Interno/ServicioIntegracionPotencial?wsdl

06:01:13 10.184.26.125  enviando datos : {"numeroDocumento":"1019044541",
            "nombre":"Fabian Andres",
            "apellido":"Urueña Perez",
            "email":"faauruenape@gmail.com",
            "fechaNacimiento":"06-01-2019",
            "ciudadResidencia":"Bogotá, Colombia",
            "genero":"M",
            "celular":"",
            "listaInteresAreaEstudio":["Arquitectura y Diseño"],
            "listaInteresIdioma":[""]}

06:01:14 10.184.26.125  respuesta HTTP/1.1 100 Continue

HTTP/1.1 200 OK
Server: nginx/1.14.0
Date: Sun, 06 Jan 2019 23:12:28 GMT
Content-Type: text/xml;charset=ISO-8859-1
Content-Length: 297
Connection: keep-alive
Vary: Accept-Encoding
Set-Cookie: JSESSIONID=fLdonalZTtPCr-Of9RToZi-y.undefined; Path=/Formulario-Interno
X-CdnHost: ns10.colfuturo.org

&lt;soap:Envelope xmlns:soap=&quot;http://schemas.xmlsoap.org/soap/envelope/&quot;&gt;&lt;soap:Body&gt;&lt;ns1:crearFormularioPotencialResponse xmlns:ns1=&quot;http://www.colfuturo.org/potencial/ws/ServicioIntegracionPotencial&quot;&gt;&lt;return&gt;Creo formulario&lt;/return&gt;&lt;/ns1:crearFormularioPotencialResponse&gt;&lt;/soap:Body&gt;&lt;/soap:Envelope&gt;

06:01:04 10.184.26.125 desde:user/register preparando para almacenar usuario : 1094952639

06:01:04 10.184.26.125  conectando a : https://jboss2.colfuturo.org/Formulario-Interno/ServicioIntegracionPotencial?wsdl

06:01:04 10.184.26.125  enviando datos : {"numeroDocumento":"1094952639",
            "nombre":"KEVIN DALVER",
            "apellido":"SUAREZ GUTIERREZ",
            "email":"suarezgutkevin@miugca.edu.co",
            "fechaNacimiento":"06-01-2019",
            "ciudadResidencia":"Armenia, Quindío, Colombia",
            "genero":"M",
            "celular":"",
            "listaInteresAreaEstudio":[""],
            "listaInteresIdioma":["ingles"]}

06:01:05 10.184.26.125  respuesta HTTP/1.1 100 Continue

HTTP/1.1 200 OK
Server: nginx/1.14.0
Date: Sun, 06 Jan 2019 23:44:19 GMT
Content-Type: text/xml;charset=ISO-8859-1
Content-Length: 297
Connection: keep-alive
Vary: Accept-Encoding
Set-Cookie: JSESSIONID=ugXbbXICxZjSE7PDKZzgkxH+.undefined; Path=/Formulario-Interno
X-CdnHost: ns10.colfuturo.org

&lt;soap:Envelope xmlns:soap=&quot;http://schemas.xmlsoap.org/soap/envelope/&quot;&gt;&lt;soap:Body&gt;&lt;ns1:crearFormularioPotencialResponse xmlns:ns1=&quot;http://www.colfuturo.org/potencial/ws/ServicioIntegracionPotencial&quot;&gt;&lt;return&gt;Creo formulario&lt;/return&gt;&lt;/ns1:crearFormularioPotencialResponse&gt;&lt;/soap:Body&gt;&lt;/soap:Envelope&gt;

07:01:31 10.184.26.125 desde:user/register preparando para almacenar usuario : 1013637936

07:01:31 10.184.26.125  conectando a : https://jboss2.colfuturo.org/Formulario-Interno/ServicioIntegracionPotencial?wsdl

07:01:31 10.184.26.125  enviando datos : {"numeroDocumento":"1013637936",
            "nombre":"Carlos Julio",
            "apellido":"Saavedra Cantor",
            "email":"carsaavedraca@gmail.com",
            "fechaNacimiento":"06-01-2019",
            "ciudadResidencia":"Bogotá, Colombia",
            "genero":"M",
            "celular":"",
            "listaInteresAreaEstudio":["Ciencias de la Salud"],
            "listaInteresIdioma":[""]}

07:01:31 10.184.26.125  respuesta HTTP/1.1 100 Continue

HTTP/1.1 200 OK
Server: nginx/1.14.0
Date: Mon, 07 Jan 2019 00:15:46 GMT
Content-Type: text/xml;charset=ISO-8859-1
Content-Length: 297
Connection: keep-alive
Vary: Accept-Encoding
Set-Cookie: JSESSIONID=1MSaTNFBQ-C3VD85ajsW7Jt7.undefined; Path=/Formulario-Interno
X-CdnHost: ns10.colfuturo.org

&lt;soap:Envelope xmlns:soap=&quot;http://schemas.xmlsoap.org/soap/envelope/&quot;&gt;&lt;soap:Body&gt;&lt;ns1:crearFormularioPotencialResponse xmlns:ns1=&quot;http://www.colfuturo.org/potencial/ws/ServicioIntegracionPotencial&quot;&gt;&lt;return&gt;Creo formulario&lt;/return&gt;&lt;/ns1:crearFormularioPotencialResponse&gt;&lt;/soap:Body&gt;&lt;/soap:Envelope&gt;

07:01:09 10.184.26.125 desde:user/register preparando para almacenar usuario : 1092345929

07:01:09 10.184.26.125  conectando a : https://jboss2.colfuturo.org/Formulario-Interno/ServicioIntegracionPotencial?wsdl

07:01:09 10.184.26.125  enviando datos : {"numeroDocumento":"1092345929",
            "nombre":"Freddy Alexander ",
            "apellido":"López bravo",
            "email":"Freddyalexander6@hotmail.com",
            "fechaNacimiento":"06-01-2019",
            "ciudadResidencia":"Cúcuta, Norte de Santander, Colombia",
            "genero":"M",
            "celular":"",
            "listaInteresAreaEstudio":["Ciencias Agropecuarias y del Medio Ambiente"],
            "listaInteresIdioma":[""]}

07:01:10 10.184.26.125  respuesta HTTP/1.1 100 Continue

HTTP/1.1 200 OK
Server: nginx/1.14.0
Date: Mon, 07 Jan 2019 00:56:25 GMT
Content-Type: text/xml;charset=ISO-8859-1
Content-Length: 297
Connection: keep-alive
Vary: Accept-Encoding
Set-Cookie: JSESSIONID=vCkxKEo+Mfi3zwgx+PcLehel.undefined; Path=/Formulario-Interno
X-CdnHost: ns10.colfuturo.org

&lt;soap:Envelope xmlns:soap=&quot;http://schemas.xmlsoap.org/soap/envelope/&quot;&gt;&lt;soap:Body&gt;&lt;ns1:crearFormularioPotencialResponse xmlns:ns1=&quot;http://www.colfuturo.org/potencial/ws/ServicioIntegracionPotencial&quot;&gt;&lt;return&gt;Creo formulario&lt;/return&gt;&lt;/ns1:crearFormularioPotencialResponse&gt;&lt;/soap:Body&gt;&lt;/soap:Envelope&gt;

08:01:35 10.184.26.125 desde:user/register preparando para almacenar usuario : 1020803135

08:01:35 10.184.26.125  conectando a : https://jboss2.colfuturo.org/Formulario-Interno/ServicioIntegracionPotencial?wsdl

08:01:35 10.184.26.125  enviando datos : {"numeroDocumento":"1020803135",
            "nombre":"Juan Antonio",
            "apellido":"Barragan Noguera",
            "email":"juanbarragan95@gmail.com",
            "fechaNacimiento":"06-01-2019",
            "ciudadResidencia":"Bogotá, Colombia",
            "genero":"M",
            "celular":"",
            "listaInteresAreaEstudio":["Ingeniería"],
            "listaInteresIdioma":[""]}

08:01:36 10.184.26.125  respuesta HTTP/1.1 100 Continue

HTTP/1.1 200 OK
Server: nginx/1.14.0
Date: Mon, 07 Jan 2019 01:10:50 GMT
Content-Type: text/xml;charset=ISO-8859-1
Content-Length: 297
Connection: keep-alive
Vary: Accept-Encoding
Set-Cookie: JSESSIONID=4Dw9g3SaN1fODgoFOSBvCn1-.undefined; Path=/Formulario-Interno
X-CdnHost: ns10.colfuturo.org

&lt;soap:Envelope xmlns:soap=&quot;http://schemas.xmlsoap.org/soap/envelope/&quot;&gt;&lt;soap:Body&gt;&lt;ns1:crearFormularioPotencialResponse xmlns:ns1=&quot;http://www.colfuturo.org/potencial/ws/ServicioIntegracionPotencial&quot;&gt;&lt;return&gt;Creo formulario&lt;/return&gt;&lt;/ns1:crearFormularioPotencialResponse&gt;&lt;/soap:Body&gt;&lt;/soap:Envelope&gt;

08:01:06 10.184.26.125 desde:user/register preparando para almacenar usuario : 1032494026

08:01:06 10.184.26.125  conectando a : https://jboss2.colfuturo.org/Formulario-Interno/ServicioIntegracionPotencial?wsdl

08:01:06 10.184.26.125  enviando datos : {"numeroDocumento":"1032494026",
            "nombre":"Néstor",
            "apellido":"Forero",
            "email":"nestor.forero.97@gmail.com",
            "fechaNacimiento":"06-01-2019",
            "ciudadResidencia":"Pereira, Risaralda, Colombia",
            "genero":"M",
            "celular":"",
            "listaInteresAreaEstudio":[""],
            "listaInteresIdioma":["ingles","frances"]}

08:01:07 10.184.26.125  respuesta HTTP/1.1 100 Continue

HTTP/1.1 200 OK
Server: nginx/1.14.0
Date: Mon, 07 Jan 2019 01:17:21 GMT
Content-Type: text/xml;charset=ISO-8859-1
Content-Length: 297
Connection: keep-alive
Vary: Accept-Encoding
Set-Cookie: JSESSIONID=ztY7pt74O+w1GdA1QDrggeF5.undefined; Path=/Formulario-Interno
X-CdnHost: ns10.colfuturo.org

&lt;soap:Envelope xmlns:soap=&quot;http://schemas.xmlsoap.org/soap/envelope/&quot;&gt;&lt;soap:Body&gt;&lt;ns1:crearFormularioPotencialResponse xmlns:ns1=&quot;http://www.colfuturo.org/potencial/ws/ServicioIntegracionPotencial&quot;&gt;&lt;return&gt;Creo formulario&lt;/return&gt;&lt;/ns1:crearFormularioPotencialResponse&gt;&lt;/soap:Body&gt;&lt;/soap:Envelope&gt;

08:01:35 10.184.26.125 desde:user/register preparando para almacenar usuario : 1053856503

08:01:35 10.184.26.125  conectando a : https://jboss2.colfuturo.org/Formulario-Interno/ServicioIntegracionPotencial?wsdl

08:01:35 10.184.26.125  enviando datos : {"numeroDocumento":"1053856503",
            "nombre":"Maria Camila",
            "apellido":"García Forero ",
            "email":"maria.garcia6@ucm.edu.co",
            "fechaNacimiento":"06-01-2019",
            "ciudadResidencia":"Manizales, Caldas, Colombia",
            "genero":"F",
            "celular":"",
            "listaInteresAreaEstudio":["Ciencias de la Salud"],
            "listaInteresIdioma":["ingles"]}

08:01:36 10.184.26.125  respuesta HTTP/1.1 100 Continue

HTTP/1.1 200 OK
Server: nginx/1.14.0
Date: Mon, 07 Jan 2019 01:58:50 GMT
Content-Type: text/xml;charset=ISO-8859-1
Content-Length: 297
Connection: keep-alive
Vary: Accept-Encoding
Set-Cookie: JSESSIONID=mB1bWHCJtg7YrcTYBdWOMO8Q.undefined; Path=/Formulario-Interno
X-CdnHost: ns10.colfuturo.org

&lt;soap:Envelope xmlns:soap=&quot;http://schemas.xmlsoap.org/soap/envelope/&quot;&gt;&lt;soap:Body&gt;&lt;ns1:crearFormularioPotencialResponse xmlns:ns1=&quot;http://www.colfuturo.org/potencial/ws/ServicioIntegracionPotencial&quot;&gt;&lt;return&gt;Creo formulario&lt;/return&gt;&lt;/ns1:crearFormularioPotencialResponse&gt;&lt;/soap:Body&gt;&lt;/soap:Envelope&gt;

09:01:10 10.184.26.125 desde:user/register preparando para almacenar usuario : 1000501542

09:01:10 10.184.26.125  conectando a : https://jboss2.colfuturo.org/Formulario-Interno/ServicioIntegracionPotencial?wsdl

09:01:10 10.184.26.125  enviando datos : {"numeroDocumento":"1000501542",
            "nombre":"Santiago",
            "apellido":"Diaz Torres",
            "email":"santidiaz2208@gmail.com",
            "fechaNacimiento":"06-01-2019",
            "ciudadResidencia":"Bogotá, Colombia",
            "genero":"M",
            "celular":"",
            "listaInteresAreaEstudio":["Ciencias Agropecuarias y del Medio Ambiente"],
            "listaInteresIdioma":[""]}

09:01:11 10.184.26.125  respuesta HTTP/1.1 100 Continue

HTTP/1.1 200 OK
Server: nginx/1.14.0
Date: Mon, 07 Jan 2019 02:05:25 GMT
Content-Type: text/xml;charset=ISO-8859-1
Content-Length: 297
Connection: keep-alive
Vary: Accept-Encoding
Set-Cookie: JSESSIONID=Ogm+O+EC8irlUXOdS+dZ8Bpa.undefined; Path=/Formulario-Interno
X-CdnHost: ns10.colfuturo.org

&lt;soap:Envelope xmlns:soap=&quot;http://schemas.xmlsoap.org/soap/envelope/&quot;&gt;&lt;soap:Body&gt;&lt;ns1:crearFormularioPotencialResponse xmlns:ns1=&quot;http://www.colfuturo.org/potencial/ws/ServicioIntegracionPotencial&quot;&gt;&lt;return&gt;Creo formulario&lt;/return&gt;&lt;/ns1:crearFormularioPotencialResponse&gt;&lt;/soap:Body&gt;&lt;/soap:Envelope&gt;

09:01:39 10.184.26.125 desde:user/register preparando para almacenar usuario : 1130597081

09:01:39 10.184.26.125  conectando a : https://jboss2.colfuturo.org/Formulario-Interno/ServicioIntegracionPotencial?wsdl

09:01:39 10.184.26.125  enviando datos : {"numeroDocumento":"1130597081",
            "nombre":"Diana Marcela ",
            "apellido":"Garcia Ramirez",
            "email":"dmgarcia87@gmail.com",
            "fechaNacimiento":"06-01-2019",
            "ciudadResidencia":"Mascot Nueva Gales del Sur, Australia",
            "genero":"F",
            "celular":"",
            "listaInteresAreaEstudio":["Administración y Negocios"],
            "listaInteresIdioma":[""]}

09:01:39 10.184.26.125  respuesta HTTP/1.1 100 Continue

HTTP/1.1 200 OK
Server: nginx/1.14.0
Date: Mon, 07 Jan 2019 02:18:53 GMT
Content-Type: text/xml;charset=ISO-8859-1
Content-Length: 297
Connection: keep-alive
Vary: Accept-Encoding
Set-Cookie: JSESSIONID=DjG5ErJdTml0ZrFcw80s94+9.undefined; Path=/Formulario-Interno
X-CdnHost: ns10.colfuturo.org

&lt;soap:Envelope xmlns:soap=&quot;http://schemas.xmlsoap.org/soap/envelope/&quot;&gt;&lt;soap:Body&gt;&lt;ns1:crearFormularioPotencialResponse xmlns:ns1=&quot;http://www.colfuturo.org/potencial/ws/ServicioIntegracionPotencial&quot;&gt;&lt;return&gt;Creo formulario&lt;/return&gt;&lt;/ns1:crearFormularioPotencialResponse&gt;&lt;/soap:Body&gt;&lt;/soap:Envelope&gt;

09:01:55 10.184.26.125 desde:user/register preparando para almacenar usuario : 1022369576

09:01:55 10.184.26.125  conectando a : https://jboss2.colfuturo.org/Formulario-Interno/ServicioIntegracionPotencial?wsdl

09:01:55 10.184.26.125  enviando datos : {"numeroDocumento":"1022369576",
            "nombre":"Natalia",
            "apellido":"Caro Galvis",
            "email":"natakrog@gmail.com",
            "fechaNacimiento":"06-01-2019",
            "ciudadResidencia":"Bogotá, Colombia",
            "genero":"F",
            "celular":"",
            "listaInteresAreaEstudio":["Ciencias Sociales"],
            "listaInteresIdioma":["ingles","frances"]}

09:01:55 10.184.26.125  respuesta HTTP/1.1 100 Continue

HTTP/1.1 200 OK
Server: nginx/1.14.0
Date: Mon, 07 Jan 2019 02:19:10 GMT
Content-Type: text/xml;charset=ISO-8859-1
Content-Length: 297
Connection: keep-alive
Vary: Accept-Encoding
Set-Cookie: JSESSIONID=D-DCKNQ6lbV-yI5ZFNdIq+Nj.undefined; Path=/Formulario-Interno
X-CdnHost: ns10.colfuturo.org

&lt;soap:Envelope xmlns:soap=&quot;http://schemas.xmlsoap.org/soap/envelope/&quot;&gt;&lt;soap:Body&gt;&lt;ns1:crearFormularioPotencialResponse xmlns:ns1=&quot;http://www.colfuturo.org/potencial/ws/ServicioIntegracionPotencial&quot;&gt;&lt;return&gt;Creo formulario&lt;/return&gt;&lt;/ns1:crearFormularioPotencialResponse&gt;&lt;/soap:Body&gt;&lt;/soap:Envelope&gt;

09:01:10 10.184.26.125 desde:user/register preparando para almacenar usuario : 1026290712

09:01:10 10.184.26.125  conectando a : https://jboss2.colfuturo.org/Formulario-Interno/ServicioIntegracionPotencial?wsdl

09:01:10 10.184.26.125  enviando datos : {"numeroDocumento":"1026290712",
            "nombre":"Juan Sebastián ",
            "apellido":"Velandia Pérez",
            "email":"juans.velandiap@utadeo.edu.co",
            "fechaNacimiento":"06-01-2019",
            "ciudadResidencia":"Bogotá, Colombia",
            "genero":"M",
            "celular":"",
            "listaInteresAreaEstudio":[""],
            "listaInteresIdioma":["ingles"]}

09:01:10 10.184.26.125  respuesta HTTP/1.1 100 Continue

HTTP/1.1 200 OK
Server: nginx/1.14.0
Date: Mon, 07 Jan 2019 02:41:25 GMT
Content-Type: text/xml;charset=ISO-8859-1
Content-Length: 297
Connection: keep-alive
Vary: Accept-Encoding
Set-Cookie: JSESSIONID=AMrhGvDPfRA674jO50VEs4oi.undefined; Path=/Formulario-Interno
X-CdnHost: ns10.colfuturo.org

&lt;soap:Envelope xmlns:soap=&quot;http://schemas.xmlsoap.org/soap/envelope/&quot;&gt;&lt;soap:Body&gt;&lt;ns1:crearFormularioPotencialResponse xmlns:ns1=&quot;http://www.colfuturo.org/potencial/ws/ServicioIntegracionPotencial&quot;&gt;&lt;return&gt;Creo formulario&lt;/return&gt;&lt;/ns1:crearFormularioPotencialResponse&gt;&lt;/soap:Body&gt;&lt;/soap:Envelope&gt;

09:01:25 10.184.26.125 desde:user/247910 preparando para almacenar usuario : 1026290712

09:01:25 10.184.26.125  conectando a : https://jboss2.colfuturo.org/Formulario-Interno/ServicioIntegracionPotencial?wsdl

09:01:25 10.184.26.125  enviando datos : {"numeroDocumento":"1026290712",
            "nombre":"Juan Sebastián ",
            "apellido":"Velandia Pérez",
            "email":"juans.velandiap@utadeo.edu.co",
            "fechaNacimiento":"06-01-2019",
            "ciudadResidencia":"Bogotá, Colombia",
            "genero":"M",
            "celular":"",
            "listaInteresAreaEstudio":[""],
            "listaInteresIdioma":["ingles"]}

09:01:25 10.184.26.125  respuesta HTTP/1.1 100 Continue

HTTP/1.1 200 OK
Server: nginx/1.14.0
Date: Mon, 07 Jan 2019 02:41:39 GMT
Content-Type: text/xml;charset=ISO-8859-1
Content-Length: 301
Connection: keep-alive
Vary: Accept-Encoding
Set-Cookie: JSESSIONID=qQjsYc9f8wKFh-xRrKRSmZFJ.undefined; Path=/Formulario-Interno
X-CdnHost: ns10.colfuturo.org

&lt;soap:Envelope xmlns:soap=&quot;http://schemas.xmlsoap.org/soap/envelope/&quot;&gt;&lt;soap:Body&gt;&lt;ns1:crearFormularioPotencialResponse xmlns:ns1=&quot;http://www.colfuturo.org/potencial/ws/ServicioIntegracionPotencial&quot;&gt;&lt;return&gt;Encontro formulario&lt;/return&gt;&lt;/ns1:crearFormularioPotencialResponse&gt;&lt;/soap:Body&gt;&lt;/soap:Envelope&gt;

