06:03:43 90.74.229.243 desde:user/register preparando para almacenar usuario : 25031985

06:03:43 90.74.229.243  conectando a : https://jboss2.colfuturo.org/Formulario-Interno/ServicioIntegracionPotencial?wsdl

06:03:43 90.74.229.243  enviando datos : {"numeroDocumento":"25031985",
            "nombre":"andrea",
            "apellido":"chinnici",
            "email":"relaciones@eisaf.es",
            "fechaNacimiento":"18 ene 1984",
            "ciudadResidencia":"Madrid, España",
            "genero":"M",
            "celular":"",
            "listaInteresAreaEstudio":["Administración y Negocios","Economía"],
            "listaInteresIdioma":[""]}

06:03:45 90.74.229.243  respuesta HTTP/1.1 200 OK
Server: Apache-Coyote/1.1
Set-Cookie: JSESSIONID=P3xX41Dln-Hf3eXRnIHkYx+a.undefined; Path=/Formulario-Interno
Content-Type: text/xml;charset=ISO-8859-1
Content-Length: 297
Date: Wed, 14 Mar 2018 11:15:04 GMT
Connection: close

&lt;soap:Envelope xmlns:soap=&quot;http://schemas.xmlsoap.org/soap/envelope/&quot;&gt;&lt;soap:Body&gt;&lt;ns1:crearFormularioPotencialResponse xmlns:ns1=&quot;http://www.colfuturo.org/potencial/ws/ServicioIntegracionPotencial&quot;&gt;&lt;return&gt;Creo formulario&lt;/return&gt;&lt;/ns1:crearFormularioPotencialResponse&gt;&lt;/soap:Body&gt;&lt;/soap:Envelope&gt;

06:03:55 90.74.229.243 desde:user/195123 preparando para almacenar usuario : 25031985

06:03:55 90.74.229.243  conectando a : https://jboss2.colfuturo.org/Formulario-Interno/ServicioIntegracionPotencial?wsdl

06:03:55 90.74.229.243  enviando datos : {"numeroDocumento":"25031985",
            "nombre":"andrea",
            "apellido":"chinnici",
            "email":"relaciones@eisaf.es",
            "fechaNacimiento":"18 ene 1984",
            "ciudadResidencia":"Madrid, España",
            "genero":"M",
            "celular":"",
            "listaInteresAreaEstudio":["Administración y Negocios","Economía"],
            "listaInteresIdioma":[""]}

06:03:55 90.74.229.243  respuesta HTTP/1.1 200 OK
Server: Apache-Coyote/1.1
Set-Cookie: JSESSIONID=iZUaiE4ujlOlPJQurzjI7sXW.undefined; Path=/Formulario-Interno
Content-Type: text/xml;charset=ISO-8859-1
Content-Length: 301
Date: Wed, 14 Mar 2018 11:22:13 GMT
Connection: close

&lt;soap:Envelope xmlns:soap=&quot;http://schemas.xmlsoap.org/soap/envelope/&quot;&gt;&lt;soap:Body&gt;&lt;ns1:crearFormularioPotencialResponse xmlns:ns1=&quot;http://www.colfuturo.org/potencial/ws/ServicioIntegracionPotencial&quot;&gt;&lt;return&gt;Encontro formulario&lt;/return&gt;&lt;/ns1:crearFormularioPotencialResponse&gt;&lt;/soap:Body&gt;&lt;/soap:Envelope&gt;

07:03:14 186.112.125.50 desde:user/register preparando para almacenar usuario : 1049633183

07:03:14 186.112.125.50  conectando a : https://jboss2.colfuturo.org/Formulario-Interno/ServicioIntegracionPotencial?wsdl

07:03:14 186.112.125.50  enviando datos : {"numeroDocumento":"1049633183",
            "nombre":"Francy Solange",
            "apellido":"Bacca vacca",
            "email":"solangebava@hotmail.com",
            "fechaNacimiento":"18 ene 1984",
            "ciudadResidencia":"Tunja, Boyacá, Colombia",
            "genero":"F",
            "celular":"",
            "listaInteresAreaEstudio":["Arquitectura y Diseño"],
            "listaInteresIdioma":[""]}

07:03:16 186.112.125.50  respuesta HTTP/1.1 200 OK
Server: Apache-Coyote/1.1
Set-Cookie: JSESSIONID=uhNLuC2stVkQdW4Mo73TXNjt.undefined; Path=/Formulario-Interno
Content-Type: text/xml;charset=ISO-8859-1
Content-Length: 297
Date: Wed, 14 Mar 2018 12:21:35 GMT
Connection: close

&lt;soap:Envelope xmlns:soap=&quot;http://schemas.xmlsoap.org/soap/envelope/&quot;&gt;&lt;soap:Body&gt;&lt;ns1:crearFormularioPotencialResponse xmlns:ns1=&quot;http://www.colfuturo.org/potencial/ws/ServicioIntegracionPotencial&quot;&gt;&lt;return&gt;Creo formulario&lt;/return&gt;&lt;/ns1:crearFormularioPotencialResponse&gt;&lt;/soap:Body&gt;&lt;/soap:Envelope&gt;

08:03:58 181.57.210.246 desde:user/191702 preparando para almacenar usuario : 1019046113

08:03:58 181.57.210.246  conectando a : https://jboss2.colfuturo.org/Formulario-Interno/ServicioIntegracionPotencial?wsdl

08:03:58 181.57.210.246  enviando datos : {"numeroDocumento":"1019046113",
            "nombre":"Laura Gissel",
            "apellido":"Rey Martinez",
            "email":"laurareym_@outlook.com",
            "fechaNacimiento":"18 ene 1984",
            "ciudadResidencia":"Bogotá, Colombia",
            "genero":"F",
            "celular":"",
            "listaInteresAreaEstudio":["Educación"],
            "listaInteresIdioma":[""]}

08:03:59 181.57.210.246  respuesta HTTP/1.1 200 OK
Server: Apache-Coyote/1.1
Set-Cookie: JSESSIONID=AKEFsCAtkMTIrFWFQlK2kRvx.undefined; Path=/Formulario-Interno
Content-Type: text/xml;charset=ISO-8859-1
Content-Length: 301
Date: Wed, 14 Mar 2018 13:29:17 GMT
Connection: close

&lt;soap:Envelope xmlns:soap=&quot;http://schemas.xmlsoap.org/soap/envelope/&quot;&gt;&lt;soap:Body&gt;&lt;ns1:crearFormularioPotencialResponse xmlns:ns1=&quot;http://www.colfuturo.org/potencial/ws/ServicioIntegracionPotencial&quot;&gt;&lt;return&gt;Encontro formulario&lt;/return&gt;&lt;/ns1:crearFormularioPotencialResponse&gt;&lt;/soap:Body&gt;&lt;/soap:Envelope&gt;

09:03:55 179.18.60.137 desde:user/register preparando para almacenar usuario : 55306591

09:03:55 179.18.60.137  conectando a : https://jboss2.colfuturo.org/Formulario-Interno/ServicioIntegracionPotencial?wsdl

09:03:55 179.18.60.137  enviando datos : {"numeroDocumento":"55306591",
            "nombre":"Erika",
            "apellido":"Vega",
            "email":"kika.vegac@gmail.com",
            "fechaNacimiento":"18 ene 1984",
            "ciudadResidencia":"Barranquilla, Atlántico, Colombia",
            "genero":"F",
            "celular":"",
            "listaInteresAreaEstudio":["Administración y Negocios"],
            "listaInteresIdioma":["ingles"]}

09:03:57 179.18.60.137  respuesta HTTP/1.1 200 OK
Server: Apache-Coyote/1.1
Set-Cookie: JSESSIONID=7yo03Cfw5BI7WMSHTptTo-fy.undefined; Path=/Formulario-Interno
Content-Type: text/xml;charset=ISO-8859-1
Content-Length: 297
Date: Wed, 14 Mar 2018 14:16:15 GMT
Connection: close

&lt;soap:Envelope xmlns:soap=&quot;http://schemas.xmlsoap.org/soap/envelope/&quot;&gt;&lt;soap:Body&gt;&lt;ns1:crearFormularioPotencialResponse xmlns:ns1=&quot;http://www.colfuturo.org/potencial/ws/ServicioIntegracionPotencial&quot;&gt;&lt;return&gt;Creo formulario&lt;/return&gt;&lt;/ns1:crearFormularioPotencialResponse&gt;&lt;/soap:Body&gt;&lt;/soap:Envelope&gt;

09:03:40 181.129.182.74 desde:user/191451 preparando para almacenar usuario : 1096234750

09:03:40 181.129.182.74  conectando a : https://jboss2.colfuturo.org/Formulario-Interno/ServicioIntegracionPotencial?wsdl

09:03:40 181.129.182.74  enviando datos : {"numeroDocumento":"1096234750",
            "nombre":"Juan Pablo",
            "apellido":"Galeano Rios",
            "email":"jpablo1295@gmail.com",
            "fechaNacimiento":"18 ene 1984",
            "ciudadResidencia":"Bucaramanga, Santander, Colombia",
            "genero":"M",
            "celular":"",
            "listaInteresAreaEstudio":["Administración y Negocios","Ingeniería"],
            "listaInteresIdioma":[""]}

09:03:41 181.129.182.74  respuesta HTTP/1.1 200 OK
Server: Apache-Coyote/1.1
Set-Cookie: JSESSIONID=WQ4pz3zMpNvJ9tzMAy1U-tiB.undefined; Path=/Formulario-Interno
Content-Type: text/xml;charset=ISO-8859-1
Content-Length: 301
Date: Wed, 14 Mar 2018 14:25:59 GMT
Connection: close

&lt;soap:Envelope xmlns:soap=&quot;http://schemas.xmlsoap.org/soap/envelope/&quot;&gt;&lt;soap:Body&gt;&lt;ns1:crearFormularioPotencialResponse xmlns:ns1=&quot;http://www.colfuturo.org/potencial/ws/ServicioIntegracionPotencial&quot;&gt;&lt;return&gt;Encontro formulario&lt;/return&gt;&lt;/ns1:crearFormularioPotencialResponse&gt;&lt;/soap:Body&gt;&lt;/soap:Envelope&gt;

09:03:41 190.240.84.44 desde:user/register preparando para almacenar usuario : 1098637384

09:03:41 190.240.84.44  conectando a : https://jboss2.colfuturo.org/Formulario-Interno/ServicioIntegracionPotencial?wsdl

09:03:41 190.240.84.44  enviando datos : {"numeroDocumento":"1098637384",
            "nombre":"MONICA ANDREA",
            "apellido":"ROJAS AMAYA",
            "email":"MONYKYT@HOTMAIL.COM",
            "fechaNacimiento":"18 ene 1984",
            "ciudadResidencia":"Bucaramanga, Santander, Colombia",
            "genero":"F",
            "celular":"",
            "listaInteresAreaEstudio":[""],
            "listaInteresIdioma":["ingles"]}

09:03:45 190.240.84.44  respuesta HTTP/1.1 200 OK
Server: Apache-Coyote/1.1
Set-Cookie: JSESSIONID=Qt7-uLW7ZQaLbqGwg5kxarRs.undefined; Path=/Formulario-Interno
Content-Type: text/xml;charset=ISO-8859-1
Content-Length: 297
Date: Wed, 14 Mar 2018 14:32:03 GMT
Connection: close

&lt;soap:Envelope xmlns:soap=&quot;http://schemas.xmlsoap.org/soap/envelope/&quot;&gt;&lt;soap:Body&gt;&lt;ns1:crearFormularioPotencialResponse xmlns:ns1=&quot;http://www.colfuturo.org/potencial/ws/ServicioIntegracionPotencial&quot;&gt;&lt;return&gt;Creo formulario&lt;/return&gt;&lt;/ns1:crearFormularioPotencialResponse&gt;&lt;/soap:Body&gt;&lt;/soap:Envelope&gt;

09:03:45 201.245.175.76 desde:user/register preparando para almacenar usuario : 1091675181

09:03:45 201.245.175.76  conectando a : https://jboss2.colfuturo.org/Formulario-Interno/ServicioIntegracionPotencial?wsdl

09:03:45 201.245.175.76  enviando datos : {"numeroDocumento":"1091675181",
            "nombre":"Jesus Leonardo",
            "apellido":"Garcia Hoyos",
            "email":"jelegaho@gmail.com",
            "fechaNacimiento":"18 ene 1984",
            "ciudadResidencia":"Pamplona, Norte de Santander, Colombia",
            "genero":"M",
            "celular":"",
            "listaInteresAreaEstudio":["Ingeniería"],
            "listaInteresIdioma":["ingles"]}

09:03:47 201.245.175.76  respuesta HTTP/1.1 200 OK
Server: Apache-Coyote/1.1
Set-Cookie: JSESSIONID=5zE+JV8ORkYpSjmnmqo-oR5w.undefined; Path=/Formulario-Interno
Content-Type: text/xml;charset=ISO-8859-1
Content-Length: 297
Date: Wed, 14 Mar 2018 14:37:05 GMT
Connection: close

&lt;soap:Envelope xmlns:soap=&quot;http://schemas.xmlsoap.org/soap/envelope/&quot;&gt;&lt;soap:Body&gt;&lt;ns1:crearFormularioPotencialResponse xmlns:ns1=&quot;http://www.colfuturo.org/potencial/ws/ServicioIntegracionPotencial&quot;&gt;&lt;return&gt;Creo formulario&lt;/return&gt;&lt;/ns1:crearFormularioPotencialResponse&gt;&lt;/soap:Body&gt;&lt;/soap:Envelope&gt;

11:03:57 186.155.16.197 desde:user/register preparando para almacenar usuario : 52506475

11:03:57 186.155.16.197  conectando a : https://jboss2.colfuturo.org/Formulario-Interno/ServicioIntegracionPotencial?wsdl

11:03:57 186.155.16.197  enviando datos : {"numeroDocumento":"52506475",
            "nombre":"Rubiela",
            "apellido":"Alvarez",
            "email":"rubielalgo@yahoo.es",
            "fechaNacimiento":"18 ene 1984",
            "ciudadResidencia":"Bogotá, Colombia",
            "genero":"F",
            "celular":"",
            "listaInteresAreaEstudio":[""],
            "listaInteresIdioma":["ingles"]}

11:03:59 186.155.16.197  respuesta HTTP/1.1 200 OK
Server: Apache-Coyote/1.1
Set-Cookie: JSESSIONID=QYkU7jOxSTzDqJHttfjSoqIV.undefined; Path=/Formulario-Interno
Content-Type: text/xml;charset=ISO-8859-1
Content-Length: 297
Date: Wed, 14 Mar 2018 16:11:18 GMT
Connection: close

&lt;soap:Envelope xmlns:soap=&quot;http://schemas.xmlsoap.org/soap/envelope/&quot;&gt;&lt;soap:Body&gt;&lt;ns1:crearFormularioPotencialResponse xmlns:ns1=&quot;http://www.colfuturo.org/potencial/ws/ServicioIntegracionPotencial&quot;&gt;&lt;return&gt;Creo formulario&lt;/return&gt;&lt;/ns1:crearFormularioPotencialResponse&gt;&lt;/soap:Body&gt;&lt;/soap:Envelope&gt;

11:03:07 181.48.82.74 desde:user/register preparando para almacenar usuario : 1144055609

11:03:07 181.48.82.74  conectando a : https://jboss2.colfuturo.org/Formulario-Interno/ServicioIntegracionPotencial?wsdl

11:03:07 181.48.82.74  enviando datos : {"numeroDocumento":"1144055609",
            "nombre":"Joan Sebastian",
            "apellido":"Santa Saavedra",
            "email":"jssanta0710@gmail.com",
            "fechaNacimiento":"18 ene 1984",
            "ciudadResidencia":"Cali, Valle del Cauca, Colombia",
            "genero":"M",
            "celular":"",
            "listaInteresAreaEstudio":["Administración y Negocios","Ciencias Políticas y Relaciones Internacionales"],
            "listaInteresIdioma":[""]}

11:03:10 181.48.82.74  respuesta HTTP/1.1 200 OK
Server: Apache-Coyote/1.1
Set-Cookie: JSESSIONID=C4tOOJubB5RwAWW3DP9iYorn.undefined; Path=/Formulario-Interno
Content-Type: text/xml;charset=ISO-8859-1
Content-Length: 297
Date: Wed, 14 Mar 2018 16:11:29 GMT
Connection: close

&lt;soap:Envelope xmlns:soap=&quot;http://schemas.xmlsoap.org/soap/envelope/&quot;&gt;&lt;soap:Body&gt;&lt;ns1:crearFormularioPotencialResponse xmlns:ns1=&quot;http://www.colfuturo.org/potencial/ws/ServicioIntegracionPotencial&quot;&gt;&lt;return&gt;Creo formulario&lt;/return&gt;&lt;/ns1:crearFormularioPotencialResponse&gt;&lt;/soap:Body&gt;&lt;/soap:Envelope&gt;

11:03:50 157.253.71.175 desde:user/190699 preparando para almacenar usuario : 1033685774

11:03:50 157.253.71.175  conectando a : https://jboss2.colfuturo.org/Formulario-Interno/ServicioIntegracionPotencial?wsdl

11:03:50 157.253.71.175  enviando datos : {"numeroDocumento":"1033685774",
            "nombre":"Alejandra",
            "apellido":"Mateus Gómez",
            "email":"srta.mateus@gmail.com",
            "fechaNacimiento":"18 ene 1984",
            "ciudadResidencia":"Bogotá, Colombia",
            "genero":"F",
            "celular":"",
            "listaInteresAreaEstudio":[""],
            "listaInteresIdioma":[""]}

11:03:51 157.253.71.175  respuesta HTTP/1.1 200 OK
Server: Apache-Coyote/1.1
Set-Cookie: JSESSIONID=8aNy7FpM0U2k2v9c2NrTgPDi.undefined; Path=/Formulario-Interno
Content-Type: text/xml;charset=ISO-8859-1
Content-Length: 301
Date: Wed, 14 Mar 2018 16:44:10 GMT
Connection: close

&lt;soap:Envelope xmlns:soap=&quot;http://schemas.xmlsoap.org/soap/envelope/&quot;&gt;&lt;soap:Body&gt;&lt;ns1:crearFormularioPotencialResponse xmlns:ns1=&quot;http://www.colfuturo.org/potencial/ws/ServicioIntegracionPotencial&quot;&gt;&lt;return&gt;Encontro formulario&lt;/return&gt;&lt;/ns1:crearFormularioPotencialResponse&gt;&lt;/soap:Body&gt;&lt;/soap:Envelope&gt;

12:03:31 186.118.57.83 desde:user/155054 preparando para almacenar usuario : 1077470876

12:03:31 186.118.57.83  conectando a : https://jboss2.colfuturo.org/Formulario-Interno/ServicioIntegracionPotencial?wsdl

12:03:31 186.118.57.83  enviando datos : {"numeroDocumento":"1077470876",
            "nombre":"Duvan",
            "apellido":"Gulfo Perea",
            "email":"duvangulfo@gmail.com",
            "fechaNacimiento":"18 ene 1984",
            "ciudadResidencia":"Quibdó, Chocó, Colombia",
            "genero":"M",
            "celular":"",
            "listaInteresAreaEstudio":["Educación"],
            "listaInteresIdioma":["ingles","frances"]}

12:03:32 186.118.57.83  respuesta HTTP/1.1 200 OK
Server: Apache-Coyote/1.1
Set-Cookie: JSESSIONID=IW5oRyw2eewtgHCxundV7qnV.undefined; Path=/Formulario-Interno
Content-Type: text/xml;charset=ISO-8859-1
Content-Length: 301
Date: Wed, 14 Mar 2018 17:41:49 GMT
Connection: close

&lt;soap:Envelope xmlns:soap=&quot;http://schemas.xmlsoap.org/soap/envelope/&quot;&gt;&lt;soap:Body&gt;&lt;ns1:crearFormularioPotencialResponse xmlns:ns1=&quot;http://www.colfuturo.org/potencial/ws/ServicioIntegracionPotencial&quot;&gt;&lt;return&gt;Encontro formulario&lt;/return&gt;&lt;/ns1:crearFormularioPotencialResponse&gt;&lt;/soap:Body&gt;&lt;/soap:Envelope&gt;

01:03:00 190.0.14.194 desde:user/register preparando para almacenar usuario : 80058849

01:03:00 190.0.14.194  conectando a : https://jboss2.colfuturo.org/Formulario-Interno/ServicioIntegracionPotencial?wsdl

01:03:00 190.0.14.194  enviando datos : {"numeroDocumento":"80058849",
            "nombre":"Luis Enrique",
            "apellido":"Ramos Preciado",
            "email":"lramospreciado@gmail.com",
            "fechaNacimiento":"18 ene 1984",
            "ciudadResidencia":"Bogotá, Colombia",
            "genero":"M",
            "celular":"",
            "listaInteresAreaEstudio":["Ingeniería"],
            "listaInteresIdioma":[""]}

01:03:02 190.0.14.194  respuesta HTTP/1.1 200 OK
Server: Apache-Coyote/1.1
Set-Cookie: JSESSIONID=fIDae1DZJrt88xRuOJW-ejN6.undefined; Path=/Formulario-Interno
Content-Type: text/xml;charset=ISO-8859-1
Content-Length: 297
Date: Wed, 14 Mar 2018 18:00:20 GMT
Connection: close

&lt;soap:Envelope xmlns:soap=&quot;http://schemas.xmlsoap.org/soap/envelope/&quot;&gt;&lt;soap:Body&gt;&lt;ns1:crearFormularioPotencialResponse xmlns:ns1=&quot;http://www.colfuturo.org/potencial/ws/ServicioIntegracionPotencial&quot;&gt;&lt;return&gt;Creo formulario&lt;/return&gt;&lt;/ns1:crearFormularioPotencialResponse&gt;&lt;/soap:Body&gt;&lt;/soap:Envelope&gt;

01:03:44 186.183.191.77 desde:user/register preparando para almacenar usuario : 52884511

01:03:44 186.183.191.77  conectando a : https://jboss2.colfuturo.org/Formulario-Interno/ServicioIntegracionPotencial?wsdl

01:03:44 186.183.191.77  enviando datos : {"numeroDocumento":"52884511",
            "nombre":"DIANA PATRICIA",
            "apellido":"DIAZ NARANJO",
            "email":"diazdiana.ing@gmail.com",
            "fechaNacimiento":"18 ene 1984",
            "ciudadResidencia":"Piedecuesta, Santander, Colombia",
            "genero":"F",
            "celular":"",
            "listaInteresAreaEstudio":[""],
            "listaInteresIdioma":["frances"]}

01:03:46 186.183.191.77  respuesta HTTP/1.1 200 OK
Server: Apache-Coyote/1.1
Set-Cookie: JSESSIONID=PZ9qR8bxYy07D2slYhGrxGuK.undefined; Path=/Formulario-Interno
Content-Type: text/xml;charset=ISO-8859-1
Content-Length: 297
Date: Wed, 14 Mar 2018 18:04:04 GMT
Connection: close

&lt;soap:Envelope xmlns:soap=&quot;http://schemas.xmlsoap.org/soap/envelope/&quot;&gt;&lt;soap:Body&gt;&lt;ns1:crearFormularioPotencialResponse xmlns:ns1=&quot;http://www.colfuturo.org/potencial/ws/ServicioIntegracionPotencial&quot;&gt;&lt;return&gt;Creo formulario&lt;/return&gt;&lt;/ns1:crearFormularioPotencialResponse&gt;&lt;/soap:Body&gt;&lt;/soap:Envelope&gt;

01:03:27 181.249.141.79 desde:user/register preparando para almacenar usuario : 1014178506

01:03:27 181.249.141.79  conectando a : https://jboss2.colfuturo.org/Formulario-Interno/ServicioIntegracionPotencial?wsdl

01:03:27 181.249.141.79  enviando datos : {"numeroDocumento":"1014178506",
            "nombre":"Maria patricia ",
            "apellido":"Rubio garcia",
            "email":"Pattyrubiog@gmail.com",
            "fechaNacimiento":"18 ene 1984",
            "ciudadResidencia":"Bogotá, Colombia",
            "genero":"F",
            "celular":"",
            "listaInteresAreaEstudio":[""],
            "listaInteresIdioma":["ingles"]}

01:03:29 181.249.141.79  respuesta HTTP/1.1 200 OK
Server: Apache-Coyote/1.1
Set-Cookie: JSESSIONID=05jQO4B3AvMit6xrwNLoFvMS.undefined; Path=/Formulario-Interno
Content-Type: text/xml;charset=ISO-8859-1
Content-Length: 297
Date: Wed, 14 Mar 2018 18:16:47 GMT
Connection: close

&lt;soap:Envelope xmlns:soap=&quot;http://schemas.xmlsoap.org/soap/envelope/&quot;&gt;&lt;soap:Body&gt;&lt;ns1:crearFormularioPotencialResponse xmlns:ns1=&quot;http://www.colfuturo.org/potencial/ws/ServicioIntegracionPotencial&quot;&gt;&lt;return&gt;Creo formulario&lt;/return&gt;&lt;/ns1:crearFormularioPotencialResponse&gt;&lt;/soap:Body&gt;&lt;/soap:Envelope&gt;

01:03:53 152.201.1.6 desde:node/44 preparando para almacenar usuario : 1010186627

01:03:53 152.201.1.6  conectando a : https://jboss2.colfuturo.org/Formulario-Interno/ServicioIntegracionPotencial?wsdl

01:03:53 152.201.1.6  enviando datos : {"numeroDocumento":"1010186627",
            "nombre":"STEFFANI LORENA",
            "apellido":"MONTENEGRO REY",
            "email":"LORE.MONT.R@GMAIL.COM",
            "fechaNacimiento":"18 ene 1984",
            "ciudadResidencia":"Mosquera, Cundinamarca, Colombia",
            "genero":"F",
            "celular":"",
            "listaInteresAreaEstudio":[""],
            "listaInteresIdioma":[""]}

01:03:54 152.201.1.6  client->fault: 

01:03:54 152.201.1.6  respuesta HTTP/1.1 500 Internal Server Error
Server: Apache-Coyote/1.1
Set-Cookie: JSESSIONID=HUwdTlM-SiyIZmXNXuHaZGKy.undefined; Path=/Formulario-Interno
Content-Type: text/xml;charset=ISO-8859-1
Content-Length: 225
Date: Wed, 14 Mar 2018 18:22:13 GMT
Connection: close

&lt;soap:Envelope xmlns:soap=&quot;http://schemas.xmlsoap.org/soap/envelope/&quot;&gt;&lt;soap:Body&gt;&lt;soap:Fault&gt;&lt;faultcode&gt;soap:Server&lt;/faultcode&gt;&lt;faultstring&gt;java.lang.NullPointerException&lt;/faultstring&gt;&lt;/soap:Fault&gt;&lt;/soap:Body&gt;&lt;/soap:Envelope&gt;

01:03:12 181.118.157.12 desde:node/44 preparando para almacenar usuario : 1144077489

01:03:12 181.118.157.12  conectando a : https://jboss2.colfuturo.org/Formulario-Interno/ServicioIntegracionPotencial?wsdl

01:03:12 181.118.157.12  enviando datos : {"numeroDocumento":"1144077489",
            "nombre":"KELLY",
            "apellido":"CASANOVA RAMIREZ",
            "email":"CASANOVAKELLY2@GMAIL.COM",
            "fechaNacimiento":"18 ene 1984",
            "ciudadResidencia":"Cali, Valle del Cauca, Colombia",
            "genero":"F",
            "celular":"",
            "listaInteresAreaEstudio":[""],
            "listaInteresIdioma":[""]}

01:03:13 181.118.157.12  client->fault: 

01:03:13 181.118.157.12  respuesta HTTP/1.1 500 Internal Server Error
Server: Apache-Coyote/1.1
Set-Cookie: JSESSIONID=0ZydYugcucjmdFsd1+s7Cyw5.undefined; Path=/Formulario-Interno
Content-Type: text/xml;charset=ISO-8859-1
Content-Length: 225
Date: Wed, 14 Mar 2018 18:49:32 GMT
Connection: close

&lt;soap:Envelope xmlns:soap=&quot;http://schemas.xmlsoap.org/soap/envelope/&quot;&gt;&lt;soap:Body&gt;&lt;soap:Fault&gt;&lt;faultcode&gt;soap:Server&lt;/faultcode&gt;&lt;faultstring&gt;java.lang.NullPointerException&lt;/faultstring&gt;&lt;/soap:Fault&gt;&lt;/soap:Body&gt;&lt;/soap:Envelope&gt;

02:03:46 181.131.146.157 desde:user/register preparando para almacenar usuario : 72349171

02:03:46 181.131.146.157  conectando a : https://jboss2.colfuturo.org/Formulario-Interno/ServicioIntegracionPotencial?wsdl

02:03:46 181.131.146.157  enviando datos : {"numeroDocumento":"72349171",
            "nombre":"dagoberto ",
            "apellido":"de los reyes varela",
            "email":"dago862201@hotmail.com",
            "fechaNacimiento":"18 ene 1984",
            "ciudadResidencia":"Barranquilla, Atlántico, Colombia",
            "genero":"M",
            "celular":"",
            "listaInteresAreaEstudio":["Economía"],
            "listaInteresIdioma":["ingles"]}

02:03:55 181.131.146.157  respuesta HTTP/1.1 200 OK
Server: Apache-Coyote/1.1
Set-Cookie: JSESSIONID=9P0VxeJ2Os6QgcLzhfefpBih.undefined; Path=/Formulario-Interno
Content-Type: text/xml;charset=ISO-8859-1
Content-Length: 297
Date: Wed, 14 Mar 2018 19:33:14 GMT
Connection: close

&lt;soap:Envelope xmlns:soap=&quot;http://schemas.xmlsoap.org/soap/envelope/&quot;&gt;&lt;soap:Body&gt;&lt;ns1:crearFormularioPotencialResponse xmlns:ns1=&quot;http://www.colfuturo.org/potencial/ws/ServicioIntegracionPotencial&quot;&gt;&lt;return&gt;Creo formulario&lt;/return&gt;&lt;/ns1:crearFormularioPotencialResponse&gt;&lt;/soap:Body&gt;&lt;/soap:Envelope&gt;

02:03:21 190.96.225.128 desde:user/157595 preparando para almacenar usuario : 91016731

02:03:21 190.96.225.128  conectando a : https://jboss2.colfuturo.org/Formulario-Interno/ServicioIntegracionPotencial?wsdl

02:03:21 190.96.225.128  enviando datos : {"numeroDocumento":"91016731",
            "nombre":"Wilinton",
            "apellido":"Ortiz Caro",
            "email":"wilintonortiz29@hotmail.com",
            "fechaNacimiento":"18 ene 1984",
            "ciudadResidencia":"Bucaramanga, Santander, Colombia",
            "genero":"M",
            "celular":"",
            "listaInteresAreaEstudio":["Artes","Ciencias de la Salud","Educación"],
            "listaInteresIdioma":[""]}

02:03:24 190.96.225.128  respuesta HTTP/1.1 200 OK
Server: Apache-Coyote/1.1
Set-Cookie: JSESSIONID=okC5wKYZK8KV6CZSjStgLvzE.undefined; Path=/Formulario-Interno
Content-Type: text/xml;charset=ISO-8859-1
Content-Length: 297
Date: Wed, 14 Mar 2018 19:37:42 GMT
Connection: close

&lt;soap:Envelope xmlns:soap=&quot;http://schemas.xmlsoap.org/soap/envelope/&quot;&gt;&lt;soap:Body&gt;&lt;ns1:crearFormularioPotencialResponse xmlns:ns1=&quot;http://www.colfuturo.org/potencial/ws/ServicioIntegracionPotencial&quot;&gt;&lt;return&gt;Creo formulario&lt;/return&gt;&lt;/ns1:crearFormularioPotencialResponse&gt;&lt;/soap:Body&gt;&lt;/soap:Envelope&gt;

02:03:22 200.69.103.254 desde:user/register preparando para almacenar usuario : 1020831095

02:03:22 200.69.103.254  conectando a : https://jboss2.colfuturo.org/Formulario-Interno/ServicioIntegracionPotencial?wsdl

02:03:22 200.69.103.254  enviando datos : {"numeroDocumento":"1020831095",
            "nombre":"Natalia Sofía",
            "apellido":"Alonso Rojas",
            "email":"nata_sofia@hotmail.es",
            "fechaNacimiento":"18 ene 1984",
            "ciudadResidencia":"Bogotá, Colombia",
            "genero":"F",
            "celular":"",
            "listaInteresAreaEstudio":["Ciencias de la Salud","Ciencias Políticas y Relaciones Internacionales"],
            "listaInteresIdioma":["ingles"]}

02:03:52 200.69.103.254  error inesperado 1: wsdl error: Getting https://jboss2.colfuturo.org/Formulario-Interno/ServicioIntegracionPotencial?wsdl - HTTP ERROR: cURL ERROR: 28: Operation timed out after 30000 milliseconds with 0 bytes received<br>url: https://jboss2.colfuturo.org:443/Formulario-Interno/ServicioIntegracionPotencial?wsdl<br>content_type: <br>http_code: 0<br>header_size: 0<br>request_size: 236<br>filetime: -1<br>ssl_verify_result: 0<br>redirect_count: 0<br>total_time: 30.000385<br>namelookup_time: 3.0E-5<br>connect_time: 0.000243<br>pretransfer_time: 0.032058<br>size_upload: 0<br>size_download: 0<br>speed_download: 0<br>speed_upload: 0<br>download_content_length: -1<br>upload_content_length: 0<br>starttransfer_time: 0<br>redirect_time: 0<br>redirect_url: <br>primary_ip: 173.192.111.232<br>certinfo: Array<br>primary_port: 443<br>local_ip: 10.40.142.6<br>local_port: 38934<br>

02:03:52 200.69.103.254  respuesta 

02:03:30 190.85.95.107 desde:user/register preparando para almacenar usuario : 1032438574

02:03:30 190.85.95.107  conectando a : https://jboss2.colfuturo.org/Formulario-Interno/ServicioIntegracionPotencial?wsdl

02:03:30 190.85.95.107  enviando datos : {"numeroDocumento":"1032438574",
            "nombre":"OMAR ANDRES",
            "apellido":"DIAZ MUÑOZ",
            "email":"oadm_57@hotmail.com",
            "fechaNacimiento":"18 ene 1984",
            "ciudadResidencia":"Bogotá, Colombia",
            "genero":"M",
            "celular":"",
            "listaInteresAreaEstudio":["Derecho"],
            "listaInteresIdioma":[""]}

02:03:36 181.57.242.236 desde:user/register preparando para almacenar usuario : 5746812

02:03:36 181.57.242.236  conectando a : https://jboss2.colfuturo.org/Formulario-Interno/ServicioIntegracionPotencial?wsdl

02:03:36 181.57.242.236  enviando datos : {"numeroDocumento":"5746812",
            "nombre":"Omar Fernando ",
            "apellido":"Pinto Quintero",
            "email":"opinto03@gmail.com",
            "fechaNacimiento":"18 ene 1984",
            "ciudadResidencia":"Bogotá, Colombia",
            "genero":"M",
            "celular":"",
            "listaInteresAreaEstudio":["Ciencias Básicas","Ingeniería"],
            "listaInteresIdioma":["ingles"]}

02:03:00 190.85.95.107  error inesperado 1: wsdl error: Getting https://jboss2.colfuturo.org/Formulario-Interno/ServicioIntegracionPotencial?wsdl - HTTP ERROR: cURL ERROR: 28: Operation timed out after 30000 milliseconds with 0 bytes received<br>url: https://jboss2.colfuturo.org:443/Formulario-Interno/ServicioIntegracionPotencial?wsdl<br>content_type: <br>http_code: 0<br>header_size: 0<br>request_size: 236<br>filetime: -1<br>ssl_verify_result: 0<br>redirect_count: 0<br>total_time: 30.00086<br>namelookup_time: 0.001534<br>connect_time: 0.00171<br>pretransfer_time: 0.034039<br>size_upload: 0<br>size_download: 0<br>speed_download: 0<br>speed_upload: 0<br>download_content_length: -1<br>upload_content_length: 0<br>starttransfer_time: 0<br>redirect_time: 0<br>redirect_url: <br>primary_ip: 173.192.111.232<br>certinfo: Array<br>primary_port: 443<br>local_ip: 10.40.142.6<br>local_port: 40110<br>

02:03:00 190.85.95.107  respuesta 

02:03:06 181.57.242.236  error inesperado 1: wsdl error: Getting https://jboss2.colfuturo.org/Formulario-Interno/ServicioIntegracionPotencial?wsdl - HTTP ERROR: cURL ERROR: 28: Operation timed out after 30001 milliseconds with 0 bytes received<br>url: https://jboss2.colfuturo.org:443/Formulario-Interno/ServicioIntegracionPotencial?wsdl<br>content_type: <br>http_code: 0<br>header_size: 0<br>request_size: 232<br>filetime: -1<br>ssl_verify_result: 0<br>redirect_count: 0<br>total_time: 30.001053<br>namelookup_time: 2.7E-5<br>connect_time: 0.000268<br>pretransfer_time: 0.03152<br>size_upload: 0<br>size_download: 0<br>speed_download: 0<br>speed_upload: 0<br>download_content_length: -1<br>upload_content_length: 0<br>starttransfer_time: 0<br>redirect_time: 0<br>redirect_url: <br>primary_ip: 173.192.111.232<br>certinfo: Array<br>primary_port: 443<br>local_ip: 10.40.142.6<br>local_port: 40120<br>

02:03:06 181.57.242.236  respuesta 

03:03:40 75.100.80.90 desde:user/121127 preparando para almacenar usuario : 1067861507

03:03:40 75.100.80.90  conectando a : https://jboss2.colfuturo.org/Formulario-Interno/ServicioIntegracionPotencial?wsdl

03:03:40 75.100.80.90  enviando datos : {"numeroDocumento":"1067861507",
            "nombre":"Víctor Enrique",
            "apellido":"Gómez León",
            "email":"victorhgl8@gmail.com",
            "fechaNacimiento":"18 ene 1984",
            "ciudadResidencia":"Viçosa - Minas Gerais, Brasil",
            "genero":"M",
            "celular":"",
            "listaInteresAreaEstudio":["Ciencias Agropecuarias y del Medio Ambiente"],
            "listaInteresIdioma":[""]}

03:03:11 75.100.80.90  error inesperado 1: wsdl error: Getting https://jboss2.colfuturo.org/Formulario-Interno/ServicioIntegracionPotencial?wsdl - HTTP ERROR: cURL ERROR: 28: Operation timed out after 30000 milliseconds with 0 bytes received<br>url: https://jboss2.colfuturo.org:443/Formulario-Interno/ServicioIntegracionPotencial?wsdl<br>content_type: <br>http_code: 0<br>header_size: 0<br>request_size: 236<br>filetime: -1<br>ssl_verify_result: 0<br>redirect_count: 0<br>total_time: 30.000583<br>namelookup_time: 2.6E-5<br>connect_time: 0.000177<br>pretransfer_time: 0.031615<br>size_upload: 0<br>size_download: 0<br>speed_download: 0<br>speed_upload: 0<br>download_content_length: -1<br>upload_content_length: 0<br>starttransfer_time: 0<br>redirect_time: 0<br>redirect_url: <br>primary_ip: 173.192.111.232<br>certinfo: Array<br>primary_port: 443<br>local_ip: 10.40.142.6<br>local_port: 40676<br>

03:03:11 75.100.80.90  respuesta 

03:03:18 75.100.80.90 desde:user/121127 preparando para almacenar usuario : 1067861507

03:03:18 75.100.80.90  conectando a : https://jboss2.colfuturo.org/Formulario-Interno/ServicioIntegracionPotencial?wsdl

03:03:18 75.100.80.90  enviando datos : {"numeroDocumento":"1067861507",
            "nombre":"Víctor Enrique",
            "apellido":"Gómez León",
            "email":"victorhgl8@gmail.com",
            "fechaNacimiento":"18 ene 1984",
            "ciudadResidencia":"Viçosa - Minas Gerais, Brasil",
            "genero":"M",
            "celular":"",
            "listaInteresAreaEstudio":["Ciencias Agropecuarias y del Medio Ambiente"],
            "listaInteresIdioma":[""]}

03:03:48 75.100.80.90  error inesperado 1: wsdl error: Getting https://jboss2.colfuturo.org/Formulario-Interno/ServicioIntegracionPotencial?wsdl - HTTP ERROR: cURL ERROR: 28: Operation timed out after 30000 milliseconds with 0 bytes received<br>url: https://jboss2.colfuturo.org:443/Formulario-Interno/ServicioIntegracionPotencial?wsdl<br>content_type: <br>http_code: 0<br>header_size: 0<br>request_size: 236<br>filetime: -1<br>ssl_verify_result: 0<br>redirect_count: 0<br>total_time: 30.000402<br>namelookup_time: 2.6E-5<br>connect_time: 0.000294<br>pretransfer_time: 0.031518<br>size_upload: 0<br>size_download: 0<br>speed_download: 0<br>speed_upload: 0<br>download_content_length: -1<br>upload_content_length: 0<br>starttransfer_time: 0<br>redirect_time: 0<br>redirect_url: <br>primary_ip: 173.192.111.232<br>certinfo: Array<br>primary_port: 443<br>local_ip: 10.40.142.6<br>local_port: 40745<br>

03:03:48 75.100.80.90  respuesta 

03:03:03 190.85.16.26 desde:user/register preparando para almacenar usuario : 63276843

03:03:03 190.85.16.26  conectando a : https://jboss2.colfuturo.org/Formulario-Interno/ServicioIntegracionPotencial?wsdl

03:03:03 190.85.16.26  enviando datos : {"numeroDocumento":"63276843",
            "nombre":"ANDREA",
            "apellido":"GRANDE",
            "email":"andreita_labella@hotmail.com",
            "fechaNacimiento":"18 ene 1984",
            "ciudadResidencia":"Bucaramanga, Santander, Colombia",
            "genero":"F",
            "celular":"",
            "listaInteresAreaEstudio":["Derecho"],
            "listaInteresIdioma":[""]}

03:03:08 190.85.16.26  respuesta HTTP/1.1 200 OK
Server: Apache-Coyote/1.1
Set-Cookie: JSESSIONID=NWL7aG9kmA1F9Rcj4dicM9+I.undefined; Path=/Formulario-Interno
Content-Type: text/xml;charset=ISO-8859-1
Content-Length: 297
Date: Wed, 14 Mar 2018 20:25:25 GMT
Connection: close

&lt;soap:Envelope xmlns:soap=&quot;http://schemas.xmlsoap.org/soap/envelope/&quot;&gt;&lt;soap:Body&gt;&lt;ns1:crearFormularioPotencialResponse xmlns:ns1=&quot;http://www.colfuturo.org/potencial/ws/ServicioIntegracionPotencial&quot;&gt;&lt;return&gt;Creo formulario&lt;/return&gt;&lt;/ns1:crearFormularioPotencialResponse&gt;&lt;/soap:Body&gt;&lt;/soap:Envelope&gt;

03:03:08 200.69.103.254 desde:user/register preparando para almacenar usuario : 1018465594

03:03:08 200.69.103.254  conectando a : https://jboss2.colfuturo.org/Formulario-Interno/ServicioIntegracionPotencial?wsdl

03:03:08 200.69.103.254  enviando datos : {"numeroDocumento":"1018465594",
            "nombre":"Jhonatan",
            "apellido":"Torres",
            "email":"leonard_2103@hotmail.com",
            "fechaNacimiento":"18 ene 1984",
            "ciudadResidencia":"Bogotá, Colombia",
            "genero":"M",
            "celular":"",
            "listaInteresAreaEstudio":["Administración y Negocios","Ingeniería"],
            "listaInteresIdioma":[""]}

03:03:10 200.69.103.254  respuesta HTTP/1.1 200 OK
Server: Apache-Coyote/1.1
Set-Cookie: JSESSIONID=I0PtbgEkgJQfAw6Bo4hoNVJQ.undefined; Path=/Formulario-Interno
Content-Type: text/xml;charset=ISO-8859-1
Content-Length: 297
Date: Wed, 14 Mar 2018 20:30:28 GMT
Connection: close

&lt;soap:Envelope xmlns:soap=&quot;http://schemas.xmlsoap.org/soap/envelope/&quot;&gt;&lt;soap:Body&gt;&lt;ns1:crearFormularioPotencialResponse xmlns:ns1=&quot;http://www.colfuturo.org/potencial/ws/ServicioIntegracionPotencial&quot;&gt;&lt;return&gt;Creo formulario&lt;/return&gt;&lt;/ns1:crearFormularioPotencialResponse&gt;&lt;/soap:Body&gt;&lt;/soap:Envelope&gt;

03:03:25 200.91.206.98 desde:user/register preparando para almacenar usuario : 19271719

03:03:25 200.91.206.98  conectando a : https://jboss2.colfuturo.org/Formulario-Interno/ServicioIntegracionPotencial?wsdl

03:03:25 200.91.206.98  enviando datos : {"numeroDocumento":"19271719",
            "nombre":"pedro arturo",
            "apellido":"arevalo muñoz",
            "email":"pedroarturo.8837@gmail.com",
            "fechaNacimiento":"18 ene 1984",
            "ciudadResidencia":"Bogotá, Colombia",
            "genero":"M",
            "celular":"",
            "listaInteresAreaEstudio":[""],
            "listaInteresIdioma":["ingles"]}

03:03:26 200.91.206.98  respuesta HTTP/1.1 200 OK
Server: Apache-Coyote/1.1
Set-Cookie: JSESSIONID=6z2Zu8gHFlSPgSF51ywhtsa2.undefined; Path=/Formulario-Interno
Content-Type: text/xml;charset=ISO-8859-1
Content-Length: 297
Date: Wed, 14 Mar 2018 20:51:45 GMT
Connection: close

&lt;soap:Envelope xmlns:soap=&quot;http://schemas.xmlsoap.org/soap/envelope/&quot;&gt;&lt;soap:Body&gt;&lt;ns1:crearFormularioPotencialResponse xmlns:ns1=&quot;http://www.colfuturo.org/potencial/ws/ServicioIntegracionPotencial&quot;&gt;&lt;return&gt;Creo formulario&lt;/return&gt;&lt;/ns1:crearFormularioPotencialResponse&gt;&lt;/soap:Body&gt;&lt;/soap:Envelope&gt;

03:03:20 186.145.227.134 desde:user/157333 preparando para almacenar usuario : 7177075

03:03:20 186.145.227.134  conectando a : https://jboss2.colfuturo.org/Formulario-Interno/ServicioIntegracionPotencial?wsdl

03:03:20 186.145.227.134  enviando datos : {"numeroDocumento":"7177075",
            "nombre":"ALFONSO",
            "apellido":"CRUZ GUZMAN",
            "email":"alfonsocrg@gmail.com",
            "fechaNacimiento":"18 ene 1984",
            "ciudadResidencia":"Yopal, Casanare, Colombia",
            "genero":"M",
            "celular":"",
            "listaInteresAreaEstudio":["Ingeniería"],
            "listaInteresIdioma":["ingles"]}

03:03:20 186.145.227.134  respuesta HTTP/1.1 200 OK
Server: Apache-Coyote/1.1
Set-Cookie: JSESSIONID=XFFMwVrN04RM87F8u01OP7pL.undefined; Path=/Formulario-Interno
Content-Type: text/xml;charset=ISO-8859-1
Content-Length: 301
Date: Wed, 14 Mar 2018 20:53:39 GMT
Connection: close

&lt;soap:Envelope xmlns:soap=&quot;http://schemas.xmlsoap.org/soap/envelope/&quot;&gt;&lt;soap:Body&gt;&lt;ns1:crearFormularioPotencialResponse xmlns:ns1=&quot;http://www.colfuturo.org/potencial/ws/ServicioIntegracionPotencial&quot;&gt;&lt;return&gt;Encontro formulario&lt;/return&gt;&lt;/ns1:crearFormularioPotencialResponse&gt;&lt;/soap:Body&gt;&lt;/soap:Envelope&gt;

04:03:12 201.244.121.196 desde:user/register preparando para almacenar usuario : 1032431294

04:03:12 201.244.121.196  conectando a : https://jboss2.colfuturo.org/Formulario-Interno/ServicioIntegracionPotencial?wsdl

04:03:12 201.244.121.196  enviando datos : {"numeroDocumento":"1032431294",
            "nombre":"Camila Andrea",
            "apellido":"Donato Rozo",
            "email":"camiladonato09@gmail.com",
            "fechaNacimiento":"18 ene 1984",
            "ciudadResidencia":"Bogotá, Colombia",
            "genero":"F",
            "celular":"",
            "listaInteresAreaEstudio":[""],
            "listaInteresIdioma":["ingles"]}

04:03:17 201.244.121.196  respuesta HTTP/1.1 200 OK
Server: Apache-Coyote/1.1
Set-Cookie: JSESSIONID=R+2tX2xvM-xODW-RVFM3brAf.undefined; Path=/Formulario-Interno
Content-Type: text/xml;charset=ISO-8859-1
Content-Length: 297
Date: Wed, 14 Mar 2018 21:34:35 GMT
Connection: close

&lt;soap:Envelope xmlns:soap=&quot;http://schemas.xmlsoap.org/soap/envelope/&quot;&gt;&lt;soap:Body&gt;&lt;ns1:crearFormularioPotencialResponse xmlns:ns1=&quot;http://www.colfuturo.org/potencial/ws/ServicioIntegracionPotencial&quot;&gt;&lt;return&gt;Creo formulario&lt;/return&gt;&lt;/ns1:crearFormularioPotencialResponse&gt;&lt;/soap:Body&gt;&lt;/soap:Envelope&gt;

05:03:38 190.248.7.3 desde:user/register preparando para almacenar usuario : 78753140

05:03:38 190.248.7.3  conectando a : https://jboss2.colfuturo.org/Formulario-Interno/ServicioIntegracionPotencial?wsdl

05:03:38 190.248.7.3  enviando datos : {"numeroDocumento":"78753140",
            "nombre":"Jorge Antonio",
            "apellido":"Florez Vasquez",
            "email":"jorgeflorezv@gmail.com",
            "fechaNacimiento":"18 ene 1984",
            "ciudadResidencia":"Medellín, Antioquia, Colombia",
            "genero":"M",
            "celular":"",
            "listaInteresAreaEstudio":["Educación"],
            "listaInteresIdioma":[""]}

05:03:40 190.248.7.3  respuesta HTTP/1.1 200 OK
Server: Apache-Coyote/1.1
Set-Cookie: JSESSIONID=ZMg53792KUXLomBvQCRV+GsL.undefined; Path=/Formulario-Interno
Content-Type: text/xml;charset=ISO-8859-1
Content-Length: 297
Date: Wed, 14 Mar 2018 22:11:58 GMT
Connection: close

&lt;soap:Envelope xmlns:soap=&quot;http://schemas.xmlsoap.org/soap/envelope/&quot;&gt;&lt;soap:Body&gt;&lt;ns1:crearFormularioPotencialResponse xmlns:ns1=&quot;http://www.colfuturo.org/potencial/ws/ServicioIntegracionPotencial&quot;&gt;&lt;return&gt;Creo formulario&lt;/return&gt;&lt;/ns1:crearFormularioPotencialResponse&gt;&lt;/soap:Body&gt;&lt;/soap:Envelope&gt;

05:03:43 191.74.138.123 desde:user/189387 preparando para almacenar usuario : 1022993409

05:03:43 191.74.138.123  conectando a : https://jboss2.colfuturo.org/Formulario-Interno/ServicioIntegracionPotencial?wsdl

05:03:43 191.74.138.123  enviando datos : {"numeroDocumento":"1022993409",
            "nombre":"Pedro Fernando ",
            "apellido":"Fernández Espinosa",
            "email":"pffernandeze@unal.edu.co",
            "fechaNacimiento":"18 ene 1984",
            "ciudadResidencia":"Bogotá, Colombia",
            "genero":"M",
            "celular":"",
            "listaInteresAreaEstudio":[""],
            "listaInteresIdioma":[""]}

05:03:43 191.74.138.123  respuesta HTTP/1.1 200 OK
Server: Apache-Coyote/1.1
Set-Cookie: JSESSIONID=JtKBDIcSQQR2ZV5H6xV6H8RF.undefined; Path=/Formulario-Interno
Content-Type: text/xml;charset=ISO-8859-1
Content-Length: 301
Date: Wed, 14 Mar 2018 22:13:01 GMT
Connection: close

&lt;soap:Envelope xmlns:soap=&quot;http://schemas.xmlsoap.org/soap/envelope/&quot;&gt;&lt;soap:Body&gt;&lt;ns1:crearFormularioPotencialResponse xmlns:ns1=&quot;http://www.colfuturo.org/potencial/ws/ServicioIntegracionPotencial&quot;&gt;&lt;return&gt;Encontro formulario&lt;/return&gt;&lt;/ns1:crearFormularioPotencialResponse&gt;&lt;/soap:Body&gt;&lt;/soap:Envelope&gt;

05:03:16 186.83.196.150 desde:user/131912 preparando para almacenar usuario : 1057581534

05:03:16 186.83.196.150  conectando a : https://jboss2.colfuturo.org/Formulario-Interno/ServicioIntegracionPotencial?wsdl

05:03:16 186.83.196.150  enviando datos : {"numeroDocumento":"1057581534",
            "nombre":"Astrid Sara Mayerly",
            "apellido":"Cruz Martinez",
            "email":"alfilsara01@gmail.com",
            "fechaNacimiento":"18 ene 1984",
            "ciudadResidencia":"Sogamoso - Boyacá, Colombia",
            "genero":"F",
            "celular":"",
            "listaInteresAreaEstudio":[""],
            "listaInteresIdioma":["ingles"]}

05:03:17 186.83.196.150  respuesta HTTP/1.1 200 OK
Server: Apache-Coyote/1.1
Set-Cookie: JSESSIONID=NGSVJEk4zHNeuRctXZF7tYFE.undefined; Path=/Formulario-Interno
Content-Type: text/xml;charset=ISO-8859-1
Content-Length: 301
Date: Wed, 14 Mar 2018 22:33:35 GMT
Connection: close

&lt;soap:Envelope xmlns:soap=&quot;http://schemas.xmlsoap.org/soap/envelope/&quot;&gt;&lt;soap:Body&gt;&lt;ns1:crearFormularioPotencialResponse xmlns:ns1=&quot;http://www.colfuturo.org/potencial/ws/ServicioIntegracionPotencial&quot;&gt;&lt;return&gt;Encontro formulario&lt;/return&gt;&lt;/ns1:crearFormularioPotencialResponse&gt;&lt;/soap:Body&gt;&lt;/soap:Envelope&gt;

05:03:19 191.109.202.91 desde:user/register preparando para almacenar usuario : 1010040856

05:03:19 191.109.202.91  conectando a : https://jboss2.colfuturo.org/Formulario-Interno/ServicioIntegracionPotencial?wsdl

05:03:19 191.109.202.91  enviando datos : {"numeroDocumento":"1010040856",
            "nombre":"Maria Jose",
            "apellido":"Velasco Vivas",
            "email":"mariajose.velasco@gmail.com",
            "fechaNacimiento":"18 ene 1984",
            "ciudadResidencia":"Bogotá, Colombia",
            "genero":"F",
            "celular":"",
            "listaInteresAreaEstudio":["Ciencias Sociales"],
            "listaInteresIdioma":[""]}

05:03:20 191.109.202.91  respuesta HTTP/1.1 200 OK
Server: Apache-Coyote/1.1
Set-Cookie: JSESSIONID=rGr9rYWA7mLVQlx1EmZPquLi.undefined; Path=/Formulario-Interno
Content-Type: text/xml;charset=ISO-8859-1
Content-Length: 297
Date: Wed, 14 Mar 2018 22:37:39 GMT
Connection: close

&lt;soap:Envelope xmlns:soap=&quot;http://schemas.xmlsoap.org/soap/envelope/&quot;&gt;&lt;soap:Body&gt;&lt;ns1:crearFormularioPotencialResponse xmlns:ns1=&quot;http://www.colfuturo.org/potencial/ws/ServicioIntegracionPotencial&quot;&gt;&lt;return&gt;Creo formulario&lt;/return&gt;&lt;/ns1:crearFormularioPotencialResponse&gt;&lt;/soap:Body&gt;&lt;/soap:Envelope&gt;

05:03:31 161.10.175.242 desde:user/register preparando para almacenar usuario : 1127610046

05:03:31 161.10.175.242  conectando a : https://jboss2.colfuturo.org/Formulario-Interno/ServicioIntegracionPotencial?wsdl

05:03:31 161.10.175.242  enviando datos : {"numeroDocumento":"1127610046",
            "nombre":"Adria Aristides",
            "apellido":"Mora Ramirez",
            "email":"aristidesmoraa@gmail.com",
            "fechaNacimiento":"18 ene 1984",
            "ciudadResidencia":"Barranquilla, Atlántico, Colombia",
            "genero":"M",
            "celular":"",
            "listaInteresAreaEstudio":["Ciencias de la Salud"],
            "listaInteresIdioma":[""]}

05:03:32 161.10.175.242  respuesta HTTP/1.1 200 OK
Server: Apache-Coyote/1.1
Set-Cookie: JSESSIONID=Mz3JR-TtYOT9V9XbK4+oigeF.undefined; Path=/Formulario-Interno
Content-Type: text/xml;charset=ISO-8859-1
Content-Length: 297
Date: Wed, 14 Mar 2018 22:45:51 GMT
Connection: close

&lt;soap:Envelope xmlns:soap=&quot;http://schemas.xmlsoap.org/soap/envelope/&quot;&gt;&lt;soap:Body&gt;&lt;ns1:crearFormularioPotencialResponse xmlns:ns1=&quot;http://www.colfuturo.org/potencial/ws/ServicioIntegracionPotencial&quot;&gt;&lt;return&gt;Creo formulario&lt;/return&gt;&lt;/ns1:crearFormularioPotencialResponse&gt;&lt;/soap:Body&gt;&lt;/soap:Envelope&gt;

06:03:31 157.253.220.58 desde:user/register preparando para almacenar usuario : 1020728423

06:03:31 157.253.220.58  conectando a : https://jboss2.colfuturo.org/Formulario-Interno/ServicioIntegracionPotencial?wsdl

06:03:31 157.253.220.58  enviando datos : {"numeroDocumento":"1020728423",
            "nombre":"david",
            "apellido":"gomez",
            "email":"davidgyg@gmail.com",
            "fechaNacimiento":"18 ene 1984",
            "ciudadResidencia":"Bogotá, Colombia",
            "genero":"M",
            "celular":"",
            "listaInteresAreaEstudio":["Ingeniería"],
            "listaInteresIdioma":[""]}

06:03:32 157.253.220.58  respuesta HTTP/1.1 200 OK
Server: Apache-Coyote/1.1
Set-Cookie: JSESSIONID=HKiK8wFKGF16XhIo8JBNCmGJ.undefined; Path=/Formulario-Interno
Content-Type: text/xml;charset=ISO-8859-1
Content-Length: 297
Date: Wed, 14 Mar 2018 23:05:51 GMT
Connection: close

&lt;soap:Envelope xmlns:soap=&quot;http://schemas.xmlsoap.org/soap/envelope/&quot;&gt;&lt;soap:Body&gt;&lt;ns1:crearFormularioPotencialResponse xmlns:ns1=&quot;http://www.colfuturo.org/potencial/ws/ServicioIntegracionPotencial&quot;&gt;&lt;return&gt;Creo formulario&lt;/return&gt;&lt;/ns1:crearFormularioPotencialResponse&gt;&lt;/soap:Body&gt;&lt;/soap:Envelope&gt;

06:03:57 181.57.243.94 desde:user/register preparando para almacenar usuario : 1125228618

06:03:57 181.57.243.94  conectando a : https://jboss2.colfuturo.org/Formulario-Interno/ServicioIntegracionPotencial?wsdl

06:03:57 181.57.243.94  enviando datos : {"numeroDocumento":"1125228618",
            "nombre":"María Alejandra ",
            "apellido":"Gaitán Navarrete ",
            "email":"mariagana@outlook.com",
            "fechaNacimiento":"18 ene 1984",
            "ciudadResidencia":"Bogotá, Colombia",
            "genero":"F",
            "celular":"",
            "listaInteresAreaEstudio":["Arquitectura y Diseño"],
            "listaInteresIdioma":[""]}

06:03:58 181.57.243.94  respuesta HTTP/1.1 200 OK
Server: Apache-Coyote/1.1
Set-Cookie: JSESSIONID=OTQrIE3bfVgoWqRBnl+vwO9J.undefined; Path=/Formulario-Interno
Content-Type: text/xml;charset=ISO-8859-1
Content-Length: 297
Date: Wed, 14 Mar 2018 23:38:17 GMT
Connection: close

&lt;soap:Envelope xmlns:soap=&quot;http://schemas.xmlsoap.org/soap/envelope/&quot;&gt;&lt;soap:Body&gt;&lt;ns1:crearFormularioPotencialResponse xmlns:ns1=&quot;http://www.colfuturo.org/potencial/ws/ServicioIntegracionPotencial&quot;&gt;&lt;return&gt;Creo formulario&lt;/return&gt;&lt;/ns1:crearFormularioPotencialResponse&gt;&lt;/soap:Body&gt;&lt;/soap:Envelope&gt;

08:03:49 179.33.92.38 desde:user/register preparando para almacenar usuario : 109826760

08:03:49 179.33.92.38  conectando a : https://jboss2.colfuturo.org/Formulario-Interno/ServicioIntegracionPotencial?wsdl

08:03:49 179.33.92.38  enviando datos : {"numeroDocumento":"109826760",
            "nombre":"Jean Paul",
            "apellido":"Gualdron Cardozo",
            "email":"paulsukuri@gmail.com",
            "fechaNacimiento":"18 ene 1984",
            "ciudadResidencia":"Bogotá, Colombia",
            "genero":"M",
            "celular":"",
            "listaInteresAreaEstudio":[""],
            "listaInteresIdioma":["ingles"]}

08:03:51 179.33.92.38  respuesta HTTP/1.1 200 OK
Server: Apache-Coyote/1.1
Set-Cookie: JSESSIONID=kkpkubrV-Ynym7RIq74Fgzqk.undefined; Path=/Formulario-Interno
Content-Type: text/xml;charset=ISO-8859-1
Content-Length: 297
Date: Thu, 15 Mar 2018 01:05:09 GMT
Connection: close

&lt;soap:Envelope xmlns:soap=&quot;http://schemas.xmlsoap.org/soap/envelope/&quot;&gt;&lt;soap:Body&gt;&lt;ns1:crearFormularioPotencialResponse xmlns:ns1=&quot;http://www.colfuturo.org/potencial/ws/ServicioIntegracionPotencial&quot;&gt;&lt;return&gt;Creo formulario&lt;/return&gt;&lt;/ns1:crearFormularioPotencialResponse&gt;&lt;/soap:Body&gt;&lt;/soap:Envelope&gt;

08:03:16 200.6.191.106 desde:user/register preparando para almacenar usuario : 1107048346

08:03:16 200.6.191.106  conectando a : https://jboss2.colfuturo.org/Formulario-Interno/ServicioIntegracionPotencial?wsdl

08:03:16 200.6.191.106  enviando datos : {"numeroDocumento":"1107048346",
            "nombre":"Francisco",
            "apellido":"Rivera",
            "email":"franciscoriveramojica@gmail.com",
            "fechaNacimiento":"18 ene 1984",
            "ciudadResidencia":"Cali, Valle del Cauca, Colombia",
            "genero":"M",
            "celular":"",
            "listaInteresAreaEstudio":["Administración y Negocios","Economía"],
            "listaInteresIdioma":[""]}

08:03:17 200.6.191.106  respuesta HTTP/1.1 200 OK
Server: Apache-Coyote/1.1
Set-Cookie: JSESSIONID=TfL1dSB6g-d0JHiPB7smy6G0.undefined; Path=/Formulario-Interno
Content-Type: text/xml;charset=ISO-8859-1
Content-Length: 297
Date: Thu, 15 Mar 2018 01:57:36 GMT
Connection: close

&lt;soap:Envelope xmlns:soap=&quot;http://schemas.xmlsoap.org/soap/envelope/&quot;&gt;&lt;soap:Body&gt;&lt;ns1:crearFormularioPotencialResponse xmlns:ns1=&quot;http://www.colfuturo.org/potencial/ws/ServicioIntegracionPotencial&quot;&gt;&lt;return&gt;Creo formulario&lt;/return&gt;&lt;/ns1:crearFormularioPotencialResponse&gt;&lt;/soap:Body&gt;&lt;/soap:Envelope&gt;

09:03:37 190.25.168.127 desde:user/register preparando para almacenar usuario : 1012346647

09:03:37 190.25.168.127  conectando a : https://jboss2.colfuturo.org/Formulario-Interno/ServicioIntegracionPotencial?wsdl

09:03:37 190.25.168.127  enviando datos : {"numeroDocumento":"1012346647",
            "nombre":"JHON ALEXANDER",
            "apellido":"FONSECA FRANCO",
            "email":"jfonseca6647@ean.edu.co",
            "fechaNacimiento":"18 ene 1984",
            "ciudadResidencia":"Bogotá, Colombia",
            "genero":"M",
            "celular":"",
            "listaInteresAreaEstudio":["Administración y Negocios"],
            "listaInteresIdioma":["ingles"]}

09:03:38 190.25.168.127  respuesta HTTP/1.1 200 OK
Server: Apache-Coyote/1.1
Set-Cookie: JSESSIONID=o5fVR9xx-4omraOIw1RXDtYI.undefined; Path=/Formulario-Interno
Content-Type: text/xml;charset=ISO-8859-1
Content-Length: 297
Date: Thu, 15 Mar 2018 02:14:57 GMT
Connection: close

&lt;soap:Envelope xmlns:soap=&quot;http://schemas.xmlsoap.org/soap/envelope/&quot;&gt;&lt;soap:Body&gt;&lt;ns1:crearFormularioPotencialResponse xmlns:ns1=&quot;http://www.colfuturo.org/potencial/ws/ServicioIntegracionPotencial&quot;&gt;&lt;return&gt;Creo formulario&lt;/return&gt;&lt;/ns1:crearFormularioPotencialResponse&gt;&lt;/soap:Body&gt;&lt;/soap:Envelope&gt;

09:03:35 186.170.248.232 desde:user/155997 preparando para almacenar usuario : 1104710001

09:03:35 186.170.248.232  conectando a : https://jboss2.colfuturo.org/Formulario-Interno/ServicioIntegracionPotencial?wsdl

09:03:35 186.170.248.232  enviando datos : {"numeroDocumento":"1104710001",
            "nombre":"Anibal",
            "apellido":"Castaño Reyes",
            "email":"anibalcastano@gmail.com",
            "fechaNacimiento":"18 ene 1984",
            "ciudadResidencia":"Bogotá, Colombia",
            "genero":"M",
            "celular":"",
            "listaInteresAreaEstudio":["Artes"],
            "listaInteresIdioma":[""]}

09:03:35 186.170.248.232  respuesta HTTP/1.1 200 OK
Server: Apache-Coyote/1.1
Set-Cookie: JSESSIONID=T+n8kV24oir45+qeMmr9S65K.undefined; Path=/Formulario-Interno
Content-Type: text/xml;charset=ISO-8859-1
Content-Length: 301
Date: Thu, 15 Mar 2018 02:32:53 GMT
Connection: close

&lt;soap:Envelope xmlns:soap=&quot;http://schemas.xmlsoap.org/soap/envelope/&quot;&gt;&lt;soap:Body&gt;&lt;ns1:crearFormularioPotencialResponse xmlns:ns1=&quot;http://www.colfuturo.org/potencial/ws/ServicioIntegracionPotencial&quot;&gt;&lt;return&gt;Encontro formulario&lt;/return&gt;&lt;/ns1:crearFormularioPotencialResponse&gt;&lt;/soap:Body&gt;&lt;/soap:Envelope&gt;

09:03:47 191.109.254.74 desde:user/register preparando para almacenar usuario : 1014294957

09:03:47 191.109.254.74  conectando a : https://jboss2.colfuturo.org/Formulario-Interno/ServicioIntegracionPotencial?wsdl

09:03:47 191.109.254.74  enviando datos : {"numeroDocumento":"1014294957",
            "nombre":"Juan camilo",
            "apellido":"Martinez lopez",
            "email":"Martinezlopezjuancamilo@gmail.com",
            "fechaNacimiento":"18 ene 1984",
            "ciudadResidencia":"Bogotá, Colombia",
            "genero":"M",
            "celular":"",
            "listaInteresAreaEstudio":["Ingeniería"],
            "listaInteresIdioma":["ingles"]}

09:03:48 191.109.254.74  respuesta HTTP/1.1 200 OK
Server: Apache-Coyote/1.1
Set-Cookie: JSESSIONID=cogMy+T9rBnqKmJAbcc7R8n0.undefined; Path=/Formulario-Interno
Content-Type: text/xml;charset=ISO-8859-1
Content-Length: 297
Date: Thu, 15 Mar 2018 02:40:07 GMT
Connection: close

&lt;soap:Envelope xmlns:soap=&quot;http://schemas.xmlsoap.org/soap/envelope/&quot;&gt;&lt;soap:Body&gt;&lt;ns1:crearFormularioPotencialResponse xmlns:ns1=&quot;http://www.colfuturo.org/potencial/ws/ServicioIntegracionPotencial&quot;&gt;&lt;return&gt;Creo formulario&lt;/return&gt;&lt;/ns1:crearFormularioPotencialResponse&gt;&lt;/soap:Body&gt;&lt;/soap:Envelope&gt;

10:03:38 181.136.8.221 desde:user/register preparando para almacenar usuario : 45451658

10:03:38 181.136.8.221  conectando a : https://jboss2.colfuturo.org/Formulario-Interno/ServicioIntegracionPotencial?wsdl

10:03:38 181.136.8.221  enviando datos : {"numeroDocumento":"45451658",
            "nombre":"monica",
            "apellido":"melendez",
            "email":"kmoni1@hotmail.com",
            "fechaNacimiento":"18 ene 1984",
            "ciudadResidencia":"Cartagena, Bolívar, Colombia",
            "genero":"F",
            "celular":"",
            "listaInteresAreaEstudio":["Administración y Negocios"],
            "listaInteresIdioma":["ingles"]}

10:03:39 181.136.8.221  respuesta HTTP/1.1 200 OK
Server: Apache-Coyote/1.1
Set-Cookie: JSESSIONID=wqr1XO6gdcIp3u2EqjVXCGIP.undefined; Path=/Formulario-Interno
Content-Type: text/xml;charset=ISO-8859-1
Content-Length: 297
Date: Thu, 15 Mar 2018 03:25:58 GMT
Connection: close

&lt;soap:Envelope xmlns:soap=&quot;http://schemas.xmlsoap.org/soap/envelope/&quot;&gt;&lt;soap:Body&gt;&lt;ns1:crearFormularioPotencialResponse xmlns:ns1=&quot;http://www.colfuturo.org/potencial/ws/ServicioIntegracionPotencial&quot;&gt;&lt;return&gt;Creo formulario&lt;/return&gt;&lt;/ns1:crearFormularioPotencialResponse&gt;&lt;/soap:Body&gt;&lt;/soap:Envelope&gt;

