07:11:49 10.184.26.125  conectando a : https://jboss2.colfuturo.org/Formulario-Interno/ServicioIntegracionPotencial?wsdl

07:11:49 10.184.26.125  enviando datos : {"numeroDocumento":"1111788006",
            "nombre":"Joyner Esteban ",
            "apellido":"Caicedo Zuñiga",
            "email":"joyner.caicedo@gmail.com",
            "fechaNacimiento":"29-11-2018",
            "ciudadResidencia":"Cali, Valle del Cauca, Colombia",
            "genero":"Masculino",
            "celular":"",
            "listaInteresAreaEstudio":["Administraci\u00f3n y Negocios","Ingenier\u00eda"],
            "listaInteresIdioma":["ingles","frances"]}

07:11:52 10.184.26.125  client->fault: 1

07:11:25 10.184.26.125 desde:user/register preparando para almacenar usuario : 1144129838

07:11:25 10.184.26.125  conectando a : https://jboss2.colfuturo.org/Formulario-Interno/ServicioIntegracionPotencial?wsdl

07:11:25 10.184.26.125  enviando datos : {"numeroDocumento":"1144129838",
            "nombre":"Erika",
            "apellido":"Guzmán",
            "email":"guzmi989@hotmail.com",
            "fechaNacimiento":"29-11-2018",
            "ciudadResidencia":"Bogotá, Colombia",
            "genero":"F",
            "celular":"",
            "listaInteresAreaEstudio":["Artes"],
            "listaInteresIdioma":[""]}

07:11:25 10.184.26.125  respuesta HTTP/1.1 100 Continue

HTTP/1.1 200 OK
Server: nginx/1.14.0
Date: Fri, 30 Nov 2018 00:23:53 GMT
Content-Type: text/xml;charset=ISO-8859-1
Content-Length: 297
Connection: keep-alive
Vary: Accept-Encoding
Set-Cookie: JSESSIONID=cbStPvUIAPz7d2CdtrRlkVKZ.undefined; Path=/Formulario-Interno
X-CdnHost: ns10.colfuturo.org

&lt;soap:Envelope xmlns:soap=&quot;http://schemas.xmlsoap.org/soap/envelope/&quot;&gt;&lt;soap:Body&gt;&lt;ns1:crearFormularioPotencialResponse xmlns:ns1=&quot;http://www.colfuturo.org/potencial/ws/ServicioIntegracionPotencial&quot;&gt;&lt;return&gt;Creo formulario&lt;/return&gt;&lt;/ns1:crearFormularioPotencialResponse&gt;&lt;/soap:Body&gt;&lt;/soap:Envelope&gt;

07:11:29 10.184.26.125 desde:user/register preparando para almacenar usuario : 1090470991

07:11:29 10.184.26.125  conectando a : https://jboss2.colfuturo.org/Formulario-Interno/ServicioIntegracionPotencial?wsdl

07:11:29 10.184.26.125  enviando datos : {"numeroDocumento":"1090470991",
            "nombre":"Kelly Joane",
            "apellido":"Leon Torres",
            "email":"kellyjleont@gmail.com",
            "fechaNacimiento":"29-11-2018",
            "ciudadResidencia":"Bogotá, Colombia",
            "genero":"F",
            "celular":"",
            "listaInteresAreaEstudio":["Ciencias de la Salud"],
            "listaInteresIdioma":[""]}

07:11:29 10.184.26.125  respuesta HTTP/1.1 100 Continue

HTTP/1.1 200 OK
Server: nginx/1.14.0
Date: Fri, 30 Nov 2018 00:31:57 GMT
Content-Type: text/xml;charset=ISO-8859-1
Content-Length: 297
Connection: keep-alive
Vary: Accept-Encoding
Set-Cookie: JSESSIONID=JR6auU9OcTn1PSyBAbXHZQL2.undefined; Path=/Formulario-Interno
X-CdnHost: ns10.colfuturo.org

&lt;soap:Envelope xmlns:soap=&quot;http://schemas.xmlsoap.org/soap/envelope/&quot;&gt;&lt;soap:Body&gt;&lt;ns1:crearFormularioPotencialResponse xmlns:ns1=&quot;http://www.colfuturo.org/potencial/ws/ServicioIntegracionPotencial&quot;&gt;&lt;return&gt;Creo formulario&lt;/return&gt;&lt;/ns1:crearFormularioPotencialResponse&gt;&lt;/soap:Body&gt;&lt;/soap:Envelope&gt;

08:11:10 10.184.26.125 desde:user/register preparando para almacenar usuario : 1019106106

08:11:10 10.184.26.125  conectando a : https://jboss2.colfuturo.org/Formulario-Interno/ServicioIntegracionPotencial?wsdl

08:11:10 10.184.26.125  enviando datos : {"numeroDocumento":"1019106106",
            "nombre":"Daniela",
            "apellido":"Muñoz Giraldo",
            "email":"danimunozgi@hotmail.com",
            "fechaNacimiento":"29-11-2018",
            "ciudadResidencia":"Bogotá, Colombia",
            "genero":"F",
            "celular":"",
            "listaInteresAreaEstudio":["Ciencias Básicas"],
            "listaInteresIdioma":[""]}

08:11:11 10.184.26.125  respuesta HTTP/1.1 100 Continue

HTTP/1.1 200 OK
Server: nginx/1.14.0
Date: Fri, 30 Nov 2018 01:48:38 GMT
Content-Type: text/xml;charset=ISO-8859-1
Content-Length: 297
Connection: keep-alive
Vary: Accept-Encoding
Set-Cookie: JSESSIONID=o319G-zbOJcmctTTF+1+rAHA.undefined; Path=/Formulario-Interno
X-CdnHost: ns10.colfuturo.org

&lt;soap:Envelope xmlns:soap=&quot;http://schemas.xmlsoap.org/soap/envelope/&quot;&gt;&lt;soap:Body&gt;&lt;ns1:crearFormularioPotencialResponse xmlns:ns1=&quot;http://www.colfuturo.org/potencial/ws/ServicioIntegracionPotencial&quot;&gt;&lt;return&gt;Creo formulario&lt;/return&gt;&lt;/ns1:crearFormularioPotencialResponse&gt;&lt;/soap:Body&gt;&lt;/soap:Envelope&gt;

09:11:03 10.184.26.125  conectando a : https://jboss2.colfuturo.org/Formulario-Interno/ServicioIntegracionPotencial?wsdl

09:11:03 10.184.26.125  enviando datos : {"numeroDocumento":"1111788006",
            "nombre":"Joyner Esteban ",
            "apellido":"Caicedo Zuñiga",
            "email":"joyner.caicedo@gmail.com",
            "fechaNacimiento":"29-11-2018",
            "ciudadResidencia":"Cali, Valle del Cauca, Colombia",
            "genero":"Masculino",
            "celular":"",
            "listaInteresAreaEstudio":["Administraci\u00f3n y Negocios","Ingenier\u00eda"],
            "listaInteresIdioma":["ingles","frances"]}

09:11:06 10.184.26.125  client->fault: 1

09:11:11 10.184.26.125 desde:user/register preparando para almacenar usuario : 1031141520

09:11:11 10.184.26.125  conectando a : https://jboss2.colfuturo.org/Formulario-Interno/ServicioIntegracionPotencial?wsdl

09:11:11 10.184.26.125  enviando datos : {"numeroDocumento":"1031141520",
            "nombre":"GINA LORENA ",
            "apellido":"SIERRA VENTO",
            "email":"koresierra@gmail.com",
            "fechaNacimiento":"29-11-2018",
            "ciudadResidencia":"Bogotá, Colombia",
            "genero":"F",
            "celular":"",
            "listaInteresAreaEstudio":["Educación"],
            "listaInteresIdioma":["ingles","frances"]}

09:11:12 10.184.26.125  respuesta HTTP/1.1 100 Continue

HTTP/1.1 200 OK
Server: nginx/1.14.0
Date: Fri, 30 Nov 2018 02:27:39 GMT
Content-Type: text/xml;charset=ISO-8859-1
Content-Length: 297
Connection: keep-alive
Vary: Accept-Encoding
Set-Cookie: JSESSIONID=v3dJqiPblXc7v4Hj8SqjHkqM.undefined; Path=/Formulario-Interno
X-CdnHost: ns10.colfuturo.org

&lt;soap:Envelope xmlns:soap=&quot;http://schemas.xmlsoap.org/soap/envelope/&quot;&gt;&lt;soap:Body&gt;&lt;ns1:crearFormularioPotencialResponse xmlns:ns1=&quot;http://www.colfuturo.org/potencial/ws/ServicioIntegracionPotencial&quot;&gt;&lt;return&gt;Creo formulario&lt;/return&gt;&lt;/ns1:crearFormularioPotencialResponse&gt;&lt;/soap:Body&gt;&lt;/soap:Envelope&gt;

11:11:26 10.184.26.125 desde:user/register preparando para almacenar usuario : 1130589491

11:11:26 10.184.26.125  conectando a : https://jboss2.colfuturo.org/Formulario-Interno/ServicioIntegracionPotencial?wsdl

11:11:26 10.184.26.125  enviando datos : {"numeroDocumento":"1130589491",
            "nombre":"Mario Alexis",
            "apellido":"alvarez capurro",
            "email":"mario_ac23@hotmail.com",
            "fechaNacimiento":"29-11-2018",
            "ciudadResidencia":"Santiago de Cali, Cali, Valle del Cauca, Colombia",
            "genero":"M",
            "celular":"",
            "listaInteresAreaEstudio":["Arquitectura y Diseño"],
            "listaInteresIdioma":[""]}

11:11:27 10.184.26.125  respuesta HTTP/1.1 100 Continue

HTTP/1.1 200 OK
Server: nginx/1.14.0
Date: Fri, 30 Nov 2018 04:11:54 GMT
Content-Type: text/xml;charset=ISO-8859-1
Content-Length: 297
Connection: keep-alive
Vary: Accept-Encoding
Set-Cookie: JSESSIONID=Uo1UgRGGB+FwvOdK9kEeuvof.undefined; Path=/Formulario-Interno
X-CdnHost: ns10.colfuturo.org

&lt;soap:Envelope xmlns:soap=&quot;http://schemas.xmlsoap.org/soap/envelope/&quot;&gt;&lt;soap:Body&gt;&lt;ns1:crearFormularioPotencialResponse xmlns:ns1=&quot;http://www.colfuturo.org/potencial/ws/ServicioIntegracionPotencial&quot;&gt;&lt;return&gt;Creo formulario&lt;/return&gt;&lt;/ns1:crearFormularioPotencialResponse&gt;&lt;/soap:Body&gt;&lt;/soap:Envelope&gt;

11:11:34 10.184.26.125 desde:user/register preparando para almacenar usuario : 1018477495

11:11:34 10.184.26.125  conectando a : https://jboss2.colfuturo.org/Formulario-Interno/ServicioIntegracionPotencial?wsdl

11:11:34 10.184.26.125  enviando datos : {"numeroDocumento":"1018477495",
            "nombre":"Nelson Iván ",
            "apellido":"Cardozo Pérez",
            "email":"nicp6218@gmail.com",
            "fechaNacimiento":"29-11-2018",
            "ciudadResidencia":"Bogotá, Colombia",
            "genero":"M",
            "celular":"",
            "listaInteresAreaEstudio":["Ciencias Sociales"],
            "listaInteresIdioma":[""]}

11:11:35 10.184.26.125  respuesta HTTP/1.1 100 Continue

HTTP/1.1 200 OK
Server: nginx/1.14.0
Date: Fri, 30 Nov 2018 04:31:02 GMT
Content-Type: text/xml;charset=ISO-8859-1
Content-Length: 297
Connection: keep-alive
Vary: Accept-Encoding
Set-Cookie: JSESSIONID=3uM8i22c7nitxwPC06OPMz4W.undefined; Path=/Formulario-Interno
X-CdnHost: ns10.colfuturo.org

&lt;soap:Envelope xmlns:soap=&quot;http://schemas.xmlsoap.org/soap/envelope/&quot;&gt;&lt;soap:Body&gt;&lt;ns1:crearFormularioPotencialResponse xmlns:ns1=&quot;http://www.colfuturo.org/potencial/ws/ServicioIntegracionPotencial&quot;&gt;&lt;return&gt;Creo formulario&lt;/return&gt;&lt;/ns1:crearFormularioPotencialResponse&gt;&lt;/soap:Body&gt;&lt;/soap:Envelope&gt;

