12:07:20 190.236.204.124 desde:user/register preparando para almacenar usuario : 1026290730

12:07:20 190.236.204.124  conectando a : https://jboss2.colfuturo.org/Formulario-Interno/ServicioIntegracionPotencial?wsdl

12:07:20 190.236.204.124  enviando datos : {"numeroDocumento":"1026290730",
            "nombre":"Camila andrea",
            "apellido":"Sanchez Pulido",
            "email":"Camilasanchez@usantotomas.edu.co",
            "fechaNacimiento":"31-07-2018",
            "ciudadResidencia":"Bogotá, Colombia",
            "genero":"F",
            "celular":"",
            "listaInteresAreaEstudio":["Ciencias Sociales"],
            "listaInteresIdioma":["ingles"]}

12:07:26 190.236.204.124  respuesta HTTP/1.1 200 OK
Server: Apache-Coyote/1.1
Set-Cookie: JSESSIONID=QBbAqM4Z9ECS81rnbaXG8kLj.undefined; Path=/Formulario-Interno
Content-Type: text/xml;charset=ISO-8859-1
Content-Length: 297
Date: Tue, 31 Jul 2018 05:21:40 GMT
Connection: close

&lt;soap:Envelope xmlns:soap=&quot;http://schemas.xmlsoap.org/soap/envelope/&quot;&gt;&lt;soap:Body&gt;&lt;ns1:crearFormularioPotencialResponse xmlns:ns1=&quot;http://www.colfuturo.org/potencial/ws/ServicioIntegracionPotencial&quot;&gt;&lt;return&gt;Creo formulario&lt;/return&gt;&lt;/ns1:crearFormularioPotencialResponse&gt;&lt;/soap:Body&gt;&lt;/soap:Envelope&gt;

12:07:02 190.85.211.156 desde:user/register preparando para almacenar usuario : 1085263639

12:07:02 190.85.211.156  conectando a : https://jboss2.colfuturo.org/Formulario-Interno/ServicioIntegracionPotencial?wsdl

12:07:02 190.85.211.156  enviando datos : {"numeroDocumento":"1085263639",
            "nombre":"christian andres",
            "apellido":"palaciosmartinez",
            "email":"christianurgenciologo@gmail.com",
            "fechaNacimiento":"31-07-2018",
            "ciudadResidencia":"Cali, Valle del Cauca, Colombia",
            "genero":"M",
            "celular":"",
            "listaInteresAreaEstudio":["Ciencias Básicas","Ciencias de la Salud"],
            "listaInteresIdioma":["ingles"]}

12:07:07 190.85.211.156  respuesta HTTP/1.1 200 OK
Server: Apache-Coyote/1.1
Set-Cookie: JSESSIONID=fwXek5EuAMTn1JVT+7lqMgAz.undefined; Path=/Formulario-Interno
Content-Type: text/xml;charset=ISO-8859-1
Content-Length: 297
Date: Tue, 31 Jul 2018 05:32:22 GMT
Connection: close

&lt;soap:Envelope xmlns:soap=&quot;http://schemas.xmlsoap.org/soap/envelope/&quot;&gt;&lt;soap:Body&gt;&lt;ns1:crearFormularioPotencialResponse xmlns:ns1=&quot;http://www.colfuturo.org/potencial/ws/ServicioIntegracionPotencial&quot;&gt;&lt;return&gt;Creo formulario&lt;/return&gt;&lt;/ns1:crearFormularioPotencialResponse&gt;&lt;/soap:Body&gt;&lt;/soap:Envelope&gt;

12:07:59 190.85.211.156 desde:user/223091 preparando para almacenar usuario : 1085263639

12:07:59 190.85.211.156  conectando a : https://jboss2.colfuturo.org/Formulario-Interno/ServicioIntegracionPotencial?wsdl

12:07:59 190.85.211.156  enviando datos : {"numeroDocumento":"1085263639",
            "nombre":"christian andres",
            "apellido":"palaciosmartinez",
            "email":"christianurgenciologo@gmail.com",
            "fechaNacimiento":"31-07-2018",
            "ciudadResidencia":"Cali, Valle del Cauca, Colombia",
            "genero":"M",
            "celular":"",
            "listaInteresAreaEstudio":["Ciencias Básicas","Ciencias de la Salud"],
            "listaInteresIdioma":["ingles"]}

12:07:03 190.85.211.156  respuesta HTTP/1.1 200 OK
Server: Apache-Coyote/1.1
Set-Cookie: JSESSIONID=ss9d92aRtIAxkov8+Lh-zFpr.undefined; Path=/Formulario-Interno
Content-Type: text/xml;charset=ISO-8859-1
Content-Length: 301
Date: Tue, 31 Jul 2018 05:40:17 GMT
Connection: close

&lt;soap:Envelope xmlns:soap=&quot;http://schemas.xmlsoap.org/soap/envelope/&quot;&gt;&lt;soap:Body&gt;&lt;ns1:crearFormularioPotencialResponse xmlns:ns1=&quot;http://www.colfuturo.org/potencial/ws/ServicioIntegracionPotencial&quot;&gt;&lt;return&gt;Encontro formulario&lt;/return&gt;&lt;/ns1:crearFormularioPotencialResponse&gt;&lt;/soap:Body&gt;&lt;/soap:Envelope&gt;

07:07:13 200.14.232.173 desde:user/register preparando para almacenar usuario : 1030607890

07:07:13 200.14.232.173  conectando a : https://jboss2.colfuturo.org/Formulario-Interno/ServicioIntegracionPotencial?wsdl

07:07:13 200.14.232.173  enviando datos : {"numeroDocumento":"1030607890",
            "nombre":"Luisa Fernanda",
            "apellido":"León Morales",
            "email":"luisa.morales.2302@gmail.com",
            "fechaNacimiento":"31-07-2018",
            "ciudadResidencia":"Bogotá, Colombia",
            "genero":"F",
            "celular":"",
            "listaInteresAreaEstudio":[""],
            "listaInteresIdioma":["ingles"]}

07:07:22 200.14.232.173  respuesta HTTP/1.1 200 OK
Server: Apache-Coyote/1.1
Set-Cookie: JSESSIONID=KrVh2oRXnOgkNJKQYRjPmstP.undefined; Path=/Formulario-Interno
Content-Type: text/xml;charset=ISO-8859-1
Content-Length: 297
Date: Tue, 31 Jul 2018 12:44:37 GMT
Connection: close

&lt;soap:Envelope xmlns:soap=&quot;http://schemas.xmlsoap.org/soap/envelope/&quot;&gt;&lt;soap:Body&gt;&lt;ns1:crearFormularioPotencialResponse xmlns:ns1=&quot;http://www.colfuturo.org/potencial/ws/ServicioIntegracionPotencial&quot;&gt;&lt;return&gt;Creo formulario&lt;/return&gt;&lt;/ns1:crearFormularioPotencialResponse&gt;&lt;/soap:Body&gt;&lt;/soap:Envelope&gt;

08:07:05 186.85.245.215 desde:user/register preparando para almacenar usuario : 1024573188

08:07:05 186.85.245.215  conectando a : https://jboss2.colfuturo.org/Formulario-Interno/ServicioIntegracionPotencial?wsdl

08:07:05 186.85.245.215  enviando datos : {"numeroDocumento":"1024573188",
            "nombre":"Alberth Stiv",
            "apellido":"García López",
            "email":"alberths.garcial@unilibrebog.edu.co",
            "fechaNacimiento":"31-07-2018",
            "ciudadResidencia":"Bogotá, Colombia",
            "genero":"M",
            "celular":"",
            "listaInteresAreaEstudio":["Administración y Negocios"],
            "listaInteresIdioma":["ingles"]}

08:07:11 186.85.245.215  respuesta HTTP/1.1 200 OK
Server: Apache-Coyote/1.1
Set-Cookie: JSESSIONID=kh5LtU1VlLiR6yaj5F7aNuQh.undefined; Path=/Formulario-Interno
Content-Type: text/xml;charset=ISO-8859-1
Content-Length: 297
Date: Tue, 31 Jul 2018 13:05:25 GMT
Connection: close

&lt;soap:Envelope xmlns:soap=&quot;http://schemas.xmlsoap.org/soap/envelope/&quot;&gt;&lt;soap:Body&gt;&lt;ns1:crearFormularioPotencialResponse xmlns:ns1=&quot;http://www.colfuturo.org/potencial/ws/ServicioIntegracionPotencial&quot;&gt;&lt;return&gt;Creo formulario&lt;/return&gt;&lt;/ns1:crearFormularioPotencialResponse&gt;&lt;/soap:Body&gt;&lt;/soap:Envelope&gt;

08:07:09 153.2.247.36 desde:user/register preparando para almacenar usuario : 1216721438

08:07:09 153.2.247.36  conectando a : https://jboss2.colfuturo.org/Formulario-Interno/ServicioIntegracionPotencial?wsdl

08:07:09 153.2.247.36  enviando datos : {"numeroDocumento":"1216721438",
            "nombre":"Sandra Milena",
            "apellido":"Osorno Torres",
            "email":"sandramot28@gmail.com",
            "fechaNacimiento":"31-07-2018",
            "ciudadResidencia":"Medellín, Antioquia, Colombia",
            "genero":"F",
            "celular":"",
            "listaInteresAreaEstudio":["Administración y Negocios"],
            "listaInteresIdioma":["ingles","frances"]}

08:07:14 153.2.247.36  respuesta HTTP/1.1 200 OK
Server: Apache-Coyote/1.1
Set-Cookie: JSESSIONID=1kxWES+tWiMVpyj-BvUZysXu.undefined; Path=/Formulario-Interno
Content-Type: text/xml;charset=ISO-8859-1
Content-Length: 297
Date: Tue, 31 Jul 2018 13:09:29 GMT
Connection: close

&lt;soap:Envelope xmlns:soap=&quot;http://schemas.xmlsoap.org/soap/envelope/&quot;&gt;&lt;soap:Body&gt;&lt;ns1:crearFormularioPotencialResponse xmlns:ns1=&quot;http://www.colfuturo.org/potencial/ws/ServicioIntegracionPotencial&quot;&gt;&lt;return&gt;Creo formulario&lt;/return&gt;&lt;/ns1:crearFormularioPotencialResponse&gt;&lt;/soap:Body&gt;&lt;/soap:Envelope&gt;

08:07:55 181.54.47.22 desde:user/register preparando para almacenar usuario : 52901178

08:07:55 181.54.47.22  conectando a : https://jboss2.colfuturo.org/Formulario-Interno/ServicioIntegracionPotencial?wsdl

08:07:55 181.54.47.22  enviando datos : {"numeroDocumento":"52901178",
            "nombre":"Adriana María",
            "apellido":"Londoño Jaramillo",
            "email":"alondono-2@hotmail.com",
            "fechaNacimiento":"31-07-2018",
            "ciudadResidencia":"Bogotá, Colombia",
            "genero":"F",
            "celular":"",
            "listaInteresAreaEstudio":["Ciencias Políticas y Relaciones Internacionales","Ciencias Sociales"],
            "listaInteresIdioma":["ingles"]}

08:07:00 181.54.47.22  respuesta HTTP/1.1 200 OK
Server: Apache-Coyote/1.1
Set-Cookie: JSESSIONID=n1hb1EwNqaVM6lr9vpXvfY7d.undefined; Path=/Formulario-Interno
Content-Type: text/xml;charset=ISO-8859-1
Content-Length: 297
Date: Tue, 31 Jul 2018 13:37:15 GMT
Connection: close

&lt;soap:Envelope xmlns:soap=&quot;http://schemas.xmlsoap.org/soap/envelope/&quot;&gt;&lt;soap:Body&gt;&lt;ns1:crearFormularioPotencialResponse xmlns:ns1=&quot;http://www.colfuturo.org/potencial/ws/ServicioIntegracionPotencial&quot;&gt;&lt;return&gt;Creo formulario&lt;/return&gt;&lt;/ns1:crearFormularioPotencialResponse&gt;&lt;/soap:Body&gt;&lt;/soap:Envelope&gt;

08:07:59 181.49.67.243 desde:user/register preparando para almacenar usuario : 40217593

08:07:59 181.49.67.243  conectando a : https://jboss2.colfuturo.org/Formulario-Interno/ServicioIntegracionPotencial?wsdl

08:07:59 181.49.67.243  enviando datos : {"numeroDocumento":"40217593",
            "nombre":"Paula Andrea ",
            "apellido":"Trochez León ",
            "email":"Trochezpaula@gmail.com",
            "fechaNacimiento":"31-07-2018",
            "ciudadResidencia":"Bogotá, Colombia",
            "genero":"F",
            "celular":"",
            "listaInteresAreaEstudio":["Administración y Negocios"],
            "listaInteresIdioma":["ingles","frances"]}

08:07:05 181.49.67.243  respuesta HTTP/1.1 200 OK
Server: Apache-Coyote/1.1
Set-Cookie: JSESSIONID=t6w6zO3Ezf46M+l4FqAXc8L5.undefined; Path=/Formulario-Interno
Content-Type: text/xml;charset=ISO-8859-1
Content-Length: 297
Date: Tue, 31 Jul 2018 13:42:20 GMT
Connection: close

&lt;soap:Envelope xmlns:soap=&quot;http://schemas.xmlsoap.org/soap/envelope/&quot;&gt;&lt;soap:Body&gt;&lt;ns1:crearFormularioPotencialResponse xmlns:ns1=&quot;http://www.colfuturo.org/potencial/ws/ServicioIntegracionPotencial&quot;&gt;&lt;return&gt;Creo formulario&lt;/return&gt;&lt;/ns1:crearFormularioPotencialResponse&gt;&lt;/soap:Body&gt;&lt;/soap:Envelope&gt;

08:07:17 200.3.154.207 desde:user/192333 preparando para almacenar usuario : 1049628705

08:07:17 200.3.154.207  conectando a : https://jboss2.colfuturo.org/Formulario-Interno/ServicioIntegracionPotencial?wsdl

08:07:17 200.3.154.207  enviando datos : {"numeroDocumento":"1049628705",
            "nombre":"Claudia Liliana",
            "apellido":"Muñoz López",
            "email":"cl.munoz@javeriana.edu.co",
            "fechaNacimiento":"31-07-2018",
            "ciudadResidencia":"Bogotá, Colombia",
            "genero":"F",
            "celular":"",
            "listaInteresAreaEstudio":[""],
            "listaInteresIdioma":[""]}

08:07:21 200.3.154.207  respuesta HTTP/1.1 200 OK
Server: Apache-Coyote/1.1
Set-Cookie: JSESSIONID=zd94BXhTiny1KlyWI0Sjn0uH.undefined; Path=/Formulario-Interno
Content-Type: text/xml;charset=ISO-8859-1
Content-Length: 301
Date: Tue, 31 Jul 2018 13:59:35 GMT
Connection: close

&lt;soap:Envelope xmlns:soap=&quot;http://schemas.xmlsoap.org/soap/envelope/&quot;&gt;&lt;soap:Body&gt;&lt;ns1:crearFormularioPotencialResponse xmlns:ns1=&quot;http://www.colfuturo.org/potencial/ws/ServicioIntegracionPotencial&quot;&gt;&lt;return&gt;Encontro formulario&lt;/return&gt;&lt;/ns1:crearFormularioPotencialResponse&gt;&lt;/soap:Body&gt;&lt;/soap:Envelope&gt;

10:07:50 181.137.140.196 desde:user/register preparando para almacenar usuario : 43273777

10:07:50 181.137.140.196  conectando a : https://jboss2.colfuturo.org/Formulario-Interno/ServicioIntegracionPotencial?wsdl

10:07:50 181.137.140.196  enviando datos : {"numeroDocumento":"43273777",
            "nombre":"andrea carolina",
            "apellido":"peña caicedo",
            "email":"andreacapena@gmail.com",
            "fechaNacimiento":"31-07-2018",
            "ciudadResidencia":"Medellín, Antioquia, Colombia",
            "genero":"F",
            "celular":"",
            "listaInteresAreaEstudio":[""],
            "listaInteresIdioma":["ingles"]}

10:07:56 181.137.140.196  respuesta HTTP/1.1 200 OK
Server: Apache-Coyote/1.1
Set-Cookie: JSESSIONID=e74N2aU9cWWo-pKqyS83b8ON.undefined; Path=/Formulario-Interno
Content-Type: text/xml;charset=ISO-8859-1
Content-Length: 297
Date: Tue, 31 Jul 2018 15:11:10 GMT
Connection: close

&lt;soap:Envelope xmlns:soap=&quot;http://schemas.xmlsoap.org/soap/envelope/&quot;&gt;&lt;soap:Body&gt;&lt;ns1:crearFormularioPotencialResponse xmlns:ns1=&quot;http://www.colfuturo.org/potencial/ws/ServicioIntegracionPotencial&quot;&gt;&lt;return&gt;Creo formulario&lt;/return&gt;&lt;/ns1:crearFormularioPotencialResponse&gt;&lt;/soap:Body&gt;&lt;/soap:Envelope&gt;

10:07:42 200.85.240.6 desde:user/register preparando para almacenar usuario : 1014190777

10:07:42 200.85.240.6  conectando a : https://jboss2.colfuturo.org/Formulario-Interno/ServicioIntegracionPotencial?wsdl

10:07:42 200.85.240.6  enviando datos : {"numeroDocumento":"1014190777",
            "nombre":"JENIFFER",
            "apellido":"MONTERO HINCAPIÉ ",
            "email":"jeniffermonterohincapie@gmail.com",
            "fechaNacimiento":"31-07-2018",
            "ciudadResidencia":"Bogotá, Colombia",
            "genero":"F",
            "celular":"",
            "listaInteresAreaEstudio":["Administración y Negocios","Ciencias Básicas","Ciencias de la Salud","Ciencias Políticas y Relaciones Internacionales","Ciencias Sociales","Economía","Educación"],
            "listaInteresIdioma":["ingles","frances"]}

10:07:47 200.85.240.6  respuesta HTTP/1.1 200 OK
Server: Apache-Coyote/1.1
Set-Cookie: JSESSIONID=Ck92yH4x+MxuABO3J2JZ+W8L.undefined; Path=/Formulario-Interno
Content-Type: text/xml;charset=ISO-8859-1
Content-Length: 297
Date: Tue, 31 Jul 2018 15:25:02 GMT
Connection: close

&lt;soap:Envelope xmlns:soap=&quot;http://schemas.xmlsoap.org/soap/envelope/&quot;&gt;&lt;soap:Body&gt;&lt;ns1:crearFormularioPotencialResponse xmlns:ns1=&quot;http://www.colfuturo.org/potencial/ws/ServicioIntegracionPotencial&quot;&gt;&lt;return&gt;Creo formulario&lt;/return&gt;&lt;/ns1:crearFormularioPotencialResponse&gt;&lt;/soap:Body&gt;&lt;/soap:Envelope&gt;

10:07:03 168.176.239.104 desde:user/192308 preparando para almacenar usuario : 1052401752

10:07:03 168.176.239.104  conectando a : https://jboss2.colfuturo.org/Formulario-Interno/ServicioIntegracionPotencial?wsdl

10:07:03 168.176.239.104  enviando datos : {"numeroDocumento":"1052401752",
            "nombre":"Wilson David ",
            "apellido":"Martínez Niño ",
            "email":"wdmartinezn@unal.edu.co",
            "fechaNacimiento":"31-07-2018",
            "ciudadResidencia":"Bogotá, Colombia",
            "genero":"M",
            "celular":"",
            "listaInteresAreaEstudio":[""],
            "listaInteresIdioma":[""]}

10:07:07 168.176.239.104  respuesta HTTP/1.1 200 OK
Server: Apache-Coyote/1.1
Set-Cookie: JSESSIONID=Mv4QAVEOTPD2y8lt-z4ggic2.undefined; Path=/Formulario-Interno
Content-Type: text/xml;charset=ISO-8859-1
Content-Length: 301
Date: Tue, 31 Jul 2018 15:49:22 GMT
Connection: close

&lt;soap:Envelope xmlns:soap=&quot;http://schemas.xmlsoap.org/soap/envelope/&quot;&gt;&lt;soap:Body&gt;&lt;ns1:crearFormularioPotencialResponse xmlns:ns1=&quot;http://www.colfuturo.org/potencial/ws/ServicioIntegracionPotencial&quot;&gt;&lt;return&gt;Encontro formulario&lt;/return&gt;&lt;/ns1:crearFormularioPotencialResponse&gt;&lt;/soap:Body&gt;&lt;/soap:Envelope&gt;

11:07:46 190.242.36.170 desde:user/144164 preparando para almacenar usuario : 79915903

11:07:46 190.242.36.170  conectando a : https://jboss2.colfuturo.org/Formulario-Interno/ServicioIntegracionPotencial?wsdl

11:07:46 190.242.36.170  enviando datos : {"numeroDocumento":"79915903",
            "nombre":"Jaime",
            "apellido":"Vergara Hincapie",
            "email":"jaimevergarah@yahoo.com",
            "fechaNacimiento":"31-07-2018",
            "ciudadResidencia":"Bogotá, Colombia",
            "genero":"M",
            "celular":"",
            "listaInteresAreaEstudio":[""],
            "listaInteresIdioma":[""]}

11:07:49 190.242.36.170  respuesta HTTP/1.1 200 OK
Server: Apache-Coyote/1.1
Set-Cookie: JSESSIONID=WNjLIVk-m6i8J63fnZg5M3Mn.undefined; Path=/Formulario-Interno
Content-Type: text/xml;charset=ISO-8859-1
Content-Length: 301
Date: Tue, 31 Jul 2018 16:07:04 GMT
Connection: close

&lt;soap:Envelope xmlns:soap=&quot;http://schemas.xmlsoap.org/soap/envelope/&quot;&gt;&lt;soap:Body&gt;&lt;ns1:crearFormularioPotencialResponse xmlns:ns1=&quot;http://www.colfuturo.org/potencial/ws/ServicioIntegracionPotencial&quot;&gt;&lt;return&gt;Encontro formulario&lt;/return&gt;&lt;/ns1:crearFormularioPotencialResponse&gt;&lt;/soap:Body&gt;&lt;/soap:Envelope&gt;

11:07:06 190.242.36.170 desde:user/144164 preparando para almacenar usuario : 79915903

11:07:06 190.242.36.170  conectando a : https://jboss2.colfuturo.org/Formulario-Interno/ServicioIntegracionPotencial?wsdl

11:07:06 190.242.36.170  enviando datos : {"numeroDocumento":"79915903",
            "nombre":"Jaime",
            "apellido":"Vergara Hincapie",
            "email":"jaimevergarah@yahoo.com",
            "fechaNacimiento":"31-07-2018",
            "ciudadResidencia":"Bogotá, Colombia",
            "genero":"M",
            "celular":"",
            "listaInteresAreaEstudio":[""],
            "listaInteresIdioma":[""]}

11:07:10 190.242.36.170  respuesta HTTP/1.1 200 OK
Server: Apache-Coyote/1.1
Set-Cookie: JSESSIONID=AVulFN7p2Nfj0NvCyWUxKzPE.undefined; Path=/Formulario-Interno
Content-Type: text/xml;charset=ISO-8859-1
Content-Length: 301
Date: Tue, 31 Jul 2018 16:07:24 GMT
Connection: close

&lt;soap:Envelope xmlns:soap=&quot;http://schemas.xmlsoap.org/soap/envelope/&quot;&gt;&lt;soap:Body&gt;&lt;ns1:crearFormularioPotencialResponse xmlns:ns1=&quot;http://www.colfuturo.org/potencial/ws/ServicioIntegracionPotencial&quot;&gt;&lt;return&gt;Encontro formulario&lt;/return&gt;&lt;/ns1:crearFormularioPotencialResponse&gt;&lt;/soap:Body&gt;&lt;/soap:Envelope&gt;

11:07:46 181.55.44.63 desde:user/register preparando para almacenar usuario : 1019033589

11:07:46 181.55.44.63  conectando a : https://jboss2.colfuturo.org/Formulario-Interno/ServicioIntegracionPotencial?wsdl

11:07:46 181.55.44.63  enviando datos : {"numeroDocumento":"1019033589",
            "nombre":"sebastian",
            "apellido":"torres arenas",
            "email":"sebas.arenas22@gmail.com",
            "fechaNacimiento":"31-07-2018",
            "ciudadResidencia":"Bogotá, Colombia",
            "genero":"M",
            "celular":"",
            "listaInteresAreaEstudio":[""],
            "listaInteresIdioma":["ingles"]}

11:07:53 181.55.44.63  respuesta HTTP/1.1 200 OK
Server: Apache-Coyote/1.1
Set-Cookie: JSESSIONID=IL3T61a58Gwb0DYTwJ7vnh7u.undefined; Path=/Formulario-Interno
Content-Type: text/xml;charset=ISO-8859-1
Content-Length: 297
Date: Tue, 31 Jul 2018 16:11:06 GMT
Connection: close

&lt;soap:Envelope xmlns:soap=&quot;http://schemas.xmlsoap.org/soap/envelope/&quot;&gt;&lt;soap:Body&gt;&lt;ns1:crearFormularioPotencialResponse xmlns:ns1=&quot;http://www.colfuturo.org/potencial/ws/ServicioIntegracionPotencial&quot;&gt;&lt;return&gt;Creo formulario&lt;/return&gt;&lt;/ns1:crearFormularioPotencialResponse&gt;&lt;/soap:Body&gt;&lt;/soap:Envelope&gt;

11:07:23 181.53.98.163 desde:user/register preparando para almacenar usuario : 1144142347

11:07:23 181.53.98.163  conectando a : https://jboss2.colfuturo.org/Formulario-Interno/ServicioIntegracionPotencial?wsdl

11:07:23 181.53.98.163  enviando datos : {"numeroDocumento":"1144142347",
            "nombre":"andres",
            "apellido":"hernandez polanco",
            "email":"andresfelipehernandezpolanco@gmail.com",
            "fechaNacimiento":"31-07-2018",
            "ciudadResidencia":"Cali, Valle del Cauca, Colombia",
            "genero":"M",
            "celular":"",
            "listaInteresAreaEstudio":["Ciencias Sociales","Educación"],
            "listaInteresIdioma":["ingles"]}

11:07:29 181.53.98.163  respuesta HTTP/1.1 200 OK
Server: Apache-Coyote/1.1
Set-Cookie: JSESSIONID=SlNXUkQmO8c9GQsWN6YSsns5.undefined; Path=/Formulario-Interno
Content-Type: text/xml;charset=ISO-8859-1
Content-Length: 297
Date: Tue, 31 Jul 2018 16:11:43 GMT
Connection: close

&lt;soap:Envelope xmlns:soap=&quot;http://schemas.xmlsoap.org/soap/envelope/&quot;&gt;&lt;soap:Body&gt;&lt;ns1:crearFormularioPotencialResponse xmlns:ns1=&quot;http://www.colfuturo.org/potencial/ws/ServicioIntegracionPotencial&quot;&gt;&lt;return&gt;Creo formulario&lt;/return&gt;&lt;/ns1:crearFormularioPotencialResponse&gt;&lt;/soap:Body&gt;&lt;/soap:Envelope&gt;

11:07:34 190.25.221.99 desde:user/123393 preparando para almacenar usuario : 79694226

11:07:34 190.25.221.99  conectando a : https://jboss2.colfuturo.org/Formulario-Interno/ServicioIntegracionPotencial?wsdl

11:07:34 190.25.221.99  enviando datos : {"numeroDocumento":"79694226",
            "nombre":"Julio Cesar ",
            "apellido":"Acevedo Carrillo",
            "email":"julioacevedoc@gmail.com",
            "fechaNacimiento":"31-07-2018",
            "ciudadResidencia":"Zipaquirá - Cundinamarca, Colombia",
            "genero":"M",
            "celular":"",
            "listaInteresAreaEstudio":["Ciencias Agropecuarias y del Medio Ambiente"],
            "listaInteresIdioma":["ingles"]}

11:07:34 190.25.221.99 desde:user/123393 preparando para almacenar usuario : 79694226

11:07:34 190.25.221.99  conectando a : https://jboss2.colfuturo.org/Formulario-Interno/ServicioIntegracionPotencial?wsdl

11:07:34 190.25.221.99  enviando datos : {"numeroDocumento":"79694226",
            "nombre":"Julio Cesar ",
            "apellido":"Acevedo Carrillo",
            "email":"julioacevedoc@gmail.com",
            "fechaNacimiento":"31-07-2018",
            "ciudadResidencia":"Zipaquirá - Cundinamarca, Colombia",
            "genero":"M",
            "celular":"",
            "listaInteresAreaEstudio":["Ciencias Agropecuarias y del Medio Ambiente"],
            "listaInteresIdioma":["ingles"]}

11:07:37 190.25.221.99  respuesta HTTP/1.1 200 OK
Server: Apache-Coyote/1.1
Set-Cookie: JSESSIONID=-0xMvREY77hK-U-MCMNPwi8p.undefined; Path=/Formulario-Interno
Content-Type: text/xml;charset=ISO-8859-1
Content-Length: 301
Date: Tue, 31 Jul 2018 16:13:52 GMT
Connection: close

&lt;soap:Envelope xmlns:soap=&quot;http://schemas.xmlsoap.org/soap/envelope/&quot;&gt;&lt;soap:Body&gt;&lt;ns1:crearFormularioPotencialResponse xmlns:ns1=&quot;http://www.colfuturo.org/potencial/ws/ServicioIntegracionPotencial&quot;&gt;&lt;return&gt;Encontro formulario&lt;/return&gt;&lt;/ns1:crearFormularioPotencialResponse&gt;&lt;/soap:Body&gt;&lt;/soap:Envelope&gt;

11:07:38 190.25.221.99  respuesta HTTP/1.1 200 OK
Server: Apache-Coyote/1.1
Set-Cookie: JSESSIONID=nDixHsITyMfo6dPswidPCQHy.undefined; Path=/Formulario-Interno
Content-Type: text/xml;charset=ISO-8859-1
Content-Length: 301
Date: Tue, 31 Jul 2018 16:13:52 GMT
Connection: close

&lt;soap:Envelope xmlns:soap=&quot;http://schemas.xmlsoap.org/soap/envelope/&quot;&gt;&lt;soap:Body&gt;&lt;ns1:crearFormularioPotencialResponse xmlns:ns1=&quot;http://www.colfuturo.org/potencial/ws/ServicioIntegracionPotencial&quot;&gt;&lt;return&gt;Encontro formulario&lt;/return&gt;&lt;/ns1:crearFormularioPotencialResponse&gt;&lt;/soap:Body&gt;&lt;/soap:Envelope&gt;

11:07:32 104.129.204.116 desde:user/register preparando para almacenar usuario : 1020785915

11:07:32 104.129.204.116  conectando a : https://jboss2.colfuturo.org/Formulario-Interno/ServicioIntegracionPotencial?wsdl

11:07:32 104.129.204.116  enviando datos : {"numeroDocumento":"1020785915",
            "nombre":"Sergio",
            "apellido":"Fierro",
            "email":"yofierro93@gmail.com",
            "fechaNacimiento":"31-07-2018",
            "ciudadResidencia":"Bogotá, Colombia",
            "genero":"M",
            "celular":"",
            "listaInteresAreaEstudio":["Ingeniería"],
            "listaInteresIdioma":[""]}

11:07:39 104.129.204.116  respuesta HTTP/1.1 200 OK
Server: Apache-Coyote/1.1
Set-Cookie: JSESSIONID=-PGlHgTLHtkfzHxL2A4xGSj1.undefined; Path=/Formulario-Interno
Content-Type: text/xml;charset=ISO-8859-1
Content-Length: 297
Date: Tue, 31 Jul 2018 16:21:53 GMT
Connection: close

&lt;soap:Envelope xmlns:soap=&quot;http://schemas.xmlsoap.org/soap/envelope/&quot;&gt;&lt;soap:Body&gt;&lt;ns1:crearFormularioPotencialResponse xmlns:ns1=&quot;http://www.colfuturo.org/potencial/ws/ServicioIntegracionPotencial&quot;&gt;&lt;return&gt;Creo formulario&lt;/return&gt;&lt;/ns1:crearFormularioPotencialResponse&gt;&lt;/soap:Body&gt;&lt;/soap:Envelope&gt;

11:07:02 201.221.122.166 desde:user/register preparando para almacenar usuario : 1022435088

11:07:02 201.221.122.166  conectando a : https://jboss2.colfuturo.org/Formulario-Interno/ServicioIntegracionPotencial?wsdl

11:07:02 201.221.122.166  enviando datos : {"numeroDocumento":"1022435088",
            "nombre":"Carlos Andrés",
            "apellido":"Acosta Tangarife",
            "email":"carlosacta@unisabana.edu.co",
            "fechaNacimiento":"31-07-2018",
            "ciudadResidencia":"Bogotá, Colombia",
            "genero":"M",
            "celular":"",
            "listaInteresAreaEstudio":["Ingeniería"],
            "listaInteresIdioma":[""]}

11:07:08 201.221.122.166  respuesta HTTP/1.1 200 OK
Server: Apache-Coyote/1.1
Set-Cookie: JSESSIONID=lPa9Cbi8CTWXRO82Pdel6ebL.undefined; Path=/Formulario-Interno
Content-Type: text/xml;charset=ISO-8859-1
Content-Length: 297
Date: Tue, 31 Jul 2018 16:32:23 GMT
Connection: close

&lt;soap:Envelope xmlns:soap=&quot;http://schemas.xmlsoap.org/soap/envelope/&quot;&gt;&lt;soap:Body&gt;&lt;ns1:crearFormularioPotencialResponse xmlns:ns1=&quot;http://www.colfuturo.org/potencial/ws/ServicioIntegracionPotencial&quot;&gt;&lt;return&gt;Creo formulario&lt;/return&gt;&lt;/ns1:crearFormularioPotencialResponse&gt;&lt;/soap:Body&gt;&lt;/soap:Envelope&gt;

11:07:02 190.242.36.170 desde:user/144164 preparando para almacenar usuario : 79915903

11:07:02 190.242.36.170  conectando a : https://jboss2.colfuturo.org/Formulario-Interno/ServicioIntegracionPotencial?wsdl

11:07:02 190.242.36.170  enviando datos : {"numeroDocumento":"79915903",
            "nombre":"Jaime",
            "apellido":"Vergara Hincapie",
            "email":"jaimevergarah@yahoo.com",
            "fechaNacimiento":"31-07-2018",
            "ciudadResidencia":"Bogotá, Colombia",
            "genero":"M",
            "celular":"",
            "listaInteresAreaEstudio":[""],
            "listaInteresIdioma":[""]}

11:07:05 190.242.36.170  respuesta HTTP/1.1 200 OK
Server: Apache-Coyote/1.1
Set-Cookie: JSESSIONID=DRauzGs74hMuL+Z+B6NxDSMx.undefined; Path=/Formulario-Interno
Content-Type: text/xml;charset=ISO-8859-1
Content-Length: 301
Date: Tue, 31 Jul 2018 16:48:20 GMT
Connection: close

&lt;soap:Envelope xmlns:soap=&quot;http://schemas.xmlsoap.org/soap/envelope/&quot;&gt;&lt;soap:Body&gt;&lt;ns1:crearFormularioPotencialResponse xmlns:ns1=&quot;http://www.colfuturo.org/potencial/ws/ServicioIntegracionPotencial&quot;&gt;&lt;return&gt;Encontro formulario&lt;/return&gt;&lt;/ns1:crearFormularioPotencialResponse&gt;&lt;/soap:Body&gt;&lt;/soap:Envelope&gt;

11:07:27 190.60.101.159 desde:user/register preparando para almacenar usuario : 52440039

11:07:27 190.60.101.159  conectando a : https://jboss2.colfuturo.org/Formulario-Interno/ServicioIntegracionPotencial?wsdl

11:07:27 190.60.101.159  enviando datos : {"numeroDocumento":"52440039",
            "nombre":"GLORIA",
            "apellido":"ROJAS",
            "email":"gloriarojasv@gmail.com",
            "fechaNacimiento":"31-07-2018",
            "ciudadResidencia":"Bogotá, Colombia",
            "genero":"F",
            "celular":"",
            "listaInteresAreaEstudio":["Ingeniería"],
            "listaInteresIdioma":["ingles"]}

11:07:33 190.60.101.159  respuesta HTTP/1.1 200 OK
Server: Apache-Coyote/1.1
Set-Cookie: JSESSIONID=791otuoNeWv4aIpb0GVhjjuO.undefined; Path=/Formulario-Interno
Content-Type: text/xml;charset=ISO-8859-1
Content-Length: 297
Date: Tue, 31 Jul 2018 16:58:47 GMT
Connection: close

&lt;soap:Envelope xmlns:soap=&quot;http://schemas.xmlsoap.org/soap/envelope/&quot;&gt;&lt;soap:Body&gt;&lt;ns1:crearFormularioPotencialResponse xmlns:ns1=&quot;http://www.colfuturo.org/potencial/ws/ServicioIntegracionPotencial&quot;&gt;&lt;return&gt;Creo formulario&lt;/return&gt;&lt;/ns1:crearFormularioPotencialResponse&gt;&lt;/soap:Body&gt;&lt;/soap:Envelope&gt;

12:07:58 186.86.54.58 desde:user/register preparando para almacenar usuario : 86054695

12:07:58 186.86.54.58  conectando a : https://jboss2.colfuturo.org/Formulario-Interno/ServicioIntegracionPotencial?wsdl

12:07:58 186.86.54.58  enviando datos : {"numeroDocumento":"86054695",
            "nombre":"EDWIN ARLES",
            "apellido":"GUTIERREZ RODRIGUEZ",
            "email":"edwinn.gutierrez.r@gmail.com",
            "fechaNacimiento":"31-07-2018",
            "ciudadResidencia":"Bogotá, Colombia",
            "genero":"M",
            "celular":"",
            "listaInteresAreaEstudio":[""],
            "listaInteresIdioma":["ingles"]}

12:07:05 186.86.54.58  respuesta HTTP/1.1 200 OK
Server: Apache-Coyote/1.1
Set-Cookie: JSESSIONID=sTU+t4UTGRvPp3kfPlrkQodu.undefined; Path=/Formulario-Interno
Content-Type: text/xml;charset=ISO-8859-1
Content-Length: 297
Date: Tue, 31 Jul 2018 17:23:20 GMT
Connection: close

&lt;soap:Envelope xmlns:soap=&quot;http://schemas.xmlsoap.org/soap/envelope/&quot;&gt;&lt;soap:Body&gt;&lt;ns1:crearFormularioPotencialResponse xmlns:ns1=&quot;http://www.colfuturo.org/potencial/ws/ServicioIntegracionPotencial&quot;&gt;&lt;return&gt;Creo formulario&lt;/return&gt;&lt;/ns1:crearFormularioPotencialResponse&gt;&lt;/soap:Body&gt;&lt;/soap:Envelope&gt;

12:07:16 186.29.227.193 desde:user/register preparando para almacenar usuario : 1014197652

12:07:16 186.29.227.193  conectando a : https://jboss2.colfuturo.org/Formulario-Interno/ServicioIntegracionPotencial?wsdl

12:07:16 186.29.227.193  enviando datos : {"numeroDocumento":"1014197652",
            "nombre":"Juliana",
            "apellido":"Arana Toscano",
            "email":"arana.juliana@gmail.com",
            "fechaNacimiento":"31-07-2018",
            "ciudadResidencia":"Bogotá, Colombia",
            "genero":"F",
            "celular":"",
            "listaInteresAreaEstudio":["Artes","Ciencias Sociales"],
            "listaInteresIdioma":[""]}

12:07:21 186.29.227.193  respuesta HTTP/1.1 200 OK
Server: Apache-Coyote/1.1
Set-Cookie: JSESSIONID=UrCVuV0X+Y4OCURBmdrp-AI9.undefined; Path=/Formulario-Interno
Content-Type: text/xml;charset=ISO-8859-1
Content-Length: 297
Date: Tue, 31 Jul 2018 17:28:35 GMT
Connection: close

&lt;soap:Envelope xmlns:soap=&quot;http://schemas.xmlsoap.org/soap/envelope/&quot;&gt;&lt;soap:Body&gt;&lt;ns1:crearFormularioPotencialResponse xmlns:ns1=&quot;http://www.colfuturo.org/potencial/ws/ServicioIntegracionPotencial&quot;&gt;&lt;return&gt;Creo formulario&lt;/return&gt;&lt;/ns1:crearFormularioPotencialResponse&gt;&lt;/soap:Body&gt;&lt;/soap:Envelope&gt;

12:07:50 190.249.40.233 desde:user/register preparando para almacenar usuario : 1148205373

12:07:50 190.249.40.233  conectando a : https://jboss2.colfuturo.org/Formulario-Interno/ServicioIntegracionPotencial?wsdl

12:07:50 190.249.40.233  enviando datos : {"numeroDocumento":"1148205373",
            "nombre":"JUAN PABLO",
            "apellido":"BETANCUR CÓRDOBA",
            "email":"juan.betancur16@udea.edu.co",
            "fechaNacimiento":"31-07-2018",
            "ciudadResidencia":"Medellín, Antioquia, Colombia",
            "genero":"M",
            "celular":"",
            "listaInteresAreaEstudio":["Ciencias de la Salud","Ingeniería"],
            "listaInteresIdioma":[""]}

12:07:56 190.249.40.233  respuesta HTTP/1.1 200 OK
Server: Apache-Coyote/1.1
Set-Cookie: JSESSIONID=-VVuMAXhGyiFEtE6RWIrNVLy.undefined; Path=/Formulario-Interno
Content-Type: text/xml;charset=ISO-8859-1
Content-Length: 297
Date: Tue, 31 Jul 2018 17:49:10 GMT
Connection: close

&lt;soap:Envelope xmlns:soap=&quot;http://schemas.xmlsoap.org/soap/envelope/&quot;&gt;&lt;soap:Body&gt;&lt;ns1:crearFormularioPotencialResponse xmlns:ns1=&quot;http://www.colfuturo.org/potencial/ws/ServicioIntegracionPotencial&quot;&gt;&lt;return&gt;Creo formulario&lt;/return&gt;&lt;/ns1:crearFormularioPotencialResponse&gt;&lt;/soap:Body&gt;&lt;/soap:Envelope&gt;

01:07:27 181.61.194.102 desde:user/register preparando para almacenar usuario : 53069925

01:07:27 181.61.194.102  conectando a : https://jboss2.colfuturo.org/Formulario-Interno/ServicioIntegracionPotencial?wsdl

01:07:27 181.61.194.102  enviando datos : {"numeroDocumento":"53069925",
            "nombre":"Nelly Johanna",
            "apellido":"Cajamarca Ochoa",
            "email":"Pmd.ncajamarca@Gmail.com",
            "fechaNacimiento":"31-07-2018",
            "ciudadResidencia":"Bogotá, Colombia",
            "genero":"F",
            "celular":"",
            "listaInteresAreaEstudio":["Derecho"],
            "listaInteresIdioma":["ingles"]}

01:07:32 181.61.194.102  respuesta HTTP/1.1 200 OK
Server: Apache-Coyote/1.1
Set-Cookie: JSESSIONID=vkHhQweZSgP5QzYHNmytiIt0.undefined; Path=/Formulario-Interno
Content-Type: text/xml;charset=ISO-8859-1
Content-Length: 297
Date: Tue, 31 Jul 2018 18:21:47 GMT
Connection: close

&lt;soap:Envelope xmlns:soap=&quot;http://schemas.xmlsoap.org/soap/envelope/&quot;&gt;&lt;soap:Body&gt;&lt;ns1:crearFormularioPotencialResponse xmlns:ns1=&quot;http://www.colfuturo.org/potencial/ws/ServicioIntegracionPotencial&quot;&gt;&lt;return&gt;Creo formulario&lt;/return&gt;&lt;/ns1:crearFormularioPotencialResponse&gt;&lt;/soap:Body&gt;&lt;/soap:Envelope&gt;

01:07:50 190.26.210.9 desde:user/register preparando para almacenar usuario : 1032411754

01:07:50 190.26.210.9  conectando a : https://jboss2.colfuturo.org/Formulario-Interno/ServicioIntegracionPotencial?wsdl

01:07:50 190.26.210.9  enviando datos : {"numeroDocumento":"1032411754",
            "nombre":"Claudia Elizabeth",
            "apellido":"Cifuentes Santanilla",
            "email":"ccifusant@gmail.com",
            "fechaNacimiento":"31-07-2018",
            "ciudadResidencia":"Bogotá, Colombia",
            "genero":"F",
            "celular":"",
            "listaInteresAreaEstudio":["Ciencias de la Salud","Educación"],
            "listaInteresIdioma":[""]}

01:07:55 190.26.210.9  respuesta HTTP/1.1 200 OK
Server: Apache-Coyote/1.1
Set-Cookie: JSESSIONID=fX0VGLt-riL6E2FpP-u9tDjA.undefined; Path=/Formulario-Interno
Content-Type: text/xml;charset=ISO-8859-1
Content-Length: 297
Date: Tue, 31 Jul 2018 18:35:10 GMT
Connection: close

&lt;soap:Envelope xmlns:soap=&quot;http://schemas.xmlsoap.org/soap/envelope/&quot;&gt;&lt;soap:Body&gt;&lt;ns1:crearFormularioPotencialResponse xmlns:ns1=&quot;http://www.colfuturo.org/potencial/ws/ServicioIntegracionPotencial&quot;&gt;&lt;return&gt;Creo formulario&lt;/return&gt;&lt;/ns1:crearFormularioPotencialResponse&gt;&lt;/soap:Body&gt;&lt;/soap:Envelope&gt;

01:07:36 200.24.16.67 desde:user/189449 preparando para almacenar usuario : 98700844

01:07:36 200.24.16.67  conectando a : https://jboss2.colfuturo.org/Formulario-Interno/ServicioIntegracionPotencial?wsdl

01:07:36 200.24.16.67  enviando datos : {"numeroDocumento":"98700844",
            "nombre":"diego armando",
            "apellido":"garzón velasquez",
            "email":"dgarzonv68@gmail.com",
            "fechaNacimiento":"31-07-2018",
            "ciudadResidencia":"Medellín, Antioquia, Colombia",
            "genero":"M",
            "celular":"",
            "listaInteresAreaEstudio":[""],
            "listaInteresIdioma":[""]}

01:07:40 200.24.16.67  respuesta HTTP/1.1 200 OK
Server: Apache-Coyote/1.1
Set-Cookie: JSESSIONID=i4cKIbFVquVt2oIyvE39yD0h.undefined; Path=/Formulario-Interno
Content-Type: text/xml;charset=ISO-8859-1
Content-Length: 301
Date: Tue, 31 Jul 2018 18:49:54 GMT
Connection: close

&lt;soap:Envelope xmlns:soap=&quot;http://schemas.xmlsoap.org/soap/envelope/&quot;&gt;&lt;soap:Body&gt;&lt;ns1:crearFormularioPotencialResponse xmlns:ns1=&quot;http://www.colfuturo.org/potencial/ws/ServicioIntegracionPotencial&quot;&gt;&lt;return&gt;Encontro formulario&lt;/return&gt;&lt;/ns1:crearFormularioPotencialResponse&gt;&lt;/soap:Body&gt;&lt;/soap:Envelope&gt;

01:07:12 181.143.220.90 desde:user/register preparando para almacenar usuario : 1090433766

01:07:12 181.143.220.90  conectando a : https://jboss2.colfuturo.org/Formulario-Interno/ServicioIntegracionPotencial?wsdl

01:07:12 181.143.220.90  enviando datos : {"numeroDocumento":"1090433766",
            "nombre":"LIZETH JULIANA",
            "apellido":"ARIZA SUAREZ",
            "email":"lizeth.ariza05@gmail.com",
            "fechaNacimiento":"31-07-2018",
            "ciudadResidencia":"Bucaramanga, Santander, Colombia",
            "genero":"F",
            "celular":"",
            "listaInteresAreaEstudio":["Administración y Negocios"],
            "listaInteresIdioma":["ingles"]}

01:07:17 181.143.220.90  respuesta HTTP/1.1 200 OK
Server: Apache-Coyote/1.1
Set-Cookie: JSESSIONID=ez1kUqXsccx+uPoIjlgn5lwt.undefined; Path=/Formulario-Interno
Content-Type: text/xml;charset=ISO-8859-1
Content-Length: 297
Date: Tue, 31 Jul 2018 18:52:32 GMT
Connection: close

&lt;soap:Envelope xmlns:soap=&quot;http://schemas.xmlsoap.org/soap/envelope/&quot;&gt;&lt;soap:Body&gt;&lt;ns1:crearFormularioPotencialResponse xmlns:ns1=&quot;http://www.colfuturo.org/potencial/ws/ServicioIntegracionPotencial&quot;&gt;&lt;return&gt;Creo formulario&lt;/return&gt;&lt;/ns1:crearFormularioPotencialResponse&gt;&lt;/soap:Body&gt;&lt;/soap:Envelope&gt;

01:07:42 186.154.94.194 desde:user/register preparando para almacenar usuario : 1018442174

01:07:42 186.154.94.194  conectando a : https://jboss2.colfuturo.org/Formulario-Interno/ServicioIntegracionPotencial?wsdl

01:07:42 186.154.94.194  enviando datos : {"numeroDocumento":"1018442174",
            "nombre":"li mishel ",
            "apellido":"Eraso Fang",
            "email":"lmeraso.marketing@gmail.com",
            "fechaNacimiento":"31-07-2018",
            "ciudadResidencia":"Bogotá, Colombia",
            "genero":"F",
            "celular":"",
            "listaInteresAreaEstudio":["Administración y Negocios"],
            "listaInteresIdioma":["ingles"]}

01:07:48 186.154.94.194  respuesta HTTP/1.1 200 OK
Server: Apache-Coyote/1.1
Set-Cookie: JSESSIONID=AMyBwZCldsUABPbUd5uDjc0s.undefined; Path=/Formulario-Interno
Content-Type: text/xml;charset=ISO-8859-1
Content-Length: 297
Date: Tue, 31 Jul 2018 19:01:02 GMT
Connection: close

&lt;soap:Envelope xmlns:soap=&quot;http://schemas.xmlsoap.org/soap/envelope/&quot;&gt;&lt;soap:Body&gt;&lt;ns1:crearFormularioPotencialResponse xmlns:ns1=&quot;http://www.colfuturo.org/potencial/ws/ServicioIntegracionPotencial&quot;&gt;&lt;return&gt;Creo formulario&lt;/return&gt;&lt;/ns1:crearFormularioPotencialResponse&gt;&lt;/soap:Body&gt;&lt;/soap:Envelope&gt;

02:07:10 186.0.72.217 desde:user/165097 preparando para almacenar usuario : 11255358

02:07:10 186.0.72.217  conectando a : https://jboss2.colfuturo.org/Formulario-Interno/ServicioIntegracionPotencial?wsdl

02:07:10 186.0.72.217  enviando datos : {"numeroDocumento":"11255358",
            "nombre":"OSCAR JAVIER",
            "apellido":"PULIDO MAHECHA",
            "email":"lanzadivina21@yahoo.com",
            "fechaNacimiento":"31-07-2018",
            "ciudadResidencia":"Ibagué, Tolima, Colombia",
            "genero":"M",
            "celular":"",
            "listaInteresAreaEstudio":[""],
            "listaInteresIdioma":[""]}

02:07:13 186.0.72.217  respuesta HTTP/1.1 200 OK
Server: Apache-Coyote/1.1
Set-Cookie: JSESSIONID=hVi-Bao0yKCHZ+9D6BE-VXMI.undefined; Path=/Formulario-Interno
Content-Type: text/xml;charset=ISO-8859-1
Content-Length: 301
Date: Tue, 31 Jul 2018 19:14:28 GMT
Connection: close

&lt;soap:Envelope xmlns:soap=&quot;http://schemas.xmlsoap.org/soap/envelope/&quot;&gt;&lt;soap:Body&gt;&lt;ns1:crearFormularioPotencialResponse xmlns:ns1=&quot;http://www.colfuturo.org/potencial/ws/ServicioIntegracionPotencial&quot;&gt;&lt;return&gt;Encontro formulario&lt;/return&gt;&lt;/ns1:crearFormularioPotencialResponse&gt;&lt;/soap:Body&gt;&lt;/soap:Envelope&gt;

02:07:22 186.0.72.217 desde:user/165097 preparando para almacenar usuario : 11255358

02:07:22 186.0.72.217  conectando a : https://jboss2.colfuturo.org/Formulario-Interno/ServicioIntegracionPotencial?wsdl

02:07:22 186.0.72.217  enviando datos : {"numeroDocumento":"11255358",
            "nombre":"OSCAR JAVIER",
            "apellido":"PULIDO MAHECHA",
            "email":"lanzadivina21@yahoo.com",
            "fechaNacimiento":"31-07-2018",
            "ciudadResidencia":"Ibagué, Tolima, Colombia",
            "genero":"M",
            "celular":"",
            "listaInteresAreaEstudio":[""],
            "listaInteresIdioma":[""]}

02:07:26 186.0.72.217  respuesta HTTP/1.1 200 OK
Server: Apache-Coyote/1.1
Set-Cookie: JSESSIONID=3ea7uOivU1u4msohEAoIn77b.undefined; Path=/Formulario-Interno
Content-Type: text/xml;charset=ISO-8859-1
Content-Length: 301
Date: Tue, 31 Jul 2018 19:14:40 GMT
Connection: close

&lt;soap:Envelope xmlns:soap=&quot;http://schemas.xmlsoap.org/soap/envelope/&quot;&gt;&lt;soap:Body&gt;&lt;ns1:crearFormularioPotencialResponse xmlns:ns1=&quot;http://www.colfuturo.org/potencial/ws/ServicioIntegracionPotencial&quot;&gt;&lt;return&gt;Encontro formulario&lt;/return&gt;&lt;/ns1:crearFormularioPotencialResponse&gt;&lt;/soap:Body&gt;&lt;/soap:Envelope&gt;

02:07:33 186.154.134.176 desde:user/register preparando para almacenar usuario : 79957384

02:07:33 186.154.134.176  conectando a : https://jboss2.colfuturo.org/Formulario-Interno/ServicioIntegracionPotencial?wsdl

02:07:33 186.154.134.176  enviando datos : {"numeroDocumento":"79957384",
            "nombre":"Jorge Alejandro",
            "apellido":"Laverde Laverde",
            "email":"Alejandrolaverde@gmail.com",
            "fechaNacimiento":"31-07-2018",
            "ciudadResidencia":"Bogotá, Colombia",
            "genero":"M",
            "celular":"",
            "listaInteresAreaEstudio":["Administración y Negocios","Ingeniería"],
            "listaInteresIdioma":[""]}

02:07:40 186.154.134.176  respuesta HTTP/1.1 200 OK
Server: Apache-Coyote/1.1
Set-Cookie: JSESSIONID=mPf+RdWFOb-T7mmHbc5wc4b4.undefined; Path=/Formulario-Interno
Content-Type: text/xml;charset=ISO-8859-1
Content-Length: 297
Date: Tue, 31 Jul 2018 19:33:54 GMT
Connection: close

&lt;soap:Envelope xmlns:soap=&quot;http://schemas.xmlsoap.org/soap/envelope/&quot;&gt;&lt;soap:Body&gt;&lt;ns1:crearFormularioPotencialResponse xmlns:ns1=&quot;http://www.colfuturo.org/potencial/ws/ServicioIntegracionPotencial&quot;&gt;&lt;return&gt;Creo formulario&lt;/return&gt;&lt;/ns1:crearFormularioPotencialResponse&gt;&lt;/soap:Body&gt;&lt;/soap:Envelope&gt;

02:07:06 186.0.72.217 desde:user/165288 preparando para almacenar usuario : 52739473

02:07:06 186.0.72.217  conectando a : https://jboss2.colfuturo.org/Formulario-Interno/ServicioIntegracionPotencial?wsdl

02:07:06 186.0.72.217  enviando datos : {"numeroDocumento":"52739473",
            "nombre":"XIMENA",
            "apellido":"RUEDA RODRIGUEZ",
            "email":"ximenaruedarodriguez@hotmail.com",
            "fechaNacimiento":"31-07-2018",
            "ciudadResidencia":"Ibagué, Tolima, Colombia",
            "genero":"F",
            "celular":"",
            "listaInteresAreaEstudio":["Artes"],
            "listaInteresIdioma":[""]}

02:07:10 186.0.72.217  respuesta HTTP/1.1 200 OK
Server: Apache-Coyote/1.1
Set-Cookie: JSESSIONID=ZklAkeZuYvdvXL1FGkYPvGWg.undefined; Path=/Formulario-Interno
Content-Type: text/xml;charset=ISO-8859-1
Content-Length: 301
Date: Tue, 31 Jul 2018 19:46:24 GMT
Connection: close

&lt;soap:Envelope xmlns:soap=&quot;http://schemas.xmlsoap.org/soap/envelope/&quot;&gt;&lt;soap:Body&gt;&lt;ns1:crearFormularioPotencialResponse xmlns:ns1=&quot;http://www.colfuturo.org/potencial/ws/ServicioIntegracionPotencial&quot;&gt;&lt;return&gt;Encontro formulario&lt;/return&gt;&lt;/ns1:crearFormularioPotencialResponse&gt;&lt;/soap:Body&gt;&lt;/soap:Envelope&gt;

02:07:45 186.0.72.217 desde:user/165288 preparando para almacenar usuario : 52739473

02:07:45 186.0.72.217  conectando a : https://jboss2.colfuturo.org/Formulario-Interno/ServicioIntegracionPotencial?wsdl

02:07:45 186.0.72.217  enviando datos : {"numeroDocumento":"52739473",
            "nombre":"XIMENA",
            "apellido":"RUEDA RODRIGUEZ",
            "email":"ximenaruedarodriguez@hotmail.com",
            "fechaNacimiento":"31-07-2018",
            "ciudadResidencia":"Ibagué, Tolima, Colombia",
            "genero":"F",
            "celular":"",
            "listaInteresAreaEstudio":["Artes"],
            "listaInteresIdioma":[""]}

02:07:49 186.0.72.217  respuesta HTTP/1.1 200 OK
Server: Apache-Coyote/1.1
Set-Cookie: JSESSIONID=bbiXWuKar+S4pCbLCXc+RSae.undefined; Path=/Formulario-Interno
Content-Type: text/xml;charset=ISO-8859-1
Content-Length: 301
Date: Tue, 31 Jul 2018 19:47:04 GMT
Connection: close

&lt;soap:Envelope xmlns:soap=&quot;http://schemas.xmlsoap.org/soap/envelope/&quot;&gt;&lt;soap:Body&gt;&lt;ns1:crearFormularioPotencialResponse xmlns:ns1=&quot;http://www.colfuturo.org/potencial/ws/ServicioIntegracionPotencial&quot;&gt;&lt;return&gt;Encontro formulario&lt;/return&gt;&lt;/ns1:crearFormularioPotencialResponse&gt;&lt;/soap:Body&gt;&lt;/soap:Envelope&gt;

02:07:33 190.1.250.236 desde:user/register preparando para almacenar usuario : 1112493177

02:07:33 190.1.250.236  conectando a : https://jboss2.colfuturo.org/Formulario-Interno/ServicioIntegracionPotencial?wsdl

02:07:33 190.1.250.236  enviando datos : {"numeroDocumento":"1112493177",
            "nombre":"Angie Melissa",
            "apellido":"Gonzalez Vivas",
            "email":"angie.vivas@correounivalle.edu.co",
            "fechaNacimiento":"31-07-2018",
            "ciudadResidencia":"Jamundí, Valle del Cauca, Colombia",
            "genero":"F",
            "celular":"",
            "listaInteresAreaEstudio":["Administración y Negocios"],
            "listaInteresIdioma":[""]}

02:07:39 190.1.250.236  respuesta HTTP/1.1 200 OK
Server: Apache-Coyote/1.1
Set-Cookie: JSESSIONID=6V3zC13MCsV-If47g5IgN2Cz.undefined; Path=/Formulario-Interno
Content-Type: text/xml;charset=ISO-8859-1
Content-Length: 297
Date: Tue, 31 Jul 2018 19:55:54 GMT
Connection: close

&lt;soap:Envelope xmlns:soap=&quot;http://schemas.xmlsoap.org/soap/envelope/&quot;&gt;&lt;soap:Body&gt;&lt;ns1:crearFormularioPotencialResponse xmlns:ns1=&quot;http://www.colfuturo.org/potencial/ws/ServicioIntegracionPotencial&quot;&gt;&lt;return&gt;Creo formulario&lt;/return&gt;&lt;/ns1:crearFormularioPotencialResponse&gt;&lt;/soap:Body&gt;&lt;/soap:Envelope&gt;

03:07:56 186.112.42.174 desde:user/165195 preparando para almacenar usuario : 17636892

03:07:56 186.112.42.174  conectando a : https://jboss2.colfuturo.org/Formulario-Interno/ServicioIntegracionPotencial?wsdl

03:07:56 186.112.42.174  enviando datos : {"numeroDocumento":"17636892",
            "nombre":"Juan Fredy",
            "apellido":"Dussan Marquez",
            "email":"juadus@hotmail.com",
            "fechaNacimiento":"31-07-2018",
            "ciudadResidencia":"Florencia, Caquetá, Colombia",
            "genero":"M",
            "celular":"",
            "listaInteresAreaEstudio":[""],
            "listaInteresIdioma":[""]}

03:07:00 186.112.42.174  respuesta HTTP/1.1 200 OK
Server: Apache-Coyote/1.1
Set-Cookie: JSESSIONID=BJOItjK0U+DvQKO2m5YIb0hd.undefined; Path=/Formulario-Interno
Content-Type: text/xml;charset=ISO-8859-1
Content-Length: 301
Date: Tue, 31 Jul 2018 20:21:14 GMT
Connection: close

&lt;soap:Envelope xmlns:soap=&quot;http://schemas.xmlsoap.org/soap/envelope/&quot;&gt;&lt;soap:Body&gt;&lt;ns1:crearFormularioPotencialResponse xmlns:ns1=&quot;http://www.colfuturo.org/potencial/ws/ServicioIntegracionPotencial&quot;&gt;&lt;return&gt;Encontro formulario&lt;/return&gt;&lt;/ns1:crearFormularioPotencialResponse&gt;&lt;/soap:Body&gt;&lt;/soap:Envelope&gt;

03:07:10 190.255.52.100 desde:user/register preparando para almacenar usuario : 1117529472

03:07:10 190.255.52.100  conectando a : https://jboss2.colfuturo.org/Formulario-Interno/ServicioIntegracionPotencial?wsdl

03:07:10 190.255.52.100  enviando datos : {"numeroDocumento":"1117529472",
            "nombre":"DANIELA",
            "apellido":"OROZCO",
            "email":"danielaorozco_456@hotmail.com",
            "fechaNacimiento":"31-07-2018",
            "ciudadResidencia":"Florencia, Caquetá, Colombia",
            "genero":"M",
            "celular":"",
            "listaInteresAreaEstudio":["Ciencias Agropecuarias y del Medio Ambiente","Ciencias Básicas","Educación"],
            "listaInteresIdioma":["ingles","frances"]}

03:07:16 190.255.52.100  respuesta HTTP/1.1 200 OK
Server: Apache-Coyote/1.1
Set-Cookie: JSESSIONID=rrrNbb72MnFmjKjxNSbkXJ10.undefined; Path=/Formulario-Interno
Content-Type: text/xml;charset=ISO-8859-1
Content-Length: 297
Date: Tue, 31 Jul 2018 20:48:30 GMT
Connection: close

&lt;soap:Envelope xmlns:soap=&quot;http://schemas.xmlsoap.org/soap/envelope/&quot;&gt;&lt;soap:Body&gt;&lt;ns1:crearFormularioPotencialResponse xmlns:ns1=&quot;http://www.colfuturo.org/potencial/ws/ServicioIntegracionPotencial&quot;&gt;&lt;return&gt;Creo formulario&lt;/return&gt;&lt;/ns1:crearFormularioPotencialResponse&gt;&lt;/soap:Body&gt;&lt;/soap:Envelope&gt;

03:07:34 186.86.30.24 desde:user/register preparando para almacenar usuario : 1033649172

03:07:34 186.86.30.24  conectando a : https://jboss2.colfuturo.org/Formulario-Interno/ServicioIntegracionPotencial?wsdl

03:07:34 186.86.30.24  enviando datos : {"numeroDocumento":"1033649172",
            "nombre":"CAROLINA",
            "apellido":"PIEDRAHITA",
            "email":"cpiedrahita142@gmail.com",
            "fechaNacimiento":"31-07-2018",
            "ciudadResidencia":"Medellín, Antioquia, Colombia",
            "genero":"F",
            "celular":"",
            "listaInteresAreaEstudio":["Economía","Ingeniería"],
            "listaInteresIdioma":["ingles","frances"]}

03:07:40 186.86.30.24  respuesta HTTP/1.1 200 OK
Server: Apache-Coyote/1.1
Set-Cookie: JSESSIONID=9fCSQ8AzG2L8-RGJgeBAzLre.undefined; Path=/Formulario-Interno
Content-Type: text/xml;charset=ISO-8859-1
Content-Length: 297
Date: Tue, 31 Jul 2018 20:56:55 GMT
Connection: close

&lt;soap:Envelope xmlns:soap=&quot;http://schemas.xmlsoap.org/soap/envelope/&quot;&gt;&lt;soap:Body&gt;&lt;ns1:crearFormularioPotencialResponse xmlns:ns1=&quot;http://www.colfuturo.org/potencial/ws/ServicioIntegracionPotencial&quot;&gt;&lt;return&gt;Creo formulario&lt;/return&gt;&lt;/ns1:crearFormularioPotencialResponse&gt;&lt;/soap:Body&gt;&lt;/soap:Envelope&gt;

04:07:15 190.248.145.210 desde:user/register preparando para almacenar usuario : 1047456356

04:07:15 190.248.145.210  conectando a : https://jboss2.colfuturo.org/Formulario-Interno/ServicioIntegracionPotencial?wsdl

04:07:15 190.248.145.210  enviando datos : {"numeroDocumento":"1047456356",
            "nombre":"Nathalie",
            "apellido":"Mallarino Puello",
            "email":"n.mallarino347@uniandes.edu.co",
            "fechaNacimiento":"31-07-2018",
            "ciudadResidencia":"Cartagena, Bolívar, Colombia",
            "genero":"F",
            "celular":"",
            "listaInteresAreaEstudio":["Administración y Negocios"],
            "listaInteresIdioma":[""]}

04:07:19 190.248.145.210  respuesta HTTP/1.1 200 OK
Server: Apache-Coyote/1.1
Set-Cookie: JSESSIONID=yi5mSOZ9kll8dIaW6cBXz-xz.undefined; Path=/Formulario-Interno
Content-Type: text/xml;charset=ISO-8859-1
Content-Length: 297
Date: Tue, 31 Jul 2018 21:38:34 GMT
Connection: close

&lt;soap:Envelope xmlns:soap=&quot;http://schemas.xmlsoap.org/soap/envelope/&quot;&gt;&lt;soap:Body&gt;&lt;ns1:crearFormularioPotencialResponse xmlns:ns1=&quot;http://www.colfuturo.org/potencial/ws/ServicioIntegracionPotencial&quot;&gt;&lt;return&gt;Creo formulario&lt;/return&gt;&lt;/ns1:crearFormularioPotencialResponse&gt;&lt;/soap:Body&gt;&lt;/soap:Envelope&gt;

04:07:13 190.9.234.225 desde:user/register preparando para almacenar usuario : 1017174024

04:07:13 190.9.234.225  conectando a : https://jboss2.colfuturo.org/Formulario-Interno/ServicioIntegracionPotencial?wsdl

04:07:13 190.9.234.225  enviando datos : {"numeroDocumento":"1017174024",
            "nombre":"juan pablo",
            "apellido":"Olarte",
            "email":"juanpaolartefm@gmail.com",
            "fechaNacimiento":"31-07-2018",
            "ciudadResidencia":"Medellín, Antioquia, Colombia",
            "genero":"M",
            "celular":"",
            "listaInteresAreaEstudio":["Ciencias de la Salud"],
            "listaInteresIdioma":[""]}

04:07:18 190.9.234.225  respuesta HTTP/1.1 200 OK
Server: Apache-Coyote/1.1
Set-Cookie: JSESSIONID=SKCgUcT8j4x4NBkPx+PKOGZR.undefined; Path=/Formulario-Interno
Content-Type: text/xml;charset=ISO-8859-1
Content-Length: 297
Date: Tue, 31 Jul 2018 21:46:33 GMT
Connection: close

&lt;soap:Envelope xmlns:soap=&quot;http://schemas.xmlsoap.org/soap/envelope/&quot;&gt;&lt;soap:Body&gt;&lt;ns1:crearFormularioPotencialResponse xmlns:ns1=&quot;http://www.colfuturo.org/potencial/ws/ServicioIntegracionPotencial&quot;&gt;&lt;return&gt;Creo formulario&lt;/return&gt;&lt;/ns1:crearFormularioPotencialResponse&gt;&lt;/soap:Body&gt;&lt;/soap:Envelope&gt;

05:07:44 189.180.51.128 desde:user/register preparando para almacenar usuario : 1044911054

05:07:44 189.180.51.128  conectando a : https://jboss2.colfuturo.org/Formulario-Interno/ServicioIntegracionPotencial?wsdl

05:07:44 189.180.51.128  enviando datos : {"numeroDocumento":"1044911054",
            "nombre":"ARILIS ROSARIO",
            "apellido":"CASTRO PADILLA",
            "email":"ari1887@gmail.com",
            "fechaNacimiento":"31-07-2018",
            "ciudadResidencia":"Cartagena, Bolívar, Colombia",
            "genero":"F",
            "celular":"",
            "listaInteresAreaEstudio":[""],
            "listaInteresIdioma":["ingles"]}

05:07:49 189.180.51.128  respuesta HTTP/1.1 200 OK
Server: Apache-Coyote/1.1
Set-Cookie: JSESSIONID=XDOEttL1BlUDZ6e47whMWOuU.undefined; Path=/Formulario-Interno
Content-Type: text/xml;charset=ISO-8859-1
Content-Length: 297
Date: Tue, 31 Jul 2018 22:11:04 GMT
Connection: close

&lt;soap:Envelope xmlns:soap=&quot;http://schemas.xmlsoap.org/soap/envelope/&quot;&gt;&lt;soap:Body&gt;&lt;ns1:crearFormularioPotencialResponse xmlns:ns1=&quot;http://www.colfuturo.org/potencial/ws/ServicioIntegracionPotencial&quot;&gt;&lt;return&gt;Creo formulario&lt;/return&gt;&lt;/ns1:crearFormularioPotencialResponse&gt;&lt;/soap:Body&gt;&lt;/soap:Envelope&gt;

05:07:44 190.24.6.43 desde:user/register preparando para almacenar usuario : 1098655934

05:07:44 190.24.6.43  conectando a : https://jboss2.colfuturo.org/Formulario-Interno/ServicioIntegracionPotencial?wsdl

05:07:44 190.24.6.43  enviando datos : {"numeroDocumento":"1098655934",
            "nombre":"Pedro Fabian",
            "apellido":"Teatino Suarez",
            "email":"pefate_5@hotmail.com",
            "fechaNacimiento":"31-07-2018",
            "ciudadResidencia":"Bogotá, Colombia",
            "genero":"M",
            "celular":"",
            "listaInteresAreaEstudio":["Ingeniería"],
            "listaInteresIdioma":[""]}

05:07:51 190.24.6.43  respuesta HTTP/1.1 200 OK
Server: Apache-Coyote/1.1
Set-Cookie: JSESSIONID=JYS0WNmBZQ49LOnaGuahrlnX.undefined; Path=/Formulario-Interno
Content-Type: text/xml;charset=ISO-8859-1
Content-Length: 297
Date: Tue, 31 Jul 2018 22:18:05 GMT
Connection: close

&lt;soap:Envelope xmlns:soap=&quot;http://schemas.xmlsoap.org/soap/envelope/&quot;&gt;&lt;soap:Body&gt;&lt;ns1:crearFormularioPotencialResponse xmlns:ns1=&quot;http://www.colfuturo.org/potencial/ws/ServicioIntegracionPotencial&quot;&gt;&lt;return&gt;Creo formulario&lt;/return&gt;&lt;/ns1:crearFormularioPotencialResponse&gt;&lt;/soap:Body&gt;&lt;/soap:Envelope&gt;

05:07:34 181.56.210.122 desde:user/register preparando para almacenar usuario : 1214725213

05:07:34 181.56.210.122  conectando a : https://jboss2.colfuturo.org/Formulario-Interno/ServicioIntegracionPotencial?wsdl

05:07:34 181.56.210.122  enviando datos : {"numeroDocumento":"1214725213",
            "nombre":"Christian",
            "apellido":"Rodriguez",
            "email":"cristiansk.94@gmail.com",
            "fechaNacimiento":"31-07-2018",
            "ciudadResidencia":"Medellín, Antioquia, Colombia",
            "genero":"M",
            "celular":"",
            "listaInteresAreaEstudio":["Administración y Negocios","Economía"],
            "listaInteresIdioma":["ingles"]}

05:07:40 181.56.210.122  respuesta HTTP/1.1 200 OK
Server: Apache-Coyote/1.1
Set-Cookie: JSESSIONID=UekQJ4bJPueOhu44vr3aRAT0.undefined; Path=/Formulario-Interno
Content-Type: text/xml;charset=ISO-8859-1
Content-Length: 297
Date: Tue, 31 Jul 2018 22:57:54 GMT
Connection: close

&lt;soap:Envelope xmlns:soap=&quot;http://schemas.xmlsoap.org/soap/envelope/&quot;&gt;&lt;soap:Body&gt;&lt;ns1:crearFormularioPotencialResponse xmlns:ns1=&quot;http://www.colfuturo.org/potencial/ws/ServicioIntegracionPotencial&quot;&gt;&lt;return&gt;Creo formulario&lt;/return&gt;&lt;/ns1:crearFormularioPotencialResponse&gt;&lt;/soap:Body&gt;&lt;/soap:Envelope&gt;

07:07:10 186.148.182.57 desde:user/register preparando para almacenar usuario : 1088737127

07:07:10 186.148.182.57  conectando a : https://jboss2.colfuturo.org/Formulario-Interno/ServicioIntegracionPotencial?wsdl

07:07:10 186.148.182.57  enviando datos : {"numeroDocumento":"1088737127",
            "nombre":"jennifer cristina ",
            "apellido":"rangel niño",
            "email":"cristinarangel16@gmail.com",
            "fechaNacimiento":"31-07-2018",
            "ciudadResidencia":"Pasto, Nariño, Colombia",
            "genero":"F",
            "celular":"",
            "listaInteresAreaEstudio":["Ciencias Agropecuarias y del Medio Ambiente","Ingeniería"],
            "listaInteresIdioma":["ingles"]}

07:07:15 186.148.182.57  respuesta HTTP/1.1 200 OK
Server: Apache-Coyote/1.1
Set-Cookie: JSESSIONID=p2qr5+K4hdhGlJJoPUJnp-T6.undefined; Path=/Formulario-Interno
Content-Type: text/xml;charset=ISO-8859-1
Content-Length: 297
Date: Wed, 01 Aug 2018 00:41:30 GMT
Connection: close

&lt;soap:Envelope xmlns:soap=&quot;http://schemas.xmlsoap.org/soap/envelope/&quot;&gt;&lt;soap:Body&gt;&lt;ns1:crearFormularioPotencialResponse xmlns:ns1=&quot;http://www.colfuturo.org/potencial/ws/ServicioIntegracionPotencial&quot;&gt;&lt;return&gt;Creo formulario&lt;/return&gt;&lt;/ns1:crearFormularioPotencialResponse&gt;&lt;/soap:Body&gt;&lt;/soap:Envelope&gt;

07:07:23 186.144.59.22 desde:user/register preparando para almacenar usuario : 1018424085

07:07:23 186.144.59.22  conectando a : https://jboss2.colfuturo.org/Formulario-Interno/ServicioIntegracionPotencial?wsdl

07:07:23 186.144.59.22  enviando datos : {"numeroDocumento":"1018424085",
            "nombre":"DIEGO ARMANDO",
            "apellido":"SAMACA AMAYA",
            "email":"diegosam66@gmail.com",
            "fechaNacimiento":"31-07-2018",
            "ciudadResidencia":"Bogotá, Colombia",
            "genero":"M",
            "celular":"",
            "listaInteresAreaEstudio":["Administración y Negocios"],
            "listaInteresIdioma":["frances"]}

07:07:28 186.144.59.22  respuesta HTTP/1.1 200 OK
Server: Apache-Coyote/1.1
Set-Cookie: JSESSIONID=6yRxHRxe7U2SaH+DNqys2rBW.undefined; Path=/Formulario-Interno
Content-Type: text/xml;charset=ISO-8859-1
Content-Length: 297
Date: Wed, 01 Aug 2018 00:55:43 GMT
Connection: close

&lt;soap:Envelope xmlns:soap=&quot;http://schemas.xmlsoap.org/soap/envelope/&quot;&gt;&lt;soap:Body&gt;&lt;ns1:crearFormularioPotencialResponse xmlns:ns1=&quot;http://www.colfuturo.org/potencial/ws/ServicioIntegracionPotencial&quot;&gt;&lt;return&gt;Creo formulario&lt;/return&gt;&lt;/ns1:crearFormularioPotencialResponse&gt;&lt;/soap:Body&gt;&lt;/soap:Envelope&gt;

08:07:03 186.31.20.113 desde:user/register preparando para almacenar usuario : 1023903172

08:07:03 186.31.20.113  conectando a : https://jboss2.colfuturo.org/Formulario-Interno/ServicioIntegracionPotencial?wsdl

08:07:03 186.31.20.113  enviando datos : {"numeroDocumento":"1023903172",
            "nombre":"Andrea",
            "apellido":"Sierra",
            "email":"mayesaw@yahoo.com",
            "fechaNacimiento":"31-07-2018",
            "ciudadResidencia":"Bogotá, Colombia",
            "genero":"F",
            "celular":"",
            "listaInteresAreaEstudio":["Ciencias Agropecuarias y del Medio Ambiente"],
            "listaInteresIdioma":[""]}

08:07:09 186.31.20.113  respuesta HTTP/1.1 200 OK
Server: Apache-Coyote/1.1
Set-Cookie: JSESSIONID=+X4N+nU1YnHANl8+CP8lgAR1.undefined; Path=/Formulario-Interno
Content-Type: text/xml;charset=ISO-8859-1
Content-Length: 297
Date: Wed, 01 Aug 2018 01:05:23 GMT
Connection: close

&lt;soap:Envelope xmlns:soap=&quot;http://schemas.xmlsoap.org/soap/envelope/&quot;&gt;&lt;soap:Body&gt;&lt;ns1:crearFormularioPotencialResponse xmlns:ns1=&quot;http://www.colfuturo.org/potencial/ws/ServicioIntegracionPotencial&quot;&gt;&lt;return&gt;Creo formulario&lt;/return&gt;&lt;/ns1:crearFormularioPotencialResponse&gt;&lt;/soap:Body&gt;&lt;/soap:Envelope&gt;

09:07:39 88.18.139.254 desde:user/111519 preparando para almacenar usuario : 1032447196

09:07:39 88.18.139.254  conectando a : https://jboss2.colfuturo.org/Formulario-Interno/ServicioIntegracionPotencial?wsdl

09:07:39 88.18.139.254  enviando datos : {"numeroDocumento":"1032447196",
            "nombre":"Ana María",
            "apellido":"Yaruro Jaime",
            "email":"anayaruroj@gmail.com",
            "fechaNacimiento":"31-07-2018",
            "ciudadResidencia":"Bogotá, Colombia",
            "genero":"F",
            "celular":"",
            "listaInteresAreaEstudio":["Ciencias Sociales"],
            "listaInteresIdioma":[""]}

09:07:42 88.18.139.254  respuesta HTTP/1.1 200 OK
Server: Apache-Coyote/1.1
Set-Cookie: JSESSIONID=CNqZvdsbBuVbvi2kzHLODMtz.undefined; Path=/Formulario-Interno
Content-Type: text/xml;charset=ISO-8859-1
Content-Length: 301
Date: Wed, 01 Aug 2018 02:16:57 GMT
Connection: close

&lt;soap:Envelope xmlns:soap=&quot;http://schemas.xmlsoap.org/soap/envelope/&quot;&gt;&lt;soap:Body&gt;&lt;ns1:crearFormularioPotencialResponse xmlns:ns1=&quot;http://www.colfuturo.org/potencial/ws/ServicioIntegracionPotencial&quot;&gt;&lt;return&gt;Encontro formulario&lt;/return&gt;&lt;/ns1:crearFormularioPotencialResponse&gt;&lt;/soap:Body&gt;&lt;/soap:Envelope&gt;

