02:10:48 192.173.132.38 desde:user/register preparando para almacenar usuario : 80086372

02:10:48 192.173.132.38  conectando a : http://jboss2.colfuturo.org/Formulario-Interno/ServicioIntegracionPotencial?wsdl

02:10:48 192.173.132.38  enviando datos : {"numeroDocumento":"80086372",
            "nombre":"JULIAN DAVID",
            "apellido":"RIAÑO CRUZ",
            "email":"JULIANRIANO@YAHOO.COM",
            "fechaNacimiento":"18 ene 1984",
            "ciudadResidencia":"Brighton, Reino Unido",
            "genero":"M",
            "celular":"",
            "listaInteresAreaEstudio":["Administración y Negocios"],
            "listaInteresIdioma":[""]}

02:10:54 192.173.132.38  respuesta HTTP/1.1 200 OK
Server: Apache-Coyote/1.1
Set-Cookie: JSESSIONID=TY3yLfz+kmiKyv1e0jbZxXUs.undefined; Path=/Formulario-Interno
Content-Type: text/xml;charset=ISO-8859-1
Content-Length: 297
Date: Wed, 19 Oct 2016 07:34:54 GMT
Connection: close

&lt;soap:Envelope xmlns:soap=&quot;http://schemas.xmlsoap.org/soap/envelope/&quot;&gt;&lt;soap:Body&gt;&lt;ns1:crearFormularioPotencialResponse xmlns:ns1=&quot;http://www.colfuturo.org/potencial/ws/ServicioIntegracionPotencial&quot;&gt;&lt;return&gt;Creo formulario&lt;/return&gt;&lt;/ns1:crearFormularioPotencialResponse&gt;&lt;/soap:Body&gt;&lt;/soap:Envelope&gt;

05:10:21 190.242.75.77 desde:user/register preparando para almacenar usuario : 1020751259

05:10:21 190.242.75.77  conectando a : http://jboss2.colfuturo.org/Formulario-Interno/ServicioIntegracionPotencial?wsdl

05:10:21 190.242.75.77  enviando datos : {"numeroDocumento":"1020751259",
            "nombre":"Sergio",
            "apellido":"Diaz",
            "email":"Diazrs90@gmail.com",
            "fechaNacimiento":"18 ene 1984",
            "ciudadResidencia":"Bogotá, Colombia",
            "genero":"M",
            "celular":"",
            "listaInteresAreaEstudio":["Ciencias Agropecuarias y del Medio Ambiente","Ciencias Políticas y Relaciones Internacionales","Derecho"],
            "listaInteresIdioma":[""]}

05:10:28 190.242.75.77  respuesta HTTP/1.1 200 OK
Server: Apache-Coyote/1.1
Set-Cookie: JSESSIONID=pgmbt73O8QerDErV5ZZBozDQ.undefined; Path=/Formulario-Interno
Content-Type: text/xml;charset=ISO-8859-1
Content-Length: 297
Date: Wed, 19 Oct 2016 10:08:28 GMT
Connection: close

&lt;soap:Envelope xmlns:soap=&quot;http://schemas.xmlsoap.org/soap/envelope/&quot;&gt;&lt;soap:Body&gt;&lt;ns1:crearFormularioPotencialResponse xmlns:ns1=&quot;http://www.colfuturo.org/potencial/ws/ServicioIntegracionPotencial&quot;&gt;&lt;return&gt;Creo formulario&lt;/return&gt;&lt;/ns1:crearFormularioPotencialResponse&gt;&lt;/soap:Body&gt;&lt;/soap:Envelope&gt;

05:10:21 186.154.84.141 desde:user/register preparando para almacenar usuario : 52053983

05:10:21 186.154.84.141  conectando a : http://jboss2.colfuturo.org/Formulario-Interno/ServicioIntegracionPotencial?wsdl

05:10:21 186.154.84.141  enviando datos : {"numeroDocumento":"52053983",
            "nombre":"María José",
            "apellido":"Calderón Ponce de León",
            "email":"mjcponce@hotmail.com",
            "fechaNacimiento":"18 ene 1984",
            "ciudadResidencia":"Bogotá, Colombia",
            "genero":"F",
            "celular":"",
            "listaInteresAreaEstudio":["Ciencias Agropecuarias y del Medio Ambiente"],
            "listaInteresIdioma":[""]}

05:10:27 186.154.84.141  respuesta HTTP/1.1 200 OK
Server: Apache-Coyote/1.1
Set-Cookie: JSESSIONID=BKzFVK+561ygSCqEdnvE9EXK.undefined; Path=/Formulario-Interno
Content-Type: text/xml;charset=ISO-8859-1
Content-Length: 297
Date: Wed, 19 Oct 2016 10:11:27 GMT
Connection: close

&lt;soap:Envelope xmlns:soap=&quot;http://schemas.xmlsoap.org/soap/envelope/&quot;&gt;&lt;soap:Body&gt;&lt;ns1:crearFormularioPotencialResponse xmlns:ns1=&quot;http://www.colfuturo.org/potencial/ws/ServicioIntegracionPotencial&quot;&gt;&lt;return&gt;Creo formulario&lt;/return&gt;&lt;/ns1:crearFormularioPotencialResponse&gt;&lt;/soap:Body&gt;&lt;/soap:Envelope&gt;

06:10:17 191.95.246.234 desde:user/register preparando para almacenar usuario : 1136883005

06:10:17 191.95.246.234  conectando a : http://jboss2.colfuturo.org/Formulario-Interno/ServicioIntegracionPotencial?wsdl

06:10:17 191.95.246.234  enviando datos : {"numeroDocumento":"1136883005",
            "nombre":"Laura ",
            "apellido":"Acosta Zárate",
            "email":"lauraacostazarate@gmail.com",
            "fechaNacimiento":"18 ene 1984",
            "ciudadResidencia":"Bogotá, Colombia",
            "genero":"F",
            "celular":"",
            "listaInteresAreaEstudio":["Derecho"],
            "listaInteresIdioma":[""]}

06:10:23 191.95.246.234  respuesta HTTP/1.1 200 OK
Server: Apache-Coyote/1.1
Set-Cookie: JSESSIONID=FZzCJisc9mLQnyvJ-bKqFAPf.undefined; Path=/Formulario-Interno
Content-Type: text/xml;charset=ISO-8859-1
Content-Length: 297
Date: Wed, 19 Oct 2016 11:35:23 GMT
Connection: close

&lt;soap:Envelope xmlns:soap=&quot;http://schemas.xmlsoap.org/soap/envelope/&quot;&gt;&lt;soap:Body&gt;&lt;ns1:crearFormularioPotencialResponse xmlns:ns1=&quot;http://www.colfuturo.org/potencial/ws/ServicioIntegracionPotencial&quot;&gt;&lt;return&gt;Creo formulario&lt;/return&gt;&lt;/ns1:crearFormularioPotencialResponse&gt;&lt;/soap:Body&gt;&lt;/soap:Envelope&gt;

06:10:36 186.80.227.77 desde:user/register preparando para almacenar usuario : 1060654321

06:10:36 186.80.227.77  conectando a : http://jboss2.colfuturo.org/Formulario-Interno/ServicioIntegracionPotencial?wsdl

06:10:36 186.80.227.77  enviando datos : {"numeroDocumento":"1060654321",
            "nombre":"Gennyfer",
            "apellido":"Ocampo giraldo",
            "email":"gennyfer.ocampo@gmail.com",
            "fechaNacimiento":"18 ene 1984",
            "ciudadResidencia":"Manizales - Caldas, Colombia",
            "genero":"F",
            "celular":"",
            "listaInteresAreaEstudio":[""],
            "listaInteresIdioma":["ingles"]}

06:10:42 186.80.227.77  respuesta HTTP/1.1 200 OK
Server: Apache-Coyote/1.1
Set-Cookie: JSESSIONID=VEY1Ppl1eXDRhLiQ1U0xmE+i.undefined; Path=/Formulario-Interno
Content-Type: text/xml;charset=ISO-8859-1
Content-Length: 297
Date: Wed, 19 Oct 2016 11:44:42 GMT
Connection: close

&lt;soap:Envelope xmlns:soap=&quot;http://schemas.xmlsoap.org/soap/envelope/&quot;&gt;&lt;soap:Body&gt;&lt;ns1:crearFormularioPotencialResponse xmlns:ns1=&quot;http://www.colfuturo.org/potencial/ws/ServicioIntegracionPotencial&quot;&gt;&lt;return&gt;Creo formulario&lt;/return&gt;&lt;/ns1:crearFormularioPotencialResponse&gt;&lt;/soap:Body&gt;&lt;/soap:Envelope&gt;

06:10:08 186.28.48.200 desde:user/register preparando para almacenar usuario : 1018452420

06:10:08 186.28.48.200  conectando a : http://jboss2.colfuturo.org/Formulario-Interno/ServicioIntegracionPotencial?wsdl

06:10:08 186.28.48.200  enviando datos : {"numeroDocumento":"1018452420",
            "nombre":"Laura",
            "apellido":"Sandoval",
            "email":"Laura_13_926@hotmail.con",
            "fechaNacimiento":"18 ene 1984",
            "ciudadResidencia":"Bogotá, Colombia",
            "genero":"F",
            "celular":"",
            "listaInteresAreaEstudio":["Derecho","Economía"],
            "listaInteresIdioma":["ingles"]}

06:10:09 186.28.48.200  respuesta HTTP/1.1 200 OK
Server: Apache-Coyote/1.1
Set-Cookie: JSESSIONID=RtAKDgHYuVgbDvIyUH6FZt7W.undefined; Path=/Formulario-Interno
Content-Type: text/xml;charset=ISO-8859-1
Content-Length: 297
Date: Wed, 19 Oct 2016 11:53:08 GMT
Connection: close

&lt;soap:Envelope xmlns:soap=&quot;http://schemas.xmlsoap.org/soap/envelope/&quot;&gt;&lt;soap:Body&gt;&lt;ns1:crearFormularioPotencialResponse xmlns:ns1=&quot;http://www.colfuturo.org/potencial/ws/ServicioIntegracionPotencial&quot;&gt;&lt;return&gt;Creo formulario&lt;/return&gt;&lt;/ns1:crearFormularioPotencialResponse&gt;&lt;/soap:Body&gt;&lt;/soap:Envelope&gt;

06:10:46 152.200.240.0 desde:user/register preparando para almacenar usuario : 1019081182

06:10:46 152.200.240.0  conectando a : http://jboss2.colfuturo.org/Formulario-Interno/ServicioIntegracionPotencial?wsdl

06:10:46 152.200.240.0  enviando datos : {"numeroDocumento":"1019081182",
            "nombre":"Andrés Esteban",
            "apellido":"Gutiérrez Romero",
            "email":"andrese.gutierrez@urosario.edu.co",
            "fechaNacimiento":"18 ene 1984",
            "ciudadResidencia":"Bogotá, Colombia",
            "genero":"M",
            "celular":"",
            "listaInteresAreaEstudio":["Ciencias Políticas y Relaciones Internacionales","Ciencias Sociales","Derecho","Economía"],
            "listaInteresIdioma":[""]}

06:10:47 152.200.240.0  respuesta HTTP/1.1 200 OK
Server: Apache-Coyote/1.1
Set-Cookie: JSESSIONID=TFlxf6bj8ZYjNhtZrcTThLGd.undefined; Path=/Formulario-Interno
Content-Type: text/xml;charset=ISO-8859-1
Content-Length: 297
Date: Wed, 19 Oct 2016 11:56:46 GMT
Connection: close

&lt;soap:Envelope xmlns:soap=&quot;http://schemas.xmlsoap.org/soap/envelope/&quot;&gt;&lt;soap:Body&gt;&lt;ns1:crearFormularioPotencialResponse xmlns:ns1=&quot;http://www.colfuturo.org/potencial/ws/ServicioIntegracionPotencial&quot;&gt;&lt;return&gt;Creo formulario&lt;/return&gt;&lt;/ns1:crearFormularioPotencialResponse&gt;&lt;/soap:Body&gt;&lt;/soap:Envelope&gt;

07:10:21 191.159.159.51 desde:user/register preparando para almacenar usuario : 1018467556

07:10:21 191.159.159.51  conectando a : http://jboss2.colfuturo.org/Formulario-Interno/ServicioIntegracionPotencial?wsdl

07:10:21 191.159.159.51  enviando datos : {"numeroDocumento":"1018467556",
            "nombre":"Diana Carolina",
            "apellido":"Ávila Medina",
            "email":"caroavila94@gmail.com",
            "fechaNacimiento":"18 ene 1984",
            "ciudadResidencia":"Bogotá, Colombia",
            "genero":"F",
            "celular":"",
            "listaInteresAreaEstudio":["Derecho"],
            "listaInteresIdioma":[""]}

07:10:26 191.159.159.51  respuesta HTTP/1.1 200 OK
Server: Apache-Coyote/1.1
Set-Cookie: JSESSIONID=f4BSQrfd7+NSitKw5Nkb1tG8.undefined; Path=/Formulario-Interno
Content-Type: text/xml;charset=ISO-8859-1
Content-Length: 297
Date: Wed, 19 Oct 2016 12:06:26 GMT
Connection: close

&lt;soap:Envelope xmlns:soap=&quot;http://schemas.xmlsoap.org/soap/envelope/&quot;&gt;&lt;soap:Body&gt;&lt;ns1:crearFormularioPotencialResponse xmlns:ns1=&quot;http://www.colfuturo.org/potencial/ws/ServicioIntegracionPotencial&quot;&gt;&lt;return&gt;Creo formulario&lt;/return&gt;&lt;/ns1:crearFormularioPotencialResponse&gt;&lt;/soap:Body&gt;&lt;/soap:Envelope&gt;

07:10:49 181.61.165.59 desde:user/register preparando para almacenar usuario : 1020799956

07:10:49 181.61.165.59  conectando a : http://jboss2.colfuturo.org/Formulario-Interno/ServicioIntegracionPotencial?wsdl

07:10:49 181.61.165.59  enviando datos : {"numeroDocumento":"1020799956",
            "nombre":"Manuel Felipe ",
            "apellido":"Moscoso Suárez ",
            "email":"Manuelfmoscoso@hotmail.com",
            "fechaNacimiento":"18 ene 1984",
            "ciudadResidencia":"Bogotá, Colombia",
            "genero":"M",
            "celular":"",
            "listaInteresAreaEstudio":["Derecho"],
            "listaInteresIdioma":[""]}

07:10:50 181.61.165.59  respuesta HTTP/1.1 200 OK
Server: Apache-Coyote/1.1
Set-Cookie: JSESSIONID=M8zagx7EnY53Xry8TkdKysOj.undefined; Path=/Formulario-Interno
Content-Type: text/xml;charset=ISO-8859-1
Content-Length: 297
Date: Wed, 19 Oct 2016 12:06:49 GMT
Connection: close

&lt;soap:Envelope xmlns:soap=&quot;http://schemas.xmlsoap.org/soap/envelope/&quot;&gt;&lt;soap:Body&gt;&lt;ns1:crearFormularioPotencialResponse xmlns:ns1=&quot;http://www.colfuturo.org/potencial/ws/ServicioIntegracionPotencial&quot;&gt;&lt;return&gt;Creo formulario&lt;/return&gt;&lt;/ns1:crearFormularioPotencialResponse&gt;&lt;/soap:Body&gt;&lt;/soap:Envelope&gt;

08:10:38 190.158.208.204 desde:user/register preparando para almacenar usuario : 1020786229

08:10:38 190.158.208.204  conectando a : http://jboss2.colfuturo.org/Formulario-Interno/ServicioIntegracionPotencial?wsdl

08:10:38 190.158.208.204  enviando datos : {"numeroDocumento":"1020786229",
            "nombre":"andrea",
            "apellido":"rincon",
            "email":"andreakatherin300@hotmail.com",
            "fechaNacimiento":"18 ene 1984",
            "ciudadResidencia":"Bogotá, Colombia",
            "genero":"F",
            "celular":"",
            "listaInteresAreaEstudio":[""],
            "listaInteresIdioma":["ingles"]}

08:10:39 190.158.208.204  respuesta HTTP/1.1 200 OK
Server: Apache-Coyote/1.1
Set-Cookie: JSESSIONID=CetRygDIcs0O2v-bIU2dag7W.undefined; Path=/Formulario-Interno
Content-Type: text/xml;charset=ISO-8859-1
Content-Length: 297
Date: Wed, 19 Oct 2016 13:01:38 GMT
Connection: close

&lt;soap:Envelope xmlns:soap=&quot;http://schemas.xmlsoap.org/soap/envelope/&quot;&gt;&lt;soap:Body&gt;&lt;ns1:crearFormularioPotencialResponse xmlns:ns1=&quot;http://www.colfuturo.org/potencial/ws/ServicioIntegracionPotencial&quot;&gt;&lt;return&gt;Creo formulario&lt;/return&gt;&lt;/ns1:crearFormularioPotencialResponse&gt;&lt;/soap:Body&gt;&lt;/soap:Envelope&gt;

08:10:48 190.147.179.65 desde:user/register preparando para almacenar usuario : 1130633196

08:10:48 190.147.179.65  conectando a : http://jboss2.colfuturo.org/Formulario-Interno/ServicioIntegracionPotencial?wsdl

08:10:48 190.147.179.65  enviando datos : {"numeroDocumento":"1130633196",
            "nombre":"francisco javier ",
            "apellido":"bautista talaga",
            "email":"frank2075@hotmail.com",
            "fechaNacimiento":"18 ene 1984",
            "ciudadResidencia":"Cali - Valle del Cauca, Colombia",
            "genero":"M",
            "celular":"",
            "listaInteresAreaEstudio":["Administración y Negocios","Ciencias Básicas","Ingeniería"],
            "listaInteresIdioma":[""]}

08:10:54 190.147.179.65  respuesta HTTP/1.1 200 OK
Server: Apache-Coyote/1.1
Set-Cookie: JSESSIONID=LWaXpY9QwDDMLSiGR+TeTmUO.undefined; Path=/Formulario-Interno
Content-Type: text/xml;charset=ISO-8859-1
Content-Length: 297
Date: Wed, 19 Oct 2016 13:11:54 GMT
Connection: close

&lt;soap:Envelope xmlns:soap=&quot;http://schemas.xmlsoap.org/soap/envelope/&quot;&gt;&lt;soap:Body&gt;&lt;ns1:crearFormularioPotencialResponse xmlns:ns1=&quot;http://www.colfuturo.org/potencial/ws/ServicioIntegracionPotencial&quot;&gt;&lt;return&gt;Creo formulario&lt;/return&gt;&lt;/ns1:crearFormularioPotencialResponse&gt;&lt;/soap:Body&gt;&lt;/soap:Envelope&gt;

08:10:30 181.244.231.163 desde:user/136083 preparando para almacenar usuario : 71381960

08:10:30 181.244.231.163  conectando a : http://jboss2.colfuturo.org/Formulario-Interno/ServicioIntegracionPotencial?wsdl

08:10:30 181.244.231.163  enviando datos : {"numeroDocumento":"71381960",
            "nombre":"Juan Felipe",
            "apellido":"Londoño Arango",
            "email":"londonofelipe1981@gmail.com",
            "fechaNacimiento":"18 ene 1984",
            "ciudadResidencia":"Bogotá, Colombia",
            "genero":"M",
            "celular":"",
            "listaInteresAreaEstudio":["Administración y Negocios","Ciencias Agropecuarias y del Medio Ambiente","Ciencias Políticas y Relaciones Internacionales","Ciencias Sociales"],
            "listaInteresIdioma":["ingles","frances"]}

08:10:35 181.244.231.163  respuesta HTTP/1.1 200 OK
Server: Apache-Coyote/1.1
Set-Cookie: JSESSIONID=Vtrqc5Dto2nz7-wkgt3JGn41.undefined; Path=/Formulario-Interno
Content-Type: text/xml;charset=ISO-8859-1
Content-Length: 301
Date: Wed, 19 Oct 2016 13:15:35 GMT
Connection: close

&lt;soap:Envelope xmlns:soap=&quot;http://schemas.xmlsoap.org/soap/envelope/&quot;&gt;&lt;soap:Body&gt;&lt;ns1:crearFormularioPotencialResponse xmlns:ns1=&quot;http://www.colfuturo.org/potencial/ws/ServicioIntegracionPotencial&quot;&gt;&lt;return&gt;Encontro formulario&lt;/return&gt;&lt;/ns1:crearFormularioPotencialResponse&gt;&lt;/soap:Body&gt;&lt;/soap:Envelope&gt;

08:10:11 181.143.145.2 desde:user/register preparando para almacenar usuario : 1032455147

08:10:11 181.143.145.2  conectando a : http://jboss2.colfuturo.org/Formulario-Interno/ServicioIntegracionPotencial?wsdl

08:10:11 181.143.145.2  enviando datos : {"numeroDocumento":"1032455147",
            "nombre":"Angie Liseth",
            "apellido":"Velásquez García",
            "email":"lisytom01@gmail.com",
            "fechaNacimiento":"18 ene 1984",
            "ciudadResidencia":"Bogotá, Colombia",
            "genero":"F",
            "celular":"",
            "listaInteresAreaEstudio":[""],
            "listaInteresIdioma":["ingles"]}

08:10:17 181.143.145.2  respuesta HTTP/1.1 200 OK
Server: Apache-Coyote/1.1
Set-Cookie: JSESSIONID=rKoo8HIOJ85zqJVi9Aw1UNvp.undefined; Path=/Formulario-Interno
Content-Type: text/xml;charset=ISO-8859-1
Content-Length: 297
Date: Wed, 19 Oct 2016 13:31:17 GMT
Connection: close

&lt;soap:Envelope xmlns:soap=&quot;http://schemas.xmlsoap.org/soap/envelope/&quot;&gt;&lt;soap:Body&gt;&lt;ns1:crearFormularioPotencialResponse xmlns:ns1=&quot;http://www.colfuturo.org/potencial/ws/ServicioIntegracionPotencial&quot;&gt;&lt;return&gt;Creo formulario&lt;/return&gt;&lt;/ns1:crearFormularioPotencialResponse&gt;&lt;/soap:Body&gt;&lt;/soap:Envelope&gt;

08:10:46 157.253.246.20 desde:user/register preparando para almacenar usuario : 1047423042

08:10:46 157.253.246.20  conectando a : http://jboss2.colfuturo.org/Formulario-Interno/ServicioIntegracionPotencial?wsdl

08:10:46 157.253.246.20  enviando datos : {"numeroDocumento":"1047423042",
            "nombre":"Abel Enrique",
            "apellido":"Martinez Sierra",
            "email":"martinezs.abel@gmail.com",
            "fechaNacimiento":"18 ene 1984",
            "ciudadResidencia":"Bogotá, Colombia",
            "genero":"M",
            "celular":"",
            "listaInteresAreaEstudio":["Ciencias Políticas y Relaciones Internacionales","Ciencias Sociales","Derecho"],
            "listaInteresIdioma":[""]}

08:10:52 157.253.246.20  respuesta HTTP/1.1 200 OK
Server: Apache-Coyote/1.1
Set-Cookie: JSESSIONID=zibOMEOJRtAfS0xByKz3vjJv.undefined; Path=/Formulario-Interno
Content-Type: text/xml;charset=ISO-8859-1
Content-Length: 297
Date: Wed, 19 Oct 2016 13:31:52 GMT
Connection: close

&lt;soap:Envelope xmlns:soap=&quot;http://schemas.xmlsoap.org/soap/envelope/&quot;&gt;&lt;soap:Body&gt;&lt;ns1:crearFormularioPotencialResponse xmlns:ns1=&quot;http://www.colfuturo.org/potencial/ws/ServicioIntegracionPotencial&quot;&gt;&lt;return&gt;Creo formulario&lt;/return&gt;&lt;/ns1:crearFormularioPotencialResponse&gt;&lt;/soap:Body&gt;&lt;/soap:Envelope&gt;

08:10:13 157.253.246.20 desde:user/136688 preparando para almacenar usuario : 1047423042

08:10:13 157.253.246.20  conectando a : http://jboss2.colfuturo.org/Formulario-Interno/ServicioIntegracionPotencial?wsdl

08:10:13 157.253.246.20  enviando datos : {"numeroDocumento":"1047423042",
            "nombre":"Abel Enrique",
            "apellido":"Martinez Sierra",
            "email":"martinezs.abel@gmail.com",
            "fechaNacimiento":"18 ene 1984",
            "ciudadResidencia":"Bogotá, Colombia",
            "genero":"M",
            "celular":"",
            "listaInteresAreaEstudio":["Ciencias Políticas y Relaciones Internacionales","Ciencias Sociales","Derecho"],
            "listaInteresIdioma":[""]}

08:10:14 157.253.246.20  respuesta HTTP/1.1 200 OK
Server: Apache-Coyote/1.1
Set-Cookie: JSESSIONID=DTdyOVtFz-1EEH-8zDFWIJP2.undefined; Path=/Formulario-Interno
Content-Type: text/xml;charset=ISO-8859-1
Content-Length: 301
Date: Wed, 19 Oct 2016 13:32:13 GMT
Connection: close

&lt;soap:Envelope xmlns:soap=&quot;http://schemas.xmlsoap.org/soap/envelope/&quot;&gt;&lt;soap:Body&gt;&lt;ns1:crearFormularioPotencialResponse xmlns:ns1=&quot;http://www.colfuturo.org/potencial/ws/ServicioIntegracionPotencial&quot;&gt;&lt;return&gt;Encontro formulario&lt;/return&gt;&lt;/ns1:crearFormularioPotencialResponse&gt;&lt;/soap:Body&gt;&lt;/soap:Envelope&gt;

08:10:29 157.253.246.20 desde:user/136688 preparando para almacenar usuario : 1047423042

08:10:29 157.253.246.20  conectando a : http://jboss2.colfuturo.org/Formulario-Interno/ServicioIntegracionPotencial?wsdl

08:10:29 157.253.246.20  enviando datos : {"numeroDocumento":"1047423042",
            "nombre":"Abel Enrique",
            "apellido":"Martinez Sierra",
            "email":"martinezs.abel@gmail.com",
            "fechaNacimiento":"18 ene 1984",
            "ciudadResidencia":"Bogotá, Colombia",
            "genero":"M",
            "celular":"",
            "listaInteresAreaEstudio":["Ciencias Políticas y Relaciones Internacionales","Ciencias Sociales","Derecho"],
            "listaInteresIdioma":[""]}

08:10:31 157.253.246.20  respuesta HTTP/1.1 200 OK
Server: Apache-Coyote/1.1
Set-Cookie: JSESSIONID=1iSmQo858Qfgr6yAuDCWAQ4A.undefined; Path=/Formulario-Interno
Content-Type: text/xml;charset=ISO-8859-1
Content-Length: 301
Date: Wed, 19 Oct 2016 13:32:31 GMT
Connection: close

&lt;soap:Envelope xmlns:soap=&quot;http://schemas.xmlsoap.org/soap/envelope/&quot;&gt;&lt;soap:Body&gt;&lt;ns1:crearFormularioPotencialResponse xmlns:ns1=&quot;http://www.colfuturo.org/potencial/ws/ServicioIntegracionPotencial&quot;&gt;&lt;return&gt;Encontro formulario&lt;/return&gt;&lt;/ns1:crearFormularioPotencialResponse&gt;&lt;/soap:Body&gt;&lt;/soap:Envelope&gt;

08:10:43 201.245.229.55 desde:user/register preparando para almacenar usuario : 1026275391

08:10:43 201.245.229.55  conectando a : http://jboss2.colfuturo.org/Formulario-Interno/ServicioIntegracionPotencial?wsdl

08:10:43 201.245.229.55  enviando datos : {"numeroDocumento":"1026275391",
            "nombre":"María Camila ",
            "apellido":"Ríos Oliveros",
            "email":"ma.camilarios@hotmail.com",
            "fechaNacimiento":"18 ene 1984",
            "ciudadResidencia":"Bogotá, Colombia",
            "genero":"F",
            "celular":"",
            "listaInteresAreaEstudio":["Derecho"],
            "listaInteresIdioma":[""]}

08:10:44 201.245.229.55  respuesta HTTP/1.1 200 OK
Server: Apache-Coyote/1.1
Set-Cookie: JSESSIONID=2P0LHJUkGzMym-nIy6lrUV1-.undefined; Path=/Formulario-Interno
Content-Type: text/xml;charset=ISO-8859-1
Content-Length: 297
Date: Wed, 19 Oct 2016 13:37:43 GMT
Connection: close

&lt;soap:Envelope xmlns:soap=&quot;http://schemas.xmlsoap.org/soap/envelope/&quot;&gt;&lt;soap:Body&gt;&lt;ns1:crearFormularioPotencialResponse xmlns:ns1=&quot;http://www.colfuturo.org/potencial/ws/ServicioIntegracionPotencial&quot;&gt;&lt;return&gt;Creo formulario&lt;/return&gt;&lt;/ns1:crearFormularioPotencialResponse&gt;&lt;/soap:Body&gt;&lt;/soap:Envelope&gt;

08:10:10 220.245.58.158 desde:user/register preparando para almacenar usuario : 1016039006

08:10:10 220.245.58.158  conectando a : http://jboss2.colfuturo.org/Formulario-Interno/ServicioIntegracionPotencial?wsdl

08:10:10 220.245.58.158  enviando datos : {"numeroDocumento":"1016039006",
            "nombre":"Ruben",
            "apellido":"Dario",
            "email":"rubendariovillamizar@gmail.com",
            "fechaNacimiento":"18 ene 1984",
            "ciudadResidencia":"Melbourne, Victoria, Australia",
            "genero":"M",
            "celular":"",
            "listaInteresAreaEstudio":["Ingeniería"],
            "listaInteresIdioma":[""]}

08:10:16 220.245.58.158  respuesta HTTP/1.1 200 OK
Server: Apache-Coyote/1.1
Set-Cookie: JSESSIONID=aKCKka0KmpkR9lgPzyGFblGY.undefined; Path=/Formulario-Interno
Content-Type: text/xml;charset=ISO-8859-1
Content-Length: 297
Date: Wed, 19 Oct 2016 13:55:16 GMT
Connection: close

&lt;soap:Envelope xmlns:soap=&quot;http://schemas.xmlsoap.org/soap/envelope/&quot;&gt;&lt;soap:Body&gt;&lt;ns1:crearFormularioPotencialResponse xmlns:ns1=&quot;http://www.colfuturo.org/potencial/ws/ServicioIntegracionPotencial&quot;&gt;&lt;return&gt;Creo formulario&lt;/return&gt;&lt;/ns1:crearFormularioPotencialResponse&gt;&lt;/soap:Body&gt;&lt;/soap:Envelope&gt;

08:10:36 190.9.203.230 desde:user/register preparando para almacenar usuario : 1121938376

08:10:36 190.9.203.230  conectando a : http://jboss2.colfuturo.org/Formulario-Interno/ServicioIntegracionPotencial?wsdl

08:10:36 190.9.203.230  enviando datos : {"numeroDocumento":"1121938376",
            "nombre":"Octavio Andrés ",
            "apellido":"Tejeiro Carrillo",
            "email":"andres96tejeiro@gmail.com",
            "fechaNacimiento":"18 ene 1984",
            "ciudadResidencia":"Bogotá, Colombia",
            "genero":"M",
            "celular":"",
            "listaInteresAreaEstudio":["Artes"],
            "listaInteresIdioma":[""]}

08:10:42 190.9.203.230  respuesta HTTP/1.1 200 OK
Server: Apache-Coyote/1.1
Set-Cookie: JSESSIONID=qNnasCElJwrg5BQ5hqDr2UnE.undefined; Path=/Formulario-Interno
Content-Type: text/xml;charset=ISO-8859-1
Content-Length: 297
Date: Wed, 19 Oct 2016 13:59:42 GMT
Connection: close

&lt;soap:Envelope xmlns:soap=&quot;http://schemas.xmlsoap.org/soap/envelope/&quot;&gt;&lt;soap:Body&gt;&lt;ns1:crearFormularioPotencialResponse xmlns:ns1=&quot;http://www.colfuturo.org/potencial/ws/ServicioIntegracionPotencial&quot;&gt;&lt;return&gt;Creo formulario&lt;/return&gt;&lt;/ns1:crearFormularioPotencialResponse&gt;&lt;/soap:Body&gt;&lt;/soap:Envelope&gt;

09:10:18 200.116.226.114 desde:user/register preparando para almacenar usuario : 72345198

09:10:18 200.116.226.114  conectando a : http://jboss2.colfuturo.org/Formulario-Interno/ServicioIntegracionPotencial?wsdl

09:10:18 200.116.226.114  enviando datos : {"numeroDocumento":"72345198",
            "nombre":"jonatan ",
            "apellido":"diaz",
            "email":"diazforero@gmail.com",
            "fechaNacimiento":"18 ene 1984",
            "ciudadResidencia":"Barranquilla - Atlántico, Colombia",
            "genero":"M",
            "celular":"",
            "listaInteresAreaEstudio":[""],
            "listaInteresIdioma":["ingles"]}

09:10:22 200.116.226.114  respuesta HTTP/1.1 200 OK
Server: Apache-Coyote/1.1
Set-Cookie: JSESSIONID=B24GDVjkLCdGKFCet-3betZp.undefined; Path=/Formulario-Interno
Content-Type: text/xml;charset=ISO-8859-1
Content-Length: 297
Date: Wed, 19 Oct 2016 14:03:21 GMT
Connection: close

&lt;soap:Envelope xmlns:soap=&quot;http://schemas.xmlsoap.org/soap/envelope/&quot;&gt;&lt;soap:Body&gt;&lt;ns1:crearFormularioPotencialResponse xmlns:ns1=&quot;http://www.colfuturo.org/potencial/ws/ServicioIntegracionPotencial&quot;&gt;&lt;return&gt;Creo formulario&lt;/return&gt;&lt;/ns1:crearFormularioPotencialResponse&gt;&lt;/soap:Body&gt;&lt;/soap:Envelope&gt;

09:10:17 186.80.192.158 desde:user/register preparando para almacenar usuario : 53075594

09:10:17 186.80.192.158  conectando a : http://jboss2.colfuturo.org/Formulario-Interno/ServicioIntegracionPotencial?wsdl

09:10:17 186.80.192.158  enviando datos : {"numeroDocumento":"53075594",
            "nombre":"Francy viviana ",
            "apellido":"Cruz Torres ",
            "email":"Nanita102233@gmail.com",
            "fechaNacimiento":"18 ene 1984",
            "ciudadResidencia":"Bogotá, Colombia",
            "genero":"F",
            "celular":"",
            "listaInteresAreaEstudio":[""],
            "listaInteresIdioma":["ingles","frances"]}

09:10:17 186.80.192.158  respuesta HTTP/1.1 200 OK
Server: Apache-Coyote/1.1
Set-Cookie: JSESSIONID=Abd3FkJT7bZ0mNkGE6ncFE5d.undefined; Path=/Formulario-Interno
Content-Type: text/xml;charset=ISO-8859-1
Content-Length: 297
Date: Wed, 19 Oct 2016 14:04:17 GMT
Connection: close

&lt;soap:Envelope xmlns:soap=&quot;http://schemas.xmlsoap.org/soap/envelope/&quot;&gt;&lt;soap:Body&gt;&lt;ns1:crearFormularioPotencialResponse xmlns:ns1=&quot;http://www.colfuturo.org/potencial/ws/ServicioIntegracionPotencial&quot;&gt;&lt;return&gt;Creo formulario&lt;/return&gt;&lt;/ns1:crearFormularioPotencialResponse&gt;&lt;/soap:Body&gt;&lt;/soap:Envelope&gt;

09:10:38 190.242.113.146 desde:user/register preparando para almacenar usuario : 1013662300

09:10:38 190.242.113.146  conectando a : http://jboss2.colfuturo.org/Formulario-Interno/ServicioIntegracionPotencial?wsdl

09:10:38 190.242.113.146  enviando datos : {"numeroDocumento":"1013662300",
            "nombre":"Paula Cristina",
            "apellido":"Rodríguez Hernandez ",
            "email":"paulacristinarodriguez@outlook.com",
            "fechaNacimiento":"18 ene 1984",
            "ciudadResidencia":"Bogotá, Colombia",
            "genero":"F",
            "celular":"",
            "listaInteresAreaEstudio":["Derecho"],
            "listaInteresIdioma":[""]}

09:10:39 190.242.113.146  respuesta HTTP/1.1 200 OK
Server: Apache-Coyote/1.1
Set-Cookie: JSESSIONID=kma5YdSfx2US7gvXQxB43LxE.undefined; Path=/Formulario-Interno
Content-Type: text/xml;charset=ISO-8859-1
Content-Length: 297
Date: Wed, 19 Oct 2016 14:04:38 GMT
Connection: close

&lt;soap:Envelope xmlns:soap=&quot;http://schemas.xmlsoap.org/soap/envelope/&quot;&gt;&lt;soap:Body&gt;&lt;ns1:crearFormularioPotencialResponse xmlns:ns1=&quot;http://www.colfuturo.org/potencial/ws/ServicioIntegracionPotencial&quot;&gt;&lt;return&gt;Creo formulario&lt;/return&gt;&lt;/ns1:crearFormularioPotencialResponse&gt;&lt;/soap:Body&gt;&lt;/soap:Envelope&gt;

09:10:59 152.201.59.59 desde:user/register preparando para almacenar usuario : 1020753625

09:10:59 152.201.59.59  conectando a : http://jboss2.colfuturo.org/Formulario-Interno/ServicioIntegracionPotencial?wsdl

09:10:59 152.201.59.59  enviando datos : {"numeroDocumento":"1020753625",
            "nombre":"Maria Alejandra",
            "apellido":"Mosquera Patiño",
            "email":"mmosquera@mintic.gov.co",
            "fechaNacimiento":"18 ene 1984",
            "ciudadResidencia":"Bogotá, Colombia",
            "genero":"F",
            "celular":"",
            "listaInteresAreaEstudio":["Ciencias Políticas y Relaciones Internacionales"],
            "listaInteresIdioma":[""]}

09:10:59 152.201.59.59  respuesta HTTP/1.1 200 OK
Server: Apache-Coyote/1.1
Set-Cookie: JSESSIONID=i00cBKtsa73VmxvdrOsyYwyG.undefined; Path=/Formulario-Interno
Content-Type: text/xml;charset=ISO-8859-1
Content-Length: 297
Date: Wed, 19 Oct 2016 14:14:59 GMT
Connection: close

&lt;soap:Envelope xmlns:soap=&quot;http://schemas.xmlsoap.org/soap/envelope/&quot;&gt;&lt;soap:Body&gt;&lt;ns1:crearFormularioPotencialResponse xmlns:ns1=&quot;http://www.colfuturo.org/potencial/ws/ServicioIntegracionPotencial&quot;&gt;&lt;return&gt;Creo formulario&lt;/return&gt;&lt;/ns1:crearFormularioPotencialResponse&gt;&lt;/soap:Body&gt;&lt;/soap:Envelope&gt;

09:10:08 193.51.83.110 desde:user/register preparando para almacenar usuario : 1058818319

09:10:08 193.51.83.110  conectando a : http://jboss2.colfuturo.org/Formulario-Interno/ServicioIntegracionPotencial?wsdl

09:10:08 193.51.83.110  enviando datos : {"numeroDocumento":"1058818319",
            "nombre":"Juan David",
            "apellido":"GARCIA RIOS",
            "email":"megaterne99@hotmail.com",
            "fechaNacimiento":"18 ene 1984",
            "ciudadResidencia":"París, Francia",
            "genero":"M",
            "celular":"",
            "listaInteresAreaEstudio":["Ciencias Políticas y Relaciones Internacionales","Ciencias Sociales"],
            "listaInteresIdioma":[""]}

09:10:09 193.51.83.110  respuesta HTTP/1.1 200 OK
Server: Apache-Coyote/1.1
Set-Cookie: JSESSIONID=kkSuOa9xIgqzl5Ni2olfb+5L.undefined; Path=/Formulario-Interno
Content-Type: text/xml;charset=ISO-8859-1
Content-Length: 297
Date: Wed, 19 Oct 2016 14:16:08 GMT
Connection: close

&lt;soap:Envelope xmlns:soap=&quot;http://schemas.xmlsoap.org/soap/envelope/&quot;&gt;&lt;soap:Body&gt;&lt;ns1:crearFormularioPotencialResponse xmlns:ns1=&quot;http://www.colfuturo.org/potencial/ws/ServicioIntegracionPotencial&quot;&gt;&lt;return&gt;Creo formulario&lt;/return&gt;&lt;/ns1:crearFormularioPotencialResponse&gt;&lt;/soap:Body&gt;&lt;/soap:Envelope&gt;

09:10:43 191.109.52.204 desde:user/register preparando para almacenar usuario : 1082977769

09:10:43 191.109.52.204  conectando a : http://jboss2.colfuturo.org/Formulario-Interno/ServicioIntegracionPotencial?wsdl

09:10:43 191.109.52.204  enviando datos : {"numeroDocumento":"1082977769",
            "nombre":"KELLY JOHANNA",
            "apellido":"CASTILLO RUDAS",
            "email":"kelly031193@gmail.com",
            "fechaNacimiento":"18 ene 1984",
            "ciudadResidencia":"Ciénaga - Magdalena, Colombia",
            "genero":"F",
            "celular":"",
            "listaInteresAreaEstudio":["Administración y Negocios"],
            "listaInteresIdioma":[""]}

09:10:49 191.109.52.204  respuesta HTTP/1.1 200 OK
Server: Apache-Coyote/1.1
Set-Cookie: JSESSIONID=EMp5klx68ln+iHkJ43mHfpjL.undefined; Path=/Formulario-Interno
Content-Type: text/xml;charset=ISO-8859-1
Content-Length: 297
Date: Wed, 19 Oct 2016 14:22:49 GMT
Connection: close

&lt;soap:Envelope xmlns:soap=&quot;http://schemas.xmlsoap.org/soap/envelope/&quot;&gt;&lt;soap:Body&gt;&lt;ns1:crearFormularioPotencialResponse xmlns:ns1=&quot;http://www.colfuturo.org/potencial/ws/ServicioIntegracionPotencial&quot;&gt;&lt;return&gt;Creo formulario&lt;/return&gt;&lt;/ns1:crearFormularioPotencialResponse&gt;&lt;/soap:Body&gt;&lt;/soap:Envelope&gt;

09:10:31 190.249.170.30 desde:user/register preparando para almacenar usuario : 1039457249

09:10:31 190.249.170.30  conectando a : http://jboss2.colfuturo.org/Formulario-Interno/ServicioIntegracionPotencial?wsdl

09:10:31 190.249.170.30  enviando datos : {"numeroDocumento":"1039457249",
            "nombre":"Camila Andrea",
            "apellido":"Cruz Hernandez",
            "email":"camilacruzh@hotmail.com",
            "fechaNacimiento":"18 ene 1984",
            "ciudadResidencia":"Medellín - Antioquia, Colombia",
            "genero":"F",
            "celular":"",
            "listaInteresAreaEstudio":[""],
            "listaInteresIdioma":["ingles"]}

09:10:36 190.249.170.30  respuesta HTTP/1.1 200 OK
Server: Apache-Coyote/1.1
Set-Cookie: JSESSIONID=f5NmF7DdiM33aSeYxbJnwLCN.undefined; Path=/Formulario-Interno
Content-Type: text/xml;charset=ISO-8859-1
Content-Length: 297
Date: Wed, 19 Oct 2016 14:37:36 GMT
Connection: close

&lt;soap:Envelope xmlns:soap=&quot;http://schemas.xmlsoap.org/soap/envelope/&quot;&gt;&lt;soap:Body&gt;&lt;ns1:crearFormularioPotencialResponse xmlns:ns1=&quot;http://www.colfuturo.org/potencial/ws/ServicioIntegracionPotencial&quot;&gt;&lt;return&gt;Creo formulario&lt;/return&gt;&lt;/ns1:crearFormularioPotencialResponse&gt;&lt;/soap:Body&gt;&lt;/soap:Envelope&gt;

09:10:53 186.112.33.8 desde:user/register preparando para almacenar usuario : 1118815333

09:10:53 186.112.33.8  conectando a : http://jboss2.colfuturo.org/Formulario-Interno/ServicioIntegracionPotencial?wsdl

09:10:53 186.112.33.8  enviando datos : {"numeroDocumento":"1118815333",
            "nombre":"Jesmy ",
            "apellido":"Serna Mejia ",
            "email":"yesmyserna29@gmail.com",
            "fechaNacimiento":"18 ene 1984",
            "ciudadResidencia":"Cali - Valle del Cauca, Colombia",
            "genero":"F",
            "celular":"",
            "listaInteresAreaEstudio":[""],
            "listaInteresIdioma":["ingles","frances"]}

09:10:58 186.112.33.8  respuesta HTTP/1.1 200 OK
Server: Apache-Coyote/1.1
Set-Cookie: JSESSIONID=Fje+Gp2cP0ss6GgIaO0IyUOS.undefined; Path=/Formulario-Interno
Content-Type: text/xml;charset=ISO-8859-1
Content-Length: 297
Date: Wed, 19 Oct 2016 14:50:58 GMT
Connection: close

&lt;soap:Envelope xmlns:soap=&quot;http://schemas.xmlsoap.org/soap/envelope/&quot;&gt;&lt;soap:Body&gt;&lt;ns1:crearFormularioPotencialResponse xmlns:ns1=&quot;http://www.colfuturo.org/potencial/ws/ServicioIntegracionPotencial&quot;&gt;&lt;return&gt;Creo formulario&lt;/return&gt;&lt;/ns1:crearFormularioPotencialResponse&gt;&lt;/soap:Body&gt;&lt;/soap:Envelope&gt;

10:10:04 190.144.45.108 desde:user/register preparando para almacenar usuario : 1121855491

10:10:04 190.144.45.108  conectando a : http://jboss2.colfuturo.org/Formulario-Interno/ServicioIntegracionPotencial?wsdl

10:10:04 190.144.45.108  enviando datos : {"numeroDocumento":"1121855491",
            "nombre":"john",
            "apellido":"murillo",
            "email":"johnedisonmurillo@gmail.com",
            "fechaNacimiento":"18 ene 1984",
            "ciudadResidencia":"Villavicencio - Meta, Colombia",
            "genero":"M",
            "celular":"",
            "listaInteresAreaEstudio":["Economía","Ingeniería"],
            "listaInteresIdioma":["ingles"]}

10:10:09 190.144.45.108  respuesta HTTP/1.1 200 OK
Server: Apache-Coyote/1.1
Set-Cookie: JSESSIONID=hrLopCc6m0E6LhBoquy1BDln.undefined; Path=/Formulario-Interno
Content-Type: text/xml;charset=ISO-8859-1
Content-Length: 297
Date: Wed, 19 Oct 2016 15:03:09 GMT
Connection: close

&lt;soap:Envelope xmlns:soap=&quot;http://schemas.xmlsoap.org/soap/envelope/&quot;&gt;&lt;soap:Body&gt;&lt;ns1:crearFormularioPotencialResponse xmlns:ns1=&quot;http://www.colfuturo.org/potencial/ws/ServicioIntegracionPotencial&quot;&gt;&lt;return&gt;Creo formulario&lt;/return&gt;&lt;/ns1:crearFormularioPotencialResponse&gt;&lt;/soap:Body&gt;&lt;/soap:Envelope&gt;

10:10:33 190.242.113.146 desde:user/register preparando para almacenar usuario : 1020788927

10:10:33 190.242.113.146  conectando a : http://jboss2.colfuturo.org/Formulario-Interno/ServicioIntegracionPotencial?wsdl

10:10:33 190.242.113.146  enviando datos : {"numeroDocumento":"1020788927",
            "nombre":"Gabriela ",
            "apellido":"Luna Ramírez ",
            "email":"gabriela.luna93@hotmail.com",
            "fechaNacimiento":"18 ene 1984",
            "ciudadResidencia":"Bogotá, Colombia",
            "genero":"F",
            "celular":"",
            "listaInteresAreaEstudio":["Administración y Negocios","Ciencias Políticas y Relaciones Internacionales","Derecho","Economía"],
            "listaInteresIdioma":[""]}

10:10:34 190.242.113.146  respuesta HTTP/1.1 200 OK
Server: Apache-Coyote/1.1
Set-Cookie: JSESSIONID=zvW8VX91vt6DSb8mNy3Rd1kt.undefined; Path=/Formulario-Interno
Content-Type: text/xml;charset=ISO-8859-1
Content-Length: 297
Date: Wed, 19 Oct 2016 15:05:33 GMT
Connection: close

&lt;soap:Envelope xmlns:soap=&quot;http://schemas.xmlsoap.org/soap/envelope/&quot;&gt;&lt;soap:Body&gt;&lt;ns1:crearFormularioPotencialResponse xmlns:ns1=&quot;http://www.colfuturo.org/potencial/ws/ServicioIntegracionPotencial&quot;&gt;&lt;return&gt;Creo formulario&lt;/return&gt;&lt;/ns1:crearFormularioPotencialResponse&gt;&lt;/soap:Body&gt;&lt;/soap:Envelope&gt;

10:10:32 190.216.137.98 desde:user/register preparando para almacenar usuario : 52772853

10:10:32 190.216.137.98  conectando a : http://jboss2.colfuturo.org/Formulario-Interno/ServicioIntegracionPotencial?wsdl

10:10:32 190.216.137.98  enviando datos : {"numeroDocumento":"52772853",
            "nombre":"SANDRA BIBIANA",
            "apellido":"ALVARADO OROZCO ",
            "email":"bibianitaym@gmail.com",
            "fechaNacimiento":"18 ene 1984",
            "ciudadResidencia":"Bogotá, Colombia",
            "genero":"F",
            "celular":"",
            "listaInteresAreaEstudio":["Ciencias Políticas y Relaciones Internacionales"],
            "listaInteresIdioma":["ingles","frances"]}

10:10:38 190.216.137.98  respuesta HTTP/1.1 200 OK
Server: Apache-Coyote/1.1
Set-Cookie: JSESSIONID=rtUVlfpJYhJig4SlpRv3oOK6.undefined; Path=/Formulario-Interno
Content-Type: text/xml;charset=ISO-8859-1
Content-Length: 297
Date: Wed, 19 Oct 2016 15:28:38 GMT
Connection: close

&lt;soap:Envelope xmlns:soap=&quot;http://schemas.xmlsoap.org/soap/envelope/&quot;&gt;&lt;soap:Body&gt;&lt;ns1:crearFormularioPotencialResponse xmlns:ns1=&quot;http://www.colfuturo.org/potencial/ws/ServicioIntegracionPotencial&quot;&gt;&lt;return&gt;Creo formulario&lt;/return&gt;&lt;/ns1:crearFormularioPotencialResponse&gt;&lt;/soap:Body&gt;&lt;/soap:Envelope&gt;

11:10:52 181.49.65.224 desde:user/register preparando para almacenar usuario : 1018475502

11:10:52 181.49.65.224  conectando a : http://jboss2.colfuturo.org/Formulario-Interno/ServicioIntegracionPotencial?wsdl

11:10:52 181.49.65.224  enviando datos : {"numeroDocumento":"1018475502",
            "nombre":"Ana María",
            "apellido":"Correa Jiménez",
            "email":"anamacoji@gmail.com",
            "fechaNacimiento":"18 ene 1984",
            "ciudadResidencia":"Bogotá, Colombia",
            "genero":"F",
            "celular":"",
            "listaInteresAreaEstudio":["Artes"],
            "listaInteresIdioma":["ingles","frances"]}

11:10:53 181.49.65.224  respuesta HTTP/1.1 200 OK
Server: Apache-Coyote/1.1
Set-Cookie: JSESSIONID=boFesOoBibi5MbwbRRJyjVy5.undefined; Path=/Formulario-Interno
Content-Type: text/xml;charset=ISO-8859-1
Content-Length: 297
Date: Wed, 19 Oct 2016 16:23:52 GMT
Connection: close

&lt;soap:Envelope xmlns:soap=&quot;http://schemas.xmlsoap.org/soap/envelope/&quot;&gt;&lt;soap:Body&gt;&lt;ns1:crearFormularioPotencialResponse xmlns:ns1=&quot;http://www.colfuturo.org/potencial/ws/ServicioIntegracionPotencial&quot;&gt;&lt;return&gt;Creo formulario&lt;/return&gt;&lt;/ns1:crearFormularioPotencialResponse&gt;&lt;/soap:Body&gt;&lt;/soap:Envelope&gt;

11:10:57 190.60.202.66 desde:user/register preparando para almacenar usuario : 1030652570

11:10:57 190.60.202.66  conectando a : http://jboss2.colfuturo.org/Formulario-Interno/ServicioIntegracionPotencial?wsdl

11:10:57 190.60.202.66  enviando datos : {"numeroDocumento":"1030652570",
            "nombre":"Brian Orlando",
            "apellido":"Pulido Sanabria",
            "email":"bopspuli@hotmail.com",
            "fechaNacimiento":"18 ene 1984",
            "ciudadResidencia":"Bogotá, Colombia",
            "genero":"M",
            "celular":"",
            "listaInteresAreaEstudio":[""],
            "listaInteresIdioma":["ingles"]}

11:10:03 190.60.202.66  respuesta HTTP/1.1 200 OK
Server: Apache-Coyote/1.1
Set-Cookie: JSESSIONID=PLTZ6TPgWx89WVb3V-dEWNQW.undefined; Path=/Formulario-Interno
Content-Type: text/xml;charset=ISO-8859-1
Content-Length: 297
Date: Wed, 19 Oct 2016 16:35:03 GMT
Connection: close

&lt;soap:Envelope xmlns:soap=&quot;http://schemas.xmlsoap.org/soap/envelope/&quot;&gt;&lt;soap:Body&gt;&lt;ns1:crearFormularioPotencialResponse xmlns:ns1=&quot;http://www.colfuturo.org/potencial/ws/ServicioIntegracionPotencial&quot;&gt;&lt;return&gt;Creo formulario&lt;/return&gt;&lt;/ns1:crearFormularioPotencialResponse&gt;&lt;/soap:Body&gt;&lt;/soap:Envelope&gt;

11:10:45 190.9.213.200 desde:user/register preparando para almacenar usuario : 1026147437

11:10:45 190.9.213.200  conectando a : http://jboss2.colfuturo.org/Formulario-Interno/ServicioIntegracionPotencial?wsdl

11:10:45 190.9.213.200  enviando datos : {"numeroDocumento":"1026147437",
            "nombre":"lidy lorena ",
            "apellido":"restrepo garcia",
            "email":"diva.45lorena@hotmail.com",
            "fechaNacimiento":"18 ene 1984",
            "ciudadResidencia":"Medellín - Antioquia, Colombia",
            "genero":"F",
            "celular":"",
            "listaInteresAreaEstudio":[""],
            "listaInteresIdioma":["ingles"]}

11:10:46 190.9.213.200  respuesta HTTP/1.1 200 OK
Server: Apache-Coyote/1.1
Set-Cookie: JSESSIONID=XQ7dB4xIlqRuOsLvsjjhVCYY.undefined; Path=/Formulario-Interno
Content-Type: text/xml;charset=ISO-8859-1
Content-Length: 297
Date: Wed, 19 Oct 2016 16:36:45 GMT
Connection: close

&lt;soap:Envelope xmlns:soap=&quot;http://schemas.xmlsoap.org/soap/envelope/&quot;&gt;&lt;soap:Body&gt;&lt;ns1:crearFormularioPotencialResponse xmlns:ns1=&quot;http://www.colfuturo.org/potencial/ws/ServicioIntegracionPotencial&quot;&gt;&lt;return&gt;Creo formulario&lt;/return&gt;&lt;/ns1:crearFormularioPotencialResponse&gt;&lt;/soap:Body&gt;&lt;/soap:Envelope&gt;

11:10:03 186.155.13.120 desde:user/register preparando para almacenar usuario : 52461064

11:10:03 186.155.13.120  conectando a : http://jboss2.colfuturo.org/Formulario-Interno/ServicioIntegracionPotencial?wsdl

11:10:03 186.155.13.120  enviando datos : {"numeroDocumento":"52461064",
            "nombre":"LUZ ANDREA",
            "apellido":"RIAÑO PEÑA",
            "email":"andrea-7485@hotmail.com",
            "fechaNacimiento":"18 ene 1984",
            "ciudadResidencia":"Bogotá, Colombia",
            "genero":"F",
            "celular":"",
            "listaInteresAreaEstudio":[""],
            "listaInteresIdioma":["ingles"]}

11:10:04 186.155.13.120  respuesta HTTP/1.1 200 OK
Server: Apache-Coyote/1.1
Set-Cookie: JSESSIONID=YTfGqSchdhfxl002+zzZxXpk.undefined; Path=/Formulario-Interno
Content-Type: text/xml;charset=ISO-8859-1
Content-Length: 297
Date: Wed, 19 Oct 2016 16:42:03 GMT
Connection: close

&lt;soap:Envelope xmlns:soap=&quot;http://schemas.xmlsoap.org/soap/envelope/&quot;&gt;&lt;soap:Body&gt;&lt;ns1:crearFormularioPotencialResponse xmlns:ns1=&quot;http://www.colfuturo.org/potencial/ws/ServicioIntegracionPotencial&quot;&gt;&lt;return&gt;Creo formulario&lt;/return&gt;&lt;/ns1:crearFormularioPotencialResponse&gt;&lt;/soap:Body&gt;&lt;/soap:Envelope&gt;

11:10:35 186.27.200.30 desde:user/register preparando para almacenar usuario : 16933208

11:10:35 186.27.200.30  conectando a : http://jboss2.colfuturo.org/Formulario-Interno/ServicioIntegracionPotencial?wsdl

11:10:35 186.27.200.30  enviando datos : {"numeroDocumento":"16933208",
            "nombre":"Jeysson",
            "apellido":"Naranjo Henao",
            "email":"jeyssonnh2011@hotmail.com",
            "fechaNacimiento":"18 ene 1984",
            "ciudadResidencia":"Cali - Valle del Cauca, Colombia",
            "genero":"M",
            "celular":"",
            "listaInteresAreaEstudio":[""],
            "listaInteresIdioma":["ingles"]}

11:10:41 186.27.200.30  respuesta HTTP/1.1 200 OK
Server: Apache-Coyote/1.1
Set-Cookie: JSESSIONID=v96rGvXAYQQHsmGnAI-PhGbi.undefined; Path=/Formulario-Interno
Content-Type: text/xml;charset=ISO-8859-1
Content-Length: 297
Date: Wed, 19 Oct 2016 16:43:41 GMT
Connection: close

&lt;soap:Envelope xmlns:soap=&quot;http://schemas.xmlsoap.org/soap/envelope/&quot;&gt;&lt;soap:Body&gt;&lt;ns1:crearFormularioPotencialResponse xmlns:ns1=&quot;http://www.colfuturo.org/potencial/ws/ServicioIntegracionPotencial&quot;&gt;&lt;return&gt;Creo formulario&lt;/return&gt;&lt;/ns1:crearFormularioPotencialResponse&gt;&lt;/soap:Body&gt;&lt;/soap:Envelope&gt;

11:10:46 201.185.133.121 desde:user/register preparando para almacenar usuario : 1094240550

11:10:46 201.185.133.121  conectando a : http://jboss2.colfuturo.org/Formulario-Interno/ServicioIntegracionPotencial?wsdl

11:10:46 201.185.133.121  enviando datos : {"numeroDocumento":"1094240550",
            "nombre":"merly",
            "apellido":"rivera",
            "email":"malmudenar@gmail.com",
            "fechaNacimiento":"18 ene 1984",
            "ciudadResidencia":"Bucaramanga - Santander, Colombia",
            "genero":"F",
            "celular":"",
            "listaInteresAreaEstudio":[""],
            "listaInteresIdioma":["ingles"]}

11:10:47 201.185.133.121  respuesta HTTP/1.1 200 OK
Server: Apache-Coyote/1.1
Set-Cookie: JSESSIONID=XpCw8fPrZUE-0mmgp251KsGY.undefined; Path=/Formulario-Interno
Content-Type: text/xml;charset=ISO-8859-1
Content-Length: 297
Date: Wed, 19 Oct 2016 16:48:46 GMT
Connection: close

&lt;soap:Envelope xmlns:soap=&quot;http://schemas.xmlsoap.org/soap/envelope/&quot;&gt;&lt;soap:Body&gt;&lt;ns1:crearFormularioPotencialResponse xmlns:ns1=&quot;http://www.colfuturo.org/potencial/ws/ServicioIntegracionPotencial&quot;&gt;&lt;return&gt;Creo formulario&lt;/return&gt;&lt;/ns1:crearFormularioPotencialResponse&gt;&lt;/soap:Body&gt;&lt;/soap:Envelope&gt;

11:10:11 201.185.133.121 desde:user/136713 preparando para almacenar usuario : 1094240550

11:10:11 201.185.133.121  conectando a : http://jboss2.colfuturo.org/Formulario-Interno/ServicioIntegracionPotencial?wsdl

11:10:11 201.185.133.121  enviando datos : {"numeroDocumento":"1094240550",
            "nombre":"merly",
            "apellido":"rivera",
            "email":"malmudenar@gmail.com",
            "fechaNacimiento":"18 ene 1984",
            "ciudadResidencia":"Bucaramanga - Santander, Colombia",
            "genero":"F",
            "celular":"",
            "listaInteresAreaEstudio":[""],
            "listaInteresIdioma":["ingles"]}

11:10:11 201.185.133.121  respuesta HTTP/1.1 200 OK
Server: Apache-Coyote/1.1
Set-Cookie: JSESSIONID=BBVRHW4W29+x4qtK3ZZNZAtM.undefined; Path=/Formulario-Interno
Content-Type: text/xml;charset=ISO-8859-1
Content-Length: 301
Date: Wed, 19 Oct 2016 16:52:11 GMT
Connection: close

&lt;soap:Envelope xmlns:soap=&quot;http://schemas.xmlsoap.org/soap/envelope/&quot;&gt;&lt;soap:Body&gt;&lt;ns1:crearFormularioPotencialResponse xmlns:ns1=&quot;http://www.colfuturo.org/potencial/ws/ServicioIntegracionPotencial&quot;&gt;&lt;return&gt;Encontro formulario&lt;/return&gt;&lt;/ns1:crearFormularioPotencialResponse&gt;&lt;/soap:Body&gt;&lt;/soap:Envelope&gt;

12:10:41 186.113.103.183 desde:user/register preparando para almacenar usuario : 1235239038

12:10:41 186.113.103.183  conectando a : http://jboss2.colfuturo.org/Formulario-Interno/ServicioIntegracionPotencial?wsdl

12:10:41 186.113.103.183  enviando datos : {"numeroDocumento":"1235239038",
            "nombre":"Anabell chiquinquira",
            "apellido":"chacin vargas",
            "email":"chacin_anabel@hotmail.com",
            "fechaNacimiento":"18 ene 1984",
            "ciudadResidencia":"Cartagena - Bolívar, Colombia",
            "genero":"F",
            "celular":"",
            "listaInteresAreaEstudio":[""],
            "listaInteresIdioma":["ingles"]}

12:10:47 186.113.103.183  respuesta HTTP/1.1 200 OK
Server: Apache-Coyote/1.1
Set-Cookie: JSESSIONID=3brMsVJpleODjJ-2lnlLwa8I.undefined; Path=/Formulario-Interno
Content-Type: text/xml;charset=ISO-8859-1
Content-Length: 297
Date: Wed, 19 Oct 2016 17:32:47 GMT
Connection: close

&lt;soap:Envelope xmlns:soap=&quot;http://schemas.xmlsoap.org/soap/envelope/&quot;&gt;&lt;soap:Body&gt;&lt;ns1:crearFormularioPotencialResponse xmlns:ns1=&quot;http://www.colfuturo.org/potencial/ws/ServicioIntegracionPotencial&quot;&gt;&lt;return&gt;Creo formulario&lt;/return&gt;&lt;/ns1:crearFormularioPotencialResponse&gt;&lt;/soap:Body&gt;&lt;/soap:Envelope&gt;

01:10:57 200.3.154.145 desde:user/register preparando para almacenar usuario : 1032460888

01:10:57 200.3.154.145  conectando a : http://jboss2.colfuturo.org/Formulario-Interno/ServicioIntegracionPotencial?wsdl

01:10:57 200.3.154.145  enviando datos : {"numeroDocumento":"1032460888",
            "nombre":"Natalia",
            "apellido":"Sandoval Rodríguez",
            "email":"nataliasandovalrod@gmail.com",
            "fechaNacimiento":"18 ene 1984",
            "ciudadResidencia":"Bogotá, Colombia",
            "genero":"F",
            "celular":"",
            "listaInteresAreaEstudio":["Administración y Negocios","Ciencias Políticas y Relaciones Internacionales","Ciencias Sociales"],
            "listaInteresIdioma":[""]}

01:10:03 200.3.154.145  respuesta HTTP/1.1 200 OK
Server: Apache-Coyote/1.1
Set-Cookie: JSESSIONID=uwKu3QGqA4QrRpdqBAz72tc2.undefined; Path=/Formulario-Interno
Content-Type: text/xml;charset=ISO-8859-1
Content-Length: 297
Date: Wed, 19 Oct 2016 18:07:03 GMT
Connection: close

&lt;soap:Envelope xmlns:soap=&quot;http://schemas.xmlsoap.org/soap/envelope/&quot;&gt;&lt;soap:Body&gt;&lt;ns1:crearFormularioPotencialResponse xmlns:ns1=&quot;http://www.colfuturo.org/potencial/ws/ServicioIntegracionPotencial&quot;&gt;&lt;return&gt;Creo formulario&lt;/return&gt;&lt;/ns1:crearFormularioPotencialResponse&gt;&lt;/soap:Body&gt;&lt;/soap:Envelope&gt;

01:10:20 192.132.228.1 desde:user/95579 preparando para almacenar usuario : 1144025382

01:10:20 192.132.228.1  conectando a : http://jboss2.colfuturo.org/Formulario-Interno/ServicioIntegracionPotencial?wsdl

01:10:20 192.132.228.1  enviando datos : {"numeroDocumento":"1144025382",
            "nombre":"Pauli Johanna",
            "apellido":"Giraldo Morales",
            "email":"pauli.giraldo@correounivalle.edu.co",
            "fechaNacimiento":"18 ene 1984",
            "ciudadResidencia":"Cali - Valle del Cauca, Colombia",
            "genero":"F",
            "celular":"",
            "listaInteresAreaEstudio":[""],
            "listaInteresIdioma":[""]}

01:10:21 192.132.228.1  respuesta HTTP/1.1 200 OK
Server: Apache-Coyote/1.1
Set-Cookie: JSESSIONID=1Q+Tpq-6uDFMzYYPeuyGmqdA.undefined; Path=/Formulario-Interno
Content-Type: text/xml;charset=ISO-8859-1
Content-Length: 301
Date: Wed, 19 Oct 2016 18:19:21 GMT
Connection: close

&lt;soap:Envelope xmlns:soap=&quot;http://schemas.xmlsoap.org/soap/envelope/&quot;&gt;&lt;soap:Body&gt;&lt;ns1:crearFormularioPotencialResponse xmlns:ns1=&quot;http://www.colfuturo.org/potencial/ws/ServicioIntegracionPotencial&quot;&gt;&lt;return&gt;Encontro formulario&lt;/return&gt;&lt;/ns1:crearFormularioPotencialResponse&gt;&lt;/soap:Body&gt;&lt;/soap:Envelope&gt;

01:10:57 181.143.130.75 desde:user/128125 preparando para almacenar usuario : 1016061087

01:10:57 181.143.130.75  conectando a : http://jboss2.colfuturo.org/Formulario-Interno/ServicioIntegracionPotencial?wsdl

01:10:57 181.143.130.75  enviando datos : {"numeroDocumento":"1016061087",
            "nombre":"Carolina",
            "apellido":"Bermúdez Triana",
            "email":"carolina.bermudezt@gmail.com",
            "fechaNacimiento":"18 ene 1984",
            "ciudadResidencia":"Colombia - Cundinamarca",
            "genero":"F",
            "celular":"",
            "listaInteresAreaEstudio":["Educación"],
            "listaInteresIdioma":[""]}

01:10:57 181.143.130.75  respuesta HTTP/1.1 200 OK
Server: Apache-Coyote/1.1
Set-Cookie: JSESSIONID=Ao4Zieu7Dvys5+cpSo8i0dvx.undefined; Path=/Formulario-Interno
Content-Type: text/xml;charset=ISO-8859-1
Content-Length: 301
Date: Wed, 19 Oct 2016 18:53:57 GMT
Connection: close

&lt;soap:Envelope xmlns:soap=&quot;http://schemas.xmlsoap.org/soap/envelope/&quot;&gt;&lt;soap:Body&gt;&lt;ns1:crearFormularioPotencialResponse xmlns:ns1=&quot;http://www.colfuturo.org/potencial/ws/ServicioIntegracionPotencial&quot;&gt;&lt;return&gt;Encontro formulario&lt;/return&gt;&lt;/ns1:crearFormularioPotencialResponse&gt;&lt;/soap:Body&gt;&lt;/soap:Envelope&gt;

02:10:22 200.12.190.195 desde:user/register preparando para almacenar usuario : 1037641173

02:10:22 200.12.190.195  conectando a : http://jboss2.colfuturo.org/Formulario-Interno/ServicioIntegracionPotencial?wsdl

02:10:22 200.12.190.195  enviando datos : {"numeroDocumento":"1037641173",
            "nombre":"Laura ",
            "apellido":"Toro Arenas",
            "email":"ltoroar@eafit.edu.co",
            "fechaNacimiento":"18 ene 1984",
            "ciudadResidencia":"Medellín - Antioquia, Colombia",
            "genero":"F",
            "celular":"",
            "listaInteresAreaEstudio":["Ciencias Políticas y Relaciones Internacionales"],
            "listaInteresIdioma":[""]}

02:10:28 200.12.190.195  respuesta HTTP/1.1 200 OK
Server: Apache-Coyote/1.1
Set-Cookie: JSESSIONID=a6aH8hIEScjXgk9T7Qc3zrMT.undefined; Path=/Formulario-Interno
Content-Type: text/xml;charset=ISO-8859-1
Content-Length: 297
Date: Wed, 19 Oct 2016 19:31:28 GMT
Connection: close

&lt;soap:Envelope xmlns:soap=&quot;http://schemas.xmlsoap.org/soap/envelope/&quot;&gt;&lt;soap:Body&gt;&lt;ns1:crearFormularioPotencialResponse xmlns:ns1=&quot;http://www.colfuturo.org/potencial/ws/ServicioIntegracionPotencial&quot;&gt;&lt;return&gt;Creo formulario&lt;/return&gt;&lt;/ns1:crearFormularioPotencialResponse&gt;&lt;/soap:Body&gt;&lt;/soap:Envelope&gt;

02:10:34 190.85.185.170 desde:user/register preparando para almacenar usuario : 10266288

02:10:34 190.85.185.170  conectando a : http://jboss2.colfuturo.org/Formulario-Interno/ServicioIntegracionPotencial?wsdl

02:10:34 190.85.185.170  enviando datos : {"numeroDocumento":"10266288",
            "nombre":"CARLOS ALBERTO",
            "apellido":"OSPINA ZULUAGA",
            "email":"carlos.ospinaz@gmail.com",
            "fechaNacimiento":"18 ene 1984",
            "ciudadResidencia":"Palmira - Valle del Cauca, Colombia",
            "genero":"M",
            "celular":"",
            "listaInteresAreaEstudio":[""],
            "listaInteresIdioma":["ingles"]}

02:10:39 190.85.185.170  respuesta HTTP/1.1 200 OK
Server: Apache-Coyote/1.1
Set-Cookie: JSESSIONID=b-rpXJz1wIUfFENhdIIXhpCH.undefined; Path=/Formulario-Interno
Content-Type: text/xml;charset=ISO-8859-1
Content-Length: 297
Date: Wed, 19 Oct 2016 19:58:39 GMT
Connection: close

&lt;soap:Envelope xmlns:soap=&quot;http://schemas.xmlsoap.org/soap/envelope/&quot;&gt;&lt;soap:Body&gt;&lt;ns1:crearFormularioPotencialResponse xmlns:ns1=&quot;http://www.colfuturo.org/potencial/ws/ServicioIntegracionPotencial&quot;&gt;&lt;return&gt;Creo formulario&lt;/return&gt;&lt;/ns1:crearFormularioPotencialResponse&gt;&lt;/soap:Body&gt;&lt;/soap:Envelope&gt;

03:10:53 181.118.153.135 desde:user/132458 preparando para almacenar usuario : 1144059653

03:10:53 181.118.153.135  conectando a : http://jboss2.colfuturo.org/Formulario-Interno/ServicioIntegracionPotencial?wsdl

03:10:53 181.118.153.135  enviando datos : {"numeroDocumento":"1144059653",
            "nombre":"Isabel Cristina",
            "apellido":"Angel Escobar",
            "email":"ic.angel02@hotmail.com",
            "fechaNacimiento":"18 ene 1984",
            "ciudadResidencia":"Cali - Valle del Cauca, Colombia",
            "genero":"F",
            "celular":"",
            "listaInteresAreaEstudio":["Ciencias de la Salud"],
            "listaInteresIdioma":["ingles","frances"]}

03:10:58 181.118.153.135  respuesta HTTP/1.1 200 OK
Server: Apache-Coyote/1.1
Set-Cookie: JSESSIONID=keJIUA0XAxzB4lRzA09++CsF.undefined; Path=/Formulario-Interno
Content-Type: text/xml;charset=ISO-8859-1
Content-Length: 301
Date: Wed, 19 Oct 2016 20:03:58 GMT
Connection: close

&lt;soap:Envelope xmlns:soap=&quot;http://schemas.xmlsoap.org/soap/envelope/&quot;&gt;&lt;soap:Body&gt;&lt;ns1:crearFormularioPotencialResponse xmlns:ns1=&quot;http://www.colfuturo.org/potencial/ws/ServicioIntegracionPotencial&quot;&gt;&lt;return&gt;Encontro formulario&lt;/return&gt;&lt;/ns1:crearFormularioPotencialResponse&gt;&lt;/soap:Body&gt;&lt;/soap:Envelope&gt;

03:10:49 186.155.53.124 desde:user/register preparando para almacenar usuario : 1020795236

03:10:49 186.155.53.124  conectando a : http://jboss2.colfuturo.org/Formulario-Interno/ServicioIntegracionPotencial?wsdl

03:10:49 186.155.53.124  enviando datos : {"numeroDocumento":"1020795236",
            "nombre":"Camila ",
            "apellido":"Rodríguez Chona",
            "email":"kmi-chona@hotmail.com",
            "fechaNacimiento":"18 ene 1984",
            "ciudadResidencia":"Bogotá, Colombia",
            "genero":"F",
            "celular":"",
            "listaInteresAreaEstudio":["Ciencias Sociales"],
            "listaInteresIdioma":[""]}

03:10:55 186.155.53.124  respuesta HTTP/1.1 200 OK
Server: Apache-Coyote/1.1
Set-Cookie: JSESSIONID=+Jnka2A4QxSFKW6+MJ15jsQl.undefined; Path=/Formulario-Interno
Content-Type: text/xml;charset=ISO-8859-1
Content-Length: 297
Date: Wed, 19 Oct 2016 20:10:55 GMT
Connection: close

&lt;soap:Envelope xmlns:soap=&quot;http://schemas.xmlsoap.org/soap/envelope/&quot;&gt;&lt;soap:Body&gt;&lt;ns1:crearFormularioPotencialResponse xmlns:ns1=&quot;http://www.colfuturo.org/potencial/ws/ServicioIntegracionPotencial&quot;&gt;&lt;return&gt;Creo formulario&lt;/return&gt;&lt;/ns1:crearFormularioPotencialResponse&gt;&lt;/soap:Body&gt;&lt;/soap:Envelope&gt;

03:10:03 38.140.54.18 desde:user/register preparando para almacenar usuario : 1019066180

03:10:03 38.140.54.18  conectando a : http://jboss2.colfuturo.org/Formulario-Interno/ServicioIntegracionPotencial?wsdl

03:10:03 38.140.54.18  enviando datos : {"numeroDocumento":"1019066180",
            "nombre":"Ana Maria",
            "apellido":"Rodriguez Pulgarin",
            "email":"anamaria24_@hotmail.com",
            "fechaNacimiento":"18 ene 1984",
            "ciudadResidencia":"Bogotá, Colombia",
            "genero":"F",
            "celular":"",
            "listaInteresAreaEstudio":["Administración y Negocios","Ciencias Políticas y Relaciones Internacionales","Economía"],
            "listaInteresIdioma":[""]}

03:10:04 38.140.54.18  respuesta HTTP/1.1 200 OK
Server: Apache-Coyote/1.1
Set-Cookie: JSESSIONID=1hyyd8eEQi+xibkj2CsPmKVi.undefined; Path=/Formulario-Interno
Content-Type: text/xml;charset=ISO-8859-1
Content-Length: 297
Date: Wed, 19 Oct 2016 20:45:03 GMT
Connection: close

&lt;soap:Envelope xmlns:soap=&quot;http://schemas.xmlsoap.org/soap/envelope/&quot;&gt;&lt;soap:Body&gt;&lt;ns1:crearFormularioPotencialResponse xmlns:ns1=&quot;http://www.colfuturo.org/potencial/ws/ServicioIntegracionPotencial&quot;&gt;&lt;return&gt;Creo formulario&lt;/return&gt;&lt;/ns1:crearFormularioPotencialResponse&gt;&lt;/soap:Body&gt;&lt;/soap:Envelope&gt;

04:10:04 186.43.90.16 desde:user/register preparando para almacenar usuario : 1027964925

04:10:04 186.43.90.16  conectando a : http://jboss2.colfuturo.org/Formulario-Interno/ServicioIntegracionPotencial?wsdl

04:10:04 186.43.90.16  enviando datos : {"numeroDocumento":"1027964925",
            "nombre":"Yilma Patricia",
            "apellido":"Hernandez Julio",
            "email":"yilma.patricia@gmail.com",
            "fechaNacimiento":"18 ene 1984",
            "ciudadResidencia":"Turbo - Antioquia, Colombia",
            "genero":"F",
            "celular":"",
            "listaInteresAreaEstudio":[""],
            "listaInteresIdioma":["ingles","frances"]}

04:10:09 186.43.90.16  respuesta HTTP/1.1 200 OK
Server: Apache-Coyote/1.1
Set-Cookie: JSESSIONID=7crtZsk51bt9OUe+D0gt89Lv.undefined; Path=/Formulario-Interno
Content-Type: text/xml;charset=ISO-8859-1
Content-Length: 297
Date: Wed, 19 Oct 2016 21:01:09 GMT
Connection: close

&lt;soap:Envelope xmlns:soap=&quot;http://schemas.xmlsoap.org/soap/envelope/&quot;&gt;&lt;soap:Body&gt;&lt;ns1:crearFormularioPotencialResponse xmlns:ns1=&quot;http://www.colfuturo.org/potencial/ws/ServicioIntegracionPotencial&quot;&gt;&lt;return&gt;Creo formulario&lt;/return&gt;&lt;/ns1:crearFormularioPotencialResponse&gt;&lt;/soap:Body&gt;&lt;/soap:Envelope&gt;

04:10:54 186.30.79.181 desde:user/register preparando para almacenar usuario : 1022387042

04:10:54 186.30.79.181  conectando a : http://jboss2.colfuturo.org/Formulario-Interno/ServicioIntegracionPotencial?wsdl

04:10:54 186.30.79.181  enviando datos : {"numeroDocumento":"1022387042",
            "nombre":"laura camila",
            "apellido":"ruiz cortes",
            "email":"lauracamilaruizc@gmail.com",
            "fechaNacimiento":"18 ene 1984",
            "ciudadResidencia":"Bogotá, Colombia",
            "genero":"F",
            "celular":"",
            "listaInteresAreaEstudio":["Administración y Negocios","Educación"],
            "listaInteresIdioma":["ingles","frances"]}

04:10:00 186.30.79.181  respuesta HTTP/1.1 200 OK
Server: Apache-Coyote/1.1
Set-Cookie: JSESSIONID=JIFf7St8w3zoZeSskICcRPko.undefined; Path=/Formulario-Interno
Content-Type: text/xml;charset=ISO-8859-1
Content-Length: 297
Date: Wed, 19 Oct 2016 21:13:00 GMT
Connection: close

&lt;soap:Envelope xmlns:soap=&quot;http://schemas.xmlsoap.org/soap/envelope/&quot;&gt;&lt;soap:Body&gt;&lt;ns1:crearFormularioPotencialResponse xmlns:ns1=&quot;http://www.colfuturo.org/potencial/ws/ServicioIntegracionPotencial&quot;&gt;&lt;return&gt;Creo formulario&lt;/return&gt;&lt;/ns1:crearFormularioPotencialResponse&gt;&lt;/soap:Body&gt;&lt;/soap:Envelope&gt;

04:10:40 190.159.135.75 desde:user/register preparando para almacenar usuario : 1014275552

04:10:40 190.159.135.75  conectando a : http://jboss2.colfuturo.org/Formulario-Interno/ServicioIntegracionPotencial?wsdl

04:10:40 190.159.135.75  enviando datos : {"numeroDocumento":"1014275552",
            "nombre":"Anamaria ",
            "apellido":"Ramos Sarria",
            "email":"anama.ars@gmail.com",
            "fechaNacimiento":"18 ene 1984",
            "ciudadResidencia":"Bogotá, Colombia",
            "genero":"F",
            "celular":"",
            "listaInteresAreaEstudio":["Administración y Negocios","Arquitectura y Diseño"],
            "listaInteresIdioma":["ingles"]}

04:10:46 190.159.135.75  respuesta HTTP/1.1 200 OK
Server: Apache-Coyote/1.1
Set-Cookie: JSESSIONID=5YGgL11jAL2CDatN3yvOzqkY.undefined; Path=/Formulario-Interno
Content-Type: text/xml;charset=ISO-8859-1
Content-Length: 297
Date: Wed, 19 Oct 2016 21:26:46 GMT
Connection: close

&lt;soap:Envelope xmlns:soap=&quot;http://schemas.xmlsoap.org/soap/envelope/&quot;&gt;&lt;soap:Body&gt;&lt;ns1:crearFormularioPotencialResponse xmlns:ns1=&quot;http://www.colfuturo.org/potencial/ws/ServicioIntegracionPotencial&quot;&gt;&lt;return&gt;Creo formulario&lt;/return&gt;&lt;/ns1:crearFormularioPotencialResponse&gt;&lt;/soap:Body&gt;&lt;/soap:Envelope&gt;

04:10:34 200.14.237.66 desde:user/register preparando para almacenar usuario : 79757971

04:10:34 200.14.237.66  conectando a : http://jboss2.colfuturo.org/Formulario-Interno/ServicioIntegracionPotencial?wsdl

04:10:34 200.14.237.66  enviando datos : {"numeroDocumento":"79757971",
            "nombre":"YEHINER HERLEY",
            "apellido":"GOMEZ BEJARANO",
            "email":"yehiner@hotmail.com",
            "fechaNacimiento":"18 ene 1984",
            "ciudadResidencia":"Bogotá, Colombia",
            "genero":"M",
            "celular":"",
            "listaInteresAreaEstudio":["Ingeniería"],
            "listaInteresIdioma":["ingles"]}

04:10:34 200.14.237.66  respuesta HTTP/1.1 200 OK
Server: Apache-Coyote/1.1
Set-Cookie: JSESSIONID=LIiTcIx3r9iJAua9zsY72c31.undefined; Path=/Formulario-Interno
Content-Type: text/xml;charset=ISO-8859-1
Content-Length: 297
Date: Wed, 19 Oct 2016 21:47:34 GMT
Connection: close

&lt;soap:Envelope xmlns:soap=&quot;http://schemas.xmlsoap.org/soap/envelope/&quot;&gt;&lt;soap:Body&gt;&lt;ns1:crearFormularioPotencialResponse xmlns:ns1=&quot;http://www.colfuturo.org/potencial/ws/ServicioIntegracionPotencial&quot;&gt;&lt;return&gt;Creo formulario&lt;/return&gt;&lt;/ns1:crearFormularioPotencialResponse&gt;&lt;/soap:Body&gt;&lt;/soap:Envelope&gt;

04:10:40 186.183.180.80 desde:user/register preparando para almacenar usuario : 1102360878

04:10:40 186.183.180.80  conectando a : http://jboss2.colfuturo.org/Formulario-Interno/ServicioIntegracionPotencial?wsdl

04:10:40 186.183.180.80  enviando datos : {"numeroDocumento":"1102360878",
            "nombre":"Lisethe Tatiana",
            "apellido":"Fino Eslava",
            "email":"tatiana.f.e@hotmail.com",
            "fechaNacimiento":"18 ene 1984",
            "ciudadResidencia":"Bucaramanga - Santander, Colombia",
            "genero":"F",
            "celular":"",
            "listaInteresAreaEstudio":["Ingeniería"],
            "listaInteresIdioma":["ingles"]}

04:10:46 186.183.180.80  respuesta HTTP/1.1 200 OK
Server: Apache-Coyote/1.1
Set-Cookie: JSESSIONID=EJIlAoHnAxhAp9FfJqBOpjbI.undefined; Path=/Formulario-Interno
Content-Type: text/xml;charset=ISO-8859-1
Content-Length: 297
Date: Wed, 19 Oct 2016 21:50:46 GMT
Connection: close

&lt;soap:Envelope xmlns:soap=&quot;http://schemas.xmlsoap.org/soap/envelope/&quot;&gt;&lt;soap:Body&gt;&lt;ns1:crearFormularioPotencialResponse xmlns:ns1=&quot;http://www.colfuturo.org/potencial/ws/ServicioIntegracionPotencial&quot;&gt;&lt;return&gt;Creo formulario&lt;/return&gt;&lt;/ns1:crearFormularioPotencialResponse&gt;&lt;/soap:Body&gt;&lt;/soap:Envelope&gt;

04:10:10 181.143.84.34 desde:user/register preparando para almacenar usuario : 1095802859

04:10:10 181.143.84.34  conectando a : http://jboss2.colfuturo.org/Formulario-Interno/ServicioIntegracionPotencial?wsdl

04:10:10 181.143.84.34  enviando datos : {"numeroDocumento":"1095802859",
            "nombre":"nadya carolina",
            "apellido":"gutierrez lizarazo",
            "email":"nadiacarolinaanto13@hotmail.com",
            "fechaNacimiento":"18 ene 1984",
            "ciudadResidencia":"Medellín - Antioquia, Colombia",
            "genero":"F",
            "celular":"",
            "listaInteresAreaEstudio":["Ciencias de la Salud"],
            "listaInteresIdioma":[""]}

04:10:16 181.143.84.34  respuesta HTTP/1.1 200 OK
Server: Apache-Coyote/1.1
Set-Cookie: JSESSIONID=D2HA0yV2G5Yvdo2XP7F8z24F.undefined; Path=/Formulario-Interno
Content-Type: text/xml;charset=ISO-8859-1
Content-Length: 297
Date: Wed, 19 Oct 2016 21:56:16 GMT
Connection: close

&lt;soap:Envelope xmlns:soap=&quot;http://schemas.xmlsoap.org/soap/envelope/&quot;&gt;&lt;soap:Body&gt;&lt;ns1:crearFormularioPotencialResponse xmlns:ns1=&quot;http://www.colfuturo.org/potencial/ws/ServicioIntegracionPotencial&quot;&gt;&lt;return&gt;Creo formulario&lt;/return&gt;&lt;/ns1:crearFormularioPotencialResponse&gt;&lt;/soap:Body&gt;&lt;/soap:Envelope&gt;

05:10:35 181.59.186.201 desde:user/124217 preparando para almacenar usuario : 1018423727

05:10:35 181.59.186.201  conectando a : http://jboss2.colfuturo.org/Formulario-Interno/ServicioIntegracionPotencial?wsdl

05:10:35 181.59.186.201  enviando datos : {"numeroDocumento":"1018423727",
            "nombre":"Laura Patricia",
            "apellido":"Gallego Amaya",
            "email":"laura.gallegoa@gmail.com",
            "fechaNacimiento":"18 ene 1984",
            "ciudadResidencia":"Bogotá, Colombia",
            "genero":"F",
            "celular":"",
            "listaInteresAreaEstudio":["Arquitectura y Diseño"],
            "listaInteresIdioma":[""]}

05:10:36 181.59.186.201  respuesta HTTP/1.1 200 OK
Server: Apache-Coyote/1.1
Set-Cookie: JSESSIONID=3g+x9D2oN+Qf8DfMQPQFQPLH.undefined; Path=/Formulario-Interno
Content-Type: text/xml;charset=ISO-8859-1
Content-Length: 301
Date: Wed, 19 Oct 2016 22:10:36 GMT
Connection: close

&lt;soap:Envelope xmlns:soap=&quot;http://schemas.xmlsoap.org/soap/envelope/&quot;&gt;&lt;soap:Body&gt;&lt;ns1:crearFormularioPotencialResponse xmlns:ns1=&quot;http://www.colfuturo.org/potencial/ws/ServicioIntegracionPotencial&quot;&gt;&lt;return&gt;Encontro formulario&lt;/return&gt;&lt;/ns1:crearFormularioPotencialResponse&gt;&lt;/soap:Body&gt;&lt;/soap:Envelope&gt;

05:10:49 190.107.29.19 desde:user/register preparando para almacenar usuario : 1061798106

05:10:49 190.107.29.19  conectando a : http://jboss2.colfuturo.org/Formulario-Interno/ServicioIntegracionPotencial?wsdl

05:10:49 190.107.29.19  enviando datos : {"numeroDocumento":"1061798106",
            "nombre":"Keinner",
            "apellido":"Meneses Gaviria",
            "email":"keinerm@unicauca.edu.co",
            "fechaNacimiento":"18 ene 1984",
            "ciudadResidencia":"Popayán - Cauca, Colombia",
            "genero":"M",
            "celular":"",
            "listaInteresAreaEstudio":["Arquitectura y Diseño","Artes","Ciencias Políticas y Relaciones Internacionales","Ciencias Sociales"],
            "listaInteresIdioma":["ingles"]}

05:10:55 190.107.29.19  respuesta HTTP/1.1 200 OK
Server: Apache-Coyote/1.1
Set-Cookie: JSESSIONID=sbxUyQxUaMywBV8DmI5yHNlo.undefined; Path=/Formulario-Interno
Content-Type: text/xml;charset=ISO-8859-1
Content-Length: 297
Date: Wed, 19 Oct 2016 22:43:55 GMT
Connection: close

&lt;soap:Envelope xmlns:soap=&quot;http://schemas.xmlsoap.org/soap/envelope/&quot;&gt;&lt;soap:Body&gt;&lt;ns1:crearFormularioPotencialResponse xmlns:ns1=&quot;http://www.colfuturo.org/potencial/ws/ServicioIntegracionPotencial&quot;&gt;&lt;return&gt;Creo formulario&lt;/return&gt;&lt;/ns1:crearFormularioPotencialResponse&gt;&lt;/soap:Body&gt;&lt;/soap:Envelope&gt;

06:10:47 186.155.24.49 desde:user/register preparando para almacenar usuario : 41691520

06:10:47 186.155.24.49  conectando a : http://jboss2.colfuturo.org/Formulario-Interno/ServicioIntegracionPotencial?wsdl

06:10:47 186.155.24.49  enviando datos : {"numeroDocumento":"41691520",
            "nombre":"Martha",
            "apellido":"Cruz",
            "email":"marthacruz3@yahoo.com",
            "fechaNacimiento":"18 ene 1984",
            "ciudadResidencia":"Bogotá DC - Bogotá, Colombia",
            "genero":"F",
            "celular":"",
            "listaInteresAreaEstudio":["Administración y Negocios","Ingeniería"],
            "listaInteresIdioma":[""]}

06:10:47 186.155.24.49  respuesta HTTP/1.1 200 OK
Server: Apache-Coyote/1.1
Set-Cookie: JSESSIONID=wop2K+joNZ-PLVor8v4jrsNj.undefined; Path=/Formulario-Interno
Content-Type: text/xml;charset=ISO-8859-1
Content-Length: 297
Date: Wed, 19 Oct 2016 23:14:47 GMT
Connection: close

&lt;soap:Envelope xmlns:soap=&quot;http://schemas.xmlsoap.org/soap/envelope/&quot;&gt;&lt;soap:Body&gt;&lt;ns1:crearFormularioPotencialResponse xmlns:ns1=&quot;http://www.colfuturo.org/potencial/ws/ServicioIntegracionPotencial&quot;&gt;&lt;return&gt;Creo formulario&lt;/return&gt;&lt;/ns1:crearFormularioPotencialResponse&gt;&lt;/soap:Body&gt;&lt;/soap:Envelope&gt;

07:10:18 167.0.192.55 desde:user/register preparando para almacenar usuario : 79397668

07:10:18 167.0.192.55  conectando a : http://jboss2.colfuturo.org/Formulario-Interno/ServicioIntegracionPotencial?wsdl

07:10:18 167.0.192.55  enviando datos : {"numeroDocumento":"79397668",
            "nombre":"José David",
            "apellido":"Pacheco Pérez",
            "email":"josdapa@hotmail.com",
            "fechaNacimiento":"18 ene 1984",
            "ciudadResidencia":"Funza - Cundinamarca, Colombia",
            "genero":"M",
            "celular":"",
            "listaInteresAreaEstudio":[""],
            "listaInteresIdioma":["ingles"]}

07:10:24 167.0.192.55  respuesta HTTP/1.1 200 OK
Server: Apache-Coyote/1.1
Set-Cookie: JSESSIONID=OOcKABwOnJnCW5Y8xw1PmsP7.undefined; Path=/Formulario-Interno
Content-Type: text/xml;charset=ISO-8859-1
Content-Length: 297
Date: Thu, 20 Oct 2016 00:34:24 GMT
Connection: close

&lt;soap:Envelope xmlns:soap=&quot;http://schemas.xmlsoap.org/soap/envelope/&quot;&gt;&lt;soap:Body&gt;&lt;ns1:crearFormularioPotencialResponse xmlns:ns1=&quot;http://www.colfuturo.org/potencial/ws/ServicioIntegracionPotencial&quot;&gt;&lt;return&gt;Creo formulario&lt;/return&gt;&lt;/ns1:crearFormularioPotencialResponse&gt;&lt;/soap:Body&gt;&lt;/soap:Envelope&gt;

07:10:51 181.49.74.221 desde:user/register preparando para almacenar usuario : 1121896775

07:10:51 181.49.74.221  conectando a : http://jboss2.colfuturo.org/Formulario-Interno/ServicioIntegracionPotencial?wsdl

07:10:51 181.49.74.221  enviando datos : {"numeroDocumento":"1121896775",
            "nombre":"María Alejandra ",
            "apellido":"Medina Pulido",
            "email":"aleja.medina02@gmail.com",
            "fechaNacimiento":"18 ene 1984",
            "ciudadResidencia":"Villavicencio - Meta, Colombia",
            "genero":"F",
            "celular":"",
            "listaInteresAreaEstudio":[""],
            "listaInteresIdioma":["ingles"]}

07:10:57 181.49.74.221  respuesta HTTP/1.1 200 OK
Server: Apache-Coyote/1.1
Set-Cookie: JSESSIONID=pmoTGm4ky-6ijpItWS5p1qSM.undefined; Path=/Formulario-Interno
Content-Type: text/xml;charset=ISO-8859-1
Content-Length: 297
Date: Thu, 20 Oct 2016 00:39:57 GMT
Connection: close

&lt;soap:Envelope xmlns:soap=&quot;http://schemas.xmlsoap.org/soap/envelope/&quot;&gt;&lt;soap:Body&gt;&lt;ns1:crearFormularioPotencialResponse xmlns:ns1=&quot;http://www.colfuturo.org/potencial/ws/ServicioIntegracionPotencial&quot;&gt;&lt;return&gt;Creo formulario&lt;/return&gt;&lt;/ns1:crearFormularioPotencialResponse&gt;&lt;/soap:Body&gt;&lt;/soap:Envelope&gt;

08:10:00 31.34.104.112 desde:user/register preparando para almacenar usuario : 1018420040

08:10:00 31.34.104.112  conectando a : http://jboss2.colfuturo.org/Formulario-Interno/ServicioIntegracionPotencial?wsdl

08:10:00 31.34.104.112  enviando datos : {"numeroDocumento":"1018420040",
            "nombre":"Francisco Javier",
            "apellido":"Zambrano Arevalo",
            "email":"franciscojavier1215@outlook.com",
            "fechaNacimiento":"18 ene 1984",
            "ciudadResidencia":"Niza, Francia",
            "genero":"M",
            "celular":"",
            "listaInteresAreaEstudio":["Artes","Educación"],
            "listaInteresIdioma":[""]}

08:10:06 31.34.104.112  respuesta HTTP/1.1 200 OK
Server: Apache-Coyote/1.1
Set-Cookie: JSESSIONID=U66OMysloky+p82B-HpmphcV.undefined; Path=/Formulario-Interno
Content-Type: text/xml;charset=ISO-8859-1
Content-Length: 297
Date: Thu, 20 Oct 2016 01:04:06 GMT
Connection: close

&lt;soap:Envelope xmlns:soap=&quot;http://schemas.xmlsoap.org/soap/envelope/&quot;&gt;&lt;soap:Body&gt;&lt;ns1:crearFormularioPotencialResponse xmlns:ns1=&quot;http://www.colfuturo.org/potencial/ws/ServicioIntegracionPotencial&quot;&gt;&lt;return&gt;Creo formulario&lt;/return&gt;&lt;/ns1:crearFormularioPotencialResponse&gt;&lt;/soap:Body&gt;&lt;/soap:Envelope&gt;

08:10:08 191.102.114.74 desde:user/register preparando para almacenar usuario : 1049622712

08:10:08 191.102.114.74  conectando a : http://jboss2.colfuturo.org/Formulario-Interno/ServicioIntegracionPotencial?wsdl

08:10:08 191.102.114.74  enviando datos : {"numeroDocumento":"1049622712",
            "nombre":"leidy eliana",
            "apellido":"prieto buitrago",
            "email":"prietoleidyeliana@gmail.com",
            "fechaNacimiento":"18 ene 1984",
            "ciudadResidencia":"Bogotá, Colombia",
            "genero":"F",
            "celular":"",
            "listaInteresAreaEstudio":["Ingeniería"],
            "listaInteresIdioma":[""]}

08:10:09 191.102.114.74  respuesta HTTP/1.1 200 OK
Server: Apache-Coyote/1.1
Set-Cookie: JSESSIONID=UcU0BCdEDdR5NI4KFegA9Qud.undefined; Path=/Formulario-Interno
Content-Type: text/xml;charset=ISO-8859-1
Content-Length: 297
Date: Thu, 20 Oct 2016 01:04:09 GMT
Connection: close

&lt;soap:Envelope xmlns:soap=&quot;http://schemas.xmlsoap.org/soap/envelope/&quot;&gt;&lt;soap:Body&gt;&lt;ns1:crearFormularioPotencialResponse xmlns:ns1=&quot;http://www.colfuturo.org/potencial/ws/ServicioIntegracionPotencial&quot;&gt;&lt;return&gt;Creo formulario&lt;/return&gt;&lt;/ns1:crearFormularioPotencialResponse&gt;&lt;/soap:Body&gt;&lt;/soap:Envelope&gt;

08:10:35 190.84.176.26 desde:user/register preparando para almacenar usuario : 79787099

08:10:35 190.84.176.26  conectando a : http://jboss2.colfuturo.org/Formulario-Interno/ServicioIntegracionPotencial?wsdl

08:10:35 190.84.176.26  enviando datos : {"numeroDocumento":"79787099",
            "nombre":"Gabriel Eduardo",
            "apellido":"Botero Vásquez ",
            "email":"gebotero@gmail.com",
            "fechaNacimiento":"18 ene 1984",
            "ciudadResidencia":"Bogotá, Colombia",
            "genero":"M",
            "celular":"",
            "listaInteresAreaEstudio":["Administración y Negocios"],
            "listaInteresIdioma":[""]}

08:10:41 190.84.176.26  respuesta HTTP/1.1 200 OK
Server: Apache-Coyote/1.1
Set-Cookie: JSESSIONID=wTvibnh5aG2aCF7d42IpIepo.undefined; Path=/Formulario-Interno
Content-Type: text/xml;charset=ISO-8859-1
Content-Length: 297
Date: Thu, 20 Oct 2016 01:20:41 GMT
Connection: close

&lt;soap:Envelope xmlns:soap=&quot;http://schemas.xmlsoap.org/soap/envelope/&quot;&gt;&lt;soap:Body&gt;&lt;ns1:crearFormularioPotencialResponse xmlns:ns1=&quot;http://www.colfuturo.org/potencial/ws/ServicioIntegracionPotencial&quot;&gt;&lt;return&gt;Creo formulario&lt;/return&gt;&lt;/ns1:crearFormularioPotencialResponse&gt;&lt;/soap:Body&gt;&lt;/soap:Envelope&gt;

09:10:43 191.72.125.253 desde:node/44 preparando para almacenar usuario : 1024498708

09:10:43 191.72.125.253  conectando a : http://jboss2.colfuturo.org/Formulario-Interno/ServicioIntegracionPotencial?wsdl

09:10:43 191.72.125.253  enviando datos : {"numeroDocumento":"1024498708",
            "nombre":"Jorge William",
            "apellido":"Tristancho Martínez ",
            "email":"Jorgetristancho_23@hotmail.com",
            "fechaNacimiento":"18 ene 1984",
            "ciudadResidencia":"Bogotá, Colombia",
            "genero":"M",
            "celular":"",
            "listaInteresAreaEstudio":[""],
            "listaInteresIdioma":[""]}

09:10:49 191.72.125.253  respuesta HTTP/1.1 200 OK
Server: Apache-Coyote/1.1
Set-Cookie: JSESSIONID=xYz-VqCc2OISKvcgFMFTqMSO.undefined; Path=/Formulario-Interno
Content-Type: text/xml;charset=ISO-8859-1
Content-Length: 297
Date: Thu, 20 Oct 2016 02:24:49 GMT
Connection: close

&lt;soap:Envelope xmlns:soap=&quot;http://schemas.xmlsoap.org/soap/envelope/&quot;&gt;&lt;soap:Body&gt;&lt;ns1:crearFormularioPotencialResponse xmlns:ns1=&quot;http://www.colfuturo.org/potencial/ws/ServicioIntegracionPotencial&quot;&gt;&lt;return&gt;Creo formulario&lt;/return&gt;&lt;/ns1:crearFormularioPotencialResponse&gt;&lt;/soap:Body&gt;&lt;/soap:Envelope&gt;

11:10:13 187.28.2.82 desde:node/44 preparando para almacenar usuario : 1085289667

11:10:13 187.28.2.82  conectando a : http://jboss2.colfuturo.org/Formulario-Interno/ServicioIntegracionPotencial?wsdl

11:10:13 187.28.2.82  enviando datos : {"numeroDocumento":"1085289667",
            "nombre":"Edson Felipe",
            "apellido":"Araujo Guerrero",
            "email":"efaraujog@unal.edu.co",
            "fechaNacimiento":"18 ene 1984",
            "ciudadResidencia":"Medellín - Antioquia, Colombia",
            "genero":"M",
            "celular":"",
            "listaInteresAreaEstudio":[""],
            "listaInteresIdioma":[""]}

11:10:18 187.28.2.82  respuesta HTTP/1.1 200 OK
Server: Apache-Coyote/1.1
Set-Cookie: JSESSIONID=E9-hY3xU27kVgx6hcbLVt0NM.undefined; Path=/Formulario-Interno
Content-Type: text/xml;charset=ISO-8859-1
Content-Length: 297
Date: Thu, 20 Oct 2016 04:27:18 GMT
Connection: close

&lt;soap:Envelope xmlns:soap=&quot;http://schemas.xmlsoap.org/soap/envelope/&quot;&gt;&lt;soap:Body&gt;&lt;ns1:crearFormularioPotencialResponse xmlns:ns1=&quot;http://www.colfuturo.org/potencial/ws/ServicioIntegracionPotencial&quot;&gt;&lt;return&gt;Creo formulario&lt;/return&gt;&lt;/ns1:crearFormularioPotencialResponse&gt;&lt;/soap:Body&gt;&lt;/soap:Envelope&gt;

