12:03:10 152.202.50.116 desde:node/44 preparando para almacenar usuario : 46382738

12:03:10 152.202.50.116  conectando a : https://jboss2.colfuturo.org/Formulario-Interno/ServicioIntegracionPotencial?wsdl

12:03:10 152.202.50.116  enviando datos : {"numeroDocumento":"46382738",
            "nombre":"Olga Lucía ",
            "apellido":"Torres Neira",
            "email":"oltn2007@hotmail.com",
            "fechaNacimiento":"18 ene 1984",
            "ciudadResidencia":"Tunja, Boyacá, Colombia",
            "genero":"F",
            "celular":"",
            "listaInteresAreaEstudio":[""],
            "listaInteresIdioma":[""]}

12:03:11 152.202.50.116  client->fault: 

12:03:11 152.202.50.116  respuesta HTTP/1.1 500 Internal Server Error
Server: Apache-Coyote/1.1
Set-Cookie: JSESSIONID=7gS3fSf0e80xMEQgsjYu51AN.undefined; Path=/Formulario-Interno
Content-Type: text/xml;charset=ISO-8859-1
Content-Length: 225
Date: Sat, 24 Mar 2018 05:20:33 GMT
Connection: close

&lt;soap:Envelope xmlns:soap=&quot;http://schemas.xmlsoap.org/soap/envelope/&quot;&gt;&lt;soap:Body&gt;&lt;soap:Fault&gt;&lt;faultcode&gt;soap:Server&lt;/faultcode&gt;&lt;faultstring&gt;java.lang.NullPointerException&lt;/faultstring&gt;&lt;/soap:Fault&gt;&lt;/soap:Body&gt;&lt;/soap:Envelope&gt;

12:03:17 201.236.240.234 desde:user/register preparando para almacenar usuario : 1088315003

12:03:17 201.236.240.234  conectando a : https://jboss2.colfuturo.org/Formulario-Interno/ServicioIntegracionPotencial?wsdl

12:03:17 201.236.240.234  enviando datos : {"numeroDocumento":"1088315003",
            "nombre":"Daniela",
            "apellido":"Britto",
            "email":"dbritto@utp.edu.co",
            "fechaNacimiento":"18 ene 1984",
            "ciudadResidencia":"Pereira, Risaralda, Colombia",
            "genero":"F",
            "celular":"",
            "listaInteresAreaEstudio":["Ciencias Agropecuarias y del Medio Ambiente"],
            "listaInteresIdioma":["ingles"]}

12:03:19 201.236.240.234  respuesta HTTP/1.1 200 OK
Server: Apache-Coyote/1.1
Set-Cookie: JSESSIONID=vLnCJBNW2aerxRhSL12NM4f2.undefined; Path=/Formulario-Interno
Content-Type: text/xml;charset=ISO-8859-1
Content-Length: 297
Date: Sat, 24 Mar 2018 05:38:41 GMT
Connection: close

&lt;soap:Envelope xmlns:soap=&quot;http://schemas.xmlsoap.org/soap/envelope/&quot;&gt;&lt;soap:Body&gt;&lt;ns1:crearFormularioPotencialResponse xmlns:ns1=&quot;http://www.colfuturo.org/potencial/ws/ServicioIntegracionPotencial&quot;&gt;&lt;return&gt;Creo formulario&lt;/return&gt;&lt;/ns1:crearFormularioPotencialResponse&gt;&lt;/soap:Body&gt;&lt;/soap:Envelope&gt;

07:03:31 179.18.46.35 desde:user/register preparando para almacenar usuario : 1026281949

07:03:31 179.18.46.35  conectando a : https://jboss2.colfuturo.org/Formulario-Interno/ServicioIntegracionPotencial?wsdl

07:03:31 179.18.46.35  enviando datos : {"numeroDocumento":"1026281949",
            "nombre":"Laura Alejandra",
            "apellido":"Torres Rivera",
            "email":"lauratorresriver@gmail.com",
            "fechaNacimiento":"18 ene 1984",
            "ciudadResidencia":"Bogotá, Colombia",
            "genero":"F",
            "celular":"",
            "listaInteresAreaEstudio":[""],
            "listaInteresIdioma":["ingles","frances"]}

07:03:33 179.18.46.35  respuesta HTTP/1.1 200 OK
Server: Apache-Coyote/1.1
Set-Cookie: JSESSIONID=xrJ9m2MYJQaHc19Cd-B5NHe0.undefined; Path=/Formulario-Interno
Content-Type: text/xml;charset=ISO-8859-1
Content-Length: 297
Date: Sat, 24 Mar 2018 12:43:56 GMT
Connection: close

&lt;soap:Envelope xmlns:soap=&quot;http://schemas.xmlsoap.org/soap/envelope/&quot;&gt;&lt;soap:Body&gt;&lt;ns1:crearFormularioPotencialResponse xmlns:ns1=&quot;http://www.colfuturo.org/potencial/ws/ServicioIntegracionPotencial&quot;&gt;&lt;return&gt;Creo formulario&lt;/return&gt;&lt;/ns1:crearFormularioPotencialResponse&gt;&lt;/soap:Body&gt;&lt;/soap:Envelope&gt;

10:03:44 181.54.235.243 desde:user/register preparando para almacenar usuario : 1061737784

10:03:44 181.54.235.243  conectando a : https://jboss2.colfuturo.org/Formulario-Interno/ServicioIntegracionPotencial?wsdl

10:03:44 181.54.235.243  enviando datos : {"numeroDocumento":"1061737784",
            "nombre":"Martha Lorena",
            "apellido":"Parada Mendoza",
            "email":"lolere2@hotmail.com",
            "fechaNacimiento":"18 ene 1984",
            "ciudadResidencia":"Bogotá, Colombia",
            "genero":"F",
            "celular":"",
            "listaInteresAreaEstudio":["Artes"],
            "listaInteresIdioma":[""]}

10:03:46 181.54.235.243  respuesta HTTP/1.1 200 OK
Server: Apache-Coyote/1.1
Set-Cookie: JSESSIONID=IYxBT4SP+8ax+WctkBh8aq2f.undefined; Path=/Formulario-Interno
Content-Type: text/xml;charset=ISO-8859-1
Content-Length: 297
Date: Sat, 24 Mar 2018 15:24:08 GMT
Connection: close

&lt;soap:Envelope xmlns:soap=&quot;http://schemas.xmlsoap.org/soap/envelope/&quot;&gt;&lt;soap:Body&gt;&lt;ns1:crearFormularioPotencialResponse xmlns:ns1=&quot;http://www.colfuturo.org/potencial/ws/ServicioIntegracionPotencial&quot;&gt;&lt;return&gt;Creo formulario&lt;/return&gt;&lt;/ns1:crearFormularioPotencialResponse&gt;&lt;/soap:Body&gt;&lt;/soap:Envelope&gt;

10:03:39 181.128.192.207 desde:user/180200 preparando para almacenar usuario : 1010207652

10:03:39 181.128.192.207  conectando a : https://jboss2.colfuturo.org/Formulario-Interno/ServicioIntegracionPotencial?wsdl

10:03:39 181.128.192.207  enviando datos : {"numeroDocumento":"1010207652",
            "nombre":"paola",
            "apellido":"vargas chala",
            "email":"paovargas17@hotmail.com",
            "fechaNacimiento":"18 ene 1984",
            "ciudadResidencia":"Bogotá, Colombia",
            "genero":"F",
            "celular":"",
            "listaInteresAreaEstudio":[""],
            "listaInteresIdioma":["ingles"]}

10:03:39 181.128.192.207  respuesta HTTP/1.1 200 OK
Server: Apache-Coyote/1.1
Set-Cookie: JSESSIONID=Pm1pkAzMd6T9QuzHTLO8D+HA.undefined; Path=/Formulario-Interno
Content-Type: text/xml;charset=ISO-8859-1
Content-Length: 301
Date: Sat, 24 Mar 2018 16:00:02 GMT
Connection: close

&lt;soap:Envelope xmlns:soap=&quot;http://schemas.xmlsoap.org/soap/envelope/&quot;&gt;&lt;soap:Body&gt;&lt;ns1:crearFormularioPotencialResponse xmlns:ns1=&quot;http://www.colfuturo.org/potencial/ws/ServicioIntegracionPotencial&quot;&gt;&lt;return&gt;Encontro formulario&lt;/return&gt;&lt;/ns1:crearFormularioPotencialResponse&gt;&lt;/soap:Body&gt;&lt;/soap:Envelope&gt;

01:03:52 66.229.123.48 desde:user/register preparando para almacenar usuario : 43564085

01:03:52 66.229.123.48  conectando a : https://jboss2.colfuturo.org/Formulario-Interno/ServicioIntegracionPotencial?wsdl

01:03:52 66.229.123.48  enviando datos : {"numeroDocumento":"43564085",
            "nombre":"Diana Solange",
            "apellido":"Atehortua Castillo",
            "email":"dianasolange123@gmail.com",
            "fechaNacimiento":"18 ene 1984",
            "ciudadResidencia":"Medellín, Antioquia, Colombia",
            "genero":"F",
            "celular":"",
            "listaInteresAreaEstudio":["Ciencias de la Salud"],
            "listaInteresIdioma":["ingles"]}

01:03:54 66.229.123.48  respuesta HTTP/1.1 200 OK
Server: Apache-Coyote/1.1
Set-Cookie: JSESSIONID=HhszLo8qgSFD4mrQBINDsL9t.undefined; Path=/Formulario-Interno
Content-Type: text/xml;charset=ISO-8859-1
Content-Length: 297
Date: Sat, 24 Mar 2018 18:15:17 GMT
Connection: close

&lt;soap:Envelope xmlns:soap=&quot;http://schemas.xmlsoap.org/soap/envelope/&quot;&gt;&lt;soap:Body&gt;&lt;ns1:crearFormularioPotencialResponse xmlns:ns1=&quot;http://www.colfuturo.org/potencial/ws/ServicioIntegracionPotencial&quot;&gt;&lt;return&gt;Creo formulario&lt;/return&gt;&lt;/ns1:crearFormularioPotencialResponse&gt;&lt;/soap:Body&gt;&lt;/soap:Envelope&gt;

03:03:09 186.82.140.99 desde:user/register preparando para almacenar usuario : 52329166

03:03:09 186.82.140.99  conectando a : https://jboss2.colfuturo.org/Formulario-Interno/ServicioIntegracionPotencial?wsdl

03:03:09 186.82.140.99  enviando datos : {"numeroDocumento":"52329166",
            "nombre":"Tadiana Guadalupe",
            "apellido":"Escorcia Romero",
            "email":"naomitadi@gmail.com",
            "fechaNacimiento":"18 ene 1984",
            "ciudadResidencia":"Bogotá, Colombia",
            "genero":"F",
            "celular":"",
            "listaInteresAreaEstudio":[""],
            "listaInteresIdioma":["ingles","frances"]}

03:03:11 186.82.140.99  respuesta HTTP/1.1 200 OK
Server: Apache-Coyote/1.1
Set-Cookie: JSESSIONID=aDn9eoc2u2XLWesDCfyyD-oj.undefined; Path=/Formulario-Interno
Content-Type: text/xml;charset=ISO-8859-1
Content-Length: 297
Date: Sat, 24 Mar 2018 20:29:34 GMT
Connection: close

&lt;soap:Envelope xmlns:soap=&quot;http://schemas.xmlsoap.org/soap/envelope/&quot;&gt;&lt;soap:Body&gt;&lt;ns1:crearFormularioPotencialResponse xmlns:ns1=&quot;http://www.colfuturo.org/potencial/ws/ServicioIntegracionPotencial&quot;&gt;&lt;return&gt;Creo formulario&lt;/return&gt;&lt;/ns1:crearFormularioPotencialResponse&gt;&lt;/soap:Body&gt;&lt;/soap:Envelope&gt;

05:03:20 181.54.38.20 desde:node/44 preparando para almacenar usuario : 1015452842

05:03:20 181.54.38.20  conectando a : https://jboss2.colfuturo.org/Formulario-Interno/ServicioIntegracionPotencial?wsdl

05:03:20 181.54.38.20  enviando datos : {"numeroDocumento":"1015452842",
            "nombre":"Daniel Stiven",
            "apellido":"Ortiz Oyola",
            "email":"danielortizoyola@gmail.com",
            "fechaNacimiento":"18 ene 1984",
            "ciudadResidencia":"Santa Marta, Magdalena, Colombia",
            "genero":"M",
            "celular":"",
            "listaInteresAreaEstudio":[""],
            "listaInteresIdioma":[""]}

05:03:22 181.54.38.20  client->fault: 

05:03:22 181.54.38.20  respuesta HTTP/1.1 500 Internal Server Error
Server: Apache-Coyote/1.1
Set-Cookie: JSESSIONID=6StlLZEmodTSC0mGsa2RRsY3.undefined; Path=/Formulario-Interno
Content-Type: text/xml;charset=ISO-8859-1
Content-Length: 225
Date: Sat, 24 Mar 2018 22:08:44 GMT
Connection: close

&lt;soap:Envelope xmlns:soap=&quot;http://schemas.xmlsoap.org/soap/envelope/&quot;&gt;&lt;soap:Body&gt;&lt;soap:Fault&gt;&lt;faultcode&gt;soap:Server&lt;/faultcode&gt;&lt;faultstring&gt;java.lang.NullPointerException&lt;/faultstring&gt;&lt;/soap:Fault&gt;&lt;/soap:Body&gt;&lt;/soap:Envelope&gt;

05:03:53 181.140.163.41 desde:user/189357 preparando para almacenar usuario : 98607005

05:03:53 181.140.163.41  conectando a : https://jboss2.colfuturo.org/Formulario-Interno/ServicioIntegracionPotencial?wsdl

05:03:53 181.140.163.41  enviando datos : {"numeroDocumento":"98607005",
            "nombre":"Juan Pablo",
            "apellido":"Restrepo Cuartas",
            "email":"gomejp@gmail.com",
            "fechaNacimiento":"18 ene 1984",
            "ciudadResidencia":"Bogotá, Colombia",
            "genero":"M",
            "celular":"",
            "listaInteresAreaEstudio":[""],
            "listaInteresIdioma":[""]}

05:03:54 181.140.163.41  respuesta HTTP/1.1 200 OK
Server: Apache-Coyote/1.1
Set-Cookie: JSESSIONID=OB3CzO4o5e-3+Qv0ABnOzM8E.undefined; Path=/Formulario-Interno
Content-Type: text/xml;charset=ISO-8859-1
Content-Length: 301
Date: Sat, 24 Mar 2018 22:11:16 GMT
Connection: close

&lt;soap:Envelope xmlns:soap=&quot;http://schemas.xmlsoap.org/soap/envelope/&quot;&gt;&lt;soap:Body&gt;&lt;ns1:crearFormularioPotencialResponse xmlns:ns1=&quot;http://www.colfuturo.org/potencial/ws/ServicioIntegracionPotencial&quot;&gt;&lt;return&gt;Encontro formulario&lt;/return&gt;&lt;/ns1:crearFormularioPotencialResponse&gt;&lt;/soap:Body&gt;&lt;/soap:Envelope&gt;

05:03:02 181.140.163.41 desde:user/189357 preparando para almacenar usuario : 98607005

05:03:02 181.140.163.41  conectando a : https://jboss2.colfuturo.org/Formulario-Interno/ServicioIntegracionPotencial?wsdl

05:03:02 181.140.163.41  enviando datos : {"numeroDocumento":"98607005",
            "nombre":"Juan Pablo",
            "apellido":"Restrepo Cuartas",
            "email":"gomejp@gmail.com",
            "fechaNacimiento":"18 ene 1984",
            "ciudadResidencia":"Bogotá, Colombia",
            "genero":"M",
            "celular":"",
            "listaInteresAreaEstudio":[""],
            "listaInteresIdioma":[""]}

05:03:03 181.140.163.41  respuesta HTTP/1.1 200 OK
Server: Apache-Coyote/1.1
Set-Cookie: JSESSIONID=pwQ4sHwrb7LaUsL235ZuvXkJ.undefined; Path=/Formulario-Interno
Content-Type: text/xml;charset=ISO-8859-1
Content-Length: 301
Date: Sat, 24 Mar 2018 22:11:25 GMT
Connection: close

&lt;soap:Envelope xmlns:soap=&quot;http://schemas.xmlsoap.org/soap/envelope/&quot;&gt;&lt;soap:Body&gt;&lt;ns1:crearFormularioPotencialResponse xmlns:ns1=&quot;http://www.colfuturo.org/potencial/ws/ServicioIntegracionPotencial&quot;&gt;&lt;return&gt;Encontro formulario&lt;/return&gt;&lt;/ns1:crearFormularioPotencialResponse&gt;&lt;/soap:Body&gt;&lt;/soap:Envelope&gt;

05:03:38 186.84.42.76 desde:user/register preparando para almacenar usuario : 1020776590

05:03:38 186.84.42.76  conectando a : https://jboss2.colfuturo.org/Formulario-Interno/ServicioIntegracionPotencial?wsdl

05:03:38 186.84.42.76  enviando datos : {"numeroDocumento":"1020776590",
            "nombre":"Andrés Humberto ",
            "apellido":"Otálora Carmona",
            "email":"ahotalora@gmail.com",
            "fechaNacimiento":"18 ene 1984",
            "ciudadResidencia":"Bogotá, Colombia",
            "genero":"M",
            "celular":"",
            "listaInteresAreaEstudio":["Ingeniería"],
            "listaInteresIdioma":["ingles"]}

05:03:40 186.84.42.76  respuesta HTTP/1.1 200 OK
Server: Apache-Coyote/1.1
Set-Cookie: JSESSIONID=uccpy2HJn-UWTQTK2RRoQSV-.undefined; Path=/Formulario-Interno
Content-Type: text/xml;charset=ISO-8859-1
Content-Length: 297
Date: Sat, 24 Mar 2018 22:18:02 GMT
Connection: close

&lt;soap:Envelope xmlns:soap=&quot;http://schemas.xmlsoap.org/soap/envelope/&quot;&gt;&lt;soap:Body&gt;&lt;ns1:crearFormularioPotencialResponse xmlns:ns1=&quot;http://www.colfuturo.org/potencial/ws/ServicioIntegracionPotencial&quot;&gt;&lt;return&gt;Creo formulario&lt;/return&gt;&lt;/ns1:crearFormularioPotencialResponse&gt;&lt;/soap:Body&gt;&lt;/soap:Envelope&gt;

06:03:34 181.49.74.126 desde:user/register preparando para almacenar usuario : 1032476537

06:03:34 181.49.74.126  conectando a : https://jboss2.colfuturo.org/Formulario-Interno/ServicioIntegracionPotencial?wsdl

06:03:34 181.49.74.126  enviando datos : {"numeroDocumento":"1032476537",
            "nombre":"DAVID ALEJANDRO",
            "apellido":"RINCON GUERRERO",
            "email":"alejo.rincon@hotmail.com",
            "fechaNacimiento":"18 ene 1984",
            "ciudadResidencia":"Bogotá, Colombia",
            "genero":"M",
            "celular":"",
            "listaInteresAreaEstudio":["Ciencias de la Salud","Ciencias Sociales"],
            "listaInteresIdioma":[""]}

06:03:35 181.49.74.126  respuesta HTTP/1.1 200 OK
Server: Apache-Coyote/1.1
Set-Cookie: JSESSIONID=N-WEp86CF5TMonsdNqmXgO7K.undefined; Path=/Formulario-Interno
Content-Type: text/xml;charset=ISO-8859-1
Content-Length: 297
Date: Sat, 24 Mar 2018 23:39:58 GMT
Connection: close

&lt;soap:Envelope xmlns:soap=&quot;http://schemas.xmlsoap.org/soap/envelope/&quot;&gt;&lt;soap:Body&gt;&lt;ns1:crearFormularioPotencialResponse xmlns:ns1=&quot;http://www.colfuturo.org/potencial/ws/ServicioIntegracionPotencial&quot;&gt;&lt;return&gt;Creo formulario&lt;/return&gt;&lt;/ns1:crearFormularioPotencialResponse&gt;&lt;/soap:Body&gt;&lt;/soap:Envelope&gt;

06:03:55 190.70.89.243 desde:user/register preparando para almacenar usuario : 1128477752

06:03:55 190.70.89.243  conectando a : https://jboss2.colfuturo.org/Formulario-Interno/ServicioIntegracionPotencial?wsdl

06:03:55 190.70.89.243  enviando datos : {"numeroDocumento":"1128477752",
            "nombre":"Diana",
            "apellido":"Gómez Arboleda",
            "email":"dianagomezarboleda@gmail.com",
            "fechaNacimiento":"18 ene 1984",
            "ciudadResidencia":"Medellín, Antioquia, Colombia",
            "genero":"F",
            "celular":"",
            "listaInteresAreaEstudio":["Administración y Negocios","Ciencias Políticas y Relaciones Internacionales","Ciencias Sociales","Educación"],
            "listaInteresIdioma":["ingles","frances"]}

06:03:57 190.70.89.243  respuesta HTTP/1.1 200 OK
Server: Apache-Coyote/1.1
Set-Cookie: JSESSIONID=DeCY-52wvgFR+sTlU1iWflc4.undefined; Path=/Formulario-Interno
Content-Type: text/xml;charset=ISO-8859-1
Content-Length: 297
Date: Sat, 24 Mar 2018 23:41:20 GMT
Connection: close

&lt;soap:Envelope xmlns:soap=&quot;http://schemas.xmlsoap.org/soap/envelope/&quot;&gt;&lt;soap:Body&gt;&lt;ns1:crearFormularioPotencialResponse xmlns:ns1=&quot;http://www.colfuturo.org/potencial/ws/ServicioIntegracionPotencial&quot;&gt;&lt;return&gt;Creo formulario&lt;/return&gt;&lt;/ns1:crearFormularioPotencialResponse&gt;&lt;/soap:Body&gt;&lt;/soap:Envelope&gt;

06:03:56 179.32.76.38 desde:user/register preparando para almacenar usuario : 1018485696

06:03:56 179.32.76.38  conectando a : https://jboss2.colfuturo.org/Formulario-Interno/ServicioIntegracionPotencial?wsdl

06:03:56 179.32.76.38  enviando datos : {"numeroDocumento":"1018485696",
            "nombre":"Karen Viviana",
            "apellido":"Figueredo Rincón",
            "email":"karen.figueredo96@gmail.com",
            "fechaNacimiento":"18 ene 1984",
            "ciudadResidencia":"Bogotá, Colombia",
            "genero":"F",
            "celular":"",
            "listaInteresAreaEstudio":["Arquitectura y Diseño","Artes"],
            "listaInteresIdioma":["ingles","frances"]}

06:03:58 179.32.76.38  respuesta HTTP/1.1 200 OK
Server: Apache-Coyote/1.1
Set-Cookie: JSESSIONID=BWm9HgMnyBJRwDW3vOvWzVth.undefined; Path=/Formulario-Interno
Content-Type: text/xml;charset=ISO-8859-1
Content-Length: 297
Date: Sat, 24 Mar 2018 23:45:21 GMT
Connection: close

&lt;soap:Envelope xmlns:soap=&quot;http://schemas.xmlsoap.org/soap/envelope/&quot;&gt;&lt;soap:Body&gt;&lt;ns1:crearFormularioPotencialResponse xmlns:ns1=&quot;http://www.colfuturo.org/potencial/ws/ServicioIntegracionPotencial&quot;&gt;&lt;return&gt;Creo formulario&lt;/return&gt;&lt;/ns1:crearFormularioPotencialResponse&gt;&lt;/soap:Body&gt;&lt;/soap:Envelope&gt;

08:03:20 186.85.63.171 desde:user/register preparando para almacenar usuario : 1233900815

08:03:20 186.85.63.171  conectando a : https://jboss2.colfuturo.org/Formulario-Interno/ServicioIntegracionPotencial?wsdl

08:03:20 186.85.63.171  enviando datos : {"numeroDocumento":"1233900815",
            "nombre":"Jairo Andrés ",
            "apellido":"Barrera Rivera ",
            "email":"Jairobarrera88@gmail.com",
            "fechaNacimiento":"18 ene 1984",
            "ciudadResidencia":"Bogotá",
            "genero":"M",
            "celular":"",
            "listaInteresAreaEstudio":["Artes"],
            "listaInteresIdioma":["frances"]}

08:03:21 186.85.63.171  respuesta HTTP/1.1 200 OK
Server: Apache-Coyote/1.1
Set-Cookie: JSESSIONID=2ucwS2QxKoa5-IjOeDESXh7V.undefined; Path=/Formulario-Interno
Content-Type: text/xml;charset=ISO-8859-1
Content-Length: 297
Date: Sun, 25 Mar 2018 01:48:44 GMT
Connection: close

&lt;soap:Envelope xmlns:soap=&quot;http://schemas.xmlsoap.org/soap/envelope/&quot;&gt;&lt;soap:Body&gt;&lt;ns1:crearFormularioPotencialResponse xmlns:ns1=&quot;http://www.colfuturo.org/potencial/ws/ServicioIntegracionPotencial&quot;&gt;&lt;return&gt;Creo formulario&lt;/return&gt;&lt;/ns1:crearFormularioPotencialResponse&gt;&lt;/soap:Body&gt;&lt;/soap:Envelope&gt;

