12:06:58 181.63.214.115 desde:user/162237 preparando para almacenar usuario : 1018451628

12:06:58 181.63.214.115  conectando a : https://jboss2.colfuturo.org/Formulario-Interno/ServicioIntegracionPotencial?wsdl

12:06:58 181.63.214.115  enviando datos : {"numeroDocumento":"1018451628",
            "nombre":"Juan Felipe ",
            "apellido":"Medina Gómez",
            "email":"jufmedinago@unal.edu.co",
            "fechaNacimiento":"18 ene 1984",
            "ciudadResidencia":"Yopal, Casanare, Colombia",
            "genero":"M",
            "celular":"",
            "listaInteresAreaEstudio":["Ciencias Sociales"],
            "listaInteresIdioma":[""]}

12:06:58 181.63.214.115  respuesta HTTP/1.1 200 OK
Server: Apache-Coyote/1.1
Set-Cookie: JSESSIONID=hroF37gvFBTgSaQMUiKYnCf4.undefined; Path=/Formulario-Interno
Content-Type: text/xml;charset=ISO-8859-1
Content-Length: 301
Date: Fri, 30 Jun 2017 05:16:58 GMT
Connection: close

&lt;soap:Envelope xmlns:soap=&quot;http://schemas.xmlsoap.org/soap/envelope/&quot;&gt;&lt;soap:Body&gt;&lt;ns1:crearFormularioPotencialResponse xmlns:ns1=&quot;http://www.colfuturo.org/potencial/ws/ServicioIntegracionPotencial&quot;&gt;&lt;return&gt;Encontro formulario&lt;/return&gt;&lt;/ns1:crearFormularioPotencialResponse&gt;&lt;/soap:Body&gt;&lt;/soap:Envelope&gt;

04:06:54 190.242.100.250 desde:node/44 preparando para almacenar usuario : 1065627627

04:06:54 190.242.100.250  conectando a : https://jboss2.colfuturo.org/Formulario-Interno/ServicioIntegracionPotencial?wsdl

04:06:54 190.242.100.250  enviando datos : {"numeroDocumento":"1065627627",
            "nombre":"Carlos Alberto",
            "apellido":"Aguilar Torres",
            "email":"caaguilart@gmail.com",
            "fechaNacimiento":"18 ene 1984",
            "ciudadResidencia":"Valledupar, Cesar, Colombia",
            "genero":"M",
            "celular":"",
            "listaInteresAreaEstudio":[""],
            "listaInteresIdioma":[""]}

04:06:55 190.242.100.250  respuesta HTTP/1.1 200 OK
Server: Apache-Coyote/1.1
Set-Cookie: JSESSIONID=Q0IKmhJRlUvzWhWIQ3xO8uvB.undefined; Path=/Formulario-Interno
Content-Type: text/xml;charset=ISO-8859-1
Content-Length: 297
Date: Fri, 30 Jun 2017 09:50:54 GMT
Connection: close

&lt;soap:Envelope xmlns:soap=&quot;http://schemas.xmlsoap.org/soap/envelope/&quot;&gt;&lt;soap:Body&gt;&lt;ns1:crearFormularioPotencialResponse xmlns:ns1=&quot;http://www.colfuturo.org/potencial/ws/ServicioIntegracionPotencial&quot;&gt;&lt;return&gt;Creo formulario&lt;/return&gt;&lt;/ns1:crearFormularioPotencialResponse&gt;&lt;/soap:Body&gt;&lt;/soap:Envelope&gt;

05:06:24 128.243.2.142 desde:user/127982 preparando para almacenar usuario : 1020725047

05:06:24 128.243.2.142  conectando a : https://jboss2.colfuturo.org/Formulario-Interno/ServicioIntegracionPotencial?wsdl

05:06:24 128.243.2.142  enviando datos : {"numeroDocumento":"1020725047",
            "nombre":"Olga Lucía",
            "apellido":"Camacho Pabón",
            "email":"olgaluciacp44@gmail.com",
            "fechaNacimiento":"18 ene 1984",
            "ciudadResidencia":"Bogotá, Colombia",
            "genero":"F",
            "celular":"",
            "listaInteresAreaEstudio":["Educación"],
            "listaInteresIdioma":[""]}

05:06:25 128.243.2.142  respuesta HTTP/1.1 200 OK
Server: Apache-Coyote/1.1
Set-Cookie: JSESSIONID=rRL2LvYRam1YGtL4tOz+nE+Y.undefined; Path=/Formulario-Interno
Content-Type: text/xml;charset=ISO-8859-1
Content-Length: 301
Date: Fri, 30 Jun 2017 10:06:24 GMT
Connection: close

&lt;soap:Envelope xmlns:soap=&quot;http://schemas.xmlsoap.org/soap/envelope/&quot;&gt;&lt;soap:Body&gt;&lt;ns1:crearFormularioPotencialResponse xmlns:ns1=&quot;http://www.colfuturo.org/potencial/ws/ServicioIntegracionPotencial&quot;&gt;&lt;return&gt;Encontro formulario&lt;/return&gt;&lt;/ns1:crearFormularioPotencialResponse&gt;&lt;/soap:Body&gt;&lt;/soap:Envelope&gt;

07:06:30 186.155.197.126 desde:user/register preparando para almacenar usuario : 1019046058

07:06:30 186.155.197.126  conectando a : https://jboss2.colfuturo.org/Formulario-Interno/ServicioIntegracionPotencial?wsdl

07:06:30 186.155.197.126  enviando datos : {"numeroDocumento":"1019046058",
            "nombre":"Juan David",
            "apellido":"Linares Santana",
            "email":"jdlinares2090@icloud.com",
            "fechaNacimiento":"18 ene 1984",
            "ciudadResidencia":"Bogotá, Colombia",
            "genero":"M",
            "celular":"",
            "listaInteresAreaEstudio":["Arquitectura y Diseño"],
            "listaInteresIdioma":[""]}

07:06:31 186.155.197.126  respuesta HTTP/1.1 200 OK
Server: Apache-Coyote/1.1
Set-Cookie: JSESSIONID=CrrAhXO25agYOyiSOICHmXRF.undefined; Path=/Formulario-Interno
Content-Type: text/xml;charset=ISO-8859-1
Content-Length: 297
Date: Fri, 30 Jun 2017 12:28:30 GMT
Connection: close

&lt;soap:Envelope xmlns:soap=&quot;http://schemas.xmlsoap.org/soap/envelope/&quot;&gt;&lt;soap:Body&gt;&lt;ns1:crearFormularioPotencialResponse xmlns:ns1=&quot;http://www.colfuturo.org/potencial/ws/ServicioIntegracionPotencial&quot;&gt;&lt;return&gt;Creo formulario&lt;/return&gt;&lt;/ns1:crearFormularioPotencialResponse&gt;&lt;/soap:Body&gt;&lt;/soap:Envelope&gt;

07:06:11 31.4.178.184 desde:user/register preparando para almacenar usuario : 1030523054

07:06:11 31.4.178.184  conectando a : https://jboss2.colfuturo.org/Formulario-Interno/ServicioIntegracionPotencial?wsdl

07:06:11 31.4.178.184  enviando datos : {"numeroDocumento":"1030523054",
            "nombre":"Yury",
            "apellido":"Cruz",
            "email":"ypcc328@hotmail.com",
            "fechaNacimiento":"18 ene 1984",
            "ciudadResidencia":"Bogotá, Colombia",
            "genero":"F",
            "celular":"",
            "listaInteresAreaEstudio":["Educación"],
            "listaInteresIdioma":[""]}

07:06:12 31.4.178.184  respuesta HTTP/1.1 200 OK
Server: Apache-Coyote/1.1
Set-Cookie: JSESSIONID=s2nvcj0bXvmD5YZtfcCv3iRd.undefined; Path=/Formulario-Interno
Content-Type: text/xml;charset=ISO-8859-1
Content-Length: 297
Date: Fri, 30 Jun 2017 12:37:11 GMT
Connection: close

&lt;soap:Envelope xmlns:soap=&quot;http://schemas.xmlsoap.org/soap/envelope/&quot;&gt;&lt;soap:Body&gt;&lt;ns1:crearFormularioPotencialResponse xmlns:ns1=&quot;http://www.colfuturo.org/potencial/ws/ServicioIntegracionPotencial&quot;&gt;&lt;return&gt;Creo formulario&lt;/return&gt;&lt;/ns1:crearFormularioPotencialResponse&gt;&lt;/soap:Body&gt;&lt;/soap:Envelope&gt;

08:06:26 186.147.126.232 desde:user/register preparando para almacenar usuario : 28553893

08:06:26 186.147.126.232  conectando a : https://jboss2.colfuturo.org/Formulario-Interno/ServicioIntegracionPotencial?wsdl

08:06:26 186.147.126.232  enviando datos : {"numeroDocumento":"28553893",
            "nombre":"Diana ",
            "apellido":"Carvajal",
            "email":"diana.carvajalgalindo@gmail.com",
            "fechaNacimiento":"18 ene 1984",
            "ciudadResidencia":"Ibagué, Tolima, Colombia",
            "genero":"F",
            "celular":"",
            "listaInteresAreaEstudio":["Artes","Ciencias Básicas"],
            "listaInteresIdioma":["ingles","frances"]}

08:06:27 186.147.126.232  respuesta HTTP/1.1 200 OK
Server: Apache-Coyote/1.1
Set-Cookie: JSESSIONID=aPQJIu2Lf4FiaDD-pWZCVKW2.undefined; Path=/Formulario-Interno
Content-Type: text/xml;charset=ISO-8859-1
Content-Length: 297
Date: Fri, 30 Jun 2017 13:50:27 GMT
Connection: close

&lt;soap:Envelope xmlns:soap=&quot;http://schemas.xmlsoap.org/soap/envelope/&quot;&gt;&lt;soap:Body&gt;&lt;ns1:crearFormularioPotencialResponse xmlns:ns1=&quot;http://www.colfuturo.org/potencial/ws/ServicioIntegracionPotencial&quot;&gt;&lt;return&gt;Creo formulario&lt;/return&gt;&lt;/ns1:crearFormularioPotencialResponse&gt;&lt;/soap:Body&gt;&lt;/soap:Envelope&gt;

08:06:10 181.130.239.61 desde:user/42352 preparando para almacenar usuario : 1020759684

08:06:10 181.130.239.61  conectando a : https://jboss2.colfuturo.org/Formulario-Interno/ServicioIntegracionPotencial?wsdl

08:06:10 181.130.239.61  enviando datos : {"numeroDocumento":"1020759684",
            "nombre":"Carlo Sebastián ",
            "apellido":"Macías Rojas",
            "email":"casmaciasro@gmail.com",
            "fechaNacimiento":"18 ene 1984",
            "ciudadResidencia":"",
            "genero":"M",
            "celular":"",
            "listaInteresAreaEstudio":["Economía"],
            "listaInteresIdioma":[""]}

08:06:11 181.130.239.61  respuesta HTTP/1.1 200 OK
Server: Apache-Coyote/1.1
Set-Cookie: JSESSIONID=3RZOChxTyoVn1OFCRextr9Go.undefined; Path=/Formulario-Interno
Content-Type: text/xml;charset=ISO-8859-1
Content-Length: 301
Date: Fri, 30 Jun 2017 13:58:10 GMT
Connection: close

&lt;soap:Envelope xmlns:soap=&quot;http://schemas.xmlsoap.org/soap/envelope/&quot;&gt;&lt;soap:Body&gt;&lt;ns1:crearFormularioPotencialResponse xmlns:ns1=&quot;http://www.colfuturo.org/potencial/ws/ServicioIntegracionPotencial&quot;&gt;&lt;return&gt;Encontro formulario&lt;/return&gt;&lt;/ns1:crearFormularioPotencialResponse&gt;&lt;/soap:Body&gt;&lt;/soap:Envelope&gt;

09:06:19 200.116.209.2 desde:user/161719 preparando para almacenar usuario : 1098699860

09:06:19 200.116.209.2  conectando a : https://jboss2.colfuturo.org/Formulario-Interno/ServicioIntegracionPotencial?wsdl

09:06:19 200.116.209.2  enviando datos : {"numeroDocumento":"1098699860",
            "nombre":"Silvia Juliana",
            "apellido":"Pineda Fajardo",
            "email":"julianapinedaf@hotmail.com",
            "fechaNacimiento":"18 ene 1984",
            "ciudadResidencia":"Bucaramanga, Santander, Colombia",
            "genero":"F",
            "celular":"",
            "listaInteresAreaEstudio":["Ingeniería"],
            "listaInteresIdioma":[""]}

09:06:19 200.116.209.2  respuesta HTTP/1.1 200 OK
Server: Apache-Coyote/1.1
Set-Cookie: JSESSIONID=LXGRLXocY0CyjI4e9fhevhf6.undefined; Path=/Formulario-Interno
Content-Type: text/xml;charset=ISO-8859-1
Content-Length: 301
Date: Fri, 30 Jun 2017 14:36:19 GMT
Connection: close

&lt;soap:Envelope xmlns:soap=&quot;http://schemas.xmlsoap.org/soap/envelope/&quot;&gt;&lt;soap:Body&gt;&lt;ns1:crearFormularioPotencialResponse xmlns:ns1=&quot;http://www.colfuturo.org/potencial/ws/ServicioIntegracionPotencial&quot;&gt;&lt;return&gt;Encontro formulario&lt;/return&gt;&lt;/ns1:crearFormularioPotencialResponse&gt;&lt;/soap:Body&gt;&lt;/soap:Envelope&gt;

09:06:36 31.4.178.184 desde:user/162249 preparando para almacenar usuario : 1030523054

09:06:36 31.4.178.184  conectando a : https://jboss2.colfuturo.org/Formulario-Interno/ServicioIntegracionPotencial?wsdl

09:06:36 31.4.178.184  enviando datos : {"numeroDocumento":"1030523054",
            "nombre":"Yury",
            "apellido":"Cruz",
            "email":"ypcc328@hotmail.com",
            "fechaNacimiento":"18 ene 1984",
            "ciudadResidencia":"Bogotá, Colombia",
            "genero":"F",
            "celular":"",
            "listaInteresAreaEstudio":["Educación"],
            "listaInteresIdioma":[""]}

09:06:37 31.4.178.184  respuesta HTTP/1.1 200 OK
Server: Apache-Coyote/1.1
Set-Cookie: JSESSIONID=d9Gr+W5qUFu43LPzmHEznHXn.undefined; Path=/Formulario-Interno
Content-Type: text/xml;charset=ISO-8859-1
Content-Length: 301
Date: Fri, 30 Jun 2017 14:36:36 GMT
Connection: close

&lt;soap:Envelope xmlns:soap=&quot;http://schemas.xmlsoap.org/soap/envelope/&quot;&gt;&lt;soap:Body&gt;&lt;ns1:crearFormularioPotencialResponse xmlns:ns1=&quot;http://www.colfuturo.org/potencial/ws/ServicioIntegracionPotencial&quot;&gt;&lt;return&gt;Encontro formulario&lt;/return&gt;&lt;/ns1:crearFormularioPotencialResponse&gt;&lt;/soap:Body&gt;&lt;/soap:Envelope&gt;

09:06:52 200.119.88.163 desde:user/register preparando para almacenar usuario : 1053814066

09:06:52 200.119.88.163  conectando a : https://jboss2.colfuturo.org/Formulario-Interno/ServicioIntegracionPotencial?wsdl

09:06:52 200.119.88.163  enviando datos : {"numeroDocumento":"1053814066",
            "nombre":"Johana",
            "apellido":"Gomez",
            "email":"johagomez2@gmail.com",
            "fechaNacimiento":"18 ene 1984",
            "ciudadResidencia":"Popayán, Cauca, Colombia",
            "genero":"M",
            "celular":"",
            "listaInteresAreaEstudio":["Ciencias Agropecuarias y del Medio Ambiente"],
            "listaInteresIdioma":[""]}

09:06:52 200.119.88.163  respuesta HTTP/1.1 200 OK
Server: Apache-Coyote/1.1
Set-Cookie: JSESSIONID=ihZJEAAQmiFmPlAp4XkEqIY6.undefined; Path=/Formulario-Interno
Content-Type: text/xml;charset=ISO-8859-1
Content-Length: 297
Date: Fri, 30 Jun 2017 14:59:52 GMT
Connection: close

&lt;soap:Envelope xmlns:soap=&quot;http://schemas.xmlsoap.org/soap/envelope/&quot;&gt;&lt;soap:Body&gt;&lt;ns1:crearFormularioPotencialResponse xmlns:ns1=&quot;http://www.colfuturo.org/potencial/ws/ServicioIntegracionPotencial&quot;&gt;&lt;return&gt;Creo formulario&lt;/return&gt;&lt;/ns1:crearFormularioPotencialResponse&gt;&lt;/soap:Body&gt;&lt;/soap:Envelope&gt;

10:06:10 190.217.96.161 desde:user/register preparando para almacenar usuario : 52262439

10:06:10 190.217.96.161  conectando a : https://jboss2.colfuturo.org/Formulario-Interno/ServicioIntegracionPotencial?wsdl

10:06:10 190.217.96.161  enviando datos : {"numeroDocumento":"52262439",
            "nombre":"Amanda Consuelo",
            "apellido":"Diaz Moreno",
            "email":"amcdiazmo@unal.edu.co",
            "fechaNacimiento":"18 ene 1984",
            "ciudadResidencia":"Bogotá ",
            "genero":"F",
            "celular":"",
            "listaInteresAreaEstudio":[""],
            "listaInteresIdioma":["ingles"]}

10:06:11 190.217.96.161  respuesta HTTP/1.1 200 OK
Server: Apache-Coyote/1.1
Set-Cookie: JSESSIONID=R6nwIvwjfSvrzbGSRWReKCYy.undefined; Path=/Formulario-Interno
Content-Type: text/xml;charset=ISO-8859-1
Content-Length: 297
Date: Fri, 30 Jun 2017 15:05:10 GMT
Connection: close

&lt;soap:Envelope xmlns:soap=&quot;http://schemas.xmlsoap.org/soap/envelope/&quot;&gt;&lt;soap:Body&gt;&lt;ns1:crearFormularioPotencialResponse xmlns:ns1=&quot;http://www.colfuturo.org/potencial/ws/ServicioIntegracionPotencial&quot;&gt;&lt;return&gt;Creo formulario&lt;/return&gt;&lt;/ns1:crearFormularioPotencialResponse&gt;&lt;/soap:Body&gt;&lt;/soap:Envelope&gt;

10:06:03 190.25.65.182 desde:user/158285 preparando para almacenar usuario : 1016051206

10:06:03 190.25.65.182  conectando a : https://jboss2.colfuturo.org/Formulario-Interno/ServicioIntegracionPotencial?wsdl

10:06:03 190.25.65.182  enviando datos : {"numeroDocumento":"1016051206",
            "nombre":"Estivenson",
            "apellido":"Valentin Bernal",
            "email":"valent_black@hotmail.com",
            "fechaNacimiento":"18 ene 1984",
            "ciudadResidencia":"Bogotá, Colombia",
            "genero":"M",
            "celular":"",
            "listaInteresAreaEstudio":[""],
            "listaInteresIdioma":["ingles"]}

10:06:04 190.25.65.182  respuesta HTTP/1.1 200 OK
Server: Apache-Coyote/1.1
Set-Cookie: JSESSIONID=4d5adfsz3f0v8Yc2tDsJ5ePZ.undefined; Path=/Formulario-Interno
Content-Type: text/xml;charset=ISO-8859-1
Content-Length: 297
Date: Fri, 30 Jun 2017 15:20:03 GMT
Connection: close

&lt;soap:Envelope xmlns:soap=&quot;http://schemas.xmlsoap.org/soap/envelope/&quot;&gt;&lt;soap:Body&gt;&lt;ns1:crearFormularioPotencialResponse xmlns:ns1=&quot;http://www.colfuturo.org/potencial/ws/ServicioIntegracionPotencial&quot;&gt;&lt;return&gt;Creo formulario&lt;/return&gt;&lt;/ns1:crearFormularioPotencialResponse&gt;&lt;/soap:Body&gt;&lt;/soap:Envelope&gt;

10:06:57 186.31.7.94 desde:user/register preparando para almacenar usuario : 80136931

10:06:57 186.31.7.94  conectando a : https://jboss2.colfuturo.org/Formulario-Interno/ServicioIntegracionPotencial?wsdl

10:06:57 186.31.7.94  enviando datos : {"numeroDocumento":"80136931",
            "nombre":"César Alexis",
            "apellido":"Carrera Celis",
            "email":"cesar.alexis.carrera@gmail.com",
            "fechaNacimiento":"18 ene 1984",
            "ciudadResidencia":"Bogotá, Colombia",
            "genero":"M",
            "celular":"",
            "listaInteresAreaEstudio":["Ciencias Sociales"],
            "listaInteresIdioma":["ingles"]}

10:06:59 186.31.7.94  respuesta HTTP/1.1 200 OK
Server: Apache-Coyote/1.1
Set-Cookie: JSESSIONID=NE9G8ZEknTB8w6cXyjNW5JWd.undefined; Path=/Formulario-Interno
Content-Type: text/xml;charset=ISO-8859-1
Content-Length: 297
Date: Fri, 30 Jun 2017 15:21:59 GMT
Connection: close

&lt;soap:Envelope xmlns:soap=&quot;http://schemas.xmlsoap.org/soap/envelope/&quot;&gt;&lt;soap:Body&gt;&lt;ns1:crearFormularioPotencialResponse xmlns:ns1=&quot;http://www.colfuturo.org/potencial/ws/ServicioIntegracionPotencial&quot;&gt;&lt;return&gt;Creo formulario&lt;/return&gt;&lt;/ns1:crearFormularioPotencialResponse&gt;&lt;/soap:Body&gt;&lt;/soap:Envelope&gt;

10:06:02 190.24.42.120 desde:user/register preparando para almacenar usuario : 1020752778

10:06:02 190.24.42.120  conectando a : https://jboss2.colfuturo.org/Formulario-Interno/ServicioIntegracionPotencial?wsdl

10:06:02 190.24.42.120  enviando datos : {"numeroDocumento":"1020752778",
            "nombre":"Mauricio",
            "apellido":"Barbon",
            "email":"omauriciob@hotmail.com",
            "fechaNacimiento":"18 ene 1984",
            "ciudadResidencia":"Bogotá, Colombia",
            "genero":"M",
            "celular":"",
            "listaInteresAreaEstudio":["Artes"],
            "listaInteresIdioma":[""]}

10:06:03 190.24.42.120  respuesta HTTP/1.1 200 OK
Server: Apache-Coyote/1.1
Set-Cookie: JSESSIONID=OlSi6n6TlUCQ9Tu94ZY6XGBG.undefined; Path=/Formulario-Interno
Content-Type: text/xml;charset=ISO-8859-1
Content-Length: 297
Date: Fri, 30 Jun 2017 15:24:02 GMT
Connection: close

&lt;soap:Envelope xmlns:soap=&quot;http://schemas.xmlsoap.org/soap/envelope/&quot;&gt;&lt;soap:Body&gt;&lt;ns1:crearFormularioPotencialResponse xmlns:ns1=&quot;http://www.colfuturo.org/potencial/ws/ServicioIntegracionPotencial&quot;&gt;&lt;return&gt;Creo formulario&lt;/return&gt;&lt;/ns1:crearFormularioPotencialResponse&gt;&lt;/soap:Body&gt;&lt;/soap:Envelope&gt;

10:06:27 167.0.74.117 desde:user/6158 preparando para almacenar usuario : 32242424

10:06:27 167.0.74.117  conectando a : https://jboss2.colfuturo.org/Formulario-Interno/ServicioIntegracionPotencial?wsdl

10:06:27 167.0.74.117  enviando datos : {"numeroDocumento":"32242424",
            "nombre":"Andrea",
            "apellido":"Echavarría Mazuera",
            "email":"echavarria.andrea@gmail.com",
            "fechaNacimiento":"18 ene 1984",
            "ciudadResidencia":"",
            "genero":"F",
            "celular":"",
            "listaInteresAreaEstudio":[""],
            "listaInteresIdioma":[""]}

10:06:27 167.0.74.117  respuesta HTTP/1.1 200 OK
Server: Apache-Coyote/1.1
Set-Cookie: JSESSIONID=63aPSji0naRvzgzuHDtAIZ5Q.undefined; Path=/Formulario-Interno
Content-Type: text/xml;charset=ISO-8859-1
Content-Length: 301
Date: Fri, 30 Jun 2017 15:29:27 GMT
Connection: close

&lt;soap:Envelope xmlns:soap=&quot;http://schemas.xmlsoap.org/soap/envelope/&quot;&gt;&lt;soap:Body&gt;&lt;ns1:crearFormularioPotencialResponse xmlns:ns1=&quot;http://www.colfuturo.org/potencial/ws/ServicioIntegracionPotencial&quot;&gt;&lt;return&gt;Encontro formulario&lt;/return&gt;&lt;/ns1:crearFormularioPotencialResponse&gt;&lt;/soap:Body&gt;&lt;/soap:Envelope&gt;

10:06:32 181.234.21.168 desde:user/497 preparando para almacenar usuario : 52496607

10:06:32 181.234.21.168  conectando a : https://jboss2.colfuturo.org/Formulario-Interno/ServicioIntegracionPotencial?wsdl

10:06:32 181.234.21.168  enviando datos : {"numeroDocumento":"52496607",
            "nombre":"Marcia Carolina",
            "apellido":"Ardila Sierra",
            "email":"marciardila@gmail.com",
            "fechaNacimiento":"18 ene 1984",
            "ciudadResidencia":"",
            "genero":"F",
            "celular":"",
            "listaInteresAreaEstudio":["Ciencias Sociales"],
            "listaInteresIdioma":[""]}

10:06:32 181.234.21.168  respuesta HTTP/1.1 200 OK
Server: Apache-Coyote/1.1
Set-Cookie: JSESSIONID=d7rUh67dZM1a9haiwjWPRuCq.undefined; Path=/Formulario-Interno
Content-Type: text/xml;charset=ISO-8859-1
Content-Length: 301
Date: Fri, 30 Jun 2017 15:43:32 GMT
Connection: close

&lt;soap:Envelope xmlns:soap=&quot;http://schemas.xmlsoap.org/soap/envelope/&quot;&gt;&lt;soap:Body&gt;&lt;ns1:crearFormularioPotencialResponse xmlns:ns1=&quot;http://www.colfuturo.org/potencial/ws/ServicioIntegracionPotencial&quot;&gt;&lt;return&gt;Encontro formulario&lt;/return&gt;&lt;/ns1:crearFormularioPotencialResponse&gt;&lt;/soap:Body&gt;&lt;/soap:Envelope&gt;

10:06:57 38.100.10.130 desde:user/40570 preparando para almacenar usuario : 39688813

10:06:57 38.100.10.130  conectando a : https://jboss2.colfuturo.org/Formulario-Interno/ServicioIntegracionPotencial?wsdl

10:06:57 38.100.10.130  enviando datos : {"numeroDocumento":"39688813",
            "nombre":"Marcela",
            "apellido":"Gomez Suarez",
            "email":"m2gomez@gmail.com",
            "fechaNacimiento":"18 ene 1984",
            "ciudadResidencia":"",
            "genero":"F",
            "celular":"",
            "listaInteresAreaEstudio":["Ciencias de la Salud"],
            "listaInteresIdioma":[""]}

10:06:57 38.100.10.130  respuesta HTTP/1.1 200 OK
Server: Apache-Coyote/1.1
Set-Cookie: JSESSIONID=uVi+m-QWYEOC4cXHnJ3m6hz1.undefined; Path=/Formulario-Interno
Content-Type: text/xml;charset=ISO-8859-1
Content-Length: 301
Date: Fri, 30 Jun 2017 15:50:57 GMT
Connection: close

&lt;soap:Envelope xmlns:soap=&quot;http://schemas.xmlsoap.org/soap/envelope/&quot;&gt;&lt;soap:Body&gt;&lt;ns1:crearFormularioPotencialResponse xmlns:ns1=&quot;http://www.colfuturo.org/potencial/ws/ServicioIntegracionPotencial&quot;&gt;&lt;return&gt;Encontro formulario&lt;/return&gt;&lt;/ns1:crearFormularioPotencialResponse&gt;&lt;/soap:Body&gt;&lt;/soap:Envelope&gt;

10:06:43 190.7.131.115 desde:user/register preparando para almacenar usuario : 52452304

10:06:43 190.7.131.115  conectando a : https://jboss2.colfuturo.org/Formulario-Interno/ServicioIntegracionPotencial?wsdl

10:06:43 190.7.131.115  enviando datos : {"numeroDocumento":"52452304",
            "nombre":"LINA",
            "apellido":"MOSQUERA",
            "email":"linismmz@yahoo.com.ar",
            "fechaNacimiento":"18 ene 1984",
            "ciudadResidencia":"Bogotá, Colombia",
            "genero":"F",
            "celular":"",
            "listaInteresAreaEstudio":[""],
            "listaInteresIdioma":["ingles"]}

10:06:45 190.7.131.115  respuesta HTTP/1.1 200 OK
Server: Apache-Coyote/1.1
Set-Cookie: JSESSIONID=ZTb4YyCeCy-u7GAtGSaHYzAt.undefined; Path=/Formulario-Interno
Content-Type: text/xml;charset=ISO-8859-1
Content-Length: 297
Date: Fri, 30 Jun 2017 15:51:45 GMT
Connection: close

&lt;soap:Envelope xmlns:soap=&quot;http://schemas.xmlsoap.org/soap/envelope/&quot;&gt;&lt;soap:Body&gt;&lt;ns1:crearFormularioPotencialResponse xmlns:ns1=&quot;http://www.colfuturo.org/potencial/ws/ServicioIntegracionPotencial&quot;&gt;&lt;return&gt;Creo formulario&lt;/return&gt;&lt;/ns1:crearFormularioPotencialResponse&gt;&lt;/soap:Body&gt;&lt;/soap:Envelope&gt;

11:06:16 181.131.33.59 desde:user/register preparando para almacenar usuario : 1010208225

11:06:16 181.131.33.59  conectando a : https://jboss2.colfuturo.org/Formulario-Interno/ServicioIntegracionPotencial?wsdl

11:06:16 181.131.33.59  enviando datos : {"numeroDocumento":"1010208225",
            "nombre":"berly paola",
            "apellido":"abril gil",
            "email":"paoabril10@hotmail.com",
            "fechaNacimiento":"18 ene 1984",
            "ciudadResidencia":"Bogotá, Colombia",
            "genero":"F",
            "celular":"",
            "listaInteresAreaEstudio":[""],
            "listaInteresIdioma":["ingles"]}

11:06:17 181.131.33.59  respuesta HTTP/1.1 200 OK
Server: Apache-Coyote/1.1
Set-Cookie: JSESSIONID=HHw4ChnRFMDmcFc-b0yg02Je.undefined; Path=/Formulario-Interno
Content-Type: text/xml;charset=ISO-8859-1
Content-Length: 297
Date: Fri, 30 Jun 2017 16:04:16 GMT
Connection: close

&lt;soap:Envelope xmlns:soap=&quot;http://schemas.xmlsoap.org/soap/envelope/&quot;&gt;&lt;soap:Body&gt;&lt;ns1:crearFormularioPotencialResponse xmlns:ns1=&quot;http://www.colfuturo.org/potencial/ws/ServicioIntegracionPotencial&quot;&gt;&lt;return&gt;Creo formulario&lt;/return&gt;&lt;/ns1:crearFormularioPotencialResponse&gt;&lt;/soap:Body&gt;&lt;/soap:Envelope&gt;

12:06:06 190.24.19.113 desde:user/register preparando para almacenar usuario : 1018491141

12:06:06 190.24.19.113  conectando a : https://jboss2.colfuturo.org/Formulario-Interno/ServicioIntegracionPotencial?wsdl

12:06:06 190.24.19.113  enviando datos : {"numeroDocumento":"1018491141",
            "nombre":"Sebastián ",
            "apellido":"Suárez Cortés",
            "email":"sebasttian.suarez@gmail.com",
            "fechaNacimiento":"18 ene 1984",
            "ciudadResidencia":"Bogotá, Colombia",
            "genero":"M",
            "celular":"",
            "listaInteresAreaEstudio":["Administración y Negocios"],
            "listaInteresIdioma":["ingles"]}

12:06:07 190.24.19.113  respuesta HTTP/1.1 200 OK
Server: Apache-Coyote/1.1
Set-Cookie: JSESSIONID=l+Y-WqtU4qEPGEelqY47ypnd.undefined; Path=/Formulario-Interno
Content-Type: text/xml;charset=ISO-8859-1
Content-Length: 297
Date: Fri, 30 Jun 2017 17:25:06 GMT
Connection: close

&lt;soap:Envelope xmlns:soap=&quot;http://schemas.xmlsoap.org/soap/envelope/&quot;&gt;&lt;soap:Body&gt;&lt;ns1:crearFormularioPotencialResponse xmlns:ns1=&quot;http://www.colfuturo.org/potencial/ws/ServicioIntegracionPotencial&quot;&gt;&lt;return&gt;Creo formulario&lt;/return&gt;&lt;/ns1:crearFormularioPotencialResponse&gt;&lt;/soap:Body&gt;&lt;/soap:Envelope&gt;

01:06:38 191.103.235.1 desde:node/44 preparando para almacenar usuario : 1065894736

01:06:38 191.103.235.1  conectando a : https://jboss2.colfuturo.org/Formulario-Interno/ServicioIntegracionPotencial?wsdl

01:06:38 191.103.235.1  enviando datos : {"numeroDocumento":"1065894736",
            "nombre":"yina paola",
            "apellido":"Ortega Santiago",
            "email":"yinorsan@hotmail.com",
            "fechaNacimiento":"18 ene 1984",
            "ciudadResidencia":"Aguachica, Cesar, Colombia",
            "genero":"F",
            "celular":"",
            "listaInteresAreaEstudio":[""],
            "listaInteresIdioma":[""]}

01:06:39 191.103.235.1  respuesta HTTP/1.1 200 OK
Server: Apache-Coyote/1.1
Set-Cookie: JSESSIONID=tGt1zYnQSm7jg2z6DLjVzpSZ.undefined; Path=/Formulario-Interno
Content-Type: text/xml;charset=ISO-8859-1
Content-Length: 297
Date: Fri, 30 Jun 2017 18:00:39 GMT
Connection: close

&lt;soap:Envelope xmlns:soap=&quot;http://schemas.xmlsoap.org/soap/envelope/&quot;&gt;&lt;soap:Body&gt;&lt;ns1:crearFormularioPotencialResponse xmlns:ns1=&quot;http://www.colfuturo.org/potencial/ws/ServicioIntegracionPotencial&quot;&gt;&lt;return&gt;Creo formulario&lt;/return&gt;&lt;/ns1:crearFormularioPotencialResponse&gt;&lt;/soap:Body&gt;&lt;/soap:Envelope&gt;

01:06:57 176.249.127.213 desde:user/144292 preparando para almacenar usuario : 1110466067

01:06:57 176.249.127.213  conectando a : https://jboss2.colfuturo.org/Formulario-Interno/ServicioIntegracionPotencial?wsdl

01:06:57 176.249.127.213  enviando datos : {"numeroDocumento":"1110466067",
            "nombre":"Yohana",
            "apellido":"Mora",
            "email":"denysyohanamora@gmail.com",
            "fechaNacimiento":"18 ene 1984",
            "ciudadResidencia":"Cali - Valle del Cauca, Colombia",
            "genero":"F",
            "celular":"",
            "listaInteresAreaEstudio":[""],
            "listaInteresIdioma":[""]}

01:06:57 176.249.127.213  respuesta HTTP/1.1 200 OK
Server: Apache-Coyote/1.1
Set-Cookie: JSESSIONID=XRHmDxWKIDnIkeTjwhOYpdL0.undefined; Path=/Formulario-Interno
Content-Type: text/xml;charset=ISO-8859-1
Content-Length: 301
Date: Fri, 30 Jun 2017 18:29:57 GMT
Connection: close

&lt;soap:Envelope xmlns:soap=&quot;http://schemas.xmlsoap.org/soap/envelope/&quot;&gt;&lt;soap:Body&gt;&lt;ns1:crearFormularioPotencialResponse xmlns:ns1=&quot;http://www.colfuturo.org/potencial/ws/ServicioIntegracionPotencial&quot;&gt;&lt;return&gt;Encontro formulario&lt;/return&gt;&lt;/ns1:crearFormularioPotencialResponse&gt;&lt;/soap:Body&gt;&lt;/soap:Envelope&gt;

01:06:27 186.155.19.49 desde:user/register preparando para almacenar usuario : 1031149668

01:06:27 186.155.19.49  conectando a : https://jboss2.colfuturo.org/Formulario-Interno/ServicioIntegracionPotencial?wsdl

01:06:27 186.155.19.49  enviando datos : {"numeroDocumento":"1031149668",
            "nombre":"Adriana",
            "apellido":"Riscanevo",
            "email":"adrianasf-06@hotmail.com",
            "fechaNacimiento":"18 ene 1984",
            "ciudadResidencia":"Bogotá, Colombia",
            "genero":"F",
            "celular":"",
            "listaInteresAreaEstudio":["Educación"],
            "listaInteresIdioma":["ingles"]}

01:06:28 186.155.19.49  respuesta HTTP/1.1 200 OK
Server: Apache-Coyote/1.1
Set-Cookie: JSESSIONID=R3csyivn6QGNwtz5PCpJA-P-.undefined; Path=/Formulario-Interno
Content-Type: text/xml;charset=ISO-8859-1
Content-Length: 297
Date: Fri, 30 Jun 2017 18:32:28 GMT
Connection: close

&lt;soap:Envelope xmlns:soap=&quot;http://schemas.xmlsoap.org/soap/envelope/&quot;&gt;&lt;soap:Body&gt;&lt;ns1:crearFormularioPotencialResponse xmlns:ns1=&quot;http://www.colfuturo.org/potencial/ws/ServicioIntegracionPotencial&quot;&gt;&lt;return&gt;Creo formulario&lt;/return&gt;&lt;/ns1:crearFormularioPotencialResponse&gt;&lt;/soap:Body&gt;&lt;/soap:Envelope&gt;

01:06:22 190.242.36.244 desde:user/register preparando para almacenar usuario : 1143831039

01:06:22 190.242.36.244  conectando a : https://jboss2.colfuturo.org/Formulario-Interno/ServicioIntegracionPotencial?wsdl

01:06:22 190.242.36.244  enviando datos : {"numeroDocumento":"1143831039",
            "nombre":"Juan Sebastian",
            "apellido":"Castaño Zamora",
            "email":"juseca092@hotmail.com",
            "fechaNacimiento":"18 ene 1984",
            "ciudadResidencia":"Cali, Valle del Cauca, Colombia",
            "genero":"M",
            "celular":"",
            "listaInteresAreaEstudio":["Administración y Negocios"],
            "listaInteresIdioma":["ingles"]}

01:06:23 190.242.36.244  respuesta HTTP/1.1 200 OK
Server: Apache-Coyote/1.1
Set-Cookie: JSESSIONID=byK1x7soaf4jccDwMiRvhNMe.undefined; Path=/Formulario-Interno
Content-Type: text/xml;charset=ISO-8859-1
Content-Length: 297
Date: Fri, 30 Jun 2017 18:39:22 GMT
Connection: close

&lt;soap:Envelope xmlns:soap=&quot;http://schemas.xmlsoap.org/soap/envelope/&quot;&gt;&lt;soap:Body&gt;&lt;ns1:crearFormularioPotencialResponse xmlns:ns1=&quot;http://www.colfuturo.org/potencial/ws/ServicioIntegracionPotencial&quot;&gt;&lt;return&gt;Creo formulario&lt;/return&gt;&lt;/ns1:crearFormularioPotencialResponse&gt;&lt;/soap:Body&gt;&lt;/soap:Envelope&gt;

02:06:16 179.18.60.70 desde:user/106915 preparando para almacenar usuario : 1030570317

02:06:16 179.18.60.70  conectando a : https://jboss2.colfuturo.org/Formulario-Interno/ServicioIntegracionPotencial?wsdl

02:06:16 179.18.60.70  enviando datos : {"numeroDocumento":"1030570317",
            "nombre":"Diego",
            "apellido":"Buitrago Mora",
            "email":"Diegob90@gmail.com",
            "fechaNacimiento":"18 ene 1984",
            "ciudadResidencia":"Bogotá, Colombia",
            "genero":"M",
            "celular":"",
            "listaInteresAreaEstudio":["Economía"],
            "listaInteresIdioma":[""]}

02:06:16 179.18.60.70  respuesta HTTP/1.1 200 OK
Server: Apache-Coyote/1.1
Set-Cookie: JSESSIONID=MBynsSCjtPU5jHo-rQ3C43Kt.undefined; Path=/Formulario-Interno
Content-Type: text/xml;charset=ISO-8859-1
Content-Length: 301
Date: Fri, 30 Jun 2017 19:00:16 GMT
Connection: close

&lt;soap:Envelope xmlns:soap=&quot;http://schemas.xmlsoap.org/soap/envelope/&quot;&gt;&lt;soap:Body&gt;&lt;ns1:crearFormularioPotencialResponse xmlns:ns1=&quot;http://www.colfuturo.org/potencial/ws/ServicioIntegracionPotencial&quot;&gt;&lt;return&gt;Encontro formulario&lt;/return&gt;&lt;/ns1:crearFormularioPotencialResponse&gt;&lt;/soap:Body&gt;&lt;/soap:Envelope&gt;

02:06:57 186.29.59.246 desde:user/register preparando para almacenar usuario : 1020794140

02:06:57 186.29.59.246  conectando a : https://jboss2.colfuturo.org/Formulario-Interno/ServicioIntegracionPotencial?wsdl

02:06:57 186.29.59.246  enviando datos : {"numeroDocumento":"1020794140",
            "nombre":"Daniel Mauricio",
            "apellido":"Pinilla Ramírez",
            "email":"daniel-pba.9@hotmail.com",
            "fechaNacimiento":"18 ene 1984",
            "ciudadResidencia":"Bogotá, Colombia",
            "genero":"M",
            "celular":"",
            "listaInteresAreaEstudio":["Ciencias Sociales"],
            "listaInteresIdioma":[""]}

02:06:57 186.29.59.246  respuesta HTTP/1.1 200 OK
Server: Apache-Coyote/1.1
Set-Cookie: JSESSIONID=wG1hLWiPj4WJoMqZ1Q59dtjN.undefined; Path=/Formulario-Interno
Content-Type: text/xml;charset=ISO-8859-1
Content-Length: 297
Date: Fri, 30 Jun 2017 19:17:57 GMT
Connection: close

&lt;soap:Envelope xmlns:soap=&quot;http://schemas.xmlsoap.org/soap/envelope/&quot;&gt;&lt;soap:Body&gt;&lt;ns1:crearFormularioPotencialResponse xmlns:ns1=&quot;http://www.colfuturo.org/potencial/ws/ServicioIntegracionPotencial&quot;&gt;&lt;return&gt;Creo formulario&lt;/return&gt;&lt;/ns1:crearFormularioPotencialResponse&gt;&lt;/soap:Body&gt;&lt;/soap:Envelope&gt;

02:06:45 181.48.239.194 desde:user/register preparando para almacenar usuario : 1077032823

02:06:45 181.48.239.194  conectando a : https://jboss2.colfuturo.org/Formulario-Interno/ServicioIntegracionPotencial?wsdl

02:06:45 181.48.239.194  enviando datos : {"numeroDocumento":"1077032823",
            "nombre":"ANDREA",
            "apellido":"RODRIGUEZ",
            "email":"landrerom@hotmail.com",
            "fechaNacimiento":"18 ene 1984",
            "ciudadResidencia":"Bogotá, Colombia",
            "genero":"F",
            "celular":"",
            "listaInteresAreaEstudio":[""],
            "listaInteresIdioma":["ingles"]}

02:06:46 181.48.239.194  respuesta HTTP/1.1 200 OK
Server: Apache-Coyote/1.1
Set-Cookie: JSESSIONID=M3qIqf-IvOfeyJc9W5LEulYq.undefined; Path=/Formulario-Interno
Content-Type: text/xml;charset=ISO-8859-1
Content-Length: 297
Date: Fri, 30 Jun 2017 19:44:45 GMT
Connection: close

&lt;soap:Envelope xmlns:soap=&quot;http://schemas.xmlsoap.org/soap/envelope/&quot;&gt;&lt;soap:Body&gt;&lt;ns1:crearFormularioPotencialResponse xmlns:ns1=&quot;http://www.colfuturo.org/potencial/ws/ServicioIntegracionPotencial&quot;&gt;&lt;return&gt;Creo formulario&lt;/return&gt;&lt;/ns1:crearFormularioPotencialResponse&gt;&lt;/soap:Body&gt;&lt;/soap:Envelope&gt;

03:06:04 186.28.58.227 desde:user/register preparando para almacenar usuario : 1000515140

03:06:04 186.28.58.227  conectando a : https://jboss2.colfuturo.org/Formulario-Interno/ServicioIntegracionPotencial?wsdl

03:06:04 186.28.58.227  enviando datos : {"numeroDocumento":"1000515140",
            "nombre":"Heidy Sofia",
            "apellido":"Gomez Cortes",
            "email":"hesogoco@hotmail.com",
            "fechaNacimiento":"18 ene 1984",
            "ciudadResidencia":"Bogotá, Colombia",
            "genero":"F",
            "celular":"",
            "listaInteresAreaEstudio":["Economía"],
            "listaInteresIdioma":["ingles"]}

03:06:04 186.28.58.227  respuesta HTTP/1.1 200 OK
Server: Apache-Coyote/1.1
Set-Cookie: JSESSIONID=-h7J73Z3t9VSeJa8FWQRD8YO.undefined; Path=/Formulario-Interno
Content-Type: text/xml;charset=ISO-8859-1
Content-Length: 297
Date: Fri, 30 Jun 2017 20:05:04 GMT
Connection: close

&lt;soap:Envelope xmlns:soap=&quot;http://schemas.xmlsoap.org/soap/envelope/&quot;&gt;&lt;soap:Body&gt;&lt;ns1:crearFormularioPotencialResponse xmlns:ns1=&quot;http://www.colfuturo.org/potencial/ws/ServicioIntegracionPotencial&quot;&gt;&lt;return&gt;Creo formulario&lt;/return&gt;&lt;/ns1:crearFormularioPotencialResponse&gt;&lt;/soap:Body&gt;&lt;/soap:Envelope&gt;

03:06:18 190.67.59.223 desde:user/155207 preparando para almacenar usuario : 1140817105

03:06:18 190.67.59.223  conectando a : https://jboss2.colfuturo.org/Formulario-Interno/ServicioIntegracionPotencial?wsdl

03:06:18 190.67.59.223  enviando datos : {"numeroDocumento":"1140817105",
            "nombre":"Carolina Mercedes",
            "apellido":"Vecchio Camargo",
            "email":"cvecchio@uninorte.edu.co",
            "fechaNacimiento":"18 ene 1984",
            "ciudadResidencia":"Barranquilla, Atlántico, Colombia",
            "genero":"F",
            "celular":"",
            "listaInteresAreaEstudio":[""],
            "listaInteresIdioma":[""]}

03:06:19 190.67.59.223  respuesta HTTP/1.1 200 OK
Server: Apache-Coyote/1.1
Set-Cookie: JSESSIONID=s2md-jdRQmRzOqKjt0PzKMDU.undefined; Path=/Formulario-Interno
Content-Type: text/xml;charset=ISO-8859-1
Content-Length: 301
Date: Fri, 30 Jun 2017 20:16:18 GMT
Connection: close

&lt;soap:Envelope xmlns:soap=&quot;http://schemas.xmlsoap.org/soap/envelope/&quot;&gt;&lt;soap:Body&gt;&lt;ns1:crearFormularioPotencialResponse xmlns:ns1=&quot;http://www.colfuturo.org/potencial/ws/ServicioIntegracionPotencial&quot;&gt;&lt;return&gt;Encontro formulario&lt;/return&gt;&lt;/ns1:crearFormularioPotencialResponse&gt;&lt;/soap:Body&gt;&lt;/soap:Envelope&gt;

03:06:28 190.67.59.223 desde:user/155207 preparando para almacenar usuario : 1140817105

03:06:28 190.67.59.223  conectando a : https://jboss2.colfuturo.org/Formulario-Interno/ServicioIntegracionPotencial?wsdl

03:06:28 190.67.59.223  enviando datos : {"numeroDocumento":"1140817105",
            "nombre":"Carolina Mercedes",
            "apellido":"Vecchio Camargo",
            "email":"cvecchio@uninorte.edu.co",
            "fechaNacimiento":"18 ene 1984",
            "ciudadResidencia":"Barranquilla, Atlántico, Colombia",
            "genero":"F",
            "celular":"",
            "listaInteresAreaEstudio":[""],
            "listaInteresIdioma":[""]}

03:06:28 190.67.59.223  respuesta HTTP/1.1 200 OK
Server: Apache-Coyote/1.1
Set-Cookie: JSESSIONID=aaj0bpgEhsz9zxF+aJoM0Vyt.undefined; Path=/Formulario-Interno
Content-Type: text/xml;charset=ISO-8859-1
Content-Length: 301
Date: Fri, 30 Jun 2017 20:17:28 GMT
Connection: close

&lt;soap:Envelope xmlns:soap=&quot;http://schemas.xmlsoap.org/soap/envelope/&quot;&gt;&lt;soap:Body&gt;&lt;ns1:crearFormularioPotencialResponse xmlns:ns1=&quot;http://www.colfuturo.org/potencial/ws/ServicioIntegracionPotencial&quot;&gt;&lt;return&gt;Encontro formulario&lt;/return&gt;&lt;/ns1:crearFormularioPotencialResponse&gt;&lt;/soap:Body&gt;&lt;/soap:Envelope&gt;

05:06:01 186.29.180.129 desde:user/register preparando para almacenar usuario : 1032435387

05:06:01 186.29.180.129  conectando a : https://jboss2.colfuturo.org/Formulario-Interno/ServicioIntegracionPotencial?wsdl

05:06:01 186.29.180.129  enviando datos : {"numeroDocumento":"1032435387",
            "nombre":"ISMAEL SEBASTIAN ",
            "apellido":"DUEÑAS SANCHEZ",
            "email":"isebastianduenas@gmail.com",
            "fechaNacimiento":"18 ene 1984",
            "ciudadResidencia":"Bogotá, Colombia",
            "genero":"M",
            "celular":"",
            "listaInteresAreaEstudio":[""],
            "listaInteresIdioma":["ingles","frances"]}

05:06:01 186.29.180.129  respuesta HTTP/1.1 200 OK
Server: Apache-Coyote/1.1
Set-Cookie: JSESSIONID=55DvQXdsZVLcdXsZx5xW6+1u.undefined; Path=/Formulario-Interno
Content-Type: text/xml;charset=ISO-8859-1
Content-Length: 297
Date: Fri, 30 Jun 2017 22:15:01 GMT
Connection: close

&lt;soap:Envelope xmlns:soap=&quot;http://schemas.xmlsoap.org/soap/envelope/&quot;&gt;&lt;soap:Body&gt;&lt;ns1:crearFormularioPotencialResponse xmlns:ns1=&quot;http://www.colfuturo.org/potencial/ws/ServicioIntegracionPotencial&quot;&gt;&lt;return&gt;Creo formulario&lt;/return&gt;&lt;/ns1:crearFormularioPotencialResponse&gt;&lt;/soap:Body&gt;&lt;/soap:Envelope&gt;

05:06:57 181.133.89.118 desde:user/78716 preparando para almacenar usuario : 13873932

05:06:57 181.133.89.118  conectando a : https://jboss2.colfuturo.org/Formulario-Interno/ServicioIntegracionPotencial?wsdl

05:06:57 181.133.89.118  enviando datos : {"numeroDocumento":"13873932",
            "nombre":"hernando",
            "apellido":"bottia ramirez",
            "email":"hernando.bottia@ecopetrol.com.co",
            "fechaNacimiento":"18 ene 1984",
            "ciudadResidencia":"",
            "genero":"M",
            "celular":"",
            "listaInteresAreaEstudio":["Ingeniería"],
            "listaInteresIdioma":[""]}

05:06:57 181.133.89.118  respuesta HTTP/1.1 200 OK
Server: Apache-Coyote/1.1
Set-Cookie: JSESSIONID=vpZKsedEobz4MOaNBb-641a+.undefined; Path=/Formulario-Interno
Content-Type: text/xml;charset=ISO-8859-1
Content-Length: 301
Date: Fri, 30 Jun 2017 22:35:57 GMT
Connection: close

&lt;soap:Envelope xmlns:soap=&quot;http://schemas.xmlsoap.org/soap/envelope/&quot;&gt;&lt;soap:Body&gt;&lt;ns1:crearFormularioPotencialResponse xmlns:ns1=&quot;http://www.colfuturo.org/potencial/ws/ServicioIntegracionPotencial&quot;&gt;&lt;return&gt;Encontro formulario&lt;/return&gt;&lt;/ns1:crearFormularioPotencialResponse&gt;&lt;/soap:Body&gt;&lt;/soap:Envelope&gt;

05:06:48 186.29.152.46 desde:user/register preparando para almacenar usuario : 1049612826

05:06:48 186.29.152.46  conectando a : https://jboss2.colfuturo.org/Formulario-Interno/ServicioIntegracionPotencial?wsdl

05:06:48 186.29.152.46  enviando datos : {"numeroDocumento":"1049612826",
            "nombre":"Beimar Emilio",
            "apellido":"Castelblanco Morales",
            "email":"ing.emiliocastelblanco@gmail.com",
            "fechaNacimiento":"18 ene 1984",
            "ciudadResidencia":"Bogotá, Colombia",
            "genero":"M",
            "celular":"",
            "listaInteresAreaEstudio":["Ingeniería"],
            "listaInteresIdioma":[""]}

05:06:49 186.29.152.46  respuesta HTTP/1.1 200 OK
Server: Apache-Coyote/1.1
Set-Cookie: JSESSIONID=7l7SRYw8S93E4q1bNq0ivjE5.undefined; Path=/Formulario-Interno
Content-Type: text/xml;charset=ISO-8859-1
Content-Length: 297
Date: Fri, 30 Jun 2017 22:39:49 GMT
Connection: close

&lt;soap:Envelope xmlns:soap=&quot;http://schemas.xmlsoap.org/soap/envelope/&quot;&gt;&lt;soap:Body&gt;&lt;ns1:crearFormularioPotencialResponse xmlns:ns1=&quot;http://www.colfuturo.org/potencial/ws/ServicioIntegracionPotencial&quot;&gt;&lt;return&gt;Creo formulario&lt;/return&gt;&lt;/ns1:crearFormularioPotencialResponse&gt;&lt;/soap:Body&gt;&lt;/soap:Envelope&gt;

07:06:31 181.63.17.208 desde:user/119033 preparando para almacenar usuario : 1.018.435995

07:06:31 181.63.17.208  conectando a : https://jboss2.colfuturo.org/Formulario-Interno/ServicioIntegracionPotencial?wsdl

07:06:31 181.63.17.208  enviando datos : {"numeroDocumento":"1.018.435995",
            "nombre":"Camila ",
            "apellido":"Zárate Silva",
            "email":"zarsil1326@gmail.com",
            "fechaNacimiento":"18 ene 1984",
            "ciudadResidencia":"Bogotá, Colombia",
            "genero":"F",
            "celular":"",
            "listaInteresAreaEstudio":[""],
            "listaInteresIdioma":[""]}

07:06:31 181.63.17.208  respuesta HTTP/1.1 200 OK
Server: Apache-Coyote/1.1
Set-Cookie: JSESSIONID=72qFpXAyj8PnVhPw+-GM53dd.undefined; Path=/Formulario-Interno
Content-Type: text/xml;charset=ISO-8859-1
Content-Length: 301
Date: Sat, 01 Jul 2017 00:22:31 GMT
Connection: close

&lt;soap:Envelope xmlns:soap=&quot;http://schemas.xmlsoap.org/soap/envelope/&quot;&gt;&lt;soap:Body&gt;&lt;ns1:crearFormularioPotencialResponse xmlns:ns1=&quot;http://www.colfuturo.org/potencial/ws/ServicioIntegracionPotencial&quot;&gt;&lt;return&gt;Encontro formulario&lt;/return&gt;&lt;/ns1:crearFormularioPotencialResponse&gt;&lt;/soap:Body&gt;&lt;/soap:Envelope&gt;

07:06:21 190.1.251.91 desde:user/register preparando para almacenar usuario : 1143825248

07:06:21 190.1.251.91  conectando a : https://jboss2.colfuturo.org/Formulario-Interno/ServicioIntegracionPotencial?wsdl

07:06:21 190.1.251.91  enviando datos : {"numeroDocumento":"1143825248",
            "nombre":"NEILA SNIT",
            "apellido":"ORTEGA HERNANDEZ",
            "email":"neylisnit@gmail.com",
            "fechaNacimiento":"18 ene 1984",
            "ciudadResidencia":"Cali, Valle del Cauca, Colombia",
            "genero":"F",
            "celular":"",
            "listaInteresAreaEstudio":["Artes","Ciencias Agropecuarias y del Medio Ambiente","Ciencias Políticas y Relaciones Internacionales","Ciencias Sociales"],
            "listaInteresIdioma":[""]}

07:06:22 190.1.251.91  respuesta HTTP/1.1 200 OK
Server: Apache-Coyote/1.1
Set-Cookie: JSESSIONID=ZfKuW81GmRxwHcUa5YPyv4eL.undefined; Path=/Formulario-Interno
Content-Type: text/xml;charset=ISO-8859-1
Content-Length: 297
Date: Sat, 01 Jul 2017 00:26:21 GMT
Connection: close

&lt;soap:Envelope xmlns:soap=&quot;http://schemas.xmlsoap.org/soap/envelope/&quot;&gt;&lt;soap:Body&gt;&lt;ns1:crearFormularioPotencialResponse xmlns:ns1=&quot;http://www.colfuturo.org/potencial/ws/ServicioIntegracionPotencial&quot;&gt;&lt;return&gt;Creo formulario&lt;/return&gt;&lt;/ns1:crearFormularioPotencialResponse&gt;&lt;/soap:Body&gt;&lt;/soap:Envelope&gt;

07:06:21 190.60.213.162 desde:user/register preparando para almacenar usuario : 1014213490

07:06:21 190.60.213.162  conectando a : https://jboss2.colfuturo.org/Formulario-Interno/ServicioIntegracionPotencial?wsdl

07:06:21 190.60.213.162  enviando datos : {"numeroDocumento":"1014213490",
            "nombre":"Juan David",
            "apellido":"Hernandez Montenegro",
            "email":"judhernandezmo@unal.edu.co",
            "fechaNacimiento":"18 ene 1984",
            "ciudadResidencia":"Bogotá, Colombia",
            "genero":"M",
            "celular":"",
            "listaInteresAreaEstudio":["Ciencias Agropecuarias y del Medio Ambiente","Ciencias Básicas"],
            "listaInteresIdioma":["ingles","frances"]}

07:06:22 190.60.213.162  respuesta HTTP/1.1 200 OK
Server: Apache-Coyote/1.1
Set-Cookie: JSESSIONID=GqMYXYH6lWjVC14TD5+E4MMM.undefined; Path=/Formulario-Interno
Content-Type: text/xml;charset=ISO-8859-1
Content-Length: 297
Date: Sat, 01 Jul 2017 00:51:21 GMT
Connection: close

&lt;soap:Envelope xmlns:soap=&quot;http://schemas.xmlsoap.org/soap/envelope/&quot;&gt;&lt;soap:Body&gt;&lt;ns1:crearFormularioPotencialResponse xmlns:ns1=&quot;http://www.colfuturo.org/potencial/ws/ServicioIntegracionPotencial&quot;&gt;&lt;return&gt;Creo formulario&lt;/return&gt;&lt;/ns1:crearFormularioPotencialResponse&gt;&lt;/soap:Body&gt;&lt;/soap:Envelope&gt;

08:06:42 181.57.249.26 desde:user/register preparando para almacenar usuario : 52861673

08:06:42 181.57.249.26  conectando a : https://jboss2.colfuturo.org/Formulario-Interno/ServicioIntegracionPotencial?wsdl

08:06:42 181.57.249.26  enviando datos : {"numeroDocumento":"52861673",
            "nombre":"Yohanna Marcela",
            "apellido":"Pinzon",
            "email":"marcelitapin@yahoo.es",
            "fechaNacimiento":"18 ene 1984",
            "ciudadResidencia":"Comoras",
            "genero":"F",
            "celular":"",
            "listaInteresAreaEstudio":["Educación"],
            "listaInteresIdioma":[""]}

08:06:43 181.57.249.26  respuesta HTTP/1.1 200 OK
Server: Apache-Coyote/1.1
Set-Cookie: JSESSIONID=M1+zmEKNUWvMzE0QAVNtxWwo.undefined; Path=/Formulario-Interno
Content-Type: text/xml;charset=ISO-8859-1
Content-Length: 297
Date: Sat, 01 Jul 2017 01:25:42 GMT
Connection: close

&lt;soap:Envelope xmlns:soap=&quot;http://schemas.xmlsoap.org/soap/envelope/&quot;&gt;&lt;soap:Body&gt;&lt;ns1:crearFormularioPotencialResponse xmlns:ns1=&quot;http://www.colfuturo.org/potencial/ws/ServicioIntegracionPotencial&quot;&gt;&lt;return&gt;Creo formulario&lt;/return&gt;&lt;/ns1:crearFormularioPotencialResponse&gt;&lt;/soap:Body&gt;&lt;/soap:Envelope&gt;

08:06:39 190.26.48.185 desde:user/register preparando para almacenar usuario : 1020773524

08:06:39 190.26.48.185  conectando a : https://jboss2.colfuturo.org/Formulario-Interno/ServicioIntegracionPotencial?wsdl

08:06:39 190.26.48.185  enviando datos : {"numeroDocumento":"1020773524",
            "nombre":"Nicolás",
            "apellido":"López",
            "email":"nicolaslopez_92@hotmail.com",
            "fechaNacimiento":"18 ene 1984",
            "ciudadResidencia":"Bogotá, Colombia",
            "genero":"M",
            "celular":"",
            "listaInteresAreaEstudio":[""],
            "listaInteresIdioma":["ingles"]}

08:06:40 190.26.48.185  respuesta HTTP/1.1 200 OK
Server: Apache-Coyote/1.1
Set-Cookie: JSESSIONID=qkvjP7tGHMCrVqpMyeyY49it.undefined; Path=/Formulario-Interno
Content-Type: text/xml;charset=ISO-8859-1
Content-Length: 297
Date: Sat, 01 Jul 2017 01:26:39 GMT
Connection: close

&lt;soap:Envelope xmlns:soap=&quot;http://schemas.xmlsoap.org/soap/envelope/&quot;&gt;&lt;soap:Body&gt;&lt;ns1:crearFormularioPotencialResponse xmlns:ns1=&quot;http://www.colfuturo.org/potencial/ws/ServicioIntegracionPotencial&quot;&gt;&lt;return&gt;Creo formulario&lt;/return&gt;&lt;/ns1:crearFormularioPotencialResponse&gt;&lt;/soap:Body&gt;&lt;/soap:Envelope&gt;

08:06:58 190.255.40.77 desde:user/register preparando para almacenar usuario : 52212089

08:06:58 190.255.40.77  conectando a : https://jboss2.colfuturo.org/Formulario-Interno/ServicioIntegracionPotencial?wsdl

08:06:58 190.255.40.77  enviando datos : {"numeroDocumento":"52212089",
            "nombre":"Andrea",
            "apellido":"Castillo Niuman",
            "email":"andrunew@hotmail.com",
            "fechaNacimiento":"18 ene 1984",
            "ciudadResidencia":"Bogotá, Colombia",
            "genero":"F",
            "celular":"",
            "listaInteresAreaEstudio":["Ciencias de la Salud"],
            "listaInteresIdioma":[""]}

08:06:59 190.255.40.77  respuesta HTTP/1.1 200 OK
Server: Apache-Coyote/1.1
Set-Cookie: JSESSIONID=Dl00JG18Cb726VrdozVMDPFy.undefined; Path=/Formulario-Interno
Content-Type: text/xml;charset=ISO-8859-1
Content-Length: 297
Date: Sat, 01 Jul 2017 01:31:58 GMT
Connection: close

&lt;soap:Envelope xmlns:soap=&quot;http://schemas.xmlsoap.org/soap/envelope/&quot;&gt;&lt;soap:Body&gt;&lt;ns1:crearFormularioPotencialResponse xmlns:ns1=&quot;http://www.colfuturo.org/potencial/ws/ServicioIntegracionPotencial&quot;&gt;&lt;return&gt;Creo formulario&lt;/return&gt;&lt;/ns1:crearFormularioPotencialResponse&gt;&lt;/soap:Body&gt;&lt;/soap:Envelope&gt;

08:06:28 190.26.48.185 desde:user/162288 preparando para almacenar usuario : 1020773524

08:06:28 190.26.48.185  conectando a : https://jboss2.colfuturo.org/Formulario-Interno/ServicioIntegracionPotencial?wsdl

08:06:28 190.26.48.185  enviando datos : {"numeroDocumento":"1020773524",
            "nombre":"Nicolás",
            "apellido":"López",
            "email":"nicolaslopez_92@hotmail.com",
            "fechaNacimiento":"18 ene 1984",
            "ciudadResidencia":"Bogotá, Colombia",
            "genero":"M",
            "celular":"",
            "listaInteresAreaEstudio":[""],
            "listaInteresIdioma":["ingles"]}

08:06:28 190.26.48.185  respuesta HTTP/1.1 200 OK
Server: Apache-Coyote/1.1
Set-Cookie: JSESSIONID=bUMCfB6f2eiev0U0SpKkswRd.undefined; Path=/Formulario-Interno
Content-Type: text/xml;charset=ISO-8859-1
Content-Length: 301
Date: Sat, 01 Jul 2017 01:36:28 GMT
Connection: close

&lt;soap:Envelope xmlns:soap=&quot;http://schemas.xmlsoap.org/soap/envelope/&quot;&gt;&lt;soap:Body&gt;&lt;ns1:crearFormularioPotencialResponse xmlns:ns1=&quot;http://www.colfuturo.org/potencial/ws/ServicioIntegracionPotencial&quot;&gt;&lt;return&gt;Encontro formulario&lt;/return&gt;&lt;/ns1:crearFormularioPotencialResponse&gt;&lt;/soap:Body&gt;&lt;/soap:Envelope&gt;

