09:12:44 10.184.26.125 desde:user/register preparando para almacenar usuario : 1031157794

09:12:44 10.184.26.125  conectando a : https://jboss2.colfuturo.org/Formulario-Interno/ServicioIntegracionPotencial?wsdl

09:12:44 10.184.26.125  enviando datos : {"numeroDocumento":"1031157794",
            "nombre":"David Esteban",
            "apellido":"Barbosa Rodríguez",
            "email":"esteban1.14@hotmail.com",
            "fechaNacimiento":"15-12-2018",
            "ciudadResidencia":"Bogotá, Colombia",
            "genero":"M",
            "celular":"",
            "listaInteresAreaEstudio":["Ingeniería"],
            "listaInteresIdioma":["ingles"]}

09:12:45 10.184.26.125  respuesta HTTP/1.1 100 Continue

HTTP/1.1 200 OK
Server: nginx/1.14.0
Date: Sat, 15 Dec 2018 14:21:07 GMT
Content-Type: text/xml;charset=ISO-8859-1
Content-Length: 297
Connection: keep-alive
Vary: Accept-Encoding
Set-Cookie: JSESSIONID=kf92hls+BTYaYceXtR2dvhA2.undefined; Path=/Formulario-Interno
X-CdnHost: ns10.colfuturo.org

&lt;soap:Envelope xmlns:soap=&quot;http://schemas.xmlsoap.org/soap/envelope/&quot;&gt;&lt;soap:Body&gt;&lt;ns1:crearFormularioPotencialResponse xmlns:ns1=&quot;http://www.colfuturo.org/potencial/ws/ServicioIntegracionPotencial&quot;&gt;&lt;return&gt;Creo formulario&lt;/return&gt;&lt;/ns1:crearFormularioPotencialResponse&gt;&lt;/soap:Body&gt;&lt;/soap:Envelope&gt;

11:12:05 10.184.26.125 desde:user/register preparando para almacenar usuario : 1112784386

11:12:05 10.184.26.125  conectando a : https://jboss2.colfuturo.org/Formulario-Interno/ServicioIntegracionPotencial?wsdl

11:12:05 10.184.26.125  enviando datos : {"numeroDocumento":"1112784386",
            "nombre":"Carolina",
            "apellido":"Buitrago Echeverry",
            "email":"carolina.buitrago@ucp.edu.co",
            "fechaNacimiento":"15-12-2018",
            "ciudadResidencia":"Pereira, Risaralda, Colombia",
            "genero":"F",
            "celular":"",
            "listaInteresAreaEstudio":["Ciencias Sociales"],
            "listaInteresIdioma":["ingles"]}

11:12:06 10.184.26.125  respuesta HTTP/1.1 100 Continue

HTTP/1.1 200 OK
Server: nginx/1.14.0
Date: Sat, 15 Dec 2018 16:17:28 GMT
Content-Type: text/xml;charset=ISO-8859-1
Content-Length: 297
Connection: keep-alive
Vary: Accept-Encoding
Set-Cookie: JSESSIONID=WI3lwXyDQ-wp4sCbFm1fj+Lj.undefined; Path=/Formulario-Interno
X-CdnHost: ns10.colfuturo.org

&lt;soap:Envelope xmlns:soap=&quot;http://schemas.xmlsoap.org/soap/envelope/&quot;&gt;&lt;soap:Body&gt;&lt;ns1:crearFormularioPotencialResponse xmlns:ns1=&quot;http://www.colfuturo.org/potencial/ws/ServicioIntegracionPotencial&quot;&gt;&lt;return&gt;Creo formulario&lt;/return&gt;&lt;/ns1:crearFormularioPotencialResponse&gt;&lt;/soap:Body&gt;&lt;/soap:Envelope&gt;

11:12:22 10.184.26.125 desde:user/register preparando para almacenar usuario : 1006150712

11:12:22 10.184.26.125  conectando a : https://jboss2.colfuturo.org/Formulario-Interno/ServicioIntegracionPotencial?wsdl

11:12:22 10.184.26.125  enviando datos : {"numeroDocumento":"1006150712",
            "nombre":"Mayerly",
            "apellido":"Olaya Loaiza",
            "email":"mayerlyolaya689@gmail.com",
            "fechaNacimiento":"15-12-2018",
            "ciudadResidencia":"Bogotá, Colombia",
            "genero":"F",
            "celular":"",
            "listaInteresAreaEstudio":[""],
            "listaInteresIdioma":["ingles"]}

11:12:23 10.184.26.125  respuesta HTTP/1.1 100 Continue

HTTP/1.1 200 OK
Server: nginx/1.14.0
Date: Sat, 15 Dec 2018 16:57:45 GMT
Content-Type: text/xml;charset=ISO-8859-1
Content-Length: 297
Connection: keep-alive
Vary: Accept-Encoding
Set-Cookie: JSESSIONID=tsK4OIFoDjPoFLMvvuu761Bg.undefined; Path=/Formulario-Interno
X-CdnHost: ns10.colfuturo.org

&lt;soap:Envelope xmlns:soap=&quot;http://schemas.xmlsoap.org/soap/envelope/&quot;&gt;&lt;soap:Body&gt;&lt;ns1:crearFormularioPotencialResponse xmlns:ns1=&quot;http://www.colfuturo.org/potencial/ws/ServicioIntegracionPotencial&quot;&gt;&lt;return&gt;Creo formulario&lt;/return&gt;&lt;/ns1:crearFormularioPotencialResponse&gt;&lt;/soap:Body&gt;&lt;/soap:Envelope&gt;

12:12:09 10.184.26.125 desde:user/register preparando para almacenar usuario : 14621132

12:12:09 10.184.26.125  conectando a : https://jboss2.colfuturo.org/Formulario-Interno/ServicioIntegracionPotencial?wsdl

12:12:09 10.184.26.125  enviando datos : {"numeroDocumento":"14621132",
            "nombre":"Fernando ",
            "apellido":"Bonilla Cervera",
            "email":"fbonilla@fucsalud.edu.co",
            "fechaNacimiento":"15-12-2018",
            "ciudadResidencia":"Bogotá, Colombia",
            "genero":"M",
            "celular":"",
            "listaInteresAreaEstudio":["Ciencias de la Salud"],
            "listaInteresIdioma":[""]}

12:12:10 10.184.26.125  respuesta HTTP/1.1 100 Continue

HTTP/1.1 200 OK
Server: nginx/1.14.0
Date: Sat, 15 Dec 2018 17:40:32 GMT
Content-Type: text/xml;charset=ISO-8859-1
Content-Length: 297
Connection: keep-alive
Vary: Accept-Encoding
Set-Cookie: JSESSIONID=9wSm6fW1RR5XmTHx4b8-JtSt.undefined; Path=/Formulario-Interno
X-CdnHost: ns10.colfuturo.org

&lt;soap:Envelope xmlns:soap=&quot;http://schemas.xmlsoap.org/soap/envelope/&quot;&gt;&lt;soap:Body&gt;&lt;ns1:crearFormularioPotencialResponse xmlns:ns1=&quot;http://www.colfuturo.org/potencial/ws/ServicioIntegracionPotencial&quot;&gt;&lt;return&gt;Creo formulario&lt;/return&gt;&lt;/ns1:crearFormularioPotencialResponse&gt;&lt;/soap:Body&gt;&lt;/soap:Envelope&gt;

01:12:38 10.184.26.125 desde:user/155439 preparando para almacenar usuario : 98581820

01:12:38 10.184.26.125  conectando a : https://jboss2.colfuturo.org/Formulario-Interno/ServicioIntegracionPotencial?wsdl

01:12:38 10.184.26.125  enviando datos : {"numeroDocumento":"98581820",
            "nombre":"Juan Felipe",
            "apellido":"Gómez Velásquez",
            "email":"almantula@ymail.com",
            "fechaNacimiento":"15-12-2018",
            "ciudadResidencia":"Victoria, Columbia Británica, Canadá",
            "genero":"M",
            "celular":"",
            "listaInteresAreaEstudio":[""],
            "listaInteresIdioma":[""]}

01:12:39 10.184.26.125  respuesta HTTP/1.1 100 Continue

HTTP/1.1 200 OK
Server: nginx/1.14.0
Date: Sat, 15 Dec 2018 18:49:01 GMT
Content-Type: text/xml;charset=ISO-8859-1
Content-Length: 301
Connection: keep-alive
Vary: Accept-Encoding
Set-Cookie: JSESSIONID=jiwmUSy6oCxbJfg4YqwXQVou.undefined; Path=/Formulario-Interno
X-CdnHost: ns10.colfuturo.org

&lt;soap:Envelope xmlns:soap=&quot;http://schemas.xmlsoap.org/soap/envelope/&quot;&gt;&lt;soap:Body&gt;&lt;ns1:crearFormularioPotencialResponse xmlns:ns1=&quot;http://www.colfuturo.org/potencial/ws/ServicioIntegracionPotencial&quot;&gt;&lt;return&gt;Encontro formulario&lt;/return&gt;&lt;/ns1:crearFormularioPotencialResponse&gt;&lt;/soap:Body&gt;&lt;/soap:Envelope&gt;

01:12:14 10.184.26.125 desde:user/155439 preparando para almacenar usuario : 98581820

01:12:14 10.184.26.125  conectando a : https://jboss2.colfuturo.org/Formulario-Interno/ServicioIntegracionPotencial?wsdl

01:12:14 10.184.26.125  enviando datos : {"numeroDocumento":"98581820",
            "nombre":"Juan Felipe",
            "apellido":"Gómez Velásquez",
            "email":"almantula@ymail.com",
            "fechaNacimiento":"15-12-2018",
            "ciudadResidencia":"Victoria, Columbia Británica, Canadá",
            "genero":"M",
            "celular":"",
            "listaInteresAreaEstudio":[""],
            "listaInteresIdioma":[""]}

01:12:14 10.184.26.125  respuesta HTTP/1.1 100 Continue

HTTP/1.1 200 OK
Server: nginx/1.14.0
Date: Sat, 15 Dec 2018 18:49:36 GMT
Content-Type: text/xml;charset=ISO-8859-1
Content-Length: 301
Connection: keep-alive
Vary: Accept-Encoding
Set-Cookie: JSESSIONID=EyYdWcyD8k++-M6vN+twFknh.undefined; Path=/Formulario-Interno
X-CdnHost: ns10.colfuturo.org

&lt;soap:Envelope xmlns:soap=&quot;http://schemas.xmlsoap.org/soap/envelope/&quot;&gt;&lt;soap:Body&gt;&lt;ns1:crearFormularioPotencialResponse xmlns:ns1=&quot;http://www.colfuturo.org/potencial/ws/ServicioIntegracionPotencial&quot;&gt;&lt;return&gt;Encontro formulario&lt;/return&gt;&lt;/ns1:crearFormularioPotencialResponse&gt;&lt;/soap:Body&gt;&lt;/soap:Envelope&gt;

02:12:00 10.184.26.125 desde:user/register preparando para almacenar usuario : 1030637896

02:12:00 10.184.26.125  conectando a : https://jboss2.colfuturo.org/Formulario-Interno/ServicioIntegracionPotencial?wsdl

02:12:00 10.184.26.125  enviando datos : {"numeroDocumento":"1030637896",
            "nombre":"laura carolina",
            "apellido":"torres vargas",
            "email":"carolina.vargas13@gmail.com",
            "fechaNacimiento":"15-12-2018",
            "ciudadResidencia":"Bogotá, Colombia",
            "genero":"F",
            "celular":"",
            "listaInteresAreaEstudio":["Ciencias Sociales"],
            "listaInteresIdioma":[""]}

02:12:01 10.184.26.125  respuesta HTTP/1.1 100 Continue

HTTP/1.1 200 OK
Server: nginx/1.14.0
Date: Sat, 15 Dec 2018 19:00:23 GMT
Content-Type: text/xml;charset=ISO-8859-1
Content-Length: 297
Connection: keep-alive
Vary: Accept-Encoding
Set-Cookie: JSESSIONID=1TvY2yquUn4cyL3nqFqdM17h.undefined; Path=/Formulario-Interno
X-CdnHost: ns10.colfuturo.org

&lt;soap:Envelope xmlns:soap=&quot;http://schemas.xmlsoap.org/soap/envelope/&quot;&gt;&lt;soap:Body&gt;&lt;ns1:crearFormularioPotencialResponse xmlns:ns1=&quot;http://www.colfuturo.org/potencial/ws/ServicioIntegracionPotencial&quot;&gt;&lt;return&gt;Creo formulario&lt;/return&gt;&lt;/ns1:crearFormularioPotencialResponse&gt;&lt;/soap:Body&gt;&lt;/soap:Envelope&gt;

02:12:30 10.184.26.125 desde:user/245165 preparando para almacenar usuario : 1112784386

02:12:30 10.184.26.125  conectando a : https://jboss2.colfuturo.org/Formulario-Interno/ServicioIntegracionPotencial?wsdl

02:12:30 10.184.26.125  enviando datos : {"numeroDocumento":"1112784386",
            "nombre":"Carolina",
            "apellido":"Buitrago Echeverry",
            "email":"carolina.buitrago@ucp.edu.co",
            "fechaNacimiento":"15-12-2018",
            "ciudadResidencia":"Pereira, Risaralda, Colombia",
            "genero":"F",
            "celular":"",
            "listaInteresAreaEstudio":["Ciencias Sociales"],
            "listaInteresIdioma":["ingles"]}

02:12:30 10.184.26.125  respuesta HTTP/1.1 100 Continue

HTTP/1.1 200 OK
Server: nginx/1.14.0
Date: Sat, 15 Dec 2018 19:30:52 GMT
Content-Type: text/xml;charset=ISO-8859-1
Content-Length: 301
Connection: keep-alive
Vary: Accept-Encoding
Set-Cookie: JSESSIONID=NJaK+WQLWDmb7uGpflyAmeen.undefined; Path=/Formulario-Interno
X-CdnHost: ns10.colfuturo.org

&lt;soap:Envelope xmlns:soap=&quot;http://schemas.xmlsoap.org/soap/envelope/&quot;&gt;&lt;soap:Body&gt;&lt;ns1:crearFormularioPotencialResponse xmlns:ns1=&quot;http://www.colfuturo.org/potencial/ws/ServicioIntegracionPotencial&quot;&gt;&lt;return&gt;Encontro formulario&lt;/return&gt;&lt;/ns1:crearFormularioPotencialResponse&gt;&lt;/soap:Body&gt;&lt;/soap:Envelope&gt;

02:12:32 10.184.26.125 desde:user/register preparando para almacenar usuario : 94523368

02:12:32 10.184.26.125  conectando a : https://jboss2.colfuturo.org/Formulario-Interno/ServicioIntegracionPotencial?wsdl

02:12:32 10.184.26.125  enviando datos : {"numeroDocumento":"94523368",
            "nombre":"ALEXANDER",
            "apellido":"VALENCIA",
            "email":"profealexander1@gmail.com",
            "fechaNacimiento":"15-12-2018",
            "ciudadResidencia":"Cali, Valle del Cauca, Colombia",
            "genero":"M",
            "celular":"",
            "listaInteresAreaEstudio":["Administración y Negocios"],
            "listaInteresIdioma":[""]}

02:12:33 10.184.26.125  respuesta HTTP/1.1 100 Continue

HTTP/1.1 200 OK
Server: nginx/1.14.0
Date: Sat, 15 Dec 2018 19:37:55 GMT
Content-Type: text/xml;charset=ISO-8859-1
Content-Length: 297
Connection: keep-alive
Vary: Accept-Encoding
Set-Cookie: JSESSIONID=gcMvk3Z-J0IPq5vxRlcO6Opk.undefined; Path=/Formulario-Interno
X-CdnHost: ns10.colfuturo.org

&lt;soap:Envelope xmlns:soap=&quot;http://schemas.xmlsoap.org/soap/envelope/&quot;&gt;&lt;soap:Body&gt;&lt;ns1:crearFormularioPotencialResponse xmlns:ns1=&quot;http://www.colfuturo.org/potencial/ws/ServicioIntegracionPotencial&quot;&gt;&lt;return&gt;Creo formulario&lt;/return&gt;&lt;/ns1:crearFormularioPotencialResponse&gt;&lt;/soap:Body&gt;&lt;/soap:Envelope&gt;

06:12:09 10.184.26.125 desde:user/register preparando para almacenar usuario : 1110529212

06:12:09 10.184.26.125  conectando a : https://jboss2.colfuturo.org/Formulario-Interno/ServicioIntegracionPotencial?wsdl

06:12:09 10.184.26.125  enviando datos : {"numeroDocumento":"1110529212",
            "nombre":"Gabriela",
            "apellido":"Delgado Morales",
            "email":"gabrieladelgado01@hotmail.com",
            "fechaNacimiento":"15-12-2018",
            "ciudadResidencia":"Bogotá, Colombia",
            "genero":"F",
            "celular":"",
            "listaInteresAreaEstudio":["Administración y Negocios"],
            "listaInteresIdioma":[""]}

06:12:10 10.184.26.125  respuesta HTTP/1.1 100 Continue

HTTP/1.1 200 OK
Server: nginx/1.14.0
Date: Sat, 15 Dec 2018 23:54:32 GMT
Content-Type: text/xml;charset=ISO-8859-1
Content-Length: 297
Connection: keep-alive
Vary: Accept-Encoding
Set-Cookie: JSESSIONID=OdoM2slz-DuIHXuqlXWGR67o.undefined; Path=/Formulario-Interno
X-CdnHost: ns10.colfuturo.org

&lt;soap:Envelope xmlns:soap=&quot;http://schemas.xmlsoap.org/soap/envelope/&quot;&gt;&lt;soap:Body&gt;&lt;ns1:crearFormularioPotencialResponse xmlns:ns1=&quot;http://www.colfuturo.org/potencial/ws/ServicioIntegracionPotencial&quot;&gt;&lt;return&gt;Creo formulario&lt;/return&gt;&lt;/ns1:crearFormularioPotencialResponse&gt;&lt;/soap:Body&gt;&lt;/soap:Envelope&gt;

08:12:40 10.184.26.125 desde:user/register preparando para almacenar usuario : 1030615576

08:12:40 10.184.26.125  conectando a : https://jboss2.colfuturo.org/Formulario-Interno/ServicioIntegracionPotencial?wsdl

08:12:40 10.184.26.125  enviando datos : {"numeroDocumento":"1030615576",
            "nombre":"Claudia Roxanne",
            "apellido":"Villanueva Vasquez",
            "email":"crvillanueva@ut.edu.co",
            "fechaNacimiento":"15-12-2018",
            "ciudadResidencia":"Bogotá, Colombia",
            "genero":"F",
            "celular":"",
            "listaInteresAreaEstudio":["Educación"],
            "listaInteresIdioma":[""]}

08:12:40 10.184.26.125  respuesta HTTP/1.1 100 Continue

HTTP/1.1 200 OK
Server: nginx/1.14.0
Date: Sun, 16 Dec 2018 01:54:02 GMT
Content-Type: text/xml;charset=ISO-8859-1
Content-Length: 297
Connection: keep-alive
Vary: Accept-Encoding
Set-Cookie: JSESSIONID=h9ie9Ctyz6FOCSFWol1uoToz.undefined; Path=/Formulario-Interno
X-CdnHost: ns10.colfuturo.org

&lt;soap:Envelope xmlns:soap=&quot;http://schemas.xmlsoap.org/soap/envelope/&quot;&gt;&lt;soap:Body&gt;&lt;ns1:crearFormularioPotencialResponse xmlns:ns1=&quot;http://www.colfuturo.org/potencial/ws/ServicioIntegracionPotencial&quot;&gt;&lt;return&gt;Creo formulario&lt;/return&gt;&lt;/ns1:crearFormularioPotencialResponse&gt;&lt;/soap:Body&gt;&lt;/soap:Envelope&gt;

10:12:53 10.184.26.125 desde:user/register preparando para almacenar usuario : 1144080225

10:12:53 10.184.26.125  conectando a : https://jboss2.colfuturo.org/Formulario-Interno/ServicioIntegracionPotencial?wsdl

10:12:53 10.184.26.125  enviando datos : {"numeroDocumento":"1144080225",
            "nombre":"Sugey Vanessa ",
            "apellido":"Vallejo Camacho",
            "email":"svvc-04@hotmail.com",
            "fechaNacimiento":"15-12-2018",
            "ciudadResidencia":"Buenaventura, Valle del Cauca, Colombia",
            "genero":"F",
            "celular":"",
            "listaInteresAreaEstudio":["Administración y Negocios","Ciencias Agropecuarias y del Medio Ambiente","Economía","Ingeniería"],
            "listaInteresIdioma":["ingles","frances"]}

10:12:54 10.184.26.125  respuesta HTTP/1.1 100 Continue

HTTP/1.1 200 OK
Server: nginx/1.14.0
Date: Sun, 16 Dec 2018 03:25:16 GMT
Content-Type: text/xml;charset=ISO-8859-1
Content-Length: 297
Connection: keep-alive
Vary: Accept-Encoding
Set-Cookie: JSESSIONID=hNdNLhlfaLyIlvHFPkUfVwqW.undefined; Path=/Formulario-Interno
X-CdnHost: ns10.colfuturo.org

&lt;soap:Envelope xmlns:soap=&quot;http://schemas.xmlsoap.org/soap/envelope/&quot;&gt;&lt;soap:Body&gt;&lt;ns1:crearFormularioPotencialResponse xmlns:ns1=&quot;http://www.colfuturo.org/potencial/ws/ServicioIntegracionPotencial&quot;&gt;&lt;return&gt;Creo formulario&lt;/return&gt;&lt;/ns1:crearFormularioPotencialResponse&gt;&lt;/soap:Body&gt;&lt;/soap:Envelope&gt;

10:12:00 10.184.26.125 desde:user/245217 preparando para almacenar usuario : 1144080225

10:12:00 10.184.26.125  conectando a : https://jboss2.colfuturo.org/Formulario-Interno/ServicioIntegracionPotencial?wsdl

10:12:00 10.184.26.125  enviando datos : {"numeroDocumento":"1144080225",
            "nombre":"Sugey Vanessa ",
            "apellido":"Vallejo Camacho",
            "email":"svvc-04@hotmail.com",
            "fechaNacimiento":"15-12-2018",
            "ciudadResidencia":"Buenaventura, Valle del Cauca, Colombia",
            "genero":"F",
            "celular":"",
            "listaInteresAreaEstudio":["Administración y Negocios","Ciencias Agropecuarias y del Medio Ambiente","Economía","Ingeniería"],
            "listaInteresIdioma":["ingles","frances"]}

10:12:01 10.184.26.125  respuesta HTTP/1.1 100 Continue

HTTP/1.1 200 OK
Server: nginx/1.14.0
Date: Sun, 16 Dec 2018 03:32:22 GMT
Content-Type: text/xml;charset=ISO-8859-1
Content-Length: 301
Connection: keep-alive
Vary: Accept-Encoding
Set-Cookie: JSESSIONID=3LXbbcb1cXDcUyrn39JNdVue.undefined; Path=/Formulario-Interno
X-CdnHost: ns10.colfuturo.org

&lt;soap:Envelope xmlns:soap=&quot;http://schemas.xmlsoap.org/soap/envelope/&quot;&gt;&lt;soap:Body&gt;&lt;ns1:crearFormularioPotencialResponse xmlns:ns1=&quot;http://www.colfuturo.org/potencial/ws/ServicioIntegracionPotencial&quot;&gt;&lt;return&gt;Encontro formulario&lt;/return&gt;&lt;/ns1:crearFormularioPotencialResponse&gt;&lt;/soap:Body&gt;&lt;/soap:Envelope&gt;

10:12:08 10.184.26.125 desde:user/245217 preparando para almacenar usuario : 1144080225

10:12:08 10.184.26.125  conectando a : https://jboss2.colfuturo.org/Formulario-Interno/ServicioIntegracionPotencial?wsdl

10:12:08 10.184.26.125  enviando datos : {"numeroDocumento":"1144080225",
            "nombre":"Sugey Vanessa ",
            "apellido":"Vallejo Camacho",
            "email":"svvc-04@hotmail.com",
            "fechaNacimiento":"15-12-2018",
            "ciudadResidencia":"Buenaventura, Valle del Cauca, Colombia",
            "genero":"F",
            "celular":"",
            "listaInteresAreaEstudio":["Administración y Negocios","Ciencias Agropecuarias y del Medio Ambiente","Economía","Ingeniería"],
            "listaInteresIdioma":["ingles","frances"]}

10:12:08 10.184.26.125  respuesta HTTP/1.1 100 Continue

HTTP/1.1 200 OK
Server: nginx/1.14.0
Date: Sun, 16 Dec 2018 03:32:30 GMT
Content-Type: text/xml;charset=ISO-8859-1
Content-Length: 301
Connection: keep-alive
Vary: Accept-Encoding
Set-Cookie: JSESSIONID=Mg7BzNl0D9a9sLhEo68TBDW+.undefined; Path=/Formulario-Interno
X-CdnHost: ns10.colfuturo.org

&lt;soap:Envelope xmlns:soap=&quot;http://schemas.xmlsoap.org/soap/envelope/&quot;&gt;&lt;soap:Body&gt;&lt;ns1:crearFormularioPotencialResponse xmlns:ns1=&quot;http://www.colfuturo.org/potencial/ws/ServicioIntegracionPotencial&quot;&gt;&lt;return&gt;Encontro formulario&lt;/return&gt;&lt;/ns1:crearFormularioPotencialResponse&gt;&lt;/soap:Body&gt;&lt;/soap:Envelope&gt;

