12:06:27 186.155.17.58 desde:user/register preparando para almacenar usuario : 1013643847

12:06:27 186.155.17.58  conectando a : https://jboss2.colfuturo.org/Formulario-Interno/ServicioIntegracionPotencial?wsdl

12:06:27 186.155.17.58  enviando datos : {"numeroDocumento":"1013643847",
            "nombre":"Paola ",
            "apellido":"Moya",
            "email":"Paoale711@hotmail.com",
            "fechaNacimiento":"18 ene 1984",
            "ciudadResidencia":"Bogota ",
            "genero":"F",
            "celular":"",
            "listaInteresAreaEstudio":["Ciencias Agropecuarias y del Medio Ambiente","Ciencias Básicas"],
            "listaInteresIdioma":["ingles"]}

12:06:28 186.155.17.58  respuesta HTTP/1.1 200 OK
Server: Apache-Coyote/1.1
Set-Cookie: JSESSIONID=Kc9wXXwPye0krMswM8sLyCMz.undefined; Path=/Formulario-Interno
Content-Type: text/xml;charset=ISO-8859-1
Content-Length: 297
Date: Mon, 19 Jun 2017 05:50:27 GMT
Connection: close

&lt;soap:Envelope xmlns:soap=&quot;http://schemas.xmlsoap.org/soap/envelope/&quot;&gt;&lt;soap:Body&gt;&lt;ns1:crearFormularioPotencialResponse xmlns:ns1=&quot;http://www.colfuturo.org/potencial/ws/ServicioIntegracionPotencial&quot;&gt;&lt;return&gt;Creo formulario&lt;/return&gt;&lt;/ns1:crearFormularioPotencialResponse&gt;&lt;/soap:Body&gt;&lt;/soap:Envelope&gt;

01:06:12 181.61.19.199 desde:user/register preparando para almacenar usuario : 1032394367

01:06:12 181.61.19.199  conectando a : https://jboss2.colfuturo.org/Formulario-Interno/ServicioIntegracionPotencial?wsdl

01:06:12 181.61.19.199  enviando datos : {"numeroDocumento":"1032394367",
            "nombre":"Adriana",
            "apellido":"Ospitia Ferrer",
            "email":"adri.rospitia@gmail.com",
            "fechaNacimiento":"18 ene 1984",
            "ciudadResidencia":"Bogotá, Colombia",
            "genero":"F",
            "celular":"",
            "listaInteresAreaEstudio":["Ingeniería"],
            "listaInteresIdioma":[""]}

01:06:21 181.61.19.199  respuesta HTTP/1.1 200 OK
Server: Apache-Coyote/1.1
Set-Cookie: JSESSIONID=HQyavTrAjHNOZRaBlXg9IYYS.undefined; Path=/Formulario-Interno
Content-Type: text/xml;charset=ISO-8859-1
Content-Length: 297
Date: Mon, 19 Jun 2017 06:03:21 GMT
Connection: close

&lt;soap:Envelope xmlns:soap=&quot;http://schemas.xmlsoap.org/soap/envelope/&quot;&gt;&lt;soap:Body&gt;&lt;ns1:crearFormularioPotencialResponse xmlns:ns1=&quot;http://www.colfuturo.org/potencial/ws/ServicioIntegracionPotencial&quot;&gt;&lt;return&gt;Creo formulario&lt;/return&gt;&lt;/ns1:crearFormularioPotencialResponse&gt;&lt;/soap:Body&gt;&lt;/soap:Envelope&gt;

01:06:42 181.63.225.180 desde:user/register preparando para almacenar usuario : 22466953

01:06:42 181.63.225.180  conectando a : https://jboss2.colfuturo.org/Formulario-Interno/ServicioIntegracionPotencial?wsdl

01:06:42 181.63.225.180  enviando datos : {"numeroDocumento":"22466953",
            "nombre":"Indira",
            "apellido":"Macken",
            "email":"psi.indiramacken@gmail.com",
            "fechaNacimiento":"18 ene 1984",
            "ciudadResidencia":"Barranquilla, Atlántico, Colombia",
            "genero":"F",
            "celular":"",
            "listaInteresAreaEstudio":["Educación"],
            "listaInteresIdioma":[""]}

01:06:43 181.63.225.180  respuesta HTTP/1.1 200 OK
Server: Apache-Coyote/1.1
Set-Cookie: JSESSIONID=AXqn2yeY3r7J18ymRF1Ehv7j.undefined; Path=/Formulario-Interno
Content-Type: text/xml;charset=ISO-8859-1
Content-Length: 297
Date: Mon, 19 Jun 2017 06:48:42 GMT
Connection: close

&lt;soap:Envelope xmlns:soap=&quot;http://schemas.xmlsoap.org/soap/envelope/&quot;&gt;&lt;soap:Body&gt;&lt;ns1:crearFormularioPotencialResponse xmlns:ns1=&quot;http://www.colfuturo.org/potencial/ws/ServicioIntegracionPotencial&quot;&gt;&lt;return&gt;Creo formulario&lt;/return&gt;&lt;/ns1:crearFormularioPotencialResponse&gt;&lt;/soap:Body&gt;&lt;/soap:Envelope&gt;

02:06:40 82.47.228.68 desde:user/110475 preparando para almacenar usuario : 1037606914

02:06:40 82.47.228.68  conectando a : https://jboss2.colfuturo.org/Formulario-Interno/ServicioIntegracionPotencial?wsdl

02:06:40 82.47.228.68  enviando datos : {"numeroDocumento":"1037606914",
            "nombre":"Sara",
            "apellido":"Vélez Posada",
            "email":"saravelezp3@gmail.com",
            "fechaNacimiento":"18 ene 1984",
            "ciudadResidencia":"Medellín, Antioquia, Colombia",
            "genero":"F",
            "celular":"",
            "listaInteresAreaEstudio":[""],
            "listaInteresIdioma":[""]}

02:06:40 82.47.228.68  respuesta HTTP/1.1 200 OK
Server: Apache-Coyote/1.1
Set-Cookie: JSESSIONID=fAKLwMAzhCcDekT8oNbfA3Ha.undefined; Path=/Formulario-Interno
Content-Type: text/xml;charset=ISO-8859-1
Content-Length: 301
Date: Mon, 19 Jun 2017 07:38:40 GMT
Connection: close

&lt;soap:Envelope xmlns:soap=&quot;http://schemas.xmlsoap.org/soap/envelope/&quot;&gt;&lt;soap:Body&gt;&lt;ns1:crearFormularioPotencialResponse xmlns:ns1=&quot;http://www.colfuturo.org/potencial/ws/ServicioIntegracionPotencial&quot;&gt;&lt;return&gt;Encontro formulario&lt;/return&gt;&lt;/ns1:crearFormularioPotencialResponse&gt;&lt;/soap:Body&gt;&lt;/soap:Envelope&gt;

03:06:57 93.208.24.28 desde:user/register preparando para almacenar usuario : 46376883

03:06:57 93.208.24.28  conectando a : https://jboss2.colfuturo.org/Formulario-Interno/ServicioIntegracionPotencial?wsdl

03:06:57 93.208.24.28  enviando datos : {"numeroDocumento":"46376883",
            "nombre":"Paola Andrea ",
            "apellido":"Corredor Delgado",
            "email":"paola.corredor@gmx.de",
            "fechaNacimiento":"18 ene 1984",
            "ciudadResidencia":"Witzenhausen, Alemania",
            "genero":"F",
            "celular":"",
            "listaInteresAreaEstudio":["Ciencias Agropecuarias y del Medio Ambiente"],
            "listaInteresIdioma":[""]}

03:06:18 93.208.24.28  client->fault: 

03:06:18 93.208.24.28  respuesta HTTP/1.1 500 Internal Server Error
Server: Apache-Coyote/1.1
Set-Cookie: JSESSIONID=YwuazPjsWKzt8sCHFhOP0cjT.undefined; Path=/Formulario-Interno
Content-Type: text/xml;charset=ISO-8859-1
Content-Length: 431
Date: Mon, 19 Jun 2017 08:28:18 GMT
Connection: close

&lt;soap:Envelope xmlns:soap=&quot;http://schemas.xmlsoap.org/soap/envelope/&quot;&gt;&lt;soap:Body&gt;&lt;soap:Fault&gt;&lt;faultcode&gt;soap:Server&lt;/faultcode&gt;&lt;faultstring&gt;org.colfuturo.business.exception.BusinessException: Error guardarDatosPersonales [org.colfuturo.formulario.model.to.FormularioTO id [100356] fechaActualizacion [Mon Jun 19 03:27:59 COT 2017] fechaCreacion [Mon Jun 19 03:27:59 COT 2017]]&lt;/faultstring&gt;&lt;/soap:Fault&gt;&lt;/soap:Body&gt;&lt;/soap:Envelope&gt;

06:06:55 186.29.174.130 desde:user/register preparando para almacenar usuario : 80040260

06:06:55 186.29.174.130  conectando a : https://jboss2.colfuturo.org/Formulario-Interno/ServicioIntegracionPotencial?wsdl

06:06:55 186.29.174.130  enviando datos : {"numeroDocumento":"80040260",
            "nombre":"Nicolas",
            "apellido":"Monroy",
            "email":"naxmon@gmail.com",
            "fechaNacimiento":"18 ene 1984",
            "ciudadResidencia":"Colombia",
            "genero":"M",
            "celular":"",
            "listaInteresAreaEstudio":["Ingeniería"],
            "listaInteresIdioma":[""]}

06:06:56 186.29.174.130  respuesta HTTP/1.1 200 OK
Server: Apache-Coyote/1.1
Set-Cookie: JSESSIONID=ra-pLW0pRIHEZOPgd2iHonXl.undefined; Path=/Formulario-Interno
Content-Type: text/xml;charset=ISO-8859-1
Content-Length: 297
Date: Mon, 19 Jun 2017 11:21:56 GMT
Connection: close

&lt;soap:Envelope xmlns:soap=&quot;http://schemas.xmlsoap.org/soap/envelope/&quot;&gt;&lt;soap:Body&gt;&lt;ns1:crearFormularioPotencialResponse xmlns:ns1=&quot;http://www.colfuturo.org/potencial/ws/ServicioIntegracionPotencial&quot;&gt;&lt;return&gt;Creo formulario&lt;/return&gt;&lt;/ns1:crearFormularioPotencialResponse&gt;&lt;/soap:Body&gt;&lt;/soap:Envelope&gt;

06:06:24 130.75.173.153 desde:user/register preparando para almacenar usuario : 1072660946

06:06:24 130.75.173.153  conectando a : https://jboss2.colfuturo.org/Formulario-Interno/ServicioIntegracionPotencial?wsdl

06:06:24 130.75.173.153  enviando datos : {"numeroDocumento":"1072660946",
            "nombre":"Julián ",
            "apellido":"Ramos",
            "email":"Jumramosma@unal.edu.co",
            "fechaNacimiento":"18 ene 1984",
            "ciudadResidencia":"Chía, Cundinamarca, Colombia",
            "genero":"M",
            "celular":"",
            "listaInteresAreaEstudio":["Arquitectura y Diseño"],
            "listaInteresIdioma":["ingles"]}

06:06:26 130.75.173.153  respuesta HTTP/1.1 200 OK
Server: Apache-Coyote/1.1
Set-Cookie: JSESSIONID=OWnhpxE1qbvNXG3W91iqTtg5.undefined; Path=/Formulario-Interno
Content-Type: text/xml;charset=ISO-8859-1
Content-Length: 297
Date: Mon, 19 Jun 2017 11:42:26 GMT
Connection: close

&lt;soap:Envelope xmlns:soap=&quot;http://schemas.xmlsoap.org/soap/envelope/&quot;&gt;&lt;soap:Body&gt;&lt;ns1:crearFormularioPotencialResponse xmlns:ns1=&quot;http://www.colfuturo.org/potencial/ws/ServicioIntegracionPotencial&quot;&gt;&lt;return&gt;Creo formulario&lt;/return&gt;&lt;/ns1:crearFormularioPotencialResponse&gt;&lt;/soap:Body&gt;&lt;/soap:Envelope&gt;

07:06:05 190.184.137.131 desde:user/138482 preparando para almacenar usuario : 91075647

07:06:05 190.184.137.131  conectando a : https://jboss2.colfuturo.org/Formulario-Interno/ServicioIntegracionPotencial?wsdl

07:06:05 190.184.137.131  enviando datos : {"numeroDocumento":"91075647",
            "nombre":"john fabio ",
            "apellido":"prada suarez",
            "email":"fabioprada@yahoo.com",
            "fechaNacimiento":"18 ene 1984",
            "ciudadResidencia":"Bucaramanga - Santander, Colombia",
            "genero":"M",
            "celular":"",
            "listaInteresAreaEstudio":["Ciencias Políticas y Relaciones Internacionales","Economía"],
            "listaInteresIdioma":["ingles"]}

07:06:05 190.184.137.131  respuesta HTTP/1.1 200 OK
Server: Apache-Coyote/1.1
Set-Cookie: JSESSIONID=GX9FdjbfUg8Goaf1Oq0MA+Cq.undefined; Path=/Formulario-Interno
Content-Type: text/xml;charset=ISO-8859-1
Content-Length: 301
Date: Mon, 19 Jun 2017 12:51:05 GMT
Connection: close

&lt;soap:Envelope xmlns:soap=&quot;http://schemas.xmlsoap.org/soap/envelope/&quot;&gt;&lt;soap:Body&gt;&lt;ns1:crearFormularioPotencialResponse xmlns:ns1=&quot;http://www.colfuturo.org/potencial/ws/ServicioIntegracionPotencial&quot;&gt;&lt;return&gt;Encontro formulario&lt;/return&gt;&lt;/ns1:crearFormularioPotencialResponse&gt;&lt;/soap:Body&gt;&lt;/soap:Envelope&gt;

08:06:18 152.74.16.171 desde:user/75435 preparando para almacenar usuario : 80169920

08:06:18 152.74.16.171  conectando a : https://jboss2.colfuturo.org/Formulario-Interno/ServicioIntegracionPotencial?wsdl

08:06:18 152.74.16.171  enviando datos : {"numeroDocumento":"80169920",
            "nombre":"Carlos Yecid",
            "apellido":"Bernal Cardenas",
            "email":"cybernalc@unal.edu.co",
            "fechaNacimiento":"18 ene 1984",
            "ciudadResidencia":"",
            "genero":"M",
            "celular":"",
            "listaInteresAreaEstudio":["Ciencias de la Salud"],
            "listaInteresIdioma":[""]}

08:06:18 152.74.16.171  respuesta HTTP/1.1 200 OK
Server: Apache-Coyote/1.1
Set-Cookie: JSESSIONID=F1KDOFJnAhRGP3+dr4KYW7oH.undefined; Path=/Formulario-Interno
Content-Type: text/xml;charset=ISO-8859-1
Content-Length: 301
Date: Mon, 19 Jun 2017 13:35:18 GMT
Connection: close

&lt;soap:Envelope xmlns:soap=&quot;http://schemas.xmlsoap.org/soap/envelope/&quot;&gt;&lt;soap:Body&gt;&lt;ns1:crearFormularioPotencialResponse xmlns:ns1=&quot;http://www.colfuturo.org/potencial/ws/ServicioIntegracionPotencial&quot;&gt;&lt;return&gt;Encontro formulario&lt;/return&gt;&lt;/ns1:crearFormularioPotencialResponse&gt;&lt;/soap:Body&gt;&lt;/soap:Envelope&gt;

09:06:07 181.159.118.120 desde:user/160475 preparando para almacenar usuario : 52467395

09:06:07 181.159.118.120  conectando a : https://jboss2.colfuturo.org/Formulario-Interno/ServicioIntegracionPotencial?wsdl

09:06:07 181.159.118.120  enviando datos : {"numeroDocumento":"52467395",
            "nombre":"Diana Marcela ",
            "apellido":"Ramos Garzón",
            "email":"marcera02@hotmail.com",
            "fechaNacimiento":"18 ene 1984",
            "ciudadResidencia":"Bogotá, Colombia",
            "genero":"F",
            "celular":"",
            "listaInteresAreaEstudio":["Ciencias Políticas y Relaciones Internacionales"],
            "listaInteresIdioma":["ingles","frances"]}

09:06:07 181.159.118.120  respuesta HTTP/1.1 200 OK
Server: Apache-Coyote/1.1
Set-Cookie: JSESSIONID=CYYnJJrZPMX0G2RjQy+Lb68J.undefined; Path=/Formulario-Interno
Content-Type: text/xml;charset=ISO-8859-1
Content-Length: 301
Date: Mon, 19 Jun 2017 14:00:07 GMT
Connection: close

&lt;soap:Envelope xmlns:soap=&quot;http://schemas.xmlsoap.org/soap/envelope/&quot;&gt;&lt;soap:Body&gt;&lt;ns1:crearFormularioPotencialResponse xmlns:ns1=&quot;http://www.colfuturo.org/potencial/ws/ServicioIntegracionPotencial&quot;&gt;&lt;return&gt;Encontro formulario&lt;/return&gt;&lt;/ns1:crearFormularioPotencialResponse&gt;&lt;/soap:Body&gt;&lt;/soap:Envelope&gt;

10:06:27 77.181.32.219 desde:user/98859 preparando para almacenar usuario : 1010194328

10:06:27 77.181.32.219  conectando a : https://jboss2.colfuturo.org/Formulario-Interno/ServicioIntegracionPotencial?wsdl

10:06:27 77.181.32.219  enviando datos : {"numeroDocumento":"1010194328",
            "nombre":"Ana Maria",
            "apellido":"Jimenez ",
            "email":"ing.anamjimenezr@gmail.com",
            "fechaNacimiento":"18 ene 1984",
            "ciudadResidencia":"",
            "genero":"F",
            "celular":"",
            "listaInteresAreaEstudio":["Ingeniería"],
            "listaInteresIdioma":[""]}

10:06:27 77.181.32.219  respuesta HTTP/1.1 200 OK
Server: Apache-Coyote/1.1
Set-Cookie: JSESSIONID=e5cSg6h0KWIipd+3Ty9QhYvk.undefined; Path=/Formulario-Interno
Content-Type: text/xml;charset=ISO-8859-1
Content-Length: 301
Date: Mon, 19 Jun 2017 15:06:27 GMT
Connection: close

&lt;soap:Envelope xmlns:soap=&quot;http://schemas.xmlsoap.org/soap/envelope/&quot;&gt;&lt;soap:Body&gt;&lt;ns1:crearFormularioPotencialResponse xmlns:ns1=&quot;http://www.colfuturo.org/potencial/ws/ServicioIntegracionPotencial&quot;&gt;&lt;return&gt;Encontro formulario&lt;/return&gt;&lt;/ns1:crearFormularioPotencialResponse&gt;&lt;/soap:Body&gt;&lt;/soap:Envelope&gt;

10:06:03 190.2.62.185 desde:user/161164 preparando para almacenar usuario : 80815284

10:06:03 190.2.62.185  conectando a : https://jboss2.colfuturo.org/Formulario-Interno/ServicioIntegracionPotencial?wsdl

10:06:03 190.2.62.185  enviando datos : {"numeroDocumento":"80815284",
            "nombre":"Faber Andrés",
            "apellido":"Lasso Pico",
            "email":"f.lassopico@gmail.com",
            "fechaNacimiento":"18 ene 1984",
            "ciudadResidencia":"Buenos Aires, CABA, Argentina",
            "genero":"M",
            "celular":"",
            "listaInteresAreaEstudio":[""],
            "listaInteresIdioma":["ingles"]}

10:06:03 190.2.62.185  respuesta HTTP/1.1 200 OK
Server: Apache-Coyote/1.1
Set-Cookie: JSESSIONID=YWXsGya36J19YEtoGFkyMSJh.undefined; Path=/Formulario-Interno
Content-Type: text/xml;charset=ISO-8859-1
Content-Length: 301
Date: Mon, 19 Jun 2017 15:19:03 GMT
Connection: close

&lt;soap:Envelope xmlns:soap=&quot;http://schemas.xmlsoap.org/soap/envelope/&quot;&gt;&lt;soap:Body&gt;&lt;ns1:crearFormularioPotencialResponse xmlns:ns1=&quot;http://www.colfuturo.org/potencial/ws/ServicioIntegracionPotencial&quot;&gt;&lt;return&gt;Encontro formulario&lt;/return&gt;&lt;/ns1:crearFormularioPotencialResponse&gt;&lt;/soap:Body&gt;&lt;/soap:Envelope&gt;

11:06:19 152.200.8.120 desde:user/register preparando para almacenar usuario : 1116131551

11:06:19 152.200.8.120  conectando a : https://jboss2.colfuturo.org/Formulario-Interno/ServicioIntegracionPotencial?wsdl

11:06:19 152.200.8.120  enviando datos : {"numeroDocumento":"1116131551",
            "nombre":"OSCAR ALBERTO ",
            "apellido":"Gomez Montes ",
            "email":"gomez_montesoscar@hotmail.com",
            "fechaNacimiento":"18 ene 1984",
            "ciudadResidencia":"Cali ",
            "genero":"M",
            "celular":"",
            "listaInteresAreaEstudio":["Arquitectura y Diseño","Ingeniería"],
            "listaInteresIdioma":["ingles"]}

11:06:20 152.200.8.120  respuesta HTTP/1.1 200 OK
Server: Apache-Coyote/1.1
Set-Cookie: JSESSIONID=IWVzzRSNrxjX1MoVUcZVz7Li.undefined; Path=/Formulario-Interno
Content-Type: text/xml;charset=ISO-8859-1
Content-Length: 297
Date: Mon, 19 Jun 2017 16:32:20 GMT
Connection: close

&lt;soap:Envelope xmlns:soap=&quot;http://schemas.xmlsoap.org/soap/envelope/&quot;&gt;&lt;soap:Body&gt;&lt;ns1:crearFormularioPotencialResponse xmlns:ns1=&quot;http://www.colfuturo.org/potencial/ws/ServicioIntegracionPotencial&quot;&gt;&lt;return&gt;Creo formulario&lt;/return&gt;&lt;/ns1:crearFormularioPotencialResponse&gt;&lt;/soap:Body&gt;&lt;/soap:Envelope&gt;

11:06:25 98.14.201.1 desde:user/register preparando para almacenar usuario : 1143842069

11:06:25 98.14.201.1  conectando a : https://jboss2.colfuturo.org/Formulario-Interno/ServicioIntegracionPotencial?wsdl

11:06:25 98.14.201.1  enviando datos : {"numeroDocumento":"1143842069",
            "nombre":"Diego",
            "apellido":"Ramirez",
            "email":"dframirez19@hotmail.com",
            "fechaNacimiento":"18 ene 1984",
            "ciudadResidencia":"Cali, Valle del Cauca, Colombia",
            "genero":"M",
            "celular":"",
            "listaInteresAreaEstudio":["Ingeniería"],
            "listaInteresIdioma":["ingles"]}

11:06:26 98.14.201.1  respuesta HTTP/1.1 200 OK
Server: Apache-Coyote/1.1
Set-Cookie: JSESSIONID=RJ7YOzrx4Xv6bnUAnwk+7R6F.undefined; Path=/Formulario-Interno
Content-Type: text/xml;charset=ISO-8859-1
Content-Length: 297
Date: Mon, 19 Jun 2017 16:32:26 GMT
Connection: close

&lt;soap:Envelope xmlns:soap=&quot;http://schemas.xmlsoap.org/soap/envelope/&quot;&gt;&lt;soap:Body&gt;&lt;ns1:crearFormularioPotencialResponse xmlns:ns1=&quot;http://www.colfuturo.org/potencial/ws/ServicioIntegracionPotencial&quot;&gt;&lt;return&gt;Creo formulario&lt;/return&gt;&lt;/ns1:crearFormularioPotencialResponse&gt;&lt;/soap:Body&gt;&lt;/soap:Envelope&gt;

11:06:48 152.201.216.204 desde:user/160111 preparando para almacenar usuario : 79287355

11:06:48 152.201.216.204  conectando a : https://jboss2.colfuturo.org/Formulario-Interno/ServicioIntegracionPotencial?wsdl

11:06:48 152.201.216.204  enviando datos : {"numeroDocumento":"79287355",
            "nombre":"Jorge Albeeto",
            "apellido":"Gomez",
            "email":"jota.gl@hotmail.com",
            "fechaNacimiento":"18 ene 1984",
            "ciudadResidencia":"Bogotá, Colombia",
            "genero":"M",
            "celular":"",
            "listaInteresAreaEstudio":[""],
            "listaInteresIdioma":["ingles"]}

11:06:49 152.201.216.204  respuesta HTTP/1.1 200 OK
Server: Apache-Coyote/1.1
Set-Cookie: JSESSIONID=x4HaroD1p-5nveS2LjgzOg0t.undefined; Path=/Formulario-Interno
Content-Type: text/xml;charset=ISO-8859-1
Content-Length: 301
Date: Mon, 19 Jun 2017 16:40:48 GMT
Connection: close

&lt;soap:Envelope xmlns:soap=&quot;http://schemas.xmlsoap.org/soap/envelope/&quot;&gt;&lt;soap:Body&gt;&lt;ns1:crearFormularioPotencialResponse xmlns:ns1=&quot;http://www.colfuturo.org/potencial/ws/ServicioIntegracionPotencial&quot;&gt;&lt;return&gt;Encontro formulario&lt;/return&gt;&lt;/ns1:crearFormularioPotencialResponse&gt;&lt;/soap:Body&gt;&lt;/soap:Envelope&gt;

11:06:14 190.217.96.82 desde:user/register preparando para almacenar usuario : 52647032

11:06:14 190.217.96.82  conectando a : https://jboss2.colfuturo.org/Formulario-Interno/ServicioIntegracionPotencial?wsdl

11:06:14 190.217.96.82  enviando datos : {"numeroDocumento":"52647032",
            "nombre":"Solangel ",
            "apellido":"Zamudio",
            "email":"Lvmz2016@gmail.com",
            "fechaNacimiento":"18 ene 1984",
            "ciudadResidencia":"Bogotá, Colombia",
            "genero":"F",
            "celular":"",
            "listaInteresAreaEstudio":["Ciencias de la Salud"],
            "listaInteresIdioma":[""]}

11:06:14 190.217.96.82  respuesta HTTP/1.1 200 OK
Server: Apache-Coyote/1.1
Set-Cookie: JSESSIONID=EDcaMKbe9RLfzOjCWI04bA7g.undefined; Path=/Formulario-Interno
Content-Type: text/xml;charset=ISO-8859-1
Content-Length: 297
Date: Mon, 19 Jun 2017 16:51:14 GMT
Connection: close

&lt;soap:Envelope xmlns:soap=&quot;http://schemas.xmlsoap.org/soap/envelope/&quot;&gt;&lt;soap:Body&gt;&lt;ns1:crearFormularioPotencialResponse xmlns:ns1=&quot;http://www.colfuturo.org/potencial/ws/ServicioIntegracionPotencial&quot;&gt;&lt;return&gt;Creo formulario&lt;/return&gt;&lt;/ns1:crearFormularioPotencialResponse&gt;&lt;/soap:Body&gt;&lt;/soap:Envelope&gt;

01:06:57 201.185.65.124 desde:user/register preparando para almacenar usuario : 1098793676

01:06:57 201.185.65.124  conectando a : https://jboss2.colfuturo.org/Formulario-Interno/ServicioIntegracionPotencial?wsdl

01:06:57 201.185.65.124  enviando datos : {"numeroDocumento":"1098793676",
            "nombre":"Maria camila",
            "apellido":"Landinez salcedo",
            "email":"Camila_landinez@hotmail.com",
            "fechaNacimiento":"18 ene 1984",
            "ciudadResidencia":"Bucaramanga",
            "genero":"F",
            "celular":"",
            "listaInteresAreaEstudio":["Administración y Negocios","Economía"],
            "listaInteresIdioma":["ingles"]}

01:06:58 201.185.65.124  respuesta HTTP/1.1 200 OK
Server: Apache-Coyote/1.1
Set-Cookie: JSESSIONID=gMlE-6IV7dqSHCzcjV+dizJo.undefined; Path=/Formulario-Interno
Content-Type: text/xml;charset=ISO-8859-1
Content-Length: 297
Date: Mon, 19 Jun 2017 18:06:57 GMT
Connection: close

&lt;soap:Envelope xmlns:soap=&quot;http://schemas.xmlsoap.org/soap/envelope/&quot;&gt;&lt;soap:Body&gt;&lt;ns1:crearFormularioPotencialResponse xmlns:ns1=&quot;http://www.colfuturo.org/potencial/ws/ServicioIntegracionPotencial&quot;&gt;&lt;return&gt;Creo formulario&lt;/return&gt;&lt;/ns1:crearFormularioPotencialResponse&gt;&lt;/soap:Body&gt;&lt;/soap:Envelope&gt;

01:06:01 190.159.80.150 desde:user/register preparando para almacenar usuario : 1088327047

01:06:01 190.159.80.150  conectando a : https://jboss2.colfuturo.org/Formulario-Interno/ServicioIntegracionPotencial?wsdl

01:06:01 190.159.80.150  enviando datos : {"numeroDocumento":"1088327047",
            "nombre":"Juan Diego",
            "apellido":"Betancur Grajales",
            "email":"juandiego9530@gmail.com",
            "fechaNacimiento":"18 ene 1984",
            "ciudadResidencia":"Dosquebradas, Risaralda, Colombia",
            "genero":"M",
            "celular":"",
            "listaInteresAreaEstudio":["Administración y Negocios","Ciencias Políticas y Relaciones Internacionales","Ciencias Sociales","Economía"],
            "listaInteresIdioma":["ingles","frances"]}

01:06:01 190.159.80.150  respuesta HTTP/1.1 200 OK
Server: Apache-Coyote/1.1
Set-Cookie: JSESSIONID=Rl5usspYfydWKskkB1MVz6gG.undefined; Path=/Formulario-Interno
Content-Type: text/xml;charset=ISO-8859-1
Content-Length: 297
Date: Mon, 19 Jun 2017 18:27:01 GMT
Connection: close

&lt;soap:Envelope xmlns:soap=&quot;http://schemas.xmlsoap.org/soap/envelope/&quot;&gt;&lt;soap:Body&gt;&lt;ns1:crearFormularioPotencialResponse xmlns:ns1=&quot;http://www.colfuturo.org/potencial/ws/ServicioIntegracionPotencial&quot;&gt;&lt;return&gt;Creo formulario&lt;/return&gt;&lt;/ns1:crearFormularioPotencialResponse&gt;&lt;/soap:Body&gt;&lt;/soap:Envelope&gt;

01:06:38 158.121.249.22 desde:user/register preparando para almacenar usuario : 1144054323

01:06:38 158.121.249.22  conectando a : https://jboss2.colfuturo.org/Formulario-Interno/ServicioIntegracionPotencial?wsdl

01:06:38 158.121.249.22  enviando datos : {"numeroDocumento":"1144054323",
            "nombre":"Marlyn sofia",
            "apellido":"Buritica",
            "email":"msofiaburitica@gmail.com",
            "fechaNacimiento":"18 ene 1984",
            "ciudadResidencia":"Colombia",
            "genero":"F",
            "celular":"",
            "listaInteresAreaEstudio":["Derecho"],
            "listaInteresIdioma":["ingles"]}

01:06:39 158.121.249.22  respuesta HTTP/1.1 200 OK
Server: Apache-Coyote/1.1
Set-Cookie: JSESSIONID=oPRfO-fmZlQAWd0Pc3-jqWTV.undefined; Path=/Formulario-Interno
Content-Type: text/xml;charset=ISO-8859-1
Content-Length: 297
Date: Mon, 19 Jun 2017 18:57:39 GMT
Connection: close

&lt;soap:Envelope xmlns:soap=&quot;http://schemas.xmlsoap.org/soap/envelope/&quot;&gt;&lt;soap:Body&gt;&lt;ns1:crearFormularioPotencialResponse xmlns:ns1=&quot;http://www.colfuturo.org/potencial/ws/ServicioIntegracionPotencial&quot;&gt;&lt;return&gt;Creo formulario&lt;/return&gt;&lt;/ns1:crearFormularioPotencialResponse&gt;&lt;/soap:Body&gt;&lt;/soap:Envelope&gt;

02:06:06 186.154.36.96 desde:user/register preparando para almacenar usuario : 99090908096

02:06:06 186.154.36.96  conectando a : https://jboss2.colfuturo.org/Formulario-Interno/ServicioIntegracionPotencial?wsdl

02:06:06 186.154.36.96  enviando datos : {"numeroDocumento":"99090908096",
            "nombre":"Melissa Fernanda",
            "apellido":"Cubides",
            "email":"melissafernandacubides@gmail.com",
            "fechaNacimiento":"18 ene 1984",
            "ciudadResidencia":"Bogotá, Colombia",
            "genero":"F",
            "celular":"",
            "listaInteresAreaEstudio":[""],
            "listaInteresIdioma":["ingles"]}

02:06:07 186.154.36.96  respuesta HTTP/1.1 200 OK
Server: Apache-Coyote/1.1
Set-Cookie: JSESSIONID=cQly6GsaeAG6bjoMTcAHpE-Z.undefined; Path=/Formulario-Interno
Content-Type: text/xml;charset=ISO-8859-1
Content-Length: 297
Date: Mon, 19 Jun 2017 19:39:06 GMT
Connection: close

&lt;soap:Envelope xmlns:soap=&quot;http://schemas.xmlsoap.org/soap/envelope/&quot;&gt;&lt;soap:Body&gt;&lt;ns1:crearFormularioPotencialResponse xmlns:ns1=&quot;http://www.colfuturo.org/potencial/ws/ServicioIntegracionPotencial&quot;&gt;&lt;return&gt;Creo formulario&lt;/return&gt;&lt;/ns1:crearFormularioPotencialResponse&gt;&lt;/soap:Body&gt;&lt;/soap:Envelope&gt;

02:06:27 78.90.101.28 desde:user/register preparando para almacenar usuario : 1077085997

02:06:27 78.90.101.28  conectando a : https://jboss2.colfuturo.org/Formulario-Interno/ServicioIntegracionPotencial?wsdl

02:06:27 78.90.101.28  enviando datos : {"numeroDocumento":"1077085997",
            "nombre":"Nelly Constanza",
            "apellido":"Castillo Carrion",
            "email":"nellycastillo.cr@gmail.com",
            "fechaNacimiento":"18 ene 1984",
            "ciudadResidencia":"Tocancipá, Cundinamarca, Colombia",
            "genero":"F",
            "celular":"",
            "listaInteresAreaEstudio":["Administración y Negocios","Ciencias Políticas y Relaciones Internacionales"],
            "listaInteresIdioma":["ingles","frances"]}

02:06:28 78.90.101.28  respuesta HTTP/1.1 200 OK
Server: Apache-Coyote/1.1
Set-Cookie: JSESSIONID=dG+60HDZzAK7RflmWgInhhdV.undefined; Path=/Formulario-Interno
Content-Type: text/xml;charset=ISO-8859-1
Content-Length: 297
Date: Mon, 19 Jun 2017 19:57:27 GMT
Connection: close

&lt;soap:Envelope xmlns:soap=&quot;http://schemas.xmlsoap.org/soap/envelope/&quot;&gt;&lt;soap:Body&gt;&lt;ns1:crearFormularioPotencialResponse xmlns:ns1=&quot;http://www.colfuturo.org/potencial/ws/ServicioIntegracionPotencial&quot;&gt;&lt;return&gt;Creo formulario&lt;/return&gt;&lt;/ns1:crearFormularioPotencialResponse&gt;&lt;/soap:Body&gt;&lt;/soap:Envelope&gt;

03:06:29 186.29.216.156 desde:user/register preparando para almacenar usuario : 52998125

03:06:29 186.29.216.156  conectando a : https://jboss2.colfuturo.org/Formulario-Interno/ServicioIntegracionPotencial?wsdl

03:06:29 186.29.216.156  enviando datos : {"numeroDocumento":"52998125",
            "nombre":"Ximena",
            "apellido":"Olarte",
            "email":"Oulart@gmail.com",
            "fechaNacimiento":"18 ene 1984",
            "ciudadResidencia":"Bogotá, Colombia",
            "genero":"F",
            "celular":"",
            "listaInteresAreaEstudio":["Ciencias Agropecuarias y del Medio Ambiente","Ciencias Básicas","Ciencias de la Salud"],
            "listaInteresIdioma":[""]}

03:06:30 186.29.216.156  respuesta HTTP/1.1 200 OK
Server: Apache-Coyote/1.1
Set-Cookie: JSESSIONID=FLU3vxgt+yBzcIWh+NokKdCj.undefined; Path=/Formulario-Interno
Content-Type: text/xml;charset=ISO-8859-1
Content-Length: 297
Date: Mon, 19 Jun 2017 20:52:29 GMT
Connection: close

&lt;soap:Envelope xmlns:soap=&quot;http://schemas.xmlsoap.org/soap/envelope/&quot;&gt;&lt;soap:Body&gt;&lt;ns1:crearFormularioPotencialResponse xmlns:ns1=&quot;http://www.colfuturo.org/potencial/ws/ServicioIntegracionPotencial&quot;&gt;&lt;return&gt;Creo formulario&lt;/return&gt;&lt;/ns1:crearFormularioPotencialResponse&gt;&lt;/soap:Body&gt;&lt;/soap:Envelope&gt;

03:06:08 191.98.111.21 desde:user/register preparando para almacenar usuario : 1093214001

03:06:08 191.98.111.21  conectando a : https://jboss2.colfuturo.org/Formulario-Interno/ServicioIntegracionPotencial?wsdl

03:06:08 191.98.111.21  enviando datos : {"numeroDocumento":"1093214001",
            "nombre":"Michael",
            "apellido":"Gallego",
            "email":"edil.gallego.u10@gmail.com",
            "fechaNacimiento":"18 ene 1984",
            "ciudadResidencia":"Pereira, Risaralda, Colombia",
            "genero":"M",
            "celular":"",
            "listaInteresAreaEstudio":["Ciencias Políticas y Relaciones Internacionales","Economía","Educación","Ingeniería"],
            "listaInteresIdioma":["ingles"]}

03:06:09 191.98.111.21  respuesta HTTP/1.1 200 OK
Server: Apache-Coyote/1.1
Set-Cookie: JSESSIONID=afY2JYgXGES4mg5fmgeIFW2J.undefined; Path=/Formulario-Interno
Content-Type: text/xml;charset=ISO-8859-1
Content-Length: 297
Date: Mon, 19 Jun 2017 20:53:08 GMT
Connection: close

&lt;soap:Envelope xmlns:soap=&quot;http://schemas.xmlsoap.org/soap/envelope/&quot;&gt;&lt;soap:Body&gt;&lt;ns1:crearFormularioPotencialResponse xmlns:ns1=&quot;http://www.colfuturo.org/potencial/ws/ServicioIntegracionPotencial&quot;&gt;&lt;return&gt;Creo formulario&lt;/return&gt;&lt;/ns1:crearFormularioPotencialResponse&gt;&lt;/soap:Body&gt;&lt;/soap:Envelope&gt;

04:06:53 181.49.75.207 desde:user/register preparando para almacenar usuario : 1121883188

04:06:53 181.49.75.207  conectando a : https://jboss2.colfuturo.org/Formulario-Interno/ServicioIntegracionPotencial?wsdl

04:06:53 181.49.75.207  enviando datos : {"numeroDocumento":"1121883188",
            "nombre":"jessica ",
            "apellido":"portilla mosquera",
            "email":"jessicaportillam@gmail.com",
            "fechaNacimiento":"18 ene 1984",
            "ciudadResidencia":"Villavicencio, Meta, Colombia",
            "genero":"F",
            "celular":"",
            "listaInteresAreaEstudio":[""],
            "listaInteresIdioma":["ingles"]}

04:06:53 181.49.75.207  respuesta HTTP/1.1 200 OK
Server: Apache-Coyote/1.1
Set-Cookie: JSESSIONID=v67f3wXH5Uhh1-TxJtJqxB-1.undefined; Path=/Formulario-Interno
Content-Type: text/xml;charset=ISO-8859-1
Content-Length: 297
Date: Mon, 19 Jun 2017 21:07:53 GMT
Connection: close

&lt;soap:Envelope xmlns:soap=&quot;http://schemas.xmlsoap.org/soap/envelope/&quot;&gt;&lt;soap:Body&gt;&lt;ns1:crearFormularioPotencialResponse xmlns:ns1=&quot;http://www.colfuturo.org/potencial/ws/ServicioIntegracionPotencial&quot;&gt;&lt;return&gt;Creo formulario&lt;/return&gt;&lt;/ns1:crearFormularioPotencialResponse&gt;&lt;/soap:Body&gt;&lt;/soap:Envelope&gt;

04:06:43 186.80.177.252 desde:user/register preparando para almacenar usuario : 1020725781

04:06:43 186.80.177.252  conectando a : https://jboss2.colfuturo.org/Formulario-Interno/ServicioIntegracionPotencial?wsdl

04:06:43 186.80.177.252  enviando datos : {"numeroDocumento":"1020725781",
            "nombre":"Juan Guillermo",
            "apellido":"Ruiz",
            "email":"juan.gmo.ruiz@gmail.com",
            "fechaNacimiento":"18 ene 1984",
            "ciudadResidencia":"Bogotá, Colombia",
            "genero":"M",
            "celular":"",
            "listaInteresAreaEstudio":["Administración y Negocios","Arquitectura y Diseño"],
            "listaInteresIdioma":[""]}

04:06:44 186.80.177.252  respuesta HTTP/1.1 200 OK
Server: Apache-Coyote/1.1
Set-Cookie: JSESSIONID=yOcrhG5xEH28ppHra+zDR5AY.undefined; Path=/Formulario-Interno
Content-Type: text/xml;charset=ISO-8859-1
Content-Length: 297
Date: Mon, 19 Jun 2017 21:54:43 GMT
Connection: close

&lt;soap:Envelope xmlns:soap=&quot;http://schemas.xmlsoap.org/soap/envelope/&quot;&gt;&lt;soap:Body&gt;&lt;ns1:crearFormularioPotencialResponse xmlns:ns1=&quot;http://www.colfuturo.org/potencial/ws/ServicioIntegracionPotencial&quot;&gt;&lt;return&gt;Creo formulario&lt;/return&gt;&lt;/ns1:crearFormularioPotencialResponse&gt;&lt;/soap:Body&gt;&lt;/soap:Envelope&gt;

04:06:03 186.80.177.252 desde:user/161586 preparando para almacenar usuario : 1020725781

04:06:03 186.80.177.252  conectando a : https://jboss2.colfuturo.org/Formulario-Interno/ServicioIntegracionPotencial?wsdl

04:06:03 186.80.177.252  enviando datos : {"numeroDocumento":"1020725781",
            "nombre":"Juan Guillermo",
            "apellido":"Ruiz",
            "email":"juan.gmo.ruiz@gmail.com",
            "fechaNacimiento":"18 ene 1984",
            "ciudadResidencia":"Bogotá, Colombia",
            "genero":"M",
            "celular":"",
            "listaInteresAreaEstudio":["Administración y Negocios","Arquitectura y Diseño"],
            "listaInteresIdioma":[""]}

04:06:03 186.80.177.252  respuesta HTTP/1.1 200 OK
Server: Apache-Coyote/1.1
Set-Cookie: JSESSIONID=FJwKZce59DVfycA7hy72cGd6.undefined; Path=/Formulario-Interno
Content-Type: text/xml;charset=ISO-8859-1
Content-Length: 301
Date: Mon, 19 Jun 2017 21:55:03 GMT
Connection: close

&lt;soap:Envelope xmlns:soap=&quot;http://schemas.xmlsoap.org/soap/envelope/&quot;&gt;&lt;soap:Body&gt;&lt;ns1:crearFormularioPotencialResponse xmlns:ns1=&quot;http://www.colfuturo.org/potencial/ws/ServicioIntegracionPotencial&quot;&gt;&lt;return&gt;Encontro formulario&lt;/return&gt;&lt;/ns1:crearFormularioPotencialResponse&gt;&lt;/soap:Body&gt;&lt;/soap:Envelope&gt;

04:06:19 186.80.177.252 desde:user/161586 preparando para almacenar usuario : 1020725781

04:06:19 186.80.177.252  conectando a : https://jboss2.colfuturo.org/Formulario-Interno/ServicioIntegracionPotencial?wsdl

04:06:19 186.80.177.252  enviando datos : {"numeroDocumento":"1020725781",
            "nombre":"Juan Guillermo",
            "apellido":"Ruiz",
            "email":"juan.gmo.ruiz@gmail.com",
            "fechaNacimiento":"18 ene 1984",
            "ciudadResidencia":"Bogotá, Colombia",
            "genero":"M",
            "celular":"",
            "listaInteresAreaEstudio":["Administración y Negocios","Arquitectura y Diseño"],
            "listaInteresIdioma":[""]}

04:06:19 186.80.177.252  respuesta HTTP/1.1 200 OK
Server: Apache-Coyote/1.1
Set-Cookie: JSESSIONID=gpYGN6ddj9+8teIBMPpHScwV.undefined; Path=/Formulario-Interno
Content-Type: text/xml;charset=ISO-8859-1
Content-Length: 301
Date: Mon, 19 Jun 2017 21:57:19 GMT
Connection: close

&lt;soap:Envelope xmlns:soap=&quot;http://schemas.xmlsoap.org/soap/envelope/&quot;&gt;&lt;soap:Body&gt;&lt;ns1:crearFormularioPotencialResponse xmlns:ns1=&quot;http://www.colfuturo.org/potencial/ws/ServicioIntegracionPotencial&quot;&gt;&lt;return&gt;Encontro formulario&lt;/return&gt;&lt;/ns1:crearFormularioPotencialResponse&gt;&lt;/soap:Body&gt;&lt;/soap:Envelope&gt;

05:06:21 186.119.204.246 desde:user/register preparando para almacenar usuario : 1020793582

05:06:21 186.119.204.246  conectando a : https://jboss2.colfuturo.org/Formulario-Interno/ServicioIntegracionPotencial?wsdl

05:06:21 186.119.204.246  enviando datos : {"numeroDocumento":"1020793582",
            "nombre":"Ana Maria",
            "apellido":"Villalobos Cuellar",
            "email":"anam.vil@hotmail.com",
            "fechaNacimiento":"18 ene 1984",
            "ciudadResidencia":"Bogotá, Colombia",
            "genero":"F",
            "celular":"",
            "listaInteresAreaEstudio":["Administración y Negocios","Ingeniería"],
            "listaInteresIdioma":["ingles"]}

05:06:22 186.119.204.246  respuesta HTTP/1.1 200 OK
Server: Apache-Coyote/1.1
Set-Cookie: JSESSIONID=hpBhD0t4sYODc2LEzRbdkXNA.undefined; Path=/Formulario-Interno
Content-Type: text/xml;charset=ISO-8859-1
Content-Length: 297
Date: Mon, 19 Jun 2017 22:12:21 GMT
Connection: close

&lt;soap:Envelope xmlns:soap=&quot;http://schemas.xmlsoap.org/soap/envelope/&quot;&gt;&lt;soap:Body&gt;&lt;ns1:crearFormularioPotencialResponse xmlns:ns1=&quot;http://www.colfuturo.org/potencial/ws/ServicioIntegracionPotencial&quot;&gt;&lt;return&gt;Creo formulario&lt;/return&gt;&lt;/ns1:crearFormularioPotencialResponse&gt;&lt;/soap:Body&gt;&lt;/soap:Envelope&gt;

05:06:22 181.50.142.241 desde:user/119596 preparando para almacenar usuario : 1016041447

05:06:22 181.50.142.241  conectando a : https://jboss2.colfuturo.org/Formulario-Interno/ServicioIntegracionPotencial?wsdl

05:06:22 181.50.142.241  enviando datos : {"numeroDocumento":"1016041447",
            "nombre":"Lina Paola",
            "apellido":"Pulido Nino",
            "email":"Linapp_10@hotmail.com",
            "fechaNacimiento":"18 ene 1984",
            "ciudadResidencia":"Bogotá, Colombia",
            "genero":"F",
            "celular":"",
            "listaInteresAreaEstudio":[""],
            "listaInteresIdioma":[""]}

05:06:23 181.50.142.241  respuesta HTTP/1.1 200 OK
Server: Apache-Coyote/1.1
Set-Cookie: JSESSIONID=2+m3ut48VAod0rzLlxjgX3Ox.undefined; Path=/Formulario-Interno
Content-Type: text/xml;charset=ISO-8859-1
Content-Length: 301
Date: Mon, 19 Jun 2017 22:17:22 GMT
Connection: close

&lt;soap:Envelope xmlns:soap=&quot;http://schemas.xmlsoap.org/soap/envelope/&quot;&gt;&lt;soap:Body&gt;&lt;ns1:crearFormularioPotencialResponse xmlns:ns1=&quot;http://www.colfuturo.org/potencial/ws/ServicioIntegracionPotencial&quot;&gt;&lt;return&gt;Encontro formulario&lt;/return&gt;&lt;/ns1:crearFormularioPotencialResponse&gt;&lt;/soap:Body&gt;&lt;/soap:Envelope&gt;

05:06:29 190.248.62.178 desde:user/register preparando para almacenar usuario : 79765024

05:06:29 190.248.62.178  conectando a : https://jboss2.colfuturo.org/Formulario-Interno/ServicioIntegracionPotencial?wsdl

05:06:29 190.248.62.178  enviando datos : {"numeroDocumento":"79765024",
            "nombre":"Johan Giovanni",
            "apellido":"Millán Tovar",
            "email":"johanmillant22@gmail.com",
            "fechaNacimiento":"18 ene 1984",
            "ciudadResidencia":"Bogotá, Colombia",
            "genero":"M",
            "celular":"",
            "listaInteresAreaEstudio":[""],
            "listaInteresIdioma":["ingles"]}

05:06:30 190.248.62.178  respuesta HTTP/1.1 200 OK
Server: Apache-Coyote/1.1
Set-Cookie: JSESSIONID=HQ03U+LRH1fhBmKAbQL2h51m.undefined; Path=/Formulario-Interno
Content-Type: text/xml;charset=ISO-8859-1
Content-Length: 297
Date: Mon, 19 Jun 2017 22:35:29 GMT
Connection: close

&lt;soap:Envelope xmlns:soap=&quot;http://schemas.xmlsoap.org/soap/envelope/&quot;&gt;&lt;soap:Body&gt;&lt;ns1:crearFormularioPotencialResponse xmlns:ns1=&quot;http://www.colfuturo.org/potencial/ws/ServicioIntegracionPotencial&quot;&gt;&lt;return&gt;Creo formulario&lt;/return&gt;&lt;/ns1:crearFormularioPotencialResponse&gt;&lt;/soap:Body&gt;&lt;/soap:Envelope&gt;

05:06:56 190.248.62.178 desde:user/161589 preparando para almacenar usuario : 79765024

05:06:56 190.248.62.178  conectando a : https://jboss2.colfuturo.org/Formulario-Interno/ServicioIntegracionPotencial?wsdl

05:06:56 190.248.62.178  enviando datos : {"numeroDocumento":"79765024",
            "nombre":"Johan Giovanni",
            "apellido":"Millán Tovar",
            "email":"johanmillant22@gmail.com",
            "fechaNacimiento":"18 ene 1984",
            "ciudadResidencia":"Bogotá, Colombia",
            "genero":"M",
            "celular":"",
            "listaInteresAreaEstudio":[""],
            "listaInteresIdioma":["ingles"]}

05:06:57 190.248.62.178  respuesta HTTP/1.1 200 OK
Server: Apache-Coyote/1.1
Set-Cookie: JSESSIONID=KI7iTO4kdHMzFECGe4ceZLRW.undefined; Path=/Formulario-Interno
Content-Type: text/xml;charset=ISO-8859-1
Content-Length: 301
Date: Mon, 19 Jun 2017 22:47:56 GMT
Connection: close

&lt;soap:Envelope xmlns:soap=&quot;http://schemas.xmlsoap.org/soap/envelope/&quot;&gt;&lt;soap:Body&gt;&lt;ns1:crearFormularioPotencialResponse xmlns:ns1=&quot;http://www.colfuturo.org/potencial/ws/ServicioIntegracionPotencial&quot;&gt;&lt;return&gt;Encontro formulario&lt;/return&gt;&lt;/ns1:crearFormularioPotencialResponse&gt;&lt;/soap:Body&gt;&lt;/soap:Envelope&gt;

05:06:48 186.84.59.130 desde:user/register preparando para almacenar usuario : 1020766632

05:06:48 186.84.59.130  conectando a : https://jboss2.colfuturo.org/Formulario-Interno/ServicioIntegracionPotencial?wsdl

05:06:48 186.84.59.130  enviando datos : {"numeroDocumento":"1020766632",
            "nombre":"Lina ",
            "apellido":"Vargas Garcia",
            "email":"linavargas91@hotmail.com",
            "fechaNacimiento":"18 ene 1984",
            "ciudadResidencia":"Bogotá",
            "genero":"F",
            "celular":"",
            "listaInteresAreaEstudio":["Administración y Negocios"],
            "listaInteresIdioma":[""]}

05:06:49 186.84.59.130  respuesta HTTP/1.1 200 OK
Server: Apache-Coyote/1.1
Set-Cookie: JSESSIONID=FsCg8bFDU7-voXW1yDKE+LVg.undefined; Path=/Formulario-Interno
Content-Type: text/xml;charset=ISO-8859-1
Content-Length: 297
Date: Mon, 19 Jun 2017 22:59:48 GMT
Connection: close

&lt;soap:Envelope xmlns:soap=&quot;http://schemas.xmlsoap.org/soap/envelope/&quot;&gt;&lt;soap:Body&gt;&lt;ns1:crearFormularioPotencialResponse xmlns:ns1=&quot;http://www.colfuturo.org/potencial/ws/ServicioIntegracionPotencial&quot;&gt;&lt;return&gt;Creo formulario&lt;/return&gt;&lt;/ns1:crearFormularioPotencialResponse&gt;&lt;/soap:Body&gt;&lt;/soap:Envelope&gt;

06:06:50 181.192.157.13 desde:user/148401 preparando para almacenar usuario : 72429047

06:06:50 181.192.157.13  conectando a : https://jboss2.colfuturo.org/Formulario-Interno/ServicioIntegracionPotencial?wsdl

06:06:50 181.192.157.13  enviando datos : {"numeroDocumento":"72429047",
            "nombre":"EDWIN DARIO ",
            "apellido":"PALOMINO CARREÑO",
            "email":"edwinpalominoc@gmail.com",
            "fechaNacimiento":"18 ene 1984",
            "ciudadResidencia":"Barranquilla, Atlántico, Colombia",
            "genero":"M",
            "celular":"",
            "listaInteresAreaEstudio":["Artes","Educación"],
            "listaInteresIdioma":["ingles"]}

06:06:50 181.192.157.13  respuesta HTTP/1.1 200 OK
Server: Apache-Coyote/1.1
Set-Cookie: JSESSIONID=Sh+G37Kk6PnKnWEWWB25LaWN.undefined; Path=/Formulario-Interno
Content-Type: text/xml;charset=ISO-8859-1
Content-Length: 301
Date: Mon, 19 Jun 2017 23:06:50 GMT
Connection: close

&lt;soap:Envelope xmlns:soap=&quot;http://schemas.xmlsoap.org/soap/envelope/&quot;&gt;&lt;soap:Body&gt;&lt;ns1:crearFormularioPotencialResponse xmlns:ns1=&quot;http://www.colfuturo.org/potencial/ws/ServicioIntegracionPotencial&quot;&gt;&lt;return&gt;Encontro formulario&lt;/return&gt;&lt;/ns1:crearFormularioPotencialResponse&gt;&lt;/soap:Body&gt;&lt;/soap:Envelope&gt;

06:06:37 191.102.216.14 desde:user/161273 preparando para almacenar usuario : 41956740

06:06:37 191.102.216.14  conectando a : https://jboss2.colfuturo.org/Formulario-Interno/ServicioIntegracionPotencial?wsdl

06:06:37 191.102.216.14  enviando datos : {"numeroDocumento":"41956740",
            "nombre":"angela",
            "apellido":"diaz",
            "email":"angeladiaz-29@hotmail.com",
            "fechaNacimiento":"18 ene 1984",
            "ciudadResidencia":"Circasia, Quindío, Colombia",
            "genero":"F",
            "celular":"",
            "listaInteresAreaEstudio":[""],
            "listaInteresIdioma":["ingles"]}

06:06:37 191.102.216.14  respuesta HTTP/1.1 200 OK
Server: Apache-Coyote/1.1
Set-Cookie: JSESSIONID=VbSwscjM8fCp64L4+uZnnBBA.undefined; Path=/Formulario-Interno
Content-Type: text/xml;charset=ISO-8859-1
Content-Length: 301
Date: Mon, 19 Jun 2017 23:52:37 GMT
Connection: close

&lt;soap:Envelope xmlns:soap=&quot;http://schemas.xmlsoap.org/soap/envelope/&quot;&gt;&lt;soap:Body&gt;&lt;ns1:crearFormularioPotencialResponse xmlns:ns1=&quot;http://www.colfuturo.org/potencial/ws/ServicioIntegracionPotencial&quot;&gt;&lt;return&gt;Encontro formulario&lt;/return&gt;&lt;/ns1:crearFormularioPotencialResponse&gt;&lt;/soap:Body&gt;&lt;/soap:Envelope&gt;

07:06:03 191.102.216.14 desde:user/161273 preparando para almacenar usuario : 41956740

07:06:03 191.102.216.14  conectando a : https://jboss2.colfuturo.org/Formulario-Interno/ServicioIntegracionPotencial?wsdl

07:06:03 191.102.216.14  enviando datos : {"numeroDocumento":"41956740",
            "nombre":"angela",
            "apellido":"diaz",
            "email":"angeladiaz-29@hotmail.com",
            "fechaNacimiento":"18 ene 1984",
            "ciudadResidencia":"Circasia, Quindío, Colombia",
            "genero":"F",
            "celular":"",
            "listaInteresAreaEstudio":[""],
            "listaInteresIdioma":["ingles"]}

07:06:03 191.102.216.14  respuesta HTTP/1.1 200 OK
Server: Apache-Coyote/1.1
Set-Cookie: JSESSIONID=3ps3+phRAYWuO+IjrJysmE30.undefined; Path=/Formulario-Interno
Content-Type: text/xml;charset=ISO-8859-1
Content-Length: 301
Date: Tue, 20 Jun 2017 00:09:03 GMT
Connection: close

&lt;soap:Envelope xmlns:soap=&quot;http://schemas.xmlsoap.org/soap/envelope/&quot;&gt;&lt;soap:Body&gt;&lt;ns1:crearFormularioPotencialResponse xmlns:ns1=&quot;http://www.colfuturo.org/potencial/ws/ServicioIntegracionPotencial&quot;&gt;&lt;return&gt;Encontro formulario&lt;/return&gt;&lt;/ns1:crearFormularioPotencialResponse&gt;&lt;/soap:Body&gt;&lt;/soap:Envelope&gt;

07:06:41 190.24.58.24 desde:user/101895 preparando para almacenar usuario : 1022365958

07:06:41 190.24.58.24  conectando a : https://jboss2.colfuturo.org/Formulario-Interno/ServicioIntegracionPotencial?wsdl

07:06:41 190.24.58.24  enviando datos : {"numeroDocumento":"1022365958",
            "nombre":"Jefersson",
            "apellido":"Valbuena Cerinza",
            "email":"jevalbuenace@unal.edu.co",
            "fechaNacimiento":"18 ene 1984",
            "ciudadResidencia":"",
            "genero":"M",
            "celular":"",
            "listaInteresAreaEstudio":["Ingeniería"],
            "listaInteresIdioma":[""]}

07:06:42 190.24.58.24  respuesta HTTP/1.1 200 OK
Server: Apache-Coyote/1.1
Set-Cookie: JSESSIONID=H4AH-pSOxg75w72wIhwu4OW1.undefined; Path=/Formulario-Interno
Content-Type: text/xml;charset=ISO-8859-1
Content-Length: 301
Date: Tue, 20 Jun 2017 00:09:41 GMT
Connection: close

&lt;soap:Envelope xmlns:soap=&quot;http://schemas.xmlsoap.org/soap/envelope/&quot;&gt;&lt;soap:Body&gt;&lt;ns1:crearFormularioPotencialResponse xmlns:ns1=&quot;http://www.colfuturo.org/potencial/ws/ServicioIntegracionPotencial&quot;&gt;&lt;return&gt;Encontro formulario&lt;/return&gt;&lt;/ns1:crearFormularioPotencialResponse&gt;&lt;/soap:Body&gt;&lt;/soap:Envelope&gt;

07:06:56 190.159.111.181 desde:user/151439 preparando para almacenar usuario : 38603506

07:06:56 190.159.111.181  conectando a : https://jboss2.colfuturo.org/Formulario-Interno/ServicioIntegracionPotencial?wsdl

07:06:56 190.159.111.181  enviando datos : {"numeroDocumento":"38603506",
            "nombre":"Claudia del Pilar ",
            "apellido":"Toro Pereira",
            "email":"claudia.toro@correounivalle.edu.co",
            "fechaNacimiento":"18 ene 1984",
            "ciudadResidencia":"Cali, Valle del Cauca, Colombia",
            "genero":"F",
            "celular":"",
            "listaInteresAreaEstudio":["Artes","Educación"],
            "listaInteresIdioma":[""]}

07:06:56 190.159.111.181  respuesta HTTP/1.1 200 OK
Server: Apache-Coyote/1.1
Set-Cookie: JSESSIONID=RvC08fgg1qwTcXxDJ6+AHhlL.undefined; Path=/Formulario-Interno
Content-Type: text/xml;charset=ISO-8859-1
Content-Length: 301
Date: Tue, 20 Jun 2017 00:24:56 GMT
Connection: close

&lt;soap:Envelope xmlns:soap=&quot;http://schemas.xmlsoap.org/soap/envelope/&quot;&gt;&lt;soap:Body&gt;&lt;ns1:crearFormularioPotencialResponse xmlns:ns1=&quot;http://www.colfuturo.org/potencial/ws/ServicioIntegracionPotencial&quot;&gt;&lt;return&gt;Encontro formulario&lt;/return&gt;&lt;/ns1:crearFormularioPotencialResponse&gt;&lt;/soap:Body&gt;&lt;/soap:Envelope&gt;

07:06:44 190.159.111.181 desde:user/151439 preparando para almacenar usuario : 38603506

07:06:44 190.159.111.181  conectando a : https://jboss2.colfuturo.org/Formulario-Interno/ServicioIntegracionPotencial?wsdl

07:06:44 190.159.111.181  enviando datos : {"numeroDocumento":"38603506",
            "nombre":"Claudia del Pilar ",
            "apellido":"Toro Pereira",
            "email":"claudia.toro@correounivalle.edu.co",
            "fechaNacimiento":"18 ene 1984",
            "ciudadResidencia":"Cali, Valle del Cauca, Colombia",
            "genero":"F",
            "celular":"",
            "listaInteresAreaEstudio":["Artes","Educación"],
            "listaInteresIdioma":[""]}

07:06:45 190.159.111.181  respuesta HTTP/1.1 200 OK
Server: Apache-Coyote/1.1
Set-Cookie: JSESSIONID=aqcjOHwYHAiA-nYbvsLCH5L1.undefined; Path=/Formulario-Interno
Content-Type: text/xml;charset=ISO-8859-1
Content-Length: 301
Date: Tue, 20 Jun 2017 00:26:44 GMT
Connection: close

&lt;soap:Envelope xmlns:soap=&quot;http://schemas.xmlsoap.org/soap/envelope/&quot;&gt;&lt;soap:Body&gt;&lt;ns1:crearFormularioPotencialResponse xmlns:ns1=&quot;http://www.colfuturo.org/potencial/ws/ServicioIntegracionPotencial&quot;&gt;&lt;return&gt;Encontro formulario&lt;/return&gt;&lt;/ns1:crearFormularioPotencialResponse&gt;&lt;/soap:Body&gt;&lt;/soap:Envelope&gt;

07:06:19 190.159.111.181 desde:user/151439 preparando para almacenar usuario : 38603506

07:06:19 190.159.111.181  conectando a : https://jboss2.colfuturo.org/Formulario-Interno/ServicioIntegracionPotencial?wsdl

07:06:19 190.159.111.181  enviando datos : {"numeroDocumento":"38603506",
            "nombre":"Claudia del Pilar ",
            "apellido":"Toro Pereira",
            "email":"claudia.toro@correounivalle.edu.co",
            "fechaNacimiento":"18 ene 1984",
            "ciudadResidencia":"Cali, Valle del Cauca, Colombia",
            "genero":"F",
            "celular":"",
            "listaInteresAreaEstudio":["Artes","Educación"],
            "listaInteresIdioma":[""]}

07:06:20 190.159.111.181  respuesta HTTP/1.1 200 OK
Server: Apache-Coyote/1.1
Set-Cookie: JSESSIONID=ZQschHgzO7qPl8dcGKR86J9T.undefined; Path=/Formulario-Interno
Content-Type: text/xml;charset=ISO-8859-1
Content-Length: 301
Date: Tue, 20 Jun 2017 00:30:20 GMT
Connection: close

&lt;soap:Envelope xmlns:soap=&quot;http://schemas.xmlsoap.org/soap/envelope/&quot;&gt;&lt;soap:Body&gt;&lt;ns1:crearFormularioPotencialResponse xmlns:ns1=&quot;http://www.colfuturo.org/potencial/ws/ServicioIntegracionPotencial&quot;&gt;&lt;return&gt;Encontro formulario&lt;/return&gt;&lt;/ns1:crearFormularioPotencialResponse&gt;&lt;/soap:Body&gt;&lt;/soap:Envelope&gt;

07:06:02 181.234.15.202 desde:user/register preparando para almacenar usuario : 1020757955

07:06:02 181.234.15.202  conectando a : https://jboss2.colfuturo.org/Formulario-Interno/ServicioIntegracionPotencial?wsdl

07:06:02 181.234.15.202  enviando datos : {"numeroDocumento":"1020757955",
            "nombre":"Andrés",
            "apellido":"Linares",
            "email":"andresblack69@gmail.com",
            "fechaNacimiento":"18 ene 1984",
            "ciudadResidencia":"Colombia",
            "genero":"M",
            "celular":"",
            "listaInteresAreaEstudio":["Ingeniería"],
            "listaInteresIdioma":[""]}

07:06:03 181.234.15.202  respuesta HTTP/1.1 200 OK
Server: Apache-Coyote/1.1
Set-Cookie: JSESSIONID=RkQrx-6q80LWIha1D-3HlSRH.undefined; Path=/Formulario-Interno
Content-Type: text/xml;charset=ISO-8859-1
Content-Length: 297
Date: Tue, 20 Jun 2017 00:31:02 GMT
Connection: close

&lt;soap:Envelope xmlns:soap=&quot;http://schemas.xmlsoap.org/soap/envelope/&quot;&gt;&lt;soap:Body&gt;&lt;ns1:crearFormularioPotencialResponse xmlns:ns1=&quot;http://www.colfuturo.org/potencial/ws/ServicioIntegracionPotencial&quot;&gt;&lt;return&gt;Creo formulario&lt;/return&gt;&lt;/ns1:crearFormularioPotencialResponse&gt;&lt;/soap:Body&gt;&lt;/soap:Envelope&gt;

07:06:16 186.112.234.76 desde:user/register preparando para almacenar usuario : 1032382171

07:06:16 186.112.234.76  conectando a : https://jboss2.colfuturo.org/Formulario-Interno/ServicioIntegracionPotencial?wsdl

07:06:16 186.112.234.76  enviando datos : {"numeroDocumento":"1032382171",
            "nombre":"LEONARDO ALBERTO",
            "apellido":"FAGUA MERCHAN",
            "email":"leonardofagua@gmail.com",
            "fechaNacimiento":"18 ene 1984",
            "ciudadResidencia":"Bogotá, Colombia",
            "genero":"M",
            "celular":"",
            "listaInteresAreaEstudio":["Administración y Negocios","Ingeniería"],
            "listaInteresIdioma":[""]}

07:06:17 186.112.234.76  respuesta HTTP/1.1 200 OK
Server: Apache-Coyote/1.1
Set-Cookie: JSESSIONID=OMPea0EwojWSQS+BEoXewfqW.undefined; Path=/Formulario-Interno
Content-Type: text/xml;charset=ISO-8859-1
Content-Length: 297
Date: Tue, 20 Jun 2017 00:50:16 GMT
Connection: close

&lt;soap:Envelope xmlns:soap=&quot;http://schemas.xmlsoap.org/soap/envelope/&quot;&gt;&lt;soap:Body&gt;&lt;ns1:crearFormularioPotencialResponse xmlns:ns1=&quot;http://www.colfuturo.org/potencial/ws/ServicioIntegracionPotencial&quot;&gt;&lt;return&gt;Creo formulario&lt;/return&gt;&lt;/ns1:crearFormularioPotencialResponse&gt;&lt;/soap:Body&gt;&lt;/soap:Envelope&gt;

08:06:43 181.51.119.130 desde:user/register preparando para almacenar usuario : 1017205265

08:06:43 181.51.119.130  conectando a : https://jboss2.colfuturo.org/Formulario-Interno/ServicioIntegracionPotencial?wsdl

08:06:43 181.51.119.130  enviando datos : {"numeroDocumento":"1017205265",
            "nombre":"Sindy Jhoana",
            "apellido":"Pabón Ortiz",
            "email":"jpabon0714@gmail.com",
            "fechaNacimiento":"18 ene 1984",
            "ciudadResidencia":"Medellín, Antioquia, Colombia",
            "genero":"F",
            "celular":"",
            "listaInteresAreaEstudio":["Administración y Negocios"],
            "listaInteresIdioma":[""]}

08:06:44 181.51.119.130  respuesta HTTP/1.1 200 OK
Server: Apache-Coyote/1.1
Set-Cookie: JSESSIONID=pzTAB-IT+qJpHzR5WfJ-IlRN.undefined; Path=/Formulario-Interno
Content-Type: text/xml;charset=ISO-8859-1
Content-Length: 297
Date: Tue, 20 Jun 2017 01:26:43 GMT
Connection: close

&lt;soap:Envelope xmlns:soap=&quot;http://schemas.xmlsoap.org/soap/envelope/&quot;&gt;&lt;soap:Body&gt;&lt;ns1:crearFormularioPotencialResponse xmlns:ns1=&quot;http://www.colfuturo.org/potencial/ws/ServicioIntegracionPotencial&quot;&gt;&lt;return&gt;Creo formulario&lt;/return&gt;&lt;/ns1:crearFormularioPotencialResponse&gt;&lt;/soap:Body&gt;&lt;/soap:Envelope&gt;

08:06:45 181.50.69.149 desde:user/register preparando para almacenar usuario : 1018486755

08:06:45 181.50.69.149  conectando a : https://jboss2.colfuturo.org/Formulario-Interno/ServicioIntegracionPotencial?wsdl

08:06:45 181.50.69.149  enviando datos : {"numeroDocumento":"1018486755",
            "nombre":"Jorge Mateo",
            "apellido":"Hortua",
            "email":"jorgesilvah@usantotomas.edu.co",
            "fechaNacimiento":"18 ene 1984",
            "ciudadResidencia":"Colombia",
            "genero":"M",
            "celular":"",
            "listaInteresAreaEstudio":[""],
            "listaInteresIdioma":["ingles"]}

08:06:46 181.50.69.149  respuesta HTTP/1.1 200 OK
Server: Apache-Coyote/1.1
Set-Cookie: JSESSIONID=tfJGwbqv2+qkw87vY9gfsqN-.undefined; Path=/Formulario-Interno
Content-Type: text/xml;charset=ISO-8859-1
Content-Length: 297
Date: Tue, 20 Jun 2017 01:31:45 GMT
Connection: close

&lt;soap:Envelope xmlns:soap=&quot;http://schemas.xmlsoap.org/soap/envelope/&quot;&gt;&lt;soap:Body&gt;&lt;ns1:crearFormularioPotencialResponse xmlns:ns1=&quot;http://www.colfuturo.org/potencial/ws/ServicioIntegracionPotencial&quot;&gt;&lt;return&gt;Creo formulario&lt;/return&gt;&lt;/ns1:crearFormularioPotencialResponse&gt;&lt;/soap:Body&gt;&lt;/soap:Envelope&gt;

08:06:21 181.57.247.239 desde:user/register preparando para almacenar usuario : 1020746302

08:06:21 181.57.247.239  conectando a : https://jboss2.colfuturo.org/Formulario-Interno/ServicioIntegracionPotencial?wsdl

08:06:21 181.57.247.239  enviando datos : {"numeroDocumento":"1020746302",
            "nombre":"juan pablo",
            "apellido":"ospina arhila",
            "email":"jpospar89@hotmail.com",
            "fechaNacimiento":"18 ene 1984",
            "ciudadResidencia":"Bogotá, Colombia",
            "genero":"M",
            "celular":"",
            "listaInteresAreaEstudio":[""],
            "listaInteresIdioma":["ingles"]}

08:06:22 181.57.247.239  respuesta HTTP/1.1 200 OK
Server: Apache-Coyote/1.1
Set-Cookie: JSESSIONID=T8Xl3uaAu8FJOKErgNlcvMG9.undefined; Path=/Formulario-Interno
Content-Type: text/xml;charset=ISO-8859-1
Content-Length: 297
Date: Tue, 20 Jun 2017 01:39:21 GMT
Connection: close

&lt;soap:Envelope xmlns:soap=&quot;http://schemas.xmlsoap.org/soap/envelope/&quot;&gt;&lt;soap:Body&gt;&lt;ns1:crearFormularioPotencialResponse xmlns:ns1=&quot;http://www.colfuturo.org/potencial/ws/ServicioIntegracionPotencial&quot;&gt;&lt;return&gt;Creo formulario&lt;/return&gt;&lt;/ns1:crearFormularioPotencialResponse&gt;&lt;/soap:Body&gt;&lt;/soap:Envelope&gt;

08:06:47 190.66.70.73 desde:user/register preparando para almacenar usuario : 1045709962

08:06:47 190.66.70.73  conectando a : https://jboss2.colfuturo.org/Formulario-Interno/ServicioIntegracionPotencial?wsdl

08:06:47 190.66.70.73  enviando datos : {"numeroDocumento":"1045709962",
            "nombre":"Moises Guillermo ",
            "apellido":"Diaz De La Rosa",
            "email":"mgdiaz@uninorte.edu.co",
            "fechaNacimiento":"18 ene 1984",
            "ciudadResidencia":"Barranquilla, Atlántico, Colombia",
            "genero":"M",
            "celular":"",
            "listaInteresAreaEstudio":["Ingeniería"],
            "listaInteresIdioma":["ingles"]}

08:06:48 190.66.70.73  respuesta HTTP/1.1 200 OK
Server: Apache-Coyote/1.1
Set-Cookie: JSESSIONID=l1s1tn27hmF1Z8gXrVC1MaU6.undefined; Path=/Formulario-Interno
Content-Type: text/xml;charset=ISO-8859-1
Content-Length: 297
Date: Tue, 20 Jun 2017 01:58:47 GMT
Connection: close

&lt;soap:Envelope xmlns:soap=&quot;http://schemas.xmlsoap.org/soap/envelope/&quot;&gt;&lt;soap:Body&gt;&lt;ns1:crearFormularioPotencialResponse xmlns:ns1=&quot;http://www.colfuturo.org/potencial/ws/ServicioIntegracionPotencial&quot;&gt;&lt;return&gt;Creo formulario&lt;/return&gt;&lt;/ns1:crearFormularioPotencialResponse&gt;&lt;/soap:Body&gt;&lt;/soap:Envelope&gt;

09:06:19 186.154.105.105 desde:user/register preparando para almacenar usuario : 1070922702

09:06:19 186.154.105.105  conectando a : https://jboss2.colfuturo.org/Formulario-Interno/ServicioIntegracionPotencial?wsdl

09:06:19 186.154.105.105  enviando datos : {"numeroDocumento":"1070922702",
            "nombre":"Laura",
            "apellido":"Mera Manrique",
            "email":"lauraamera@hotmail.com",
            "fechaNacimiento":"18 ene 1984",
            "ciudadResidencia":"Bogotá, Colombia",
            "genero":"F",
            "celular":"",
            "listaInteresAreaEstudio":["Ciencias Políticas y Relaciones Internacionales"],
            "listaInteresIdioma":[""]}

09:06:20 186.154.105.105  respuesta HTTP/1.1 200 OK
Server: Apache-Coyote/1.1
Set-Cookie: JSESSIONID=eqD15mWMfFlt2-HloNg3gBL0.undefined; Path=/Formulario-Interno
Content-Type: text/xml;charset=ISO-8859-1
Content-Length: 297
Date: Tue, 20 Jun 2017 02:02:20 GMT
Connection: close

&lt;soap:Envelope xmlns:soap=&quot;http://schemas.xmlsoap.org/soap/envelope/&quot;&gt;&lt;soap:Body&gt;&lt;ns1:crearFormularioPotencialResponse xmlns:ns1=&quot;http://www.colfuturo.org/potencial/ws/ServicioIntegracionPotencial&quot;&gt;&lt;return&gt;Creo formulario&lt;/return&gt;&lt;/ns1:crearFormularioPotencialResponse&gt;&lt;/soap:Body&gt;&lt;/soap:Envelope&gt;

09:06:29 181.133.97.37 desde:user/register preparando para almacenar usuario : 1095935786

09:06:29 181.133.97.37  conectando a : https://jboss2.colfuturo.org/Formulario-Interno/ServicioIntegracionPotencial?wsdl

09:06:29 181.133.97.37  enviando datos : {"numeroDocumento":"1095935786",
            "nombre":"Eliana",
            "apellido":"Gomez Acevedo",
            "email":"elianagomeza@hotmail.com",
            "fechaNacimiento":"18 ene 1984",
            "ciudadResidencia":"Piedecuesta, Santander, Colombia",
            "genero":"F",
            "celular":"",
            "listaInteresAreaEstudio":["Arquitectura y Diseño"],
            "listaInteresIdioma":[""]}

09:06:30 181.133.97.37  respuesta HTTP/1.1 200 OK
Server: Apache-Coyote/1.1
Set-Cookie: JSESSIONID=R81boZtr-fG3+pJLTDKqklbW.undefined; Path=/Formulario-Interno
Content-Type: text/xml;charset=ISO-8859-1
Content-Length: 297
Date: Tue, 20 Jun 2017 02:52:29 GMT
Connection: close

&lt;soap:Envelope xmlns:soap=&quot;http://schemas.xmlsoap.org/soap/envelope/&quot;&gt;&lt;soap:Body&gt;&lt;ns1:crearFormularioPotencialResponse xmlns:ns1=&quot;http://www.colfuturo.org/potencial/ws/ServicioIntegracionPotencial&quot;&gt;&lt;return&gt;Creo formulario&lt;/return&gt;&lt;/ns1:crearFormularioPotencialResponse&gt;&lt;/soap:Body&gt;&lt;/soap:Envelope&gt;

09:06:34 190.157.47.160 desde:node/44 preparando para almacenar usuario : 1088321637

09:06:34 190.157.47.160  conectando a : https://jboss2.colfuturo.org/Formulario-Interno/ServicioIntegracionPotencial?wsdl

09:06:34 190.157.47.160  enviando datos : {"numeroDocumento":"1088321637",
            "nombre":"Jennifer Carolina",
            "apellido":"Jiménez Betancourt",
            "email":"carolinajimenez@utp.edu.co",
            "fechaNacimiento":"18 ene 1984",
            "ciudadResidencia":"Pereira, Risaralda, Colombia",
            "genero":"F",
            "celular":"",
            "listaInteresAreaEstudio":[""],
            "listaInteresIdioma":[""]}

09:06:35 190.157.47.160  respuesta HTTP/1.1 200 OK
Server: Apache-Coyote/1.1
Set-Cookie: JSESSIONID=mPbIbjvbDI6v7cPRaMLrSK71.undefined; Path=/Formulario-Interno
Content-Type: text/xml;charset=ISO-8859-1
Content-Length: 297
Date: Tue, 20 Jun 2017 02:58:34 GMT
Connection: close

&lt;soap:Envelope xmlns:soap=&quot;http://schemas.xmlsoap.org/soap/envelope/&quot;&gt;&lt;soap:Body&gt;&lt;ns1:crearFormularioPotencialResponse xmlns:ns1=&quot;http://www.colfuturo.org/potencial/ws/ServicioIntegracionPotencial&quot;&gt;&lt;return&gt;Creo formulario&lt;/return&gt;&lt;/ns1:crearFormularioPotencialResponse&gt;&lt;/soap:Body&gt;&lt;/soap:Envelope&gt;

10:06:13 181.61.40.100 desde:user/register preparando para almacenar usuario : 1019082169

10:06:13 181.61.40.100  conectando a : https://jboss2.colfuturo.org/Formulario-Interno/ServicioIntegracionPotencial?wsdl

10:06:13 181.61.40.100  enviando datos : {"numeroDocumento":"1019082169",
            "nombre":"Vanessa",
            "apellido":"Rodriguez",
            "email":"vanessarodriguezsilva@gmail.com",
            "fechaNacimiento":"18 ene 1984",
            "ciudadResidencia":"Bogotá, Colombia",
            "genero":"F",
            "celular":"",
            "listaInteresAreaEstudio":["Ingeniería"],
            "listaInteresIdioma":["ingles"]}

10:06:14 181.61.40.100  respuesta HTTP/1.1 200 OK
Server: Apache-Coyote/1.1
Set-Cookie: JSESSIONID=69qkaQVoWYnTa+NsMyONuJ+B.undefined; Path=/Formulario-Interno
Content-Type: text/xml;charset=ISO-8859-1
Content-Length: 297
Date: Tue, 20 Jun 2017 03:16:14 GMT
Connection: close

&lt;soap:Envelope xmlns:soap=&quot;http://schemas.xmlsoap.org/soap/envelope/&quot;&gt;&lt;soap:Body&gt;&lt;ns1:crearFormularioPotencialResponse xmlns:ns1=&quot;http://www.colfuturo.org/potencial/ws/ServicioIntegracionPotencial&quot;&gt;&lt;return&gt;Creo formulario&lt;/return&gt;&lt;/ns1:crearFormularioPotencialResponse&gt;&lt;/soap:Body&gt;&lt;/soap:Envelope&gt;

10:06:19 167.0.234.97 desde:user/39687 preparando para almacenar usuario : 1013600386

10:06:19 167.0.234.97  conectando a : https://jboss2.colfuturo.org/Formulario-Interno/ServicioIntegracionPotencial?wsdl

10:06:19 167.0.234.97  enviando datos : {"numeroDocumento":"1013600386",
            "nombre":"Duvan Ferney",
            "apellido":"Cardona Arias",
            "email":"ferneylyp00@gmail.com",
            "fechaNacimiento":"18 ene 1984",
            "ciudadResidencia":"",
            "genero":"M",
            "celular":"",
            "listaInteresAreaEstudio":["Ingeniería"],
            "listaInteresIdioma":[""]}

10:06:19 167.0.234.97  respuesta HTTP/1.1 200 OK
Server: Apache-Coyote/1.1
Set-Cookie: JSESSIONID=p1pkZGDt+KVsfVrkQSYmMDjy.undefined; Path=/Formulario-Interno
Content-Type: text/xml;charset=ISO-8859-1
Content-Length: 301
Date: Tue, 20 Jun 2017 03:26:19 GMT
Connection: close

&lt;soap:Envelope xmlns:soap=&quot;http://schemas.xmlsoap.org/soap/envelope/&quot;&gt;&lt;soap:Body&gt;&lt;ns1:crearFormularioPotencialResponse xmlns:ns1=&quot;http://www.colfuturo.org/potencial/ws/ServicioIntegracionPotencial&quot;&gt;&lt;return&gt;Encontro formulario&lt;/return&gt;&lt;/ns1:crearFormularioPotencialResponse&gt;&lt;/soap:Body&gt;&lt;/soap:Envelope&gt;

10:06:13 186.30.183.218 desde:user/register preparando para almacenar usuario : 1019018835

10:06:13 186.30.183.218  conectando a : https://jboss2.colfuturo.org/Formulario-Interno/ServicioIntegracionPotencial?wsdl

10:06:13 186.30.183.218  enviando datos : {"numeroDocumento":"1019018835",
            "nombre":"Andres Felipe",
            "apellido":"Tovar Ruiz",
            "email":"felipqek@gmail.com",
            "fechaNacimiento":"18 ene 1984",
            "ciudadResidencia":"Bogotá, Colombia",
            "genero":"M",
            "celular":"",
            "listaInteresAreaEstudio":["Artes"],
            "listaInteresIdioma":[""]}

10:06:14 186.30.183.218  respuesta HTTP/1.1 200 OK
Server: Apache-Coyote/1.1
Set-Cookie: JSESSIONID=58cC3oPmFMK4Jyz-4J1ptTHA.undefined; Path=/Formulario-Interno
Content-Type: text/xml;charset=ISO-8859-1
Content-Length: 297
Date: Tue, 20 Jun 2017 03:42:13 GMT
Connection: close

&lt;soap:Envelope xmlns:soap=&quot;http://schemas.xmlsoap.org/soap/envelope/&quot;&gt;&lt;soap:Body&gt;&lt;ns1:crearFormularioPotencialResponse xmlns:ns1=&quot;http://www.colfuturo.org/potencial/ws/ServicioIntegracionPotencial&quot;&gt;&lt;return&gt;Creo formulario&lt;/return&gt;&lt;/ns1:crearFormularioPotencialResponse&gt;&lt;/soap:Body&gt;&lt;/soap:Envelope&gt;

10:06:59 181.133.97.37 desde:user/161605 preparando para almacenar usuario : 1095935786

10:06:59 181.133.97.37  conectando a : https://jboss2.colfuturo.org/Formulario-Interno/ServicioIntegracionPotencial?wsdl

10:06:59 181.133.97.37  enviando datos : {"numeroDocumento":"1095935786",
            "nombre":"Eliana",
            "apellido":"Gomez Acevedo",
            "email":"elianagomeza@hotmail.com",
            "fechaNacimiento":"18 ene 1984",
            "ciudadResidencia":"Piedecuesta, Santander, Colombia",
            "genero":"F",
            "celular":"",
            "listaInteresAreaEstudio":["Arquitectura y Diseño"],
            "listaInteresIdioma":[""]}

10:06:00 181.133.97.37  respuesta HTTP/1.1 200 OK
Server: Apache-Coyote/1.1
Set-Cookie: JSESSIONID=NPUVIRZwce33WmvDcg8uoKKs.undefined; Path=/Formulario-Interno
Content-Type: text/xml;charset=ISO-8859-1
Content-Length: 301
Date: Tue, 20 Jun 2017 03:45:59 GMT
Connection: close

&lt;soap:Envelope xmlns:soap=&quot;http://schemas.xmlsoap.org/soap/envelope/&quot;&gt;&lt;soap:Body&gt;&lt;ns1:crearFormularioPotencialResponse xmlns:ns1=&quot;http://www.colfuturo.org/potencial/ws/ServicioIntegracionPotencial&quot;&gt;&lt;return&gt;Encontro formulario&lt;/return&gt;&lt;/ns1:crearFormularioPotencialResponse&gt;&lt;/soap:Body&gt;&lt;/soap:Envelope&gt;

10:06:09 181.133.223.45 desde:user/register preparando para almacenar usuario : 1072667726

10:06:09 181.133.223.45  conectando a : https://jboss2.colfuturo.org/Formulario-Interno/ServicioIntegracionPotencial?wsdl

10:06:09 181.133.223.45  enviando datos : {"numeroDocumento":"1072667726",
            "nombre":"Daniel Fernando",
            "apellido":"Moncaleano Novoa",
            "email":"dfmoncaleano@gmail.com",
            "fechaNacimiento":"18 ene 1984",
            "ciudadResidencia":"Bogotá, Colombia",
            "genero":"M",
            "celular":"",
            "listaInteresAreaEstudio":["Administración y Negocios","Ciencias Agropecuarias y del Medio Ambiente","Ingeniería"],
            "listaInteresIdioma":["ingles","frances"]}

10:06:10 181.133.223.45  respuesta HTTP/1.1 200 OK
Server: Apache-Coyote/1.1
Set-Cookie: JSESSIONID=X4nSnuo-QMRd5Kl-VdkoOSXv.undefined; Path=/Formulario-Interno
Content-Type: text/xml;charset=ISO-8859-1
Content-Length: 297
Date: Tue, 20 Jun 2017 03:49:09 GMT
Connection: close

&lt;soap:Envelope xmlns:soap=&quot;http://schemas.xmlsoap.org/soap/envelope/&quot;&gt;&lt;soap:Body&gt;&lt;ns1:crearFormularioPotencialResponse xmlns:ns1=&quot;http://www.colfuturo.org/potencial/ws/ServicioIntegracionPotencial&quot;&gt;&lt;return&gt;Creo formulario&lt;/return&gt;&lt;/ns1:crearFormularioPotencialResponse&gt;&lt;/soap:Body&gt;&lt;/soap:Envelope&gt;

10:06:36 190.122.249.180 desde:user/register preparando para almacenar usuario : 1026301667

10:06:36 190.122.249.180  conectando a : https://jboss2.colfuturo.org/Formulario-Interno/ServicioIntegracionPotencial?wsdl

10:06:36 190.122.249.180  enviando datos : {"numeroDocumento":"1026301667",
            "nombre":"Lina",
            "apellido":"Plazas",
            "email":"linalejan10@hotmail.com",
            "fechaNacimiento":"18 ene 1984",
            "ciudadResidencia":"Bogotá, Colombia",
            "genero":"F",
            "celular":"",
            "listaInteresAreaEstudio":["Ingeniería"],
            "listaInteresIdioma":[""]}

10:06:37 190.122.249.180  respuesta HTTP/1.1 200 OK
Server: Apache-Coyote/1.1
Set-Cookie: JSESSIONID=z526D4oU8mc4LGqOjH+0kTqy.undefined; Path=/Formulario-Interno
Content-Type: text/xml;charset=ISO-8859-1
Content-Length: 297
Date: Tue, 20 Jun 2017 03:59:36 GMT
Connection: close

&lt;soap:Envelope xmlns:soap=&quot;http://schemas.xmlsoap.org/soap/envelope/&quot;&gt;&lt;soap:Body&gt;&lt;ns1:crearFormularioPotencialResponse xmlns:ns1=&quot;http://www.colfuturo.org/potencial/ws/ServicioIntegracionPotencial&quot;&gt;&lt;return&gt;Creo formulario&lt;/return&gt;&lt;/ns1:crearFormularioPotencialResponse&gt;&lt;/soap:Body&gt;&lt;/soap:Envelope&gt;

11:06:41 190.9.210.144 desde:user/register preparando para almacenar usuario : 1053842681

11:06:41 190.9.210.144  conectando a : https://jboss2.colfuturo.org/Formulario-Interno/ServicioIntegracionPotencial?wsdl

11:06:41 190.9.210.144  enviando datos : {"numeroDocumento":"1053842681",
            "nombre":"Mariana ",
            "apellido":"Segura Valencia",
            "email":"mariana.2395@hotmail.com",
            "fechaNacimiento":"18 ene 1984",
            "ciudadResidencia":"Manizales, Caldas, Colombia",
            "genero":"F",
            "celular":"",
            "listaInteresAreaEstudio":["Artes"],
            "listaInteresIdioma":[""]}

11:06:42 190.9.210.144  respuesta HTTP/1.1 200 OK
Server: Apache-Coyote/1.1
Set-Cookie: JSESSIONID=yxXJrkpNSt8vOi8rfsGT7Pva.undefined; Path=/Formulario-Interno
Content-Type: text/xml;charset=ISO-8859-1
Content-Length: 297
Date: Tue, 20 Jun 2017 04:24:41 GMT
Connection: close

&lt;soap:Envelope xmlns:soap=&quot;http://schemas.xmlsoap.org/soap/envelope/&quot;&gt;&lt;soap:Body&gt;&lt;ns1:crearFormularioPotencialResponse xmlns:ns1=&quot;http://www.colfuturo.org/potencial/ws/ServicioIntegracionPotencial&quot;&gt;&lt;return&gt;Creo formulario&lt;/return&gt;&lt;/ns1:crearFormularioPotencialResponse&gt;&lt;/soap:Body&gt;&lt;/soap:Envelope&gt;

11:06:52 186.29.252.235 desde:user/107946 preparando para almacenar usuario : 1020767227

11:06:52 186.29.252.235  conectando a : https://jboss2.colfuturo.org/Formulario-Interno/ServicioIntegracionPotencial?wsdl

11:06:52 186.29.252.235  enviando datos : {"numeroDocumento":"1020767227",
            "nombre":"María Isabel",
            "apellido":"López Rodríguez",
            "email":"isabellopez51@gmail.com",
            "fechaNacimiento":"18 ene 1984",
            "ciudadResidencia":"Bogotá, Colombia",
            "genero":"F",
            "celular":"",
            "listaInteresAreaEstudio":["Ingeniería"],
            "listaInteresIdioma":[""]}

11:06:52 186.29.252.235  respuesta HTTP/1.1 200 OK
Server: Apache-Coyote/1.1
Set-Cookie: JSESSIONID=8pJKaZHbV5zqi4-iIdv1Nzwa.undefined; Path=/Formulario-Interno
Content-Type: text/xml;charset=ISO-8859-1
Content-Length: 301
Date: Tue, 20 Jun 2017 04:26:52 GMT
Connection: close

&lt;soap:Envelope xmlns:soap=&quot;http://schemas.xmlsoap.org/soap/envelope/&quot;&gt;&lt;soap:Body&gt;&lt;ns1:crearFormularioPotencialResponse xmlns:ns1=&quot;http://www.colfuturo.org/potencial/ws/ServicioIntegracionPotencial&quot;&gt;&lt;return&gt;Encontro formulario&lt;/return&gt;&lt;/ns1:crearFormularioPotencialResponse&gt;&lt;/soap:Body&gt;&lt;/soap:Envelope&gt;

11:06:37 181.49.93.225 desde:user/register preparando para almacenar usuario : 1140861234

11:06:37 181.49.93.225  conectando a : https://jboss2.colfuturo.org/Formulario-Interno/ServicioIntegracionPotencial?wsdl

11:06:37 181.49.93.225  enviando datos : {"numeroDocumento":"1140861234",
            "nombre":"Alejandro",
            "apellido":"Harris Bonet",
            "email":"aharris@uninorte.edu.co",
            "fechaNacimiento":"18 ene 1984",
            "ciudadResidencia":"Barranquilla, Atlántico, Colombia",
            "genero":"M",
            "celular":"",
            "listaInteresAreaEstudio":["Artes"],
            "listaInteresIdioma":["ingles"]}

11:06:38 181.49.93.225  respuesta HTTP/1.1 200 OK
Server: Apache-Coyote/1.1
Set-Cookie: JSESSIONID=GFD8oZF4CUJswoS1n1b-1TyP.undefined; Path=/Formulario-Interno
Content-Type: text/xml;charset=ISO-8859-1
Content-Length: 297
Date: Tue, 20 Jun 2017 04:33:38 GMT
Connection: close

&lt;soap:Envelope xmlns:soap=&quot;http://schemas.xmlsoap.org/soap/envelope/&quot;&gt;&lt;soap:Body&gt;&lt;ns1:crearFormularioPotencialResponse xmlns:ns1=&quot;http://www.colfuturo.org/potencial/ws/ServicioIntegracionPotencial&quot;&gt;&lt;return&gt;Creo formulario&lt;/return&gt;&lt;/ns1:crearFormularioPotencialResponse&gt;&lt;/soap:Body&gt;&lt;/soap:Envelope&gt;

11:06:41 181.49.93.225 desde:user/161614 preparando para almacenar usuario : 1140861234

11:06:41 181.49.93.225  conectando a : https://jboss2.colfuturo.org/Formulario-Interno/ServicioIntegracionPotencial?wsdl

11:06:41 181.49.93.225  enviando datos : {"numeroDocumento":"1140861234",
            "nombre":"Alejandro",
            "apellido":"Harris Bonet",
            "email":"aharris@uninorte.edu.co",
            "fechaNacimiento":"18 ene 1984",
            "ciudadResidencia":"Barranquilla, Atlántico, Colombia",
            "genero":"M",
            "celular":"",
            "listaInteresAreaEstudio":["Artes"],
            "listaInteresIdioma":["ingles"]}

11:06:42 181.49.93.225  respuesta HTTP/1.1 200 OK
Server: Apache-Coyote/1.1
Set-Cookie: JSESSIONID=8C16xznDindWwmgsMYWD8OYa.undefined; Path=/Formulario-Interno
Content-Type: text/xml;charset=ISO-8859-1
Content-Length: 301
Date: Tue, 20 Jun 2017 04:45:41 GMT
Connection: close

&lt;soap:Envelope xmlns:soap=&quot;http://schemas.xmlsoap.org/soap/envelope/&quot;&gt;&lt;soap:Body&gt;&lt;ns1:crearFormularioPotencialResponse xmlns:ns1=&quot;http://www.colfuturo.org/potencial/ws/ServicioIntegracionPotencial&quot;&gt;&lt;return&gt;Encontro formulario&lt;/return&gt;&lt;/ns1:crearFormularioPotencialResponse&gt;&lt;/soap:Body&gt;&lt;/soap:Envelope&gt;

