04:01:02 10.184.26.125 desde:user/register preparando para almacenar usuario : 1036620232

04:01:02 10.184.26.125  conectando a : https://jboss2.colfuturo.org/Formulario-Interno/ServicioIntegracionPotencial?wsdl

04:01:02 10.184.26.125  enviando datos : {"numeroDocumento":"1036620232",
            "nombre":"Sara",
            "apellido":"Moloina Zapata",
            "email":"saramolinazapata@gmail.com",
            "fechaNacimiento":"05-01-2019",
            "ciudadResidencia":"Spring Hill Queensland, Australia",
            "genero":"F",
            "celular":"",
            "listaInteresAreaEstudio":["Derecho"],
            "listaInteresIdioma":[""]}

04:01:03 10.184.26.125  respuesta HTTP/1.1 100 Continue

HTTP/1.1 200 OK
Server: nginx/1.14.0
Date: Sat, 05 Jan 2019 09:53:18 GMT
Content-Type: text/xml;charset=ISO-8859-1
Content-Length: 297
Connection: keep-alive
Vary: Accept-Encoding
Set-Cookie: JSESSIONID=eOMb2uGVxWl5U6lmjsmgGQbG.undefined; Path=/Formulario-Interno
X-CdnHost: ns10.colfuturo.org

&lt;soap:Envelope xmlns:soap=&quot;http://schemas.xmlsoap.org/soap/envelope/&quot;&gt;&lt;soap:Body&gt;&lt;ns1:crearFormularioPotencialResponse xmlns:ns1=&quot;http://www.colfuturo.org/potencial/ws/ServicioIntegracionPotencial&quot;&gt;&lt;return&gt;Creo formulario&lt;/return&gt;&lt;/ns1:crearFormularioPotencialResponse&gt;&lt;/soap:Body&gt;&lt;/soap:Envelope&gt;

05:01:45 10.184.26.125 desde:user/register preparando para almacenar usuario : 1018426226

05:01:45 10.184.26.125  conectando a : https://jboss2.colfuturo.org/Formulario-Interno/ServicioIntegracionPotencial?wsdl

05:01:45 10.184.26.125  enviando datos : {"numeroDocumento":"1018426226",
            "nombre":"Camilo Andrés",
            "apellido":"Bravo Molano",
            "email":"cabravom@unal.edu.co",
            "fechaNacimiento":"05-01-2019",
            "ciudadResidencia":"Hamburg, Alemania",
            "genero":"M",
            "celular":"",
            "listaInteresAreaEstudio":["Artes"],
            "listaInteresIdioma":["ingles","frances"]}

05:01:46 10.184.26.125  respuesta HTTP/1.1 100 Continue

HTTP/1.1 200 OK
Server: nginx/1.14.0
Date: Sat, 05 Jan 2019 10:56:01 GMT
Content-Type: text/xml;charset=ISO-8859-1
Content-Length: 297
Connection: keep-alive
Vary: Accept-Encoding
Set-Cookie: JSESSIONID=NGOVvwZdUSeDLhLcE9viEZXF.undefined; Path=/Formulario-Interno
X-CdnHost: ns10.colfuturo.org

&lt;soap:Envelope xmlns:soap=&quot;http://schemas.xmlsoap.org/soap/envelope/&quot;&gt;&lt;soap:Body&gt;&lt;ns1:crearFormularioPotencialResponse xmlns:ns1=&quot;http://www.colfuturo.org/potencial/ws/ServicioIntegracionPotencial&quot;&gt;&lt;return&gt;Creo formulario&lt;/return&gt;&lt;/ns1:crearFormularioPotencialResponse&gt;&lt;/soap:Body&gt;&lt;/soap:Envelope&gt;

08:01:51 10.184.26.125 desde:user/register preparando para almacenar usuario : 1013594454

08:01:51 10.184.26.125  conectando a : https://jboss2.colfuturo.org/Formulario-Interno/ServicioIntegracionPotencial?wsdl

08:01:51 10.184.26.125  enviando datos : {"numeroDocumento":"1013594454",
            "nombre":"Arnold",
            "apellido":"Villareal Martinez",
            "email":"arnoldvillareal1992@gmail.com",
            "fechaNacimiento":"05-01-2019",
            "ciudadResidencia":"Bogotá, Colombia",
            "genero":"M",
            "celular":"",
            "listaInteresAreaEstudio":[""],
            "listaInteresIdioma":["ingles"]}

08:01:51 10.184.26.125  respuesta HTTP/1.1 100 Continue

HTTP/1.1 200 OK
Server: nginx/1.14.0
Date: Sat, 05 Jan 2019 13:22:06 GMT
Content-Type: text/xml;charset=ISO-8859-1
Content-Length: 297
Connection: keep-alive
Vary: Accept-Encoding
Set-Cookie: JSESSIONID=HAYWtSDtEfK9Yn8lH9Pfnggs.undefined; Path=/Formulario-Interno
X-CdnHost: ns10.colfuturo.org

&lt;soap:Envelope xmlns:soap=&quot;http://schemas.xmlsoap.org/soap/envelope/&quot;&gt;&lt;soap:Body&gt;&lt;ns1:crearFormularioPotencialResponse xmlns:ns1=&quot;http://www.colfuturo.org/potencial/ws/ServicioIntegracionPotencial&quot;&gt;&lt;return&gt;Creo formulario&lt;/return&gt;&lt;/ns1:crearFormularioPotencialResponse&gt;&lt;/soap:Body&gt;&lt;/soap:Envelope&gt;

09:01:46 10.184.26.125 desde:user/register preparando para almacenar usuario : 1007555248

09:01:46 10.184.26.125  conectando a : https://jboss2.colfuturo.org/Formulario-Interno/ServicioIntegracionPotencial?wsdl

09:01:46 10.184.26.125  enviando datos : {"numeroDocumento":"1007555248",
            "nombre":"Luis Daniel",
            "apellido":"Urrutia Mateus",
            "email":"juanpabloardilama97@gmail.com",
            "fechaNacimiento":"05-01-2019",
            "ciudadResidencia":"Piedecuesta, Santander, Colombia",
            "genero":"M",
            "celular":"",
            "listaInteresAreaEstudio":["Economía"],
            "listaInteresIdioma":["ingles"]}

09:01:47 10.184.26.125  respuesta HTTP/1.1 100 Continue

HTTP/1.1 200 OK
Server: nginx/1.14.0
Date: Sat, 05 Jan 2019 14:35:02 GMT
Content-Type: text/xml;charset=ISO-8859-1
Content-Length: 297
Connection: keep-alive
Vary: Accept-Encoding
Set-Cookie: JSESSIONID=-SRiotaEwuwOnKJqKMqTTp+W.undefined; Path=/Formulario-Interno
X-CdnHost: ns10.colfuturo.org

&lt;soap:Envelope xmlns:soap=&quot;http://schemas.xmlsoap.org/soap/envelope/&quot;&gt;&lt;soap:Body&gt;&lt;ns1:crearFormularioPotencialResponse xmlns:ns1=&quot;http://www.colfuturo.org/potencial/ws/ServicioIntegracionPotencial&quot;&gt;&lt;return&gt;Creo formulario&lt;/return&gt;&lt;/ns1:crearFormularioPotencialResponse&gt;&lt;/soap:Body&gt;&lt;/soap:Envelope&gt;

10:01:12 10.184.26.125 desde:user/register preparando para almacenar usuario : 1121912869

10:01:12 10.184.26.125  conectando a : https://jboss2.colfuturo.org/Formulario-Interno/ServicioIntegracionPotencial?wsdl

10:01:12 10.184.26.125  enviando datos : {"numeroDocumento":"1121912869",
            "nombre":"ANDRES NICOLAS",
            "apellido":"BARBOSA BROCHERO",
            "email":"nicolasbarbosa16@hotmail.com",
            "fechaNacimiento":"05-01-2019",
            "ciudadResidencia":"Villavicencio, Meta, Colombia",
            "genero":"M",
            "celular":"",
            "listaInteresAreaEstudio":["Derecho"],
            "listaInteresIdioma":[""]}

10:01:12 10.184.26.125  respuesta HTTP/1.1 100 Continue

HTTP/1.1 200 OK
Server: nginx/1.14.0
Date: Sat, 05 Jan 2019 15:07:27 GMT
Content-Type: text/xml;charset=ISO-8859-1
Content-Length: 297
Connection: keep-alive
Vary: Accept-Encoding
Set-Cookie: JSESSIONID=Vduj6eqqo23WSW7nLRZBTiGz.undefined; Path=/Formulario-Interno
X-CdnHost: ns10.colfuturo.org

&lt;soap:Envelope xmlns:soap=&quot;http://schemas.xmlsoap.org/soap/envelope/&quot;&gt;&lt;soap:Body&gt;&lt;ns1:crearFormularioPotencialResponse xmlns:ns1=&quot;http://www.colfuturo.org/potencial/ws/ServicioIntegracionPotencial&quot;&gt;&lt;return&gt;Creo formulario&lt;/return&gt;&lt;/ns1:crearFormularioPotencialResponse&gt;&lt;/soap:Body&gt;&lt;/soap:Envelope&gt;

10:01:12 10.184.26.125 desde:user/register preparando para almacenar usuario : 1152448149

10:01:12 10.184.26.125  conectando a : https://jboss2.colfuturo.org/Formulario-Interno/ServicioIntegracionPotencial?wsdl

10:01:12 10.184.26.125  enviando datos : {"numeroDocumento":"1152448149",
            "nombre":"Sara",
            "apellido":"Alzate",
            "email":"sarisalzate_94@hotmail.com",
            "fechaNacimiento":"05-01-2019",
            "ciudadResidencia":"Medellín, Antioquia, Colombia",
            "genero":"F",
            "celular":"",
            "listaInteresAreaEstudio":["Administración y Negocios","Economía"],
            "listaInteresIdioma":["ingles"]}

10:01:13 10.184.26.125  respuesta HTTP/1.1 100 Continue

HTTP/1.1 200 OK
Server: nginx/1.14.0
Date: Sat, 05 Jan 2019 15:42:27 GMT
Content-Type: text/xml;charset=ISO-8859-1
Content-Length: 297
Connection: keep-alive
Vary: Accept-Encoding
Set-Cookie: JSESSIONID=NdIGYKWdncX6fZacXQ74kVPa.undefined; Path=/Formulario-Interno
X-CdnHost: ns10.colfuturo.org

&lt;soap:Envelope xmlns:soap=&quot;http://schemas.xmlsoap.org/soap/envelope/&quot;&gt;&lt;soap:Body&gt;&lt;ns1:crearFormularioPotencialResponse xmlns:ns1=&quot;http://www.colfuturo.org/potencial/ws/ServicioIntegracionPotencial&quot;&gt;&lt;return&gt;Creo formulario&lt;/return&gt;&lt;/ns1:crearFormularioPotencialResponse&gt;&lt;/soap:Body&gt;&lt;/soap:Envelope&gt;

10:01:34 10.184.26.125 desde:user/register preparando para almacenar usuario : 1032420630

10:01:34 10.184.26.125  conectando a : https://jboss2.colfuturo.org/Formulario-Interno/ServicioIntegracionPotencial?wsdl

10:01:34 10.184.26.125  enviando datos : {"numeroDocumento":"1032420630",
            "nombre":"camilo andres",
            "apellido":"silva ardila",
            "email":"camilito1988@gmail.com",
            "fechaNacimiento":"05-01-2019",
            "ciudadResidencia":"Bogotá, Colombia",
            "genero":"M",
            "celular":"",
            "listaInteresAreaEstudio":["Arquitectura y Diseño"],
            "listaInteresIdioma":[""]}

10:01:35 10.184.26.125  respuesta HTTP/1.1 100 Continue

HTTP/1.1 200 OK
Server: nginx/1.14.0
Date: Sat, 05 Jan 2019 15:48:50 GMT
Content-Type: text/xml;charset=ISO-8859-1
Content-Length: 297
Connection: keep-alive
Vary: Accept-Encoding
Set-Cookie: JSESSIONID=KkpsF-SEjE00l3PH-vtifeDV.undefined; Path=/Formulario-Interno
X-CdnHost: ns10.colfuturo.org

&lt;soap:Envelope xmlns:soap=&quot;http://schemas.xmlsoap.org/soap/envelope/&quot;&gt;&lt;soap:Body&gt;&lt;ns1:crearFormularioPotencialResponse xmlns:ns1=&quot;http://www.colfuturo.org/potencial/ws/ServicioIntegracionPotencial&quot;&gt;&lt;return&gt;Creo formulario&lt;/return&gt;&lt;/ns1:crearFormularioPotencialResponse&gt;&lt;/soap:Body&gt;&lt;/soap:Envelope&gt;

10:01:38 10.184.26.125 desde:user/register preparando para almacenar usuario : 4516552

10:01:38 10.184.26.125  conectando a : https://jboss2.colfuturo.org/Formulario-Interno/ServicioIntegracionPotencial?wsdl

10:01:38 10.184.26.125  enviando datos : {"numeroDocumento":"4516552",
            "nombre":"carlos enrique",
            "apellido":"avila castano",
            "email":"vikingos081@hotmail.com",
            "fechaNacimiento":"05-01-2019",
            "ciudadResidencia":"Pereira, Risaralda, Colombia",
            "genero":"M",
            "celular":"",
            "listaInteresAreaEstudio":["Ciencias de la Salud","Ciencias Políticas y Relaciones Internacionales","Ciencias Sociales","Educación"],
            "listaInteresIdioma":["ingles","frances"]}

10:01:38 10.184.26.125  respuesta HTTP/1.1 100 Continue

HTTP/1.1 200 OK
Server: nginx/1.14.0
Date: Sat, 05 Jan 2019 15:54:53 GMT
Content-Type: text/xml;charset=ISO-8859-1
Content-Length: 297
Connection: keep-alive
Vary: Accept-Encoding
Set-Cookie: JSESSIONID=xOYwV+HDmYdtPhI0isldp18N.undefined; Path=/Formulario-Interno
X-CdnHost: ns10.colfuturo.org

&lt;soap:Envelope xmlns:soap=&quot;http://schemas.xmlsoap.org/soap/envelope/&quot;&gt;&lt;soap:Body&gt;&lt;ns1:crearFormularioPotencialResponse xmlns:ns1=&quot;http://www.colfuturo.org/potencial/ws/ServicioIntegracionPotencial&quot;&gt;&lt;return&gt;Creo formulario&lt;/return&gt;&lt;/ns1:crearFormularioPotencialResponse&gt;&lt;/soap:Body&gt;&lt;/soap:Envelope&gt;

10:01:24 10.184.26.125 desde:user/register preparando para almacenar usuario : 1049610659

10:01:24 10.184.26.125  conectando a : https://jboss2.colfuturo.org/Formulario-Interno/ServicioIntegracionPotencial?wsdl

10:01:24 10.184.26.125  enviando datos : {"numeroDocumento":"1049610659",
            "nombre":"yulieth fernanda",
            "apellido":"garcia mancipe",
            "email":"COMOSEA_01@HOTMAIL.COM",
            "fechaNacimiento":"05-01-2019",
            "ciudadResidencia":"Guatemala C.A, Guatemala",
            "genero":"F",
            "celular":"",
            "listaInteresAreaEstudio":["Ciencias de la Salud"],
            "listaInteresIdioma":[""]}

10:01:25 10.184.26.125  respuesta HTTP/1.1 100 Continue

HTTP/1.1 200 OK
Server: nginx/1.14.0
Date: Sat, 05 Jan 2019 15:56:40 GMT
Content-Type: text/xml;charset=ISO-8859-1
Content-Length: 297
Connection: keep-alive
Vary: Accept-Encoding
Set-Cookie: JSESSIONID=XBUqPY0Bgg5voF5DnD7keKMh.undefined; Path=/Formulario-Interno
X-CdnHost: ns10.colfuturo.org

&lt;soap:Envelope xmlns:soap=&quot;http://schemas.xmlsoap.org/soap/envelope/&quot;&gt;&lt;soap:Body&gt;&lt;ns1:crearFormularioPotencialResponse xmlns:ns1=&quot;http://www.colfuturo.org/potencial/ws/ServicioIntegracionPotencial&quot;&gt;&lt;return&gt;Creo formulario&lt;/return&gt;&lt;/ns1:crearFormularioPotencialResponse&gt;&lt;/soap:Body&gt;&lt;/soap:Envelope&gt;

10:01:44 10.184.26.125 desde:user/register preparando para almacenar usuario : 1020776461

10:01:44 10.184.26.125  conectando a : https://jboss2.colfuturo.org/Formulario-Interno/ServicioIntegracionPotencial?wsdl

10:01:44 10.184.26.125  enviando datos : {"numeroDocumento":"1020776461",
            "nombre":"maria paula ",
            "apellido":"ardila pernett",
            "email":"lizpernett@hotmail.com",
            "fechaNacimiento":"05-01-2019",
            "ciudadResidencia":"Bogotá, Colombia",
            "genero":"F",
            "celular":"",
            "listaInteresAreaEstudio":["Derecho"],
            "listaInteresIdioma":[""]}

10:01:45 10.184.26.125  respuesta HTTP/1.1 100 Continue

HTTP/1.1 200 OK
Server: nginx/1.14.0
Date: Sat, 05 Jan 2019 15:59:00 GMT
Content-Type: text/xml;charset=ISO-8859-1
Content-Length: 297
Connection: keep-alive
Vary: Accept-Encoding
Set-Cookie: JSESSIONID=Ao7s6uxPvf8ikw5bMxpIDiLO.undefined; Path=/Formulario-Interno
X-CdnHost: ns10.colfuturo.org

&lt;soap:Envelope xmlns:soap=&quot;http://schemas.xmlsoap.org/soap/envelope/&quot;&gt;&lt;soap:Body&gt;&lt;ns1:crearFormularioPotencialResponse xmlns:ns1=&quot;http://www.colfuturo.org/potencial/ws/ServicioIntegracionPotencial&quot;&gt;&lt;return&gt;Creo formulario&lt;/return&gt;&lt;/ns1:crearFormularioPotencialResponse&gt;&lt;/soap:Body&gt;&lt;/soap:Envelope&gt;

11:01:56 10.184.26.125 desde:user/register preparando para almacenar usuario : 80091777

11:01:56 10.184.26.125  conectando a : https://jboss2.colfuturo.org/Formulario-Interno/ServicioIntegracionPotencial?wsdl

11:01:56 10.184.26.125  enviando datos : {"numeroDocumento":"80091777",
            "nombre":"JUAN PABLO",
            "apellido":"SALAZAR SILVA",
            "email":"juanpasalazar10@hotmail.com",
            "fechaNacimiento":"05-01-2019",
            "ciudadResidencia":"Bogotá, Colombia",
            "genero":"M",
            "celular":"",
            "listaInteresAreaEstudio":["Ingeniería"],
            "listaInteresIdioma":[""]}

11:01:57 10.184.26.125  respuesta HTTP/1.1 100 Continue

HTTP/1.1 200 OK
Server: nginx/1.14.0
Date: Sat, 05 Jan 2019 16:07:12 GMT
Content-Type: text/xml;charset=ISO-8859-1
Content-Length: 297
Connection: keep-alive
Vary: Accept-Encoding
Set-Cookie: JSESSIONID=nrx+zlRWCy6HcUtR5Bq5Twle.undefined; Path=/Formulario-Interno
X-CdnHost: ns10.colfuturo.org

&lt;soap:Envelope xmlns:soap=&quot;http://schemas.xmlsoap.org/soap/envelope/&quot;&gt;&lt;soap:Body&gt;&lt;ns1:crearFormularioPotencialResponse xmlns:ns1=&quot;http://www.colfuturo.org/potencial/ws/ServicioIntegracionPotencial&quot;&gt;&lt;return&gt;Creo formulario&lt;/return&gt;&lt;/ns1:crearFormularioPotencialResponse&gt;&lt;/soap:Body&gt;&lt;/soap:Envelope&gt;

11:01:51 10.184.26.125 desde:user/register preparando para almacenar usuario : 1038132529

11:01:51 10.184.26.125  conectando a : https://jboss2.colfuturo.org/Formulario-Interno/ServicioIntegracionPotencial?wsdl

11:01:51 10.184.26.125  enviando datos : {"numeroDocumento":"1038132529",
            "nombre":"Sebastian",
            "apellido":"Carvajal Guerra",
            "email":"scarvajalg@unal.edu.co",
            "fechaNacimiento":"05-01-2019",
            "ciudadResidencia":"Medellín, Antioquia, Colombia",
            "genero":"M",
            "celular":"",
            "listaInteresAreaEstudio":["Ingeniería"],
            "listaInteresIdioma":[""]}

11:01:52 10.184.26.125  respuesta HTTP/1.1 100 Continue

HTTP/1.1 200 OK
Server: nginx/1.14.0
Date: Sat, 05 Jan 2019 16:09:06 GMT
Content-Type: text/xml;charset=ISO-8859-1
Content-Length: 297
Connection: keep-alive
Vary: Accept-Encoding
Set-Cookie: JSESSIONID=WY+znDSNKH+MDGxsOo5Rn2dC.undefined; Path=/Formulario-Interno
X-CdnHost: ns10.colfuturo.org

&lt;soap:Envelope xmlns:soap=&quot;http://schemas.xmlsoap.org/soap/envelope/&quot;&gt;&lt;soap:Body&gt;&lt;ns1:crearFormularioPotencialResponse xmlns:ns1=&quot;http://www.colfuturo.org/potencial/ws/ServicioIntegracionPotencial&quot;&gt;&lt;return&gt;Creo formulario&lt;/return&gt;&lt;/ns1:crearFormularioPotencialResponse&gt;&lt;/soap:Body&gt;&lt;/soap:Envelope&gt;

12:01:24 10.184.26.125 desde:user/register preparando para almacenar usuario : 1030682643

12:01:24 10.184.26.125  conectando a : https://jboss2.colfuturo.org/Formulario-Interno/ServicioIntegracionPotencial?wsdl

12:01:24 10.184.26.125  enviando datos : {"numeroDocumento":"1030682643",
            "nombre":"Neider Dubán",
            "apellido":"León Abello",
            "email":"neiderx100@gmail.com",
            "fechaNacimiento":"05-01-2019",
            "ciudadResidencia":"Bogotá, Colombia",
            "genero":"M",
            "celular":"",
            "listaInteresAreaEstudio":["Ciencias Sociales"],
            "listaInteresIdioma":["ingles"]}

12:01:25 10.184.26.125  respuesta HTTP/1.1 100 Continue

HTTP/1.1 200 OK
Server: nginx/1.14.0
Date: Sat, 05 Jan 2019 17:17:40 GMT
Content-Type: text/xml;charset=ISO-8859-1
Content-Length: 297
Connection: keep-alive
Vary: Accept-Encoding
Set-Cookie: JSESSIONID=0ToS2feTa5oCCBcZsGF09VYS.undefined; Path=/Formulario-Interno
X-CdnHost: ns10.colfuturo.org

&lt;soap:Envelope xmlns:soap=&quot;http://schemas.xmlsoap.org/soap/envelope/&quot;&gt;&lt;soap:Body&gt;&lt;ns1:crearFormularioPotencialResponse xmlns:ns1=&quot;http://www.colfuturo.org/potencial/ws/ServicioIntegracionPotencial&quot;&gt;&lt;return&gt;Creo formulario&lt;/return&gt;&lt;/ns1:crearFormularioPotencialResponse&gt;&lt;/soap:Body&gt;&lt;/soap:Envelope&gt;

12:01:39 10.184.26.125 desde:user/register preparando para almacenar usuario : 1129580775

12:01:39 10.184.26.125  conectando a : https://jboss2.colfuturo.org/Formulario-Interno/ServicioIntegracionPotencial?wsdl

12:01:39 10.184.26.125  enviando datos : {"numeroDocumento":"1129580775",
            "nombre":"Laura",
            "apellido":"Duarte",
            "email":"lauraduartec@gmail.com",
            "fechaNacimiento":"05-01-2019",
            "ciudadResidencia":"Barranquilla, Atlántico, Colombia",
            "genero":"F",
            "celular":"",
            "listaInteresAreaEstudio":["Arquitectura y Diseño","Ciencias Políticas y Relaciones Internacionales","Ciencias Sociales"],
            "listaInteresIdioma":[""]}

12:01:39 10.184.26.125  respuesta HTTP/1.1 100 Continue

HTTP/1.1 200 OK
Server: nginx/1.14.0
Date: Sat, 05 Jan 2019 17:28:54 GMT
Content-Type: text/xml;charset=ISO-8859-1
Content-Length: 297
Connection: keep-alive
Vary: Accept-Encoding
Set-Cookie: JSESSIONID=kUxpz-v6pUe3QyvNfPIeK1Vo.undefined; Path=/Formulario-Interno
X-CdnHost: ns10.colfuturo.org

&lt;soap:Envelope xmlns:soap=&quot;http://schemas.xmlsoap.org/soap/envelope/&quot;&gt;&lt;soap:Body&gt;&lt;ns1:crearFormularioPotencialResponse xmlns:ns1=&quot;http://www.colfuturo.org/potencial/ws/ServicioIntegracionPotencial&quot;&gt;&lt;return&gt;Creo formulario&lt;/return&gt;&lt;/ns1:crearFormularioPotencialResponse&gt;&lt;/soap:Body&gt;&lt;/soap:Envelope&gt;

12:01:00 10.184.26.125 desde:user/register preparando para almacenar usuario : 71774443

12:01:00 10.184.26.125  conectando a : https://jboss2.colfuturo.org/Formulario-Interno/ServicioIntegracionPotencial?wsdl

12:01:00 10.184.26.125  enviando datos : {"numeroDocumento":"71774443",
            "nombre":"Nicolas",
            "apellido":"Cordero Gutierrez",
            "email":"mr1998hc@gmail.com",
            "fechaNacimiento":"05-01-2019",
            "ciudadResidencia":"Medellín, Antioquia, Colombia",
            "genero":"M",
            "celular":"",
            "listaInteresAreaEstudio":["Ciencias de la Salud"],
            "listaInteresIdioma":["ingles"]}

12:01:01 10.184.26.125  respuesta HTTP/1.1 100 Continue

HTTP/1.1 200 OK
Server: nginx/1.14.0
Date: Sat, 05 Jan 2019 17:29:16 GMT
Content-Type: text/xml;charset=ISO-8859-1
Content-Length: 297
Connection: keep-alive
Vary: Accept-Encoding
Set-Cookie: JSESSIONID=18S7Xd3NoQDE8ruQ3gIozDhz.undefined; Path=/Formulario-Interno
X-CdnHost: ns10.colfuturo.org

&lt;soap:Envelope xmlns:soap=&quot;http://schemas.xmlsoap.org/soap/envelope/&quot;&gt;&lt;soap:Body&gt;&lt;ns1:crearFormularioPotencialResponse xmlns:ns1=&quot;http://www.colfuturo.org/potencial/ws/ServicioIntegracionPotencial&quot;&gt;&lt;return&gt;Creo formulario&lt;/return&gt;&lt;/ns1:crearFormularioPotencialResponse&gt;&lt;/soap:Body&gt;&lt;/soap:Envelope&gt;

12:01:53 10.184.26.125 desde:user/register preparando para almacenar usuario : 1032468365

12:01:53 10.184.26.125  conectando a : https://jboss2.colfuturo.org/Formulario-Interno/ServicioIntegracionPotencial?wsdl

12:01:53 10.184.26.125  enviando datos : {"numeroDocumento":"1032468365",
            "nombre":"Mariapaz",
            "apellido":"Dueñas Florez",
            "email":"ma.pazflorez@gmail.com",
            "fechaNacimiento":"05-01-2019",
            "ciudadResidencia":"Chía, Cundinamarca, Colombia",
            "genero":"F",
            "celular":"",
            "listaInteresAreaEstudio":["Ciencias Agropecuarias y del Medio Ambiente"],
            "listaInteresIdioma":[""]}

12:01:53 10.184.26.125  respuesta HTTP/1.1 100 Continue

HTTP/1.1 200 OK
Server: nginx/1.14.0
Date: Sat, 05 Jan 2019 17:39:08 GMT
Content-Type: text/xml;charset=ISO-8859-1
Content-Length: 297
Connection: keep-alive
Vary: Accept-Encoding
Set-Cookie: JSESSIONID=FHS-ubR4uqNaImQNlGIieoES.undefined; Path=/Formulario-Interno
X-CdnHost: ns10.colfuturo.org

&lt;soap:Envelope xmlns:soap=&quot;http://schemas.xmlsoap.org/soap/envelope/&quot;&gt;&lt;soap:Body&gt;&lt;ns1:crearFormularioPotencialResponse xmlns:ns1=&quot;http://www.colfuturo.org/potencial/ws/ServicioIntegracionPotencial&quot;&gt;&lt;return&gt;Creo formulario&lt;/return&gt;&lt;/ns1:crearFormularioPotencialResponse&gt;&lt;/soap:Body&gt;&lt;/soap:Envelope&gt;

12:01:32 10.184.26.125 desde:user/172804 preparando para almacenar usuario : 1065894534

12:01:32 10.184.26.125  conectando a : https://jboss2.colfuturo.org/Formulario-Interno/ServicioIntegracionPotencial?wsdl

12:01:32 10.184.26.125  enviando datos : {"numeroDocumento":"1065894534",
            "nombre":"Isaac ",
            "apellido":"Dodino Duarte",
            "email":"isdodu1993@hotmail.com",
            "fechaNacimiento":"05-01-2019",
            "ciudadResidencia":"Aguachica, Cesar, Colombia",
            "genero":"M",
            "celular":"",
            "listaInteresAreaEstudio":[""],
            "listaInteresIdioma":[""]}

12:01:32 10.184.26.125  respuesta HTTP/1.1 100 Continue

HTTP/1.1 200 OK
Server: nginx/1.14.0
Date: Sat, 05 Jan 2019 17:41:47 GMT
Content-Type: text/xml;charset=ISO-8859-1
Content-Length: 301
Connection: keep-alive
Vary: Accept-Encoding
Set-Cookie: JSESSIONID=7DFwdvrlueYOp9zHjYyWzk7S.undefined; Path=/Formulario-Interno
X-CdnHost: ns10.colfuturo.org

&lt;soap:Envelope xmlns:soap=&quot;http://schemas.xmlsoap.org/soap/envelope/&quot;&gt;&lt;soap:Body&gt;&lt;ns1:crearFormularioPotencialResponse xmlns:ns1=&quot;http://www.colfuturo.org/potencial/ws/ServicioIntegracionPotencial&quot;&gt;&lt;return&gt;Encontro formulario&lt;/return&gt;&lt;/ns1:crearFormularioPotencialResponse&gt;&lt;/soap:Body&gt;&lt;/soap:Envelope&gt;

01:01:37 10.184.26.125 desde:user/register preparando para almacenar usuario : 1030597085

01:01:37 10.184.26.125  conectando a : https://jboss2.colfuturo.org/Formulario-Interno/ServicioIntegracionPotencial?wsdl

01:01:37 10.184.26.125  enviando datos : {"numeroDocumento":"1030597085",
            "nombre":"Julián Sebastián",
            "apellido":"Chaparro Becerra",
            "email":"MONITIAN2010@HOTMAIL.COM",
            "fechaNacimiento":"05-01-2019",
            "ciudadResidencia":"Bogotá, Colombia",
            "genero":"M",
            "celular":"",
            "listaInteresAreaEstudio":["Arquitectura y Diseño"],
            "listaInteresIdioma":["ingles","frances"]}

01:01:37 10.184.26.125  respuesta HTTP/1.1 100 Continue

HTTP/1.1 200 OK
Server: nginx/1.14.0
Date: Sat, 05 Jan 2019 18:02:52 GMT
Content-Type: text/xml;charset=ISO-8859-1
Content-Length: 297
Connection: keep-alive
Vary: Accept-Encoding
Set-Cookie: JSESSIONID=gijCrrAiAAzFTQffzb5B3Ra2.undefined; Path=/Formulario-Interno
X-CdnHost: ns10.colfuturo.org

&lt;soap:Envelope xmlns:soap=&quot;http://schemas.xmlsoap.org/soap/envelope/&quot;&gt;&lt;soap:Body&gt;&lt;ns1:crearFormularioPotencialResponse xmlns:ns1=&quot;http://www.colfuturo.org/potencial/ws/ServicioIntegracionPotencial&quot;&gt;&lt;return&gt;Creo formulario&lt;/return&gt;&lt;/ns1:crearFormularioPotencialResponse&gt;&lt;/soap:Body&gt;&lt;/soap:Envelope&gt;

01:01:04 10.184.26.125 desde:user/register preparando para almacenar usuario : 1144071540

01:01:04 10.184.26.125  conectando a : https://jboss2.colfuturo.org/Formulario-Interno/ServicioIntegracionPotencial?wsdl

01:01:04 10.184.26.125  enviando datos : {"numeroDocumento":"1144071540",
            "nombre":"LINA SUGEY",
            "apellido":"ANGULO MOSQUERA",
            "email":"linasu25@gmail.com",
            "fechaNacimiento":"05-01-2019",
            "ciudadResidencia":"Cali, Valle del Cauca, Colombia",
            "genero":"F",
            "celular":"",
            "listaInteresAreaEstudio":["Ingeniería"],
            "listaInteresIdioma":[""]}

01:01:04 10.184.26.125  respuesta HTTP/1.1 100 Continue

HTTP/1.1 200 OK
Server: nginx/1.14.0
Date: Sat, 05 Jan 2019 18:26:19 GMT
Content-Type: text/xml;charset=ISO-8859-1
Content-Length: 297
Connection: keep-alive
Vary: Accept-Encoding
Set-Cookie: JSESSIONID=f6nMUdZnP7NV96C4soTVbvq7.undefined; Path=/Formulario-Interno
X-CdnHost: ns10.colfuturo.org

&lt;soap:Envelope xmlns:soap=&quot;http://schemas.xmlsoap.org/soap/envelope/&quot;&gt;&lt;soap:Body&gt;&lt;ns1:crearFormularioPotencialResponse xmlns:ns1=&quot;http://www.colfuturo.org/potencial/ws/ServicioIntegracionPotencial&quot;&gt;&lt;return&gt;Creo formulario&lt;/return&gt;&lt;/ns1:crearFormularioPotencialResponse&gt;&lt;/soap:Body&gt;&lt;/soap:Envelope&gt;

02:01:16 10.184.26.125 desde:user/register preparando para almacenar usuario : 80766090

02:01:16 10.184.26.125  conectando a : https://jboss2.colfuturo.org/Formulario-Interno/ServicioIntegracionPotencial?wsdl

02:01:16 10.184.26.125  enviando datos : {"numeroDocumento":"80766090",
            "nombre":"LUIS FELIPE ",
            "apellido":"CANCHALA CEPEDA ",
            "email":"felipecanchala@gmail.com",
            "fechaNacimiento":"05-01-2019",
            "ciudadResidencia":"Bogotá, Colombia",
            "genero":"M",
            "celular":"",
            "listaInteresAreaEstudio":["Arquitectura y Diseño","Ingeniería"],
            "listaInteresIdioma":[""]}

02:01:17 10.184.26.125  respuesta HTTP/1.1 100 Continue

HTTP/1.1 200 OK
Server: nginx/1.14.0
Date: Sat, 05 Jan 2019 19:18:31 GMT
Content-Type: text/xml;charset=ISO-8859-1
Content-Length: 297
Connection: keep-alive
Vary: Accept-Encoding
Set-Cookie: JSESSIONID=TL45KOYZgmrLLclDkorYUJOu.undefined; Path=/Formulario-Interno
X-CdnHost: ns10.colfuturo.org

&lt;soap:Envelope xmlns:soap=&quot;http://schemas.xmlsoap.org/soap/envelope/&quot;&gt;&lt;soap:Body&gt;&lt;ns1:crearFormularioPotencialResponse xmlns:ns1=&quot;http://www.colfuturo.org/potencial/ws/ServicioIntegracionPotencial&quot;&gt;&lt;return&gt;Creo formulario&lt;/return&gt;&lt;/ns1:crearFormularioPotencialResponse&gt;&lt;/soap:Body&gt;&lt;/soap:Envelope&gt;

02:01:26 10.184.26.125 desde:user/register preparando para almacenar usuario : 1140836175

02:01:26 10.184.26.125  conectando a : https://jboss2.colfuturo.org/Formulario-Interno/ServicioIntegracionPotencial?wsdl

02:01:26 10.184.26.125  enviando datos : {"numeroDocumento":"1140836175",
            "nombre":"Oscar Rafael",
            "apellido":"Gil Daza",
            "email":"oscargil6@hotmail.com",
            "fechaNacimiento":"05-01-2019",
            "ciudadResidencia":"Barranquilla, Atlántico, Colombia",
            "genero":"M",
            "celular":"",
            "listaInteresAreaEstudio":["Administración y Negocios"],
            "listaInteresIdioma":[""]}

02:01:27 10.184.26.125  respuesta HTTP/1.1 100 Continue

HTTP/1.1 200 OK
Server: nginx/1.14.0
Date: Sat, 05 Jan 2019 19:30:42 GMT
Content-Type: text/xml;charset=ISO-8859-1
Content-Length: 297
Connection: keep-alive
Vary: Accept-Encoding
Set-Cookie: JSESSIONID=aU8Ljna6xnzv+uTXsgJdir-T.undefined; Path=/Formulario-Interno
X-CdnHost: ns10.colfuturo.org

&lt;soap:Envelope xmlns:soap=&quot;http://schemas.xmlsoap.org/soap/envelope/&quot;&gt;&lt;soap:Body&gt;&lt;ns1:crearFormularioPotencialResponse xmlns:ns1=&quot;http://www.colfuturo.org/potencial/ws/ServicioIntegracionPotencial&quot;&gt;&lt;return&gt;Creo formulario&lt;/return&gt;&lt;/ns1:crearFormularioPotencialResponse&gt;&lt;/soap:Body&gt;&lt;/soap:Envelope&gt;

02:01:11 10.184.26.125 desde:user/register preparando para almacenar usuario : 1019059564

02:01:11 10.184.26.125  conectando a : https://jboss2.colfuturo.org/Formulario-Interno/ServicioIntegracionPotencial?wsdl

02:01:11 10.184.26.125  enviando datos : {"numeroDocumento":"1019059564",
            "nombre":"Sergio Daniel",
            "apellido":"Avila Caro",
            "email":"savilac91@gmail.com",
            "fechaNacimiento":"05-01-2019",
            "ciudadResidencia":"Bogotá, Colombia",
            "genero":"M",
            "celular":"",
            "listaInteresAreaEstudio":[""],
            "listaInteresIdioma":["ingles"]}

02:01:12 10.184.26.125  respuesta HTTP/1.1 100 Continue

HTTP/1.1 200 OK
Server: nginx/1.14.0
Date: Sat, 05 Jan 2019 19:39:26 GMT
Content-Type: text/xml;charset=ISO-8859-1
Content-Length: 297
Connection: keep-alive
Vary: Accept-Encoding
Set-Cookie: JSESSIONID=unbEqsnVZYhqvkCmdc-BYEcE.undefined; Path=/Formulario-Interno
X-CdnHost: ns10.colfuturo.org

&lt;soap:Envelope xmlns:soap=&quot;http://schemas.xmlsoap.org/soap/envelope/&quot;&gt;&lt;soap:Body&gt;&lt;ns1:crearFormularioPotencialResponse xmlns:ns1=&quot;http://www.colfuturo.org/potencial/ws/ServicioIntegracionPotencial&quot;&gt;&lt;return&gt;Creo formulario&lt;/return&gt;&lt;/ns1:crearFormularioPotencialResponse&gt;&lt;/soap:Body&gt;&lt;/soap:Envelope&gt;

02:01:31 10.184.26.125 desde:user/register preparando para almacenar usuario : 1020755315

02:01:31 10.184.26.125  conectando a : https://jboss2.colfuturo.org/Formulario-Interno/ServicioIntegracionPotencial?wsdl

02:01:31 10.184.26.125  enviando datos : {"numeroDocumento":"1020755315",
            "nombre":"Luis Felipe ",
            "apellido":"Botero Cardenas",
            "email":"boterofelipe1@hotmail.com",
            "fechaNacimiento":"05-01-2019",
            "ciudadResidencia":"Bogotá, Colombia",
            "genero":"M",
            "celular":"",
            "listaInteresAreaEstudio":["Derecho"],
            "listaInteresIdioma":[""]}

02:01:32 10.184.26.125  respuesta HTTP/1.1 100 Continue

HTTP/1.1 200 OK
Server: nginx/1.14.0
Date: Sat, 05 Jan 2019 19:43:46 GMT
Content-Type: text/xml;charset=ISO-8859-1
Content-Length: 297
Connection: keep-alive
Vary: Accept-Encoding
Set-Cookie: JSESSIONID=MdWbYfUJEKC3vOl7piBE9WTx.undefined; Path=/Formulario-Interno
X-CdnHost: ns10.colfuturo.org

&lt;soap:Envelope xmlns:soap=&quot;http://schemas.xmlsoap.org/soap/envelope/&quot;&gt;&lt;soap:Body&gt;&lt;ns1:crearFormularioPotencialResponse xmlns:ns1=&quot;http://www.colfuturo.org/potencial/ws/ServicioIntegracionPotencial&quot;&gt;&lt;return&gt;Creo formulario&lt;/return&gt;&lt;/ns1:crearFormularioPotencialResponse&gt;&lt;/soap:Body&gt;&lt;/soap:Envelope&gt;

03:01:45 10.184.26.125 desde:user/register preparando para almacenar usuario : 8567561

03:01:45 10.184.26.125  conectando a : https://jboss2.colfuturo.org/Formulario-Interno/ServicioIntegracionPotencial?wsdl

03:01:45 10.184.26.125  enviando datos : {"numeroDocumento":"8567561",
            "nombre":"DEIVIS",
            "apellido":"XIQUES",
            "email":"xiques03@hotmail.com",
            "fechaNacimiento":"05-01-2019",
            "ciudadResidencia":"Soledad, Atlántico, Colombia",
            "genero":"M",
            "celular":"",
            "listaInteresAreaEstudio":["Ingeniería"],
            "listaInteresIdioma":[""]}

03:01:46 10.184.26.125  respuesta HTTP/1.1 100 Continue

HTTP/1.1 200 OK
Server: nginx/1.14.0
Date: Sat, 05 Jan 2019 20:08:01 GMT
Content-Type: text/xml;charset=ISO-8859-1
Content-Length: 297
Connection: keep-alive
Vary: Accept-Encoding
Set-Cookie: JSESSIONID=nho17V8jHmEs4NEP-EMMmDhe.undefined; Path=/Formulario-Interno
X-CdnHost: ns10.colfuturo.org

&lt;soap:Envelope xmlns:soap=&quot;http://schemas.xmlsoap.org/soap/envelope/&quot;&gt;&lt;soap:Body&gt;&lt;ns1:crearFormularioPotencialResponse xmlns:ns1=&quot;http://www.colfuturo.org/potencial/ws/ServicioIntegracionPotencial&quot;&gt;&lt;return&gt;Creo formulario&lt;/return&gt;&lt;/ns1:crearFormularioPotencialResponse&gt;&lt;/soap:Body&gt;&lt;/soap:Envelope&gt;

03:01:49 10.184.26.125 desde:user/register preparando para almacenar usuario : 1010235427

03:01:49 10.184.26.125  conectando a : https://jboss2.colfuturo.org/Formulario-Interno/ServicioIntegracionPotencial?wsdl

03:01:49 10.184.26.125  enviando datos : {"numeroDocumento":"1010235427",
            "nombre":"Lina María ",
            "apellido":"Gallo Velásquez",
            "email":"mudshxd@gmail.com",
            "fechaNacimiento":"05-01-2019",
            "ciudadResidencia":"Bogotá, Colombia",
            "genero":"F",
            "celular":"",
            "listaInteresAreaEstudio":["Artes"],
            "listaInteresIdioma":["ingles"]}

03:01:49 10.184.26.125  respuesta HTTP/1.1 100 Continue

HTTP/1.1 200 OK
Server: nginx/1.14.0
Date: Sat, 05 Jan 2019 20:42:04 GMT
Content-Type: text/xml;charset=ISO-8859-1
Content-Length: 297
Connection: keep-alive
Vary: Accept-Encoding
Set-Cookie: JSESSIONID=l10x1mg7sYxuc3Pt8kbYhKG7.undefined; Path=/Formulario-Interno
X-CdnHost: ns10.colfuturo.org

&lt;soap:Envelope xmlns:soap=&quot;http://schemas.xmlsoap.org/soap/envelope/&quot;&gt;&lt;soap:Body&gt;&lt;ns1:crearFormularioPotencialResponse xmlns:ns1=&quot;http://www.colfuturo.org/potencial/ws/ServicioIntegracionPotencial&quot;&gt;&lt;return&gt;Creo formulario&lt;/return&gt;&lt;/ns1:crearFormularioPotencialResponse&gt;&lt;/soap:Body&gt;&lt;/soap:Envelope&gt;

03:01:41 10.184.26.125 desde:user/register preparando para almacenar usuario : 80249626

03:01:41 10.184.26.125  conectando a : https://jboss2.colfuturo.org/Formulario-Interno/ServicioIntegracionPotencial?wsdl

03:01:41 10.184.26.125  enviando datos : {"numeroDocumento":"80249626",
            "nombre":"Juan Carlos",
            "apellido":"Hernandez",
            "email":"remodelandohernandez@gmail.com",
            "fechaNacimiento":"05-01-2019",
            "ciudadResidencia":"Bogotá, Colombia",
            "genero":"M",
            "celular":"",
            "listaInteresAreaEstudio":[""],
            "listaInteresIdioma":["ingles"]}

03:01:41 10.184.26.125  respuesta HTTP/1.1 100 Continue

HTTP/1.1 200 OK
Server: nginx/1.14.0
Date: Sat, 05 Jan 2019 20:44:56 GMT
Content-Type: text/xml;charset=ISO-8859-1
Content-Length: 297
Connection: keep-alive
Vary: Accept-Encoding
Set-Cookie: JSESSIONID=bAjW1rvn8GpZJBz4sz-2ziPY.undefined; Path=/Formulario-Interno
X-CdnHost: ns10.colfuturo.org

&lt;soap:Envelope xmlns:soap=&quot;http://schemas.xmlsoap.org/soap/envelope/&quot;&gt;&lt;soap:Body&gt;&lt;ns1:crearFormularioPotencialResponse xmlns:ns1=&quot;http://www.colfuturo.org/potencial/ws/ServicioIntegracionPotencial&quot;&gt;&lt;return&gt;Creo formulario&lt;/return&gt;&lt;/ns1:crearFormularioPotencialResponse&gt;&lt;/soap:Body&gt;&lt;/soap:Envelope&gt;

04:01:44 10.184.26.125 desde:user/register preparando para almacenar usuario : 1098766297

04:01:44 10.184.26.125  conectando a : https://jboss2.colfuturo.org/Formulario-Interno/ServicioIntegracionPotencial?wsdl

04:01:44 10.184.26.125  enviando datos : {"numeroDocumento":"1098766297",
            "nombre":"SILVIA ALEJANDRA",
            "apellido":"CEPEDA GARCÍA",
            "email":"silviacep.07@hotmail.es",
            "fechaNacimiento":"05-01-2019",
            "ciudadResidencia":"Berlín, Alemania",
            "genero":"F",
            "celular":"",
            "listaInteresAreaEstudio":["Administración y Negocios"],
            "listaInteresIdioma":[""]}

04:01:47 10.184.26.125  respuesta HTTP/1.1 100 Continue

HTTP/1.1 200 OK
Server: nginx/1.14.0
Date: Sat, 05 Jan 2019 21:34:02 GMT
Content-Type: text/xml;charset=ISO-8859-1
Content-Length: 297
Connection: keep-alive
Vary: Accept-Encoding
Set-Cookie: JSESSIONID=dAPileCDh92MuZvhoVXzEHYe.undefined; Path=/Formulario-Interno
X-CdnHost: ns10.colfuturo.org

&lt;soap:Envelope xmlns:soap=&quot;http://schemas.xmlsoap.org/soap/envelope/&quot;&gt;&lt;soap:Body&gt;&lt;ns1:crearFormularioPotencialResponse xmlns:ns1=&quot;http://www.colfuturo.org/potencial/ws/ServicioIntegracionPotencial&quot;&gt;&lt;return&gt;Creo formulario&lt;/return&gt;&lt;/ns1:crearFormularioPotencialResponse&gt;&lt;/soap:Body&gt;&lt;/soap:Envelope&gt;

06:01:36 10.184.26.125 desde:user/register preparando para almacenar usuario : 1121907713

06:01:36 10.184.26.125  conectando a : https://jboss2.colfuturo.org/Formulario-Interno/ServicioIntegracionPotencial?wsdl

06:01:36 10.184.26.125  enviando datos : {"numeroDocumento":"1121907713",
            "nombre":"Laura Daniela ",
            "apellido":"Peña Cruz",
            "email":"Laurapenac@usantotomas.edu.co",
            "fechaNacimiento":"05-01-2019",
            "ciudadResidencia":"Villavicencio, Meta, Colombia",
            "genero":"F",
            "celular":"",
            "listaInteresAreaEstudio":["Administración y Negocios"],
            "listaInteresIdioma":[""]}

06:01:37 10.184.26.125  respuesta HTTP/1.1 100 Continue

HTTP/1.1 200 OK
Server: nginx/1.14.0
Date: Sat, 05 Jan 2019 23:48:51 GMT
Content-Type: text/xml;charset=ISO-8859-1
Content-Length: 297
Connection: keep-alive
Vary: Accept-Encoding
Set-Cookie: JSESSIONID=x77Ey5SHbITj3I6u-TYJ1gGE.undefined; Path=/Formulario-Interno
X-CdnHost: ns10.colfuturo.org

&lt;soap:Envelope xmlns:soap=&quot;http://schemas.xmlsoap.org/soap/envelope/&quot;&gt;&lt;soap:Body&gt;&lt;ns1:crearFormularioPotencialResponse xmlns:ns1=&quot;http://www.colfuturo.org/potencial/ws/ServicioIntegracionPotencial&quot;&gt;&lt;return&gt;Creo formulario&lt;/return&gt;&lt;/ns1:crearFormularioPotencialResponse&gt;&lt;/soap:Body&gt;&lt;/soap:Envelope&gt;

07:01:10 10.184.26.125 desde:user/register preparando para almacenar usuario : 1069752954

07:01:10 10.184.26.125  conectando a : https://jboss2.colfuturo.org/Formulario-Interno/ServicioIntegracionPotencial?wsdl

07:01:10 10.184.26.125  enviando datos : {"numeroDocumento":"1069752954",
            "nombre":"Jhon Alejandro",
            "apellido":"Hernandez Manjarres",
            "email":"jhonalex.f7@gmail.com",
            "fechaNacimiento":"05-01-2019",
            "ciudadResidencia":"Fusagasugá, Cundinamarca, Colombia",
            "genero":"M",
            "celular":"",
            "listaInteresAreaEstudio":["Administración y Negocios"],
            "listaInteresIdioma":["ingles","frances"]}

07:01:11 10.184.26.125  respuesta HTTP/1.1 100 Continue

HTTP/1.1 200 OK
Server: nginx/1.14.0
Date: Sun, 06 Jan 2019 00:05:26 GMT
Content-Type: text/xml;charset=ISO-8859-1
Content-Length: 297
Connection: keep-alive
Vary: Accept-Encoding
Set-Cookie: JSESSIONID=EV1uRR5xxq5j4xbCri9pm4MO.undefined; Path=/Formulario-Interno
X-CdnHost: ns10.colfuturo.org

&lt;soap:Envelope xmlns:soap=&quot;http://schemas.xmlsoap.org/soap/envelope/&quot;&gt;&lt;soap:Body&gt;&lt;ns1:crearFormularioPotencialResponse xmlns:ns1=&quot;http://www.colfuturo.org/potencial/ws/ServicioIntegracionPotencial&quot;&gt;&lt;return&gt;Creo formulario&lt;/return&gt;&lt;/ns1:crearFormularioPotencialResponse&gt;&lt;/soap:Body&gt;&lt;/soap:Envelope&gt;

07:01:47 10.184.26.125 desde:user/register preparando para almacenar usuario : 1013634383

07:01:47 10.184.26.125  conectando a : https://jboss2.colfuturo.org/Formulario-Interno/ServicioIntegracionPotencial?wsdl

07:01:47 10.184.26.125  enviando datos : {"numeroDocumento":"1013634383",
            "nombre":"wbeimar yamit",
            "apellido":"sanchez dueñez",
            "email":"wsadu@hotmail.com",
            "fechaNacimiento":"05-01-2019",
            "ciudadResidencia":"Ibagué, Tolima, Colombia",
            "genero":"M",
            "celular":"",
            "listaInteresAreaEstudio":["Ciencias Agropecuarias y del Medio Ambiente","Ciencias de la Salud","Educación"],
            "listaInteresIdioma":["ingles"]}

07:01:48 10.184.26.125  respuesta HTTP/1.1 100 Continue

HTTP/1.1 200 OK
Server: nginx/1.14.0
Date: Sun, 06 Jan 2019 00:30:02 GMT
Content-Type: text/xml;charset=ISO-8859-1
Content-Length: 297
Connection: keep-alive
Vary: Accept-Encoding
Set-Cookie: JSESSIONID=KwpSelf4N0Ie+mCM0TwJiG-n.undefined; Path=/Formulario-Interno
X-CdnHost: ns10.colfuturo.org

&lt;soap:Envelope xmlns:soap=&quot;http://schemas.xmlsoap.org/soap/envelope/&quot;&gt;&lt;soap:Body&gt;&lt;ns1:crearFormularioPotencialResponse xmlns:ns1=&quot;http://www.colfuturo.org/potencial/ws/ServicioIntegracionPotencial&quot;&gt;&lt;return&gt;Creo formulario&lt;/return&gt;&lt;/ns1:crearFormularioPotencialResponse&gt;&lt;/soap:Body&gt;&lt;/soap:Envelope&gt;

07:01:08 10.184.26.125 desde:user/register preparando para almacenar usuario : 1024474638

07:01:08 10.184.26.125  conectando a : https://jboss2.colfuturo.org/Formulario-Interno/ServicioIntegracionPotencial?wsdl

07:01:08 10.184.26.125  enviando datos : {"numeroDocumento":"1024474638",
            "nombre":"Juan",
            "apellido":"Montaña",
            "email":"davidmontanat@gmail.com",
            "fechaNacimiento":"05-01-2019",
            "ciudadResidencia":"Bogotá, Colombia",
            "genero":"M",
            "celular":"",
            "listaInteresAreaEstudio":[""],
            "listaInteresIdioma":["ingles"]}

07:01:09 10.184.26.125  respuesta HTTP/1.1 100 Continue

HTTP/1.1 200 OK
Server: nginx/1.14.0
Date: Sun, 06 Jan 2019 00:32:24 GMT
Content-Type: text/xml;charset=ISO-8859-1
Content-Length: 297
Connection: keep-alive
Vary: Accept-Encoding
Set-Cookie: JSESSIONID=55j9p-R14R9rwoQN8dMV8Qf1.undefined; Path=/Formulario-Interno
X-CdnHost: ns10.colfuturo.org

&lt;soap:Envelope xmlns:soap=&quot;http://schemas.xmlsoap.org/soap/envelope/&quot;&gt;&lt;soap:Body&gt;&lt;ns1:crearFormularioPotencialResponse xmlns:ns1=&quot;http://www.colfuturo.org/potencial/ws/ServicioIntegracionPotencial&quot;&gt;&lt;return&gt;Creo formulario&lt;/return&gt;&lt;/ns1:crearFormularioPotencialResponse&gt;&lt;/soap:Body&gt;&lt;/soap:Envelope&gt;

08:01:51 10.184.26.125 desde:user/register preparando para almacenar usuario : 1014270580

08:01:51 10.184.26.125  conectando a : https://jboss2.colfuturo.org/Formulario-Interno/ServicioIntegracionPotencial?wsdl

08:01:51 10.184.26.125  enviando datos : {"numeroDocumento":"1014270580",
            "nombre":"Juan Pablo",
            "apellido":"Beltrán Cárdenas",
            "email":"juaanpablo.bc@gmail.com",
            "fechaNacimiento":"05-01-2019",
            "ciudadResidencia":"Bogotá, Colombia",
            "genero":"M",
            "celular":"",
            "listaInteresAreaEstudio":["Arquitectura y Diseño"],
            "listaInteresIdioma":["ingles"]}

08:01:52 10.184.26.125  respuesta HTTP/1.1 100 Continue

HTTP/1.1 200 OK
Server: nginx/1.14.0
Date: Sun, 06 Jan 2019 01:05:07 GMT
Content-Type: text/xml;charset=ISO-8859-1
Content-Length: 297
Connection: keep-alive
Vary: Accept-Encoding
Set-Cookie: JSESSIONID=mioG745mJKQc9WfjZ0upA4sZ.undefined; Path=/Formulario-Interno
X-CdnHost: ns10.colfuturo.org

&lt;soap:Envelope xmlns:soap=&quot;http://schemas.xmlsoap.org/soap/envelope/&quot;&gt;&lt;soap:Body&gt;&lt;ns1:crearFormularioPotencialResponse xmlns:ns1=&quot;http://www.colfuturo.org/potencial/ws/ServicioIntegracionPotencial&quot;&gt;&lt;return&gt;Creo formulario&lt;/return&gt;&lt;/ns1:crearFormularioPotencialResponse&gt;&lt;/soap:Body&gt;&lt;/soap:Envelope&gt;

08:01:04 10.184.26.125 desde:user/register preparando para almacenar usuario : 1042994514

08:01:04 10.184.26.125  conectando a : https://jboss2.colfuturo.org/Formulario-Interno/ServicioIntegracionPotencial?wsdl

08:01:04 10.184.26.125  enviando datos : {"numeroDocumento":"1042994514",
            "nombre":"silvia del carmen",
            "apellido":"martinez fontalvo",
            "email":"abogada.silviamartinez@gmail.com",
            "fechaNacimiento":"05-01-2019",
            "ciudadResidencia":"Sabanalarga, Atlántico, Colombia",
            "genero":"M",
            "celular":"",
            "listaInteresAreaEstudio":["Derecho"],
            "listaInteresIdioma":[""]}

08:01:04 10.184.26.125  respuesta HTTP/1.1 100 Continue

HTTP/1.1 200 OK
Server: nginx/1.14.0
Date: Sun, 06 Jan 2019 01:29:19 GMT
Content-Type: text/xml;charset=ISO-8859-1
Content-Length: 297
Connection: keep-alive
Vary: Accept-Encoding
Set-Cookie: JSESSIONID=9SHts5V9f0Zt0vP17XR1qUia.undefined; Path=/Formulario-Interno
X-CdnHost: ns10.colfuturo.org

&lt;soap:Envelope xmlns:soap=&quot;http://schemas.xmlsoap.org/soap/envelope/&quot;&gt;&lt;soap:Body&gt;&lt;ns1:crearFormularioPotencialResponse xmlns:ns1=&quot;http://www.colfuturo.org/potencial/ws/ServicioIntegracionPotencial&quot;&gt;&lt;return&gt;Creo formulario&lt;/return&gt;&lt;/ns1:crearFormularioPotencialResponse&gt;&lt;/soap:Body&gt;&lt;/soap:Envelope&gt;

09:01:02 10.184.26.125 desde:user/register preparando para almacenar usuario : 1049629643

09:01:02 10.184.26.125  conectando a : https://jboss2.colfuturo.org/Formulario-Interno/ServicioIntegracionPotencial?wsdl

09:01:02 10.184.26.125  enviando datos : {"numeroDocumento":"1049629643",
            "nombre":"astrid tatiana",
            "apellido":"alvarao quintana",
            "email":"tatisalvarado@hotmail.com",
            "fechaNacimiento":"05-01-2019",
            "ciudadResidencia":"Duitama, Boyacá, Colombia",
            "genero":"M",
            "celular":"",
            "listaInteresAreaEstudio":[""],
            "listaInteresIdioma":["ingles"]}

09:01:02 10.184.26.125  respuesta HTTP/1.1 100 Continue

HTTP/1.1 200 OK
Server: nginx/1.14.0
Date: Sun, 06 Jan 2019 02:30:17 GMT
Content-Type: text/xml;charset=ISO-8859-1
Content-Length: 297
Connection: keep-alive
Vary: Accept-Encoding
Set-Cookie: JSESSIONID=09pDWW8FTybBjIKBWSkviGHW.undefined; Path=/Formulario-Interno
X-CdnHost: ns10.colfuturo.org

&lt;soap:Envelope xmlns:soap=&quot;http://schemas.xmlsoap.org/soap/envelope/&quot;&gt;&lt;soap:Body&gt;&lt;ns1:crearFormularioPotencialResponse xmlns:ns1=&quot;http://www.colfuturo.org/potencial/ws/ServicioIntegracionPotencial&quot;&gt;&lt;return&gt;Creo formulario&lt;/return&gt;&lt;/ns1:crearFormularioPotencialResponse&gt;&lt;/soap:Body&gt;&lt;/soap:Envelope&gt;

09:01:22 10.184.26.125 desde:user/register preparando para almacenar usuario : 109100280

09:01:22 10.184.26.125  conectando a : https://jboss2.colfuturo.org/Formulario-Interno/ServicioIntegracionPotencial?wsdl

09:01:22 10.184.26.125  enviando datos : {"numeroDocumento":"109100280",
            "nombre":"María Paz ",
            "apellido":"De La Hoz Florez",
            "email":"mprnfo@hotmail.com",
            "fechaNacimiento":"05-01-2019",
            "ciudadResidencia":"Bogotá, Colombia",
            "genero":"F",
            "celular":"",
            "listaInteresAreaEstudio":["Ciencias Sociales","Derecho"],
            "listaInteresIdioma":["ingles"]}

09:01:22 10.184.26.125  respuesta HTTP/1.1 100 Continue

HTTP/1.1 200 OK
Server: nginx/1.14.0
Date: Sun, 06 Jan 2019 02:40:37 GMT
Content-Type: text/xml;charset=ISO-8859-1
Content-Length: 297
Connection: keep-alive
Vary: Accept-Encoding
Set-Cookie: JSESSIONID=jHfRAakvLNiNR51HpcGcIWD-.undefined; Path=/Formulario-Interno
X-CdnHost: ns10.colfuturo.org

&lt;soap:Envelope xmlns:soap=&quot;http://schemas.xmlsoap.org/soap/envelope/&quot;&gt;&lt;soap:Body&gt;&lt;ns1:crearFormularioPotencialResponse xmlns:ns1=&quot;http://www.colfuturo.org/potencial/ws/ServicioIntegracionPotencial&quot;&gt;&lt;return&gt;Creo formulario&lt;/return&gt;&lt;/ns1:crearFormularioPotencialResponse&gt;&lt;/soap:Body&gt;&lt;/soap:Envelope&gt;

09:01:13 10.184.26.125 desde:user/247772 preparando para almacenar usuario : 109100280

09:01:13 10.184.26.125  conectando a : https://jboss2.colfuturo.org/Formulario-Interno/ServicioIntegracionPotencial?wsdl

09:01:13 10.184.26.125  enviando datos : {"numeroDocumento":"109100280",
            "nombre":"María Paz ",
            "apellido":"De La Hoz Florez",
            "email":"mprnfo@hotmail.com",
            "fechaNacimiento":"05-01-2019",
            "ciudadResidencia":"Bogotá, Colombia",
            "genero":"F",
            "celular":"",
            "listaInteresAreaEstudio":["Ciencias Sociales","Derecho"],
            "listaInteresIdioma":["ingles"]}

09:01:14 10.184.26.125  respuesta HTTP/1.1 100 Continue

HTTP/1.1 200 OK
Server: nginx/1.14.0
Date: Sun, 06 Jan 2019 02:44:28 GMT
Content-Type: text/xml;charset=ISO-8859-1
Content-Length: 301
Connection: keep-alive
Vary: Accept-Encoding
Set-Cookie: JSESSIONID=zec6hTYDGWZANyiIlLPC6RIa.undefined; Path=/Formulario-Interno
X-CdnHost: ns10.colfuturo.org

&lt;soap:Envelope xmlns:soap=&quot;http://schemas.xmlsoap.org/soap/envelope/&quot;&gt;&lt;soap:Body&gt;&lt;ns1:crearFormularioPotencialResponse xmlns:ns1=&quot;http://www.colfuturo.org/potencial/ws/ServicioIntegracionPotencial&quot;&gt;&lt;return&gt;Encontro formulario&lt;/return&gt;&lt;/ns1:crearFormularioPotencialResponse&gt;&lt;/soap:Body&gt;&lt;/soap:Envelope&gt;

09:01:21 10.184.26.125 desde:user/247772 preparando para almacenar usuario : 109100280

09:01:21 10.184.26.125  conectando a : https://jboss2.colfuturo.org/Formulario-Interno/ServicioIntegracionPotencial?wsdl

09:01:21 10.184.26.125  enviando datos : {"numeroDocumento":"109100280",
            "nombre":"María Paz ",
            "apellido":"De La Hoz Florez",
            "email":"mprnfo@hotmail.com",
            "fechaNacimiento":"05-01-2019",
            "ciudadResidencia":"Bogotá, Colombia",
            "genero":"F",
            "celular":"",
            "listaInteresAreaEstudio":["Ciencias Sociales","Derecho"],
            "listaInteresIdioma":["ingles"]}

09:01:21 10.184.26.125  respuesta HTTP/1.1 100 Continue

HTTP/1.1 200 OK
Server: nginx/1.14.0
Date: Sun, 06 Jan 2019 02:44:36 GMT
Content-Type: text/xml;charset=ISO-8859-1
Content-Length: 301
Connection: keep-alive
Vary: Accept-Encoding
Set-Cookie: JSESSIONID=whQchMTMtFZg-DPsviKqtG5Q.undefined; Path=/Formulario-Interno
X-CdnHost: ns10.colfuturo.org

&lt;soap:Envelope xmlns:soap=&quot;http://schemas.xmlsoap.org/soap/envelope/&quot;&gt;&lt;soap:Body&gt;&lt;ns1:crearFormularioPotencialResponse xmlns:ns1=&quot;http://www.colfuturo.org/potencial/ws/ServicioIntegracionPotencial&quot;&gt;&lt;return&gt;Encontro formulario&lt;/return&gt;&lt;/ns1:crearFormularioPotencialResponse&gt;&lt;/soap:Body&gt;&lt;/soap:Envelope&gt;

09:01:55 10.184.26.125 desde:user/247772 preparando para almacenar usuario : 109100280

09:01:55 10.184.26.125  conectando a : https://jboss2.colfuturo.org/Formulario-Interno/ServicioIntegracionPotencial?wsdl

09:01:55 10.184.26.125  enviando datos : {"numeroDocumento":"109100280",
            "nombre":"María Paz ",
            "apellido":"De La Hoz Florez",
            "email":"mprnfo@hotmail.com",
            "fechaNacimiento":"05-01-2019",
            "ciudadResidencia":"Bogotá, Colombia",
            "genero":"F",
            "celular":"",
            "listaInteresAreaEstudio":["Ciencias Sociales","Derecho"],
            "listaInteresIdioma":["ingles"]}

09:01:55 10.184.26.125  respuesta HTTP/1.1 100 Continue

HTTP/1.1 200 OK
Server: nginx/1.14.0
Date: Sun, 06 Jan 2019 02:47:10 GMT
Content-Type: text/xml;charset=ISO-8859-1
Content-Length: 301
Connection: keep-alive
Vary: Accept-Encoding
Set-Cookie: JSESSIONID=XoYKhD+vbX7aqQduUi9yC-fT.undefined; Path=/Formulario-Interno
X-CdnHost: ns10.colfuturo.org

&lt;soap:Envelope xmlns:soap=&quot;http://schemas.xmlsoap.org/soap/envelope/&quot;&gt;&lt;soap:Body&gt;&lt;ns1:crearFormularioPotencialResponse xmlns:ns1=&quot;http://www.colfuturo.org/potencial/ws/ServicioIntegracionPotencial&quot;&gt;&lt;return&gt;Encontro formulario&lt;/return&gt;&lt;/ns1:crearFormularioPotencialResponse&gt;&lt;/soap:Body&gt;&lt;/soap:Envelope&gt;

11:01:21 10.184.26.125 desde:user/register preparando para almacenar usuario : 1019947972

11:01:21 10.184.26.125  conectando a : https://jboss2.colfuturo.org/Formulario-Interno/ServicioIntegracionPotencial?wsdl

11:01:21 10.184.26.125  enviando datos : {"numeroDocumento":"1019947972",
            "nombre":"Monica",
            "apellido":"Blanco",
            "email":"Monica90m@gmail.com",
            "fechaNacimiento":"05-01-2019",
            "ciudadResidencia":"Bogotá, Colombia",
            "genero":"F",
            "celular":"",
            "listaInteresAreaEstudio":[""],
            "listaInteresIdioma":["ingles"]}

11:01:22 10.184.26.125  respuesta HTTP/1.1 100 Continue

HTTP/1.1 200 OK
Server: nginx/1.14.0
Date: Sun, 06 Jan 2019 04:00:37 GMT
Content-Type: text/xml;charset=ISO-8859-1
Content-Length: 297
Connection: keep-alive
Vary: Accept-Encoding
Set-Cookie: JSESSIONID=ouipAobPlyY2ytRSnscRCSWX.undefined; Path=/Formulario-Interno
X-CdnHost: ns10.colfuturo.org

&lt;soap:Envelope xmlns:soap=&quot;http://schemas.xmlsoap.org/soap/envelope/&quot;&gt;&lt;soap:Body&gt;&lt;ns1:crearFormularioPotencialResponse xmlns:ns1=&quot;http://www.colfuturo.org/potencial/ws/ServicioIntegracionPotencial&quot;&gt;&lt;return&gt;Creo formulario&lt;/return&gt;&lt;/ns1:crearFormularioPotencialResponse&gt;&lt;/soap:Body&gt;&lt;/soap:Envelope&gt;

11:01:36 10.184.26.125 desde:user/register preparando para almacenar usuario : 1045736940

11:01:36 10.184.26.125  conectando a : https://jboss2.colfuturo.org/Formulario-Interno/ServicioIntegracionPotencial?wsdl

11:01:36 10.184.26.125  enviando datos : {"numeroDocumento":"1045736940",
            "nombre":"Kennith",
            "apellido":"Fuenmayor Lopez",
            "email":"kennithfuenmayor@hotmail.com",
            "fechaNacimiento":"05-01-2019",
            "ciudadResidencia":"Barranquilla, Atlántico, Colombia",
            "genero":"M",
            "celular":"",
            "listaInteresAreaEstudio":["Ingeniería"],
            "listaInteresIdioma":["ingles"]}

11:01:37 10.184.26.125  respuesta HTTP/1.1 100 Continue

HTTP/1.1 200 OK
Server: nginx/1.14.0
Date: Sun, 06 Jan 2019 04:28:52 GMT
Content-Type: text/xml;charset=ISO-8859-1
Content-Length: 297
Connection: keep-alive
Vary: Accept-Encoding
Set-Cookie: JSESSIONID=5LftJaQisi9ON3Km7RHhJxi6.undefined; Path=/Formulario-Interno
X-CdnHost: ns10.colfuturo.org

&lt;soap:Envelope xmlns:soap=&quot;http://schemas.xmlsoap.org/soap/envelope/&quot;&gt;&lt;soap:Body&gt;&lt;ns1:crearFormularioPotencialResponse xmlns:ns1=&quot;http://www.colfuturo.org/potencial/ws/ServicioIntegracionPotencial&quot;&gt;&lt;return&gt;Creo formulario&lt;/return&gt;&lt;/ns1:crearFormularioPotencialResponse&gt;&lt;/soap:Body&gt;&lt;/soap:Envelope&gt;

