01:08:14 191.89.74.75 desde:user/register preparando para almacenar usuario : 1020468970

01:08:14 191.89.74.75  conectando a : https://jboss2.colfuturo.org/Formulario-Interno/ServicioIntegracionPotencial?wsdl

01:08:14 191.89.74.75  enviando datos : {"numeroDocumento":"1020468970",
            "nombre":"Luz Andrea",
            "apellido":"Duarte Saldarriaga",
            "email":"luzandreaduarte@gmail.com",
            "fechaNacimiento":"25-08-2018",
            "ciudadResidencia":"Medellín, Antioquia, Colombia",
            "genero":"F",
            "celular":"",
            "listaInteresAreaEstudio":["Ciencias de la Salud","Ciencias Sociales"],
            "listaInteresIdioma":["ingles"]}

01:08:19 191.89.74.75  respuesta HTTP/1.1 200 OK
Server: Apache-Coyote/1.1
Set-Cookie: JSESSIONID=s2iZljbikRcyEJnkxcPBL+Gg.undefined; Path=/Formulario-Interno
Content-Type: text/xml;charset=ISO-8859-1
Content-Length: 297
Date: Sat, 25 Aug 2018 06:41:43 GMT
Connection: close

&lt;soap:Envelope xmlns:soap=&quot;http://schemas.xmlsoap.org/soap/envelope/&quot;&gt;&lt;soap:Body&gt;&lt;ns1:crearFormularioPotencialResponse xmlns:ns1=&quot;http://www.colfuturo.org/potencial/ws/ServicioIntegracionPotencial&quot;&gt;&lt;return&gt;Creo formulario&lt;/return&gt;&lt;/ns1:crearFormularioPotencialResponse&gt;&lt;/soap:Body&gt;&lt;/soap:Envelope&gt;

01:08:03 181.49.68.17 desde:user/register preparando para almacenar usuario : 1022387093

01:08:03 181.49.68.17  conectando a : https://jboss2.colfuturo.org/Formulario-Interno/ServicioIntegracionPotencial?wsdl

01:08:03 181.49.68.17  enviando datos : {"numeroDocumento":"1022387093",
            "nombre":"Diego Fernando",
            "apellido":"López Vargas",
            "email":"diego.lopez@uniagustiniana.edu.co",
            "fechaNacimiento":"25-08-2018",
            "ciudadResidencia":"Bogotá, Colombia",
            "genero":"M",
            "celular":"",
            "listaInteresAreaEstudio":["Administración y Negocios","Ciencias Políticas y Relaciones Internacionales","Economía","Educación"],
            "listaInteresIdioma":["ingles","frances"]}

01:08:09 181.49.68.17  respuesta HTTP/1.1 200 OK
Server: Apache-Coyote/1.1
Set-Cookie: JSESSIONID=I0yd+Nh9a9Glkb4u6C1CwKNN.undefined; Path=/Formulario-Interno
Content-Type: text/xml;charset=ISO-8859-1
Content-Length: 297
Date: Sat, 25 Aug 2018 06:54:33 GMT
Connection: close

&lt;soap:Envelope xmlns:soap=&quot;http://schemas.xmlsoap.org/soap/envelope/&quot;&gt;&lt;soap:Body&gt;&lt;ns1:crearFormularioPotencialResponse xmlns:ns1=&quot;http://www.colfuturo.org/potencial/ws/ServicioIntegracionPotencial&quot;&gt;&lt;return&gt;Creo formulario&lt;/return&gt;&lt;/ns1:crearFormularioPotencialResponse&gt;&lt;/soap:Body&gt;&lt;/soap:Envelope&gt;

10:08:57 186.183.154.133 desde:user/195812 preparando para almacenar usuario : 91526579

10:08:57 186.183.154.133  conectando a : https://jboss2.colfuturo.org/Formulario-Interno/ServicioIntegracionPotencial?wsdl

10:08:57 186.183.154.133  enviando datos : {"numeroDocumento":"91526579",
            "nombre":"Zamir ",
            "apellido":"Sánchez Castro",
            "email":"ingsanchezcastro@gmail.com",
            "fechaNacimiento":"25-08-2018",
            "ciudadResidencia":"Bucaramanga, Santander, Colombia",
            "genero":"M",
            "celular":"",
            "listaInteresAreaEstudio":[""],
            "listaInteresIdioma":[""]}

10:08:01 186.183.154.133  respuesta HTTP/1.1 200 OK
Server: Apache-Coyote/1.1
Set-Cookie: JSESSIONID=-rsLeBrl5UjWpxJNIFsmhs1l.undefined; Path=/Formulario-Interno
Content-Type: text/xml;charset=ISO-8859-1
Content-Length: 301
Date: Sat, 25 Aug 2018 15:45:25 GMT
Connection: close

&lt;soap:Envelope xmlns:soap=&quot;http://schemas.xmlsoap.org/soap/envelope/&quot;&gt;&lt;soap:Body&gt;&lt;ns1:crearFormularioPotencialResponse xmlns:ns1=&quot;http://www.colfuturo.org/potencial/ws/ServicioIntegracionPotencial&quot;&gt;&lt;return&gt;Encontro formulario&lt;/return&gt;&lt;/ns1:crearFormularioPotencialResponse&gt;&lt;/soap:Body&gt;&lt;/soap:Envelope&gt;

11:08:18 186.83.43.188 desde:user/register preparando para almacenar usuario : 321449313

11:08:18 186.83.43.188  conectando a : https://jboss2.colfuturo.org/Formulario-Interno/ServicioIntegracionPotencial?wsdl

11:08:18 186.83.43.188  enviando datos : {"numeroDocumento":"321449313",
            "nombre":"lizeth natalia",
            "apellido":"aguilar gallo",
            "email":"linaga96@gmail.com",
            "fechaNacimiento":"25-08-2018",
            "ciudadResidencia":"Tunja, Boyacá, Colombia",
            "genero":"F",
            "celular":"",
            "listaInteresAreaEstudio":["Ciencias de la Salud"],
            "listaInteresIdioma":["ingles"]}

11:08:24 186.83.43.188  respuesta HTTP/1.1 200 OK
Server: Apache-Coyote/1.1
Set-Cookie: JSESSIONID=wa1Fs2ZxltHPZU9frxojGe0o.undefined; Path=/Formulario-Interno
Content-Type: text/xml;charset=ISO-8859-1
Content-Length: 297
Date: Sat, 25 Aug 2018 16:16:48 GMT
Connection: close

&lt;soap:Envelope xmlns:soap=&quot;http://schemas.xmlsoap.org/soap/envelope/&quot;&gt;&lt;soap:Body&gt;&lt;ns1:crearFormularioPotencialResponse xmlns:ns1=&quot;http://www.colfuturo.org/potencial/ws/ServicioIntegracionPotencial&quot;&gt;&lt;return&gt;Creo formulario&lt;/return&gt;&lt;/ns1:crearFormularioPotencialResponse&gt;&lt;/soap:Body&gt;&lt;/soap:Envelope&gt;

01:08:00 191.102.236.77 desde:user/register preparando para almacenar usuario : 1049647980

01:08:00 191.102.236.77  conectando a : https://jboss2.colfuturo.org/Formulario-Interno/ServicioIntegracionPotencial?wsdl

01:08:00 191.102.236.77  enviando datos : {"numeroDocumento":"1049647980",
            "nombre":"Joan Sebastian",
            "apellido":"Gil Contreras",
            "email":"uwgsebastian96@gmail.com",
            "fechaNacimiento":"25-08-2018",
            "ciudadResidencia":"Tunja, Boyacá, Colombia",
            "genero":"M",
            "celular":"",
            "listaInteresAreaEstudio":["Ciencias de la Salud","Ciencias Sociales"],
            "listaInteresIdioma":[""]}

01:08:06 191.102.236.77  respuesta HTTP/1.1 200 OK
Server: Apache-Coyote/1.1
Set-Cookie: JSESSIONID=PJX3BkdFQCV0JaTlw78TCoYW.undefined; Path=/Formulario-Interno
Content-Type: text/xml;charset=ISO-8859-1
Content-Length: 297
Date: Sat, 25 Aug 2018 18:13:30 GMT
Connection: close

&lt;soap:Envelope xmlns:soap=&quot;http://schemas.xmlsoap.org/soap/envelope/&quot;&gt;&lt;soap:Body&gt;&lt;ns1:crearFormularioPotencialResponse xmlns:ns1=&quot;http://www.colfuturo.org/potencial/ws/ServicioIntegracionPotencial&quot;&gt;&lt;return&gt;Creo formulario&lt;/return&gt;&lt;/ns1:crearFormularioPotencialResponse&gt;&lt;/soap:Body&gt;&lt;/soap:Envelope&gt;

01:08:36 181.50.66.217 desde:user/register preparando para almacenar usuario : 1013674892

01:08:36 181.50.66.217  conectando a : https://jboss2.colfuturo.org/Formulario-Interno/ServicioIntegracionPotencial?wsdl

01:08:36 181.50.66.217  enviando datos : {"numeroDocumento":"1013674892",
            "nombre":"Jean Carlo",
            "apellido":"Pineda Lozano",
            "email":"jcpinedal@unal.edu.co",
            "fechaNacimiento":"25-08-2018",
            "ciudadResidencia":"Bogotá, Colombia",
            "genero":"M",
            "celular":"",
            "listaInteresAreaEstudio":["Administración y Negocios","Ciencias de la Salud","Educación"],
            "listaInteresIdioma":["ingles"]}

01:08:41 181.50.66.217  respuesta HTTP/1.1 200 OK
Server: Apache-Coyote/1.1
Set-Cookie: JSESSIONID=N1DaniA7-S1kUyYTTeYotGji.undefined; Path=/Formulario-Interno
Content-Type: text/xml;charset=ISO-8859-1
Content-Length: 297
Date: Sat, 25 Aug 2018 18:41:06 GMT
Connection: close

&lt;soap:Envelope xmlns:soap=&quot;http://schemas.xmlsoap.org/soap/envelope/&quot;&gt;&lt;soap:Body&gt;&lt;ns1:crearFormularioPotencialResponse xmlns:ns1=&quot;http://www.colfuturo.org/potencial/ws/ServicioIntegracionPotencial&quot;&gt;&lt;return&gt;Creo formulario&lt;/return&gt;&lt;/ns1:crearFormularioPotencialResponse&gt;&lt;/soap:Body&gt;&lt;/soap:Envelope&gt;

01:08:37 152.200.91.42 desde:user/register preparando para almacenar usuario : 71740003

01:08:37 152.200.91.42  conectando a : https://jboss2.colfuturo.org/Formulario-Interno/ServicioIntegracionPotencial?wsdl

01:08:37 152.200.91.42  enviando datos : {"numeroDocumento":"71740003",
            "nombre":"Óscar Adolfo",
            "apellido":"García Fernandez",
            "email":"oscaragf@hotmail.com",
            "fechaNacimiento":"25-08-2018",
            "ciudadResidencia":"Barranquilla, Atlántico, Colombia",
            "genero":"M",
            "celular":"",
            "listaInteresAreaEstudio":["Administración y Negocios","Ingeniería"],
            "listaInteresIdioma":["ingles"]}

01:08:42 152.200.91.42  respuesta HTTP/1.1 200 OK
Server: Apache-Coyote/1.1
Set-Cookie: JSESSIONID=SBruVeGqHGdM24XbHUUaK6xy.undefined; Path=/Formulario-Interno
Content-Type: text/xml;charset=ISO-8859-1
Content-Length: 297
Date: Sat, 25 Aug 2018 18:57:06 GMT
Connection: close

&lt;soap:Envelope xmlns:soap=&quot;http://schemas.xmlsoap.org/soap/envelope/&quot;&gt;&lt;soap:Body&gt;&lt;ns1:crearFormularioPotencialResponse xmlns:ns1=&quot;http://www.colfuturo.org/potencial/ws/ServicioIntegracionPotencial&quot;&gt;&lt;return&gt;Creo formulario&lt;/return&gt;&lt;/ns1:crearFormularioPotencialResponse&gt;&lt;/soap:Body&gt;&lt;/soap:Envelope&gt;

03:08:17 181.52.152.69 desde:user/register preparando para almacenar usuario : 1144040972

03:08:17 181.52.152.69  conectando a : https://jboss2.colfuturo.org/Formulario-Interno/ServicioIntegracionPotencial?wsdl

03:08:17 181.52.152.69  enviando datos : {"numeroDocumento":"1144040972",
            "nombre":"ANDRES FELIPE",
            "apellido":"GUZMAN SANCHEZ ",
            "email":"AFGUZMAN3@HOTMAIL.COM",
            "fechaNacimiento":"25-08-2018",
            "ciudadResidencia":"Cali, Valle del Cauca, Colombia",
            "genero":"M",
            "celular":"",
            "listaInteresAreaEstudio":["Administración y Negocios","Arquitectura y Diseño","Artes","Ciencias Políticas y Relaciones Internacionales"],
            "listaInteresIdioma":["ingles"]}

03:08:23 181.52.152.69  respuesta HTTP/1.1 200 OK
Server: Apache-Coyote/1.1
Set-Cookie: JSESSIONID=tKqelPCbh09Yc7uI6y4YsNME.undefined; Path=/Formulario-Interno
Content-Type: text/xml;charset=ISO-8859-1
Content-Length: 297
Date: Sat, 25 Aug 2018 20:16:47 GMT
Connection: close

&lt;soap:Envelope xmlns:soap=&quot;http://schemas.xmlsoap.org/soap/envelope/&quot;&gt;&lt;soap:Body&gt;&lt;ns1:crearFormularioPotencialResponse xmlns:ns1=&quot;http://www.colfuturo.org/potencial/ws/ServicioIntegracionPotencial&quot;&gt;&lt;return&gt;Creo formulario&lt;/return&gt;&lt;/ns1:crearFormularioPotencialResponse&gt;&lt;/soap:Body&gt;&lt;/soap:Envelope&gt;

06:08:54 186.87.23.223 desde:user/register preparando para almacenar usuario : 1026277814

06:08:54 186.87.23.223  conectando a : https://jboss2.colfuturo.org/Formulario-Interno/ServicioIntegracionPotencial?wsdl

06:08:54 186.87.23.223  enviando datos : {"numeroDocumento":"1026277814",
            "nombre":"Erika Yeraldin ",
            "apellido":"Romero Loaiza",
            "email":"Eriyer2010@gmail.com",
            "fechaNacimiento":"25-08-2018",
            "ciudadResidencia":"Bogotá, Colombia",
            "genero":"F",
            "celular":"",
            "listaInteresAreaEstudio":["Administración y Negocios"],
            "listaInteresIdioma":["ingles","frances"]}

06:08:59 186.87.23.223  respuesta HTTP/1.1 200 OK
Server: Apache-Coyote/1.1
Set-Cookie: JSESSIONID=VNj6LaQST3td+Y8f7As8yFVC.undefined; Path=/Formulario-Interno
Content-Type: text/xml;charset=ISO-8859-1
Content-Length: 297
Date: Sat, 25 Aug 2018 23:04:23 GMT
Connection: close

&lt;soap:Envelope xmlns:soap=&quot;http://schemas.xmlsoap.org/soap/envelope/&quot;&gt;&lt;soap:Body&gt;&lt;ns1:crearFormularioPotencialResponse xmlns:ns1=&quot;http://www.colfuturo.org/potencial/ws/ServicioIntegracionPotencial&quot;&gt;&lt;return&gt;Creo formulario&lt;/return&gt;&lt;/ns1:crearFormularioPotencialResponse&gt;&lt;/soap:Body&gt;&lt;/soap:Envelope&gt;

06:08:51 167.0.152.47 desde:user/register preparando para almacenar usuario : 1013576647

06:08:51 167.0.152.47  conectando a : https://jboss2.colfuturo.org/Formulario-Interno/ServicioIntegracionPotencial?wsdl

06:08:51 167.0.152.47  enviando datos : {"numeroDocumento":"1013576647",
            "nombre":"Sonia Esperanza",
            "apellido":"Beltrán Bolaños",
            "email":"Sonnyesperanzabeltran@gmail.com",
            "fechaNacimiento":"25-08-2018",
            "ciudadResidencia":"Bogotá, Colombia",
            "genero":"F",
            "celular":"",
            "listaInteresAreaEstudio":["Educación"],
            "listaInteresIdioma":["ingles","frances"]}

06:08:56 167.0.152.47  respuesta HTTP/1.1 200 OK
Server: Apache-Coyote/1.1
Set-Cookie: JSESSIONID=Uii0HftC7HAmDGB+CDVdZ4Yu.undefined; Path=/Formulario-Interno
Content-Type: text/xml;charset=ISO-8859-1
Content-Length: 297
Date: Sat, 25 Aug 2018 23:48:20 GMT
Connection: close

&lt;soap:Envelope xmlns:soap=&quot;http://schemas.xmlsoap.org/soap/envelope/&quot;&gt;&lt;soap:Body&gt;&lt;ns1:crearFormularioPotencialResponse xmlns:ns1=&quot;http://www.colfuturo.org/potencial/ws/ServicioIntegracionPotencial&quot;&gt;&lt;return&gt;Creo formulario&lt;/return&gt;&lt;/ns1:crearFormularioPotencialResponse&gt;&lt;/soap:Body&gt;&lt;/soap:Envelope&gt;

08:08:10 181.57.246.208 desde:user/register preparando para almacenar usuario : 1018512967

08:08:10 181.57.246.208  conectando a : https://jboss2.colfuturo.org/Formulario-Interno/ServicioIntegracionPotencial?wsdl

08:08:10 181.57.246.208  enviando datos : {"numeroDocumento":"1018512967",
            "nombre":"Rafael Andrés ",
            "apellido":"Herrera Guaitero",
            "email":"randres2011@gmail.com",
            "fechaNacimiento":"25-08-2018",
            "ciudadResidencia":"Bogotá, Colombia",
            "genero":"M",
            "celular":"",
            "listaInteresAreaEstudio":["Ingeniería"],
            "listaInteresIdioma":["ingles","frances"]}

08:08:15 181.57.246.208  respuesta HTTP/1.1 200 OK
Server: Apache-Coyote/1.1
Set-Cookie: JSESSIONID=Mdckkun9g5OR4M10E-CiqsyD.undefined; Path=/Formulario-Interno
Content-Type: text/xml;charset=ISO-8859-1
Content-Length: 297
Date: Sun, 26 Aug 2018 01:10:39 GMT
Connection: close

&lt;soap:Envelope xmlns:soap=&quot;http://schemas.xmlsoap.org/soap/envelope/&quot;&gt;&lt;soap:Body&gt;&lt;ns1:crearFormularioPotencialResponse xmlns:ns1=&quot;http://www.colfuturo.org/potencial/ws/ServicioIntegracionPotencial&quot;&gt;&lt;return&gt;Creo formulario&lt;/return&gt;&lt;/ns1:crearFormularioPotencialResponse&gt;&lt;/soap:Body&gt;&lt;/soap:Envelope&gt;

08:08:26 186.80.205.165 desde:user/register preparando para almacenar usuario : 1018496775

08:08:26 186.80.205.165  conectando a : https://jboss2.colfuturo.org/Formulario-Interno/ServicioIntegracionPotencial?wsdl

08:08:26 186.80.205.165  enviando datos : {"numeroDocumento":"1018496775",
            "nombre":"silvana",
            "apellido":"lastra melendro",
            "email":"lastramelendro@gmail.com",
            "fechaNacimiento":"25-08-2018",
            "ciudadResidencia":"Bogotá, Colombia",
            "genero":"F",
            "celular":"",
            "listaInteresAreaEstudio":["Arquitectura y Diseño","Artes"],
            "listaInteresIdioma":[""]}

08:08:31 186.80.205.165  respuesta HTTP/1.1 200 OK
Server: Apache-Coyote/1.1
Set-Cookie: JSESSIONID=xBdL6sBTSUEiL4N6NkR36WU4.undefined; Path=/Formulario-Interno
Content-Type: text/xml;charset=ISO-8859-1
Content-Length: 297
Date: Sun, 26 Aug 2018 01:16:56 GMT
Connection: close

&lt;soap:Envelope xmlns:soap=&quot;http://schemas.xmlsoap.org/soap/envelope/&quot;&gt;&lt;soap:Body&gt;&lt;ns1:crearFormularioPotencialResponse xmlns:ns1=&quot;http://www.colfuturo.org/potencial/ws/ServicioIntegracionPotencial&quot;&gt;&lt;return&gt;Creo formulario&lt;/return&gt;&lt;/ns1:crearFormularioPotencialResponse&gt;&lt;/soap:Body&gt;&lt;/soap:Envelope&gt;

08:08:30 181.57.245.137 desde:user/register preparando para almacenar usuario : 79749914

08:08:30 181.57.245.137  conectando a : https://jboss2.colfuturo.org/Formulario-Interno/ServicioIntegracionPotencial?wsdl

08:08:30 181.57.245.137  enviando datos : {"numeroDocumento":"79749914",
            "nombre":"Cesar",
            "apellido":"Forero",
            "email":"cesar.forero.rojas@hotmail.com",
            "fechaNacimiento":"25-08-2018",
            "ciudadResidencia":"Bogotá, Colombia",
            "genero":"M",
            "celular":"",
            "listaInteresAreaEstudio":["Administración y Negocios"],
            "listaInteresIdioma":["ingles"]}

08:08:35 181.57.245.137  respuesta HTTP/1.1 200 OK
Server: Apache-Coyote/1.1
Set-Cookie: JSESSIONID=kgfMS1HlTLzv73EeDJcRhilZ.undefined; Path=/Formulario-Interno
Content-Type: text/xml;charset=ISO-8859-1
Content-Length: 297
Date: Sun, 26 Aug 2018 01:18:59 GMT
Connection: close

&lt;soap:Envelope xmlns:soap=&quot;http://schemas.xmlsoap.org/soap/envelope/&quot;&gt;&lt;soap:Body&gt;&lt;ns1:crearFormularioPotencialResponse xmlns:ns1=&quot;http://www.colfuturo.org/potencial/ws/ServicioIntegracionPotencial&quot;&gt;&lt;return&gt;Creo formulario&lt;/return&gt;&lt;/ns1:crearFormularioPotencialResponse&gt;&lt;/soap:Body&gt;&lt;/soap:Envelope&gt;

08:08:26 161.18.75.92 desde:user/register preparando para almacenar usuario : 1075671111

08:08:26 161.18.75.92  conectando a : https://jboss2.colfuturo.org/Formulario-Interno/ServicioIntegracionPotencial?wsdl

08:08:26 161.18.75.92  enviando datos : {"numeroDocumento":"1075671111",
            "nombre":"Natalia",
            "apellido":"Quitián",
            "email":"nmarianan@gmail.com",
            "fechaNacimiento":"25-08-2018",
            "ciudadResidencia":"Zipaquirá, Cundinamarca, Colombia",
            "genero":"F",
            "celular":"",
            "listaInteresAreaEstudio":[""],
            "listaInteresIdioma":["ingles"]}

08:08:31 161.18.75.92  respuesta HTTP/1.1 200 OK
Server: Apache-Coyote/1.1
Set-Cookie: JSESSIONID=XYpGd+XzuEQ5nmtjsZsdqvDZ.undefined; Path=/Formulario-Interno
Content-Type: text/xml;charset=ISO-8859-1
Content-Length: 297
Date: Sun, 26 Aug 2018 01:32:55 GMT
Connection: close

&lt;soap:Envelope xmlns:soap=&quot;http://schemas.xmlsoap.org/soap/envelope/&quot;&gt;&lt;soap:Body&gt;&lt;ns1:crearFormularioPotencialResponse xmlns:ns1=&quot;http://www.colfuturo.org/potencial/ws/ServicioIntegracionPotencial&quot;&gt;&lt;return&gt;Creo formulario&lt;/return&gt;&lt;/ns1:crearFormularioPotencialResponse&gt;&lt;/soap:Body&gt;&lt;/soap:Envelope&gt;

