12:09:53 191.109.215.197 desde:user/153235 preparando para almacenar usuario : 1053605261

12:09:53 191.109.215.197  conectando a : https://jboss2.colfuturo.org/Formulario-Interno/ServicioIntegracionPotencial?wsdl

12:09:53 191.109.215.197  enviando datos : {"numeroDocumento":"1053605261",
            "nombre":"ANGELA ROCIO",
            "apellido":"LOPEZ RODRIGUEZ",
            "email":"anggiel1487@gmail.com",
            "fechaNacimiento":"18 ene 1984",
            "ciudadResidencia":"Bogotá, Colombia",
            "genero":"F",
            "celular":"",
            "listaInteresAreaEstudio":[""],
            "listaInteresIdioma":["ingles"]}

12:09:54 191.109.215.197  respuesta HTTP/1.1 200 OK
Server: Apache-Coyote/1.1
Set-Cookie: JSESSIONID=RNWtK8zTfPRgkvg1P5X1H7fq.undefined; Path=/Formulario-Interno
Content-Type: text/xml;charset=ISO-8859-1
Content-Length: 301
Date: Sat, 23 Sep 2017 05:31:53 GMT
Connection: close

&lt;soap:Envelope xmlns:soap=&quot;http://schemas.xmlsoap.org/soap/envelope/&quot;&gt;&lt;soap:Body&gt;&lt;ns1:crearFormularioPotencialResponse xmlns:ns1=&quot;http://www.colfuturo.org/potencial/ws/ServicioIntegracionPotencial&quot;&gt;&lt;return&gt;Encontro formulario&lt;/return&gt;&lt;/ns1:crearFormularioPotencialResponse&gt;&lt;/soap:Body&gt;&lt;/soap:Envelope&gt;

08:09:35 177.252.245.15 desde:user/150943 preparando para almacenar usuario : 18403171

08:09:35 177.252.245.15  conectando a : https://jboss2.colfuturo.org/Formulario-Interno/ServicioIntegracionPotencial?wsdl

08:09:35 177.252.245.15  enviando datos : {"numeroDocumento":"18403171",
            "nombre":"william david ",
            "apellido":"mora garzon",
            "email":"wdmgarzon@gmail.com",
            "fechaNacimiento":"18 ene 1984",
            "ciudadResidencia":"Armenia, Quindío, Colombia",
            "genero":"M",
            "celular":"",
            "listaInteresAreaEstudio":["Ciencias Básicas"],
            "listaInteresIdioma":[""]}

08:09:35 177.252.245.15  respuesta HTTP/1.1 200 OK
Server: Apache-Coyote/1.1
Set-Cookie: JSESSIONID=EqUkbosnEiDsZA7rVziXXfkB.undefined; Path=/Formulario-Interno
Content-Type: text/xml;charset=ISO-8859-1
Content-Length: 301
Date: Sat, 23 Sep 2017 13:10:35 GMT
Connection: close

&lt;soap:Envelope xmlns:soap=&quot;http://schemas.xmlsoap.org/soap/envelope/&quot;&gt;&lt;soap:Body&gt;&lt;ns1:crearFormularioPotencialResponse xmlns:ns1=&quot;http://www.colfuturo.org/potencial/ws/ServicioIntegracionPotencial&quot;&gt;&lt;return&gt;Encontro formulario&lt;/return&gt;&lt;/ns1:crearFormularioPotencialResponse&gt;&lt;/soap:Body&gt;&lt;/soap:Envelope&gt;

08:09:20 190.99.168.5 desde:user/register preparando para almacenar usuario : 1144124606

08:09:20 190.99.168.5  conectando a : https://jboss2.colfuturo.org/Formulario-Interno/ServicioIntegracionPotencial?wsdl

08:09:20 190.99.168.5  enviando datos : {"numeroDocumento":"1144124606",
            "nombre":"Jennifer",
            "apellido":"Sepulveda",
            "email":"jensepul@gmail.com",
            "fechaNacimiento":"18 ene 1984",
            "ciudadResidencia":"Cali, Valle del Cauca, Colombia",
            "genero":"F",
            "celular":"",
            "listaInteresAreaEstudio":[""],
            "listaInteresIdioma":["ingles"]}

08:09:21 190.99.168.5  respuesta HTTP/1.1 200 OK
Server: Apache-Coyote/1.1
Set-Cookie: JSESSIONID=iDKb-6xboqrGhLcxShEXQlkf.undefined; Path=/Formulario-Interno
Content-Type: text/xml;charset=ISO-8859-1
Content-Length: 297
Date: Sat, 23 Sep 2017 13:29:21 GMT
Connection: close

&lt;soap:Envelope xmlns:soap=&quot;http://schemas.xmlsoap.org/soap/envelope/&quot;&gt;&lt;soap:Body&gt;&lt;ns1:crearFormularioPotencialResponse xmlns:ns1=&quot;http://www.colfuturo.org/potencial/ws/ServicioIntegracionPotencial&quot;&gt;&lt;return&gt;Creo formulario&lt;/return&gt;&lt;/ns1:crearFormularioPotencialResponse&gt;&lt;/soap:Body&gt;&lt;/soap:Envelope&gt;

08:09:44 181.55.98.58 desde:user/register preparando para almacenar usuario : 1113659804

08:09:44 181.55.98.58  conectando a : https://jboss2.colfuturo.org/Formulario-Interno/ServicioIntegracionPotencial?wsdl

08:09:44 181.55.98.58  enviando datos : {"numeroDocumento":"1113659804",
            "nombre":"Daniela",
            "apellido":"Conde Hernandez",
            "email":"danielaconde126@gmail.com",
            "fechaNacimiento":"18 ene 1984",
            "ciudadResidencia":"Palmira, Valle del Cauca, Colombia",
            "genero":"F",
            "celular":"",
            "listaInteresAreaEstudio":["Ingeniería"],
            "listaInteresIdioma":["ingles"]}

08:09:45 181.55.98.58  respuesta HTTP/1.1 200 OK
Server: Apache-Coyote/1.1
Set-Cookie: JSESSIONID=0gM-cOVmGk2FH+nyeVZd0Skh.undefined; Path=/Formulario-Interno
Content-Type: text/xml;charset=ISO-8859-1
Content-Length: 297
Date: Sat, 23 Sep 2017 13:59:45 GMT
Connection: close

&lt;soap:Envelope xmlns:soap=&quot;http://schemas.xmlsoap.org/soap/envelope/&quot;&gt;&lt;soap:Body&gt;&lt;ns1:crearFormularioPotencialResponse xmlns:ns1=&quot;http://www.colfuturo.org/potencial/ws/ServicioIntegracionPotencial&quot;&gt;&lt;return&gt;Creo formulario&lt;/return&gt;&lt;/ns1:crearFormularioPotencialResponse&gt;&lt;/soap:Body&gt;&lt;/soap:Envelope&gt;

10:09:57 186.87.194.230 desde:user/register preparando para almacenar usuario : 1216969277

10:09:57 186.87.194.230  conectando a : https://jboss2.colfuturo.org/Formulario-Interno/ServicioIntegracionPotencial?wsdl

10:09:57 186.87.194.230  enviando datos : {"numeroDocumento":"1216969277",
            "nombre":"David Antonio ",
            "apellido":"Bayter Vásquez",
            "email":"dabv_12@hotmail.com",
            "fechaNacimiento":"18 ene 1984",
            "ciudadResidencia":"Bucaramanga, Santander, Colombia",
            "genero":"M",
            "celular":"",
            "listaInteresAreaEstudio":[""],
            "listaInteresIdioma":["ingles"]}

10:09:58 186.87.194.230  respuesta HTTP/1.1 200 OK
Server: Apache-Coyote/1.1
Set-Cookie: JSESSIONID=U0lO0uTHa9wmbChjf8ykBdxJ.undefined; Path=/Formulario-Interno
Content-Type: text/xml;charset=ISO-8859-1
Content-Length: 297
Date: Sat, 23 Sep 2017 15:21:57 GMT
Connection: close

&lt;soap:Envelope xmlns:soap=&quot;http://schemas.xmlsoap.org/soap/envelope/&quot;&gt;&lt;soap:Body&gt;&lt;ns1:crearFormularioPotencialResponse xmlns:ns1=&quot;http://www.colfuturo.org/potencial/ws/ServicioIntegracionPotencial&quot;&gt;&lt;return&gt;Creo formulario&lt;/return&gt;&lt;/ns1:crearFormularioPotencialResponse&gt;&lt;/soap:Body&gt;&lt;/soap:Envelope&gt;

10:09:22 161.18.160.140 desde:user/register preparando para almacenar usuario : 1107064301

10:09:22 161.18.160.140  conectando a : https://jboss2.colfuturo.org/Formulario-Interno/ServicioIntegracionPotencial?wsdl

10:09:22 161.18.160.140  enviando datos : {"numeroDocumento":"1107064301",
            "nombre":"lizette",
            "apellido":"mendez alzate",
            "email":"lizca_a18@hotmail.com",
            "fechaNacimiento":"18 ene 1984",
            "ciudadResidencia":"Cali, Valle del Cauca, Colombia",
            "genero":"F",
            "celular":"",
            "listaInteresAreaEstudio":[""],
            "listaInteresIdioma":["ingles"]}

10:09:23 161.18.160.140  respuesta HTTP/1.1 200 OK
Server: Apache-Coyote/1.1
Set-Cookie: JSESSIONID=QN2IM13r7BEfuFgkrpi-93ng.undefined; Path=/Formulario-Interno
Content-Type: text/xml;charset=ISO-8859-1
Content-Length: 297
Date: Sat, 23 Sep 2017 15:47:22 GMT
Connection: close

&lt;soap:Envelope xmlns:soap=&quot;http://schemas.xmlsoap.org/soap/envelope/&quot;&gt;&lt;soap:Body&gt;&lt;ns1:crearFormularioPotencialResponse xmlns:ns1=&quot;http://www.colfuturo.org/potencial/ws/ServicioIntegracionPotencial&quot;&gt;&lt;return&gt;Creo formulario&lt;/return&gt;&lt;/ns1:crearFormularioPotencialResponse&gt;&lt;/soap:Body&gt;&lt;/soap:Envelope&gt;

11:09:56 186.155.12.7 desde:user/167281 preparando para almacenar usuario : 35198960

11:09:56 186.155.12.7  conectando a : https://jboss2.colfuturo.org/Formulario-Interno/ServicioIntegracionPotencial?wsdl

11:09:56 186.155.12.7  enviando datos : {"numeroDocumento":"35198960",
            "nombre":"VICTORIA",
            "apellido":"SANCHEZ LAVERDE",
            "email":"victorialaverde@gmail.com",
            "fechaNacimiento":"18 ene 1984",
            "ciudadResidencia":"Bogotá, Colombia",
            "genero":"F",
            "celular":"",
            "listaInteresAreaEstudio":[""],
            "listaInteresIdioma":["ingles"]}

11:09:56 186.155.12.7  respuesta HTTP/1.1 200 OK
Server: Apache-Coyote/1.1
Set-Cookie: JSESSIONID=MsYFJATFJC2MyFGdnXfqOle+.undefined; Path=/Formulario-Interno
Content-Type: text/xml;charset=ISO-8859-1
Content-Length: 301
Date: Sat, 23 Sep 2017 16:07:56 GMT
Connection: close

&lt;soap:Envelope xmlns:soap=&quot;http://schemas.xmlsoap.org/soap/envelope/&quot;&gt;&lt;soap:Body&gt;&lt;ns1:crearFormularioPotencialResponse xmlns:ns1=&quot;http://www.colfuturo.org/potencial/ws/ServicioIntegracionPotencial&quot;&gt;&lt;return&gt;Encontro formulario&lt;/return&gt;&lt;/ns1:crearFormularioPotencialResponse&gt;&lt;/soap:Body&gt;&lt;/soap:Envelope&gt;

12:09:35 200.16.119.100 desde:user/register preparando para almacenar usuario : 1098789859

12:09:35 200.16.119.100  conectando a : https://jboss2.colfuturo.org/Formulario-Interno/ServicioIntegracionPotencial?wsdl

12:09:35 200.16.119.100  enviando datos : {"numeroDocumento":"1098789859",
            "nombre":"Milena Alicia",
            "apellido":"Cabrera Cantillo",
            "email":"milenacabrera96@hotmail.com",
            "fechaNacimiento":"18 ene 1984",
            "ciudadResidencia":"Bucaramanga, Santander, Colombia",
            "genero":"F",
            "celular":"",
            "listaInteresAreaEstudio":["Ingeniería"],
            "listaInteresIdioma":["ingles","frances"]}

12:09:36 200.16.119.100  respuesta HTTP/1.1 200 OK
Server: Apache-Coyote/1.1
Set-Cookie: JSESSIONID=QCn-5T1MqHHpsEnTfncqqiKc.undefined; Path=/Formulario-Interno
Content-Type: text/xml;charset=ISO-8859-1
Content-Length: 297
Date: Sat, 23 Sep 2017 17:31:35 GMT
Connection: close

&lt;soap:Envelope xmlns:soap=&quot;http://schemas.xmlsoap.org/soap/envelope/&quot;&gt;&lt;soap:Body&gt;&lt;ns1:crearFormularioPotencialResponse xmlns:ns1=&quot;http://www.colfuturo.org/potencial/ws/ServicioIntegracionPotencial&quot;&gt;&lt;return&gt;Creo formulario&lt;/return&gt;&lt;/ns1:crearFormularioPotencialResponse&gt;&lt;/soap:Body&gt;&lt;/soap:Envelope&gt;

12:09:21 201.244.230.32 desde:user/register preparando para almacenar usuario : 1020800660

12:09:21 201.244.230.32  conectando a : https://jboss2.colfuturo.org/Formulario-Interno/ServicioIntegracionPotencial?wsdl

12:09:21 201.244.230.32  enviando datos : {"numeroDocumento":"1020800660",
            "nombre":"gloria daniela",
            "apellido":"pulecio leon",
            "email":"danipulecio13@gmail.com",
            "fechaNacimiento":"18 ene 1984",
            "ciudadResidencia":"Bogotá, Colombia",
            "genero":"F",
            "celular":"",
            "listaInteresAreaEstudio":["Administración y Negocios"],
            "listaInteresIdioma":[""]}

12:09:23 201.244.230.32  respuesta HTTP/1.1 200 OK
Server: Apache-Coyote/1.1
Set-Cookie: JSESSIONID=nyexaYGq6shVgmQhMm8hnO+m.undefined; Path=/Formulario-Interno
Content-Type: text/xml;charset=ISO-8859-1
Content-Length: 297
Date: Sat, 23 Sep 2017 17:33:23 GMT
Connection: close

&lt;soap:Envelope xmlns:soap=&quot;http://schemas.xmlsoap.org/soap/envelope/&quot;&gt;&lt;soap:Body&gt;&lt;ns1:crearFormularioPotencialResponse xmlns:ns1=&quot;http://www.colfuturo.org/potencial/ws/ServicioIntegracionPotencial&quot;&gt;&lt;return&gt;Creo formulario&lt;/return&gt;&lt;/ns1:crearFormularioPotencialResponse&gt;&lt;/soap:Body&gt;&lt;/soap:Envelope&gt;

03:09:40 186.29.213.21 desde:user/register preparando para almacenar usuario : 1098747243

03:09:40 186.29.213.21  conectando a : https://jboss2.colfuturo.org/Formulario-Interno/ServicioIntegracionPotencial?wsdl

03:09:40 186.29.213.21  enviando datos : {"numeroDocumento":"1098747243",
            "nombre":"sharon Nathalia",
            "apellido":"Laguado Salazar",
            "email":"natu_salazar@hotmail.com",
            "fechaNacimiento":"18 ene 1984",
            "ciudadResidencia":"Bogotá, Colombia",
            "genero":"F",
            "celular":"",
            "listaInteresAreaEstudio":["Ciencias Políticas y Relaciones Internacionales","Ciencias Sociales"],
            "listaInteresIdioma":["ingles","frances"]}

03:09:41 186.29.213.21  respuesta HTTP/1.1 200 OK
Server: Apache-Coyote/1.1
Set-Cookie: JSESSIONID=yzsCvQTHADLY5tigGI8os3vr.undefined; Path=/Formulario-Interno
Content-Type: text/xml;charset=ISO-8859-1
Content-Length: 297
Date: Sat, 23 Sep 2017 20:02:40 GMT
Connection: close

&lt;soap:Envelope xmlns:soap=&quot;http://schemas.xmlsoap.org/soap/envelope/&quot;&gt;&lt;soap:Body&gt;&lt;ns1:crearFormularioPotencialResponse xmlns:ns1=&quot;http://www.colfuturo.org/potencial/ws/ServicioIntegracionPotencial&quot;&gt;&lt;return&gt;Creo formulario&lt;/return&gt;&lt;/ns1:crearFormularioPotencialResponse&gt;&lt;/soap:Body&gt;&lt;/soap:Envelope&gt;

03:09:29 186.83.5.151 desde:user/register preparando para almacenar usuario : 1127578495

03:09:29 186.83.5.151  conectando a : https://jboss2.colfuturo.org/Formulario-Interno/ServicioIntegracionPotencial?wsdl

03:09:29 186.83.5.151  enviando datos : {"numeroDocumento":"1127578495",
            "nombre":"ricardo antonio",
            "apellido":"paternina",
            "email":"paternina@gmail.com",
            "fechaNacimiento":"18 ene 1984",
            "ciudadResidencia":"Bogotá, Colombia",
            "genero":"M",
            "celular":"",
            "listaInteresAreaEstudio":["Ciencias de la Salud"],
            "listaInteresIdioma":[""]}

03:09:30 186.83.5.151  respuesta HTTP/1.1 200 OK
Server: Apache-Coyote/1.1
Set-Cookie: JSESSIONID=Pfb27Tj+RJGQnPKaRGLqnyxe.undefined; Path=/Formulario-Interno
Content-Type: text/xml;charset=ISO-8859-1
Content-Length: 297
Date: Sat, 23 Sep 2017 20:13:29 GMT
Connection: close

&lt;soap:Envelope xmlns:soap=&quot;http://schemas.xmlsoap.org/soap/envelope/&quot;&gt;&lt;soap:Body&gt;&lt;ns1:crearFormularioPotencialResponse xmlns:ns1=&quot;http://www.colfuturo.org/potencial/ws/ServicioIntegracionPotencial&quot;&gt;&lt;return&gt;Creo formulario&lt;/return&gt;&lt;/ns1:crearFormularioPotencialResponse&gt;&lt;/soap:Body&gt;&lt;/soap:Envelope&gt;

03:09:34 47.18.218.56 desde:user/122634 preparando para almacenar usuario : 1032433275

03:09:34 47.18.218.56  conectando a : https://jboss2.colfuturo.org/Formulario-Interno/ServicioIntegracionPotencial?wsdl

03:09:34 47.18.218.56  enviando datos : {"numeroDocumento":"1032433275",
            "nombre":"Paola Fernanda",
            "apellido":"Molano Ayala",
            "email":"paolamolano31@gmail.com",
            "fechaNacimiento":"18 ene 1984",
            "ciudadResidencia":"Bogotá, Colombia",
            "genero":"F",
            "celular":"",
            "listaInteresAreaEstudio":["Ciencias Sociales"],
            "listaInteresIdioma":[""]}

03:09:34 47.18.218.56  respuesta HTTP/1.1 200 OK
Server: Apache-Coyote/1.1
Set-Cookie: JSESSIONID=ae6c--136rOXWNqldRhREAWy.undefined; Path=/Formulario-Interno
Content-Type: text/xml;charset=ISO-8859-1
Content-Length: 301
Date: Sat, 23 Sep 2017 20:47:34 GMT
Connection: close

&lt;soap:Envelope xmlns:soap=&quot;http://schemas.xmlsoap.org/soap/envelope/&quot;&gt;&lt;soap:Body&gt;&lt;ns1:crearFormularioPotencialResponse xmlns:ns1=&quot;http://www.colfuturo.org/potencial/ws/ServicioIntegracionPotencial&quot;&gt;&lt;return&gt;Encontro formulario&lt;/return&gt;&lt;/ns1:crearFormularioPotencialResponse&gt;&lt;/soap:Body&gt;&lt;/soap:Envelope&gt;

04:09:56 186.85.123.158 desde:user/register preparando para almacenar usuario : 10131360

04:09:56 186.85.123.158  conectando a : https://jboss2.colfuturo.org/Formulario-Interno/ServicioIntegracionPotencial?wsdl

04:09:56 186.85.123.158  enviando datos : {"numeroDocumento":"10131360",
            "nombre":"walter  alberto",
            "apellido":"morales zuñiga",
            "email":"walmozu@hotmail.com",
            "fechaNacimiento":"18 ene 1984",
            "ciudadResidencia":"Pereira, Risaralda, Colombia",
            "genero":"M",
            "celular":"",
            "listaInteresAreaEstudio":[""],
            "listaInteresIdioma":["ingles"]}

04:09:58 186.85.123.158  respuesta HTTP/1.1 200 OK
Server: Apache-Coyote/1.1
Set-Cookie: JSESSIONID=0JynTpTDchVqZEKA8ol162u6.undefined; Path=/Formulario-Interno
Content-Type: text/xml;charset=ISO-8859-1
Content-Length: 297
Date: Sat, 23 Sep 2017 21:35:58 GMT
Connection: close

&lt;soap:Envelope xmlns:soap=&quot;http://schemas.xmlsoap.org/soap/envelope/&quot;&gt;&lt;soap:Body&gt;&lt;ns1:crearFormularioPotencialResponse xmlns:ns1=&quot;http://www.colfuturo.org/potencial/ws/ServicioIntegracionPotencial&quot;&gt;&lt;return&gt;Creo formulario&lt;/return&gt;&lt;/ns1:crearFormularioPotencialResponse&gt;&lt;/soap:Body&gt;&lt;/soap:Envelope&gt;

04:09:10 186.27.219.212 desde:user/register preparando para almacenar usuario : 1130631981

04:09:10 186.27.219.212  conectando a : https://jboss2.colfuturo.org/Formulario-Interno/ServicioIntegracionPotencial?wsdl

04:09:10 186.27.219.212  enviando datos : {"numeroDocumento":"1130631981",
            "nombre":"saintebegge lizeth",
            "apellido":"barrera tabarquino",
            "email":"barreralizeth3@gmail.com",
            "fechaNacimiento":"18 ene 1984",
            "ciudadResidencia":"Cali, Valle del Cauca, Colombia",
            "genero":"F",
            "celular":"",
            "listaInteresAreaEstudio":["Administración y Negocios","Ciencias Políticas y Relaciones Internacionales","Educación"],
            "listaInteresIdioma":[""]}

04:09:11 186.27.219.212  respuesta HTTP/1.1 200 OK
Server: Apache-Coyote/1.1
Set-Cookie: JSESSIONID=5w8VZlfApHIen5NzPOdZpwiT.undefined; Path=/Formulario-Interno
Content-Type: text/xml;charset=ISO-8859-1
Content-Length: 297
Date: Sat, 23 Sep 2017 21:39:10 GMT
Connection: close

&lt;soap:Envelope xmlns:soap=&quot;http://schemas.xmlsoap.org/soap/envelope/&quot;&gt;&lt;soap:Body&gt;&lt;ns1:crearFormularioPotencialResponse xmlns:ns1=&quot;http://www.colfuturo.org/potencial/ws/ServicioIntegracionPotencial&quot;&gt;&lt;return&gt;Creo formulario&lt;/return&gt;&lt;/ns1:crearFormularioPotencialResponse&gt;&lt;/soap:Body&gt;&lt;/soap:Envelope&gt;

06:09:36 186.80.251.32 desde:user/register preparando para almacenar usuario : 1032401384

06:09:36 186.80.251.32  conectando a : https://jboss2.colfuturo.org/Formulario-Interno/ServicioIntegracionPotencial?wsdl

06:09:36 186.80.251.32  enviando datos : {"numeroDocumento":"1032401384",
            "nombre":"Javier Felipe",
            "apellido":"Hidalgo Mendoza",
            "email":"javihidalgo22@gmail.com",
            "fechaNacimiento":"18 ene 1984",
            "ciudadResidencia":"Bogotá, Colombia",
            "genero":"M",
            "celular":"",
            "listaInteresAreaEstudio":["Arquitectura y Diseño","Artes","Ciencias Sociales"],
            "listaInteresIdioma":[""]}

06:09:37 186.80.251.32  respuesta HTTP/1.1 200 OK
Server: Apache-Coyote/1.1
Set-Cookie: JSESSIONID=ChZ3YQqoYe+ls4a1RDTASAxu.undefined; Path=/Formulario-Interno
Content-Type: text/xml;charset=ISO-8859-1
Content-Length: 297
Date: Sat, 23 Sep 2017 23:06:37 GMT
Connection: close

&lt;soap:Envelope xmlns:soap=&quot;http://schemas.xmlsoap.org/soap/envelope/&quot;&gt;&lt;soap:Body&gt;&lt;ns1:crearFormularioPotencialResponse xmlns:ns1=&quot;http://www.colfuturo.org/potencial/ws/ServicioIntegracionPotencial&quot;&gt;&lt;return&gt;Creo formulario&lt;/return&gt;&lt;/ns1:crearFormularioPotencialResponse&gt;&lt;/soap:Body&gt;&lt;/soap:Envelope&gt;

07:09:16 186.30.63.99 desde:user/69731 preparando para almacenar usuario : 53080082

07:09:16 186.30.63.99  conectando a : https://jboss2.colfuturo.org/Formulario-Interno/ServicioIntegracionPotencial?wsdl

07:09:16 186.30.63.99  enviando datos : {"numeroDocumento":"53080082",
            "nombre":"Natalia",
            "apellido":"Valencia Arango",
            "email":"nataliavalenciaarango@gmail.com",
            "fechaNacimiento":"18 ene 1984",
            "ciudadResidencia":"",
            "genero":"F",
            "celular":"",
            "listaInteresAreaEstudio":["Artes"],
            "listaInteresIdioma":[""]}

07:09:16 186.30.63.99  respuesta HTTP/1.1 200 OK
Server: Apache-Coyote/1.1
Set-Cookie: JSESSIONID=RSasFP+1ncATJkLTSakBespz.undefined; Path=/Formulario-Interno
Content-Type: text/xml;charset=ISO-8859-1
Content-Length: 301
Date: Sun, 24 Sep 2017 00:16:16 GMT
Connection: close

&lt;soap:Envelope xmlns:soap=&quot;http://schemas.xmlsoap.org/soap/envelope/&quot;&gt;&lt;soap:Body&gt;&lt;ns1:crearFormularioPotencialResponse xmlns:ns1=&quot;http://www.colfuturo.org/potencial/ws/ServicioIntegracionPotencial&quot;&gt;&lt;return&gt;Encontro formulario&lt;/return&gt;&lt;/ns1:crearFormularioPotencialResponse&gt;&lt;/soap:Body&gt;&lt;/soap:Envelope&gt;

08:09:26 181.49.83.180 desde:user/register preparando para almacenar usuario : 1113637193

08:09:26 181.49.83.180  conectando a : https://jboss2.colfuturo.org/Formulario-Interno/ServicioIntegracionPotencial?wsdl

08:09:26 181.49.83.180  enviando datos : {"numeroDocumento":"1113637193",
            "nombre":"Diana Patricia",
            "apellido":"Salazar Ulloa",
            "email":"dianapatrisalazar@gmail.com",
            "fechaNacimiento":"18 ene 1984",
            "ciudadResidencia":"Jamundí, Valle del Cauca, Colombia",
            "genero":"F",
            "celular":"",
            "listaInteresAreaEstudio":["Educación"],
            "listaInteresIdioma":["ingles","frances"]}

08:09:27 181.49.83.180  respuesta HTTP/1.1 200 OK
Server: Apache-Coyote/1.1
Set-Cookie: JSESSIONID=Wt3uGu9fra5Jw2awhVfcPYMq.undefined; Path=/Formulario-Interno
Content-Type: text/xml;charset=ISO-8859-1
Content-Length: 297
Date: Sun, 24 Sep 2017 01:58:27 GMT
Connection: close

&lt;soap:Envelope xmlns:soap=&quot;http://schemas.xmlsoap.org/soap/envelope/&quot;&gt;&lt;soap:Body&gt;&lt;ns1:crearFormularioPotencialResponse xmlns:ns1=&quot;http://www.colfuturo.org/potencial/ws/ServicioIntegracionPotencial&quot;&gt;&lt;return&gt;Creo formulario&lt;/return&gt;&lt;/ns1:crearFormularioPotencialResponse&gt;&lt;/soap:Body&gt;&lt;/soap:Envelope&gt;

10:09:44 186.83.15.27 desde:user/register preparando para almacenar usuario : 1140855477

10:09:44 186.83.15.27  conectando a : https://jboss2.colfuturo.org/Formulario-Interno/ServicioIntegracionPotencial?wsdl

10:09:44 186.83.15.27  enviando datos : {"numeroDocumento":"1140855477",
            "nombre":"Daniel Enrique",
            "apellido":"Bayram Vásquez",
            "email":"danielbayram@gmail.com",
            "fechaNacimiento":"18 ene 1984",
            "ciudadResidencia":"Barranquilla, Atlántico, Colombia",
            "genero":"M",
            "celular":"",
            "listaInteresAreaEstudio":["Administración y Negocios","Ciencias Políticas y Relaciones Internacionales","Ciencias Sociales","Economía"],
            "listaInteresIdioma":[""]}

10:09:45 186.83.15.27  respuesta HTTP/1.1 200 OK
Server: Apache-Coyote/1.1
Set-Cookie: JSESSIONID=QPfUWZ81Xlg8pr6oxSBpHzhf.undefined; Path=/Formulario-Interno
Content-Type: text/xml;charset=ISO-8859-1
Content-Length: 297
Date: Sun, 24 Sep 2017 03:38:45 GMT
Connection: close

&lt;soap:Envelope xmlns:soap=&quot;http://schemas.xmlsoap.org/soap/envelope/&quot;&gt;&lt;soap:Body&gt;&lt;ns1:crearFormularioPotencialResponse xmlns:ns1=&quot;http://www.colfuturo.org/potencial/ws/ServicioIntegracionPotencial&quot;&gt;&lt;return&gt;Creo formulario&lt;/return&gt;&lt;/ns1:crearFormularioPotencialResponse&gt;&lt;/soap:Body&gt;&lt;/soap:Envelope&gt;

10:09:24 190.146.105.181 desde:user/register preparando para almacenar usuario : 1020747929

10:09:24 190.146.105.181  conectando a : https://jboss2.colfuturo.org/Formulario-Interno/ServicioIntegracionPotencial?wsdl

10:09:24 190.146.105.181  enviando datos : {"numeroDocumento":"1020747929",
            "nombre":"Miguel Ángel ",
            "apellido":"Rincón Chuscano",
            "email":"mac_8977@hotmail.com",
            "fechaNacimiento":"18 ene 1984",
            "ciudadResidencia":"Bogotá, Colombia",
            "genero":"M",
            "celular":"",
            "listaInteresAreaEstudio":["Ciencias Sociales","Economía"],
            "listaInteresIdioma":["ingles"]}

10:09:25 190.146.105.181  respuesta HTTP/1.1 200 OK
Server: Apache-Coyote/1.1
Set-Cookie: JSESSIONID=F9R++OIqSz3Shmt7x+GDxF4j.undefined; Path=/Formulario-Interno
Content-Type: text/xml;charset=ISO-8859-1
Content-Length: 297
Date: Sun, 24 Sep 2017 03:43:24 GMT
Connection: close

&lt;soap:Envelope xmlns:soap=&quot;http://schemas.xmlsoap.org/soap/envelope/&quot;&gt;&lt;soap:Body&gt;&lt;ns1:crearFormularioPotencialResponse xmlns:ns1=&quot;http://www.colfuturo.org/potencial/ws/ServicioIntegracionPotencial&quot;&gt;&lt;return&gt;Creo formulario&lt;/return&gt;&lt;/ns1:crearFormularioPotencialResponse&gt;&lt;/soap:Body&gt;&lt;/soap:Envelope&gt;

