08:10:19 186.28.75.80 desde:user/register preparando para almacenar usuario : 1020782174

08:10:19 186.28.75.80  conectando a : http://jboss2.colfuturo.org/Formulario-Interno/ServicioIntegracionPotencial?wsdl

08:10:19 186.28.75.80  enviando datos : {"numeroDocumento":"1020782174",
            "nombre":"Lily Estefanía",
            "apellido":"Vargas Díaz",
            "email":"levargasd@gmail.com",
            "fechaNacimiento":"18 ene 1984",
            "ciudadResidencia":"Bogotá, Colombia",
            "genero":"F",
            "celular":"",
            "listaInteresAreaEstudio":["Ciencias Básicas","Educación","Ingeniería"],
            "listaInteresIdioma":["ingles"]}

08:10:25 186.28.75.80  respuesta HTTP/1.1 200 OK
Server: Apache-Coyote/1.1
Set-Cookie: JSESSIONID=lS05U-lqpWKlw0izVky83qJn.undefined; Path=/Formulario-Interno
Content-Type: text/xml;charset=ISO-8859-1
Content-Length: 297
Date: Sun, 30 Oct 2016 13:54:25 GMT
Connection: close

&lt;soap:Envelope xmlns:soap=&quot;http://schemas.xmlsoap.org/soap/envelope/&quot;&gt;&lt;soap:Body&gt;&lt;ns1:crearFormularioPotencialResponse xmlns:ns1=&quot;http://www.colfuturo.org/potencial/ws/ServicioIntegracionPotencial&quot;&gt;&lt;return&gt;Creo formulario&lt;/return&gt;&lt;/ns1:crearFormularioPotencialResponse&gt;&lt;/soap:Body&gt;&lt;/soap:Envelope&gt;

10:10:11 190.73.13.67 desde:user/register preparando para almacenar usuario : 21312367

10:10:11 190.73.13.67  conectando a : http://jboss2.colfuturo.org/Formulario-Interno/ServicioIntegracionPotencial?wsdl

10:10:11 190.73.13.67  enviando datos : {"numeroDocumento":"21312367",
            "nombre":"francisco javier",
            "apellido":"jimenez",
            "email":"franjim_11@hotmail.com",
            "fechaNacimiento":"18 ene 1984",
            "ciudadResidencia":"Medellín - Antioquia, Colombia",
            "genero":"M",
            "celular":"",
            "listaInteresAreaEstudio":["Economía"],
            "listaInteresIdioma":[""]}

10:10:17 190.73.13.67  respuesta HTTP/1.1 200 OK
Server: Apache-Coyote/1.1
Set-Cookie: JSESSIONID=XFTxngT7cb+vj0yYzrcsZXKc.undefined; Path=/Formulario-Interno
Content-Type: text/xml;charset=ISO-8859-1
Content-Length: 297
Date: Sun, 30 Oct 2016 15:21:17 GMT
Connection: close

&lt;soap:Envelope xmlns:soap=&quot;http://schemas.xmlsoap.org/soap/envelope/&quot;&gt;&lt;soap:Body&gt;&lt;ns1:crearFormularioPotencialResponse xmlns:ns1=&quot;http://www.colfuturo.org/potencial/ws/ServicioIntegracionPotencial&quot;&gt;&lt;return&gt;Creo formulario&lt;/return&gt;&lt;/ns1:crearFormularioPotencialResponse&gt;&lt;/soap:Body&gt;&lt;/soap:Envelope&gt;

11:10:15 181.192.160.166 desde:user/register preparando para almacenar usuario : 1045725989

11:10:15 181.192.160.166  conectando a : http://jboss2.colfuturo.org/Formulario-Interno/ServicioIntegracionPotencial?wsdl

11:10:15 181.192.160.166  enviando datos : {"numeroDocumento":"1045725989",
            "nombre":"Angee Paola",
            "apellido":"Salas Barrios",
            "email":"angeesalas@hotmail.com",
            "fechaNacimiento":"18 ene 1984",
            "ciudadResidencia":"Barranquilla - Atlántico, Colombia",
            "genero":"F",
            "celular":"",
            "listaInteresAreaEstudio":["Ciencias de la Salud"],
            "listaInteresIdioma":[""]}

11:10:20 181.192.160.166  respuesta HTTP/1.1 200 OK
Server: Apache-Coyote/1.1
Set-Cookie: JSESSIONID=oTLNyRdJQmLSnapnbATZ77re.undefined; Path=/Formulario-Interno
Content-Type: text/xml;charset=ISO-8859-1
Content-Length: 297
Date: Sun, 30 Oct 2016 16:17:20 GMT
Connection: close

&lt;soap:Envelope xmlns:soap=&quot;http://schemas.xmlsoap.org/soap/envelope/&quot;&gt;&lt;soap:Body&gt;&lt;ns1:crearFormularioPotencialResponse xmlns:ns1=&quot;http://www.colfuturo.org/potencial/ws/ServicioIntegracionPotencial&quot;&gt;&lt;return&gt;Creo formulario&lt;/return&gt;&lt;/ns1:crearFormularioPotencialResponse&gt;&lt;/soap:Body&gt;&lt;/soap:Envelope&gt;

12:10:57 186.144.115.244 desde:user/register preparando para almacenar usuario : 37895241

12:10:57 186.144.115.244  conectando a : http://jboss2.colfuturo.org/Formulario-Interno/ServicioIntegracionPotencial?wsdl

12:10:57 186.144.115.244  enviando datos : {"numeroDocumento":"37895241",
            "nombre":"DAMARY",
            "apellido":"RUEDA SANCHEZ",
            "email":"damyrueda@hotmail.com",
            "fechaNacimiento":"18 ene 1984",
            "ciudadResidencia":"Bucaramanga - Santander, Colombia",
            "genero":"F",
            "celular":"",
            "listaInteresAreaEstudio":[""],
            "listaInteresIdioma":["ingles"]}

12:10:02 186.144.115.244  respuesta HTTP/1.1 200 OK
Server: Apache-Coyote/1.1
Set-Cookie: JSESSIONID=BkfmrR0oBxPBqGvR9B-ufB5X.undefined; Path=/Formulario-Interno
Content-Type: text/xml;charset=ISO-8859-1
Content-Length: 297
Date: Sun, 30 Oct 2016 17:03:02 GMT
Connection: close

&lt;soap:Envelope xmlns:soap=&quot;http://schemas.xmlsoap.org/soap/envelope/&quot;&gt;&lt;soap:Body&gt;&lt;ns1:crearFormularioPotencialResponse xmlns:ns1=&quot;http://www.colfuturo.org/potencial/ws/ServicioIntegracionPotencial&quot;&gt;&lt;return&gt;Creo formulario&lt;/return&gt;&lt;/ns1:crearFormularioPotencialResponse&gt;&lt;/soap:Body&gt;&lt;/soap:Envelope&gt;

12:10:30 186.1.184.210 desde:user/register preparando para almacenar usuario : 8866816

12:10:30 186.1.184.210  conectando a : http://jboss2.colfuturo.org/Formulario-Interno/ServicioIntegracionPotencial?wsdl

12:10:30 186.1.184.210  enviando datos : {"numeroDocumento":"8866816",
            "nombre":"JULIO CESAR",
            "apellido":"ÁLVAREZ TURIZO",
            "email":"julioalvarez0283@gmail.com",
            "fechaNacimiento":"18 ene 1984",
            "ciudadResidencia":"Santa Marta - Magdalena, Colombia",
            "genero":"M",
            "celular":"",
            "listaInteresAreaEstudio":["Ingeniería"],
            "listaInteresIdioma":[""]}

12:10:36 186.1.184.210  respuesta HTTP/1.1 200 OK
Server: Apache-Coyote/1.1
Set-Cookie: JSESSIONID=n5G9vYDpfW6O95k6MqpOpPFI.undefined; Path=/Formulario-Interno
Content-Type: text/xml;charset=ISO-8859-1
Content-Length: 297
Date: Sun, 30 Oct 2016 17:54:36 GMT
Connection: close

&lt;soap:Envelope xmlns:soap=&quot;http://schemas.xmlsoap.org/soap/envelope/&quot;&gt;&lt;soap:Body&gt;&lt;ns1:crearFormularioPotencialResponse xmlns:ns1=&quot;http://www.colfuturo.org/potencial/ws/ServicioIntegracionPotencial&quot;&gt;&lt;return&gt;Creo formulario&lt;/return&gt;&lt;/ns1:crearFormularioPotencialResponse&gt;&lt;/soap:Body&gt;&lt;/soap:Envelope&gt;

01:10:11 152.201.32.238 desde:user/register preparando para almacenar usuario : 1031175018

01:10:11 152.201.32.238  conectando a : http://jboss2.colfuturo.org/Formulario-Interno/ServicioIntegracionPotencial?wsdl

01:10:11 152.201.32.238  enviando datos : {"numeroDocumento":"1031175018",
            "nombre":"Anyela",
            "apellido":"Hoyos Fernández ",
            "email":"anyela.hflg@hotmail.com",
            "fechaNacimiento":"18 ene 1984",
            "ciudadResidencia":"Bogotá, Colombia",
            "genero":"F",
            "celular":"",
            "listaInteresAreaEstudio":[""],
            "listaInteresIdioma":["ingles"]}

01:10:16 152.201.32.238  respuesta HTTP/1.1 200 OK
Server: Apache-Coyote/1.1
Set-Cookie: JSESSIONID=jjPBAXHRiAV-OmRoL6QZM6XE.undefined; Path=/Formulario-Interno
Content-Type: text/xml;charset=ISO-8859-1
Content-Length: 297
Date: Sun, 30 Oct 2016 18:25:16 GMT
Connection: close

&lt;soap:Envelope xmlns:soap=&quot;http://schemas.xmlsoap.org/soap/envelope/&quot;&gt;&lt;soap:Body&gt;&lt;ns1:crearFormularioPotencialResponse xmlns:ns1=&quot;http://www.colfuturo.org/potencial/ws/ServicioIntegracionPotencial&quot;&gt;&lt;return&gt;Creo formulario&lt;/return&gt;&lt;/ns1:crearFormularioPotencialResponse&gt;&lt;/soap:Body&gt;&lt;/soap:Envelope&gt;

02:10:48 181.53.59.163 desde:user/register preparando para almacenar usuario : 1144072972

02:10:48 181.53.59.163  conectando a : http://jboss2.colfuturo.org/Formulario-Interno/ServicioIntegracionPotencial?wsdl

02:10:48 181.53.59.163  enviando datos : {"numeroDocumento":"1144072972",
            "nombre":"HECTOR ANDRES  ",
            "apellido":"MARIN MUÑOZ",
            "email":"94andresmarin@gmail.com",
            "fechaNacimiento":"18 ene 1984",
            "ciudadResidencia":"Jamundí - Valle del Cauca, Colombia",
            "genero":"M",
            "celular":"",
            "listaInteresAreaEstudio":[""],
            "listaInteresIdioma":["ingles"]}

02:10:49 181.53.59.163  respuesta HTTP/1.1 200 OK
Server: Apache-Coyote/1.1
Set-Cookie: JSESSIONID=wZRJ4s6iur19tUtxMqIhZpAF.undefined; Path=/Formulario-Interno
Content-Type: text/xml;charset=ISO-8859-1
Content-Length: 297
Date: Sun, 30 Oct 2016 19:53:49 GMT
Connection: close

&lt;soap:Envelope xmlns:soap=&quot;http://schemas.xmlsoap.org/soap/envelope/&quot;&gt;&lt;soap:Body&gt;&lt;ns1:crearFormularioPotencialResponse xmlns:ns1=&quot;http://www.colfuturo.org/potencial/ws/ServicioIntegracionPotencial&quot;&gt;&lt;return&gt;Creo formulario&lt;/return&gt;&lt;/ns1:crearFormularioPotencialResponse&gt;&lt;/soap:Body&gt;&lt;/soap:Envelope&gt;

02:10:22 181.55.25.131 desde:user/register preparando para almacenar usuario : 1094943898

02:10:22 181.55.25.131  conectando a : http://jboss2.colfuturo.org/Formulario-Interno/ServicioIntegracionPotencial?wsdl

02:10:22 181.55.25.131  enviando datos : {"numeroDocumento":"1094943898",
            "nombre":"MARTIN ALEJANDRO",
            "apellido":"LOPEZ LOAIZA",
            "email":"ABOGADOMARTINLOPEZLO@GMAIL.COM",
            "fechaNacimiento":"18 ene 1984",
            "ciudadResidencia":"Armenia - Quindío, Colombia",
            "genero":"M",
            "celular":"",
            "listaInteresAreaEstudio":["Derecho"],
            "listaInteresIdioma":[""]}

02:10:23 181.55.25.131  respuesta HTTP/1.1 200 OK
Server: Apache-Coyote/1.1
Set-Cookie: JSESSIONID=j1iGjUIYeBiqAzrsSwLEfcxo.undefined; Path=/Formulario-Interno
Content-Type: text/xml;charset=ISO-8859-1
Content-Length: 297
Date: Sun, 30 Oct 2016 19:56:22 GMT
Connection: close

&lt;soap:Envelope xmlns:soap=&quot;http://schemas.xmlsoap.org/soap/envelope/&quot;&gt;&lt;soap:Body&gt;&lt;ns1:crearFormularioPotencialResponse xmlns:ns1=&quot;http://www.colfuturo.org/potencial/ws/ServicioIntegracionPotencial&quot;&gt;&lt;return&gt;Creo formulario&lt;/return&gt;&lt;/ns1:crearFormularioPotencialResponse&gt;&lt;/soap:Body&gt;&lt;/soap:Envelope&gt;

03:10:37 179.33.157.229 desde:user/129894 preparando para almacenar usuario : 1018419065

03:10:37 179.33.157.229  conectando a : http://jboss2.colfuturo.org/Formulario-Interno/ServicioIntegracionPotencial?wsdl

03:10:37 179.33.157.229  enviando datos : {"numeroDocumento":"1018419065",
            "nombre":"Adriana Maria",
            "apellido":"Alvear Ahumada",
            "email":"adrialvear20@gmail.com",
            "fechaNacimiento":"18 ene 1984",
            "ciudadResidencia":"Santa Marta - Magdalena, Colombia",
            "genero":"F",
            "celular":"",
            "listaInteresAreaEstudio":["Artes","Educación","Ingeniería"],
            "listaInteresIdioma":["ingles"]}

03:10:37 179.33.157.229  respuesta HTTP/1.1 200 OK
Server: Apache-Coyote/1.1
Set-Cookie: JSESSIONID=0d7mvGziIY-G9+rLUUq7OZZ2.undefined; Path=/Formulario-Interno
Content-Type: text/xml;charset=ISO-8859-1
Content-Length: 301
Date: Sun, 30 Oct 2016 20:19:37 GMT
Connection: close

&lt;soap:Envelope xmlns:soap=&quot;http://schemas.xmlsoap.org/soap/envelope/&quot;&gt;&lt;soap:Body&gt;&lt;ns1:crearFormularioPotencialResponse xmlns:ns1=&quot;http://www.colfuturo.org/potencial/ws/ServicioIntegracionPotencial&quot;&gt;&lt;return&gt;Encontro formulario&lt;/return&gt;&lt;/ns1:crearFormularioPotencialResponse&gt;&lt;/soap:Body&gt;&lt;/soap:Envelope&gt;

04:10:39 186.155.115.184 desde:user/register preparando para almacenar usuario : 1022380509

04:10:39 186.155.115.184  conectando a : http://jboss2.colfuturo.org/Formulario-Interno/ServicioIntegracionPotencial?wsdl

04:10:39 186.155.115.184  enviando datos : {"numeroDocumento":"1022380509",
            "nombre":"María Sol",
            "apellido":"Bernal Peña",
            "email":"bernalmariasol@gmail.com",
            "fechaNacimiento":"18 ene 1984",
            "ciudadResidencia":"Bogotá, Colombia",
            "genero":"F",
            "celular":"",
            "listaInteresAreaEstudio":["Ingeniería"],
            "listaInteresIdioma":[""]}

04:10:44 186.155.115.184  respuesta HTTP/1.1 200 OK
Server: Apache-Coyote/1.1
Set-Cookie: JSESSIONID=CLDZNlC3DRPyyTB7qKzSgzhd.undefined; Path=/Formulario-Interno
Content-Type: text/xml;charset=ISO-8859-1
Content-Length: 297
Date: Sun, 30 Oct 2016 21:19:44 GMT
Connection: close

&lt;soap:Envelope xmlns:soap=&quot;http://schemas.xmlsoap.org/soap/envelope/&quot;&gt;&lt;soap:Body&gt;&lt;ns1:crearFormularioPotencialResponse xmlns:ns1=&quot;http://www.colfuturo.org/potencial/ws/ServicioIntegracionPotencial&quot;&gt;&lt;return&gt;Creo formulario&lt;/return&gt;&lt;/ns1:crearFormularioPotencialResponse&gt;&lt;/soap:Body&gt;&lt;/soap:Envelope&gt;

05:10:39 186.144.48.243 desde:user/register preparando para almacenar usuario : 1085296001

05:10:39 186.144.48.243  conectando a : http://jboss2.colfuturo.org/Formulario-Interno/ServicioIntegracionPotencial?wsdl

05:10:39 186.144.48.243  enviando datos : {"numeroDocumento":"1085296001",
            "nombre":"Edwin Giovanny",
            "apellido":"Beltrán Urbano",
            "email":"edwinyupbany@gmail.com",
            "fechaNacimiento":"18 ene 1984",
            "ciudadResidencia":"Pasto - Nariño, Colombia",
            "genero":"M",
            "celular":"",
            "listaInteresAreaEstudio":["Ciencias Agropecuarias y del Medio Ambiente"],
            "listaInteresIdioma":[""]}

05:10:40 186.144.48.243  respuesta HTTP/1.1 200 OK
Server: Apache-Coyote/1.1
Set-Cookie: JSESSIONID=ic4+xiOFt2WhcCVkRSEdZzWl.undefined; Path=/Formulario-Interno
Content-Type: text/xml;charset=ISO-8859-1
Content-Length: 297
Date: Sun, 30 Oct 2016 22:26:39 GMT
Connection: close

&lt;soap:Envelope xmlns:soap=&quot;http://schemas.xmlsoap.org/soap/envelope/&quot;&gt;&lt;soap:Body&gt;&lt;ns1:crearFormularioPotencialResponse xmlns:ns1=&quot;http://www.colfuturo.org/potencial/ws/ServicioIntegracionPotencial&quot;&gt;&lt;return&gt;Creo formulario&lt;/return&gt;&lt;/ns1:crearFormularioPotencialResponse&gt;&lt;/soap:Body&gt;&lt;/soap:Envelope&gt;

05:10:46 190.24.138.66 desde:user/register preparando para almacenar usuario : 52837533

05:10:46 190.24.138.66  conectando a : http://jboss2.colfuturo.org/Formulario-Interno/ServicioIntegracionPotencial?wsdl

05:10:46 190.24.138.66  enviando datos : {"numeroDocumento":"52837533",
            "nombre":"DIANA CAROLINA",
            "apellido":"BELTRAN TORRES",
            "email":"dianabeltran82@yahoo.com",
            "fechaNacimiento":"18 ene 1984",
            "ciudadResidencia":"Bogotá, Colombia",
            "genero":"F",
            "celular":"",
            "listaInteresAreaEstudio":["Ciencias de la Salud"],
            "listaInteresIdioma":[""]}

05:10:49 190.24.138.66  respuesta HTTP/1.1 200 OK
Server: Apache-Coyote/1.1
Set-Cookie: JSESSIONID=SfBsM1X2g-9feqsd4FudWvXR.undefined; Path=/Formulario-Interno
Content-Type: text/xml;charset=ISO-8859-1
Content-Length: 297
Date: Sun, 30 Oct 2016 22:52:48 GMT
Connection: close

&lt;soap:Envelope xmlns:soap=&quot;http://schemas.xmlsoap.org/soap/envelope/&quot;&gt;&lt;soap:Body&gt;&lt;ns1:crearFormularioPotencialResponse xmlns:ns1=&quot;http://www.colfuturo.org/potencial/ws/ServicioIntegracionPotencial&quot;&gt;&lt;return&gt;Creo formulario&lt;/return&gt;&lt;/ns1:crearFormularioPotencialResponse&gt;&lt;/soap:Body&gt;&lt;/soap:Envelope&gt;

06:10:15 186.85.13.238 desde:user/register preparando para almacenar usuario : 53106007

06:10:15 186.85.13.238  conectando a : http://jboss2.colfuturo.org/Formulario-Interno/ServicioIntegracionPotencial?wsdl

06:10:15 186.85.13.238  enviando datos : {"numeroDocumento":"53106007",
            "nombre":"Monica Ximena",
            "apellido":"Pinzón Chaparro",
            "email":"moxipin@gmail.com",
            "fechaNacimiento":"18 ene 1984",
            "ciudadResidencia":"Bogotá, Colombia",
            "genero":"F",
            "celular":"",
            "listaInteresAreaEstudio":["Ingeniería"],
            "listaInteresIdioma":["ingles"]}

06:10:21 186.85.13.238  respuesta HTTP/1.1 200 OK
Server: Apache-Coyote/1.1
Set-Cookie: JSESSIONID=WA3iK8Ln+4SSffkIf+Tnn55g.undefined; Path=/Formulario-Interno
Content-Type: text/xml;charset=ISO-8859-1
Content-Length: 297
Date: Sun, 30 Oct 2016 23:18:21 GMT
Connection: close

&lt;soap:Envelope xmlns:soap=&quot;http://schemas.xmlsoap.org/soap/envelope/&quot;&gt;&lt;soap:Body&gt;&lt;ns1:crearFormularioPotencialResponse xmlns:ns1=&quot;http://www.colfuturo.org/potencial/ws/ServicioIntegracionPotencial&quot;&gt;&lt;return&gt;Creo formulario&lt;/return&gt;&lt;/ns1:crearFormularioPotencialResponse&gt;&lt;/soap:Body&gt;&lt;/soap:Envelope&gt;

06:10:55 181.52.230.135 desde:user/register preparando para almacenar usuario : 1144042290

06:10:55 181.52.230.135  conectando a : http://jboss2.colfuturo.org/Formulario-Interno/ServicioIntegracionPotencial?wsdl

06:10:55 181.52.230.135  enviando datos : {"numeroDocumento":"1144042290",
            "nombre":"Daniela",
            "apellido":"Valencia Palacio",
            "email":"dany1601@hotmail.com",
            "fechaNacimiento":"18 ene 1984",
            "ciudadResidencia":"Cali - Valle del Cauca, Colombia",
            "genero":"F",
            "celular":"",
            "listaInteresAreaEstudio":["Artes"],
            "listaInteresIdioma":[""]}

06:10:01 181.52.230.135  respuesta HTTP/1.1 200 OK
Server: Apache-Coyote/1.1
Set-Cookie: JSESSIONID=Tv5FB-qcqrmxT4qV-V3KndIE.undefined; Path=/Formulario-Interno
Content-Type: text/xml;charset=ISO-8859-1
Content-Length: 297
Date: Sun, 30 Oct 2016 23:37:01 GMT
Connection: close

&lt;soap:Envelope xmlns:soap=&quot;http://schemas.xmlsoap.org/soap/envelope/&quot;&gt;&lt;soap:Body&gt;&lt;ns1:crearFormularioPotencialResponse xmlns:ns1=&quot;http://www.colfuturo.org/potencial/ws/ServicioIntegracionPotencial&quot;&gt;&lt;return&gt;Creo formulario&lt;/return&gt;&lt;/ns1:crearFormularioPotencialResponse&gt;&lt;/soap:Body&gt;&lt;/soap:Envelope&gt;

07:10:25 179.233.93.250 desde:user/register preparando para almacenar usuario : 1115850548

07:10:25 179.233.93.250  conectando a : http://jboss2.colfuturo.org/Formulario-Interno/ServicioIntegracionPotencial?wsdl

07:10:25 179.233.93.250  enviando datos : {"numeroDocumento":"1115850548",
            "nombre":"Eder Alberto",
            "apellido":"Sigua Rodriguez",
            "email":"edersiguaodont@gmail.com",
            "fechaNacimiento":"18 ene 1984",
            "ciudadResidencia":"Piracicaba - Estado de São Paulo, Brasil",
            "genero":"M",
            "celular":"",
            "listaInteresAreaEstudio":["Ciencias de la Salud"],
            "listaInteresIdioma":[""]}

07:10:31 179.233.93.250  respuesta HTTP/1.1 200 OK
Server: Apache-Coyote/1.1
Set-Cookie: JSESSIONID=0yXJPnGEgeVMpYCsqFD9yl5Q.undefined; Path=/Formulario-Interno
Content-Type: text/xml;charset=ISO-8859-1
Content-Length: 297
Date: Mon, 31 Oct 2016 00:14:31 GMT
Connection: close

&lt;soap:Envelope xmlns:soap=&quot;http://schemas.xmlsoap.org/soap/envelope/&quot;&gt;&lt;soap:Body&gt;&lt;ns1:crearFormularioPotencialResponse xmlns:ns1=&quot;http://www.colfuturo.org/potencial/ws/ServicioIntegracionPotencial&quot;&gt;&lt;return&gt;Creo formulario&lt;/return&gt;&lt;/ns1:crearFormularioPotencialResponse&gt;&lt;/soap:Body&gt;&lt;/soap:Envelope&gt;

07:10:12 179.233.93.250 desde:user/register preparando para almacenar usuario : 1118120855

07:10:12 179.233.93.250  conectando a : http://jboss2.colfuturo.org/Formulario-Interno/ServicioIntegracionPotencial?wsdl

07:10:12 179.233.93.250  enviando datos : {"numeroDocumento":"1118120855",
            "nombre":"Natalia",
            "apellido":"Alvarez",
            "email":"natalialvarezodont@gmail.com",
            "fechaNacimiento":"18 ene 1984",
            "ciudadResidencia":"Piracicaba - Estado de São Paulo, Brasil",
            "genero":"F",
            "celular":"",
            "listaInteresAreaEstudio":["Ciencias de la Salud"],
            "listaInteresIdioma":[""]}

07:10:18 179.233.93.250  respuesta HTTP/1.1 200 OK
Server: Apache-Coyote/1.1
Set-Cookie: JSESSIONID=2IF2ipKvDbrsriqWZJINko4i.undefined; Path=/Formulario-Interno
Content-Type: text/xml;charset=ISO-8859-1
Content-Length: 297
Date: Mon, 31 Oct 2016 00:30:18 GMT
Connection: close

&lt;soap:Envelope xmlns:soap=&quot;http://schemas.xmlsoap.org/soap/envelope/&quot;&gt;&lt;soap:Body&gt;&lt;ns1:crearFormularioPotencialResponse xmlns:ns1=&quot;http://www.colfuturo.org/potencial/ws/ServicioIntegracionPotencial&quot;&gt;&lt;return&gt;Creo formulario&lt;/return&gt;&lt;/ns1:crearFormularioPotencialResponse&gt;&lt;/soap:Body&gt;&lt;/soap:Envelope&gt;

07:10:52 190.27.27.162 desde:user/134606 preparando para almacenar usuario : 75106900

07:10:52 190.27.27.162  conectando a : http://jboss2.colfuturo.org/Formulario-Interno/ServicioIntegracionPotencial?wsdl

07:10:52 190.27.27.162  enviando datos : {"numeroDocumento":"75106900",
            "nombre":"Federico",
            "apellido":"Castaño Vargas",
            "email":"fedecasv@gmail.com",
            "fechaNacimiento":"18 ene 1984",
            "ciudadResidencia":"Bogotá, Colombia",
            "genero":"M",
            "celular":"",
            "listaInteresAreaEstudio":["Ciencias Sociales"],
            "listaInteresIdioma":[""]}

07:10:52 190.27.27.162  respuesta HTTP/1.1 200 OK
Server: Apache-Coyote/1.1
Set-Cookie: JSESSIONID=aVDII7iNzBIDearGzbpQCPn6.undefined; Path=/Formulario-Interno
Content-Type: text/xml;charset=ISO-8859-1
Content-Length: 301
Date: Mon, 31 Oct 2016 00:50:52 GMT
Connection: close

&lt;soap:Envelope xmlns:soap=&quot;http://schemas.xmlsoap.org/soap/envelope/&quot;&gt;&lt;soap:Body&gt;&lt;ns1:crearFormularioPotencialResponse xmlns:ns1=&quot;http://www.colfuturo.org/potencial/ws/ServicioIntegracionPotencial&quot;&gt;&lt;return&gt;Encontro formulario&lt;/return&gt;&lt;/ns1:crearFormularioPotencialResponse&gt;&lt;/soap:Body&gt;&lt;/soap:Envelope&gt;

08:10:34 186.80.244.68 desde:user/register preparando para almacenar usuario : 52997477

08:10:34 186.80.244.68  conectando a : http://jboss2.colfuturo.org/Formulario-Interno/ServicioIntegracionPotencial?wsdl

08:10:34 186.80.244.68  enviando datos : {"numeroDocumento":"52997477",
            "nombre":"MARIA AMALIA",
            "apellido":"GARZON VALDERRAMA",
            "email":"garzonamalia@gmail.com",
            "fechaNacimiento":"18 ene 1984",
            "ciudadResidencia":"Bogotá, Colombia",
            "genero":"F",
            "celular":"",
            "listaInteresAreaEstudio":["Ciencias Políticas y Relaciones Internacionales","Ciencias Sociales"],
            "listaInteresIdioma":[""]}

08:10:40 186.80.244.68  respuesta HTTP/1.1 200 OK
Server: Apache-Coyote/1.1
Set-Cookie: JSESSIONID=m8QfM6wvkGUsSLB70izxcuHw.undefined; Path=/Formulario-Interno
Content-Type: text/xml;charset=ISO-8859-1
Content-Length: 297
Date: Mon, 31 Oct 2016 01:52:39 GMT
Connection: close

&lt;soap:Envelope xmlns:soap=&quot;http://schemas.xmlsoap.org/soap/envelope/&quot;&gt;&lt;soap:Body&gt;&lt;ns1:crearFormularioPotencialResponse xmlns:ns1=&quot;http://www.colfuturo.org/potencial/ws/ServicioIntegracionPotencial&quot;&gt;&lt;return&gt;Creo formulario&lt;/return&gt;&lt;/ns1:crearFormularioPotencialResponse&gt;&lt;/soap:Body&gt;&lt;/soap:Envelope&gt;

11:10:03 201.233.180.9 desde:user/register preparando para almacenar usuario : 8032812

11:10:03 201.233.180.9  conectando a : http://jboss2.colfuturo.org/Formulario-Interno/ServicioIntegracionPotencial?wsdl

11:10:03 201.233.180.9  enviando datos : {"numeroDocumento":"8032812",
            "nombre":"Jorge ",
            "apellido":"Llano Fernández ",
            "email":"jllf70@hotmail.com",
            "fechaNacimiento":"18 ene 1984",
            "ciudadResidencia":"Medellín, Antioquia, Colombia",
            "genero":"M",
            "celular":"",
            "listaInteresAreaEstudio":["Administración y Negocios"],
            "listaInteresIdioma":[""]}

11:10:27 201.233.180.9  respuesta HTTP/1.1 200 OK
Server: Apache-Coyote/1.1
Set-Cookie: JSESSIONID=zVctFrSy0n2STUQmPUttalkD.undefined; Path=/Formulario-Interno
Content-Type: text/xml;charset=ISO-8859-1
Content-Length: 297
Date: Mon, 31 Oct 2016 04:00:27 GMT
Connection: close

&lt;soap:Envelope xmlns:soap=&quot;http://schemas.xmlsoap.org/soap/envelope/&quot;&gt;&lt;soap:Body&gt;&lt;ns1:crearFormularioPotencialResponse xmlns:ns1=&quot;http://www.colfuturo.org/potencial/ws/ServicioIntegracionPotencial&quot;&gt;&lt;return&gt;Creo formulario&lt;/return&gt;&lt;/ns1:crearFormularioPotencialResponse&gt;&lt;/soap:Body&gt;&lt;/soap:Envelope&gt;

11:10:11 190.240.28.111 desde:user/register preparando para almacenar usuario : 1098765685

11:10:11 190.240.28.111  conectando a : http://jboss2.colfuturo.org/Formulario-Interno/ServicioIntegracionPotencial?wsdl

11:10:11 190.240.28.111  enviando datos : {"numeroDocumento":"1098765685",
            "nombre":"Alvaro Alejandro",
            "apellido":"Villar Cepeda",
            "email":"alevice.rain@hotmail.com",
            "fechaNacimiento":"18 ene 1984",
            "ciudadResidencia":"Bucaramanga - Santander, Colombia",
            "genero":"M",
            "celular":"",
            "listaInteresAreaEstudio":["Ciencias Básicas","Ingeniería"],
            "listaInteresIdioma":["ingles"]}

11:10:17 190.240.28.111  respuesta HTTP/1.1 200 OK
Server: Apache-Coyote/1.1
Set-Cookie: JSESSIONID=jpwN-qWIiyCIZVJmI06lqXok.undefined; Path=/Formulario-Interno
Content-Type: text/xml;charset=ISO-8859-1
Content-Length: 297
Date: Mon, 31 Oct 2016 04:13:17 GMT
Connection: close

&lt;soap:Envelope xmlns:soap=&quot;http://schemas.xmlsoap.org/soap/envelope/&quot;&gt;&lt;soap:Body&gt;&lt;ns1:crearFormularioPotencialResponse xmlns:ns1=&quot;http://www.colfuturo.org/potencial/ws/ServicioIntegracionPotencial&quot;&gt;&lt;return&gt;Creo formulario&lt;/return&gt;&lt;/ns1:crearFormularioPotencialResponse&gt;&lt;/soap:Body&gt;&lt;/soap:Envelope&gt;

