03:07:53 73.20.17.194 desde:user/register preparando para almacenar usuario : 1026281150

03:07:53 73.20.17.194  conectando a : https://jboss2.colfuturo.org/Formulario-Interno/ServicioIntegracionPotencial?wsdl

03:07:53 73.20.17.194  enviando datos : {"numeroDocumento":"1026281150",
            "nombre":"Lucas",
            "apellido":"Venegas",
            "email":"lucasv1992@hotmail.com",
            "fechaNacimiento":"21-07-2018",
            "ciudadResidencia":"Bogotá, Colombia",
            "genero":"M",
            "celular":"",
            "listaInteresAreaEstudio":["Ciencias de la Salud"],
            "listaInteresIdioma":[""]}

03:07:58 73.20.17.194  respuesta HTTP/1.1 200 OK
Server: Apache-Coyote/1.1
Set-Cookie: JSESSIONID=FJ4TMoNMHnUAm-OicxaSZii4.undefined; Path=/Formulario-Interno
Content-Type: text/xml;charset=ISO-8859-1
Content-Length: 297
Date: Sat, 21 Jul 2018 08:51:09 GMT
Connection: close

&lt;soap:Envelope xmlns:soap=&quot;http://schemas.xmlsoap.org/soap/envelope/&quot;&gt;&lt;soap:Body&gt;&lt;ns1:crearFormularioPotencialResponse xmlns:ns1=&quot;http://www.colfuturo.org/potencial/ws/ServicioIntegracionPotencial&quot;&gt;&lt;return&gt;Creo formulario&lt;/return&gt;&lt;/ns1:crearFormularioPotencialResponse&gt;&lt;/soap:Body&gt;&lt;/soap:Envelope&gt;

08:07:24 190.26.77.151 desde:user/register preparando para almacenar usuario : 1032464122

08:07:24 190.26.77.151  conectando a : https://jboss2.colfuturo.org/Formulario-Interno/ServicioIntegracionPotencial?wsdl

08:07:24 190.26.77.151  enviando datos : {"numeroDocumento":"1032464122",
            "nombre":"daniela ",
            "apellido":"rodriguez pinzon",
            "email":"darodriguezpi@unal.edu.co",
            "fechaNacimiento":"21-07-2018",
            "ciudadResidencia":"Bogotá, Colombia",
            "genero":"F",
            "celular":"",
            "listaInteresAreaEstudio":["Ciencias de la Salud"],
            "listaInteresIdioma":["ingles"]}

08:07:29 190.26.77.151  respuesta HTTP/1.1 200 OK
Server: Apache-Coyote/1.1
Set-Cookie: JSESSIONID=eTywpgreBRn01HP+Ev0QSfji.undefined; Path=/Formulario-Interno
Content-Type: text/xml;charset=ISO-8859-1
Content-Length: 297
Date: Sat, 21 Jul 2018 13:40:40 GMT
Connection: close

&lt;soap:Envelope xmlns:soap=&quot;http://schemas.xmlsoap.org/soap/envelope/&quot;&gt;&lt;soap:Body&gt;&lt;ns1:crearFormularioPotencialResponse xmlns:ns1=&quot;http://www.colfuturo.org/potencial/ws/ServicioIntegracionPotencial&quot;&gt;&lt;return&gt;Creo formulario&lt;/return&gt;&lt;/ns1:crearFormularioPotencialResponse&gt;&lt;/soap:Body&gt;&lt;/soap:Envelope&gt;

01:07:16 190.24.181.135 desde:user/193200 preparando para almacenar usuario : 1018434154

01:07:16 190.24.181.135  conectando a : https://jboss2.colfuturo.org/Formulario-Interno/ServicioIntegracionPotencial?wsdl

01:07:16 190.24.181.135  enviando datos : {"numeroDocumento":"1018434154",
            "nombre":"Carlos Alberto",
            "apellido":"Velásquez Hernández",
            "email":"ingcavh@gmail.com",
            "fechaNacimiento":"21-07-2018",
            "ciudadResidencia":"Bogotá, Colombia",
            "genero":"M",
            "celular":"",
            "listaInteresAreaEstudio":[""],
            "listaInteresIdioma":[""]}

01:07:20 190.24.181.135  respuesta HTTP/1.1 200 OK
Server: Apache-Coyote/1.1
Set-Cookie: JSESSIONID=SoyBPfAKy6USCsfPwFbK2bkN.undefined; Path=/Formulario-Interno
Content-Type: text/xml;charset=ISO-8859-1
Content-Length: 301
Date: Sat, 21 Jul 2018 18:44:31 GMT
Connection: close

&lt;soap:Envelope xmlns:soap=&quot;http://schemas.xmlsoap.org/soap/envelope/&quot;&gt;&lt;soap:Body&gt;&lt;ns1:crearFormularioPotencialResponse xmlns:ns1=&quot;http://www.colfuturo.org/potencial/ws/ServicioIntegracionPotencial&quot;&gt;&lt;return&gt;Encontro formulario&lt;/return&gt;&lt;/ns1:crearFormularioPotencialResponse&gt;&lt;/soap:Body&gt;&lt;/soap:Envelope&gt;

01:07:32 100.36.116.47 desde:user/register preparando para almacenar usuario : 1053792079

01:07:32 100.36.116.47  conectando a : https://jboss2.colfuturo.org/Formulario-Interno/ServicioIntegracionPotencial?wsdl

01:07:32 100.36.116.47  enviando datos : {"numeroDocumento":"1053792079",
            "nombre":"john fredy",
            "apellido":"arias marquez",
            "email":"frodoarias2008@gmail.com",
            "fechaNacimiento":"21-07-2018",
            "ciudadResidencia":"Manizales, Caldas, Colombia",
            "genero":"M",
            "celular":"",
            "listaInteresAreaEstudio":[""],
            "listaInteresIdioma":["ingles"]}

01:07:37 100.36.116.47  respuesta HTTP/1.1 200 OK
Server: Apache-Coyote/1.1
Set-Cookie: JSESSIONID=F2L+1+1X49Q0a5l5BLcNglDZ.undefined; Path=/Formulario-Interno
Content-Type: text/xml;charset=ISO-8859-1
Content-Length: 297
Date: Sat, 21 Jul 2018 18:44:48 GMT
Connection: close

&lt;soap:Envelope xmlns:soap=&quot;http://schemas.xmlsoap.org/soap/envelope/&quot;&gt;&lt;soap:Body&gt;&lt;ns1:crearFormularioPotencialResponse xmlns:ns1=&quot;http://www.colfuturo.org/potencial/ws/ServicioIntegracionPotencial&quot;&gt;&lt;return&gt;Creo formulario&lt;/return&gt;&lt;/ns1:crearFormularioPotencialResponse&gt;&lt;/soap:Body&gt;&lt;/soap:Envelope&gt;

02:07:41 190.27.229.128 desde:user/register preparando para almacenar usuario : 1019095458

02:07:41 190.27.229.128  conectando a : https://jboss2.colfuturo.org/Formulario-Interno/ServicioIntegracionPotencial?wsdl

02:07:41 190.27.229.128  enviando datos : {"numeroDocumento":"1019095458",
            "nombre":"Paolo Francesco",
            "apellido":"Díaz Segura",
            "email":"paolofdiaz@gmail.com",
            "fechaNacimiento":"21-07-2018",
            "ciudadResidencia":"Bogotá, Colombia",
            "genero":"M",
            "celular":"",
            "listaInteresAreaEstudio":["Administración y Negocios"],
            "listaInteresIdioma":[""]}

02:07:46 190.27.229.128  respuesta HTTP/1.1 200 OK
Server: Apache-Coyote/1.1
Set-Cookie: JSESSIONID=YLpCVaitCNH5tlh0vLBc4djv.undefined; Path=/Formulario-Interno
Content-Type: text/xml;charset=ISO-8859-1
Content-Length: 297
Date: Sat, 21 Jul 2018 19:15:57 GMT
Connection: close

&lt;soap:Envelope xmlns:soap=&quot;http://schemas.xmlsoap.org/soap/envelope/&quot;&gt;&lt;soap:Body&gt;&lt;ns1:crearFormularioPotencialResponse xmlns:ns1=&quot;http://www.colfuturo.org/potencial/ws/ServicioIntegracionPotencial&quot;&gt;&lt;return&gt;Creo formulario&lt;/return&gt;&lt;/ns1:crearFormularioPotencialResponse&gt;&lt;/soap:Body&gt;&lt;/soap:Envelope&gt;

02:07:46 188.170.217.52 desde:user/register preparando para almacenar usuario : 98052855594

02:07:46 188.170.217.52  conectando a : https://jboss2.colfuturo.org/Formulario-Interno/ServicioIntegracionPotencial?wsdl

02:07:46 188.170.217.52  enviando datos : {"numeroDocumento":"98052855594",
            "nombre":"pamela  yanet ",
            "apellido":"cortes avila",
            "email":"pameliita983@gmail.com",
            "fechaNacimiento":"21-07-2018",
            "ciudadResidencia":"Bélgorod, Rusia",
            "genero":"F",
            "celular":"",
            "listaInteresAreaEstudio":["Ciencias de la Salud"],
            "listaInteresIdioma":[""]}

02:07:51 188.170.217.52  respuesta HTTP/1.1 200 OK
Server: Apache-Coyote/1.1
Set-Cookie: JSESSIONID=u6VbLEaPogqhYKZfF0cNPPi5.undefined; Path=/Formulario-Interno
Content-Type: text/xml;charset=ISO-8859-1
Content-Length: 297
Date: Sat, 21 Jul 2018 19:40:02 GMT
Connection: close

&lt;soap:Envelope xmlns:soap=&quot;http://schemas.xmlsoap.org/soap/envelope/&quot;&gt;&lt;soap:Body&gt;&lt;ns1:crearFormularioPotencialResponse xmlns:ns1=&quot;http://www.colfuturo.org/potencial/ws/ServicioIntegracionPotencial&quot;&gt;&lt;return&gt;Creo formulario&lt;/return&gt;&lt;/ns1:crearFormularioPotencialResponse&gt;&lt;/soap:Body&gt;&lt;/soap:Envelope&gt;

02:07:56 190.24.187.104 desde:user/register preparando para almacenar usuario : 1020759004

02:07:56 190.24.187.104  conectando a : https://jboss2.colfuturo.org/Formulario-Interno/ServicioIntegracionPotencial?wsdl

02:07:56 190.24.187.104  enviando datos : {"numeroDocumento":"1020759004",
            "nombre":"Esteban David",
            "apellido":"Prieto Villalba",
            "email":"estebanprieto91@gmail.com",
            "fechaNacimiento":"21-07-2018",
            "ciudadResidencia":"Bogotá, Colombia",
            "genero":"M",
            "celular":"",
            "listaInteresAreaEstudio":["Administración y Negocios","Ingeniería"],
            "listaInteresIdioma":[""]}

02:07:01 190.24.187.104  respuesta HTTP/1.1 200 OK
Server: Apache-Coyote/1.1
Set-Cookie: JSESSIONID=sU8wokfQZEHKBWJqXY0iluvA.undefined; Path=/Formulario-Interno
Content-Type: text/xml;charset=ISO-8859-1
Content-Length: 297
Date: Sat, 21 Jul 2018 19:42:12 GMT
Connection: close

&lt;soap:Envelope xmlns:soap=&quot;http://schemas.xmlsoap.org/soap/envelope/&quot;&gt;&lt;soap:Body&gt;&lt;ns1:crearFormularioPotencialResponse xmlns:ns1=&quot;http://www.colfuturo.org/potencial/ws/ServicioIntegracionPotencial&quot;&gt;&lt;return&gt;Creo formulario&lt;/return&gt;&lt;/ns1:crearFormularioPotencialResponse&gt;&lt;/soap:Body&gt;&lt;/soap:Envelope&gt;

06:07:17 186.86.29.74 desde:user/register preparando para almacenar usuario : 79784713

06:07:17 186.86.29.74  conectando a : https://jboss2.colfuturo.org/Formulario-Interno/ServicioIntegracionPotencial?wsdl

06:07:17 186.86.29.74  enviando datos : {"numeroDocumento":"79784713",
            "nombre":"Roberto Carlos",
            "apellido":"Barrantes Pinzón",
            "email":"rbarrantes@outlook.com",
            "fechaNacimiento":"21-07-2018",
            "ciudadResidencia":"Bogotá, Colombia",
            "genero":"M",
            "celular":"",
            "listaInteresAreaEstudio":["Administración y Negocios","Educación"],
            "listaInteresIdioma":[""]}

06:07:22 186.86.29.74  respuesta HTTP/1.1 200 OK
Server: Apache-Coyote/1.1
Set-Cookie: JSESSIONID=KcceB+FhgV4Sz-PvmFEqK36O.undefined; Path=/Formulario-Interno
Content-Type: text/xml;charset=ISO-8859-1
Content-Length: 297
Date: Sat, 21 Jul 2018 23:16:33 GMT
Connection: close

&lt;soap:Envelope xmlns:soap=&quot;http://schemas.xmlsoap.org/soap/envelope/&quot;&gt;&lt;soap:Body&gt;&lt;ns1:crearFormularioPotencialResponse xmlns:ns1=&quot;http://www.colfuturo.org/potencial/ws/ServicioIntegracionPotencial&quot;&gt;&lt;return&gt;Creo formulario&lt;/return&gt;&lt;/ns1:crearFormularioPotencialResponse&gt;&lt;/soap:Body&gt;&lt;/soap:Envelope&gt;

06:07:45 161.18.171.250 desde:user/165518 preparando para almacenar usuario : 1117514155

06:07:45 161.18.171.250  conectando a : https://jboss2.colfuturo.org/Formulario-Interno/ServicioIntegracionPotencial?wsdl

06:07:45 161.18.171.250  enviando datos : {"numeroDocumento":"1117514155",
            "nombre":"ANA LIGIA",
            "apellido":"GOMEZ LAVERIANO",
            "email":"alico-0125@hotmail.com",
            "fechaNacimiento":"21-07-2018",
            "ciudadResidencia":"Florencia, Caquetá, Colombia",
            "genero":"F",
            "celular":"",
            "listaInteresAreaEstudio":[""],
            "listaInteresIdioma":[""]}

06:07:48 161.18.171.250  respuesta HTTP/1.1 200 OK
Server: Apache-Coyote/1.1
Set-Cookie: JSESSIONID=w5PaEBTojuhB5t-acozUHsjw.undefined; Path=/Formulario-Interno
Content-Type: text/xml;charset=ISO-8859-1
Content-Length: 301
Date: Sat, 21 Jul 2018 23:54:59 GMT
Connection: close

&lt;soap:Envelope xmlns:soap=&quot;http://schemas.xmlsoap.org/soap/envelope/&quot;&gt;&lt;soap:Body&gt;&lt;ns1:crearFormularioPotencialResponse xmlns:ns1=&quot;http://www.colfuturo.org/potencial/ws/ServicioIntegracionPotencial&quot;&gt;&lt;return&gt;Encontro formulario&lt;/return&gt;&lt;/ns1:crearFormularioPotencialResponse&gt;&lt;/soap:Body&gt;&lt;/soap:Envelope&gt;

07:07:19 186.119.155.25 desde:user/register preparando para almacenar usuario : 1140837465

07:07:19 186.119.155.25  conectando a : https://jboss2.colfuturo.org/Formulario-Interno/ServicioIntegracionPotencial?wsdl

07:07:19 186.119.155.25  enviando datos : {"numeroDocumento":"1140837465",
            "nombre":"Joselin",
            "apellido":"Cadrazco de la rosa",
            "email":"joselincadrazcodelarosa@gmail.com",
            "fechaNacimiento":"21-07-2018",
            "ciudadResidencia":"Barranquilla, Atlántico, Colombia",
            "genero":"F",
            "celular":"",
            "listaInteresAreaEstudio":[""],
            "listaInteresIdioma":["ingles"]}

07:07:26 186.119.155.25  respuesta HTTP/1.1 200 OK
Server: Apache-Coyote/1.1
Set-Cookie: JSESSIONID=1zVgK+5bmw0NNe+ogZXpIkp-.undefined; Path=/Formulario-Interno
Content-Type: text/xml;charset=ISO-8859-1
Content-Length: 297
Date: Sun, 22 Jul 2018 00:30:37 GMT
Connection: close

&lt;soap:Envelope xmlns:soap=&quot;http://schemas.xmlsoap.org/soap/envelope/&quot;&gt;&lt;soap:Body&gt;&lt;ns1:crearFormularioPotencialResponse xmlns:ns1=&quot;http://www.colfuturo.org/potencial/ws/ServicioIntegracionPotencial&quot;&gt;&lt;return&gt;Creo formulario&lt;/return&gt;&lt;/ns1:crearFormularioPotencialResponse&gt;&lt;/soap:Body&gt;&lt;/soap:Envelope&gt;

07:07:47 186.112.32.228 desde:user/register preparando para almacenar usuario : 6405208

07:07:47 186.112.32.228  conectando a : https://jboss2.colfuturo.org/Formulario-Interno/ServicioIntegracionPotencial?wsdl

07:07:47 186.112.32.228  enviando datos : {"numeroDocumento":"6405208",
            "nombre":"Alejandro",
            "apellido":"Martinez Garcia",
            "email":"alejotitan2006@hotmail.com",
            "fechaNacimiento":"21-07-2018",
            "ciudadResidencia":"Pradera, Valle del Cauca, Colombia",
            "genero":"M",
            "celular":"",
            "listaInteresAreaEstudio":[""],
            "listaInteresIdioma":["ingles"]}

07:07:52 186.112.32.228  respuesta HTTP/1.1 200 OK
Server: Apache-Coyote/1.1
Set-Cookie: JSESSIONID=rMP3IoG-gLNTlx93X4ACjThl.undefined; Path=/Formulario-Interno
Content-Type: text/xml;charset=ISO-8859-1
Content-Length: 297
Date: Sun, 22 Jul 2018 00:54:03 GMT
Connection: close

&lt;soap:Envelope xmlns:soap=&quot;http://schemas.xmlsoap.org/soap/envelope/&quot;&gt;&lt;soap:Body&gt;&lt;ns1:crearFormularioPotencialResponse xmlns:ns1=&quot;http://www.colfuturo.org/potencial/ws/ServicioIntegracionPotencial&quot;&gt;&lt;return&gt;Creo formulario&lt;/return&gt;&lt;/ns1:crearFormularioPotencialResponse&gt;&lt;/soap:Body&gt;&lt;/soap:Envelope&gt;

08:07:17 186.147.218.68 desde:user/register preparando para almacenar usuario : 59819612

08:07:17 186.147.218.68  conectando a : https://jboss2.colfuturo.org/Formulario-Interno/ServicioIntegracionPotencial?wsdl

08:07:17 186.147.218.68  enviando datos : {"numeroDocumento":"59819612",
            "nombre":"Patricia ",
            "apellido":"Rosales",
            "email":"patricia_liliana@Hotmail.com",
            "fechaNacimiento":"21-07-2018",
            "ciudadResidencia":"Pasto, Nariño, Colombia",
            "genero":"M",
            "celular":"",
            "listaInteresAreaEstudio":[""],
            "listaInteresIdioma":["ingles"]}

08:07:22 186.147.218.68  respuesta HTTP/1.1 200 OK
Server: Apache-Coyote/1.1
Set-Cookie: JSESSIONID=gL0Kf0a3kzf-RygBzRsincsR.undefined; Path=/Formulario-Interno
Content-Type: text/xml;charset=ISO-8859-1
Content-Length: 297
Date: Sun, 22 Jul 2018 01:51:33 GMT
Connection: close

&lt;soap:Envelope xmlns:soap=&quot;http://schemas.xmlsoap.org/soap/envelope/&quot;&gt;&lt;soap:Body&gt;&lt;ns1:crearFormularioPotencialResponse xmlns:ns1=&quot;http://www.colfuturo.org/potencial/ws/ServicioIntegracionPotencial&quot;&gt;&lt;return&gt;Creo formulario&lt;/return&gt;&lt;/ns1:crearFormularioPotencialResponse&gt;&lt;/soap:Body&gt;&lt;/soap:Envelope&gt;

09:07:18 190.68.22.52 desde:user/register preparando para almacenar usuario : 40029605

09:07:18 190.68.22.52  conectando a : https://jboss2.colfuturo.org/Formulario-Interno/ServicioIntegracionPotencial?wsdl

09:07:18 190.68.22.52  enviando datos : {"numeroDocumento":"40029605",
            "nombre":"Patricia",
            "apellido":"Cruz Barrera",
            "email":"patriciacruzbarrera@gmail.com",
            "fechaNacimiento":"21-07-2018",
            "ciudadResidencia":"Fusagasugá, Cundinamarca, Colombia",
            "genero":"F",
            "celular":"",
            "listaInteresAreaEstudio":[""],
            "listaInteresIdioma":["ingles"]}

09:07:23 190.68.22.52  respuesta HTTP/1.1 200 OK
Server: Apache-Coyote/1.1
Set-Cookie: JSESSIONID=qQUf6KCefvg-oXBo1yE8zGNL.undefined; Path=/Formulario-Interno
Content-Type: text/xml;charset=ISO-8859-1
Content-Length: 297
Date: Sun, 22 Jul 2018 02:58:34 GMT
Connection: close

&lt;soap:Envelope xmlns:soap=&quot;http://schemas.xmlsoap.org/soap/envelope/&quot;&gt;&lt;soap:Body&gt;&lt;ns1:crearFormularioPotencialResponse xmlns:ns1=&quot;http://www.colfuturo.org/potencial/ws/ServicioIntegracionPotencial&quot;&gt;&lt;return&gt;Creo formulario&lt;/return&gt;&lt;/ns1:crearFormularioPotencialResponse&gt;&lt;/soap:Body&gt;&lt;/soap:Envelope&gt;

11:07:29 181.58.4.131 desde:user/register preparando para almacenar usuario : 1144179621

11:07:29 181.58.4.131  conectando a : https://jboss2.colfuturo.org/Formulario-Interno/ServicioIntegracionPotencial?wsdl

11:07:29 181.58.4.131  enviando datos : {"numeroDocumento":"1144179621",
            "nombre":"Sergio",
            "apellido":"Castro",
            "email":"sergio.castro@correounivalle.edu.co",
            "fechaNacimiento":"21-07-2018",
            "ciudadResidencia":"Cali, Valle del Cauca, Colombia",
            "genero":"M",
            "celular":"",
            "listaInteresAreaEstudio":["Ingeniería"],
            "listaInteresIdioma":["ingles"]}

11:07:34 181.58.4.131  respuesta HTTP/1.1 200 OK
Server: Apache-Coyote/1.1
Set-Cookie: JSESSIONID=QQ83Vbiv8ABma5ltrxdq42OE.undefined; Path=/Formulario-Interno
Content-Type: text/xml;charset=ISO-8859-1
Content-Length: 297
Date: Sun, 22 Jul 2018 04:23:45 GMT
Connection: close

&lt;soap:Envelope xmlns:soap=&quot;http://schemas.xmlsoap.org/soap/envelope/&quot;&gt;&lt;soap:Body&gt;&lt;ns1:crearFormularioPotencialResponse xmlns:ns1=&quot;http://www.colfuturo.org/potencial/ws/ServicioIntegracionPotencial&quot;&gt;&lt;return&gt;Creo formulario&lt;/return&gt;&lt;/ns1:crearFormularioPotencialResponse&gt;&lt;/soap:Body&gt;&lt;/soap:Envelope&gt;

