12:10:31 186.87.35.40 desde:user/register preparando para almacenar usuario : 1118558094

12:10:31 186.87.35.40  conectando a : http://jboss2.colfuturo.org/Formulario-Interno/ServicioIntegracionPotencial?wsdl

12:10:31 186.87.35.40  enviando datos : {"numeroDocumento":"1118558094",
            "nombre":"EUNICE ROCIO",
            "apellido":"BOHORQUEZ FARACICA",
            "email":"eunicebohorquez.f06@gmail.com",
            "fechaNacimiento":"18 ene 1984",
            "ciudadResidencia":"Yopal - Casanare, Colombia",
            "genero":"F",
            "celular":"",
            "listaInteresAreaEstudio":["Arquitectura y Diseño"],
            "listaInteresIdioma":["ingles","frances"]}

12:10:37 186.87.35.40  respuesta HTTP/1.1 200 OK
Server: Apache-Coyote/1.1
Set-Cookie: JSESSIONID=oo-mWcXdh3LkeG-pfGNELw04.undefined; Path=/Formulario-Interno
Content-Type: text/xml;charset=ISO-8859-1
Content-Length: 297
Date: Thu, 06 Oct 2016 05:25:37 GMT
Connection: close

&lt;soap:Envelope xmlns:soap=&quot;http://schemas.xmlsoap.org/soap/envelope/&quot;&gt;&lt;soap:Body&gt;&lt;ns1:crearFormularioPotencialResponse xmlns:ns1=&quot;http://www.colfuturo.org/potencial/ws/ServicioIntegracionPotencial&quot;&gt;&lt;return&gt;Creo formulario&lt;/return&gt;&lt;/ns1:crearFormularioPotencialResponse&gt;&lt;/soap:Body&gt;&lt;/soap:Envelope&gt;

04:10:53 79.144.172.27 desde:user/register preparando para almacenar usuario : 1129515035

04:10:54 79.144.172.27  conectando a : http://jboss2.colfuturo.org/Formulario-Interno/ServicioIntegracionPotencial?wsdl

04:10:54 79.144.172.27  enviando datos : {"numeroDocumento":"1129515035",
            "nombre":"SHIRLEY PAOLA",
            "apellido":"MARTINEZ GUERRERO",
            "email":"shipamague@gmail.com",
            "fechaNacimiento":"18 ene 1984",
            "ciudadResidencia":"Madrid, España",
            "genero":"F",
            "celular":"",
            "listaInteresAreaEstudio":[""],
            "listaInteresIdioma":["ingles"]}

04:10:55 79.144.172.27  error inesperado 1: wsdl error: Getting http://jboss2.colfuturo.org/Formulario-Interno/ServicioIntegracionPotencial?wsdl - HTTP ERROR: Unsupported HTTP response status 404 Not Found (soapclient->response has contents of the response)

04:10:55 79.144.172.27  respuesta 

06:10:12 190.24.138.73 desde:user/130898 preparando para almacenar usuario : 39671701

06:10:12 190.24.138.73  conectando a : http://jboss2.colfuturo.org/Formulario-Interno/ServicioIntegracionPotencial?wsdl

06:10:12 190.24.138.73  enviando datos : {"numeroDocumento":"39671701",
            "nombre":"BLANCA LEONOR",
            "apellido":"HERNANDEZ TORRES",
            "email":"archiblanca@yahoo.com",
            "fechaNacimiento":"18 ene 1984",
            "ciudadResidencia":"Bogotá, Colombia",
            "genero":"F",
            "celular":"",
            "listaInteresAreaEstudio":["Ciencias Sociales"],
            "listaInteresIdioma":[""]}

06:10:18 190.24.138.73  respuesta HTTP/1.1 200 OK
Server: Apache-Coyote/1.1
Set-Cookie: JSESSIONID=xIyL67dto47dxQVYcoctvgGd.undefined; Path=/Formulario-Interno
Content-Type: text/xml;charset=ISO-8859-1
Content-Length: 301
Date: Thu, 06 Oct 2016 11:42:18 GMT
Connection: close

&lt;soap:Envelope xmlns:soap=&quot;http://schemas.xmlsoap.org/soap/envelope/&quot;&gt;&lt;soap:Body&gt;&lt;ns1:crearFormularioPotencialResponse xmlns:ns1=&quot;http://www.colfuturo.org/potencial/ws/ServicioIntegracionPotencial&quot;&gt;&lt;return&gt;Encontro formulario&lt;/return&gt;&lt;/ns1:crearFormularioPotencialResponse&gt;&lt;/soap:Body&gt;&lt;/soap:Envelope&gt;

07:10:34 181.48.226.226 desde:user/118750 preparando para almacenar usuario : 1018441812

07:10:34 181.48.226.226  conectando a : http://jboss2.colfuturo.org/Formulario-Interno/ServicioIntegracionPotencial?wsdl

07:10:34 181.48.226.226  enviando datos : {"numeroDocumento":"1018441812",
            "nombre":"Sergio Emilio",
            "apellido":"Santana Rodriguez",
            "email":"sergioe71@gmail.com",
            "fechaNacimiento":"18 ene 1984",
            "ciudadResidencia":"Bogotá, Colombia",
            "genero":"M",
            "celular":"",
            "listaInteresAreaEstudio":["Administración y Negocios","Arquitectura y Diseño","Artes"],
            "listaInteresIdioma":["ingles"]}

07:10:39 181.48.226.226  respuesta HTTP/1.1 200 OK
Server: Apache-Coyote/1.1
Set-Cookie: JSESSIONID=fNXCJb1BU7Dft1ixSQyGs0VU.undefined; Path=/Formulario-Interno
Content-Type: text/xml;charset=ISO-8859-1
Content-Length: 301
Date: Thu, 06 Oct 2016 12:40:39 GMT
Connection: close

&lt;soap:Envelope xmlns:soap=&quot;http://schemas.xmlsoap.org/soap/envelope/&quot;&gt;&lt;soap:Body&gt;&lt;ns1:crearFormularioPotencialResponse xmlns:ns1=&quot;http://www.colfuturo.org/potencial/ws/ServicioIntegracionPotencial&quot;&gt;&lt;return&gt;Encontro formulario&lt;/return&gt;&lt;/ns1:crearFormularioPotencialResponse&gt;&lt;/soap:Body&gt;&lt;/soap:Envelope&gt;

08:10:46 186.85.95.172 desde:user/register preparando para almacenar usuario : 1015448095

08:10:46 186.85.95.172  conectando a : http://jboss2.colfuturo.org/Formulario-Interno/ServicioIntegracionPotencial?wsdl

08:10:46 186.85.95.172  enviando datos : {"numeroDocumento":"1015448095",
            "nombre":"Luis Felipe ",
            "apellido":"Acostamadiedo",
            "email":"felipeacostamadiedo@gmail.com",
            "fechaNacimiento":"18 ene 1984",
            "ciudadResidencia":"Bogotá, Colombia",
            "genero":"M",
            "celular":"",
            "listaInteresAreaEstudio":["Administración y Negocios","Economía"],
            "listaInteresIdioma":["ingles"]}

08:10:52 186.85.95.172  respuesta HTTP/1.1 200 OK
Server: Apache-Coyote/1.1
Set-Cookie: JSESSIONID=NNchMP0lpSCdIg9n7qYvmqUS.undefined; Path=/Formulario-Interno
Content-Type: text/xml;charset=ISO-8859-1
Content-Length: 297
Date: Thu, 06 Oct 2016 13:08:51 GMT
Connection: close

&lt;soap:Envelope xmlns:soap=&quot;http://schemas.xmlsoap.org/soap/envelope/&quot;&gt;&lt;soap:Body&gt;&lt;ns1:crearFormularioPotencialResponse xmlns:ns1=&quot;http://www.colfuturo.org/potencial/ws/ServicioIntegracionPotencial&quot;&gt;&lt;return&gt;Creo formulario&lt;/return&gt;&lt;/ns1:crearFormularioPotencialResponse&gt;&lt;/soap:Body&gt;&lt;/soap:Envelope&gt;

08:10:14 181.141.98.151 desde:user/register preparando para almacenar usuario : 1143326401

08:10:14 181.141.98.151  conectando a : http://jboss2.colfuturo.org/Formulario-Interno/ServicioIntegracionPotencial?wsdl

08:10:14 181.141.98.151  enviando datos : {"numeroDocumento":"1143326401",
            "nombre":"sandra",
            "apellido":"perez",
            "email":"sandramp45@hotmail.com",
            "fechaNacimiento":"18 ene 1984",
            "ciudadResidencia":"Cartagena - Bolívar, Colombia",
            "genero":"F",
            "celular":"",
            "listaInteresAreaEstudio":[""],
            "listaInteresIdioma":["ingles"]}

08:10:15 181.141.98.151  respuesta HTTP/1.1 200 OK
Server: Apache-Coyote/1.1
Set-Cookie: JSESSIONID=WDgptqCqvo2MhQ-jqdaGF1jI.undefined; Path=/Formulario-Interno
Content-Type: text/xml;charset=ISO-8859-1
Content-Length: 297
Date: Thu, 06 Oct 2016 13:47:14 GMT
Connection: close

&lt;soap:Envelope xmlns:soap=&quot;http://schemas.xmlsoap.org/soap/envelope/&quot;&gt;&lt;soap:Body&gt;&lt;ns1:crearFormularioPotencialResponse xmlns:ns1=&quot;http://www.colfuturo.org/potencial/ws/ServicioIntegracionPotencial&quot;&gt;&lt;return&gt;Creo formulario&lt;/return&gt;&lt;/ns1:crearFormularioPotencialResponse&gt;&lt;/soap:Body&gt;&lt;/soap:Envelope&gt;

09:10:29 190.248.57.34 desde:user/register preparando para almacenar usuario : 1065658604

09:10:29 190.248.57.34  conectando a : http://jboss2.colfuturo.org/Formulario-Interno/ServicioIntegracionPotencial?wsdl

09:10:29 190.248.57.34  enviando datos : {"numeroDocumento":"1065658604",
            "nombre":"ALEXNADRA PATRICIA",
            "apellido":"GALOFRE LOBO",
            "email":"agalofre@gmail.com",
            "fechaNacimiento":"18 ene 1984",
            "ciudadResidencia":"Barranquilla - Atlántico, Colombia",
            "genero":"F",
            "celular":"",
            "listaInteresAreaEstudio":["Administración y Negocios"],
            "listaInteresIdioma":[""]}

09:10:35 190.248.57.34  respuesta HTTP/1.1 200 OK
Server: Apache-Coyote/1.1
Set-Cookie: JSESSIONID=yMLBrnI6HBzAqRHnEejhwz0V.undefined; Path=/Formulario-Interno
Content-Type: text/xml;charset=ISO-8859-1
Content-Length: 297
Date: Thu, 06 Oct 2016 14:07:35 GMT
Connection: close

&lt;soap:Envelope xmlns:soap=&quot;http://schemas.xmlsoap.org/soap/envelope/&quot;&gt;&lt;soap:Body&gt;&lt;ns1:crearFormularioPotencialResponse xmlns:ns1=&quot;http://www.colfuturo.org/potencial/ws/ServicioIntegracionPotencial&quot;&gt;&lt;return&gt;Creo formulario&lt;/return&gt;&lt;/ns1:crearFormularioPotencialResponse&gt;&lt;/soap:Body&gt;&lt;/soap:Envelope&gt;

09:10:09 190.5.201.138 desde:user/register preparando para almacenar usuario : 1061692082

09:10:09 190.5.201.138  conectando a : http://jboss2.colfuturo.org/Formulario-Interno/ServicioIntegracionPotencial?wsdl

09:10:09 190.5.201.138  enviando datos : {"numeroDocumento":"1061692082",
            "nombre":"Adriana Carolina ",
            "apellido":"Mosquera Arbelaez ",
            "email":"caritomonita516@gmail.com",
            "fechaNacimiento":"18 ene 1984",
            "ciudadResidencia":"Popayán - Cauca, Colombia",
            "genero":"F",
            "celular":"",
            "listaInteresAreaEstudio":["Ciencias Sociales"],
            "listaInteresIdioma":["ingles"]}

09:10:15 190.5.201.138  respuesta HTTP/1.1 200 OK
Server: Apache-Coyote/1.1
Set-Cookie: JSESSIONID=Mn7CV-7b7bj+OK7IbRVGLdX+.undefined; Path=/Formulario-Interno
Content-Type: text/xml;charset=ISO-8859-1
Content-Length: 297
Date: Thu, 06 Oct 2016 14:46:15 GMT
Connection: close

&lt;soap:Envelope xmlns:soap=&quot;http://schemas.xmlsoap.org/soap/envelope/&quot;&gt;&lt;soap:Body&gt;&lt;ns1:crearFormularioPotencialResponse xmlns:ns1=&quot;http://www.colfuturo.org/potencial/ws/ServicioIntegracionPotencial&quot;&gt;&lt;return&gt;Creo formulario&lt;/return&gt;&lt;/ns1:crearFormularioPotencialResponse&gt;&lt;/soap:Body&gt;&lt;/soap:Envelope&gt;

10:10:55 190.131.210.60 desde:user/register preparando para almacenar usuario : 1083570311

10:10:55 190.131.210.60  conectando a : http://jboss2.colfuturo.org/Formulario-Interno/ServicioIntegracionPotencial?wsdl

10:10:55 190.131.210.60  enviando datos : {"numeroDocumento":"1083570311",
            "nombre":"ALVARO ELIAS",
            "apellido":"OCHOA CARRILLO",
            "email":"alvaroochoa09@hotmail.com",
            "fechaNacimiento":"18 ene 1984",
            "ciudadResidencia":"Barranquilla - Atlántico, Colombia",
            "genero":"M",
            "celular":"",
            "listaInteresAreaEstudio":["Ingeniería"],
            "listaInteresIdioma":[""]}

10:10:01 190.131.210.60  respuesta HTTP/1.1 200 OK
Server: Apache-Coyote/1.1
Set-Cookie: JSESSIONID=WmGTkq2t5pYvJtgkCy6+7WBr.undefined; Path=/Formulario-Interno
Content-Type: text/xml;charset=ISO-8859-1
Content-Length: 297
Date: Thu, 06 Oct 2016 15:11:01 GMT
Connection: close

&lt;soap:Envelope xmlns:soap=&quot;http://schemas.xmlsoap.org/soap/envelope/&quot;&gt;&lt;soap:Body&gt;&lt;ns1:crearFormularioPotencialResponse xmlns:ns1=&quot;http://www.colfuturo.org/potencial/ws/ServicioIntegracionPotencial&quot;&gt;&lt;return&gt;Creo formulario&lt;/return&gt;&lt;/ns1:crearFormularioPotencialResponse&gt;&lt;/soap:Body&gt;&lt;/soap:Envelope&gt;

10:10:11 192.168.100.120 desde:node/44 preparando para almacenar usuario : 6812027

10:10:11 192.168.100.120  conectando a : http://jboss2.colfuturo.org/Formulario-Interno/ServicioIntegracionPotencial?wsdl

10:10:11 192.168.100.120  enviando datos : {"numeroDocumento":"6812027",
            "nombre":"Prueba",
            "apellido":"Unicauca Profesores",
            "email":"erika.salgado@colfturo.org",
            "fechaNacimiento":"18 ene 1984",
            "ciudadResidencia":"Bogotá, Colombia",
            "genero":"M",
            "celular":"",
            "listaInteresAreaEstudio":[""],
            "listaInteresIdioma":[""]}

10:10:11 192.168.100.120  respuesta HTTP/1.1 200 OK
Server: Apache-Coyote/1.1
Set-Cookie: JSESSIONID=U1ZKGoCMU9YUf2zMgjsIN2Vt.undefined; Path=/Formulario-Interno
Content-Type: text/xml;charset=ISO-8859-1
Content-Length: 297
Date: Thu, 06 Oct 2016 15:15:11 GMT
Connection: close

&lt;soap:Envelope xmlns:soap=&quot;http://schemas.xmlsoap.org/soap/envelope/&quot;&gt;&lt;soap:Body&gt;&lt;ns1:crearFormularioPotencialResponse xmlns:ns1=&quot;http://www.colfuturo.org/potencial/ws/ServicioIntegracionPotencial&quot;&gt;&lt;return&gt;Creo formulario&lt;/return&gt;&lt;/ns1:crearFormularioPotencialResponse&gt;&lt;/soap:Body&gt;&lt;/soap:Envelope&gt;

10:10:21 167.0.8.59 desde:user/register preparando para almacenar usuario : 16286817

10:10:21 167.0.8.59  conectando a : http://jboss2.colfuturo.org/Formulario-Interno/ServicioIntegracionPotencial?wsdl

10:10:21 167.0.8.59  enviando datos : {"numeroDocumento":"16286817",
            "nombre":"ulices",
            "apellido":"lopez fernandez",
            "email":"uliceslf@gmail.com",
            "fechaNacimiento":"18 ene 1984",
            "ciudadResidencia":"Cali - Valle del Cauca, Colombia",
            "genero":"M",
            "celular":"",
            "listaInteresAreaEstudio":["Administración y Negocios","Ciencias Agropecuarias y del Medio Ambiente"],
            "listaInteresIdioma":[""]}

10:10:22 167.0.8.59  respuesta HTTP/1.1 200 OK
Server: Apache-Coyote/1.1
Set-Cookie: JSESSIONID=rCJBFCc9U6iSJU+ARk1pHlgZ.undefined; Path=/Formulario-Interno
Content-Type: text/xml;charset=ISO-8859-1
Content-Length: 297
Date: Thu, 06 Oct 2016 15:17:21 GMT
Connection: close

&lt;soap:Envelope xmlns:soap=&quot;http://schemas.xmlsoap.org/soap/envelope/&quot;&gt;&lt;soap:Body&gt;&lt;ns1:crearFormularioPotencialResponse xmlns:ns1=&quot;http://www.colfuturo.org/potencial/ws/ServicioIntegracionPotencial&quot;&gt;&lt;return&gt;Creo formulario&lt;/return&gt;&lt;/ns1:crearFormularioPotencialResponse&gt;&lt;/soap:Body&gt;&lt;/soap:Envelope&gt;

10:10:24 190.99.237.83 desde:user/register preparando para almacenar usuario : 38643290

10:10:24 190.99.237.83  conectando a : http://jboss2.colfuturo.org/Formulario-Interno/ServicioIntegracionPotencial?wsdl

10:10:24 190.99.237.83  enviando datos : {"numeroDocumento":"38643290",
            "nombre":"Natalia",
            "apellido":"Rengifo gomez",
            "email":"Natirengifo@gmail.com",
            "fechaNacimiento":"18 ene 1984",
            "ciudadResidencia":"Cali - Valle del Cauca, Colombia",
            "genero":"F",
            "celular":"",
            "listaInteresAreaEstudio":["Administración y Negocios"],
            "listaInteresIdioma":[""]}

10:10:25 190.99.237.83  respuesta HTTP/1.1 200 OK
Server: Apache-Coyote/1.1
Set-Cookie: JSESSIONID=bEoFsvibLoRjv7Ox5IJog1Y-.undefined; Path=/Formulario-Interno
Content-Type: text/xml;charset=ISO-8859-1
Content-Length: 297
Date: Thu, 06 Oct 2016 15:20:24 GMT
Connection: close

&lt;soap:Envelope xmlns:soap=&quot;http://schemas.xmlsoap.org/soap/envelope/&quot;&gt;&lt;soap:Body&gt;&lt;ns1:crearFormularioPotencialResponse xmlns:ns1=&quot;http://www.colfuturo.org/potencial/ws/ServicioIntegracionPotencial&quot;&gt;&lt;return&gt;Creo formulario&lt;/return&gt;&lt;/ns1:crearFormularioPotencialResponse&gt;&lt;/soap:Body&gt;&lt;/soap:Envelope&gt;

10:10:52 181.130.1.112 desde:user/register preparando para almacenar usuario : 1015423002

10:10:52 181.130.1.112  conectando a : http://jboss2.colfuturo.org/Formulario-Interno/ServicioIntegracionPotencial?wsdl

10:10:52 181.130.1.112  enviando datos : {"numeroDocumento":"1015423002",
            "nombre":"Geraldin ",
            "apellido":"Pérez Rivera",
            "email":"geraldine.perez18@gmail.com",
            "fechaNacimiento":"18 ene 1984",
            "ciudadResidencia":"Bogotá, Colombia",
            "genero":"F",
            "celular":"",
            "listaInteresAreaEstudio":["Administración y Negocios"],
            "listaInteresIdioma":["ingles"]}

10:10:53 181.130.1.112  respuesta HTTP/1.1 200 OK
Server: Apache-Coyote/1.1
Set-Cookie: JSESSIONID=H36xmw3vfZxLKbxVg0HOIy8z.undefined; Path=/Formulario-Interno
Content-Type: text/xml;charset=ISO-8859-1
Content-Length: 297
Date: Thu, 06 Oct 2016 15:39:52 GMT
Connection: close

&lt;soap:Envelope xmlns:soap=&quot;http://schemas.xmlsoap.org/soap/envelope/&quot;&gt;&lt;soap:Body&gt;&lt;ns1:crearFormularioPotencialResponse xmlns:ns1=&quot;http://www.colfuturo.org/potencial/ws/ServicioIntegracionPotencial&quot;&gt;&lt;return&gt;Creo formulario&lt;/return&gt;&lt;/ns1:crearFormularioPotencialResponse&gt;&lt;/soap:Body&gt;&lt;/soap:Envelope&gt;

11:10:29 181.55.162.110 desde:user/register preparando para almacenar usuario : 80202054

11:10:29 181.55.162.110  conectando a : http://jboss2.colfuturo.org/Formulario-Interno/ServicioIntegracionPotencial?wsdl

11:10:29 181.55.162.110  enviando datos : {"numeroDocumento":"80202054",
            "nombre":"Jonnathan Helbert",
            "apellido":"Sánchez Ramírez",
            "email":"joshdesign23@gmail.com",
            "fechaNacimiento":"18 ene 1984",
            "ciudadResidencia":"Bogotá, Colombia",
            "genero":"M",
            "celular":"",
            "listaInteresAreaEstudio":["Arquitectura y Diseño","Artes"],
            "listaInteresIdioma":["frances"]}

11:10:32 181.55.162.110  respuesta HTTP/1.1 200 OK
Server: Apache-Coyote/1.1
Set-Cookie: JSESSIONID=TcX-3zkl60R0IK7PflOSpXXl.undefined; Path=/Formulario-Interno
Content-Type: text/xml;charset=ISO-8859-1
Content-Length: 297
Date: Thu, 06 Oct 2016 16:15:32 GMT
Connection: close

&lt;soap:Envelope xmlns:soap=&quot;http://schemas.xmlsoap.org/soap/envelope/&quot;&gt;&lt;soap:Body&gt;&lt;ns1:crearFormularioPotencialResponse xmlns:ns1=&quot;http://www.colfuturo.org/potencial/ws/ServicioIntegracionPotencial&quot;&gt;&lt;return&gt;Creo formulario&lt;/return&gt;&lt;/ns1:crearFormularioPotencialResponse&gt;&lt;/soap:Body&gt;&lt;/soap:Envelope&gt;

12:10:02 160.39.211.242 desde:user/121924 preparando para almacenar usuario : 1020733098

12:10:02 160.39.211.242  conectando a : http://jboss2.colfuturo.org/Formulario-Interno/ServicioIntegracionPotencial?wsdl

12:10:02 160.39.211.242  enviando datos : {"numeroDocumento":"1020733098",
            "nombre":"Mauricio",
            "apellido":"Child",
            "email":"mcv433@gmail.com",
            "fechaNacimiento":"18 ene 1984",
            "ciudadResidencia":"Bogotá, Colombia",
            "genero":"M",
            "celular":"",
            "listaInteresAreaEstudio":["Ciencias Políticas y Relaciones Internacionales"],
            "listaInteresIdioma":[""]}

12:10:03 160.39.211.242  respuesta HTTP/1.1 200 OK
Server: Apache-Coyote/1.1
Set-Cookie: JSESSIONID=4-MsoHe2OonfInO3u5QR89on.undefined; Path=/Formulario-Interno
Content-Type: text/xml;charset=ISO-8859-1
Content-Length: 301
Date: Thu, 06 Oct 2016 17:09:02 GMT
Connection: close

&lt;soap:Envelope xmlns:soap=&quot;http://schemas.xmlsoap.org/soap/envelope/&quot;&gt;&lt;soap:Body&gt;&lt;ns1:crearFormularioPotencialResponse xmlns:ns1=&quot;http://www.colfuturo.org/potencial/ws/ServicioIntegracionPotencial&quot;&gt;&lt;return&gt;Encontro formulario&lt;/return&gt;&lt;/ns1:crearFormularioPotencialResponse&gt;&lt;/soap:Body&gt;&lt;/soap:Envelope&gt;

12:10:01 186.144.116.44 desde:user/register preparando para almacenar usuario : 1110508953

12:10:01 186.144.116.44  conectando a : http://jboss2.colfuturo.org/Formulario-Interno/ServicioIntegracionPotencial?wsdl

12:10:01 186.144.116.44  enviando datos : {"numeroDocumento":"1110508953",
            "nombre":"Luis andres",
            "apellido":"Ibague pineda",
            "email":"Megaandres-91@hotmail.com",
            "fechaNacimiento":"18 ene 1984",
            "ciudadResidencia":"Bogotá, Colombia",
            "genero":"M",
            "celular":"",
            "listaInteresAreaEstudio":["Ciencias de la Salud","Educación"],
            "listaInteresIdioma":[""]}

12:10:08 186.144.116.44  respuesta HTTP/1.1 200 OK
Server: Apache-Coyote/1.1
Set-Cookie: JSESSIONID=CFppUrK-WKiGBTZvKz1TC8Ni.undefined; Path=/Formulario-Interno
Content-Type: text/xml;charset=ISO-8859-1
Content-Length: 297
Date: Thu, 06 Oct 2016 17:38:08 GMT
Connection: close

&lt;soap:Envelope xmlns:soap=&quot;http://schemas.xmlsoap.org/soap/envelope/&quot;&gt;&lt;soap:Body&gt;&lt;ns1:crearFormularioPotencialResponse xmlns:ns1=&quot;http://www.colfuturo.org/potencial/ws/ServicioIntegracionPotencial&quot;&gt;&lt;return&gt;Creo formulario&lt;/return&gt;&lt;/ns1:crearFormularioPotencialResponse&gt;&lt;/soap:Body&gt;&lt;/soap:Envelope&gt;

12:10:49 152.200.73.14 desde:user/register preparando para almacenar usuario : 79722748

12:10:49 152.200.73.14  conectando a : http://jboss2.colfuturo.org/Formulario-Interno/ServicioIntegracionPotencial?wsdl

12:10:49 152.200.73.14  enviando datos : {"numeroDocumento":"79722748",
            "nombre":"Victor manuel ",
            "apellido":"Barrera sossa",
            "email":"Barreravictor77@gmail.com",
            "fechaNacimiento":"18 ene 1984",
            "ciudadResidencia":"Barranquilla - Atlántico, Colombia",
            "genero":"M",
            "celular":"",
            "listaInteresAreaEstudio":[""],
            "listaInteresIdioma":["ingles"]}

12:10:55 152.200.73.14  respuesta HTTP/1.1 200 OK
Server: Apache-Coyote/1.1
Set-Cookie: JSESSIONID=Qogyeh-3hLSy8qkONY5O5wEV.undefined; Path=/Formulario-Interno
Content-Type: text/xml;charset=ISO-8859-1
Content-Length: 297
Date: Thu, 06 Oct 2016 17:55:55 GMT
Connection: close

&lt;soap:Envelope xmlns:soap=&quot;http://schemas.xmlsoap.org/soap/envelope/&quot;&gt;&lt;soap:Body&gt;&lt;ns1:crearFormularioPotencialResponse xmlns:ns1=&quot;http://www.colfuturo.org/potencial/ws/ServicioIntegracionPotencial&quot;&gt;&lt;return&gt;Creo formulario&lt;/return&gt;&lt;/ns1:crearFormularioPotencialResponse&gt;&lt;/soap:Body&gt;&lt;/soap:Envelope&gt;

01:10:46 168.176.185.24 desde:user/register preparando para almacenar usuario : 1144176382

01:10:46 168.176.185.24  conectando a : http://jboss2.colfuturo.org/Formulario-Interno/ServicioIntegracionPotencial?wsdl

01:10:46 168.176.185.24  enviando datos : {"numeroDocumento":"1144176382",
            "nombre":"Mayra Alejandra",
            "apellido":"Trochez Delgado",
            "email":"matrochezd@unal.edu.co",
            "fechaNacimiento":"18 ene 1984",
            "ciudadResidencia":"Cali - Valle del Cauca, Colombia",
            "genero":"F",
            "celular":"",
            "listaInteresAreaEstudio":["Ciencias Agropecuarias y del Medio Ambiente","Ingeniería"],
            "listaInteresIdioma":["ingles"]}

01:10:52 168.176.185.24  respuesta HTTP/1.1 200 OK
Server: Apache-Coyote/1.1
Set-Cookie: JSESSIONID=3k+QfZyhPvvFjUDlTGB1bNw1.undefined; Path=/Formulario-Interno
Content-Type: text/xml;charset=ISO-8859-1
Content-Length: 297
Date: Thu, 06 Oct 2016 18:08:52 GMT
Connection: close

&lt;soap:Envelope xmlns:soap=&quot;http://schemas.xmlsoap.org/soap/envelope/&quot;&gt;&lt;soap:Body&gt;&lt;ns1:crearFormularioPotencialResponse xmlns:ns1=&quot;http://www.colfuturo.org/potencial/ws/ServicioIntegracionPotencial&quot;&gt;&lt;return&gt;Creo formulario&lt;/return&gt;&lt;/ns1:crearFormularioPotencialResponse&gt;&lt;/soap:Body&gt;&lt;/soap:Envelope&gt;

01:10:33 200.16.119.238 desde:user/register preparando para almacenar usuario : 1098790390

01:10:33 200.16.119.238  conectando a : http://jboss2.colfuturo.org/Formulario-Interno/ServicioIntegracionPotencial?wsdl

01:10:33 200.16.119.238  enviando datos : {"numeroDocumento":"1098790390",
            "nombre":"Carlos Andres",
            "apellido":"Trochez Fernandez",
            "email":"carlos.tf96@hotmail.com",
            "fechaNacimiento":"18 ene 1984",
            "ciudadResidencia":"Bucaramanga - Santander, Colombia",
            "genero":"M",
            "celular":"",
            "listaInteresAreaEstudio":["Ciencias Políticas y Relaciones Internacionales","Ciencias Sociales","Derecho"],
            "listaInteresIdioma":[""]}

01:10:39 200.16.119.238  respuesta HTTP/1.1 200 OK
Server: Apache-Coyote/1.1
Set-Cookie: JSESSIONID=Lr35idtq6m8XXgZeZpesfc9Y.undefined; Path=/Formulario-Interno
Content-Type: text/xml;charset=ISO-8859-1
Content-Length: 297
Date: Thu, 06 Oct 2016 18:15:39 GMT
Connection: close

&lt;soap:Envelope xmlns:soap=&quot;http://schemas.xmlsoap.org/soap/envelope/&quot;&gt;&lt;soap:Body&gt;&lt;ns1:crearFormularioPotencialResponse xmlns:ns1=&quot;http://www.colfuturo.org/potencial/ws/ServicioIntegracionPotencial&quot;&gt;&lt;return&gt;Creo formulario&lt;/return&gt;&lt;/ns1:crearFormularioPotencialResponse&gt;&lt;/soap:Body&gt;&lt;/soap:Envelope&gt;

01:10:32 186.154.201.2 desde:user/70230 preparando para almacenar usuario : 30009064

01:10:32 186.154.201.2  conectando a : http://jboss2.colfuturo.org/Formulario-Interno/ServicioIntegracionPotencial?wsdl

01:10:32 186.154.201.2  enviando datos : {"numeroDocumento":"30009064",
            "nombre":"alexandra",
            "apellido":"quiroga",
            "email":"alejaq22@gmail.com",
            "fechaNacimiento":"18 ene 1984",
            "ciudadResidencia":"Bogotá, Colombia",
            "genero":"F",
            "celular":"",
            "listaInteresAreaEstudio":["Administración y Negocios"],
            "listaInteresIdioma":[""]}

01:10:38 186.154.201.2  respuesta HTTP/1.1 200 OK
Server: Apache-Coyote/1.1
Set-Cookie: JSESSIONID=Iq2QtfNP6mWjGl52QUEGRRAY.undefined; Path=/Formulario-Interno
Content-Type: text/xml;charset=ISO-8859-1
Content-Length: 301
Date: Thu, 06 Oct 2016 18:24:38 GMT
Connection: close

&lt;soap:Envelope xmlns:soap=&quot;http://schemas.xmlsoap.org/soap/envelope/&quot;&gt;&lt;soap:Body&gt;&lt;ns1:crearFormularioPotencialResponse xmlns:ns1=&quot;http://www.colfuturo.org/potencial/ws/ServicioIntegracionPotencial&quot;&gt;&lt;return&gt;Encontro formulario&lt;/return&gt;&lt;/ns1:crearFormularioPotencialResponse&gt;&lt;/soap:Body&gt;&lt;/soap:Envelope&gt;

01:10:05 190.249.194.150 desde:user/register preparando para almacenar usuario : 1152200634

01:10:05 190.249.194.150  conectando a : http://jboss2.colfuturo.org/Formulario-Interno/ServicioIntegracionPotencial?wsdl

01:10:05 190.249.194.150  enviando datos : {"numeroDocumento":"1152200634",
            "nombre":"lucas",
            "apellido":"seña caicedo",
            "email":"luseca14@hotmail.com",
            "fechaNacimiento":"18 ene 1984",
            "ciudadResidencia":"Medellín - Antioquia, Colombia",
            "genero":"M",
            "celular":"",
            "listaInteresAreaEstudio":["Ingeniería"],
            "listaInteresIdioma":["ingles"]}

01:10:11 190.249.194.150  respuesta HTTP/1.1 200 OK
Server: Apache-Coyote/1.1
Set-Cookie: JSESSIONID=QwznGOWXDgatEfVpV6VpiDEk.undefined; Path=/Formulario-Interno
Content-Type: text/xml;charset=ISO-8859-1
Content-Length: 297
Date: Thu, 06 Oct 2016 18:29:11 GMT
Connection: close

&lt;soap:Envelope xmlns:soap=&quot;http://schemas.xmlsoap.org/soap/envelope/&quot;&gt;&lt;soap:Body&gt;&lt;ns1:crearFormularioPotencialResponse xmlns:ns1=&quot;http://www.colfuturo.org/potencial/ws/ServicioIntegracionPotencial&quot;&gt;&lt;return&gt;Creo formulario&lt;/return&gt;&lt;/ns1:crearFormularioPotencialResponse&gt;&lt;/soap:Body&gt;&lt;/soap:Envelope&gt;

02:10:15 200.74.149.170 desde:user/register preparando para almacenar usuario : 1070921183

02:10:15 200.74.149.170  conectando a : http://jboss2.colfuturo.org/Formulario-Interno/ServicioIntegracionPotencial?wsdl

02:10:15 200.74.149.170  enviando datos : {"numeroDocumento":"1070921183",
            "nombre":"Karen Lizeth ",
            "apellido":"López Cruz",
            "email":"karensita15_lopc@hotmail.com",
            "fechaNacimiento":"18 ene 1984",
            "ciudadResidencia":"Bogotá DC - Bogotá, Colombia",
            "genero":"F",
            "celular":"",
            "listaInteresAreaEstudio":["Administración y Negocios"],
            "listaInteresIdioma":["ingles"]}

02:10:16 200.74.149.170  respuesta HTTP/1.1 200 OK
Server: Apache-Coyote/1.1
Set-Cookie: JSESSIONID=e44ZIjLbBWN4na1TuJakJor6.undefined; Path=/Formulario-Interno
Content-Type: text/xml;charset=ISO-8859-1
Content-Length: 297
Date: Thu, 06 Oct 2016 19:14:15 GMT
Connection: close

&lt;soap:Envelope xmlns:soap=&quot;http://schemas.xmlsoap.org/soap/envelope/&quot;&gt;&lt;soap:Body&gt;&lt;ns1:crearFormularioPotencialResponse xmlns:ns1=&quot;http://www.colfuturo.org/potencial/ws/ServicioIntegracionPotencial&quot;&gt;&lt;return&gt;Creo formulario&lt;/return&gt;&lt;/ns1:crearFormularioPotencialResponse&gt;&lt;/soap:Body&gt;&lt;/soap:Envelope&gt;

03:10:45 190.84.23.178 desde:user/register preparando para almacenar usuario : 1069755831

03:10:45 190.84.23.178  conectando a : http://jboss2.colfuturo.org/Formulario-Interno/ServicioIntegracionPotencial?wsdl

03:10:45 190.84.23.178  enviando datos : {"numeroDocumento":"1069755831",
            "nombre":"jessica alejandra",
            "apellido":"arias guzman ",
            "email":"jskaarias_28@hotmail.com",
            "fechaNacimiento":"18 ene 1984",
            "ciudadResidencia":"Bogotá, Colombia",
            "genero":"F",
            "celular":"",
            "listaInteresAreaEstudio":["Artes","Ciencias Políticas y Relaciones Internacionales","Ciencias Sociales","Educación"],
            "listaInteresIdioma":["ingles"]}

03:10:46 190.84.23.178  respuesta HTTP/1.1 200 OK
Server: Apache-Coyote/1.1
Set-Cookie: JSESSIONID=woDj5pG-1ZhlbHksWYgNdsol.undefined; Path=/Formulario-Interno
Content-Type: text/xml;charset=ISO-8859-1
Content-Length: 297
Date: Thu, 06 Oct 2016 20:02:45 GMT
Connection: close

&lt;soap:Envelope xmlns:soap=&quot;http://schemas.xmlsoap.org/soap/envelope/&quot;&gt;&lt;soap:Body&gt;&lt;ns1:crearFormularioPotencialResponse xmlns:ns1=&quot;http://www.colfuturo.org/potencial/ws/ServicioIntegracionPotencial&quot;&gt;&lt;return&gt;Creo formulario&lt;/return&gt;&lt;/ns1:crearFormularioPotencialResponse&gt;&lt;/soap:Body&gt;&lt;/soap:Envelope&gt;

03:10:27 201.221.124.8 desde:user/133843 preparando para almacenar usuario : 9873909

03:10:27 201.221.124.8  conectando a : http://jboss2.colfuturo.org/Formulario-Interno/ServicioIntegracionPotencial?wsdl

03:10:27 201.221.124.8  enviando datos : {"numeroDocumento":"9873909",
            "nombre":"Julián Andrés",
            "apellido":"De La Roche Sánchez",
            "email":"JDELAROC@BANCOLOMBIA.COM.CO",
            "fechaNacimiento":"18 ene 1984",
            "ciudadResidencia":"Medellín - Antioquia, Colombia",
            "genero":"M",
            "celular":"",
            "listaInteresAreaEstudio":[""],
            "listaInteresIdioma":[""]}

03:10:31 201.221.124.8  respuesta HTTP/1.1 200 OK
Server: Apache-Coyote/1.1
Set-Cookie: JSESSIONID=UA3NlpkSrbvO4K-c61FWJmk7.undefined; Path=/Formulario-Interno
Content-Type: text/xml;charset=ISO-8859-1
Content-Length: 301
Date: Thu, 06 Oct 2016 20:33:31 GMT
Connection: close

&lt;soap:Envelope xmlns:soap=&quot;http://schemas.xmlsoap.org/soap/envelope/&quot;&gt;&lt;soap:Body&gt;&lt;ns1:crearFormularioPotencialResponse xmlns:ns1=&quot;http://www.colfuturo.org/potencial/ws/ServicioIntegracionPotencial&quot;&gt;&lt;return&gt;Encontro formulario&lt;/return&gt;&lt;/ns1:crearFormularioPotencialResponse&gt;&lt;/soap:Body&gt;&lt;/soap:Envelope&gt;

03:10:41 181.54.109.171 desde:user/register preparando para almacenar usuario : 52206514

03:10:41 181.54.109.171  conectando a : http://jboss2.colfuturo.org/Formulario-Interno/ServicioIntegracionPotencial?wsdl

03:10:41 181.54.109.171  enviando datos : {"numeroDocumento":"52206514",
            "nombre":"Sandra",
            "apellido":"Beltrán Casallas",
            "email":"Sandrabeltrancasallas@gmail.com",
            "fechaNacimiento":"18 ene 1984",
            "ciudadResidencia":"Bogotá, Colombia",
            "genero":"M",
            "celular":"",
            "listaInteresAreaEstudio":["Administración y Negocios"],
            "listaInteresIdioma":["ingles"]}

03:10:47 181.54.109.171  respuesta HTTP/1.1 200 OK
Server: Apache-Coyote/1.1
Set-Cookie: JSESSIONID=ochSSnMtVvZi9oS7KEmHIWd0.undefined; Path=/Formulario-Interno
Content-Type: text/xml;charset=ISO-8859-1
Content-Length: 297
Date: Thu, 06 Oct 2016 20:45:47 GMT
Connection: close

&lt;soap:Envelope xmlns:soap=&quot;http://schemas.xmlsoap.org/soap/envelope/&quot;&gt;&lt;soap:Body&gt;&lt;ns1:crearFormularioPotencialResponse xmlns:ns1=&quot;http://www.colfuturo.org/potencial/ws/ServicioIntegracionPotencial&quot;&gt;&lt;return&gt;Creo formulario&lt;/return&gt;&lt;/ns1:crearFormularioPotencialResponse&gt;&lt;/soap:Body&gt;&lt;/soap:Envelope&gt;

04:10:49 186.29.182.140 desde:user/register preparando para almacenar usuario : 39676864

04:10:49 186.29.182.140  conectando a : http://jboss2.colfuturo.org/Formulario-Interno/ServicioIntegracionPotencial?wsdl

04:10:49 186.29.182.140  enviando datos : {"numeroDocumento":"39676864",
            "nombre":"PAULA ANDREA ",
            "apellido":"GÓMEZ GRAJALES ",
            "email":"paulagomezgra@gmail.com",
            "fechaNacimiento":"18 ene 1984",
            "ciudadResidencia":"Bogotá, Colombia",
            "genero":"F",
            "celular":"",
            "listaInteresAreaEstudio":[""],
            "listaInteresIdioma":["ingles"]}

04:10:50 186.29.182.140  respuesta HTTP/1.1 200 OK
Server: Apache-Coyote/1.1
Set-Cookie: JSESSIONID=jm1u3kIiCSSdJR+X7UDux5Vh.undefined; Path=/Formulario-Interno
Content-Type: text/xml;charset=ISO-8859-1
Content-Length: 297
Date: Thu, 06 Oct 2016 21:07:49 GMT
Connection: close

&lt;soap:Envelope xmlns:soap=&quot;http://schemas.xmlsoap.org/soap/envelope/&quot;&gt;&lt;soap:Body&gt;&lt;ns1:crearFormularioPotencialResponse xmlns:ns1=&quot;http://www.colfuturo.org/potencial/ws/ServicioIntegracionPotencial&quot;&gt;&lt;return&gt;Creo formulario&lt;/return&gt;&lt;/ns1:crearFormularioPotencialResponse&gt;&lt;/soap:Body&gt;&lt;/soap:Envelope&gt;

04:10:48 181.49.104.2 desde:user/register preparando para almacenar usuario : 52867353

04:10:48 181.49.104.2  conectando a : http://jboss2.colfuturo.org/Formulario-Interno/ServicioIntegracionPotencial?wsdl

04:10:48 181.49.104.2  enviando datos : {"numeroDocumento":"52867353",
            "nombre":"sonia",
            "apellido":"martinez",
            "email":"somisha2102@yahoo.com",
            "fechaNacimiento":"18 ene 1984",
            "ciudadResidencia":"Bogotá, Colombia",
            "genero":"F",
            "celular":"",
            "listaInteresAreaEstudio":[""],
            "listaInteresIdioma":["ingles"]}

04:10:49 181.49.104.2  respuesta HTTP/1.1 200 OK
Server: Apache-Coyote/1.1
Set-Cookie: JSESSIONID=PaffzS7tgrw6lUKA7hcBJILe.undefined; Path=/Formulario-Interno
Content-Type: text/xml;charset=ISO-8859-1
Content-Length: 297
Date: Thu, 06 Oct 2016 21:08:49 GMT
Connection: close

&lt;soap:Envelope xmlns:soap=&quot;http://schemas.xmlsoap.org/soap/envelope/&quot;&gt;&lt;soap:Body&gt;&lt;ns1:crearFormularioPotencialResponse xmlns:ns1=&quot;http://www.colfuturo.org/potencial/ws/ServicioIntegracionPotencial&quot;&gt;&lt;return&gt;Creo formulario&lt;/return&gt;&lt;/ns1:crearFormularioPotencialResponse&gt;&lt;/soap:Body&gt;&lt;/soap:Envelope&gt;

04:10:27 181.128.48.201 desde:user/register preparando para almacenar usuario : 1037621699

04:10:27 181.128.48.201  conectando a : http://jboss2.colfuturo.org/Formulario-Interno/ServicioIntegracionPotencial?wsdl

04:10:27 181.128.48.201  enviando datos : {"numeroDocumento":"1037621699",
            "nombre":"Sarah Elena",
            "apellido":"Valderrama Hincapié",
            "email":"sarah.valderramah@gmail.com",
            "fechaNacimiento":"18 ene 1984",
            "ciudadResidencia":"Envigado - Antioquia, Colombia",
            "genero":"F",
            "celular":"",
            "listaInteresAreaEstudio":["Ciencias de la Salud","Ingeniería"],
            "listaInteresIdioma":[""]}

04:10:28 181.128.48.201  respuesta HTTP/1.1 200 OK
Server: Apache-Coyote/1.1
Set-Cookie: JSESSIONID=hECChsQUMlFc5ErqvLI-JmzD.undefined; Path=/Formulario-Interno
Content-Type: text/xml;charset=ISO-8859-1
Content-Length: 297
Date: Thu, 06 Oct 2016 21:41:28 GMT
Connection: close

&lt;soap:Envelope xmlns:soap=&quot;http://schemas.xmlsoap.org/soap/envelope/&quot;&gt;&lt;soap:Body&gt;&lt;ns1:crearFormularioPotencialResponse xmlns:ns1=&quot;http://www.colfuturo.org/potencial/ws/ServicioIntegracionPotencial&quot;&gt;&lt;return&gt;Creo formulario&lt;/return&gt;&lt;/ns1:crearFormularioPotencialResponse&gt;&lt;/soap:Body&gt;&lt;/soap:Envelope&gt;

04:10:03 190.26.71.229 desde:user/register preparando para almacenar usuario : 1014259215

04:10:03 190.26.71.229  conectando a : http://jboss2.colfuturo.org/Formulario-Interno/ServicioIntegracionPotencial?wsdl

04:10:03 190.26.71.229  enviando datos : {"numeroDocumento":"1014259215",
            "nombre":"Natalia Stefany",
            "apellido":"Vargas Clavijo",
            "email":"natis612@hotmail.com",
            "fechaNacimiento":"18 ene 1984",
            "ciudadResidencia":"Bogotá, Colombia",
            "genero":"F",
            "celular":"",
            "listaInteresAreaEstudio":["Artes","Educación"],
            "listaInteresIdioma":[""]}

04:10:09 190.26.71.229  respuesta HTTP/1.1 200 OK
Server: Apache-Coyote/1.1
Set-Cookie: JSESSIONID=flvEJBN6qAjfJn-pgbgNHI7q.undefined; Path=/Formulario-Interno
Content-Type: text/xml;charset=ISO-8859-1
Content-Length: 297
Date: Thu, 06 Oct 2016 21:56:09 GMT
Connection: close

&lt;soap:Envelope xmlns:soap=&quot;http://schemas.xmlsoap.org/soap/envelope/&quot;&gt;&lt;soap:Body&gt;&lt;ns1:crearFormularioPotencialResponse xmlns:ns1=&quot;http://www.colfuturo.org/potencial/ws/ServicioIntegracionPotencial&quot;&gt;&lt;return&gt;Creo formulario&lt;/return&gt;&lt;/ns1:crearFormularioPotencialResponse&gt;&lt;/soap:Body&gt;&lt;/soap:Envelope&gt;

06:10:05 200.118.46.187 desde:user/register preparando para almacenar usuario : 1019051998

06:10:05 200.118.46.187  conectando a : http://jboss2.colfuturo.org/Formulario-Interno/ServicioIntegracionPotencial?wsdl

06:10:05 200.118.46.187  enviando datos : {"numeroDocumento":"1019051998",
            "nombre":"Andrea Catalina",
            "apellido":"Velasco Cabiativa",
            "email":"cata_004@live.com",
            "fechaNacimiento":"18 ene 1984",
            "ciudadResidencia":"Bogotá, Colombia",
            "genero":"F",
            "celular":"",
            "listaInteresAreaEstudio":["Artes","Educación"],
            "listaInteresIdioma":["ingles","frances"]}

06:10:10 200.118.46.187  respuesta HTTP/1.1 200 OK
Server: Apache-Coyote/1.1
Set-Cookie: JSESSIONID=F8hju688Oa3e-6sUWLnJmbhn.undefined; Path=/Formulario-Interno
Content-Type: text/xml;charset=ISO-8859-1
Content-Length: 297
Date: Thu, 06 Oct 2016 23:00:10 GMT
Connection: close

&lt;soap:Envelope xmlns:soap=&quot;http://schemas.xmlsoap.org/soap/envelope/&quot;&gt;&lt;soap:Body&gt;&lt;ns1:crearFormularioPotencialResponse xmlns:ns1=&quot;http://www.colfuturo.org/potencial/ws/ServicioIntegracionPotencial&quot;&gt;&lt;return&gt;Creo formulario&lt;/return&gt;&lt;/ns1:crearFormularioPotencialResponse&gt;&lt;/soap:Body&gt;&lt;/soap:Envelope&gt;

06:10:26 190.253.201.49 desde:user/register preparando para almacenar usuario : 1110512773

06:10:26 190.253.201.49  conectando a : http://jboss2.colfuturo.org/Formulario-Interno/ServicioIntegracionPotencial?wsdl

06:10:26 190.253.201.49  enviando datos : {"numeroDocumento":"1110512773",
            "nombre":"Stephania",
            "apellido":"Medina Alvarez",
            "email":"Stephania.medina26@gmail.com",
            "fechaNacimiento":"18 ene 1984",
            "ciudadResidencia":"Ibagué - Tolima, Colombia",
            "genero":"F",
            "celular":"",
            "listaInteresAreaEstudio":["Administración y Negocios"],
            "listaInteresIdioma":["ingles"]}

06:10:27 190.253.201.49  respuesta HTTP/1.1 200 OK
Server: Apache-Coyote/1.1
Set-Cookie: JSESSIONID=hKsFuL1UZJgM0OUbfYKLOqzj.undefined; Path=/Formulario-Interno
Content-Type: text/xml;charset=ISO-8859-1
Content-Length: 297
Date: Thu, 06 Oct 2016 23:06:26 GMT
Connection: close

&lt;soap:Envelope xmlns:soap=&quot;http://schemas.xmlsoap.org/soap/envelope/&quot;&gt;&lt;soap:Body&gt;&lt;ns1:crearFormularioPotencialResponse xmlns:ns1=&quot;http://www.colfuturo.org/potencial/ws/ServicioIntegracionPotencial&quot;&gt;&lt;return&gt;Creo formulario&lt;/return&gt;&lt;/ns1:crearFormularioPotencialResponse&gt;&lt;/soap:Body&gt;&lt;/soap:Envelope&gt;

06:10:04 190.69.155.84 desde:user/register preparando para almacenar usuario : 1090475145

06:10:04 190.69.155.84  conectando a : http://jboss2.colfuturo.org/Formulario-Interno/ServicioIntegracionPotencial?wsdl

06:10:04 190.69.155.84  enviando datos : {"numeroDocumento":"1090475145",
            "nombre":"Hugo Miguel",
            "apellido":"Combariza Bastos",
            "email":"hugomiguel445@hotmail.com",
            "fechaNacimiento":"18 ene 1984",
            "ciudadResidencia":"Cúcuta - Norte de Santander, Colombia",
            "genero":"M",
            "celular":"",
            "listaInteresAreaEstudio":["Ingeniería"],
            "listaInteresIdioma":["ingles","frances"]}

06:10:10 190.69.155.84  respuesta HTTP/1.1 200 OK
Server: Apache-Coyote/1.1
Set-Cookie: JSESSIONID=hLxOr0rgd0hOq6VkpB2E-SxG.undefined; Path=/Formulario-Interno
Content-Type: text/xml;charset=ISO-8859-1
Content-Length: 297
Date: Thu, 06 Oct 2016 23:18:10 GMT
Connection: close

&lt;soap:Envelope xmlns:soap=&quot;http://schemas.xmlsoap.org/soap/envelope/&quot;&gt;&lt;soap:Body&gt;&lt;ns1:crearFormularioPotencialResponse xmlns:ns1=&quot;http://www.colfuturo.org/potencial/ws/ServicioIntegracionPotencial&quot;&gt;&lt;return&gt;Creo formulario&lt;/return&gt;&lt;/ns1:crearFormularioPotencialResponse&gt;&lt;/soap:Body&gt;&lt;/soap:Envelope&gt;

09:10:17 186.30.175.154 desde:user/register preparando para almacenar usuario : 1032449288

09:10:17 186.30.175.154  conectando a : http://jboss2.colfuturo.org/Formulario-Interno/ServicioIntegracionPotencial?wsdl

09:10:17 186.30.175.154  enviando datos : {"numeroDocumento":"1032449288",
            "nombre":"MARIA PAULA",
            "apellido":"GOMEZ GOMEZ",
            "email":"pau0217@hotmail.com",
            "fechaNacimiento":"18 ene 1984",
            "ciudadResidencia":"Bogotá, Colombia",
            "genero":"F",
            "celular":"",
            "listaInteresAreaEstudio":[""],
            "listaInteresIdioma":["ingles"]}

09:10:23 186.30.175.154  respuesta HTTP/1.1 200 OK
Server: Apache-Coyote/1.1
Set-Cookie: JSESSIONID=PcOaJacMORjSE-asup1fsJBn.undefined; Path=/Formulario-Interno
Content-Type: text/xml;charset=ISO-8859-1
Content-Length: 297
Date: Fri, 07 Oct 2016 02:49:23 GMT
Connection: close

&lt;soap:Envelope xmlns:soap=&quot;http://schemas.xmlsoap.org/soap/envelope/&quot;&gt;&lt;soap:Body&gt;&lt;ns1:crearFormularioPotencialResponse xmlns:ns1=&quot;http://www.colfuturo.org/potencial/ws/ServicioIntegracionPotencial&quot;&gt;&lt;return&gt;Creo formulario&lt;/return&gt;&lt;/ns1:crearFormularioPotencialResponse&gt;&lt;/soap:Body&gt;&lt;/soap:Envelope&gt;

09:10:42 186.84.113.110 desde:user/register preparando para almacenar usuario : 1087130522

09:10:42 186.84.113.110  conectando a : http://jboss2.colfuturo.org/Formulario-Interno/ServicioIntegracionPotencial?wsdl

09:10:42 186.84.113.110  enviando datos : {"numeroDocumento":"1087130522",
            "nombre":"LEIDY",
            "apellido":"YASCUARAN GARCÍA",
            "email":"LEBYG21@HOTMAIL.COM",
            "fechaNacimiento":"18 ene 1984",
            "ciudadResidencia":"Ibagué - Tolima, Colombia",
            "genero":"F",
            "celular":"",
            "listaInteresAreaEstudio":["Ciencias Sociales"],
            "listaInteresIdioma":["ingles","frances"]}

09:10:43 186.84.113.110  respuesta HTTP/1.1 200 OK
Server: Apache-Coyote/1.1
Set-Cookie: JSESSIONID=aPSOAtngG-hnK50h1UTSbBiD.undefined; Path=/Formulario-Interno
Content-Type: text/xml;charset=ISO-8859-1
Content-Length: 297
Date: Fri, 07 Oct 2016 02:49:42 GMT
Connection: close

&lt;soap:Envelope xmlns:soap=&quot;http://schemas.xmlsoap.org/soap/envelope/&quot;&gt;&lt;soap:Body&gt;&lt;ns1:crearFormularioPotencialResponse xmlns:ns1=&quot;http://www.colfuturo.org/potencial/ws/ServicioIntegracionPotencial&quot;&gt;&lt;return&gt;Creo formulario&lt;/return&gt;&lt;/ns1:crearFormularioPotencialResponse&gt;&lt;/soap:Body&gt;&lt;/soap:Envelope&gt;

10:10:04 190.25.36.94 desde:user/register preparando para almacenar usuario : 52429846

10:10:04 190.25.36.94  conectando a : http://jboss2.colfuturo.org/Formulario-Interno/ServicioIntegracionPotencial?wsdl

10:10:04 190.25.36.94  enviando datos : {"numeroDocumento":"52429846",
            "nombre":"Sandra Milena",
            "apellido":"Rodríguez Jiménez",
            "email":"smrodriguezj@unal.edu.co",
            "fechaNacimiento":"18 ene 1984",
            "ciudadResidencia":"Bogotá, Colombia",
            "genero":"F",
            "celular":"",
            "listaInteresAreaEstudio":["Ciencias de la Salud"],
            "listaInteresIdioma":[""]}

10:10:10 190.25.36.94  respuesta HTTP/1.1 200 OK
Server: Apache-Coyote/1.1
Set-Cookie: JSESSIONID=Qlenm6V1gXmaiWsr3YgTpCds.undefined; Path=/Formulario-Interno
Content-Type: text/xml;charset=ISO-8859-1
Content-Length: 297
Date: Fri, 07 Oct 2016 03:12:10 GMT
Connection: close

&lt;soap:Envelope xmlns:soap=&quot;http://schemas.xmlsoap.org/soap/envelope/&quot;&gt;&lt;soap:Body&gt;&lt;ns1:crearFormularioPotencialResponse xmlns:ns1=&quot;http://www.colfuturo.org/potencial/ws/ServicioIntegracionPotencial&quot;&gt;&lt;return&gt;Creo formulario&lt;/return&gt;&lt;/ns1:crearFormularioPotencialResponse&gt;&lt;/soap:Body&gt;&lt;/soap:Envelope&gt;

11:10:29 181.249.114.226 desde:user/register preparando para almacenar usuario : 1032409257

11:10:29 181.249.114.226  conectando a : http://jboss2.colfuturo.org/Formulario-Interno/ServicioIntegracionPotencial?wsdl

11:10:29 181.249.114.226  enviando datos : {"numeroDocumento":"1032409257",
            "nombre":"María Alejandra",
            "apellido":"Peláez Hidalgo",
            "email":"aleja2487@hotmail.com",
            "fechaNacimiento":"18 ene 1984",
            "ciudadResidencia":"Bogotá, Colombia",
            "genero":"F",
            "celular":"",
            "listaInteresAreaEstudio":["Administración y Negocios","Ciencias Políticas y Relaciones Internacionales","Ciencias Sociales","Economía"],
            "listaInteresIdioma":[""]}

11:10:35 181.249.114.226  respuesta HTTP/1.1 200 OK
Server: Apache-Coyote/1.1
Set-Cookie: JSESSIONID=ax-YpD9UsRILsv5rds2FDlx-.undefined; Path=/Formulario-Interno
Content-Type: text/xml;charset=ISO-8859-1
Content-Length: 297
Date: Fri, 07 Oct 2016 04:05:35 GMT
Connection: close

&lt;soap:Envelope xmlns:soap=&quot;http://schemas.xmlsoap.org/soap/envelope/&quot;&gt;&lt;soap:Body&gt;&lt;ns1:crearFormularioPotencialResponse xmlns:ns1=&quot;http://www.colfuturo.org/potencial/ws/ServicioIntegracionPotencial&quot;&gt;&lt;return&gt;Creo formulario&lt;/return&gt;&lt;/ns1:crearFormularioPotencialResponse&gt;&lt;/soap:Body&gt;&lt;/soap:Envelope&gt;

11:10:39 186.155.17.200 desde:user/register preparando para almacenar usuario : 3046003962

11:10:39 186.155.17.200  conectando a : http://jboss2.colfuturo.org/Formulario-Interno/ServicioIntegracionPotencial?wsdl

11:10:39 186.155.17.200  enviando datos : {"numeroDocumento":"3046003962",
            "nombre":"Rosario del Pilar",
            "apellido":"Romero",
            "email":"chayopila@gmail.com",
            "fechaNacimiento":"18 ene 1984",
            "ciudadResidencia":"Bogotá, Colombia",
            "genero":"F",
            "celular":"",
            "listaInteresAreaEstudio":["Arquitectura y Diseño","Artes"],
            "listaInteresIdioma":["ingles","frances"]}

11:10:40 186.155.17.200  respuesta HTTP/1.1 200 OK
Server: Apache-Coyote/1.1
Set-Cookie: JSESSIONID=oSjHC1CoYvetf7jFRga1X01o.undefined; Path=/Formulario-Interno
Content-Type: text/xml;charset=ISO-8859-1
Content-Length: 297
Date: Fri, 07 Oct 2016 04:20:39 GMT
Connection: close

&lt;soap:Envelope xmlns:soap=&quot;http://schemas.xmlsoap.org/soap/envelope/&quot;&gt;&lt;soap:Body&gt;&lt;ns1:crearFormularioPotencialResponse xmlns:ns1=&quot;http://www.colfuturo.org/potencial/ws/ServicioIntegracionPotencial&quot;&gt;&lt;return&gt;Creo formulario&lt;/return&gt;&lt;/ns1:crearFormularioPotencialResponse&gt;&lt;/soap:Body&gt;&lt;/soap:Envelope&gt;

11:10:30 181.138.90.114 desde:user/register preparando para almacenar usuario : 1152694855

11:10:30 181.138.90.114  conectando a : http://jboss2.colfuturo.org/Formulario-Interno/ServicioIntegracionPotencial?wsdl

11:10:30 181.138.90.114  enviando datos : {"numeroDocumento":"1152694855",
            "nombre":"Sebastián",
            "apellido":"Jiménez Ramírez",
            "email":"sebastian.jimenez2@udea.edu.co",
            "fechaNacimiento":"18 ene 1984",
            "ciudadResidencia":"El Carmen de Viboral - Antioquia, Colombia",
            "genero":"M",
            "celular":"",
            "listaInteresAreaEstudio":["Ciencias Sociales","Educación"],
            "listaInteresIdioma":["ingles"]}

11:10:31 181.138.90.114  respuesta HTTP/1.1 200 OK
Server: Apache-Coyote/1.1
Set-Cookie: JSESSIONID=G7z4tNpEJBSVepGy+tLp7XFH.undefined; Path=/Formulario-Interno
Content-Type: text/xml;charset=ISO-8859-1
Content-Length: 297
Date: Fri, 07 Oct 2016 04:29:30 GMT
Connection: close

&lt;soap:Envelope xmlns:soap=&quot;http://schemas.xmlsoap.org/soap/envelope/&quot;&gt;&lt;soap:Body&gt;&lt;ns1:crearFormularioPotencialResponse xmlns:ns1=&quot;http://www.colfuturo.org/potencial/ws/ServicioIntegracionPotencial&quot;&gt;&lt;return&gt;Creo formulario&lt;/return&gt;&lt;/ns1:crearFormularioPotencialResponse&gt;&lt;/soap:Body&gt;&lt;/soap:Envelope&gt;

