12:05:42 181.57.241.237 desde:user/register preparando para almacenar usuario : 1020754734

12:05:42 181.57.241.237  conectando a : https://jboss2.colfuturo.org/Formulario-Interno/ServicioIntegracionPotencial?wsdl

12:05:42 181.57.241.237  enviando datos : {"numeroDocumento":"1020754734",
            "nombre":"Sergio",
            "apellido":"Concha Ortiz",
            "email":"zeromicroncha@gmail.com",
            "fechaNacimiento":"18 ene 1984",
            "ciudadResidencia":"Bogotá, Colombia",
            "genero":"M",
            "celular":"",
            "listaInteresAreaEstudio":["Artes","Educación"],
            "listaInteresIdioma":[""]}

12:05:43 181.57.241.237  respuesta HTTP/1.1 200 OK
Server: Apache-Coyote/1.1
Set-Cookie: JSESSIONID=OVOw4C3so0U98tGTXxhd0oXD.undefined; Path=/Formulario-Interno
Content-Type: text/xml;charset=ISO-8859-1
Content-Length: 297
Date: Tue, 08 May 2018 05:21:25 GMT
Connection: close

&lt;soap:Envelope xmlns:soap=&quot;http://schemas.xmlsoap.org/soap/envelope/&quot;&gt;&lt;soap:Body&gt;&lt;ns1:crearFormularioPotencialResponse xmlns:ns1=&quot;http://www.colfuturo.org/potencial/ws/ServicioIntegracionPotencial&quot;&gt;&lt;return&gt;Creo formulario&lt;/return&gt;&lt;/ns1:crearFormularioPotencialResponse&gt;&lt;/soap:Body&gt;&lt;/soap:Envelope&gt;

12:05:45 181.57.241.237 desde:user/206513 preparando para almacenar usuario : 1020754734

12:05:45 181.57.241.237  conectando a : https://jboss2.colfuturo.org/Formulario-Interno/ServicioIntegracionPotencial?wsdl

12:05:45 181.57.241.237  enviando datos : {"numeroDocumento":"1020754734",
            "nombre":"Sergio",
            "apellido":"Concha Ortiz",
            "email":"zeromicroncha@gmail.com",
            "fechaNacimiento":"18 ene 1984",
            "ciudadResidencia":"Bogotá, Colombia",
            "genero":"M",
            "celular":"",
            "listaInteresAreaEstudio":["Artes","Educación"],
            "listaInteresIdioma":[""]}

12:05:45 181.57.241.237  respuesta HTTP/1.1 200 OK
Server: Apache-Coyote/1.1
Set-Cookie: JSESSIONID=Yc3SA44nSQI7qYXoVB1Z3va7.undefined; Path=/Formulario-Interno
Content-Type: text/xml;charset=ISO-8859-1
Content-Length: 301
Date: Tue, 08 May 2018 05:49:26 GMT
Connection: close

&lt;soap:Envelope xmlns:soap=&quot;http://schemas.xmlsoap.org/soap/envelope/&quot;&gt;&lt;soap:Body&gt;&lt;ns1:crearFormularioPotencialResponse xmlns:ns1=&quot;http://www.colfuturo.org/potencial/ws/ServicioIntegracionPotencial&quot;&gt;&lt;return&gt;Encontro formulario&lt;/return&gt;&lt;/ns1:crearFormularioPotencialResponse&gt;&lt;/soap:Body&gt;&lt;/soap:Envelope&gt;

07:05:48 200.122.210.2 desde:user/register preparando para almacenar usuario : 1017244029

07:05:48 200.122.210.2  conectando a : https://jboss2.colfuturo.org/Formulario-Interno/ServicioIntegracionPotencial?wsdl

07:05:48 200.122.210.2  enviando datos : {"numeroDocumento":"1017244029",
            "nombre":"Naila Louie",
            "apellido":"Briceño Alvarado",
            "email":"Naila.louie@gmail.com",
            "fechaNacimiento":"18 ene 1984",
            "ciudadResidencia":"Medellín, Antioquia, Colombia",
            "genero":"F",
            "celular":"",
            "listaInteresAreaEstudio":["Educación"],
            "listaInteresIdioma":[""]}

07:05:51 200.122.210.2  respuesta HTTP/1.1 200 OK
Server: Apache-Coyote/1.1
Set-Cookie: JSESSIONID=cQEYGGpaDibzOWrVqX0i78AI.undefined; Path=/Formulario-Interno
Content-Type: text/xml;charset=ISO-8859-1
Content-Length: 297
Date: Tue, 08 May 2018 12:34:32 GMT
Connection: close

&lt;soap:Envelope xmlns:soap=&quot;http://schemas.xmlsoap.org/soap/envelope/&quot;&gt;&lt;soap:Body&gt;&lt;ns1:crearFormularioPotencialResponse xmlns:ns1=&quot;http://www.colfuturo.org/potencial/ws/ServicioIntegracionPotencial&quot;&gt;&lt;return&gt;Creo formulario&lt;/return&gt;&lt;/ns1:crearFormularioPotencialResponse&gt;&lt;/soap:Body&gt;&lt;/soap:Envelope&gt;

09:05:37 181.57.250.115 desde:user/register preparando para almacenar usuario : 1075681568

09:05:37 181.57.250.115  conectando a : https://jboss2.colfuturo.org/Formulario-Interno/ServicioIntegracionPotencial?wsdl

09:05:37 181.57.250.115  enviando datos : {"numeroDocumento":"1075681568",
            "nombre":"Luisa Fernanda",
            "apellido":"González Sánchez",
            "email":"lufer1381@hotmail.com",
            "fechaNacimiento":"18 ene 1984",
            "ciudadResidencia":"Zipaquirá, Cundinamarca, Colombia",
            "genero":"F",
            "celular":"",
            "listaInteresAreaEstudio":["Administración y Negocios"],
            "listaInteresIdioma":[""]}

09:05:39 181.57.250.115  respuesta HTTP/1.1 200 OK
Server: Apache-Coyote/1.1
Set-Cookie: JSESSIONID=0+ynhxSAo1Q79Kvpj8tDSxZP.undefined; Path=/Formulario-Interno
Content-Type: text/xml;charset=ISO-8859-1
Content-Length: 297
Date: Tue, 08 May 2018 14:06:21 GMT
Connection: close

&lt;soap:Envelope xmlns:soap=&quot;http://schemas.xmlsoap.org/soap/envelope/&quot;&gt;&lt;soap:Body&gt;&lt;ns1:crearFormularioPotencialResponse xmlns:ns1=&quot;http://www.colfuturo.org/potencial/ws/ServicioIntegracionPotencial&quot;&gt;&lt;return&gt;Creo formulario&lt;/return&gt;&lt;/ns1:crearFormularioPotencialResponse&gt;&lt;/soap:Body&gt;&lt;/soap:Envelope&gt;

10:05:15 186.84.181.97 desde:user/register preparando para almacenar usuario : 1081401336

10:05:15 186.84.181.97  conectando a : https://jboss2.colfuturo.org/Formulario-Interno/ServicioIntegracionPotencial?wsdl

10:05:15 186.84.181.97  enviando datos : {"numeroDocumento":"1081401336",
            "nombre":"David",
            "apellido":"Lemus",
            "email":"leandro.lemus@uniautonoma.edu.co",
            "fechaNacimiento":"18 ene 1984",
            "ciudadResidencia":"Bogotá, Colombia",
            "genero":"M",
            "celular":"",
            "listaInteresAreaEstudio":["Ingeniería"],
            "listaInteresIdioma":[""]}

10:05:17 186.84.181.97  respuesta HTTP/1.1 200 OK
Server: Apache-Coyote/1.1
Set-Cookie: JSESSIONID=3492Zs9GzepFfMnZm09Hu6GQ.undefined; Path=/Formulario-Interno
Content-Type: text/xml;charset=ISO-8859-1
Content-Length: 297
Date: Tue, 08 May 2018 15:21:59 GMT
Connection: close

&lt;soap:Envelope xmlns:soap=&quot;http://schemas.xmlsoap.org/soap/envelope/&quot;&gt;&lt;soap:Body&gt;&lt;ns1:crearFormularioPotencialResponse xmlns:ns1=&quot;http://www.colfuturo.org/potencial/ws/ServicioIntegracionPotencial&quot;&gt;&lt;return&gt;Creo formulario&lt;/return&gt;&lt;/ns1:crearFormularioPotencialResponse&gt;&lt;/soap:Body&gt;&lt;/soap:Envelope&gt;

10:05:14 181.57.223.86 desde:user/register preparando para almacenar usuario : 1037615776

10:05:14 181.57.223.86  conectando a : https://jboss2.colfuturo.org/Formulario-Interno/ServicioIntegracionPotencial?wsdl

10:05:14 181.57.223.86  enviando datos : {"numeroDocumento":"1037615776",
            "nombre":"Laura",
            "apellido":"Montoya Henao",
            "email":"lauramontoyah@gmail.com",
            "fechaNacimiento":"18 ene 1984",
            "ciudadResidencia":"Medellín, Antioquia, Colombia",
            "genero":"F",
            "celular":"",
            "listaInteresAreaEstudio":["Administración y Negocios"],
            "listaInteresIdioma":[""]}

10:05:16 181.57.223.86  respuesta HTTP/1.1 200 OK
Server: Apache-Coyote/1.1
Set-Cookie: JSESSIONID=7etHR7QFIoVKvTKLuIgbW3zw.undefined; Path=/Formulario-Interno
Content-Type: text/xml;charset=ISO-8859-1
Content-Length: 297
Date: Tue, 08 May 2018 15:50:57 GMT
Connection: close

&lt;soap:Envelope xmlns:soap=&quot;http://schemas.xmlsoap.org/soap/envelope/&quot;&gt;&lt;soap:Body&gt;&lt;ns1:crearFormularioPotencialResponse xmlns:ns1=&quot;http://www.colfuturo.org/potencial/ws/ServicioIntegracionPotencial&quot;&gt;&lt;return&gt;Creo formulario&lt;/return&gt;&lt;/ns1:crearFormularioPotencialResponse&gt;&lt;/soap:Body&gt;&lt;/soap:Envelope&gt;

11:05:16 186.28.78.220 desde:user/register preparando para almacenar usuario : 1026563421

11:05:16 186.28.78.220  conectando a : https://jboss2.colfuturo.org/Formulario-Interno/ServicioIntegracionPotencial?wsdl

11:05:16 186.28.78.220  enviando datos : {"numeroDocumento":"1026563421",
            "nombre":"Angela Cristina",
            "apellido":"Hernandez Guevara",
            "email":"amelielimon@gmail.com",
            "fechaNacimiento":"18 ene 1984",
            "ciudadResidencia":"Bogotá, Colombia",
            "genero":"F",
            "celular":"",
            "listaInteresAreaEstudio":["Arquitectura y Diseño","Artes"],
            "listaInteresIdioma":["ingles","frances"]}

11:05:18 186.28.78.220  respuesta HTTP/1.1 200 OK
Server: Apache-Coyote/1.1
Set-Cookie: JSESSIONID=48+l8ozu6Ji4aW8eDYbA7o-0.undefined; Path=/Formulario-Interno
Content-Type: text/xml;charset=ISO-8859-1
Content-Length: 297
Date: Tue, 08 May 2018 16:41:59 GMT
Connection: close

&lt;soap:Envelope xmlns:soap=&quot;http://schemas.xmlsoap.org/soap/envelope/&quot;&gt;&lt;soap:Body&gt;&lt;ns1:crearFormularioPotencialResponse xmlns:ns1=&quot;http://www.colfuturo.org/potencial/ws/ServicioIntegracionPotencial&quot;&gt;&lt;return&gt;Creo formulario&lt;/return&gt;&lt;/ns1:crearFormularioPotencialResponse&gt;&lt;/soap:Body&gt;&lt;/soap:Envelope&gt;

01:05:12 181.141.18.184 desde:user/register preparando para almacenar usuario : 1015402737

01:05:12 181.141.18.184  conectando a : https://jboss2.colfuturo.org/Formulario-Interno/ServicioIntegracionPotencial?wsdl

01:05:12 181.141.18.184  enviando datos : {"numeroDocumento":"1015402737",
            "nombre":"Andrés ",
            "apellido":"Wilches Velásquez",
            "email":"a.wilches@ensenaporcolombia.org",
            "fechaNacimiento":"18 ene 1984",
            "ciudadResidencia":"Bogotá, Colombia",
            "genero":"M",
            "celular":"",
            "listaInteresAreaEstudio":["Arquitectura y Diseño","Artes","Educación"],
            "listaInteresIdioma":[""]}

01:05:13 181.141.18.184  respuesta HTTP/1.1 200 OK
Server: Apache-Coyote/1.1
Set-Cookie: JSESSIONID=V0Sqsfa77z0nxs+aEPm5OdSl.undefined; Path=/Formulario-Interno
Content-Type: text/xml;charset=ISO-8859-1
Content-Length: 297
Date: Tue, 08 May 2018 18:49:55 GMT
Connection: close

&lt;soap:Envelope xmlns:soap=&quot;http://schemas.xmlsoap.org/soap/envelope/&quot;&gt;&lt;soap:Body&gt;&lt;ns1:crearFormularioPotencialResponse xmlns:ns1=&quot;http://www.colfuturo.org/potencial/ws/ServicioIntegracionPotencial&quot;&gt;&lt;return&gt;Creo formulario&lt;/return&gt;&lt;/ns1:crearFormularioPotencialResponse&gt;&lt;/soap:Body&gt;&lt;/soap:Envelope&gt;

02:05:34 74.69.24.124 desde:user/register preparando para almacenar usuario : 1075255959

02:05:34 74.69.24.124  conectando a : https://jboss2.colfuturo.org/Formulario-Interno/ServicioIntegracionPotencial?wsdl

02:05:34 74.69.24.124  enviando datos : {"numeroDocumento":"1075255959",
            "nombre":"Lina Marcela",
            "apellido":"Araujo Lasso",
            "email":"linisaraujo@hotmail.com",
            "fechaNacimiento":"18 ene 1984",
            "ciudadResidencia":"Clifton Park, Nueva York, EE. UU.",
            "genero":"F",
            "celular":"",
            "listaInteresAreaEstudio":["Administración y Negocios"],
            "listaInteresIdioma":[""]}

02:05:36 74.69.24.124  respuesta HTTP/1.1 200 OK
Server: Apache-Coyote/1.1
Set-Cookie: JSESSIONID=DIZj4DyRMQtzkz+Tlvo3HbN4.undefined; Path=/Formulario-Interno
Content-Type: text/xml;charset=ISO-8859-1
Content-Length: 297
Date: Tue, 08 May 2018 19:06:18 GMT
Connection: close

&lt;soap:Envelope xmlns:soap=&quot;http://schemas.xmlsoap.org/soap/envelope/&quot;&gt;&lt;soap:Body&gt;&lt;ns1:crearFormularioPotencialResponse xmlns:ns1=&quot;http://www.colfuturo.org/potencial/ws/ServicioIntegracionPotencial&quot;&gt;&lt;return&gt;Creo formulario&lt;/return&gt;&lt;/ns1:crearFormularioPotencialResponse&gt;&lt;/soap:Body&gt;&lt;/soap:Envelope&gt;

02:05:49 181.48.40.131 desde:user/register preparando para almacenar usuario : 1075875042

02:05:49 181.48.40.131  conectando a : https://jboss2.colfuturo.org/Formulario-Interno/ServicioIntegracionPotencial?wsdl

02:05:49 181.48.40.131  enviando datos : {"numeroDocumento":"1075875042",
            "nombre":"Lisa Fernanda",
            "apellido":"Mejia Aldana",
            "email":"fernandamejia72@gmail.com",
            "fechaNacimiento":"18 ene 1984",
            "ciudadResidencia":"Sopo, Sopó, Cundinamarca, Colombia",
            "genero":"F",
            "celular":"",
            "listaInteresAreaEstudio":[""],
            "listaInteresIdioma":["ingles"]}

02:05:50 181.48.40.131  respuesta HTTP/1.1 200 OK
Server: Apache-Coyote/1.1
Set-Cookie: JSESSIONID=BIjSqPX9IsJ6MOq9B6w3UG4n.undefined; Path=/Formulario-Interno
Content-Type: text/xml;charset=ISO-8859-1
Content-Length: 297
Date: Tue, 08 May 2018 19:14:32 GMT
Connection: close

&lt;soap:Envelope xmlns:soap=&quot;http://schemas.xmlsoap.org/soap/envelope/&quot;&gt;&lt;soap:Body&gt;&lt;ns1:crearFormularioPotencialResponse xmlns:ns1=&quot;http://www.colfuturo.org/potencial/ws/ServicioIntegracionPotencial&quot;&gt;&lt;return&gt;Creo formulario&lt;/return&gt;&lt;/ns1:crearFormularioPotencialResponse&gt;&lt;/soap:Body&gt;&lt;/soap:Envelope&gt;

03:05:35 190.242.116.58 desde:node/44 preparando para almacenar usuario : 999111

03:05:35 190.242.116.58  conectando a : https://jboss2.colfuturo.org/Formulario-Interno/ServicioIntegracionPotencial?wsdl

03:05:35 190.242.116.58  enviando datos : {"numeroDocumento":"999111",
            "nombre":"Prueba",
            "apellido":"Fulbright",
            "email":"geraldine.montooya@colfuturo.org",
            "fechaNacimiento":"18 ene 1984",
            "ciudadResidencia":"Bogotá, Colombia",
            "genero":"F",
            "celular":"",
            "listaInteresAreaEstudio":[""],
            "listaInteresIdioma":[""]}

03:05:37 190.242.116.58  client->fault: 

03:05:37 190.242.116.58  respuesta HTTP/1.1 500 Internal Server Error
Server: Apache-Coyote/1.1
Set-Cookie: JSESSIONID=Mxne3HrTT9SBB5TiuDaHAOqA.undefined; Path=/Formulario-Interno
Content-Type: text/xml;charset=ISO-8859-1
Content-Length: 225
Date: Tue, 08 May 2018 20:42:19 GMT
Connection: close

&lt;soap:Envelope xmlns:soap=&quot;http://schemas.xmlsoap.org/soap/envelope/&quot;&gt;&lt;soap:Body&gt;&lt;soap:Fault&gt;&lt;faultcode&gt;soap:Server&lt;/faultcode&gt;&lt;faultstring&gt;java.lang.NullPointerException&lt;/faultstring&gt;&lt;/soap:Fault&gt;&lt;/soap:Body&gt;&lt;/soap:Envelope&gt;

04:05:14 190.24.57.0 desde:user/register preparando para almacenar usuario : 1012385334

04:05:14 190.24.57.0  conectando a : https://jboss2.colfuturo.org/Formulario-Interno/ServicioIntegracionPotencial?wsdl

04:05:14 190.24.57.0  enviando datos : {"numeroDocumento":"1012385334",
            "nombre":"Luisa Fernanda ",
            "apellido":"Silva Gutierrez",
            "email":"Luisafer.silva@hotmail.com",
            "fechaNacimiento":"18 ene 1984",
            "ciudadResidencia":"Bogotá, Colombia",
            "genero":"F",
            "celular":"",
            "listaInteresAreaEstudio":["Administración y Negocios"],
            "listaInteresIdioma":["ingles"]}

04:05:16 190.24.57.0  respuesta HTTP/1.1 200 OK
Server: Apache-Coyote/1.1
Set-Cookie: JSESSIONID=TAi0Ariu5bp3zYnBep98p0Jv.undefined; Path=/Formulario-Interno
Content-Type: text/xml;charset=ISO-8859-1
Content-Length: 297
Date: Tue, 08 May 2018 21:31:58 GMT
Connection: close

&lt;soap:Envelope xmlns:soap=&quot;http://schemas.xmlsoap.org/soap/envelope/&quot;&gt;&lt;soap:Body&gt;&lt;ns1:crearFormularioPotencialResponse xmlns:ns1=&quot;http://www.colfuturo.org/potencial/ws/ServicioIntegracionPotencial&quot;&gt;&lt;return&gt;Creo formulario&lt;/return&gt;&lt;/ns1:crearFormularioPotencialResponse&gt;&lt;/soap:Body&gt;&lt;/soap:Envelope&gt;

04:05:47 200.3.154.148 desde:node/44 preparando para almacenar usuario : 80012739

04:05:47 200.3.154.148  conectando a : https://jboss2.colfuturo.org/Formulario-Interno/ServicioIntegracionPotencial?wsdl

04:05:47 200.3.154.148  enviando datos : {"numeroDocumento":"80012739",
            "nombre":"Carlos Alberto",
            "apellido":"Bejarano Casas",
            "email":"carlosabejarano@gmail.com",
            "fechaNacimiento":"18 ene 1984",
            "ciudadResidencia":"Bogotá, Colombia",
            "genero":"M",
            "celular":"",
            "listaInteresAreaEstudio":[""],
            "listaInteresIdioma":[""]}

04:05:48 200.3.154.148  client->fault: 

04:05:48 200.3.154.148  respuesta HTTP/1.1 500 Internal Server Error
Server: Apache-Coyote/1.1
Set-Cookie: JSESSIONID=lB8vRerkX8ggoFtEK1YoZxKh.undefined; Path=/Formulario-Interno
Content-Type: text/xml;charset=ISO-8859-1
Content-Length: 225
Date: Tue, 08 May 2018 21:33:30 GMT
Connection: close

&lt;soap:Envelope xmlns:soap=&quot;http://schemas.xmlsoap.org/soap/envelope/&quot;&gt;&lt;soap:Body&gt;&lt;soap:Fault&gt;&lt;faultcode&gt;soap:Server&lt;/faultcode&gt;&lt;faultstring&gt;java.lang.NullPointerException&lt;/faultstring&gt;&lt;/soap:Fault&gt;&lt;/soap:Body&gt;&lt;/soap:Envelope&gt;

04:05:47 191.102.85.227 desde:node/44 preparando para almacenar usuario : 16187304

04:05:47 191.102.85.227  conectando a : https://jboss2.colfuturo.org/Formulario-Interno/ServicioIntegracionPotencial?wsdl

04:05:47 191.102.85.227  enviando datos : {"numeroDocumento":"16187304",
            "nombre":"Juan Javier",
            "apellido":"García Bustos",
            "email":"juanjavierg@gmail.com",
            "fechaNacimiento":"18 ene 1984",
            "ciudadResidencia":"Florencia, Caquetá, Colombia",
            "genero":"M",
            "celular":"",
            "listaInteresAreaEstudio":[""],
            "listaInteresIdioma":[""]}

04:05:49 191.102.85.227  client->fault: 

04:05:49 191.102.85.227  respuesta HTTP/1.1 500 Internal Server Error
Server: Apache-Coyote/1.1
Set-Cookie: JSESSIONID=2CbIQQSjtM0WDyPISm8N8oy-.undefined; Path=/Formulario-Interno
Content-Type: text/xml;charset=ISO-8859-1
Content-Length: 225
Date: Tue, 08 May 2018 21:36:31 GMT
Connection: close

&lt;soap:Envelope xmlns:soap=&quot;http://schemas.xmlsoap.org/soap/envelope/&quot;&gt;&lt;soap:Body&gt;&lt;soap:Fault&gt;&lt;faultcode&gt;soap:Server&lt;/faultcode&gt;&lt;faultstring&gt;java.lang.NullPointerException&lt;/faultstring&gt;&lt;/soap:Fault&gt;&lt;/soap:Body&gt;&lt;/soap:Envelope&gt;

04:05:55 181.57.193.66 desde:user/register preparando para almacenar usuario : 1030670346

04:05:55 181.57.193.66  conectando a : https://jboss2.colfuturo.org/Formulario-Interno/ServicioIntegracionPotencial?wsdl

04:05:55 181.57.193.66  enviando datos : {"numeroDocumento":"1030670346",
            "nombre":"Andrea",
            "apellido":"Gomez",
            "email":"andreagm921@gmail.com",
            "fechaNacimiento":"18 ene 1984",
            "ciudadResidencia":"Bogotá, Colombia",
            "genero":"F",
            "celular":"",
            "listaInteresAreaEstudio":[""],
            "listaInteresIdioma":["ingles"]}

04:05:56 181.57.193.66  respuesta HTTP/1.1 200 OK
Server: Apache-Coyote/1.1
Set-Cookie: JSESSIONID=JheQlYFR3OY8R64yfH1-j3j3.undefined; Path=/Formulario-Interno
Content-Type: text/xml;charset=ISO-8859-1
Content-Length: 297
Date: Tue, 08 May 2018 21:39:38 GMT
Connection: close

&lt;soap:Envelope xmlns:soap=&quot;http://schemas.xmlsoap.org/soap/envelope/&quot;&gt;&lt;soap:Body&gt;&lt;ns1:crearFormularioPotencialResponse xmlns:ns1=&quot;http://www.colfuturo.org/potencial/ws/ServicioIntegracionPotencial&quot;&gt;&lt;return&gt;Creo formulario&lt;/return&gt;&lt;/ns1:crearFormularioPotencialResponse&gt;&lt;/soap:Body&gt;&lt;/soap:Envelope&gt;

04:05:16 186.80.19.20 desde:user/register preparando para almacenar usuario : 71225639

04:05:16 186.80.19.20  conectando a : https://jboss2.colfuturo.org/Formulario-Interno/ServicioIntegracionPotencial?wsdl

04:05:16 186.80.19.20  enviando datos : {"numeroDocumento":"71225639",
            "nombre":"Nelson",
            "apellido":"Ramírez",
            "email":"nelsonaal@gmail.com",
            "fechaNacimiento":"18 ene 1984",
            "ciudadResidencia":"Medellín, Antioquia, Colombia",
            "genero":"M",
            "celular":"",
            "listaInteresAreaEstudio":["Derecho"],
            "listaInteresIdioma":[""]}

04:05:17 186.80.19.20  respuesta HTTP/1.1 200 OK
Server: Apache-Coyote/1.1
Set-Cookie: JSESSIONID=AQD2PDkD8avtTLaGDlL+ML75.undefined; Path=/Formulario-Interno
Content-Type: text/xml;charset=ISO-8859-1
Content-Length: 297
Date: Tue, 08 May 2018 21:42:59 GMT
Connection: close

&lt;soap:Envelope xmlns:soap=&quot;http://schemas.xmlsoap.org/soap/envelope/&quot;&gt;&lt;soap:Body&gt;&lt;ns1:crearFormularioPotencialResponse xmlns:ns1=&quot;http://www.colfuturo.org/potencial/ws/ServicioIntegracionPotencial&quot;&gt;&lt;return&gt;Creo formulario&lt;/return&gt;&lt;/ns1:crearFormularioPotencialResponse&gt;&lt;/soap:Body&gt;&lt;/soap:Envelope&gt;

05:05:10 191.103.192.249 desde:user/register preparando para almacenar usuario : 1050725632

05:05:10 191.103.192.249  conectando a : https://jboss2.colfuturo.org/Formulario-Interno/ServicioIntegracionPotencial?wsdl

05:05:10 191.103.192.249  enviando datos : {"numeroDocumento":"1050725632",
            "nombre":"cindy paola",
            "apellido":"calderón manjarrez",
            "email":"cdycalderon88@hotmail.com",
            "fechaNacimiento":"18 ene 1984",
            "ciudadResidencia":"Sincelejo, Sucre, Colombia",
            "genero":"F",
            "celular":"",
            "listaInteresAreaEstudio":["Administración y Negocios","Ciencias Agropecuarias y del Medio Ambiente","Ciencias Políticas y Relaciones Internacionales","Economía","Ingeniería"],
            "listaInteresIdioma":["ingles"]}

05:05:12 191.103.192.249  respuesta HTTP/1.1 200 OK
Server: Apache-Coyote/1.1
Set-Cookie: JSESSIONID=guaEEjBku26Rj31FnANkqHrx.undefined; Path=/Formulario-Interno
Content-Type: text/xml;charset=ISO-8859-1
Content-Length: 297
Date: Tue, 08 May 2018 22:42:54 GMT
Connection: close

&lt;soap:Envelope xmlns:soap=&quot;http://schemas.xmlsoap.org/soap/envelope/&quot;&gt;&lt;soap:Body&gt;&lt;ns1:crearFormularioPotencialResponse xmlns:ns1=&quot;http://www.colfuturo.org/potencial/ws/ServicioIntegracionPotencial&quot;&gt;&lt;return&gt;Creo formulario&lt;/return&gt;&lt;/ns1:crearFormularioPotencialResponse&gt;&lt;/soap:Body&gt;&lt;/soap:Envelope&gt;

06:05:56 181.63.18.35 desde:user/register preparando para almacenar usuario : 1018513737

06:05:56 181.63.18.35  conectando a : https://jboss2.colfuturo.org/Formulario-Interno/ServicioIntegracionPotencial?wsdl

06:05:56 181.63.18.35  enviando datos : {"numeroDocumento":"1018513737",
            "nombre":"angel",
            "apellido":"parra",
            "email":"angelf_99@hotmail.com",
            "fechaNacimiento":"18 ene 1984",
            "ciudadResidencia":"Bogotá, Colombia",
            "genero":"M",
            "celular":"",
            "listaInteresAreaEstudio":[""],
            "listaInteresIdioma":["ingles"]}

06:05:57 181.63.18.35  respuesta HTTP/1.1 200 OK
Server: Apache-Coyote/1.1
Set-Cookie: JSESSIONID=N+MUaCFKKoCH3UFltTahX8pX.undefined; Path=/Formulario-Interno
Content-Type: text/xml;charset=ISO-8859-1
Content-Length: 297
Date: Tue, 08 May 2018 23:04:39 GMT
Connection: close

&lt;soap:Envelope xmlns:soap=&quot;http://schemas.xmlsoap.org/soap/envelope/&quot;&gt;&lt;soap:Body&gt;&lt;ns1:crearFormularioPotencialResponse xmlns:ns1=&quot;http://www.colfuturo.org/potencial/ws/ServicioIntegracionPotencial&quot;&gt;&lt;return&gt;Creo formulario&lt;/return&gt;&lt;/ns1:crearFormularioPotencialResponse&gt;&lt;/soap:Body&gt;&lt;/soap:Envelope&gt;

06:05:55 186.86.26.135 desde:node/44 preparando para almacenar usuario : 71557384

06:05:55 186.86.26.135  conectando a : https://jboss2.colfuturo.org/Formulario-Interno/ServicioIntegracionPotencial?wsdl

06:05:55 186.86.26.135  enviando datos : {"numeroDocumento":"71557384",
            "nombre":"Jorge Andrés",
            "apellido":"Giraldo Jiménez",
            "email":"jagiral1@unal.edu.co",
            "fechaNacimiento":"18 ene 1984",
            "ciudadResidencia":"Medellín, Antioquia, Colombia",
            "genero":"M",
            "celular":"",
            "listaInteresAreaEstudio":[""],
            "listaInteresIdioma":[""]}

06:05:57 186.86.26.135  client->fault: 

06:05:57 186.86.26.135  respuesta HTTP/1.1 500 Internal Server Error
Server: Apache-Coyote/1.1
Set-Cookie: JSESSIONID=N03ZskzLPmc8UoxTB45pqlwg.undefined; Path=/Formulario-Interno
Content-Type: text/xml;charset=ISO-8859-1
Content-Length: 225
Date: Tue, 08 May 2018 23:45:39 GMT
Connection: close

&lt;soap:Envelope xmlns:soap=&quot;http://schemas.xmlsoap.org/soap/envelope/&quot;&gt;&lt;soap:Body&gt;&lt;soap:Fault&gt;&lt;faultcode&gt;soap:Server&lt;/faultcode&gt;&lt;faultstring&gt;java.lang.NullPointerException&lt;/faultstring&gt;&lt;/soap:Fault&gt;&lt;/soap:Body&gt;&lt;/soap:Envelope&gt;

07:05:53 186.86.26.135 desde:user/206642 preparando para almacenar usuario : 71557384

07:05:53 186.86.26.135  conectando a : https://jboss2.colfuturo.org/Formulario-Interno/ServicioIntegracionPotencial?wsdl

07:05:53 186.86.26.135  enviando datos : {"numeroDocumento":"71557384",
            "nombre":"Jorge Andrés",
            "apellido":"Giraldo Jiménez",
            "email":"jagiral1@unal.edu.co",
            "fechaNacimiento":"18 ene 1984",
            "ciudadResidencia":"Medellín, Antioquia, Colombia",
            "genero":"M",
            "celular":"",
            "listaInteresAreaEstudio":[""],
            "listaInteresIdioma":[""]}

07:05:54 186.86.26.135  respuesta HTTP/1.1 200 OK
Server: Apache-Coyote/1.1
Set-Cookie: JSESSIONID=wu3oBYVEILhKgR6M7YMjS2gH.undefined; Path=/Formulario-Interno
Content-Type: text/xml;charset=ISO-8859-1
Content-Length: 301
Date: Wed, 09 May 2018 00:01:36 GMT
Connection: close

&lt;soap:Envelope xmlns:soap=&quot;http://schemas.xmlsoap.org/soap/envelope/&quot;&gt;&lt;soap:Body&gt;&lt;ns1:crearFormularioPotencialResponse xmlns:ns1=&quot;http://www.colfuturo.org/potencial/ws/ServicioIntegracionPotencial&quot;&gt;&lt;return&gt;Encontro formulario&lt;/return&gt;&lt;/ns1:crearFormularioPotencialResponse&gt;&lt;/soap:Body&gt;&lt;/soap:Envelope&gt;

07:05:01 186.86.26.135 desde:user/206642 preparando para almacenar usuario : 71557384

07:05:01 186.86.26.135  conectando a : https://jboss2.colfuturo.org/Formulario-Interno/ServicioIntegracionPotencial?wsdl

07:05:01 186.86.26.135  enviando datos : {"numeroDocumento":"71557384",
            "nombre":"Jorge Andrés",
            "apellido":"Giraldo Jiménez",
            "email":"jagiral1@unal.edu.co",
            "fechaNacimiento":"18 ene 1984",
            "ciudadResidencia":"Medellín, Antioquia, Colombia",
            "genero":"M",
            "celular":"",
            "listaInteresAreaEstudio":[""],
            "listaInteresIdioma":[""]}

07:05:02 186.86.26.135  respuesta HTTP/1.1 200 OK
Server: Apache-Coyote/1.1
Set-Cookie: JSESSIONID=4dhQC9LKY64OzFs-Ahq3J2TC.undefined; Path=/Formulario-Interno
Content-Type: text/xml;charset=ISO-8859-1
Content-Length: 301
Date: Wed, 09 May 2018 00:01:43 GMT
Connection: close

&lt;soap:Envelope xmlns:soap=&quot;http://schemas.xmlsoap.org/soap/envelope/&quot;&gt;&lt;soap:Body&gt;&lt;ns1:crearFormularioPotencialResponse xmlns:ns1=&quot;http://www.colfuturo.org/potencial/ws/ServicioIntegracionPotencial&quot;&gt;&lt;return&gt;Encontro formulario&lt;/return&gt;&lt;/ns1:crearFormularioPotencialResponse&gt;&lt;/soap:Body&gt;&lt;/soap:Envelope&gt;

08:05:58 200.118.157.196 desde:user/register preparando para almacenar usuario : 1019058007

08:05:58 200.118.157.196  conectando a : https://jboss2.colfuturo.org/Formulario-Interno/ServicioIntegracionPotencial?wsdl

08:05:58 200.118.157.196  enviando datos : {"numeroDocumento":"1019058007",
            "nombre":"JUAN FELIPE",
            "apellido":"JIMENEZ TRUJILLO",
            "email":"jjimen16@kentlaw.iit.edu",
            "fechaNacimiento":"18 ene 1984",
            "ciudadResidencia":"Bogotá, Colombia",
            "genero":"M",
            "celular":"",
            "listaInteresAreaEstudio":["Administración y Negocios","Derecho"],
            "listaInteresIdioma":[""]}

08:05:00 200.118.157.196  respuesta HTTP/1.1 200 OK
Server: Apache-Coyote/1.1
Set-Cookie: JSESSIONID=gKVKSgDqvozjOj+ryOqkhtqK.undefined; Path=/Formulario-Interno
Content-Type: text/xml;charset=ISO-8859-1
Content-Length: 297
Date: Wed, 09 May 2018 01:40:42 GMT
Connection: close

&lt;soap:Envelope xmlns:soap=&quot;http://schemas.xmlsoap.org/soap/envelope/&quot;&gt;&lt;soap:Body&gt;&lt;ns1:crearFormularioPotencialResponse xmlns:ns1=&quot;http://www.colfuturo.org/potencial/ws/ServicioIntegracionPotencial&quot;&gt;&lt;return&gt;Creo formulario&lt;/return&gt;&lt;/ns1:crearFormularioPotencialResponse&gt;&lt;/soap:Body&gt;&lt;/soap:Envelope&gt;

08:05:39 190.9.199.20 desde:user/register preparando para almacenar usuario : 39311496

08:05:39 190.9.199.20  conectando a : https://jboss2.colfuturo.org/Formulario-Interno/ServicioIntegracionPotencial?wsdl

08:05:39 190.9.199.20  enviando datos : {"numeroDocumento":"39311496",
            "nombre":"MARIA DEL CARMEN",
            "apellido":"MUÑOZ JULIO",
            "email":"madelcar77@yahoo.es",
            "fechaNacimiento":"18 ene 1984",
            "ciudadResidencia":"Bogotá, Colombia",
            "genero":"F",
            "celular":"",
            "listaInteresAreaEstudio":["Administración y Negocios","Economía"],
            "listaInteresIdioma":[""]}

08:05:40 190.9.199.20  respuesta HTTP/1.1 200 OK
Server: Apache-Coyote/1.1
Set-Cookie: JSESSIONID=mWBMFec7owk4sWbuM1vqymwe.undefined; Path=/Formulario-Interno
Content-Type: text/xml;charset=ISO-8859-1
Content-Length: 297
Date: Wed, 09 May 2018 01:52:22 GMT
Connection: close

&lt;soap:Envelope xmlns:soap=&quot;http://schemas.xmlsoap.org/soap/envelope/&quot;&gt;&lt;soap:Body&gt;&lt;ns1:crearFormularioPotencialResponse xmlns:ns1=&quot;http://www.colfuturo.org/potencial/ws/ServicioIntegracionPotencial&quot;&gt;&lt;return&gt;Creo formulario&lt;/return&gt;&lt;/ns1:crearFormularioPotencialResponse&gt;&lt;/soap:Body&gt;&lt;/soap:Envelope&gt;

08:05:01 190.9.199.20 desde:user/206669 preparando para almacenar usuario : 39311496

08:05:01 190.9.199.20  conectando a : https://jboss2.colfuturo.org/Formulario-Interno/ServicioIntegracionPotencial?wsdl

08:05:01 190.9.199.20  enviando datos : {"numeroDocumento":"39311496",
            "nombre":"MARIA DEL CARMEN",
            "apellido":"MUÑOZ JULIO",
            "email":"madelcar77@yahoo.es",
            "fechaNacimiento":"18 ene 1984",
            "ciudadResidencia":"Bogotá, Colombia",
            "genero":"F",
            "celular":"",
            "listaInteresAreaEstudio":["Administración y Negocios","Economía"],
            "listaInteresIdioma":[""]}

08:05:02 190.9.199.20  respuesta HTTP/1.1 200 OK
Server: Apache-Coyote/1.1
Set-Cookie: JSESSIONID=XvcMjZBCiH7f+riEgjD+xOt9.undefined; Path=/Formulario-Interno
Content-Type: text/xml;charset=ISO-8859-1
Content-Length: 301
Date: Wed, 09 May 2018 01:54:43 GMT
Connection: close

&lt;soap:Envelope xmlns:soap=&quot;http://schemas.xmlsoap.org/soap/envelope/&quot;&gt;&lt;soap:Body&gt;&lt;ns1:crearFormularioPotencialResponse xmlns:ns1=&quot;http://www.colfuturo.org/potencial/ws/ServicioIntegracionPotencial&quot;&gt;&lt;return&gt;Encontro formulario&lt;/return&gt;&lt;/ns1:crearFormularioPotencialResponse&gt;&lt;/soap:Body&gt;&lt;/soap:Envelope&gt;

08:05:11 190.9.199.20 desde:user/206669 preparando para almacenar usuario : 39311496

08:05:11 190.9.199.20  conectando a : https://jboss2.colfuturo.org/Formulario-Interno/ServicioIntegracionPotencial?wsdl

08:05:11 190.9.199.20  enviando datos : {"numeroDocumento":"39311496",
            "nombre":"MARIA DEL CARMEN",
            "apellido":"MUÑOZ JULIO",
            "email":"madelcar77@yahoo.es",
            "fechaNacimiento":"18 ene 1984",
            "ciudadResidencia":"Bogotá, Colombia",
            "genero":"F",
            "celular":"",
            "listaInteresAreaEstudio":["Administración y Negocios","Economía"],
            "listaInteresIdioma":[""]}

08:05:12 190.9.199.20  respuesta HTTP/1.1 200 OK
Server: Apache-Coyote/1.1
Set-Cookie: JSESSIONID=CIxIh+BBSdK5jxWhYA36H7dr.undefined; Path=/Formulario-Interno
Content-Type: text/xml;charset=ISO-8859-1
Content-Length: 301
Date: Wed, 09 May 2018 01:54:53 GMT
Connection: close

&lt;soap:Envelope xmlns:soap=&quot;http://schemas.xmlsoap.org/soap/envelope/&quot;&gt;&lt;soap:Body&gt;&lt;ns1:crearFormularioPotencialResponse xmlns:ns1=&quot;http://www.colfuturo.org/potencial/ws/ServicioIntegracionPotencial&quot;&gt;&lt;return&gt;Encontro formulario&lt;/return&gt;&lt;/ns1:crearFormularioPotencialResponse&gt;&lt;/soap:Body&gt;&lt;/soap:Envelope&gt;

08:05:29 190.9.199.20 desde:user/206669 preparando para almacenar usuario : 39311496

08:05:29 190.9.199.20  conectando a : https://jboss2.colfuturo.org/Formulario-Interno/ServicioIntegracionPotencial?wsdl

08:05:29 190.9.199.20  enviando datos : {"numeroDocumento":"39311496",
            "nombre":"MARIA DEL CARMEN",
            "apellido":"MUÑOZ JULIO",
            "email":"madelcar77@yahoo.es",
            "fechaNacimiento":"18 ene 1984",
            "ciudadResidencia":"Bogotá, Colombia",
            "genero":"F",
            "celular":"",
            "listaInteresAreaEstudio":["Administración y Negocios","Economía"],
            "listaInteresIdioma":[""]}

08:05:29 190.9.199.20  respuesta HTTP/1.1 200 OK
Server: Apache-Coyote/1.1
Set-Cookie: JSESSIONID=U5gZl+Cm4GDc31+hhrNzpJeI.undefined; Path=/Formulario-Interno
Content-Type: text/xml;charset=ISO-8859-1
Content-Length: 301
Date: Wed, 09 May 2018 01:55:11 GMT
Connection: close

&lt;soap:Envelope xmlns:soap=&quot;http://schemas.xmlsoap.org/soap/envelope/&quot;&gt;&lt;soap:Body&gt;&lt;ns1:crearFormularioPotencialResponse xmlns:ns1=&quot;http://www.colfuturo.org/potencial/ws/ServicioIntegracionPotencial&quot;&gt;&lt;return&gt;Encontro formulario&lt;/return&gt;&lt;/ns1:crearFormularioPotencialResponse&gt;&lt;/soap:Body&gt;&lt;/soap:Envelope&gt;

10:05:29 186.154.34.15 desde:user/register preparando para almacenar usuario : 1012322313

10:05:29 186.154.34.15  conectando a : https://jboss2.colfuturo.org/Formulario-Interno/ServicioIntegracionPotencial?wsdl

10:05:29 186.154.34.15  enviando datos : {"numeroDocumento":"1012322313",
            "nombre":"Yeisson Andrés ",
            "apellido":"Torres vargas",
            "email":"Pat_one@live.com",
            "fechaNacimiento":"18 ene 1984",
            "ciudadResidencia":"Bogotá, Colombia",
            "genero":"M",
            "celular":"",
            "listaInteresAreaEstudio":["Ciencias Políticas y Relaciones Internacionales"],
            "listaInteresIdioma":["ingles"]}

10:05:30 186.154.34.15  respuesta HTTP/1.1 200 OK
Server: Apache-Coyote/1.1
Set-Cookie: JSESSIONID=BlXBtjSg4G2q0a92qdiUxGtx.undefined; Path=/Formulario-Interno
Content-Type: text/xml;charset=ISO-8859-1
Content-Length: 297
Date: Wed, 09 May 2018 03:47:12 GMT
Connection: close

&lt;soap:Envelope xmlns:soap=&quot;http://schemas.xmlsoap.org/soap/envelope/&quot;&gt;&lt;soap:Body&gt;&lt;ns1:crearFormularioPotencialResponse xmlns:ns1=&quot;http://www.colfuturo.org/potencial/ws/ServicioIntegracionPotencial&quot;&gt;&lt;return&gt;Creo formulario&lt;/return&gt;&lt;/ns1:crearFormularioPotencialResponse&gt;&lt;/soap:Body&gt;&lt;/soap:Envelope&gt;

11:05:35 186.154.34.15 desde:user/206680 preparando para almacenar usuario : 1012322313

11:05:35 186.154.34.15  conectando a : https://jboss2.colfuturo.org/Formulario-Interno/ServicioIntegracionPotencial?wsdl

11:05:35 186.154.34.15  enviando datos : {"numeroDocumento":"1012322313",
            "nombre":"Yeisson Andrés ",
            "apellido":"Torres vargas",
            "email":"Pat_one@live.com",
            "fechaNacimiento":"18 ene 1984",
            "ciudadResidencia":"Bogotá, Colombia",
            "genero":"M",
            "celular":"",
            "listaInteresAreaEstudio":["Ciencias Políticas y Relaciones Internacionales"],
            "listaInteresIdioma":["ingles"]}

11:05:35 186.154.34.15  respuesta HTTP/1.1 200 OK
Server: Apache-Coyote/1.1
Set-Cookie: JSESSIONID=fLbAc0VSDtVUUmjKGZe8lFk7.undefined; Path=/Formulario-Interno
Content-Type: text/xml;charset=ISO-8859-1
Content-Length: 301
Date: Wed, 09 May 2018 04:17:17 GMT
Connection: close

&lt;soap:Envelope xmlns:soap=&quot;http://schemas.xmlsoap.org/soap/envelope/&quot;&gt;&lt;soap:Body&gt;&lt;ns1:crearFormularioPotencialResponse xmlns:ns1=&quot;http://www.colfuturo.org/potencial/ws/ServicioIntegracionPotencial&quot;&gt;&lt;return&gt;Encontro formulario&lt;/return&gt;&lt;/ns1:crearFormularioPotencialResponse&gt;&lt;/soap:Body&gt;&lt;/soap:Envelope&gt;

11:05:21 191.102.236.104 desde:user/register preparando para almacenar usuario : 1036649521

11:05:21 191.102.236.104  conectando a : https://jboss2.colfuturo.org/Formulario-Interno/ServicioIntegracionPotencial?wsdl

11:05:21 191.102.236.104  enviando datos : {"numeroDocumento":"1036649521",
            "nombre":"Clara",
            "apellido":"Niño Perea",
            "email":"claramerni@gmail.com",
            "fechaNacimiento":"18 ene 1984",
            "ciudadResidencia":"Medellín, Antioquia, Colombia",
            "genero":"F",
            "celular":"",
            "listaInteresAreaEstudio":["Administración y Negocios","Ciencias de la Salud","Ciencias Sociales","Ingeniería"],
            "listaInteresIdioma":["ingles","frances"]}

11:05:22 191.102.236.104  respuesta HTTP/1.1 200 OK
Server: Apache-Coyote/1.1
Set-Cookie: JSESSIONID=LSYIlUP82l7mHOdDV6dHNvOh.undefined; Path=/Formulario-Interno
Content-Type: text/xml;charset=ISO-8859-1
Content-Length: 297
Date: Wed, 09 May 2018 04:29:04 GMT
Connection: close

&lt;soap:Envelope xmlns:soap=&quot;http://schemas.xmlsoap.org/soap/envelope/&quot;&gt;&lt;soap:Body&gt;&lt;ns1:crearFormularioPotencialResponse xmlns:ns1=&quot;http://www.colfuturo.org/potencial/ws/ServicioIntegracionPotencial&quot;&gt;&lt;return&gt;Creo formulario&lt;/return&gt;&lt;/ns1:crearFormularioPotencialResponse&gt;&lt;/soap:Body&gt;&lt;/soap:Envelope&gt;

