12:10:30 181.55.160.243 desde:user/register preparando para almacenar usuario : 1020750599

12:10:31 181.55.160.243  conectando a : http://jboss2.colfuturo.org/Formulario-Interno/ServicioIntegracionPotencial?wsdl

12:10:31 181.55.160.243  enviando datos : {"numeroDocumento":"1020750599",
            "nombre":"LUISA FERNANDA",
            "apellido":"PRIETO LIZARAZO",
            "email":"lprietolizarazo@gmail.com",
            "fechaNacimiento":"18 ene 1984",
            "ciudadResidencia":"Bogotá, Colombia",
            "genero":"F",
            "celular":"",
            "listaInteresAreaEstudio":["Ciencias de la Salud"],
            "listaInteresIdioma":["ingles","frances"]}

12:10:36 181.55.160.243  respuesta HTTP/1.1 200 OK
Server: Apache-Coyote/1.1
Set-Cookie: JSESSIONID=p77Tjt0PRUZEv28qYiZVLcnt.undefined; Path=/Formulario-Interno
Content-Type: text/xml;charset=ISO-8859-1
Content-Length: 297
Date: Sun, 02 Oct 2016 05:14:36 GMT
Connection: close

&lt;soap:Envelope xmlns:soap=&quot;http://schemas.xmlsoap.org/soap/envelope/&quot;&gt;&lt;soap:Body&gt;&lt;ns1:crearFormularioPotencialResponse xmlns:ns1=&quot;http://www.colfuturo.org/potencial/ws/ServicioIntegracionPotencial&quot;&gt;&lt;return&gt;Creo formulario&lt;/return&gt;&lt;/ns1:crearFormularioPotencialResponse&gt;&lt;/soap:Body&gt;&lt;/soap:Envelope&gt;

12:10:56 190.159.132.254 desde:user/register preparando para almacenar usuario : 1032462503

12:10:56 190.159.132.254  conectando a : http://jboss2.colfuturo.org/Formulario-Interno/ServicioIntegracionPotencial?wsdl

12:10:56 190.159.132.254  enviando datos : {"numeroDocumento":"1032462503",
            "nombre":"David",
            "apellido":"Sepúlveda",
            "email":"david-sepulveda@outlook.com",
            "fechaNacimiento":"18 ene 1984",
            "ciudadResidencia":"Bogotá, Colombia",
            "genero":"M",
            "celular":"",
            "listaInteresAreaEstudio":["Artes"],
            "listaInteresIdioma":["ingles","frances"]}

12:10:02 190.159.132.254  respuesta HTTP/1.1 200 OK
Server: Apache-Coyote/1.1
Set-Cookie: JSESSIONID=abT0BDIyFiJXav-OKaAL55CN.undefined; Path=/Formulario-Interno
Content-Type: text/xml;charset=ISO-8859-1
Content-Length: 297
Date: Sun, 02 Oct 2016 05:37:02 GMT
Connection: close

&lt;soap:Envelope xmlns:soap=&quot;http://schemas.xmlsoap.org/soap/envelope/&quot;&gt;&lt;soap:Body&gt;&lt;ns1:crearFormularioPotencialResponse xmlns:ns1=&quot;http://www.colfuturo.org/potencial/ws/ServicioIntegracionPotencial&quot;&gt;&lt;return&gt;Creo formulario&lt;/return&gt;&lt;/ns1:crearFormularioPotencialResponse&gt;&lt;/soap:Body&gt;&lt;/soap:Envelope&gt;

12:10:49 186.155.171.161 desde:user/register preparando para almacenar usuario : 1018481445

12:10:49 186.155.171.161  conectando a : http://jboss2.colfuturo.org/Formulario-Interno/ServicioIntegracionPotencial?wsdl

12:10:49 186.155.171.161  enviando datos : {"numeroDocumento":"1018481445",
            "nombre":"williams steevenn",
            "apellido":"bejarano ortiz",
            "email":"wilibejarano_2904_12@hotmail.com",
            "fechaNacimiento":"18 ene 1984",
            "ciudadResidencia":"Bogotá, Colombia",
            "genero":"M",
            "celular":"",
            "listaInteresAreaEstudio":["Administración y Negocios"],
            "listaInteresIdioma":["ingles","frances"]}

12:10:09 186.155.171.161  respuesta HTTP/1.1 200 OK
Server: Apache-Coyote/1.1
Set-Cookie: JSESSIONID=cCVtSjDr4wR7c83ZlbqFeZM0.undefined; Path=/Formulario-Interno
Content-Type: text/xml;charset=ISO-8859-1
Content-Length: 297
Date: Sun, 02 Oct 2016 05:39:09 GMT
Connection: close

&lt;soap:Envelope xmlns:soap=&quot;http://schemas.xmlsoap.org/soap/envelope/&quot;&gt;&lt;soap:Body&gt;&lt;ns1:crearFormularioPotencialResponse xmlns:ns1=&quot;http://www.colfuturo.org/potencial/ws/ServicioIntegracionPotencial&quot;&gt;&lt;return&gt;Creo formulario&lt;/return&gt;&lt;/ns1:crearFormularioPotencialResponse&gt;&lt;/soap:Body&gt;&lt;/soap:Envelope&gt;

01:10:06 190.9.209.103 desde:user/register preparando para almacenar usuario : 1098309048

01:10:07 190.9.209.103  conectando a : http://jboss2.colfuturo.org/Formulario-Interno/ServicioIntegracionPotencial?wsdl

01:10:07 190.9.209.103  enviando datos : {"numeroDocumento":"1098309048",
            "nombre":"alexander ",
            "apellido":"Ruíz MORALES",
            "email":"alexandercsp@hotmail.com",
            "fechaNacimiento":"18 ene 1984",
            "ciudadResidencia":"Calarcá, Quindío, Colombia",
            "genero":"M",
            "celular":"",
            "listaInteresAreaEstudio":["Artes"],
            "listaInteresIdioma":[""]}

01:10:19 190.9.209.103  respuesta HTTP/1.1 200 OK
Server: Apache-Coyote/1.1
Set-Cookie: JSESSIONID=T8iUTss8FvVZyE6vLbfr6ziX.undefined; Path=/Formulario-Interno
Content-Type: text/xml;charset=ISO-8859-1
Content-Length: 297
Date: Sun, 02 Oct 2016 06:29:19 GMT
Connection: close

&lt;soap:Envelope xmlns:soap=&quot;http://schemas.xmlsoap.org/soap/envelope/&quot;&gt;&lt;soap:Body&gt;&lt;ns1:crearFormularioPotencialResponse xmlns:ns1=&quot;http://www.colfuturo.org/potencial/ws/ServicioIntegracionPotencial&quot;&gt;&lt;return&gt;Creo formulario&lt;/return&gt;&lt;/ns1:crearFormularioPotencialResponse&gt;&lt;/soap:Body&gt;&lt;/soap:Envelope&gt;

08:10:08 186.147.196.49 desde:user/register preparando para almacenar usuario : 1110486430

08:10:08 186.147.196.49  conectando a : http://jboss2.colfuturo.org/Formulario-Interno/ServicioIntegracionPotencial?wsdl

08:10:08 186.147.196.49  enviando datos : {"numeroDocumento":"1110486430",
            "nombre":"Yuli carolina",
            "apellido":"Ortiz guarnizo",
            "email":"Carrito_0525@hotmail.com",
            "fechaNacimiento":"18 ene 1984",
            "ciudadResidencia":"Ibagué - Tolima, Colombia",
            "genero":"M",
            "celular":"",
            "listaInteresAreaEstudio":["Ciencias de la Salud"],
            "listaInteresIdioma":[""]}

08:10:09 186.147.196.49  respuesta HTTP/1.1 200 OK
Server: Apache-Coyote/1.1
Set-Cookie: JSESSIONID=ARvWl1zxnDwxmLud42oPPARZ.undefined; Path=/Formulario-Interno
Content-Type: text/xml;charset=ISO-8859-1
Content-Length: 297
Date: Sun, 02 Oct 2016 13:12:08 GMT
Connection: close

&lt;soap:Envelope xmlns:soap=&quot;http://schemas.xmlsoap.org/soap/envelope/&quot;&gt;&lt;soap:Body&gt;&lt;ns1:crearFormularioPotencialResponse xmlns:ns1=&quot;http://www.colfuturo.org/potencial/ws/ServicioIntegracionPotencial&quot;&gt;&lt;return&gt;Creo formulario&lt;/return&gt;&lt;/ns1:crearFormularioPotencialResponse&gt;&lt;/soap:Body&gt;&lt;/soap:Envelope&gt;

10:10:33 186.82.98.209 desde:user/register preparando para almacenar usuario : 1144066893

10:10:33 186.82.98.209  conectando a : http://jboss2.colfuturo.org/Formulario-Interno/ServicioIntegracionPotencial?wsdl

10:10:33 186.82.98.209  enviando datos : {"numeroDocumento":"1144066893",
            "nombre":"Brayan",
            "apellido":"Barrios Arcila",
            "email":"brayan.barrios@correounivalle.edu.co",
            "fechaNacimiento":"18 ene 1984",
            "ciudadResidencia":"Cali - Valle del Cauca, Colombia",
            "genero":"M",
            "celular":"",
            "listaInteresAreaEstudio":["Ingeniería"],
            "listaInteresIdioma":["ingles"]}

10:10:39 186.82.98.209  respuesta HTTP/1.1 200 OK
Server: Apache-Coyote/1.1
Set-Cookie: JSESSIONID=f5JXQUnnxd7XlZ4ZklrjQHsZ.undefined; Path=/Formulario-Interno
Content-Type: text/xml;charset=ISO-8859-1
Content-Length: 297
Date: Sun, 02 Oct 2016 15:49:39 GMT
Connection: close

&lt;soap:Envelope xmlns:soap=&quot;http://schemas.xmlsoap.org/soap/envelope/&quot;&gt;&lt;soap:Body&gt;&lt;ns1:crearFormularioPotencialResponse xmlns:ns1=&quot;http://www.colfuturo.org/potencial/ws/ServicioIntegracionPotencial&quot;&gt;&lt;return&gt;Creo formulario&lt;/return&gt;&lt;/ns1:crearFormularioPotencialResponse&gt;&lt;/soap:Body&gt;&lt;/soap:Envelope&gt;

11:10:47 181.55.119.226 desde:user/register preparando para almacenar usuario : 1110499435

11:10:47 181.55.119.226  conectando a : http://jboss2.colfuturo.org/Formulario-Interno/ServicioIntegracionPotencial?wsdl

11:10:47 181.55.119.226  enviando datos : {"numeroDocumento":"1110499435",
            "nombre":"Fernando enrique ",
            "apellido":"Lima lozano ",
            "email":"enriquelozano_02@hotmail.com",
            "fechaNacimiento":"18 ene 1984",
            "ciudadResidencia":"Ibagué - Tolima, Colombia",
            "genero":"M",
            "celular":"",
            "listaInteresAreaEstudio":["Ciencias Agropecuarias y del Medio Ambiente"],
            "listaInteresIdioma":["ingles"]}

11:10:53 181.55.119.226  respuesta HTTP/1.1 200 OK
Server: Apache-Coyote/1.1
Set-Cookie: JSESSIONID=y2G2ZkmkDOAPFhf7tvenIoRF.undefined; Path=/Formulario-Interno
Content-Type: text/xml;charset=ISO-8859-1
Content-Length: 297
Date: Sun, 02 Oct 2016 16:57:53 GMT
Connection: close

&lt;soap:Envelope xmlns:soap=&quot;http://schemas.xmlsoap.org/soap/envelope/&quot;&gt;&lt;soap:Body&gt;&lt;ns1:crearFormularioPotencialResponse xmlns:ns1=&quot;http://www.colfuturo.org/potencial/ws/ServicioIntegracionPotencial&quot;&gt;&lt;return&gt;Creo formulario&lt;/return&gt;&lt;/ns1:crearFormularioPotencialResponse&gt;&lt;/soap:Body&gt;&lt;/soap:Envelope&gt;

12:10:42 186.147.199.11 desde:user/register preparando para almacenar usuario : 1110477623

12:10:42 186.147.199.11  conectando a : http://jboss2.colfuturo.org/Formulario-Interno/ServicioIntegracionPotencial?wsdl

12:10:42 186.147.199.11  enviando datos : {"numeroDocumento":"1110477623",
            "nombre":"andres felipe",
            "apellido":"rios sabogal",
            "email":"andrios-2014@hotmail.com",
            "fechaNacimiento":"18 ene 1984",
            "ciudadResidencia":"Ibagué - Tolima, Colombia",
            "genero":"M",
            "celular":"",
            "listaInteresAreaEstudio":["Ingeniería"],
            "listaInteresIdioma":[""]}

12:10:51 186.147.199.11  respuesta HTTP/1.1 200 OK
Server: Apache-Coyote/1.1
Set-Cookie: JSESSIONID=554-kaftBCwHeoKdhcMyK9tE.undefined; Path=/Formulario-Interno
Content-Type: text/xml;charset=ISO-8859-1
Content-Length: 297
Date: Sun, 02 Oct 2016 17:09:50 GMT
Connection: close

&lt;soap:Envelope xmlns:soap=&quot;http://schemas.xmlsoap.org/soap/envelope/&quot;&gt;&lt;soap:Body&gt;&lt;ns1:crearFormularioPotencialResponse xmlns:ns1=&quot;http://www.colfuturo.org/potencial/ws/ServicioIntegracionPotencial&quot;&gt;&lt;return&gt;Creo formulario&lt;/return&gt;&lt;/ns1:crearFormularioPotencialResponse&gt;&lt;/soap:Body&gt;&lt;/soap:Envelope&gt;

12:10:05 186.112.76.133 desde:user/register preparando para almacenar usuario : 1061716351

12:10:05 186.112.76.133  conectando a : http://jboss2.colfuturo.org/Formulario-Interno/ServicioIntegracionPotencial?wsdl

12:10:05 186.112.76.133  enviando datos : {"numeroDocumento":"1061716351",
            "nombre":"Jhon Alexander ",
            "apellido":"Muñoz Alban",
            "email":"jamaneita999@hotmail.com",
            "fechaNacimiento":"18 ene 1984",
            "ciudadResidencia":"Boyacá, Colombia",
            "genero":"M",
            "celular":"",
            "listaInteresAreaEstudio":["Educación"],
            "listaInteresIdioma":[""]}

12:10:14 186.112.76.133  respuesta HTTP/1.1 200 OK
Server: Apache-Coyote/1.1
Set-Cookie: JSESSIONID=xpAs5-bN8RYBlLNoOZqAR3QF.undefined; Path=/Formulario-Interno
Content-Type: text/xml;charset=ISO-8859-1
Content-Length: 297
Date: Sun, 02 Oct 2016 17:54:14 GMT
Connection: close

&lt;soap:Envelope xmlns:soap=&quot;http://schemas.xmlsoap.org/soap/envelope/&quot;&gt;&lt;soap:Body&gt;&lt;ns1:crearFormularioPotencialResponse xmlns:ns1=&quot;http://www.colfuturo.org/potencial/ws/ServicioIntegracionPotencial&quot;&gt;&lt;return&gt;Creo formulario&lt;/return&gt;&lt;/ns1:crearFormularioPotencialResponse&gt;&lt;/soap:Body&gt;&lt;/soap:Envelope&gt;

01:10:15 181.50.180.89 desde:user/register preparando para almacenar usuario : 1010202265

01:10:15 181.50.180.89  conectando a : http://jboss2.colfuturo.org/Formulario-Interno/ServicioIntegracionPotencial?wsdl

01:10:15 181.50.180.89  enviando datos : {"numeroDocumento":"1010202265",
            "nombre":"Oscar Mauricio",
            "apellido":"Páez Jaimes",
            "email":"ompj_1992@hotmail.com",
            "fechaNacimiento":"18 ene 1984",
            "ciudadResidencia":"Bogotá, Colombia",
            "genero":"M",
            "celular":"",
            "listaInteresAreaEstudio":["Arquitectura y Diseño"],
            "listaInteresIdioma":[""]}

01:10:21 181.50.180.89  respuesta HTTP/1.1 200 OK
Server: Apache-Coyote/1.1
Set-Cookie: JSESSIONID=Y-AGGtv6QJ2QKPDZuwU4r9qp.undefined; Path=/Formulario-Interno
Content-Type: text/xml;charset=ISO-8859-1
Content-Length: 297
Date: Sun, 02 Oct 2016 18:42:21 GMT
Connection: close

&lt;soap:Envelope xmlns:soap=&quot;http://schemas.xmlsoap.org/soap/envelope/&quot;&gt;&lt;soap:Body&gt;&lt;ns1:crearFormularioPotencialResponse xmlns:ns1=&quot;http://www.colfuturo.org/potencial/ws/ServicioIntegracionPotencial&quot;&gt;&lt;return&gt;Creo formulario&lt;/return&gt;&lt;/ns1:crearFormularioPotencialResponse&gt;&lt;/soap:Body&gt;&lt;/soap:Envelope&gt;

01:10:10 181.137.207.252 desde:user/register preparando para almacenar usuario : 1037578399

01:10:10 181.137.207.252  conectando a : http://jboss2.colfuturo.org/Formulario-Interno/ServicioIntegracionPotencial?wsdl

01:10:10 181.137.207.252  enviando datos : {"numeroDocumento":"1037578399",
            "nombre":"Juanita",
            "apellido":"Galeano Zapata",
            "email":"juanitagaleano.z@gmail.com",
            "fechaNacimiento":"18 ene 1984",
            "ciudadResidencia":"Bogotá, Colombia",
            "genero":"F",
            "celular":"",
            "listaInteresAreaEstudio":["Arquitectura y Diseño","Artes"],
            "listaInteresIdioma":["ingles"]}

01:10:16 181.137.207.252  respuesta HTTP/1.1 200 OK
Server: Apache-Coyote/1.1
Set-Cookie: JSESSIONID=HqKBAeTM0xL7RfNtXf2RWj1n.undefined; Path=/Formulario-Interno
Content-Type: text/xml;charset=ISO-8859-1
Content-Length: 297
Date: Sun, 02 Oct 2016 18:50:16 GMT
Connection: close

&lt;soap:Envelope xmlns:soap=&quot;http://schemas.xmlsoap.org/soap/envelope/&quot;&gt;&lt;soap:Body&gt;&lt;ns1:crearFormularioPotencialResponse xmlns:ns1=&quot;http://www.colfuturo.org/potencial/ws/ServicioIntegracionPotencial&quot;&gt;&lt;return&gt;Creo formulario&lt;/return&gt;&lt;/ns1:crearFormularioPotencialResponse&gt;&lt;/soap:Body&gt;&lt;/soap:Envelope&gt;

02:10:14 181.137.207.252 desde:user/135536 preparando para almacenar usuario : 1037578399

02:10:14 181.137.207.252  conectando a : http://jboss2.colfuturo.org/Formulario-Interno/ServicioIntegracionPotencial?wsdl

02:10:14 181.137.207.252  enviando datos : {"numeroDocumento":"1037578399",
            "nombre":"Juanita",
            "apellido":"Galeano Zapata",
            "email":"juanitagaleano.z@gmail.com",
            "fechaNacimiento":"18 ene 1984",
            "ciudadResidencia":"Bogotá, Colombia",
            "genero":"F",
            "celular":"",
            "listaInteresAreaEstudio":["Arquitectura y Diseño","Artes"],
            "listaInteresIdioma":["ingles"]}

02:10:17 181.137.207.252  respuesta HTTP/1.1 200 OK
Server: Apache-Coyote/1.1
Set-Cookie: JSESSIONID=izIG76UeqNuAw50mtP5jc45W.undefined; Path=/Formulario-Interno
Content-Type: text/xml;charset=ISO-8859-1
Content-Length: 301
Date: Sun, 02 Oct 2016 19:02:17 GMT
Connection: close

&lt;soap:Envelope xmlns:soap=&quot;http://schemas.xmlsoap.org/soap/envelope/&quot;&gt;&lt;soap:Body&gt;&lt;ns1:crearFormularioPotencialResponse xmlns:ns1=&quot;http://www.colfuturo.org/potencial/ws/ServicioIntegracionPotencial&quot;&gt;&lt;return&gt;Encontro formulario&lt;/return&gt;&lt;/ns1:crearFormularioPotencialResponse&gt;&lt;/soap:Body&gt;&lt;/soap:Envelope&gt;

02:10:42 186.85.74.191 desde:user/register preparando para almacenar usuario : 1032485433

02:10:42 186.85.74.191  conectando a : http://jboss2.colfuturo.org/Formulario-Interno/ServicioIntegracionPotencial?wsdl

02:10:42 186.85.74.191  enviando datos : {"numeroDocumento":"1032485433",
            "nombre":"Laura",
            "apellido":"Caicedo Tafur",
            "email":"laura.caicedo249@hotmail.com",
            "fechaNacimiento":"18 ene 1984",
            "ciudadResidencia":"Bogotá, Colombia",
            "genero":"F",
            "celular":"",
            "listaInteresAreaEstudio":["Ingeniería"],
            "listaInteresIdioma":["ingles"]}

02:10:48 186.85.74.191  respuesta HTTP/1.1 200 OK
Server: Apache-Coyote/1.1
Set-Cookie: JSESSIONID=duYOdh8NWPc91t2yDWcELcmh.undefined; Path=/Formulario-Interno
Content-Type: text/xml;charset=ISO-8859-1
Content-Length: 297
Date: Sun, 02 Oct 2016 19:56:48 GMT
Connection: close

&lt;soap:Envelope xmlns:soap=&quot;http://schemas.xmlsoap.org/soap/envelope/&quot;&gt;&lt;soap:Body&gt;&lt;ns1:crearFormularioPotencialResponse xmlns:ns1=&quot;http://www.colfuturo.org/potencial/ws/ServicioIntegracionPotencial&quot;&gt;&lt;return&gt;Creo formulario&lt;/return&gt;&lt;/ns1:crearFormularioPotencialResponse&gt;&lt;/soap:Body&gt;&lt;/soap:Envelope&gt;

03:10:39 186.29.200.88 desde:user/6485 preparando para almacenar usuario : 80821587

03:10:39 186.29.200.88  conectando a : http://jboss2.colfuturo.org/Formulario-Interno/ServicioIntegracionPotencial?wsdl

03:10:39 186.29.200.88  enviando datos : {"numeroDocumento":"80821587",
            "nombre":"Felipe",
            "apellido":"Hernandez Ramirez",
            "email":"felipehernandezramirez@gmail.com",
            "fechaNacimiento":"18 ene 1984",
            "ciudadResidencia":"Bogotá, Colombia",
            "genero":"M",
            "celular":"",
            "listaInteresAreaEstudio":["Administración y Negocios"],
            "listaInteresIdioma":[""]}

03:10:58 186.29.200.88  respuesta HTTP/1.1 200 OK
Server: Apache-Coyote/1.1
Set-Cookie: JSESSIONID=Bp2bEHVFrhvfyZ0yFVkaVqZO.undefined; Path=/Formulario-Interno
Content-Type: text/xml;charset=ISO-8859-1
Content-Length: 301
Date: Sun, 02 Oct 2016 20:35:58 GMT
Connection: close

&lt;soap:Envelope xmlns:soap=&quot;http://schemas.xmlsoap.org/soap/envelope/&quot;&gt;&lt;soap:Body&gt;&lt;ns1:crearFormularioPotencialResponse xmlns:ns1=&quot;http://www.colfuturo.org/potencial/ws/ServicioIntegracionPotencial&quot;&gt;&lt;return&gt;Encontro formulario&lt;/return&gt;&lt;/ns1:crearFormularioPotencialResponse&gt;&lt;/soap:Body&gt;&lt;/soap:Envelope&gt;

03:10:35 186.29.183.37 desde:node/44 preparando para almacenar usuario : 1020737448

03:10:35 186.29.183.37  conectando a : http://jboss2.colfuturo.org/Formulario-Interno/ServicioIntegracionPotencial?wsdl

03:10:35 186.29.183.37  enviando datos : {"numeroDocumento":"1020737448",
            "nombre":"Alejandro",
            "apellido":"Mendoza Salgado",
            "email":"Amendozas@outlook.com",
            "fechaNacimiento":"18 ene 1984",
            "ciudadResidencia":"Bogotá, Colombia",
            "genero":"M",
            "celular":"",
            "listaInteresAreaEstudio":[""],
            "listaInteresIdioma":[""]}

03:10:36 186.29.183.37  respuesta HTTP/1.1 200 OK
Server: Apache-Coyote/1.1
Set-Cookie: JSESSIONID=YjPR+LfpWl6UmPWNytNN07vE.undefined; Path=/Formulario-Interno
Content-Type: text/xml;charset=ISO-8859-1
Content-Length: 297
Date: Sun, 02 Oct 2016 20:43:35 GMT
Connection: close

&lt;soap:Envelope xmlns:soap=&quot;http://schemas.xmlsoap.org/soap/envelope/&quot;&gt;&lt;soap:Body&gt;&lt;ns1:crearFormularioPotencialResponse xmlns:ns1=&quot;http://www.colfuturo.org/potencial/ws/ServicioIntegracionPotencial&quot;&gt;&lt;return&gt;Creo formulario&lt;/return&gt;&lt;/ns1:crearFormularioPotencialResponse&gt;&lt;/soap:Body&gt;&lt;/soap:Envelope&gt;

04:10:18 190.90.113.60 desde:user/register preparando para almacenar usuario : 1061719929

04:10:18 190.90.113.60  conectando a : http://jboss2.colfuturo.org/Formulario-Interno/ServicioIntegracionPotencial?wsdl

04:10:18 190.90.113.60  enviando datos : {"numeroDocumento":"1061719929",
            "nombre":"Juan Pablo",
            "apellido":"Timaná Molano",
            "email":"jptimana@gmail.com",
            "fechaNacimiento":"18 ene 1984",
            "ciudadResidencia":"Popayán - Cauca, Colombia",
            "genero":"M",
            "celular":"",
            "listaInteresAreaEstudio":[""],
            "listaInteresIdioma":["ingles"]}

04:10:38 190.90.113.60  respuesta HTTP/1.1 200 OK
Server: Apache-Coyote/1.1
Set-Cookie: JSESSIONID=fW2O-RO3St-dOHA8FvT+TNPT.undefined; Path=/Formulario-Interno
Content-Type: text/xml;charset=ISO-8859-1
Content-Length: 297
Date: Sun, 02 Oct 2016 21:16:38 GMT
Connection: close

&lt;soap:Envelope xmlns:soap=&quot;http://schemas.xmlsoap.org/soap/envelope/&quot;&gt;&lt;soap:Body&gt;&lt;ns1:crearFormularioPotencialResponse xmlns:ns1=&quot;http://www.colfuturo.org/potencial/ws/ServicioIntegracionPotencial&quot;&gt;&lt;return&gt;Creo formulario&lt;/return&gt;&lt;/ns1:crearFormularioPotencialResponse&gt;&lt;/soap:Body&gt;&lt;/soap:Envelope&gt;

06:10:07 152.200.178.206 desde:user/register preparando para almacenar usuario : 1110491062

06:10:07 152.200.178.206  conectando a : http://jboss2.colfuturo.org/Formulario-Interno/ServicioIntegracionPotencial?wsdl

06:10:07 152.200.178.206  enviando datos : {"numeroDocumento":"1110491062",
            "nombre":"jenny paola",
            "apellido":"florez saavedra",
            "email":"pasaf235@hotmail.com",
            "fechaNacimiento":"18 ene 1984",
            "ciudadResidencia":"Armenia - Quindío, Colombia",
            "genero":"F",
            "celular":"",
            "listaInteresAreaEstudio":["Ciencias de la Salud"],
            "listaInteresIdioma":[""]}

06:10:13 152.200.178.206  respuesta HTTP/1.1 200 OK
Server: Apache-Coyote/1.1
Set-Cookie: JSESSIONID=UUx3WPmbPAEeuIwIq+gpYySw.undefined; Path=/Formulario-Interno
Content-Type: text/xml;charset=ISO-8859-1
Content-Length: 297
Date: Sun, 02 Oct 2016 23:04:13 GMT
Connection: close

&lt;soap:Envelope xmlns:soap=&quot;http://schemas.xmlsoap.org/soap/envelope/&quot;&gt;&lt;soap:Body&gt;&lt;ns1:crearFormularioPotencialResponse xmlns:ns1=&quot;http://www.colfuturo.org/potencial/ws/ServicioIntegracionPotencial&quot;&gt;&lt;return&gt;Creo formulario&lt;/return&gt;&lt;/ns1:crearFormularioPotencialResponse&gt;&lt;/soap:Body&gt;&lt;/soap:Envelope&gt;

06:10:41 191.102.196.54 desde:user/register preparando para almacenar usuario : 1061759029

06:10:41 191.102.196.54  conectando a : http://jboss2.colfuturo.org/Formulario-Interno/ServicioIntegracionPotencial?wsdl

06:10:41 191.102.196.54  enviando datos : {"numeroDocumento":"1061759029",
            "nombre":"Angela Patricia",
            "apellido":"Medina Ortega",
            "email":"a.gedeiht@gmail.com",
            "fechaNacimiento":"18 ene 1984",
            "ciudadResidencia":"Popayán - Cauca, Colombia",
            "genero":"F",
            "celular":"",
            "listaInteresAreaEstudio":["Ciencias de la Salud"],
            "listaInteresIdioma":["ingles"]}

06:10:11 191.102.196.54  error inesperado 1: HTTP Error: socket read of headers timed out

06:10:11 191.102.196.54  respuesta 

06:10:55 191.102.196.54 desde:user/135547 preparando para almacenar usuario : 1061759029

06:10:55 191.102.196.54  conectando a : http://jboss2.colfuturo.org/Formulario-Interno/ServicioIntegracionPotencial?wsdl

06:10:55 191.102.196.54  enviando datos : {"numeroDocumento":"1061759029",
            "nombre":"Angela Patricia",
            "apellido":"Medina Ortega",
            "email":"a.gedeiht@gmail.com",
            "fechaNacimiento":"18 ene 1984",
            "ciudadResidencia":"Popayán - Cauca, Colombia",
            "genero":"F",
            "celular":"",
            "listaInteresAreaEstudio":["Ciencias de la Salud"],
            "listaInteresIdioma":["ingles"]}

06:10:25 191.102.196.54  error inesperado 1: HTTP Error: socket read of headers timed out

06:10:25 191.102.196.54  respuesta 

08:10:00 181.60.31.93 desde:user/register preparando para almacenar usuario : 1110528538

08:10:00 181.60.31.93  conectando a : http://jboss2.colfuturo.org/Formulario-Interno/ServicioIntegracionPotencial?wsdl

08:10:00 181.60.31.93  enviando datos : {"numeroDocumento":"1110528538",
            "nombre":"Estefani Lucia ",
            "apellido":"Sánchez Sandoval",
            "email":"elsanchezsa@ut.edu.co",
            "fechaNacimiento":"18 ene 1984",
            "ciudadResidencia":"Ibagué - Tolima, Colombia",
            "genero":"F",
            "celular":"",
            "listaInteresAreaEstudio":["Ciencias Políticas y Relaciones Internacionales"],
            "listaInteresIdioma":[""]}

08:10:25 181.60.31.93  respuesta HTTP/1.1 200 OK
Server: Apache-Coyote/1.1
Set-Cookie: JSESSIONID=8duoluTpyZBBSFbvOcX728DB.undefined; Path=/Formulario-Interno
Content-Type: text/xml;charset=ISO-8859-1
Content-Length: 297
Date: Mon, 03 Oct 2016 01:21:25 GMT
Connection: close

&lt;soap:Envelope xmlns:soap=&quot;http://schemas.xmlsoap.org/soap/envelope/&quot;&gt;&lt;soap:Body&gt;&lt;ns1:crearFormularioPotencialResponse xmlns:ns1=&quot;http://www.colfuturo.org/potencial/ws/ServicioIntegracionPotencial&quot;&gt;&lt;return&gt;Creo formulario&lt;/return&gt;&lt;/ns1:crearFormularioPotencialResponse&gt;&lt;/soap:Body&gt;&lt;/soap:Envelope&gt;

09:10:01 190.159.42.8 desde:user/register preparando para almacenar usuario : 1050963720

09:10:01 190.159.42.8  conectando a : http://jboss2.colfuturo.org/Formulario-Interno/ServicioIntegracionPotencial?wsdl

09:10:01 190.159.42.8  enviando datos : {"numeroDocumento":"1050963720",
            "nombre":"GREYS",
            "apellido":"LOPEZ BELTRAN",
            "email":"LOPEZGLB7@GMAIL.COM",
            "fechaNacimiento":"18 ene 1984",
            "ciudadResidencia":"Turbaco - Bolívar, Colombia",
            "genero":"F",
            "celular":"",
            "listaInteresAreaEstudio":["Administración y Negocios","Ingeniería"],
            "listaInteresIdioma":["ingles"]}

09:10:45 190.159.42.8  error inesperado 1: HTTP Error: socket read of headers timed out

09:10:45 190.159.42.8  respuesta 

09:10:54 181.61.4.253 desde:user/register preparando para almacenar usuario : 1014293618

09:10:54 181.61.4.253  conectando a : http://jboss2.colfuturo.org/Formulario-Interno/ServicioIntegracionPotencial?wsdl

09:10:54 181.61.4.253  enviando datos : {"numeroDocumento":"1014293618",
            "nombre":"Paula Daniela",
            "apellido":"Forero Bustos",
            "email":"pahu976@gmail.com",
            "fechaNacimiento":"18 ene 1984",
            "ciudadResidencia":"Bogotá, Colombia",
            "genero":"F",
            "celular":"",
            "listaInteresAreaEstudio":[""],
            "listaInteresIdioma":["ingles"]}

09:10:24 181.61.4.253  error inesperado 1: wsdl error: Getting http://jboss2.colfuturo.org/Formulario-Interno/ServicioIntegracionPotencial?wsdl - HTTP ERROR: socket read of headers timed out

09:10:24 181.61.4.253  respuesta 

09:10:06 181.142.44.216 desde:user/register preparando para almacenar usuario : 1214723357

09:10:06 181.142.44.216  conectando a : http://jboss2.colfuturo.org/Formulario-Interno/ServicioIntegracionPotencial?wsdl

09:10:06 181.142.44.216  enviando datos : {"numeroDocumento":"1214723357",
            "nombre":"Daniel Mateo",
            "apellido":"Vallejo Gutiérrez",
            "email":"danielmateovg@gmail.com",
            "fechaNacimiento":"18 ene 1984",
            "ciudadResidencia":"Bello - Antioquia, Colombia",
            "genero":"M",
            "celular":"",
            "listaInteresAreaEstudio":["Artes"],
            "listaInteresIdioma":["ingles","frances"]}

09:10:36 181.142.44.216  error inesperado 1: wsdl error: Getting http://jboss2.colfuturo.org/Formulario-Interno/ServicioIntegracionPotencial?wsdl - HTTP ERROR: socket read of headers timed out

09:10:36 181.142.44.216  respuesta 

09:10:34 181.50.63.165 desde:user/register preparando para almacenar usuario : 1013649978

09:10:34 181.50.63.165  conectando a : http://jboss2.colfuturo.org/Formulario-Interno/ServicioIntegracionPotencial?wsdl

09:10:34 181.50.63.165  enviando datos : {"numeroDocumento":"1013649978",
            "nombre":"Juan Sebastian",
            "apellido":"Lozano Pinzón",
            "email":"jslozanop@unal.edu.co",
            "fechaNacimiento":"18 ene 1984",
            "ciudadResidencia":"Bogotá, Colombia",
            "genero":"M",
            "celular":"",
            "listaInteresAreaEstudio":["Arquitectura y Diseño","Artes"],
            "listaInteresIdioma":[""]}

09:10:04 181.50.63.165  error inesperado 1: wsdl error: Getting http://jboss2.colfuturo.org/Formulario-Interno/ServicioIntegracionPotencial?wsdl - HTTP ERROR: socket read of headers timed out

09:10:04 181.50.63.165  respuesta 

09:10:31 181.59.176.166 desde:user/register preparando para almacenar usuario : 1019074433

09:10:31 181.59.176.166  conectando a : http://jboss2.colfuturo.org/Formulario-Interno/ServicioIntegracionPotencial?wsdl

09:10:31 181.59.176.166  enviando datos : {"numeroDocumento":"1019074433",
            "nombre":"Nicolás Felipe",
            "apellido":"Niño Lozano",
            "email":"nicolas_f14@yahoo.com",
            "fechaNacimiento":"18 ene 1984",
            "ciudadResidencia":"Bogotá, Colombia",
            "genero":"M",
            "celular":"",
            "listaInteresAreaEstudio":["Artes"],
            "listaInteresIdioma":[""]}

09:10:01 181.59.176.166  error inesperado 1: wsdl error: Getting http://jboss2.colfuturo.org/Formulario-Interno/ServicioIntegracionPotencial?wsdl - HTTP ERROR: socket read of headers timed out

09:10:01 181.59.176.166  respuesta 

11:10:21 190.158.153.81 desde:user/register preparando para almacenar usuario : 1082155766

11:10:21 190.158.153.81  conectando a : http://jboss2.colfuturo.org/Formulario-Interno/ServicioIntegracionPotencial?wsdl

11:10:21 190.158.153.81  enviando datos : {"numeroDocumento":"1082155766",
            "nombre":"Robinson",
            "apellido":"Velasco Suárez",
            "email":"robin-son-88@Hotmail.com",
            "fechaNacimiento":"18 ene 1984",
            "ciudadResidencia":"Bogotá, Colombia",
            "genero":"M",
            "celular":"",
            "listaInteresAreaEstudio":["Administración y Negocios","Ciencias Agropecuarias y del Medio Ambiente","Ciencias Básicas"],
            "listaInteresIdioma":[""]}

11:10:47 190.158.153.81  respuesta HTTP/1.1 200 OK
Server: Apache-Coyote/1.1
Set-Cookie: JSESSIONID=CRvmVskM3vGg4u9RuVIKGQNI.undefined; Path=/Formulario-Interno
Content-Type: text/xml;charset=ISO-8859-1
Content-Length: 297
Date: Mon, 03 Oct 2016 04:07:46 GMT
Connection: close

&lt;soap:Envelope xmlns:soap=&quot;http://schemas.xmlsoap.org/soap/envelope/&quot;&gt;&lt;soap:Body&gt;&lt;ns1:crearFormularioPotencialResponse xmlns:ns1=&quot;http://www.colfuturo.org/potencial/ws/ServicioIntegracionPotencial&quot;&gt;&lt;return&gt;Creo formulario&lt;/return&gt;&lt;/ns1:crearFormularioPotencialResponse&gt;&lt;/soap:Body&gt;&lt;/soap:Envelope&gt;

