01:08:13 190.25.106.196 desde:user/register preparando para almacenar usuario : 1018485392

01:08:13 190.25.106.196  conectando a : https://jboss2.colfuturo.org/Formulario-Interno/ServicioIntegracionPotencial?wsdl

01:08:13 190.25.106.196  enviando datos : {"numeroDocumento":"1018485392",
            "nombre":"Camila",
            "apellido":"Fonseca Rivera",
            "email":"camifonserive@hotmail.com",
            "fechaNacimiento":"24-08-2018",
            "ciudadResidencia":"Bogotá, Colombia",
            "genero":"F",
            "celular":"",
            "listaInteresAreaEstudio":[""],
            "listaInteresIdioma":["ingles","frances"]}

01:08:18 190.25.106.196  respuesta HTTP/1.1 200 OK
Server: Apache-Coyote/1.1
Set-Cookie: JSESSIONID=9Wrxebj2Qj-7MIMIrH2tZTuR.undefined; Path=/Formulario-Interno
Content-Type: text/xml;charset=ISO-8859-1
Content-Length: 297
Date: Fri, 24 Aug 2018 06:45:42 GMT
Connection: close

&lt;soap:Envelope xmlns:soap=&quot;http://schemas.xmlsoap.org/soap/envelope/&quot;&gt;&lt;soap:Body&gt;&lt;ns1:crearFormularioPotencialResponse xmlns:ns1=&quot;http://www.colfuturo.org/potencial/ws/ServicioIntegracionPotencial&quot;&gt;&lt;return&gt;Creo formulario&lt;/return&gt;&lt;/ns1:crearFormularioPotencialResponse&gt;&lt;/soap:Body&gt;&lt;/soap:Envelope&gt;

04:08:30 165.73.24.202 desde:node/44 preparando para almacenar usuario : 52195984

04:08:30 165.73.24.202  conectando a : https://jboss2.colfuturo.org/Formulario-Interno/ServicioIntegracionPotencial?wsdl

04:08:30 165.73.24.202  enviando datos : {"numeroDocumento":"52195984",
            "nombre":"Maria Ines",
            "apellido":"Lopez Romero",
            "email":"milopez@hotmail.com",
            "fechaNacimiento":"24-08-2018",
            "ciudadResidencia":"Bogotá, Colombia",
            "genero":"F",
            "celular":"",
            "listaInteresAreaEstudio":[""],
            "listaInteresIdioma":[""]}

04:08:37 165.73.24.202  client->fault: 

04:08:37 165.73.24.202  respuesta HTTP/1.1 500 Internal Server Error
Server: Apache-Coyote/1.1
Set-Cookie: JSESSIONID=qKoIoNfJHSp0hPyjDYoIGRxd.undefined; Path=/Formulario-Interno
Content-Type: text/xml;charset=ISO-8859-1
Content-Length: 225
Date: Fri, 24 Aug 2018 09:34:00 GMT
Connection: close

&lt;soap:Envelope xmlns:soap=&quot;http://schemas.xmlsoap.org/soap/envelope/&quot;&gt;&lt;soap:Body&gt;&lt;soap:Fault&gt;&lt;faultcode&gt;soap:Server&lt;/faultcode&gt;&lt;faultstring&gt;java.lang.NullPointerException&lt;/faultstring&gt;&lt;/soap:Fault&gt;&lt;/soap:Body&gt;&lt;/soap:Envelope&gt;

08:08:59 181.57.245.211 desde:user/register preparando para almacenar usuario : 1032477457

08:08:59 181.57.245.211  conectando a : https://jboss2.colfuturo.org/Formulario-Interno/ServicioIntegracionPotencial?wsdl

08:08:59 181.57.245.211  enviando datos : {"numeroDocumento":"1032477457",
            "nombre":"fabio steven",
            "apellido":"aristizabal gomez",
            "email":"steven960220@gmail.com",
            "fechaNacimiento":"24-08-2018",
            "ciudadResidencia":"Bogotá, Colombia",
            "genero":"M",
            "celular":"",
            "listaInteresAreaEstudio":["Ciencias Políticas y Relaciones Internacionales"],
            "listaInteresIdioma":["ingles","frances"]}

08:08:05 181.57.245.211  respuesta HTTP/1.1 200 OK
Server: Apache-Coyote/1.1
Set-Cookie: JSESSIONID=kjH5veKlFskC40ylaw+QAtSr.undefined; Path=/Formulario-Interno
Content-Type: text/xml;charset=ISO-8859-1
Content-Length: 297
Date: Fri, 24 Aug 2018 13:22:29 GMT
Connection: close

&lt;soap:Envelope xmlns:soap=&quot;http://schemas.xmlsoap.org/soap/envelope/&quot;&gt;&lt;soap:Body&gt;&lt;ns1:crearFormularioPotencialResponse xmlns:ns1=&quot;http://www.colfuturo.org/potencial/ws/ServicioIntegracionPotencial&quot;&gt;&lt;return&gt;Creo formulario&lt;/return&gt;&lt;/ns1:crearFormularioPotencialResponse&gt;&lt;/soap:Body&gt;&lt;/soap:Envelope&gt;

08:08:56 200.69.103.254 desde:user/register preparando para almacenar usuario : 1018475008

08:08:56 200.69.103.254  conectando a : https://jboss2.colfuturo.org/Formulario-Interno/ServicioIntegracionPotencial?wsdl

08:08:56 200.69.103.254  enviando datos : {"numeroDocumento":"1018475008",
            "nombre":"Marlon Steven",
            "apellido":"Guevara Rodríguez",
            "email":"marlonste95@hotmail.com",
            "fechaNacimiento":"24-08-2018",
            "ciudadResidencia":"Bogotá, Colombia",
            "genero":"M",
            "celular":"",
            "listaInteresAreaEstudio":["Educación","Ingeniería"],
            "listaInteresIdioma":["ingles"]}

08:08:02 200.69.103.254  respuesta HTTP/1.1 200 OK
Server: Apache-Coyote/1.1
Set-Cookie: JSESSIONID=Mnl5G8gUFNd6OtcsxkGs1-Pc.undefined; Path=/Formulario-Interno
Content-Type: text/xml;charset=ISO-8859-1
Content-Length: 297
Date: Fri, 24 Aug 2018 13:55:25 GMT
Connection: close

&lt;soap:Envelope xmlns:soap=&quot;http://schemas.xmlsoap.org/soap/envelope/&quot;&gt;&lt;soap:Body&gt;&lt;ns1:crearFormularioPotencialResponse xmlns:ns1=&quot;http://www.colfuturo.org/potencial/ws/ServicioIntegracionPotencial&quot;&gt;&lt;return&gt;Creo formulario&lt;/return&gt;&lt;/ns1:crearFormularioPotencialResponse&gt;&lt;/soap:Body&gt;&lt;/soap:Envelope&gt;

09:08:12 186.29.183.92 desde:user/register preparando para almacenar usuario : 1032396694

09:08:12 186.29.183.92  conectando a : https://jboss2.colfuturo.org/Formulario-Interno/ServicioIntegracionPotencial?wsdl

09:08:12 186.29.183.92  enviando datos : {"numeroDocumento":"1032396694",
            "nombre":"Marcela",
            "apellido":"Wilches Cifuentes ",
            "email":"marcelwcft@hotmail.com",
            "fechaNacimiento":"24-08-2018",
            "ciudadResidencia":"Zipaquirá, Cundinamarca, Colombia",
            "genero":"F",
            "celular":"",
            "listaInteresAreaEstudio":["Administración y Negocios","Ciencias Agropecuarias y del Medio Ambiente"],
            "listaInteresIdioma":["ingles"]}

09:08:18 186.29.183.92  respuesta HTTP/1.1 200 OK
Server: Apache-Coyote/1.1
Set-Cookie: JSESSIONID=SdGU2k9xYQnvyewnN0Vidrkk.undefined; Path=/Formulario-Interno
Content-Type: text/xml;charset=ISO-8859-1
Content-Length: 297
Date: Fri, 24 Aug 2018 14:23:41 GMT
Connection: close

&lt;soap:Envelope xmlns:soap=&quot;http://schemas.xmlsoap.org/soap/envelope/&quot;&gt;&lt;soap:Body&gt;&lt;ns1:crearFormularioPotencialResponse xmlns:ns1=&quot;http://www.colfuturo.org/potencial/ws/ServicioIntegracionPotencial&quot;&gt;&lt;return&gt;Creo formulario&lt;/return&gt;&lt;/ns1:crearFormularioPotencialResponse&gt;&lt;/soap:Body&gt;&lt;/soap:Envelope&gt;

09:08:08 181.143.119.34 desde:user/register preparando para almacenar usuario : 1040182363

09:08:08 181.143.119.34  conectando a : https://jboss2.colfuturo.org/Formulario-Interno/ServicioIntegracionPotencial?wsdl

09:08:08 181.143.119.34  enviando datos : {"numeroDocumento":"1040182363",
            "nombre":"Juanita Isabel",
            "apellido":"Duque Botero",
            "email":"juanisduque@gmail.com",
            "fechaNacimiento":"24-08-2018",
            "ciudadResidencia":"Medellín, Antioquia, Colombia",
            "genero":"F",
            "celular":"",
            "listaInteresAreaEstudio":["Administración y Negocios"],
            "listaInteresIdioma":[""]}

09:08:14 181.143.119.34  respuesta HTTP/1.1 200 OK
Server: Apache-Coyote/1.1
Set-Cookie: JSESSIONID=mBOgFINwWskxMT6q18KsdQp5.undefined; Path=/Formulario-Interno
Content-Type: text/xml;charset=ISO-8859-1
Content-Length: 297
Date: Fri, 24 Aug 2018 14:51:38 GMT
Connection: close

&lt;soap:Envelope xmlns:soap=&quot;http://schemas.xmlsoap.org/soap/envelope/&quot;&gt;&lt;soap:Body&gt;&lt;ns1:crearFormularioPotencialResponse xmlns:ns1=&quot;http://www.colfuturo.org/potencial/ws/ServicioIntegracionPotencial&quot;&gt;&lt;return&gt;Creo formulario&lt;/return&gt;&lt;/ns1:crearFormularioPotencialResponse&gt;&lt;/soap:Body&gt;&lt;/soap:Envelope&gt;

11:08:41 179.18.62.232 desde:user/155289 preparando para almacenar usuario : 63518026

11:08:41 179.18.62.232  conectando a : https://jboss2.colfuturo.org/Formulario-Interno/ServicioIntegracionPotencial?wsdl

11:08:41 179.18.62.232  enviando datos : {"numeroDocumento":"63518026",
            "nombre":"Eliana ",
            "apellido":"Bustos Caro",
            "email":"ebustosc@unal.edu.co",
            "fechaNacimiento":"24-08-2018",
            "ciudadResidencia":"Bogotá, Colombia",
            "genero":"F",
            "celular":"",
            "listaInteresAreaEstudio":[""],
            "listaInteresIdioma":[""]}

11:08:44 179.18.62.232  respuesta HTTP/1.1 200 OK
Server: Apache-Coyote/1.1
Set-Cookie: JSESSIONID=-WAddLnZG3gUkczeaTLhE9Co.undefined; Path=/Formulario-Interno
Content-Type: text/xml;charset=ISO-8859-1
Content-Length: 301
Date: Fri, 24 Aug 2018 16:18:08 GMT
Connection: close

&lt;soap:Envelope xmlns:soap=&quot;http://schemas.xmlsoap.org/soap/envelope/&quot;&gt;&lt;soap:Body&gt;&lt;ns1:crearFormularioPotencialResponse xmlns:ns1=&quot;http://www.colfuturo.org/potencial/ws/ServicioIntegracionPotencial&quot;&gt;&lt;return&gt;Encontro formulario&lt;/return&gt;&lt;/ns1:crearFormularioPotencialResponse&gt;&lt;/soap:Body&gt;&lt;/soap:Envelope&gt;

11:08:41 186.83.244.171 desde:user/register preparando para almacenar usuario : 1032438658

11:08:41 186.83.244.171  conectando a : https://jboss2.colfuturo.org/Formulario-Interno/ServicioIntegracionPotencial?wsdl

11:08:41 186.83.244.171  enviando datos : {"numeroDocumento":"1032438658",
            "nombre":"Juan David ",
            "apellido":"Duarte Valenzuela ",
            "email":"Jdduartev@unal.edu.co",
            "fechaNacimiento":"24-08-2018",
            "ciudadResidencia":"Bogotá, Colombia",
            "genero":"M",
            "celular":"",
            "listaInteresAreaEstudio":["Administración y Negocios"],
            "listaInteresIdioma":["ingles"]}

11:08:46 186.83.244.171  respuesta HTTP/1.1 200 OK
Server: Apache-Coyote/1.1
Set-Cookie: JSESSIONID=M0JEHu9QPL-uggdYdHgZrWSP.undefined; Path=/Formulario-Interno
Content-Type: text/xml;charset=ISO-8859-1
Content-Length: 297
Date: Fri, 24 Aug 2018 16:29:10 GMT
Connection: close

&lt;soap:Envelope xmlns:soap=&quot;http://schemas.xmlsoap.org/soap/envelope/&quot;&gt;&lt;soap:Body&gt;&lt;ns1:crearFormularioPotencialResponse xmlns:ns1=&quot;http://www.colfuturo.org/potencial/ws/ServicioIntegracionPotencial&quot;&gt;&lt;return&gt;Creo formulario&lt;/return&gt;&lt;/ns1:crearFormularioPotencialResponse&gt;&lt;/soap:Body&gt;&lt;/soap:Envelope&gt;

11:08:13 181.62.198.59 desde:user/register preparando para almacenar usuario : 1020806390

11:08:13 181.62.198.59  conectando a : https://jboss2.colfuturo.org/Formulario-Interno/ServicioIntegracionPotencial?wsdl

11:08:13 181.62.198.59  enviando datos : {"numeroDocumento":"1020806390",
            "nombre":"Javier Fernando",
            "apellido":"Figueroa Blanco",
            "email":"chiqui.figueroa03@gmail.com",
            "fechaNacimiento":"24-08-2018",
            "ciudadResidencia":"Tunja, Boyacá, Colombia",
            "genero":"M",
            "celular":"",
            "listaInteresAreaEstudio":["Administración y Negocios","Arquitectura y Diseño","Artes","Ciencias Sociales","Educación"],
            "listaInteresIdioma":["ingles","frances"]}

11:08:18 181.62.198.59  respuesta HTTP/1.1 200 OK
Server: Apache-Coyote/1.1
Set-Cookie: JSESSIONID=l0MZnW-KCqzcXRzY-EAXuYud.undefined; Path=/Formulario-Interno
Content-Type: text/xml;charset=ISO-8859-1
Content-Length: 297
Date: Fri, 24 Aug 2018 16:33:42 GMT
Connection: close

&lt;soap:Envelope xmlns:soap=&quot;http://schemas.xmlsoap.org/soap/envelope/&quot;&gt;&lt;soap:Body&gt;&lt;ns1:crearFormularioPotencialResponse xmlns:ns1=&quot;http://www.colfuturo.org/potencial/ws/ServicioIntegracionPotencial&quot;&gt;&lt;return&gt;Creo formulario&lt;/return&gt;&lt;/ns1:crearFormularioPotencialResponse&gt;&lt;/soap:Body&gt;&lt;/soap:Envelope&gt;

11:08:00 181.62.198.59 desde:user/register preparando para almacenar usuario : 1049609153

11:08:00 181.62.198.59  conectando a : https://jboss2.colfuturo.org/Formulario-Interno/ServicioIntegracionPotencial?wsdl

11:08:00 181.62.198.59  enviando datos : {"numeroDocumento":"1049609153",
            "nombre":"AIDA JOHANA",
            "apellido":"FIGUEROA BLANCO",
            "email":"aida27_33@yahoo.es",
            "fechaNacimiento":"24-08-2018",
            "ciudadResidencia":"Tunja, Boyacá, Colombia",
            "genero":"F",
            "celular":"",
            "listaInteresAreaEstudio":["Ciencias Sociales"],
            "listaInteresIdioma":[""]}

11:08:06 181.62.198.59  respuesta HTTP/1.1 200 OK
Server: Apache-Coyote/1.1
Set-Cookie: JSESSIONID=tzRrL7UaViJtE7sfQU4OBE+7.undefined; Path=/Formulario-Interno
Content-Type: text/xml;charset=ISO-8859-1
Content-Length: 297
Date: Fri, 24 Aug 2018 16:40:30 GMT
Connection: close

&lt;soap:Envelope xmlns:soap=&quot;http://schemas.xmlsoap.org/soap/envelope/&quot;&gt;&lt;soap:Body&gt;&lt;ns1:crearFormularioPotencialResponse xmlns:ns1=&quot;http://www.colfuturo.org/potencial/ws/ServicioIntegracionPotencial&quot;&gt;&lt;return&gt;Creo formulario&lt;/return&gt;&lt;/ns1:crearFormularioPotencialResponse&gt;&lt;/soap:Body&gt;&lt;/soap:Envelope&gt;

11:08:16 186.86.222.19 desde:user/register preparando para almacenar usuario : 1060652659

11:08:16 186.86.222.19  conectando a : https://jboss2.colfuturo.org/Formulario-Interno/ServicioIntegracionPotencial?wsdl

11:08:16 186.86.222.19  enviando datos : {"numeroDocumento":"1060652659",
            "nombre":"Cristian Alberto",
            "apellido":"Parra Franco",
            "email":"cristianpf14@hotmail.com",
            "fechaNacimiento":"24-08-2018",
            "ciudadResidencia":"Manizales, Caldas, Colombia",
            "genero":"M",
            "celular":"",
            "listaInteresAreaEstudio":["Educación"],
            "listaInteresIdioma":[""]}

11:08:22 186.86.222.19  respuesta HTTP/1.1 200 OK
Server: Apache-Coyote/1.1
Set-Cookie: JSESSIONID=5URvY9HrgATkjnsg4pXxQijT.undefined; Path=/Formulario-Interno
Content-Type: text/xml;charset=ISO-8859-1
Content-Length: 297
Date: Fri, 24 Aug 2018 16:56:45 GMT
Connection: close

&lt;soap:Envelope xmlns:soap=&quot;http://schemas.xmlsoap.org/soap/envelope/&quot;&gt;&lt;soap:Body&gt;&lt;ns1:crearFormularioPotencialResponse xmlns:ns1=&quot;http://www.colfuturo.org/potencial/ws/ServicioIntegracionPotencial&quot;&gt;&lt;return&gt;Creo formulario&lt;/return&gt;&lt;/ns1:crearFormularioPotencialResponse&gt;&lt;/soap:Body&gt;&lt;/soap:Envelope&gt;

11:08:15 186.86.222.19 desde:user/229253 preparando para almacenar usuario : 1060652659

11:08:15 186.86.222.19  conectando a : https://jboss2.colfuturo.org/Formulario-Interno/ServicioIntegracionPotencial?wsdl

11:08:15 186.86.222.19  enviando datos : {"numeroDocumento":"1060652659",
            "nombre":"Cristian Alberto",
            "apellido":"Parra Franco",
            "email":"cristianpf14@hotmail.com",
            "fechaNacimiento":"24-08-2018",
            "ciudadResidencia":"Manizales, Caldas, Colombia",
            "genero":"M",
            "celular":"",
            "listaInteresAreaEstudio":["Educación"],
            "listaInteresIdioma":[""]}

11:08:18 186.86.222.19  respuesta HTTP/1.1 200 OK
Server: Apache-Coyote/1.1
Set-Cookie: JSESSIONID=ep+TFB8pCDOD5Q1hx-vcazbA.undefined; Path=/Formulario-Interno
Content-Type: text/xml;charset=ISO-8859-1
Content-Length: 301
Date: Fri, 24 Aug 2018 16:58:42 GMT
Connection: close

&lt;soap:Envelope xmlns:soap=&quot;http://schemas.xmlsoap.org/soap/envelope/&quot;&gt;&lt;soap:Body&gt;&lt;ns1:crearFormularioPotencialResponse xmlns:ns1=&quot;http://www.colfuturo.org/potencial/ws/ServicioIntegracionPotencial&quot;&gt;&lt;return&gt;Encontro formulario&lt;/return&gt;&lt;/ns1:crearFormularioPotencialResponse&gt;&lt;/soap:Body&gt;&lt;/soap:Envelope&gt;

12:08:12 190.13.50.49 desde:user/register preparando para almacenar usuario : 1098799616

12:08:12 190.13.50.49  conectando a : https://jboss2.colfuturo.org/Formulario-Interno/ServicioIntegracionPotencial?wsdl

12:08:12 190.13.50.49  enviando datos : {"numeroDocumento":"1098799616",
            "nombre":"Luis Ernesto",
            "apellido":"Páez Ortiz",
            "email":"netopaez97@hotmail.com",
            "fechaNacimiento":"24-08-2018",
            "ciudadResidencia":"Bucaramanga, Santander, Colombia",
            "genero":"M",
            "celular":"",
            "listaInteresAreaEstudio":["Administración y Negocios","Ingeniería"],
            "listaInteresIdioma":["ingles","frances"]}

12:08:19 190.13.50.49  respuesta HTTP/1.1 200 OK
Server: Apache-Coyote/1.1
Set-Cookie: JSESSIONID=Q3w8iFSz57NOp02GoXErDdc-.undefined; Path=/Formulario-Interno
Content-Type: text/xml;charset=ISO-8859-1
Content-Length: 297
Date: Fri, 24 Aug 2018 17:02:42 GMT
Connection: close

&lt;soap:Envelope xmlns:soap=&quot;http://schemas.xmlsoap.org/soap/envelope/&quot;&gt;&lt;soap:Body&gt;&lt;ns1:crearFormularioPotencialResponse xmlns:ns1=&quot;http://www.colfuturo.org/potencial/ws/ServicioIntegracionPotencial&quot;&gt;&lt;return&gt;Creo formulario&lt;/return&gt;&lt;/ns1:crearFormularioPotencialResponse&gt;&lt;/soap:Body&gt;&lt;/soap:Envelope&gt;

12:08:34 186.114.11.240 desde:user/register preparando para almacenar usuario : 1016031445

12:08:34 186.114.11.240  conectando a : https://jboss2.colfuturo.org/Formulario-Interno/ServicioIntegracionPotencial?wsdl

12:08:34 186.114.11.240  enviando datos : {"numeroDocumento":"1016031445",
            "nombre":"yon fredy",
            "apellido":"valbuena carreño",
            "email":"yon.valbuena@gmail.com",
            "fechaNacimiento":"24-08-2018",
            "ciudadResidencia":"Bogotá, Colombia",
            "genero":"M",
            "celular":"",
            "listaInteresAreaEstudio":[""],
            "listaInteresIdioma":["frances"]}

12:08:39 186.114.11.240  respuesta HTTP/1.1 200 OK
Server: Apache-Coyote/1.1
Set-Cookie: JSESSIONID=1U7Z2KYYq4WWVKp6HmfgzK2B.undefined; Path=/Formulario-Interno
Content-Type: text/xml;charset=ISO-8859-1
Content-Length: 297
Date: Fri, 24 Aug 2018 17:11:03 GMT
Connection: close

&lt;soap:Envelope xmlns:soap=&quot;http://schemas.xmlsoap.org/soap/envelope/&quot;&gt;&lt;soap:Body&gt;&lt;ns1:crearFormularioPotencialResponse xmlns:ns1=&quot;http://www.colfuturo.org/potencial/ws/ServicioIntegracionPotencial&quot;&gt;&lt;return&gt;Creo formulario&lt;/return&gt;&lt;/ns1:crearFormularioPotencialResponse&gt;&lt;/soap:Body&gt;&lt;/soap:Envelope&gt;

12:08:25 190.158.29.141 desde:user/register preparando para almacenar usuario : 1018489118

12:08:25 190.158.29.141  conectando a : https://jboss2.colfuturo.org/Formulario-Interno/ServicioIntegracionPotencial?wsdl

12:08:25 190.158.29.141  enviando datos : {"numeroDocumento":"1018489118",
            "nombre":"Frank Leonardo",
            "apellido":"Carreño Mendivelso",
            "email":"furanku_96@hotmail.com",
            "fechaNacimiento":"24-08-2018",
            "ciudadResidencia":"Bogotá, Colombia",
            "genero":"M",
            "celular":"",
            "listaInteresAreaEstudio":["Artes","Educación"],
            "listaInteresIdioma":["ingles","frances"]}

12:08:31 190.158.29.141  respuesta HTTP/1.1 200 OK
Server: Apache-Coyote/1.1
Set-Cookie: JSESSIONID=DNUrYdJSpK7e9xjM+atVkY0c.undefined; Path=/Formulario-Interno
Content-Type: text/xml;charset=ISO-8859-1
Content-Length: 297
Date: Fri, 24 Aug 2018 17:32:54 GMT
Connection: close

&lt;soap:Envelope xmlns:soap=&quot;http://schemas.xmlsoap.org/soap/envelope/&quot;&gt;&lt;soap:Body&gt;&lt;ns1:crearFormularioPotencialResponse xmlns:ns1=&quot;http://www.colfuturo.org/potencial/ws/ServicioIntegracionPotencial&quot;&gt;&lt;return&gt;Creo formulario&lt;/return&gt;&lt;/ns1:crearFormularioPotencialResponse&gt;&lt;/soap:Body&gt;&lt;/soap:Envelope&gt;

01:08:36 190.248.67.123 desde:user/register preparando para almacenar usuario : 1053810527

01:08:36 190.248.67.123  conectando a : https://jboss2.colfuturo.org/Formulario-Interno/ServicioIntegracionPotencial?wsdl

01:08:36 190.248.67.123  enviando datos : {"numeroDocumento":"1053810527",
            "nombre":"William Oswaldo",
            "apellido":"Gaviria Gutiérrez",
            "email":"wgaviria@umanizales.edu.co",
            "fechaNacimiento":"24-08-2018",
            "ciudadResidencia":"Manizales, Caldas, Colombia",
            "genero":"M",
            "celular":"",
            "listaInteresAreaEstudio":["Ciencias Políticas y Relaciones Internacionales","Ciencias Sociales","Educación"],
            "listaInteresIdioma":[""]}

01:08:42 190.248.67.123  respuesta HTTP/1.1 200 OK
Server: Apache-Coyote/1.1
Set-Cookie: JSESSIONID=0vpjXmw0gDbhGAnxtHJRFOU8.undefined; Path=/Formulario-Interno
Content-Type: text/xml;charset=ISO-8859-1
Content-Length: 297
Date: Fri, 24 Aug 2018 18:08:05 GMT
Connection: close

&lt;soap:Envelope xmlns:soap=&quot;http://schemas.xmlsoap.org/soap/envelope/&quot;&gt;&lt;soap:Body&gt;&lt;ns1:crearFormularioPotencialResponse xmlns:ns1=&quot;http://www.colfuturo.org/potencial/ws/ServicioIntegracionPotencial&quot;&gt;&lt;return&gt;Creo formulario&lt;/return&gt;&lt;/ns1:crearFormularioPotencialResponse&gt;&lt;/soap:Body&gt;&lt;/soap:Envelope&gt;

01:08:57 181.129.149.122 desde:user/register preparando para almacenar usuario : 1044420328

01:08:57 181.129.149.122  conectando a : https://jboss2.colfuturo.org/Formulario-Interno/ServicioIntegracionPotencial?wsdl

01:08:57 181.129.149.122  enviando datos : {"numeroDocumento":"1044420328",
            "nombre":"HEIDI YOHANNA",
            "apellido":"CASTRO RODRIGUEZ",
            "email":"HAYS_2985@HOTMAIL.COM",
            "fechaNacimiento":"24-08-2018",
            "ciudadResidencia":"Puerto Colombia, Atlántico, Colombia",
            "genero":"F",
            "celular":"",
            "listaInteresAreaEstudio":["Economía"],
            "listaInteresIdioma":["ingles"]}

01:08:03 181.129.149.122  respuesta HTTP/1.1 200 OK
Server: Apache-Coyote/1.1
Set-Cookie: JSESSIONID=OOLdUMAqIfNdtCKERUxWTJn-.undefined; Path=/Formulario-Interno
Content-Type: text/xml;charset=ISO-8859-1
Content-Length: 297
Date: Fri, 24 Aug 2018 18:08:27 GMT
Connection: close

&lt;soap:Envelope xmlns:soap=&quot;http://schemas.xmlsoap.org/soap/envelope/&quot;&gt;&lt;soap:Body&gt;&lt;ns1:crearFormularioPotencialResponse xmlns:ns1=&quot;http://www.colfuturo.org/potencial/ws/ServicioIntegracionPotencial&quot;&gt;&lt;return&gt;Creo formulario&lt;/return&gt;&lt;/ns1:crearFormularioPotencialResponse&gt;&lt;/soap:Body&gt;&lt;/soap:Envelope&gt;

02:08:08 181.57.134.50 desde:user/register preparando para almacenar usuario : 1010167635

02:08:08 181.57.134.50  conectando a : https://jboss2.colfuturo.org/Formulario-Interno/ServicioIntegracionPotencial?wsdl

02:08:08 181.57.134.50  enviando datos : {"numeroDocumento":"1010167635",
            "nombre":"nathaly",
            "apellido":"jimenez gutierrez",
            "email":"nathalyj2@hotmail.com",
            "fechaNacimiento":"24-08-2018",
            "ciudadResidencia":"Bogotá, Colombia",
            "genero":"F",
            "celular":"",
            "listaInteresAreaEstudio":[""],
            "listaInteresIdioma":["ingles"]}

02:08:14 181.57.134.50  respuesta HTTP/1.1 200 OK
Server: Apache-Coyote/1.1
Set-Cookie: JSESSIONID=E3OFl1kkZkgXQokGojTz5iNP.undefined; Path=/Formulario-Interno
Content-Type: text/xml;charset=ISO-8859-1
Content-Length: 297
Date: Fri, 24 Aug 2018 19:27:37 GMT
Connection: close

&lt;soap:Envelope xmlns:soap=&quot;http://schemas.xmlsoap.org/soap/envelope/&quot;&gt;&lt;soap:Body&gt;&lt;ns1:crearFormularioPotencialResponse xmlns:ns1=&quot;http://www.colfuturo.org/potencial/ws/ServicioIntegracionPotencial&quot;&gt;&lt;return&gt;Creo formulario&lt;/return&gt;&lt;/ns1:crearFormularioPotencialResponse&gt;&lt;/soap:Body&gt;&lt;/soap:Envelope&gt;

02:08:16 200.3.145.83 desde:user/register preparando para almacenar usuario : 1126003616

02:08:16 200.3.145.83  conectando a : https://jboss2.colfuturo.org/Formulario-Interno/ServicioIntegracionPotencial?wsdl

02:08:16 200.3.145.83  enviando datos : {"numeroDocumento":"1126003616",
            "nombre":"ANDRES",
            "apellido":"ARIAS PINEDA",
            "email":"andresap1995@gmail.com",
            "fechaNacimiento":"24-08-2018",
            "ciudadResidencia":"Medellín, Antioquia, Colombia",
            "genero":"M",
            "celular":"",
            "listaInteresAreaEstudio":["Administración y Negocios","Ingeniería"],
            "listaInteresIdioma":[""]}

02:08:22 200.3.145.83  respuesta HTTP/1.1 200 OK
Server: Apache-Coyote/1.1
Set-Cookie: JSESSIONID=hH7cjbZdtddTFhR0OR1gY1wv.undefined; Path=/Formulario-Interno
Content-Type: text/xml;charset=ISO-8859-1
Content-Length: 297
Date: Fri, 24 Aug 2018 19:30:46 GMT
Connection: close

&lt;soap:Envelope xmlns:soap=&quot;http://schemas.xmlsoap.org/soap/envelope/&quot;&gt;&lt;soap:Body&gt;&lt;ns1:crearFormularioPotencialResponse xmlns:ns1=&quot;http://www.colfuturo.org/potencial/ws/ServicioIntegracionPotencial&quot;&gt;&lt;return&gt;Creo formulario&lt;/return&gt;&lt;/ns1:crearFormularioPotencialResponse&gt;&lt;/soap:Body&gt;&lt;/soap:Envelope&gt;

02:08:25 181.49.139.190 desde:user/register preparando para almacenar usuario : 1072700968

02:08:25 181.49.139.190  conectando a : https://jboss2.colfuturo.org/Formulario-Interno/ServicioIntegracionPotencial?wsdl

02:08:25 181.49.139.190  enviando datos : {"numeroDocumento":"1072700968",
            "nombre":"Alejandra",
            "apellido":"Gallego Duque",
            "email":"alejandragallegoduque@gmail.com",
            "fechaNacimiento":"24-08-2018",
            "ciudadResidencia":"Bogotá, Colombia",
            "genero":"F",
            "celular":"",
            "listaInteresAreaEstudio":["Ingeniería"],
            "listaInteresIdioma":["ingles"]}

02:08:30 181.49.139.190  respuesta HTTP/1.1 200 OK
Server: Apache-Coyote/1.1
Set-Cookie: JSESSIONID=FelHTIXup0hd8EIKdUes15Tk.undefined; Path=/Formulario-Interno
Content-Type: text/xml;charset=ISO-8859-1
Content-Length: 297
Date: Fri, 24 Aug 2018 19:49:54 GMT
Connection: close

&lt;soap:Envelope xmlns:soap=&quot;http://schemas.xmlsoap.org/soap/envelope/&quot;&gt;&lt;soap:Body&gt;&lt;ns1:crearFormularioPotencialResponse xmlns:ns1=&quot;http://www.colfuturo.org/potencial/ws/ServicioIntegracionPotencial&quot;&gt;&lt;return&gt;Creo formulario&lt;/return&gt;&lt;/ns1:crearFormularioPotencialResponse&gt;&lt;/soap:Body&gt;&lt;/soap:Envelope&gt;

05:08:11 190.25.121.229 desde:user/register preparando para almacenar usuario : 1026282442

05:08:11 190.25.121.229  conectando a : https://jboss2.colfuturo.org/Formulario-Interno/ServicioIntegracionPotencial?wsdl

05:08:11 190.25.121.229  enviando datos : {"numeroDocumento":"1026282442",
            "nombre":"Alejandro David",
            "apellido":"Soler de la Fuente",
            "email":"delafuentesoler@gmail.com",
            "fechaNacimiento":"24-08-2018",
            "ciudadResidencia":"Bogotá, Colombia",
            "genero":"M",
            "celular":"",
            "listaInteresAreaEstudio":["Administración y Negocios","Ciencias Sociales"],
            "listaInteresIdioma":["frances"]}

05:08:18 190.25.121.229  respuesta HTTP/1.1 200 OK
Server: Apache-Coyote/1.1
Set-Cookie: JSESSIONID=Q0TB0Cdsk+1LvnKd0EGdsevH.undefined; Path=/Formulario-Interno
Content-Type: text/xml;charset=ISO-8859-1
Content-Length: 297
Date: Fri, 24 Aug 2018 22:47:42 GMT
Connection: close

&lt;soap:Envelope xmlns:soap=&quot;http://schemas.xmlsoap.org/soap/envelope/&quot;&gt;&lt;soap:Body&gt;&lt;ns1:crearFormularioPotencialResponse xmlns:ns1=&quot;http://www.colfuturo.org/potencial/ws/ServicioIntegracionPotencial&quot;&gt;&lt;return&gt;Creo formulario&lt;/return&gt;&lt;/ns1:crearFormularioPotencialResponse&gt;&lt;/soap:Body&gt;&lt;/soap:Envelope&gt;

09:08:23 161.18.10.232 desde:user/register preparando para almacenar usuario : 52118142

09:08:23 161.18.10.232  conectando a : https://jboss2.colfuturo.org/Formulario-Interno/ServicioIntegracionPotencial?wsdl

09:08:23 161.18.10.232  enviando datos : {"numeroDocumento":"52118142",
            "nombre":"Olga Yanneth",
            "apellido":"Velasquez Neira",
            "email":"salempaz@hotmail.com",
            "fechaNacimiento":"24-08-2018",
            "ciudadResidencia":"Bogotá, Colombia",
            "genero":"F",
            "celular":"",
            "listaInteresAreaEstudio":[""],
            "listaInteresIdioma":["ingles"]}

09:08:28 161.18.10.232  respuesta HTTP/1.1 200 OK
Server: Apache-Coyote/1.1
Set-Cookie: JSESSIONID=BvZ+Zq12WqOga7qL5GoNz3cA.undefined; Path=/Formulario-Interno
Content-Type: text/xml;charset=ISO-8859-1
Content-Length: 297
Date: Sat, 25 Aug 2018 02:33:52 GMT
Connection: close

&lt;soap:Envelope xmlns:soap=&quot;http://schemas.xmlsoap.org/soap/envelope/&quot;&gt;&lt;soap:Body&gt;&lt;ns1:crearFormularioPotencialResponse xmlns:ns1=&quot;http://www.colfuturo.org/potencial/ws/ServicioIntegracionPotencial&quot;&gt;&lt;return&gt;Creo formulario&lt;/return&gt;&lt;/ns1:crearFormularioPotencialResponse&gt;&lt;/soap:Body&gt;&lt;/soap:Envelope&gt;

10:08:19 190.130.107.242 desde:user/register preparando para almacenar usuario : 1023928887

10:08:19 190.130.107.242  conectando a : https://jboss2.colfuturo.org/Formulario-Interno/ServicioIntegracionPotencial?wsdl

10:08:19 190.130.107.242  enviando datos : {"numeroDocumento":"1023928887",
            "nombre":"Angie",
            "apellido":"Blanco",
            "email":"cathe.07@hotmail.com",
            "fechaNacimiento":"24-08-2018",
            "ciudadResidencia":"Bogotá DC, Bogotá, Colombia",
            "genero":"F",
            "celular":"",
            "listaInteresAreaEstudio":["Administración y Negocios","Economía"],
            "listaInteresIdioma":[""]}

10:08:24 190.130.107.242  respuesta HTTP/1.1 200 OK
Server: Apache-Coyote/1.1
Set-Cookie: JSESSIONID=O-w0t9JBjP5amf+43NVPqQco.undefined; Path=/Formulario-Interno
Content-Type: text/xml;charset=ISO-8859-1
Content-Length: 297
Date: Sat, 25 Aug 2018 03:19:48 GMT
Connection: close

&lt;soap:Envelope xmlns:soap=&quot;http://schemas.xmlsoap.org/soap/envelope/&quot;&gt;&lt;soap:Body&gt;&lt;ns1:crearFormularioPotencialResponse xmlns:ns1=&quot;http://www.colfuturo.org/potencial/ws/ServicioIntegracionPotencial&quot;&gt;&lt;return&gt;Creo formulario&lt;/return&gt;&lt;/ns1:crearFormularioPotencialResponse&gt;&lt;/soap:Body&gt;&lt;/soap:Envelope&gt;

10:08:11 186.86.25.95 desde:user/111385 preparando para almacenar usuario : 98672313

10:08:11 186.86.25.95  conectando a : https://jboss2.colfuturo.org/Formulario-Interno/ServicioIntegracionPotencial?wsdl

10:08:11 186.86.25.95  enviando datos : {"numeroDocumento":"98672313",
            "nombre":"Juan Camilo",
            "apellido":"Toro Echeverri",
            "email":"juancamilotoro17@gmail.com",
            "fechaNacimiento":"24-08-2018",
            "ciudadResidencia":"Medellín, Antioquia, Colombia",
            "genero":"M",
            "celular":"",
            "listaInteresAreaEstudio":[""],
            "listaInteresIdioma":[""]}

10:08:15 186.86.25.95  respuesta HTTP/1.1 200 OK
Server: Apache-Coyote/1.1
Set-Cookie: JSESSIONID=2-yCjQmHEhKX59ODoRiddwsD.undefined; Path=/Formulario-Interno
Content-Type: text/xml;charset=ISO-8859-1
Content-Length: 301
Date: Sat, 25 Aug 2018 03:24:38 GMT
Connection: close

&lt;soap:Envelope xmlns:soap=&quot;http://schemas.xmlsoap.org/soap/envelope/&quot;&gt;&lt;soap:Body&gt;&lt;ns1:crearFormularioPotencialResponse xmlns:ns1=&quot;http://www.colfuturo.org/potencial/ws/ServicioIntegracionPotencial&quot;&gt;&lt;return&gt;Encontro formulario&lt;/return&gt;&lt;/ns1:crearFormularioPotencialResponse&gt;&lt;/soap:Body&gt;&lt;/soap:Envelope&gt;

10:08:57 181.54.43.227 desde:user/register preparando para almacenar usuario : 2014180654

10:08:57 181.54.43.227  conectando a : https://jboss2.colfuturo.org/Formulario-Interno/ServicioIntegracionPotencial?wsdl

10:08:57 181.54.43.227  enviando datos : {"numeroDocumento":"2014180654",
            "nombre":"Katherine ",
            "apellido":"Lopez ",
            "email":"Katylopez140716@gmail.com",
            "fechaNacimiento":"24-08-2018",
            "ciudadResidencia":"Bogotá, Colombia",
            "genero":"F",
            "celular":"",
            "listaInteresAreaEstudio":[""],
            "listaInteresIdioma":["ingles"]}

10:08:02 181.54.43.227  respuesta HTTP/1.1 200 OK
Server: Apache-Coyote/1.1
Set-Cookie: JSESSIONID=c1hWV9CSCCXWvnzA9CSsr7e+.undefined; Path=/Formulario-Interno
Content-Type: text/xml;charset=ISO-8859-1
Content-Length: 297
Date: Sat, 25 Aug 2018 03:55:26 GMT
Connection: close

&lt;soap:Envelope xmlns:soap=&quot;http://schemas.xmlsoap.org/soap/envelope/&quot;&gt;&lt;soap:Body&gt;&lt;ns1:crearFormularioPotencialResponse xmlns:ns1=&quot;http://www.colfuturo.org/potencial/ws/ServicioIntegracionPotencial&quot;&gt;&lt;return&gt;Creo formulario&lt;/return&gt;&lt;/ns1:crearFormularioPotencialResponse&gt;&lt;/soap:Body&gt;&lt;/soap:Envelope&gt;

11:08:36 181.154.5.94 desde:user/register preparando para almacenar usuario : 1020745358

11:08:36 181.154.5.94  conectando a : https://jboss2.colfuturo.org/Formulario-Interno/ServicioIntegracionPotencial?wsdl

11:08:36 181.154.5.94  enviando datos : {"numeroDocumento":"1020745358",
            "nombre":"Daniel",
            "apellido":"Van den Berghe ",
            "email":"da.van32@gmail.com",
            "fechaNacimiento":"24-08-2018",
            "ciudadResidencia":"Bogotá, Colombia",
            "genero":"M",
            "celular":"",
            "listaInteresAreaEstudio":["Administración y Negocios"],
            "listaInteresIdioma":[""]}

11:08:41 181.154.5.94  respuesta HTTP/1.1 200 OK
Server: Apache-Coyote/1.1
Set-Cookie: JSESSIONID=VF3Y0e7lshX3NSLUC+JdVVsp.undefined; Path=/Formulario-Interno
Content-Type: text/xml;charset=ISO-8859-1
Content-Length: 297
Date: Sat, 25 Aug 2018 04:39:05 GMT
Connection: close

&lt;soap:Envelope xmlns:soap=&quot;http://schemas.xmlsoap.org/soap/envelope/&quot;&gt;&lt;soap:Body&gt;&lt;ns1:crearFormularioPotencialResponse xmlns:ns1=&quot;http://www.colfuturo.org/potencial/ws/ServicioIntegracionPotencial&quot;&gt;&lt;return&gt;Creo formulario&lt;/return&gt;&lt;/ns1:crearFormularioPotencialResponse&gt;&lt;/soap:Body&gt;&lt;/soap:Envelope&gt;

11:08:05 181.49.84.216 desde:user/register preparando para almacenar usuario : 1107509834

11:08:05 181.49.84.216  conectando a : https://jboss2.colfuturo.org/Formulario-Interno/ServicioIntegracionPotencial?wsdl

11:08:05 181.49.84.216  enviando datos : {"numeroDocumento":"1107509834",
            "nombre":"Rafael",
            "apellido":"Almanza Caicedo",
            "email":"almanzacaicedo@hotmail.com",
            "fechaNacimiento":"24-08-2018",
            "ciudadResidencia":"Cali, Valle del Cauca, Colombia",
            "genero":"M",
            "celular":"",
            "listaInteresAreaEstudio":["Artes"],
            "listaInteresIdioma":[""]}

11:08:10 181.49.84.216  respuesta HTTP/1.1 200 OK
Server: Apache-Coyote/1.1
Set-Cookie: JSESSIONID=E8f9o9g71TNapn3ltoPZIbEW.undefined; Path=/Formulario-Interno
Content-Type: text/xml;charset=ISO-8859-1
Content-Length: 297
Date: Sat, 25 Aug 2018 04:42:34 GMT
Connection: close

&lt;soap:Envelope xmlns:soap=&quot;http://schemas.xmlsoap.org/soap/envelope/&quot;&gt;&lt;soap:Body&gt;&lt;ns1:crearFormularioPotencialResponse xmlns:ns1=&quot;http://www.colfuturo.org/potencial/ws/ServicioIntegracionPotencial&quot;&gt;&lt;return&gt;Creo formulario&lt;/return&gt;&lt;/ns1:crearFormularioPotencialResponse&gt;&lt;/soap:Body&gt;&lt;/soap:Envelope&gt;

