12:09:57 71.95.187.189 desde:user/77326 preparando para almacenar usuario : 1015415979

12:09:57 71.95.187.189  conectando a : https://jboss2.colfuturo.org/Formulario-Interno/ServicioIntegracionPotencial?wsdl

12:09:57 71.95.187.189  enviando datos : {"numeroDocumento":"1015415979",
            "nombre":"Manuel",
            "apellido":"Velásquez Isaza",
            "email":"manuel.cinematographer@gmail.com",
            "fechaNacimiento":"18 ene 1984",
            "ciudadResidencia":"",
            "genero":"M",
            "celular":"",
            "listaInteresAreaEstudio":["Artes"],
            "listaInteresIdioma":[""]}

12:09:57 71.95.187.189  error inesperado 1: wsdl error: Getting https://jboss2.colfuturo.org/Formulario-Interno/ServicioIntegracionPotencial?wsdl - HTTP ERROR: Unsupported HTTP response status 502 Bad Gateway (soapclient->response has contents of the response)

12:09:57 71.95.187.189  respuesta 

08:09:24 134.96.80.164 desde:user/94045 preparando para almacenar usuario : 1014205955

08:09:24 134.96.80.164  conectando a : https://jboss2.colfuturo.org/Formulario-Interno/ServicioIntegracionPotencial?wsdl

08:09:24 134.96.80.164  enviando datos : {"numeroDocumento":"1014205955",
            "nombre":"Luis Alexander",
            "apellido":"Ávila Calderón",
            "email":"laavilac@unal.edu.co",
            "fechaNacimiento":"18 ene 1984",
            "ciudadResidencia":"",
            "genero":"M",
            "celular":"",
            "listaInteresAreaEstudio":["Ingeniería"],
            "listaInteresIdioma":[""]}

08:09:50 134.96.80.164  error inesperado 1: wsdl error: Getting https://jboss2.colfuturo.org/Formulario-Interno/ServicioIntegracionPotencial?wsdl - HTTP ERROR: Unsupported HTTP response status 502 Bad Gateway (soapclient->response has contents of the response)

08:09:50 134.96.80.164  respuesta 

09:09:18 190.131.222.108 desde:user/register preparando para almacenar usuario : 1080021522

09:09:18 190.131.222.108  conectando a : https://jboss2.colfuturo.org/Formulario-Interno/ServicioIntegracionPotencial?wsdl

09:09:18 190.131.222.108  enviando datos : {"numeroDocumento":"1080021522",
            "nombre":"Maria Jose ",
            "apellido":"Avendaño  olivera ",
            "email":"mariajoseavendano_03@outlook.com",
            "fechaNacimiento":"18 ene 1984",
            "ciudadResidencia":"Barranquilla, Atlántico, Colombia",
            "genero":"F",
            "celular":"",
            "listaInteresAreaEstudio":["Administración y Negocios"],
            "listaInteresIdioma":[""]}

09:09:44 190.131.222.108  error inesperado 1: wsdl error: Getting https://jboss2.colfuturo.org/Formulario-Interno/ServicioIntegracionPotencial?wsdl - HTTP ERROR: Unsupported HTTP response status 502 Bad Gateway (soapclient->response has contents of the response)

09:09:44 190.131.222.108  respuesta 

09:09:47 191.102.229.2 desde:user/register preparando para almacenar usuario : 1020753770

09:09:47 191.102.229.2  conectando a : https://jboss2.colfuturo.org/Formulario-Interno/ServicioIntegracionPotencial?wsdl

09:09:47 191.102.229.2  enviando datos : {"numeroDocumento":"1020753770",
            "nombre":"Laura",
            "apellido":"Gaitan",
            "email":"laurisgaitang@hotmail.com",
            "fechaNacimiento":"18 ene 1984",
            "ciudadResidencia":"Bogotá, Colombia",
            "genero":"F",
            "celular":"",
            "listaInteresAreaEstudio":["Administración y Negocios","Derecho"],
            "listaInteresIdioma":[""]}

09:09:16 191.102.229.2  error inesperado 1: wsdl error: Getting https://jboss2.colfuturo.org/Formulario-Interno/ServicioIntegracionPotencial?wsdl - HTTP ERROR: Unsupported HTTP response status 502 Bad Gateway (soapclient->response has contents of the response)

09:09:16 191.102.229.2  respuesta 

09:09:50 190.85.147.34 desde:user/register preparando para almacenar usuario : 94479326

09:09:50 190.85.147.34  conectando a : https://jboss2.colfuturo.org/Formulario-Interno/ServicioIntegracionPotencial?wsdl

09:09:50 190.85.147.34  enviando datos : {"numeroDocumento":"94479326",
            "nombre":"Camilo",
            "apellido":"Vélez Angarita",
            "email":"camilo.velez1829@gmail.com",
            "fechaNacimiento":"18 ene 1984",
            "ciudadResidencia":"Bogotá, Colombia",
            "genero":"M",
            "celular":"",
            "listaInteresAreaEstudio":["Arquitectura y Diseño"],
            "listaInteresIdioma":[""]}

09:09:16 190.85.147.34  error inesperado 1: wsdl error: Getting https://jboss2.colfuturo.org/Formulario-Interno/ServicioIntegracionPotencial?wsdl - HTTP ERROR: Unsupported HTTP response status 502 Bad Gateway (soapclient->response has contents of the response)

09:09:16 190.85.147.34  respuesta 

10:09:20 190.145.26.5 desde:user/register preparando para almacenar usuario : 19361681

10:09:20 190.145.26.5  conectando a : https://jboss2.colfuturo.org/Formulario-Interno/ServicioIntegracionPotencial?wsdl

10:09:20 190.145.26.5  enviando datos : {"numeroDocumento":"19361681",
            "nombre":"JORGE ALBERTO",
            "apellido":"ACUÑA ZARATE",
            "email":"jacuna43@hotmail.com",
            "fechaNacimiento":"18 ene 1984",
            "ciudadResidencia":"Bogotá, Colombia",
            "genero":"M",
            "celular":"",
            "listaInteresAreaEstudio":["Administración y Negocios"],
            "listaInteresIdioma":[""]}

10:09:45 190.145.26.5  error inesperado 1: wsdl error: Getting https://jboss2.colfuturo.org/Formulario-Interno/ServicioIntegracionPotencial?wsdl - HTTP ERROR: Unsupported HTTP response status 502 Bad Gateway (soapclient->response has contents of the response)

10:09:45 190.145.26.5  respuesta 

10:09:32 190.158.213.28 desde:user/register preparando para almacenar usuario : 1010021520

10:09:32 190.158.213.28  conectando a : https://jboss2.colfuturo.org/Formulario-Interno/ServicioIntegracionPotencial?wsdl

10:09:32 190.158.213.28  enviando datos : {"numeroDocumento":"1010021520",
            "nombre":"Brayan Stid",
            "apellido":"Ramirez Zapata",
            "email":"braianstid@gmail.com",
            "fechaNacimiento":"18 ene 1984",
            "ciudadResidencia":"Bogotá, Colombia",
            "genero":"M",
            "celular":"",
            "listaInteresAreaEstudio":["Ingeniería"],
            "listaInteresIdioma":[""]}

10:09:58 190.158.213.28  error inesperado 1: wsdl error: Getting https://jboss2.colfuturo.org/Formulario-Interno/ServicioIntegracionPotencial?wsdl - HTTP ERROR: Unsupported HTTP response status 502 Bad Gateway (soapclient->response has contents of the response)

10:09:58 190.158.213.28  respuesta 

10:09:18 200.1.175.62 desde:user/register preparando para almacenar usuario : 1015395008

10:09:18 200.1.175.62  conectando a : https://jboss2.colfuturo.org/Formulario-Interno/ServicioIntegracionPotencial?wsdl

10:09:18 200.1.175.62  enviando datos : {"numeroDocumento":"1015395008",
            "nombre":"Luis Alfonso ",
            "apellido":"Zambrano Cote",
            "email":"lzambran@bancolombia.com.co",
            "fechaNacimiento":"18 ene 1984",
            "ciudadResidencia":"Bogotá, Colombia",
            "genero":"M",
            "celular":"",
            "listaInteresAreaEstudio":["Administración y Negocios","Ingeniería"],
            "listaInteresIdioma":[""]}

10:09:43 200.1.175.62  error inesperado 1: wsdl error: Getting https://jboss2.colfuturo.org/Formulario-Interno/ServicioIntegracionPotencial?wsdl - HTTP ERROR: Unsupported HTTP response status 502 Bad Gateway (soapclient->response has contents of the response)

10:09:43 200.1.175.62  respuesta 

10:09:36 167.0.5.197 desde:user/register preparando para almacenar usuario : 1126764657

10:09:36 167.0.5.197  conectando a : https://jboss2.colfuturo.org/Formulario-Interno/ServicioIntegracionPotencial?wsdl

10:09:36 167.0.5.197  enviando datos : {"numeroDocumento":"1126764657",
            "nombre":"Juan José",
            "apellido":"Cuéllar Gómez",
            "email":"jjcuellar1993@gmail.com",
            "fechaNacimiento":"18 ene 1984",
            "ciudadResidencia":"Pasto, Nariño, Colombia",
            "genero":"M",
            "celular":"",
            "listaInteresAreaEstudio":["Artes"],
            "listaInteresIdioma":["ingles","frances"]}

10:09:38 167.0.5.197  respuesta HTTP/1.1 200 OK
Server: Apache-Coyote/1.1
Set-Cookie: JSESSIONID=q9i-RHLn-mprUOFNrYiPLCzF.undefined; Path=/Formulario-Interno
Content-Type: text/xml;charset=ISO-8859-1
Content-Length: 297
Date: Mon, 18 Sep 2017 15:17:38 GMT
Connection: close

&lt;soap:Envelope xmlns:soap=&quot;http://schemas.xmlsoap.org/soap/envelope/&quot;&gt;&lt;soap:Body&gt;&lt;ns1:crearFormularioPotencialResponse xmlns:ns1=&quot;http://www.colfuturo.org/potencial/ws/ServicioIntegracionPotencial&quot;&gt;&lt;return&gt;Creo formulario&lt;/return&gt;&lt;/ns1:crearFormularioPotencialResponse&gt;&lt;/soap:Body&gt;&lt;/soap:Envelope&gt;

10:09:19 200.1.175.62 desde:user/167434 preparando para almacenar usuario : 1015395008

10:09:19 200.1.175.62  conectando a : https://jboss2.colfuturo.org/Formulario-Interno/ServicioIntegracionPotencial?wsdl

10:09:19 200.1.175.62  enviando datos : {"numeroDocumento":"1015395008",
            "nombre":"Luis Alfonso ",
            "apellido":"Zambrano Cote",
            "email":"lzambran@bancolombia.com.co",
            "fechaNacimiento":"18 ene 1984",
            "ciudadResidencia":"Bogotá, Colombia",
            "genero":"M",
            "celular":"",
            "listaInteresAreaEstudio":["Administración y Negocios","Ingeniería"],
            "listaInteresIdioma":[""]}

10:09:20 200.1.175.62  respuesta HTTP/1.1 200 OK
Server: Apache-Coyote/1.1
Set-Cookie: JSESSIONID=m52H+hkl5i6Xcqta+7bgZoO7.undefined; Path=/Formulario-Interno
Content-Type: text/xml;charset=ISO-8859-1
Content-Length: 297
Date: Mon, 18 Sep 2017 15:18:20 GMT
Connection: close

&lt;soap:Envelope xmlns:soap=&quot;http://schemas.xmlsoap.org/soap/envelope/&quot;&gt;&lt;soap:Body&gt;&lt;ns1:crearFormularioPotencialResponse xmlns:ns1=&quot;http://www.colfuturo.org/potencial/ws/ServicioIntegracionPotencial&quot;&gt;&lt;return&gt;Creo formulario&lt;/return&gt;&lt;/ns1:crearFormularioPotencialResponse&gt;&lt;/soap:Body&gt;&lt;/soap:Envelope&gt;

10:09:48 138.51.117.111 desde:user/121376 preparando para almacenar usuario : 63550828

10:09:48 138.51.117.111  conectando a : https://jboss2.colfuturo.org/Formulario-Interno/ServicioIntegracionPotencial?wsdl

10:09:48 138.51.117.111  enviando datos : {"numeroDocumento":"63550828",
            "nombre":"Silvia Juliana",
            "apellido":"Luque Cala",
            "email":"silvia.juliana.luque.cala@gmail.com",
            "fechaNacimiento":"18 ene 1984",
            "ciudadResidencia":"Bogotá, Colombia",
            "genero":"F",
            "celular":"",
            "listaInteresAreaEstudio":[""],
            "listaInteresIdioma":[""]}

10:09:49 138.51.117.111  respuesta HTTP/1.1 200 OK
Server: Apache-Coyote/1.1
Set-Cookie: JSESSIONID=aOK5c3Z-w6LFqQnpruFOr2sI.undefined; Path=/Formulario-Interno
Content-Type: text/xml;charset=ISO-8859-1
Content-Length: 301
Date: Mon, 18 Sep 2017 15:44:48 GMT
Connection: close

&lt;soap:Envelope xmlns:soap=&quot;http://schemas.xmlsoap.org/soap/envelope/&quot;&gt;&lt;soap:Body&gt;&lt;ns1:crearFormularioPotencialResponse xmlns:ns1=&quot;http://www.colfuturo.org/potencial/ws/ServicioIntegracionPotencial&quot;&gt;&lt;return&gt;Encontro formulario&lt;/return&gt;&lt;/ns1:crearFormularioPotencialResponse&gt;&lt;/soap:Body&gt;&lt;/soap:Envelope&gt;

11:09:38 186.28.43.156 desde:user/register preparando para almacenar usuario : 1032484879

11:09:38 186.28.43.156  conectando a : https://jboss2.colfuturo.org/Formulario-Interno/ServicioIntegracionPotencial?wsdl

11:09:38 186.28.43.156  enviando datos : {"numeroDocumento":"1032484879",
            "nombre":"LINA MARIA ",
            "apellido":"RODRIGUEZ",
            "email":"diazastrid26@gmail.com",
            "fechaNacimiento":"18 ene 1984",
            "ciudadResidencia":"Bogotá, Colombia",
            "genero":"F",
            "celular":"",
            "listaInteresAreaEstudio":["Ciencias Agropecuarias y del Medio Ambiente","Ciencias de la Salud"],
            "listaInteresIdioma":["ingles"]}

11:09:40 186.28.43.156  respuesta HTTP/1.1 200 OK
Server: Apache-Coyote/1.1
Set-Cookie: JSESSIONID=hr4q5AlyWwvYQc0pSi19sYE9.undefined; Path=/Formulario-Interno
Content-Type: text/xml;charset=ISO-8859-1
Content-Length: 297
Date: Mon, 18 Sep 2017 16:23:40 GMT
Connection: close

&lt;soap:Envelope xmlns:soap=&quot;http://schemas.xmlsoap.org/soap/envelope/&quot;&gt;&lt;soap:Body&gt;&lt;ns1:crearFormularioPotencialResponse xmlns:ns1=&quot;http://www.colfuturo.org/potencial/ws/ServicioIntegracionPotencial&quot;&gt;&lt;return&gt;Creo formulario&lt;/return&gt;&lt;/ns1:crearFormularioPotencialResponse&gt;&lt;/soap:Body&gt;&lt;/soap:Envelope&gt;

11:09:38 190.27.182.91 desde:user/4481 preparando para almacenar usuario : 52020609

11:09:38 190.27.182.91  conectando a : https://jboss2.colfuturo.org/Formulario-Interno/ServicioIntegracionPotencial?wsdl

11:09:38 190.27.182.91  enviando datos : {"numeroDocumento":"52020609",
            "nombre":"María Clara",
            "apellido":"Echeverry Gaitán",
            "email":"mcecheverryg@unal.edu.co",
            "fechaNacimiento":"18 ene 1984",
            "ciudadResidencia":"",
            "genero":"F",
            "celular":"",
            "listaInteresAreaEstudio":["Ciencias de la Salud"],
            "listaInteresIdioma":[""]}

11:09:38 190.27.182.91  respuesta HTTP/1.1 200 OK
Server: Apache-Coyote/1.1
Set-Cookie: JSESSIONID=9++T1KV3wyQ-G6crUXR1l1SK.undefined; Path=/Formulario-Interno
Content-Type: text/xml;charset=ISO-8859-1
Content-Length: 301
Date: Mon, 18 Sep 2017 16:39:38 GMT
Connection: close

&lt;soap:Envelope xmlns:soap=&quot;http://schemas.xmlsoap.org/soap/envelope/&quot;&gt;&lt;soap:Body&gt;&lt;ns1:crearFormularioPotencialResponse xmlns:ns1=&quot;http://www.colfuturo.org/potencial/ws/ServicioIntegracionPotencial&quot;&gt;&lt;return&gt;Encontro formulario&lt;/return&gt;&lt;/ns1:crearFormularioPotencialResponse&gt;&lt;/soap:Body&gt;&lt;/soap:Envelope&gt;

11:09:22 200.13.246.34 desde:user/register preparando para almacenar usuario : 1128049848

11:09:22 200.13.246.34  conectando a : https://jboss2.colfuturo.org/Formulario-Interno/ServicioIntegracionPotencial?wsdl

11:09:22 200.13.246.34  enviando datos : {"numeroDocumento":"1128049848",
            "nombre":"Carlos",
            "apellido":"Hernandez",
            "email":"carlosandres.hm85@gmail.com",
            "fechaNacimiento":"18 ene 1984",
            "ciudadResidencia":"Cartagena, Bolívar, Colombia",
            "genero":"M",
            "celular":"",
            "listaInteresAreaEstudio":["Ingeniería"],
            "listaInteresIdioma":["ingles"]}

11:09:23 200.13.246.34  respuesta HTTP/1.1 200 OK
Server: Apache-Coyote/1.1
Set-Cookie: JSESSIONID=szZltN3Dy2eU8UVbdr3CeB-T.undefined; Path=/Formulario-Interno
Content-Type: text/xml;charset=ISO-8859-1
Content-Length: 297
Date: Mon, 18 Sep 2017 16:49:23 GMT
Connection: close

&lt;soap:Envelope xmlns:soap=&quot;http://schemas.xmlsoap.org/soap/envelope/&quot;&gt;&lt;soap:Body&gt;&lt;ns1:crearFormularioPotencialResponse xmlns:ns1=&quot;http://www.colfuturo.org/potencial/ws/ServicioIntegracionPotencial&quot;&gt;&lt;return&gt;Creo formulario&lt;/return&gt;&lt;/ns1:crearFormularioPotencialResponse&gt;&lt;/soap:Body&gt;&lt;/soap:Envelope&gt;

12:09:18 190.124.102.249 desde:user/register preparando para almacenar usuario : 1095803867

12:09:18 190.124.102.249  conectando a : https://jboss2.colfuturo.org/Formulario-Interno/ServicioIntegracionPotencial?wsdl

12:09:18 190.124.102.249  enviando datos : {"numeroDocumento":"1095803867",
            "nombre":"LUZ ",
            "apellido":"SIERRA ",
            "email":"luzhereima@gmail.com",
            "fechaNacimiento":"18 ene 1984",
            "ciudadResidencia":"Bucaramanga, Santander, Colombia",
            "genero":"F",
            "celular":"",
            "listaInteresAreaEstudio":[""],
            "listaInteresIdioma":["ingles"]}

12:09:19 190.124.102.249  respuesta HTTP/1.1 200 OK
Server: Apache-Coyote/1.1
Set-Cookie: JSESSIONID=OMXjEvdOTN-4RNjlxha3Pi+m.undefined; Path=/Formulario-Interno
Content-Type: text/xml;charset=ISO-8859-1
Content-Length: 297
Date: Mon, 18 Sep 2017 17:06:19 GMT
Connection: close

&lt;soap:Envelope xmlns:soap=&quot;http://schemas.xmlsoap.org/soap/envelope/&quot;&gt;&lt;soap:Body&gt;&lt;ns1:crearFormularioPotencialResponse xmlns:ns1=&quot;http://www.colfuturo.org/potencial/ws/ServicioIntegracionPotencial&quot;&gt;&lt;return&gt;Creo formulario&lt;/return&gt;&lt;/ns1:crearFormularioPotencialResponse&gt;&lt;/soap:Body&gt;&lt;/soap:Envelope&gt;

12:09:15 181.55.240.177 desde:user/119033 preparando para almacenar usuario : 1.018.435995

12:09:15 181.55.240.177  conectando a : https://jboss2.colfuturo.org/Formulario-Interno/ServicioIntegracionPotencial?wsdl

12:09:15 181.55.240.177  enviando datos : {"numeroDocumento":"1.018.435995",
            "nombre":"Camila ",
            "apellido":"Zárate Silva",
            "email":"zarsil1326@gmail.com",
            "fechaNacimiento":"18 ene 1984",
            "ciudadResidencia":"Bogotá, Colombia",
            "genero":"F",
            "celular":"",
            "listaInteresAreaEstudio":[""],
            "listaInteresIdioma":[""]}

12:09:15 181.55.240.177  respuesta HTTP/1.1 200 OK
Server: Apache-Coyote/1.1
Set-Cookie: JSESSIONID=ymbLVu6Yn8YR0bJ855OkYP0J.undefined; Path=/Formulario-Interno
Content-Type: text/xml;charset=ISO-8859-1
Content-Length: 301
Date: Mon, 18 Sep 2017 17:08:15 GMT
Connection: close

&lt;soap:Envelope xmlns:soap=&quot;http://schemas.xmlsoap.org/soap/envelope/&quot;&gt;&lt;soap:Body&gt;&lt;ns1:crearFormularioPotencialResponse xmlns:ns1=&quot;http://www.colfuturo.org/potencial/ws/ServicioIntegracionPotencial&quot;&gt;&lt;return&gt;Encontro formulario&lt;/return&gt;&lt;/ns1:crearFormularioPotencialResponse&gt;&lt;/soap:Body&gt;&lt;/soap:Envelope&gt;

12:09:20 186.154.123.249 desde:user/159928 preparando para almacenar usuario : 1026569866

12:09:20 186.154.123.249  conectando a : https://jboss2.colfuturo.org/Formulario-Interno/ServicioIntegracionPotencial?wsdl

12:09:20 186.154.123.249  enviando datos : {"numeroDocumento":"1026569866",
            "nombre":"Yesenia de los Ángeles",
            "apellido":"Lagos Nope",
            "email":"yeselagosnope@gmail.com",
            "fechaNacimiento":"18 ene 1984",
            "ciudadResidencia":"Bogotá, Colombia",
            "genero":"F",
            "celular":"",
            "listaInteresAreaEstudio":["Artes"],
            "listaInteresIdioma":[""]}

12:09:21 186.154.123.249  respuesta HTTP/1.1 200 OK
Server: Apache-Coyote/1.1
Set-Cookie: JSESSIONID=98sbp9aikr6MlGr0U3zXYam1.undefined; Path=/Formulario-Interno
Content-Type: text/xml;charset=ISO-8859-1
Content-Length: 301
Date: Mon, 18 Sep 2017 17:08:21 GMT
Connection: close

&lt;soap:Envelope xmlns:soap=&quot;http://schemas.xmlsoap.org/soap/envelope/&quot;&gt;&lt;soap:Body&gt;&lt;ns1:crearFormularioPotencialResponse xmlns:ns1=&quot;http://www.colfuturo.org/potencial/ws/ServicioIntegracionPotencial&quot;&gt;&lt;return&gt;Encontro formulario&lt;/return&gt;&lt;/ns1:crearFormularioPotencialResponse&gt;&lt;/soap:Body&gt;&lt;/soap:Envelope&gt;

12:09:58 201.216.32.78 desde:user/24890 preparando para almacenar usuario : 64703281

12:09:58 201.216.32.78  conectando a : https://jboss2.colfuturo.org/Formulario-Interno/ServicioIntegracionPotencial?wsdl

12:09:58 201.216.32.78  enviando datos : {"numeroDocumento":"64703281",
            "nombre":"Maria Angelica",
            "apellido":"Contreras Gutierrez",
            "email":"maria.contreras@pecet-colombia.org",
            "fechaNacimiento":"18 ene 1984",
            "ciudadResidencia":"Medellín, Antioquia, Colombia",
            "genero":"F",
            "celular":"",
            "listaInteresAreaEstudio":["Ciencias Básicas"],
            "listaInteresIdioma":[""]}

12:09:58 201.216.32.78  respuesta HTTP/1.1 200 OK
Server: Apache-Coyote/1.1
Set-Cookie: JSESSIONID=EjqDeqBbzXFCKGdhcBb98rMt.undefined; Path=/Formulario-Interno
Content-Type: text/xml;charset=ISO-8859-1
Content-Length: 301
Date: Mon, 18 Sep 2017 17:08:57 GMT
Connection: close

&lt;soap:Envelope xmlns:soap=&quot;http://schemas.xmlsoap.org/soap/envelope/&quot;&gt;&lt;soap:Body&gt;&lt;ns1:crearFormularioPotencialResponse xmlns:ns1=&quot;http://www.colfuturo.org/potencial/ws/ServicioIntegracionPotencial&quot;&gt;&lt;return&gt;Encontro formulario&lt;/return&gt;&lt;/ns1:crearFormularioPotencialResponse&gt;&lt;/soap:Body&gt;&lt;/soap:Envelope&gt;

12:09:06 190.8.240.215 desde:user/152711 preparando para almacenar usuario : 1129570749

12:09:06 190.8.240.215  conectando a : https://jboss2.colfuturo.org/Formulario-Interno/ServicioIntegracionPotencial?wsdl

12:09:06 190.8.240.215  enviando datos : {"numeroDocumento":"1129570749",
            "nombre":"Yurleys Karina",
            "apellido":"Mendoza Arrieta",
            "email":"ykmendoza@hotmail.com",
            "fechaNacimiento":"18 ene 1984",
            "ciudadResidencia":"Medellín, Antioquia, Colombia",
            "genero":"F",
            "celular":"",
            "listaInteresAreaEstudio":["Educación"],
            "listaInteresIdioma":[""]}

12:09:07 190.8.240.215  respuesta HTTP/1.1 200 OK
Server: Apache-Coyote/1.1
Set-Cookie: JSESSIONID=mXzBkVrb2wPDcPLmmWFIuvhw.undefined; Path=/Formulario-Interno
Content-Type: text/xml;charset=ISO-8859-1
Content-Length: 301
Date: Mon, 18 Sep 2017 17:29:06 GMT
Connection: close

&lt;soap:Envelope xmlns:soap=&quot;http://schemas.xmlsoap.org/soap/envelope/&quot;&gt;&lt;soap:Body&gt;&lt;ns1:crearFormularioPotencialResponse xmlns:ns1=&quot;http://www.colfuturo.org/potencial/ws/ServicioIntegracionPotencial&quot;&gt;&lt;return&gt;Encontro formulario&lt;/return&gt;&lt;/ns1:crearFormularioPotencialResponse&gt;&lt;/soap:Body&gt;&lt;/soap:Envelope&gt;

12:09:23 186.29.212.93 desde:user/register preparando para almacenar usuario : 1019141381

12:09:23 186.29.212.93  conectando a : https://jboss2.colfuturo.org/Formulario-Interno/ServicioIntegracionPotencial?wsdl

12:09:23 186.29.212.93  enviando datos : {"numeroDocumento":"1019141381",
            "nombre":"Karen",
            "apellido":"Renteria Coronado",
            "email":"karenrenteriacoronado@gmail.com",
            "fechaNacimiento":"18 ene 1984",
            "ciudadResidencia":"Bogotá, Colombia",
            "genero":"F",
            "celular":"",
            "listaInteresAreaEstudio":["Administración y Negocios","Ciencias Políticas y Relaciones Internacionales","Educación"],
            "listaInteresIdioma":["ingles"]}

12:09:25 186.29.212.93  respuesta HTTP/1.1 200 OK
Server: Apache-Coyote/1.1
Set-Cookie: JSESSIONID=AUiVshoFOFGyn8bcMhAMXOYG.undefined; Path=/Formulario-Interno
Content-Type: text/xml;charset=ISO-8859-1
Content-Length: 297
Date: Mon, 18 Sep 2017 17:34:25 GMT
Connection: close

&lt;soap:Envelope xmlns:soap=&quot;http://schemas.xmlsoap.org/soap/envelope/&quot;&gt;&lt;soap:Body&gt;&lt;ns1:crearFormularioPotencialResponse xmlns:ns1=&quot;http://www.colfuturo.org/potencial/ws/ServicioIntegracionPotencial&quot;&gt;&lt;return&gt;Creo formulario&lt;/return&gt;&lt;/ns1:crearFormularioPotencialResponse&gt;&lt;/soap:Body&gt;&lt;/soap:Envelope&gt;

12:09:06 186.113.21.234 desde:user/160286 preparando para almacenar usuario : 1102838665

12:09:06 186.113.21.234  conectando a : https://jboss2.colfuturo.org/Formulario-Interno/ServicioIntegracionPotencial?wsdl

12:09:06 186.113.21.234  enviando datos : {"numeroDocumento":"1102838665",
            "nombre":"KELLY FERNANDA",
            "apellido":"ACOSTA SALGADO",
            "email":"KELLYACOSTA91@HOTMAIL.COM",
            "fechaNacimiento":"18 ene 1984",
            "ciudadResidencia":"Sincelejo, Sucre, Colombia",
            "genero":"F",
            "celular":"",
            "listaInteresAreaEstudio":[""],
            "listaInteresIdioma":[""]}

12:09:07 186.113.21.234  client->fault: 

12:09:07 186.113.21.234  respuesta HTTP/1.1 500 Internal Server Error
Server: Apache-Coyote/1.1
Set-Cookie: JSESSIONID=CfdkErgLqNgVjR0xkM8L6EaO.undefined; Path=/Formulario-Interno
Content-Type: text/xml;charset=ISO-8859-1
Content-Length: 225
Date: Mon, 18 Sep 2017 17:42:06 GMT
Connection: close

&lt;soap:Envelope xmlns:soap=&quot;http://schemas.xmlsoap.org/soap/envelope/&quot;&gt;&lt;soap:Body&gt;&lt;soap:Fault&gt;&lt;faultcode&gt;soap:Server&lt;/faultcode&gt;&lt;faultstring&gt;java.lang.NullPointerException&lt;/faultstring&gt;&lt;/soap:Fault&gt;&lt;/soap:Body&gt;&lt;/soap:Envelope&gt;

01:09:03 181.155.88.131 desde:user/register preparando para almacenar usuario : 79829821

01:09:03 181.155.88.131  conectando a : https://jboss2.colfuturo.org/Formulario-Interno/ServicioIntegracionPotencial?wsdl

01:09:03 181.155.88.131  enviando datos : {"numeroDocumento":"79829821",
            "nombre":"Alex ",
            "apellido":"Ordóñez Argote",
            "email":"alexord13@hotmail.com",
            "fechaNacimiento":"18 ene 1984",
            "ciudadResidencia":"Bogotá, Colombia",
            "genero":"M",
            "celular":"",
            "listaInteresAreaEstudio":["Ciencias de la Salud"],
            "listaInteresIdioma":["ingles"]}

01:09:04 181.155.88.131  respuesta HTTP/1.1 200 OK
Server: Apache-Coyote/1.1
Set-Cookie: JSESSIONID=pZeumjHeW74pBnsGPmyRjdRk.undefined; Path=/Formulario-Interno
Content-Type: text/xml;charset=ISO-8859-1
Content-Length: 297
Date: Mon, 18 Sep 2017 18:03:04 GMT
Connection: close

&lt;soap:Envelope xmlns:soap=&quot;http://schemas.xmlsoap.org/soap/envelope/&quot;&gt;&lt;soap:Body&gt;&lt;ns1:crearFormularioPotencialResponse xmlns:ns1=&quot;http://www.colfuturo.org/potencial/ws/ServicioIntegracionPotencial&quot;&gt;&lt;return&gt;Creo formulario&lt;/return&gt;&lt;/ns1:crearFormularioPotencialResponse&gt;&lt;/soap:Body&gt;&lt;/soap:Envelope&gt;

01:09:51 190.147.17.179 desde:user/register preparando para almacenar usuario : 1020786303

01:09:51 190.147.17.179  conectando a : https://jboss2.colfuturo.org/Formulario-Interno/ServicioIntegracionPotencial?wsdl

01:09:51 190.147.17.179  enviando datos : {"numeroDocumento":"1020786303",
            "nombre":"maria  paula",
            "apellido":"millan venegas",
            "email":"paomv_15@hotmail.com",
            "fechaNacimiento":"18 ene 1984",
            "ciudadResidencia":"bogota",
            "genero":"F",
            "celular":"",
            "listaInteresAreaEstudio":["Ingeniería"],
            "listaInteresIdioma":["ingles","frances"]}

01:09:52 190.147.17.179  respuesta HTTP/1.1 200 OK
Server: Apache-Coyote/1.1
Set-Cookie: JSESSIONID=642sL7ThqPVZzDI7ImAzOQ35.undefined; Path=/Formulario-Interno
Content-Type: text/xml;charset=ISO-8859-1
Content-Length: 297
Date: Mon, 18 Sep 2017 18:29:52 GMT
Connection: close

&lt;soap:Envelope xmlns:soap=&quot;http://schemas.xmlsoap.org/soap/envelope/&quot;&gt;&lt;soap:Body&gt;&lt;ns1:crearFormularioPotencialResponse xmlns:ns1=&quot;http://www.colfuturo.org/potencial/ws/ServicioIntegracionPotencial&quot;&gt;&lt;return&gt;Creo formulario&lt;/return&gt;&lt;/ns1:crearFormularioPotencialResponse&gt;&lt;/soap:Body&gt;&lt;/soap:Envelope&gt;

02:09:56 181.49.94.142 desde:user/164604 preparando para almacenar usuario : 1039447407

02:09:56 181.49.94.142  conectando a : https://jboss2.colfuturo.org/Formulario-Interno/ServicioIntegracionPotencial?wsdl

02:09:56 181.49.94.142  enviando datos : {"numeroDocumento":"1039447407",
            "nombre":"Sara",
            "apellido":"Álvarez García",
            "email":"sara.alvarezg@udea.edu.co",
            "fechaNacimiento":"18 ene 1984",
            "ciudadResidencia":"Sabaneta, Antioquia, Colombia",
            "genero":"F",
            "celular":"",
            "listaInteresAreaEstudio":["Artes","Ciencias Sociales"],
            "listaInteresIdioma":[""]}

02:09:56 181.49.94.142  respuesta HTTP/1.1 200 OK
Server: Apache-Coyote/1.1
Set-Cookie: JSESSIONID=SKlnKVhlYY+1eonl0sPpDNHN.undefined; Path=/Formulario-Interno
Content-Type: text/xml;charset=ISO-8859-1
Content-Length: 301
Date: Mon, 18 Sep 2017 19:00:56 GMT
Connection: close

&lt;soap:Envelope xmlns:soap=&quot;http://schemas.xmlsoap.org/soap/envelope/&quot;&gt;&lt;soap:Body&gt;&lt;ns1:crearFormularioPotencialResponse xmlns:ns1=&quot;http://www.colfuturo.org/potencial/ws/ServicioIntegracionPotencial&quot;&gt;&lt;return&gt;Encontro formulario&lt;/return&gt;&lt;/ns1:crearFormularioPotencialResponse&gt;&lt;/soap:Body&gt;&lt;/soap:Envelope&gt;

02:09:54 177.252.250.149 desde:user/register preparando para almacenar usuario : 1019126929

02:09:54 177.252.250.149  conectando a : https://jboss2.colfuturo.org/Formulario-Interno/ServicioIntegracionPotencial?wsdl

02:09:54 177.252.250.149  enviando datos : {"numeroDocumento":"1019126929",
            "nombre":"Juan Felipe ",
            "apellido":"Lizcano Mendoza ",
            "email":"Juanflizcanom@gmail.com",
            "fechaNacimiento":"18 ene 1984",
            "ciudadResidencia":"Bogotá, Colombia",
            "genero":"M",
            "celular":"",
            "listaInteresAreaEstudio":[""],
            "listaInteresIdioma":["ingles"]}

02:09:55 177.252.250.149  respuesta HTTP/1.1 200 OK
Server: Apache-Coyote/1.1
Set-Cookie: JSESSIONID=hVzktl6duB-eTN4gT4HLfDpT.undefined; Path=/Formulario-Interno
Content-Type: text/xml;charset=ISO-8859-1
Content-Length: 297
Date: Mon, 18 Sep 2017 19:33:55 GMT
Connection: close

&lt;soap:Envelope xmlns:soap=&quot;http://schemas.xmlsoap.org/soap/envelope/&quot;&gt;&lt;soap:Body&gt;&lt;ns1:crearFormularioPotencialResponse xmlns:ns1=&quot;http://www.colfuturo.org/potencial/ws/ServicioIntegracionPotencial&quot;&gt;&lt;return&gt;Creo formulario&lt;/return&gt;&lt;/ns1:crearFormularioPotencialResponse&gt;&lt;/soap:Body&gt;&lt;/soap:Envelope&gt;

03:09:26 201.184.254.122 desde:user/register preparando para almacenar usuario : 1152438995

03:09:26 201.184.254.122  conectando a : https://jboss2.colfuturo.org/Formulario-Interno/ServicioIntegracionPotencial?wsdl

03:09:26 201.184.254.122  enviando datos : {"numeroDocumento":"1152438995",
            "nombre":"Maria Camila",
            "apellido":"Pérez Uribe",
            "email":"camilaperezu@gmail.com",
            "fechaNacimiento":"18 ene 1984",
            "ciudadResidencia":"Colombia, Medellín, Antioquia, Colombia",
            "genero":"F",
            "celular":"",
            "listaInteresAreaEstudio":["Administración y Negocios"],
            "listaInteresIdioma":[""]}

03:09:31 201.184.254.122  respuesta HTTP/1.1 200 OK
Server: Apache-Coyote/1.1
Set-Cookie: JSESSIONID=l7sETgbYqjCXMbYhJi9f-EY-.undefined; Path=/Formulario-Interno
Content-Type: text/xml;charset=ISO-8859-1
Content-Length: 297
Date: Mon, 18 Sep 2017 20:12:31 GMT
Connection: close

&lt;soap:Envelope xmlns:soap=&quot;http://schemas.xmlsoap.org/soap/envelope/&quot;&gt;&lt;soap:Body&gt;&lt;ns1:crearFormularioPotencialResponse xmlns:ns1=&quot;http://www.colfuturo.org/potencial/ws/ServicioIntegracionPotencial&quot;&gt;&lt;return&gt;Creo formulario&lt;/return&gt;&lt;/ns1:crearFormularioPotencialResponse&gt;&lt;/soap:Body&gt;&lt;/soap:Envelope&gt;

03:09:32 191.150.64.78 desde:user/146996 preparando para almacenar usuario : 1108762986

03:09:32 191.150.64.78  conectando a : https://jboss2.colfuturo.org/Formulario-Interno/ServicioIntegracionPotencial?wsdl

03:09:32 191.150.64.78  enviando datos : {"numeroDocumento":"1108762986",
            "nombre":"IVAN DEL CRISTO ",
            "apellido":"GUERRA CAMARGO",
            "email":"gkivan21@gmail.com",
            "fechaNacimiento":"18 ene 1984",
            "ciudadResidencia":"Sincelejo, Sucre, Colombia",
            "genero":"M",
            "celular":"",
            "listaInteresAreaEstudio":["Ciencias de la Salud"],
            "listaInteresIdioma":["ingles"]}

03:09:32 191.150.64.78  respuesta HTTP/1.1 200 OK
Server: Apache-Coyote/1.1
Set-Cookie: JSESSIONID=ZP3ISGNJZwOBjIWNpOxoQm-0.undefined; Path=/Formulario-Interno
Content-Type: text/xml;charset=ISO-8859-1
Content-Length: 301
Date: Mon, 18 Sep 2017 20:14:32 GMT
Connection: close

&lt;soap:Envelope xmlns:soap=&quot;http://schemas.xmlsoap.org/soap/envelope/&quot;&gt;&lt;soap:Body&gt;&lt;ns1:crearFormularioPotencialResponse xmlns:ns1=&quot;http://www.colfuturo.org/potencial/ws/ServicioIntegracionPotencial&quot;&gt;&lt;return&gt;Encontro formulario&lt;/return&gt;&lt;/ns1:crearFormularioPotencialResponse&gt;&lt;/soap:Body&gt;&lt;/soap:Envelope&gt;

03:09:44 181.56.41.83 desde:user/154081 preparando para almacenar usuario : 1022387766

03:09:44 181.56.41.83  conectando a : https://jboss2.colfuturo.org/Formulario-Interno/ServicioIntegracionPotencial?wsdl

03:09:44 181.56.41.83  enviando datos : {"numeroDocumento":"1022387766",
            "nombre":"Adriana",
            "apellido":"Sánchez",
            "email":"adriana_2938@hotmail.com",
            "fechaNacimiento":"18 ene 1984",
            "ciudadResidencia":"Bogotá, Colombia",
            "genero":"F",
            "celular":"",
            "listaInteresAreaEstudio":["Administración y Negocios","Ciencias Políticas y Relaciones Internacionales","Ciencias Sociales"],
            "listaInteresIdioma":[""]}

03:09:45 181.56.41.83  respuesta HTTP/1.1 200 OK
Server: Apache-Coyote/1.1
Set-Cookie: JSESSIONID=D60yRUXXKv0gOAHZa0l1JFKD.undefined; Path=/Formulario-Interno
Content-Type: text/xml;charset=ISO-8859-1
Content-Length: 301
Date: Mon, 18 Sep 2017 20:17:44 GMT
Connection: close

&lt;soap:Envelope xmlns:soap=&quot;http://schemas.xmlsoap.org/soap/envelope/&quot;&gt;&lt;soap:Body&gt;&lt;ns1:crearFormularioPotencialResponse xmlns:ns1=&quot;http://www.colfuturo.org/potencial/ws/ServicioIntegracionPotencial&quot;&gt;&lt;return&gt;Encontro formulario&lt;/return&gt;&lt;/ns1:crearFormularioPotencialResponse&gt;&lt;/soap:Body&gt;&lt;/soap:Envelope&gt;

03:09:19 181.143.148.10 desde:user/register preparando para almacenar usuario : 1010214769

03:09:19 181.143.148.10  conectando a : https://jboss2.colfuturo.org/Formulario-Interno/ServicioIntegracionPotencial?wsdl

03:09:19 181.143.148.10  enviando datos : {"numeroDocumento":"1010214769",
            "nombre":"ESTHEFANIA",
            "apellido":"VARGAS",
            "email":"esthefaniavargasvargas@gmail.com",
            "fechaNacimiento":"18 ene 1984",
            "ciudadResidencia":"Bogotá, Colombia",
            "genero":"F",
            "celular":"",
            "listaInteresAreaEstudio":["Derecho"],
            "listaInteresIdioma":[""]}

03:09:21 181.143.148.10  respuesta HTTP/1.1 200 OK
Server: Apache-Coyote/1.1
Set-Cookie: JSESSIONID=H7EqejWRyIAyWD489Q1gkdC8.undefined; Path=/Formulario-Interno
Content-Type: text/xml;charset=ISO-8859-1
Content-Length: 297
Date: Mon, 18 Sep 2017 20:19:21 GMT
Connection: close

&lt;soap:Envelope xmlns:soap=&quot;http://schemas.xmlsoap.org/soap/envelope/&quot;&gt;&lt;soap:Body&gt;&lt;ns1:crearFormularioPotencialResponse xmlns:ns1=&quot;http://www.colfuturo.org/potencial/ws/ServicioIntegracionPotencial&quot;&gt;&lt;return&gt;Creo formulario&lt;/return&gt;&lt;/ns1:crearFormularioPotencialResponse&gt;&lt;/soap:Body&gt;&lt;/soap:Envelope&gt;

03:09:05 190.242.62.251 desde:user/167233 preparando para almacenar usuario : 1102860070

03:09:05 190.242.62.251  conectando a : https://jboss2.colfuturo.org/Formulario-Interno/ServicioIntegracionPotencial?wsdl

03:09:05 190.242.62.251  enviando datos : {"numeroDocumento":"1102860070",
            "nombre":"Genesy",
            "apellido":"Pérez Jorge",
            "email":"genesypj2525@hotmail.com",
            "fechaNacimiento":"18 ene 1984",
            "ciudadResidencia":"Cartagena, Bolívar, Colombia",
            "genero":"F",
            "celular":"",
            "listaInteresAreaEstudio":[""],
            "listaInteresIdioma":[""]}

03:09:06 190.242.62.251  respuesta HTTP/1.1 200 OK
Server: Apache-Coyote/1.1
Set-Cookie: JSESSIONID=nlzRpWxUUDUF2yqMxFey5ZHT.undefined; Path=/Formulario-Interno
Content-Type: text/xml;charset=ISO-8859-1
Content-Length: 301
Date: Mon, 18 Sep 2017 20:30:06 GMT
Connection: close

&lt;soap:Envelope xmlns:soap=&quot;http://schemas.xmlsoap.org/soap/envelope/&quot;&gt;&lt;soap:Body&gt;&lt;ns1:crearFormularioPotencialResponse xmlns:ns1=&quot;http://www.colfuturo.org/potencial/ws/ServicioIntegracionPotencial&quot;&gt;&lt;return&gt;Encontro formulario&lt;/return&gt;&lt;/ns1:crearFormularioPotencialResponse&gt;&lt;/soap:Body&gt;&lt;/soap:Envelope&gt;

03:09:58 190.143.105.54 desde:user/register preparando para almacenar usuario : 25364184

03:09:58 190.143.105.54  conectando a : https://jboss2.colfuturo.org/Formulario-Interno/ServicioIntegracionPotencial?wsdl

03:09:58 190.143.105.54  enviando datos : {"numeroDocumento":"25364184",
            "nombre":"MONICA",
            "apellido":"MORA",
            "email":"monifermo@gmail.com",
            "fechaNacimiento":"18 ene 1984",
            "ciudadResidencia":"Colombia",
            "genero":"M",
            "celular":"",
            "listaInteresAreaEstudio":["Derecho"],
            "listaInteresIdioma":[""]}

03:09:00 190.143.105.54  respuesta HTTP/1.1 200 OK
Server: Apache-Coyote/1.1
Set-Cookie: JSESSIONID=OasItxHgav5rCoZyQ7HNdb-s.undefined; Path=/Formulario-Interno
Content-Type: text/xml;charset=ISO-8859-1
Content-Length: 297
Date: Mon, 18 Sep 2017 20:39:00 GMT
Connection: close

&lt;soap:Envelope xmlns:soap=&quot;http://schemas.xmlsoap.org/soap/envelope/&quot;&gt;&lt;soap:Body&gt;&lt;ns1:crearFormularioPotencialResponse xmlns:ns1=&quot;http://www.colfuturo.org/potencial/ws/ServicioIntegracionPotencial&quot;&gt;&lt;return&gt;Creo formulario&lt;/return&gt;&lt;/ns1:crearFormularioPotencialResponse&gt;&lt;/soap:Body&gt;&lt;/soap:Envelope&gt;

03:09:18 200.31.68.98 desde:user/register preparando para almacenar usuario : 1013589241

03:09:18 200.31.68.98  conectando a : https://jboss2.colfuturo.org/Formulario-Interno/ServicioIntegracionPotencial?wsdl

03:09:18 200.31.68.98  enviando datos : {"numeroDocumento":"1013589241",
            "nombre":"David Alejandro ",
            "apellido":"Montoya Bolaños",
            "email":"alejomontoya48@gmail.com",
            "fechaNacimiento":"18 ene 1984",
            "ciudadResidencia":"Bogotá, Colombia",
            "genero":"M",
            "celular":"",
            "listaInteresAreaEstudio":["Derecho"],
            "listaInteresIdioma":["ingles"]}

03:09:19 200.31.68.98  respuesta HTTP/1.1 200 OK
Server: Apache-Coyote/1.1
Set-Cookie: JSESSIONID=S47RPAxdMsZC9Ow-YzldbJfA.undefined; Path=/Formulario-Interno
Content-Type: text/xml;charset=ISO-8859-1
Content-Length: 297
Date: Mon, 18 Sep 2017 20:45:19 GMT
Connection: close

&lt;soap:Envelope xmlns:soap=&quot;http://schemas.xmlsoap.org/soap/envelope/&quot;&gt;&lt;soap:Body&gt;&lt;ns1:crearFormularioPotencialResponse xmlns:ns1=&quot;http://www.colfuturo.org/potencial/ws/ServicioIntegracionPotencial&quot;&gt;&lt;return&gt;Creo formulario&lt;/return&gt;&lt;/ns1:crearFormularioPotencialResponse&gt;&lt;/soap:Body&gt;&lt;/soap:Envelope&gt;

03:09:21 190.145.152.1 desde:user/65586 preparando para almacenar usuario : 30050845

03:09:21 190.145.152.1  conectando a : https://jboss2.colfuturo.org/Formulario-Interno/ServicioIntegracionPotencial?wsdl

03:09:21 190.145.152.1  enviando datos : {"numeroDocumento":"30050845",
            "nombre":"Ana Maria ",
            "apellido":"Arias Diaz",
            "email":"anamaarias@gmail.com",
            "fechaNacimiento":"18 ene 1984",
            "ciudadResidencia":"",
            "genero":"F",
            "celular":"",
            "listaInteresAreaEstudio":["Ciencias Sociales"],
            "listaInteresIdioma":[""]}

03:09:21 190.145.152.1  respuesta HTTP/1.1 200 OK
Server: Apache-Coyote/1.1
Set-Cookie: JSESSIONID=rQR0lUyHGQdN2avYQpoWSGfm.undefined; Path=/Formulario-Interno
Content-Type: text/xml;charset=ISO-8859-1
Content-Length: 301
Date: Mon, 18 Sep 2017 20:51:21 GMT
Connection: close

&lt;soap:Envelope xmlns:soap=&quot;http://schemas.xmlsoap.org/soap/envelope/&quot;&gt;&lt;soap:Body&gt;&lt;ns1:crearFormularioPotencialResponse xmlns:ns1=&quot;http://www.colfuturo.org/potencial/ws/ServicioIntegracionPotencial&quot;&gt;&lt;return&gt;Encontro formulario&lt;/return&gt;&lt;/ns1:crearFormularioPotencialResponse&gt;&lt;/soap:Body&gt;&lt;/soap:Envelope&gt;

03:09:43 152.231.29.195 desde:user/register preparando para almacenar usuario : 80161452

03:09:43 152.231.29.195  conectando a : https://jboss2.colfuturo.org/Formulario-Interno/ServicioIntegracionPotencial?wsdl

03:09:43 152.231.29.195  enviando datos : {"numeroDocumento":"80161452",
            "nombre":"Hildebrando",
            "apellido":"Gomez Erazo",
            "email":"hge1232009@hotmail.com",
            "fechaNacimiento":"18 ene 1984",
            "ciudadResidencia":"Pasto, Nariño, Colombia",
            "genero":"M",
            "celular":"",
            "listaInteresAreaEstudio":["Ingeniería"],
            "listaInteresIdioma":[""]}

03:09:44 152.231.29.195  respuesta HTTP/1.1 200 OK
Server: Apache-Coyote/1.1
Set-Cookie: JSESSIONID=-3lOVDmAlRpN8iwgBXyL2+l0.undefined; Path=/Formulario-Interno
Content-Type: text/xml;charset=ISO-8859-1
Content-Length: 297
Date: Mon, 18 Sep 2017 20:54:44 GMT
Connection: close

&lt;soap:Envelope xmlns:soap=&quot;http://schemas.xmlsoap.org/soap/envelope/&quot;&gt;&lt;soap:Body&gt;&lt;ns1:crearFormularioPotencialResponse xmlns:ns1=&quot;http://www.colfuturo.org/potencial/ws/ServicioIntegracionPotencial&quot;&gt;&lt;return&gt;Creo formulario&lt;/return&gt;&lt;/ns1:crearFormularioPotencialResponse&gt;&lt;/soap:Body&gt;&lt;/soap:Envelope&gt;

04:09:07 187.189.151.37 desde:user/149491 preparando para almacenar usuario : 94552217

04:09:07 187.189.151.37  conectando a : https://jboss2.colfuturo.org/Formulario-Interno/ServicioIntegracionPotencial?wsdl

04:09:07 187.189.151.37  enviando datos : {"numeroDocumento":"94552217",
            "nombre":"Romel Alberto",
            "apellido":"Segura Galvis",
            "email":"romel_07@hotmail.com",
            "fechaNacimiento":"18 ene 1984",
            "ciudadResidencia":"Cali, Valle del Cauca, Colombia",
            "genero":"M",
            "celular":"",
            "listaInteresAreaEstudio":["Ciencias de la Salud"],
            "listaInteresIdioma":[""]}

04:09:07 187.189.151.37  respuesta HTTP/1.1 200 OK
Server: Apache-Coyote/1.1
Set-Cookie: JSESSIONID=YL0ua7CViySOoGTbvJdQIoEA.undefined; Path=/Formulario-Interno
Content-Type: text/xml;charset=ISO-8859-1
Content-Length: 301
Date: Mon, 18 Sep 2017 21:11:07 GMT
Connection: close

&lt;soap:Envelope xmlns:soap=&quot;http://schemas.xmlsoap.org/soap/envelope/&quot;&gt;&lt;soap:Body&gt;&lt;ns1:crearFormularioPotencialResponse xmlns:ns1=&quot;http://www.colfuturo.org/potencial/ws/ServicioIntegracionPotencial&quot;&gt;&lt;return&gt;Encontro formulario&lt;/return&gt;&lt;/ns1:crearFormularioPotencialResponse&gt;&lt;/soap:Body&gt;&lt;/soap:Envelope&gt;

04:09:17 200.3.193.130 desde:user/register preparando para almacenar usuario : 1130585571

04:09:17 200.3.193.130  conectando a : https://jboss2.colfuturo.org/Formulario-Interno/ServicioIntegracionPotencial?wsdl

04:09:17 200.3.193.130  enviando datos : {"numeroDocumento":"1130585571",
            "nombre":"Isabel ",
            "apellido":"Echeverri Soto",
            "email":"isaecheverri@gmail.com",
            "fechaNacimiento":"18 ene 1984",
            "ciudadResidencia":"Cali, Valle del Cauca, Colombia",
            "genero":"F",
            "celular":"",
            "listaInteresAreaEstudio":["Ciencias Sociales","Derecho","Educación"],
            "listaInteresIdioma":[""]}

04:09:18 200.3.193.130  respuesta HTTP/1.1 200 OK
Server: Apache-Coyote/1.1
Set-Cookie: JSESSIONID=Llso-dYt5TMLOm+RzsDv7ORR.undefined; Path=/Formulario-Interno
Content-Type: text/xml;charset=ISO-8859-1
Content-Length: 297
Date: Mon, 18 Sep 2017 21:25:18 GMT
Connection: close

&lt;soap:Envelope xmlns:soap=&quot;http://schemas.xmlsoap.org/soap/envelope/&quot;&gt;&lt;soap:Body&gt;&lt;ns1:crearFormularioPotencialResponse xmlns:ns1=&quot;http://www.colfuturo.org/potencial/ws/ServicioIntegracionPotencial&quot;&gt;&lt;return&gt;Creo formulario&lt;/return&gt;&lt;/ns1:crearFormularioPotencialResponse&gt;&lt;/soap:Body&gt;&lt;/soap:Envelope&gt;

04:09:08 190.24.221.159 desde:user/138208 preparando para almacenar usuario : 1140855867

04:09:08 190.24.221.159  conectando a : https://jboss2.colfuturo.org/Formulario-Interno/ServicioIntegracionPotencial?wsdl

04:09:08 190.24.221.159  enviando datos : {"numeroDocumento":"1140855867",
            "nombre":"Andrés Felipe ",
            "apellido":"Estupiñán Bohórquez ",
            "email":"andresfestupinanb@outlook.com",
            "fechaNacimiento":"18 ene 1984",
            "ciudadResidencia":"Barranquilla - Atlántico, Colombia",
            "genero":"M",
            "celular":"",
            "listaInteresAreaEstudio":["Ciencias de la Salud","Ciencias Sociales","Educación"],
            "listaInteresIdioma":[""]}

04:09:09 190.24.221.159  respuesta HTTP/1.1 200 OK
Server: Apache-Coyote/1.1
Set-Cookie: JSESSIONID=D6+sTknsahzzw8hWzVBvWEpJ.undefined; Path=/Formulario-Interno
Content-Type: text/xml;charset=ISO-8859-1
Content-Length: 301
Date: Mon, 18 Sep 2017 21:38:08 GMT
Connection: close

&lt;soap:Envelope xmlns:soap=&quot;http://schemas.xmlsoap.org/soap/envelope/&quot;&gt;&lt;soap:Body&gt;&lt;ns1:crearFormularioPotencialResponse xmlns:ns1=&quot;http://www.colfuturo.org/potencial/ws/ServicioIntegracionPotencial&quot;&gt;&lt;return&gt;Encontro formulario&lt;/return&gt;&lt;/ns1:crearFormularioPotencialResponse&gt;&lt;/soap:Body&gt;&lt;/soap:Envelope&gt;

04:09:16 181.250.211.144 desde:user/register preparando para almacenar usuario : 87069454

04:09:16 181.250.211.144  conectando a : https://jboss2.colfuturo.org/Formulario-Interno/ServicioIntegracionPotencial?wsdl

04:09:16 181.250.211.144  enviando datos : {"numeroDocumento":"87069454",
            "nombre":"MARIO ANDRÉS",
            "apellido":"NARVÁEZ DELGADO",
            "email":"mario_narvaez@hotmail.es",
            "fechaNacimiento":"18 ene 1984",
            "ciudadResidencia":"Pasto, Nariño, Colombia",
            "genero":"M",
            "celular":"",
            "listaInteresAreaEstudio":["Administración y Negocios"],
            "listaInteresIdioma":["ingles","frances"]}

04:09:17 181.250.211.144  respuesta HTTP/1.1 200 OK
Server: Apache-Coyote/1.1
Set-Cookie: JSESSIONID=7ES3fkKF9CohzVb6E7y8LoXq.undefined; Path=/Formulario-Interno
Content-Type: text/xml;charset=ISO-8859-1
Content-Length: 297
Date: Mon, 18 Sep 2017 21:59:17 GMT
Connection: close

&lt;soap:Envelope xmlns:soap=&quot;http://schemas.xmlsoap.org/soap/envelope/&quot;&gt;&lt;soap:Body&gt;&lt;ns1:crearFormularioPotencialResponse xmlns:ns1=&quot;http://www.colfuturo.org/potencial/ws/ServicioIntegracionPotencial&quot;&gt;&lt;return&gt;Creo formulario&lt;/return&gt;&lt;/ns1:crearFormularioPotencialResponse&gt;&lt;/soap:Body&gt;&lt;/soap:Envelope&gt;

05:09:03 186.31.117.206 desde:user/163870 preparando para almacenar usuario : 80034630

05:09:03 186.31.117.206  conectando a : https://jboss2.colfuturo.org/Formulario-Interno/ServicioIntegracionPotencial?wsdl

05:09:03 186.31.117.206  enviando datos : {"numeroDocumento":"80034630",
            "nombre":"Daniel Alejandro",
            "apellido":"Acevedo Parra",
            "email":"danieldalac@gmail.com",
            "fechaNacimiento":"18 ene 1984",
            "ciudadResidencia":"Bogotá, Colombia",
            "genero":"M",
            "celular":"",
            "listaInteresAreaEstudio":["Arquitectura y Diseño"],
            "listaInteresIdioma":["ingles"]}

05:09:03 186.31.117.206  respuesta HTTP/1.1 200 OK
Server: Apache-Coyote/1.1
Set-Cookie: JSESSIONID=lxoU7Py2g28SxksIpEflfb8q.undefined; Path=/Formulario-Interno
Content-Type: text/xml;charset=ISO-8859-1
Content-Length: 301
Date: Mon, 18 Sep 2017 22:01:03 GMT
Connection: close

&lt;soap:Envelope xmlns:soap=&quot;http://schemas.xmlsoap.org/soap/envelope/&quot;&gt;&lt;soap:Body&gt;&lt;ns1:crearFormularioPotencialResponse xmlns:ns1=&quot;http://www.colfuturo.org/potencial/ws/ServicioIntegracionPotencial&quot;&gt;&lt;return&gt;Encontro formulario&lt;/return&gt;&lt;/ns1:crearFormularioPotencialResponse&gt;&lt;/soap:Body&gt;&lt;/soap:Envelope&gt;

05:09:25 190.0.60.42 desde:user/register preparando para almacenar usuario : 1017168816

05:09:25 190.0.60.42  conectando a : https://jboss2.colfuturo.org/Formulario-Interno/ServicioIntegracionPotencial?wsdl

05:09:25 190.0.60.42  enviando datos : {"numeroDocumento":"1017168816",
            "nombre":"ricardo",
            "apellido":"hernandez",
            "email":"ricardohernan4@gmail.com",
            "fechaNacimiento":"18 ene 1984",
            "ciudadResidencia":"Medellín, Antioquia, Colombia",
            "genero":"M",
            "celular":"",
            "listaInteresAreaEstudio":["Ingeniería"],
            "listaInteresIdioma":[""]}

05:09:27 190.0.60.42  respuesta HTTP/1.1 200 OK
Server: Apache-Coyote/1.1
Set-Cookie: JSESSIONID=zt9AgjMxO45gTClQvknpfUbR.undefined; Path=/Formulario-Interno
Content-Type: text/xml;charset=ISO-8859-1
Content-Length: 297
Date: Mon, 18 Sep 2017 22:05:27 GMT
Connection: close

&lt;soap:Envelope xmlns:soap=&quot;http://schemas.xmlsoap.org/soap/envelope/&quot;&gt;&lt;soap:Body&gt;&lt;ns1:crearFormularioPotencialResponse xmlns:ns1=&quot;http://www.colfuturo.org/potencial/ws/ServicioIntegracionPotencial&quot;&gt;&lt;return&gt;Creo formulario&lt;/return&gt;&lt;/ns1:crearFormularioPotencialResponse&gt;&lt;/soap:Body&gt;&lt;/soap:Envelope&gt;

05:09:25 190.249.4.161 desde:user/register preparando para almacenar usuario : 1036960990

05:09:25 190.249.4.161  conectando a : https://jboss2.colfuturo.org/Formulario-Interno/ServicioIntegracionPotencial?wsdl

05:09:25 190.249.4.161  enviando datos : {"numeroDocumento":"1036960990",
            "nombre":"José Julián ",
            "apellido":"Roldán Ospina",
            "email":"jose.r97@hotmail.com",
            "fechaNacimiento":"18 ene 1984",
            "ciudadResidencia":"Medellín, Antioquia, Colombia",
            "genero":"M",
            "celular":"",
            "listaInteresAreaEstudio":["Ingeniería"],
            "listaInteresIdioma":["ingles"]}

05:09:26 190.249.4.161  respuesta HTTP/1.1 200 OK
Server: Apache-Coyote/1.1
Set-Cookie: JSESSIONID=VaNXWIuyzh8fBmnyOCle411U.undefined; Path=/Formulario-Interno
Content-Type: text/xml;charset=ISO-8859-1
Content-Length: 297
Date: Mon, 18 Sep 2017 22:06:26 GMT
Connection: close

&lt;soap:Envelope xmlns:soap=&quot;http://schemas.xmlsoap.org/soap/envelope/&quot;&gt;&lt;soap:Body&gt;&lt;ns1:crearFormularioPotencialResponse xmlns:ns1=&quot;http://www.colfuturo.org/potencial/ws/ServicioIntegracionPotencial&quot;&gt;&lt;return&gt;Creo formulario&lt;/return&gt;&lt;/ns1:crearFormularioPotencialResponse&gt;&lt;/soap:Body&gt;&lt;/soap:Envelope&gt;

05:09:11 190.249.4.161 desde:user/167465 preparando para almacenar usuario : 1036960990

05:09:11 190.249.4.161  conectando a : https://jboss2.colfuturo.org/Formulario-Interno/ServicioIntegracionPotencial?wsdl

05:09:11 190.249.4.161  enviando datos : {"numeroDocumento":"1036960990",
            "nombre":"José Julián ",
            "apellido":"Roldán Ospina",
            "email":"jose.r97@hotmail.com",
            "fechaNacimiento":"18 ene 1984",
            "ciudadResidencia":"Medellín, Antioquia, Colombia",
            "genero":"M",
            "celular":"",
            "listaInteresAreaEstudio":["Ingeniería"],
            "listaInteresIdioma":["ingles"]}

05:09:12 190.249.4.161  respuesta HTTP/1.1 200 OK
Server: Apache-Coyote/1.1
Set-Cookie: JSESSIONID=rRRNPt0w+ZBC3INtKJp1LIfg.undefined; Path=/Formulario-Interno
Content-Type: text/xml;charset=ISO-8859-1
Content-Length: 301
Date: Mon, 18 Sep 2017 22:14:11 GMT
Connection: close

&lt;soap:Envelope xmlns:soap=&quot;http://schemas.xmlsoap.org/soap/envelope/&quot;&gt;&lt;soap:Body&gt;&lt;ns1:crearFormularioPotencialResponse xmlns:ns1=&quot;http://www.colfuturo.org/potencial/ws/ServicioIntegracionPotencial&quot;&gt;&lt;return&gt;Encontro formulario&lt;/return&gt;&lt;/ns1:crearFormularioPotencialResponse&gt;&lt;/soap:Body&gt;&lt;/soap:Envelope&gt;

06:09:15 190.0.14.194 desde:user/102875 preparando para almacenar usuario : 80076344

06:09:15 190.0.14.194  conectando a : https://jboss2.colfuturo.org/Formulario-Interno/ServicioIntegracionPotencial?wsdl

06:09:15 190.0.14.194  enviando datos : {"numeroDocumento":"80076344",
            "nombre":"Carlos Esteban",
            "apellido":"Alfonso Romero",
            "email":"esteban.alfonso10@gmail.com",
            "fechaNacimiento":"18 ene 1984",
            "ciudadResidencia":"",
            "genero":"M",
            "celular":"",
            "listaInteresAreaEstudio":["Ingeniería"],
            "listaInteresIdioma":[""]}

06:09:15 190.0.14.194  respuesta HTTP/1.1 200 OK
Server: Apache-Coyote/1.1
Set-Cookie: JSESSIONID=UTqbwUHyvwEjq4kYsOp9PvA+.undefined; Path=/Formulario-Interno
Content-Type: text/xml;charset=ISO-8859-1
Content-Length: 301
Date: Mon, 18 Sep 2017 23:00:15 GMT
Connection: close

&lt;soap:Envelope xmlns:soap=&quot;http://schemas.xmlsoap.org/soap/envelope/&quot;&gt;&lt;soap:Body&gt;&lt;ns1:crearFormularioPotencialResponse xmlns:ns1=&quot;http://www.colfuturo.org/potencial/ws/ServicioIntegracionPotencial&quot;&gt;&lt;return&gt;Encontro formulario&lt;/return&gt;&lt;/ns1:crearFormularioPotencialResponse&gt;&lt;/soap:Body&gt;&lt;/soap:Envelope&gt;

06:09:30 181.128.237.15 desde:user/register preparando para almacenar usuario : 1001176641

06:09:30 181.128.237.15  conectando a : https://jboss2.colfuturo.org/Formulario-Interno/ServicioIntegracionPotencial?wsdl

06:09:30 181.128.237.15  enviando datos : {"numeroDocumento":"1001176641",
            "nombre":"Daniela",
            "apellido":"Guevara Imbrecht",
            "email":"dani.g.i.2001@hotmail.com",
            "fechaNacimiento":"18 ene 1984",
            "ciudadResidencia":"Bogotá, Colombia",
            "genero":"F",
            "celular":"",
            "listaInteresAreaEstudio":[""],
            "listaInteresIdioma":["ingles","frances"]}

06:09:31 181.128.237.15  respuesta HTTP/1.1 200 OK
Server: Apache-Coyote/1.1
Set-Cookie: JSESSIONID=Zl7hQqE4OxD+ChECY6wShYs2.undefined; Path=/Formulario-Interno
Content-Type: text/xml;charset=ISO-8859-1
Content-Length: 297
Date: Mon, 18 Sep 2017 23:01:31 GMT
Connection: close

&lt;soap:Envelope xmlns:soap=&quot;http://schemas.xmlsoap.org/soap/envelope/&quot;&gt;&lt;soap:Body&gt;&lt;ns1:crearFormularioPotencialResponse xmlns:ns1=&quot;http://www.colfuturo.org/potencial/ws/ServicioIntegracionPotencial&quot;&gt;&lt;return&gt;Creo formulario&lt;/return&gt;&lt;/ns1:crearFormularioPotencialResponse&gt;&lt;/soap:Body&gt;&lt;/soap:Envelope&gt;

06:09:23 181.54.1.90 desde:user/register preparando para almacenar usuario : 1014261887

06:09:23 181.54.1.90  conectando a : https://jboss2.colfuturo.org/Formulario-Interno/ServicioIntegracionPotencial?wsdl

06:09:23 181.54.1.90  enviando datos : {"numeroDocumento":"1014261887",
            "nombre":"Rafael Esteban",
            "apellido":"Gutiérrez Lopera",
            "email":"esteban.gutierrez@usantotomas.edu.co",
            "fechaNacimiento":"18 ene 1984",
            "ciudadResidencia":"Bogotá, Colombia",
            "genero":"M",
            "celular":"",
            "listaInteresAreaEstudio":["Ciencias Sociales","Educación"],
            "listaInteresIdioma":["ingles","frances"]}

06:09:24 181.54.1.90  respuesta HTTP/1.1 200 OK
Server: Apache-Coyote/1.1
Set-Cookie: JSESSIONID=xltgt7mF3O6PMnyOWYI6AFch.undefined; Path=/Formulario-Interno
Content-Type: text/xml;charset=ISO-8859-1
Content-Length: 297
Date: Mon, 18 Sep 2017 23:09:24 GMT
Connection: close

&lt;soap:Envelope xmlns:soap=&quot;http://schemas.xmlsoap.org/soap/envelope/&quot;&gt;&lt;soap:Body&gt;&lt;ns1:crearFormularioPotencialResponse xmlns:ns1=&quot;http://www.colfuturo.org/potencial/ws/ServicioIntegracionPotencial&quot;&gt;&lt;return&gt;Creo formulario&lt;/return&gt;&lt;/ns1:crearFormularioPotencialResponse&gt;&lt;/soap:Body&gt;&lt;/soap:Envelope&gt;

06:09:36 186.148.182.44 desde:user/167274 preparando para almacenar usuario : 1094266203

06:09:36 186.148.182.44  conectando a : https://jboss2.colfuturo.org/Formulario-Interno/ServicioIntegracionPotencial?wsdl

06:09:36 186.148.182.44  enviando datos : {"numeroDocumento":"1094266203",
            "nombre":"LIZZETH PRISCILA",
            "apellido":"BLANCO PEREZ",
            "email":"pris3090@gmail.com",
            "fechaNacimiento":"18 ene 1984",
            "ciudadResidencia":"Arauca, Colombia",
            "genero":"F",
            "celular":"",
            "listaInteresAreaEstudio":["Ingeniería"],
            "listaInteresIdioma":["ingles"]}

06:09:36 186.148.182.44  respuesta HTTP/1.1 200 OK
Server: Apache-Coyote/1.1
Set-Cookie: JSESSIONID=zpkRo6xe3aLdaYOCu7rGi+Ii.undefined; Path=/Formulario-Interno
Content-Type: text/xml;charset=ISO-8859-1
Content-Length: 301
Date: Mon, 18 Sep 2017 23:19:36 GMT
Connection: close

&lt;soap:Envelope xmlns:soap=&quot;http://schemas.xmlsoap.org/soap/envelope/&quot;&gt;&lt;soap:Body&gt;&lt;ns1:crearFormularioPotencialResponse xmlns:ns1=&quot;http://www.colfuturo.org/potencial/ws/ServicioIntegracionPotencial&quot;&gt;&lt;return&gt;Encontro formulario&lt;/return&gt;&lt;/ns1:crearFormularioPotencialResponse&gt;&lt;/soap:Body&gt;&lt;/soap:Envelope&gt;

06:09:39 181.128.237.15 desde:user/167469 preparando para almacenar usuario : 1001176641

06:09:39 181.128.237.15  conectando a : https://jboss2.colfuturo.org/Formulario-Interno/ServicioIntegracionPotencial?wsdl

06:09:39 181.128.237.15  enviando datos : {"numeroDocumento":"1001176641",
            "nombre":"Daniela",
            "apellido":"Guevara Imbrecht",
            "email":"dani.g.i.2001@hotmail.com",
            "fechaNacimiento":"18 ene 1984",
            "ciudadResidencia":"Bogotá, Colombia",
            "genero":"F",
            "celular":"",
            "listaInteresAreaEstudio":[""],
            "listaInteresIdioma":["ingles","frances"]}

06:09:40 181.128.237.15  respuesta HTTP/1.1 200 OK
Server: Apache-Coyote/1.1
Set-Cookie: JSESSIONID=uyDxoUwYeBcRihO9YklYMm6U.undefined; Path=/Formulario-Interno
Content-Type: text/xml;charset=ISO-8859-1
Content-Length: 301
Date: Mon, 18 Sep 2017 23:24:39 GMT
Connection: close

&lt;soap:Envelope xmlns:soap=&quot;http://schemas.xmlsoap.org/soap/envelope/&quot;&gt;&lt;soap:Body&gt;&lt;ns1:crearFormularioPotencialResponse xmlns:ns1=&quot;http://www.colfuturo.org/potencial/ws/ServicioIntegracionPotencial&quot;&gt;&lt;return&gt;Encontro formulario&lt;/return&gt;&lt;/ns1:crearFormularioPotencialResponse&gt;&lt;/soap:Body&gt;&lt;/soap:Envelope&gt;

06:09:07 200.116.101.58 desde:user/register preparando para almacenar usuario : 71774238

06:09:07 200.116.101.58  conectando a : https://jboss2.colfuturo.org/Formulario-Interno/ServicioIntegracionPotencial?wsdl

06:09:07 200.116.101.58  enviando datos : {"numeroDocumento":"71774238",
            "nombre":"William Daniel",
            "apellido":"Rojas Rodríguez",
            "email":"wdrojas@unal.edu.co",
            "fechaNacimiento":"18 ene 1984",
            "ciudadResidencia":"Medellín, Antioquia, Colombia",
            "genero":"M",
            "celular":"",
            "listaInteresAreaEstudio":["Administración y Negocios"],
            "listaInteresIdioma":[""]}

06:09:08 200.116.101.58  respuesta HTTP/1.1 200 OK
Server: Apache-Coyote/1.1
Set-Cookie: JSESSIONID=qlOu9gKkMA03b+V1aSWW9dut.undefined; Path=/Formulario-Interno
Content-Type: text/xml;charset=ISO-8859-1
Content-Length: 297
Date: Mon, 18 Sep 2017 23:41:08 GMT
Connection: close

&lt;soap:Envelope xmlns:soap=&quot;http://schemas.xmlsoap.org/soap/envelope/&quot;&gt;&lt;soap:Body&gt;&lt;ns1:crearFormularioPotencialResponse xmlns:ns1=&quot;http://www.colfuturo.org/potencial/ws/ServicioIntegracionPotencial&quot;&gt;&lt;return&gt;Creo formulario&lt;/return&gt;&lt;/ns1:crearFormularioPotencialResponse&gt;&lt;/soap:Body&gt;&lt;/soap:Envelope&gt;

06:09:25 191.102.236.10 desde:user/135086 preparando para almacenar usuario : 1112226153

06:09:25 191.102.236.10  conectando a : https://jboss2.colfuturo.org/Formulario-Interno/ServicioIntegracionPotencial?wsdl

06:09:25 191.102.236.10  enviando datos : {"numeroDocumento":"1112226153",
            "nombre":"Juan guillermo",
            "apellido":"Maldonado benitez",
            "email":"Juguimal@hotmail.com",
            "fechaNacimiento":"18 ene 1984",
            "ciudadResidencia":"Pradera - Valle del Cauca, Colombia",
            "genero":"M",
            "celular":"",
            "listaInteresAreaEstudio":["Derecho"],
            "listaInteresIdioma":[""]}

06:09:25 191.102.236.10  respuesta HTTP/1.1 200 OK
Server: Apache-Coyote/1.1
Set-Cookie: JSESSIONID=gBfA7zoBTd6cPbuUybjGtyQJ.undefined; Path=/Formulario-Interno
Content-Type: text/xml;charset=ISO-8859-1
Content-Length: 301
Date: Mon, 18 Sep 2017 23:44:25 GMT
Connection: close

&lt;soap:Envelope xmlns:soap=&quot;http://schemas.xmlsoap.org/soap/envelope/&quot;&gt;&lt;soap:Body&gt;&lt;ns1:crearFormularioPotencialResponse xmlns:ns1=&quot;http://www.colfuturo.org/potencial/ws/ServicioIntegracionPotencial&quot;&gt;&lt;return&gt;Encontro formulario&lt;/return&gt;&lt;/ns1:crearFormularioPotencialResponse&gt;&lt;/soap:Body&gt;&lt;/soap:Envelope&gt;

07:09:45 181.62.185.247 desde:user/register preparando para almacenar usuario : 1144081479

07:09:45 181.62.185.247  conectando a : https://jboss2.colfuturo.org/Formulario-Interno/ServicioIntegracionPotencial?wsdl

07:09:45 181.62.185.247  enviando datos : {"numeroDocumento":"1144081479",
            "nombre":"Mayerlin",
            "apellido":"Salgado Piamba ",
            "email":"mayerlinsalgado@gmail.com",
            "fechaNacimiento":"18 ene 1984",
            "ciudadResidencia":"Cali",
            "genero":"F",
            "celular":"",
            "listaInteresAreaEstudio":["Ciencias Básicas","Ingeniería"],
            "listaInteresIdioma":[""]}

07:09:46 181.62.185.247  respuesta HTTP/1.1 200 OK
Server: Apache-Coyote/1.1
Set-Cookie: JSESSIONID=0hdoCC2P7A3EYSdIgACBl6PK.undefined; Path=/Formulario-Interno
Content-Type: text/xml;charset=ISO-8859-1
Content-Length: 297
Date: Tue, 19 Sep 2017 00:21:45 GMT
Connection: close

&lt;soap:Envelope xmlns:soap=&quot;http://schemas.xmlsoap.org/soap/envelope/&quot;&gt;&lt;soap:Body&gt;&lt;ns1:crearFormularioPotencialResponse xmlns:ns1=&quot;http://www.colfuturo.org/potencial/ws/ServicioIntegracionPotencial&quot;&gt;&lt;return&gt;Creo formulario&lt;/return&gt;&lt;/ns1:crearFormularioPotencialResponse&gt;&lt;/soap:Body&gt;&lt;/soap:Envelope&gt;

07:09:40 190.242.73.243 desde:user/150088 preparando para almacenar usuario : 52125110

07:09:40 190.242.73.243  conectando a : https://jboss2.colfuturo.org/Formulario-Interno/ServicioIntegracionPotencial?wsdl

07:09:40 190.242.73.243  enviando datos : {"numeroDocumento":"52125110",
            "nombre":"adriana carolina",
            "apellido":"aguillon cuellar",
            "email":"Carolineworking@hotmail.com",
            "fechaNacimiento":"18 ene 1984",
            "ciudadResidencia":"Bogotá, Colombia",
            "genero":"F",
            "celular":"",
            "listaInteresAreaEstudio":["Educación"],
            "listaInteresIdioma":[""]}

07:09:40 190.242.73.243  respuesta HTTP/1.1 200 OK
Server: Apache-Coyote/1.1
Set-Cookie: JSESSIONID=yYPUwQlTr-CEuWFHhutjnabV.undefined; Path=/Formulario-Interno
Content-Type: text/xml;charset=ISO-8859-1
Content-Length: 301
Date: Tue, 19 Sep 2017 00:39:40 GMT
Connection: close

&lt;soap:Envelope xmlns:soap=&quot;http://schemas.xmlsoap.org/soap/envelope/&quot;&gt;&lt;soap:Body&gt;&lt;ns1:crearFormularioPotencialResponse xmlns:ns1=&quot;http://www.colfuturo.org/potencial/ws/ServicioIntegracionPotencial&quot;&gt;&lt;return&gt;Encontro formulario&lt;/return&gt;&lt;/ns1:crearFormularioPotencialResponse&gt;&lt;/soap:Body&gt;&lt;/soap:Envelope&gt;

08:09:42 190.24.132.100 desde:user/register preparando para almacenar usuario : 1014241619

08:09:42 190.24.132.100  conectando a : https://jboss2.colfuturo.org/Formulario-Interno/ServicioIntegracionPotencial?wsdl

08:09:42 190.24.132.100  enviando datos : {"numeroDocumento":"1014241619",
            "nombre":"Sergio Alexander ",
            "apellido":"Salgado Molina",
            "email":"sergioasalgadom@hotmail.com",
            "fechaNacimiento":"18 ene 1984",
            "ciudadResidencia":"Bogotá, Colombia",
            "genero":"M",
            "celular":"",
            "listaInteresAreaEstudio":["Ciencias Políticas y Relaciones Internacionales","Derecho","Economía"],
            "listaInteresIdioma":[""]}

08:09:43 190.24.132.100  respuesta HTTP/1.1 200 OK
Server: Apache-Coyote/1.1
Set-Cookie: JSESSIONID=zNicDEOG7HgSMaHDTzEIK4ER.undefined; Path=/Formulario-Interno
Content-Type: text/xml;charset=ISO-8859-1
Content-Length: 297
Date: Tue, 19 Sep 2017 01:35:43 GMT
Connection: close

&lt;soap:Envelope xmlns:soap=&quot;http://schemas.xmlsoap.org/soap/envelope/&quot;&gt;&lt;soap:Body&gt;&lt;ns1:crearFormularioPotencialResponse xmlns:ns1=&quot;http://www.colfuturo.org/potencial/ws/ServicioIntegracionPotencial&quot;&gt;&lt;return&gt;Creo formulario&lt;/return&gt;&lt;/ns1:crearFormularioPotencialResponse&gt;&lt;/soap:Body&gt;&lt;/soap:Envelope&gt;

09:09:23 152.201.148.197 desde:user/108916 preparando para almacenar usuario : 52537817

09:09:23 152.201.148.197  conectando a : https://jboss2.colfuturo.org/Formulario-Interno/ServicioIntegracionPotencial?wsdl

09:09:23 152.201.148.197  enviando datos : {"numeroDocumento":"52537817",
            "nombre":"Andrea Jimena",
            "apellido":"Piñeres Vizcaino",
            "email":"apieres@yahoo.es",
            "fechaNacimiento":"18 ene 1984",
            "ciudadResidencia":"",
            "genero":"F",
            "celular":"",
            "listaInteresAreaEstudio":["Educación"],
            "listaInteresIdioma":[""]}

09:09:23 152.201.148.197  respuesta HTTP/1.1 200 OK
Server: Apache-Coyote/1.1
Set-Cookie: JSESSIONID=TB8tRQLwiFs+NmnJ0yaZe7I+.undefined; Path=/Formulario-Interno
Content-Type: text/xml;charset=ISO-8859-1
Content-Length: 301
Date: Tue, 19 Sep 2017 02:24:23 GMT
Connection: close

&lt;soap:Envelope xmlns:soap=&quot;http://schemas.xmlsoap.org/soap/envelope/&quot;&gt;&lt;soap:Body&gt;&lt;ns1:crearFormularioPotencialResponse xmlns:ns1=&quot;http://www.colfuturo.org/potencial/ws/ServicioIntegracionPotencial&quot;&gt;&lt;return&gt;Encontro formulario&lt;/return&gt;&lt;/ns1:crearFormularioPotencialResponse&gt;&lt;/soap:Body&gt;&lt;/soap:Envelope&gt;

09:09:05 152.201.148.197 desde:user/108916 preparando para almacenar usuario : 52537817

09:09:05 152.201.148.197  conectando a : https://jboss2.colfuturo.org/Formulario-Interno/ServicioIntegracionPotencial?wsdl

09:09:05 152.201.148.197  enviando datos : {"numeroDocumento":"52537817",
            "nombre":"Andrea Jimena",
            "apellido":"Piñeres Vizcaino",
            "email":"apieres@yahoo.es",
            "fechaNacimiento":"18 ene 1984",
            "ciudadResidencia":"",
            "genero":"F",
            "celular":"",
            "listaInteresAreaEstudio":["Educación"],
            "listaInteresIdioma":[""]}

09:09:05 152.201.148.197  respuesta HTTP/1.1 200 OK
Server: Apache-Coyote/1.1
Set-Cookie: JSESSIONID=tCyI9p9aT09Bl09A+Jdaoc8V.undefined; Path=/Formulario-Interno
Content-Type: text/xml;charset=ISO-8859-1
Content-Length: 301
Date: Tue, 19 Sep 2017 02:25:05 GMT
Connection: close

&lt;soap:Envelope xmlns:soap=&quot;http://schemas.xmlsoap.org/soap/envelope/&quot;&gt;&lt;soap:Body&gt;&lt;ns1:crearFormularioPotencialResponse xmlns:ns1=&quot;http://www.colfuturo.org/potencial/ws/ServicioIntegracionPotencial&quot;&gt;&lt;return&gt;Encontro formulario&lt;/return&gt;&lt;/ns1:crearFormularioPotencialResponse&gt;&lt;/soap:Body&gt;&lt;/soap:Envelope&gt;

09:09:21 186.170.85.97 desde:user/164757 preparando para almacenar usuario : 1083007147

09:09:21 186.170.85.97  conectando a : https://jboss2.colfuturo.org/Formulario-Interno/ServicioIntegracionPotencial?wsdl

09:09:21 186.170.85.97  enviando datos : {"numeroDocumento":"1083007147",
            "nombre":"Gary ",
            "apellido":"Van Leenden Martínez ",
            "email":"gavalema1995@gmail.com",
            "fechaNacimiento":"18 ene 1984",
            "ciudadResidencia":"Santa Marta, Magdalena, Colombia",
            "genero":"M",
            "celular":"",
            "listaInteresAreaEstudio":["Ingeniería"],
            "listaInteresIdioma":[""]}

09:09:22 186.170.85.97  respuesta HTTP/1.1 200 OK
Server: Apache-Coyote/1.1
Set-Cookie: JSESSIONID=8En1olysyycYuAKM6VeVzwWV.undefined; Path=/Formulario-Interno
Content-Type: text/xml;charset=ISO-8859-1
Content-Length: 301
Date: Tue, 19 Sep 2017 02:28:21 GMT
Connection: close

&lt;soap:Envelope xmlns:soap=&quot;http://schemas.xmlsoap.org/soap/envelope/&quot;&gt;&lt;soap:Body&gt;&lt;ns1:crearFormularioPotencialResponse xmlns:ns1=&quot;http://www.colfuturo.org/potencial/ws/ServicioIntegracionPotencial&quot;&gt;&lt;return&gt;Encontro formulario&lt;/return&gt;&lt;/ns1:crearFormularioPotencialResponse&gt;&lt;/soap:Body&gt;&lt;/soap:Envelope&gt;

09:09:42 179.32.122.136 desde:user/register preparando para almacenar usuario : 1118831322

09:09:42 179.32.122.136  conectando a : https://jboss2.colfuturo.org/Formulario-Interno/ServicioIntegracionPotencial?wsdl

09:09:42 179.32.122.136  enviando datos : {"numeroDocumento":"1118831322",
            "nombre":"Handris Leonor ",
            "apellido":"Quintero Diaz",
            "email":"halequidiz21@gmail.com",
            "fechaNacimiento":"18 ene 1984",
            "ciudadResidencia":"Riohacha, La Guajira, Colombia",
            "genero":"F",
            "celular":"",
            "listaInteresAreaEstudio":["Ciencias de la Salud","Educación"],
            "listaInteresIdioma":[""]}

09:09:43 179.32.122.136  respuesta HTTP/1.1 200 OK
Server: Apache-Coyote/1.1
Set-Cookie: JSESSIONID=Npwny17Y9cTVpr9sCY2RWK6E.undefined; Path=/Formulario-Interno
Content-Type: text/xml;charset=ISO-8859-1
Content-Length: 297
Date: Tue, 19 Sep 2017 02:43:43 GMT
Connection: close

&lt;soap:Envelope xmlns:soap=&quot;http://schemas.xmlsoap.org/soap/envelope/&quot;&gt;&lt;soap:Body&gt;&lt;ns1:crearFormularioPotencialResponse xmlns:ns1=&quot;http://www.colfuturo.org/potencial/ws/ServicioIntegracionPotencial&quot;&gt;&lt;return&gt;Creo formulario&lt;/return&gt;&lt;/ns1:crearFormularioPotencialResponse&gt;&lt;/soap:Body&gt;&lt;/soap:Envelope&gt;

09:09:05 161.10.10.73 desde:user/register preparando para almacenar usuario : 1020780944

09:09:05 161.10.10.73  conectando a : https://jboss2.colfuturo.org/Formulario-Interno/ServicioIntegracionPotencial?wsdl

09:09:05 161.10.10.73  enviando datos : {"numeroDocumento":"1020780944",
            "nombre":"Nataly Paola",
            "apellido":"Galán Pérez",
            "email":"napagape@gmail.com",
            "fechaNacimiento":"18 ene 1984",
            "ciudadResidencia":"Bogotá, Colombia",
            "genero":"F",
            "celular":"",
            "listaInteresAreaEstudio":["Ciencias Políticas y Relaciones Internacionales","Educación"],
            "listaInteresIdioma":["ingles"]}

09:09:06 161.10.10.73  respuesta HTTP/1.1 200 OK
Server: Apache-Coyote/1.1
Set-Cookie: JSESSIONID=hicObTUmXI-85CuYZcrIoyVa.undefined; Path=/Formulario-Interno
Content-Type: text/xml;charset=ISO-8859-1
Content-Length: 297
Date: Tue, 19 Sep 2017 02:51:06 GMT
Connection: close

&lt;soap:Envelope xmlns:soap=&quot;http://schemas.xmlsoap.org/soap/envelope/&quot;&gt;&lt;soap:Body&gt;&lt;ns1:crearFormularioPotencialResponse xmlns:ns1=&quot;http://www.colfuturo.org/potencial/ws/ServicioIntegracionPotencial&quot;&gt;&lt;return&gt;Creo formulario&lt;/return&gt;&lt;/ns1:crearFormularioPotencialResponse&gt;&lt;/soap:Body&gt;&lt;/soap:Envelope&gt;

09:09:31 201.233.217.111 desde:user/166458 preparando para almacenar usuario : 43200328

09:09:31 201.233.217.111  conectando a : https://jboss2.colfuturo.org/Formulario-Interno/ServicioIntegracionPotencial?wsdl

09:09:31 201.233.217.111  enviando datos : {"numeroDocumento":"43200328",
            "nombre":"Alejandra Maria",
            "apellido":"Ramos Hernandez",
            "email":"alejaramos24@gmail.com",
            "fechaNacimiento":"18 ene 1984",
            "ciudadResidencia":"",
            "genero":"F",
            "celular":"",
            "listaInteresAreaEstudio":["Administración y Negocios","Ciencias Agropecuarias y del Medio Ambiente","Ciencias Políticas y Relaciones Internacionales","Educación"],
            "listaInteresIdioma":["ingles"]}

09:09:31 201.233.217.111  respuesta HTTP/1.1 200 OK
Server: Apache-Coyote/1.1
Set-Cookie: JSESSIONID=nnyTRj1DGZLsIMgMofcGYIFk.undefined; Path=/Formulario-Interno
Content-Type: text/xml;charset=ISO-8859-1
Content-Length: 301
Date: Tue, 19 Sep 2017 02:53:31 GMT
Connection: close

&lt;soap:Envelope xmlns:soap=&quot;http://schemas.xmlsoap.org/soap/envelope/&quot;&gt;&lt;soap:Body&gt;&lt;ns1:crearFormularioPotencialResponse xmlns:ns1=&quot;http://www.colfuturo.org/potencial/ws/ServicioIntegracionPotencial&quot;&gt;&lt;return&gt;Encontro formulario&lt;/return&gt;&lt;/ns1:crearFormularioPotencialResponse&gt;&lt;/soap:Body&gt;&lt;/soap:Envelope&gt;

10:09:56 201.244.199.204 desde:user/register preparando para almacenar usuario : 1018445215

10:09:56 201.244.199.204  conectando a : https://jboss2.colfuturo.org/Formulario-Interno/ServicioIntegracionPotencial?wsdl

10:09:56 201.244.199.204  enviando datos : {"numeroDocumento":"1018445215",
            "nombre":"María Camila ",
            "apellido":"Peraza Ortiz ",
            "email":"camilaperaza2@gmail.com",
            "fechaNacimiento":"18 ene 1984",
            "ciudadResidencia":"Bogotá, Colombia",
            "genero":"F",
            "celular":"",
            "listaInteresAreaEstudio":["Artes"],
            "listaInteresIdioma":["ingles"]}

10:09:57 201.244.199.204  respuesta HTTP/1.1 200 OK
Server: Apache-Coyote/1.1
Set-Cookie: JSESSIONID=SBUhrA4KMJTa6V0H1zlDZGTP.undefined; Path=/Formulario-Interno
Content-Type: text/xml;charset=ISO-8859-1
Content-Length: 297
Date: Tue, 19 Sep 2017 03:06:57 GMT
Connection: close

&lt;soap:Envelope xmlns:soap=&quot;http://schemas.xmlsoap.org/soap/envelope/&quot;&gt;&lt;soap:Body&gt;&lt;ns1:crearFormularioPotencialResponse xmlns:ns1=&quot;http://www.colfuturo.org/potencial/ws/ServicioIntegracionPotencial&quot;&gt;&lt;return&gt;Creo formulario&lt;/return&gt;&lt;/ns1:crearFormularioPotencialResponse&gt;&lt;/soap:Body&gt;&lt;/soap:Envelope&gt;

10:09:48 181.56.242.62 desde:user/162411 preparando para almacenar usuario : 55169673

10:09:48 181.56.242.62  conectando a : https://jboss2.colfuturo.org/Formulario-Interno/ServicioIntegracionPotencial?wsdl

10:09:48 181.56.242.62  enviando datos : {"numeroDocumento":"55169673",
            "nombre":"Magda Liliana ",
            "apellido":"Barrero Vásquez",
            "email":"magda.barrero@usco.edu.co",
            "fechaNacimiento":"18 ene 1984",
            "ciudadResidencia":"Neiva, Huila, Colombia",
            "genero":"F",
            "celular":"",
            "listaInteresAreaEstudio":["Educación"],
            "listaInteresIdioma":[""]}

10:09:48 181.56.242.62  respuesta HTTP/1.1 200 OK
Server: Apache-Coyote/1.1
Set-Cookie: JSESSIONID=ApofbA3mOHAFC1ebMrcrIxEY.undefined; Path=/Formulario-Interno
Content-Type: text/xml;charset=ISO-8859-1
Content-Length: 301
Date: Tue, 19 Sep 2017 03:28:48 GMT
Connection: close

&lt;soap:Envelope xmlns:soap=&quot;http://schemas.xmlsoap.org/soap/envelope/&quot;&gt;&lt;soap:Body&gt;&lt;ns1:crearFormularioPotencialResponse xmlns:ns1=&quot;http://www.colfuturo.org/potencial/ws/ServicioIntegracionPotencial&quot;&gt;&lt;return&gt;Encontro formulario&lt;/return&gt;&lt;/ns1:crearFormularioPotencialResponse&gt;&lt;/soap:Body&gt;&lt;/soap:Envelope&gt;

10:09:39 181.55.8.107 desde:user/142712 preparando para almacenar usuario : 1018405805

10:09:39 181.55.8.107  conectando a : https://jboss2.colfuturo.org/Formulario-Interno/ServicioIntegracionPotencial?wsdl

10:09:39 181.55.8.107  enviando datos : {"numeroDocumento":"1018405805",
            "nombre":"Fernando Antonio",
            "apellido":"Llinás Giraldo",
            "email":"fernandollinasgiraldo@gmail.com",
            "fechaNacimiento":"18 ene 1984",
            "ciudadResidencia":"Bogotá, Colombia",
            "genero":"M",
            "celular":"",
            "listaInteresAreaEstudio":["Educación"],
            "listaInteresIdioma":["ingles"]}

10:09:39 181.55.8.107  respuesta HTTP/1.1 200 OK
Server: Apache-Coyote/1.1
Set-Cookie: JSESSIONID=wB+ty3DXl7G9pc0TrH3ZOKDB.undefined; Path=/Formulario-Interno
Content-Type: text/xml;charset=ISO-8859-1
Content-Length: 301
Date: Tue, 19 Sep 2017 03:52:39 GMT
Connection: close

&lt;soap:Envelope xmlns:soap=&quot;http://schemas.xmlsoap.org/soap/envelope/&quot;&gt;&lt;soap:Body&gt;&lt;ns1:crearFormularioPotencialResponse xmlns:ns1=&quot;http://www.colfuturo.org/potencial/ws/ServicioIntegracionPotencial&quot;&gt;&lt;return&gt;Encontro formulario&lt;/return&gt;&lt;/ns1:crearFormularioPotencialResponse&gt;&lt;/soap:Body&gt;&lt;/soap:Envelope&gt;

11:09:45 186.145.5.56 desde:user/166801 preparando para almacenar usuario : 1014217846

11:09:45 186.145.5.56  conectando a : https://jboss2.colfuturo.org/Formulario-Interno/ServicioIntegracionPotencial?wsdl

11:09:45 186.145.5.56  enviando datos : {"numeroDocumento":"1014217846",
            "nombre":"Luisa ",
            "apellido":"Torres",
            "email":"fernandat62@hotmail.com",
            "fechaNacimiento":"18 ene 1984",
            "ciudadResidencia":"Bogotá, Colombia",
            "genero":"F",
            "celular":"",
            "listaInteresAreaEstudio":["Administración y Negocios"],
            "listaInteresIdioma":[""]}

11:09:45 186.145.5.56  respuesta HTTP/1.1 200 OK
Server: Apache-Coyote/1.1
Set-Cookie: JSESSIONID=X4ho-1qNOJL+XBfgpd2clYGR.undefined; Path=/Formulario-Interno
Content-Type: text/xml;charset=ISO-8859-1
Content-Length: 301
Date: Tue, 19 Sep 2017 04:09:45 GMT
Connection: close

&lt;soap:Envelope xmlns:soap=&quot;http://schemas.xmlsoap.org/soap/envelope/&quot;&gt;&lt;soap:Body&gt;&lt;ns1:crearFormularioPotencialResponse xmlns:ns1=&quot;http://www.colfuturo.org/potencial/ws/ServicioIntegracionPotencial&quot;&gt;&lt;return&gt;Encontro formulario&lt;/return&gt;&lt;/ns1:crearFormularioPotencialResponse&gt;&lt;/soap:Body&gt;&lt;/soap:Envelope&gt;

11:09:43 186.116.188.66 desde:user/107608 preparando para almacenar usuario : 1082882621

11:09:43 186.116.188.66  conectando a : https://jboss2.colfuturo.org/Formulario-Interno/ServicioIntegracionPotencial?wsdl

11:09:43 186.116.188.66  enviando datos : {"numeroDocumento":"1082882621",
            "nombre":"Karen Andrea",
            "apellido":"Davila Ruiz",
            "email":"karendavila.r@gmail.com",
            "fechaNacimiento":"18 ene 1984",
            "ciudadResidencia":"",
            "genero":"F",
            "celular":"",
            "listaInteresAreaEstudio":["Administración y Negocios"],
            "listaInteresIdioma":[""]}

11:09:44 186.116.188.66  respuesta HTTP/1.1 200 OK
Server: Apache-Coyote/1.1
Set-Cookie: JSESSIONID=cpQiPZ1YyTf8lSl+kTMeeWKx.undefined; Path=/Formulario-Interno
Content-Type: text/xml;charset=ISO-8859-1
Content-Length: 301
Date: Tue, 19 Sep 2017 04:38:43 GMT
Connection: close

&lt;soap:Envelope xmlns:soap=&quot;http://schemas.xmlsoap.org/soap/envelope/&quot;&gt;&lt;soap:Body&gt;&lt;ns1:crearFormularioPotencialResponse xmlns:ns1=&quot;http://www.colfuturo.org/potencial/ws/ServicioIntegracionPotencial&quot;&gt;&lt;return&gt;Encontro formulario&lt;/return&gt;&lt;/ns1:crearFormularioPotencialResponse&gt;&lt;/soap:Body&gt;&lt;/soap:Envelope&gt;

