05:08:53 181.50.137.101 desde:user/register preparando para almacenar usuario : 1193526935

05:08:53 181.50.137.101  conectando a : https://jboss2.colfuturo.org/Formulario-Interno/ServicioIntegracionPotencial?wsdl

05:08:53 181.50.137.101  enviando datos : {"numeroDocumento":"1193526935",
            "nombre":"Juan Felipe",
            "apellido":"Gualtero Villamil",
            "email":"juankuinn@gmail.com",
            "fechaNacimiento":"15-08-2018",
            "ciudadResidencia":"Ibagué, Tolima, Colombia",
            "genero":"M",
            "celular":"",
            "listaInteresAreaEstudio":["Arquitectura y Diseño","Ciencias Políticas y Relaciones Internacionales","Economía","Ingeniería"],
            "listaInteresIdioma":[""]}

05:08:58 181.50.137.101  respuesta HTTP/1.1 200 OK
Server: Apache-Coyote/1.1
Set-Cookie: JSESSIONID=VyqR-6KGuC64VahyzrNxFXrK.undefined; Path=/Formulario-Interno
Content-Type: text/xml;charset=ISO-8859-1
Content-Length: 297
Date: Wed, 15 Aug 2018 10:51:19 GMT
Connection: close

&lt;soap:Envelope xmlns:soap=&quot;http://schemas.xmlsoap.org/soap/envelope/&quot;&gt;&lt;soap:Body&gt;&lt;ns1:crearFormularioPotencialResponse xmlns:ns1=&quot;http://www.colfuturo.org/potencial/ws/ServicioIntegracionPotencial&quot;&gt;&lt;return&gt;Creo formulario&lt;/return&gt;&lt;/ns1:crearFormularioPotencialResponse&gt;&lt;/soap:Body&gt;&lt;/soap:Envelope&gt;

05:08:09 181.50.137.101 desde:user/226836 preparando para almacenar usuario : 1193526935

05:08:09 181.50.137.101  conectando a : https://jboss2.colfuturo.org/Formulario-Interno/ServicioIntegracionPotencial?wsdl

05:08:09 181.50.137.101  enviando datos : {"numeroDocumento":"1193526935",
            "nombre":"Juan Felipe",
            "apellido":"Gualtero Villamil",
            "email":"juankuinn@gmail.com",
            "fechaNacimiento":"15-08-2018",
            "ciudadResidencia":"Ibagué, Tolima, Colombia",
            "genero":"M",
            "celular":"",
            "listaInteresAreaEstudio":["Arquitectura y Diseño","Ciencias Políticas y Relaciones Internacionales","Economía","Ingeniería"],
            "listaInteresIdioma":[""]}

05:08:13 181.50.137.101  respuesta HTTP/1.1 200 OK
Server: Apache-Coyote/1.1
Set-Cookie: JSESSIONID=38eSzcU9isoXUn5yRQA2POiY.undefined; Path=/Formulario-Interno
Content-Type: text/xml;charset=ISO-8859-1
Content-Length: 301
Date: Wed, 15 Aug 2018 10:53:33 GMT
Connection: close

&lt;soap:Envelope xmlns:soap=&quot;http://schemas.xmlsoap.org/soap/envelope/&quot;&gt;&lt;soap:Body&gt;&lt;ns1:crearFormularioPotencialResponse xmlns:ns1=&quot;http://www.colfuturo.org/potencial/ws/ServicioIntegracionPotencial&quot;&gt;&lt;return&gt;Encontro formulario&lt;/return&gt;&lt;/ns1:crearFormularioPotencialResponse&gt;&lt;/soap:Body&gt;&lt;/soap:Envelope&gt;

05:08:33 181.50.137.101 desde:user/226836 preparando para almacenar usuario : 1193526935

05:08:33 181.50.137.101  conectando a : https://jboss2.colfuturo.org/Formulario-Interno/ServicioIntegracionPotencial?wsdl

05:08:33 181.50.137.101  enviando datos : {"numeroDocumento":"1193526935",
            "nombre":"Juan Felipe",
            "apellido":"Gualtero Villamil",
            "email":"juankuinn@gmail.com",
            "fechaNacimiento":"15-08-2018",
            "ciudadResidencia":"Ibagué, Tolima, Colombia",
            "genero":"M",
            "celular":"",
            "listaInteresAreaEstudio":["Arquitectura y Diseño","Ciencias Políticas y Relaciones Internacionales","Economía","Ingeniería"],
            "listaInteresIdioma":[""]}

05:08:37 181.50.137.101  respuesta HTTP/1.1 200 OK
Server: Apache-Coyote/1.1
Set-Cookie: JSESSIONID=xiALlZfYzbVVziVlj52fWwRW.undefined; Path=/Formulario-Interno
Content-Type: text/xml;charset=ISO-8859-1
Content-Length: 301
Date: Wed, 15 Aug 2018 10:53:57 GMT
Connection: close

&lt;soap:Envelope xmlns:soap=&quot;http://schemas.xmlsoap.org/soap/envelope/&quot;&gt;&lt;soap:Body&gt;&lt;ns1:crearFormularioPotencialResponse xmlns:ns1=&quot;http://www.colfuturo.org/potencial/ws/ServicioIntegracionPotencial&quot;&gt;&lt;return&gt;Encontro formulario&lt;/return&gt;&lt;/ns1:crearFormularioPotencialResponse&gt;&lt;/soap:Body&gt;&lt;/soap:Envelope&gt;

09:08:34 200.25.254.196 desde:user/register preparando para almacenar usuario : 1127393050

09:08:34 200.25.254.196  conectando a : https://jboss2.colfuturo.org/Formulario-Interno/ServicioIntegracionPotencial?wsdl

09:08:34 200.25.254.196  enviando datos : {"numeroDocumento":"1127393050",
            "nombre":"Alejandro Javier",
            "apellido":"Calero Garcia",
            "email":"alejcalero@gmail.com",
            "fechaNacimiento":"15-08-2018",
            "ciudadResidencia":"Puerto Carreño, Vichada, Colombia",
            "genero":"M",
            "celular":"",
            "listaInteresAreaEstudio":["Ingeniería"],
            "listaInteresIdioma":[""]}

09:08:39 200.25.254.196  respuesta HTTP/1.1 200 OK
Server: Apache-Coyote/1.1
Set-Cookie: JSESSIONID=l8xYGGvHLLChuZb8NrI2JGNs.undefined; Path=/Formulario-Interno
Content-Type: text/xml;charset=ISO-8859-1
Content-Length: 297
Date: Wed, 15 Aug 2018 15:01:00 GMT
Connection: close

&lt;soap:Envelope xmlns:soap=&quot;http://schemas.xmlsoap.org/soap/envelope/&quot;&gt;&lt;soap:Body&gt;&lt;ns1:crearFormularioPotencialResponse xmlns:ns1=&quot;http://www.colfuturo.org/potencial/ws/ServicioIntegracionPotencial&quot;&gt;&lt;return&gt;Creo formulario&lt;/return&gt;&lt;/ns1:crearFormularioPotencialResponse&gt;&lt;/soap:Body&gt;&lt;/soap:Envelope&gt;

10:08:55 181.57.240.106 desde:user/register preparando para almacenar usuario : 1101758468

10:08:55 181.57.240.106  conectando a : https://jboss2.colfuturo.org/Formulario-Interno/ServicioIntegracionPotencial?wsdl

10:08:55 181.57.240.106  enviando datos : {"numeroDocumento":"1101758468",
            "nombre":"Juan David",
            "apellido":"Bermudez Roa",
            "email":"juan9489@outlook.es",
            "fechaNacimiento":"15-08-2018",
            "ciudadResidencia":"Bogotá, Colombia",
            "genero":"M",
            "celular":"",
            "listaInteresAreaEstudio":["Ingeniería"],
            "listaInteresIdioma":[""]}

10:08:01 181.57.240.106  respuesta HTTP/1.1 200 OK
Server: Apache-Coyote/1.1
Set-Cookie: JSESSIONID=F-RhyOhDexwLHWVsxrDvHbaG.undefined; Path=/Formulario-Interno
Content-Type: text/xml;charset=ISO-8859-1
Content-Length: 297
Date: Wed, 15 Aug 2018 15:04:21 GMT
Connection: close

&lt;soap:Envelope xmlns:soap=&quot;http://schemas.xmlsoap.org/soap/envelope/&quot;&gt;&lt;soap:Body&gt;&lt;ns1:crearFormularioPotencialResponse xmlns:ns1=&quot;http://www.colfuturo.org/potencial/ws/ServicioIntegracionPotencial&quot;&gt;&lt;return&gt;Creo formulario&lt;/return&gt;&lt;/ns1:crearFormularioPotencialResponse&gt;&lt;/soap:Body&gt;&lt;/soap:Envelope&gt;

10:08:38 186.86.30.181 desde:user/register preparando para almacenar usuario : 21934370

10:08:38 186.86.30.181  conectando a : https://jboss2.colfuturo.org/Formulario-Interno/ServicioIntegracionPotencial?wsdl

10:08:38 186.86.30.181  enviando datos : {"numeroDocumento":"21934370",
            "nombre":"SOR MELIDA",
            "apellido":"MANJARRES",
            "email":"asoaunhumeta@gmail.com",
            "fechaNacimiento":"15-08-2018",
            "ciudadResidencia":"Medellín, Antioquia, Colombia",
            "genero":"F",
            "celular":"",
            "listaInteresAreaEstudio":[""],
            "listaInteresIdioma":["ingles"]}

10:08:44 186.86.30.181  respuesta HTTP/1.1 200 OK
Server: Apache-Coyote/1.1
Set-Cookie: JSESSIONID=EiUexXmn2duSU-81I68D7S5z.undefined; Path=/Formulario-Interno
Content-Type: text/xml;charset=ISO-8859-1
Content-Length: 297
Date: Wed, 15 Aug 2018 15:37:04 GMT
Connection: close

&lt;soap:Envelope xmlns:soap=&quot;http://schemas.xmlsoap.org/soap/envelope/&quot;&gt;&lt;soap:Body&gt;&lt;ns1:crearFormularioPotencialResponse xmlns:ns1=&quot;http://www.colfuturo.org/potencial/ws/ServicioIntegracionPotencial&quot;&gt;&lt;return&gt;Creo formulario&lt;/return&gt;&lt;/ns1:crearFormularioPotencialResponse&gt;&lt;/soap:Body&gt;&lt;/soap:Envelope&gt;

10:08:36 186.86.30.181 desde:user/226863 preparando para almacenar usuario : 21934370

10:08:36 186.86.30.181  conectando a : https://jboss2.colfuturo.org/Formulario-Interno/ServicioIntegracionPotencial?wsdl

10:08:36 186.86.30.181  enviando datos : {"numeroDocumento":"21934370",
            "nombre":"SOR MELIDA",
            "apellido":"MANJARRES",
            "email":"asoaunhumeta@gmail.com",
            "fechaNacimiento":"15-08-2018",
            "ciudadResidencia":"Medellín, Antioquia, Colombia",
            "genero":"F",
            "celular":"",
            "listaInteresAreaEstudio":[""],
            "listaInteresIdioma":["ingles"]}

10:08:40 186.86.30.181  respuesta HTTP/1.1 200 OK
Server: Apache-Coyote/1.1
Set-Cookie: JSESSIONID=KdmtlewXwWA73JTTW7NTym1J.undefined; Path=/Formulario-Interno
Content-Type: text/xml;charset=ISO-8859-1
Content-Length: 301
Date: Wed, 15 Aug 2018 15:52:00 GMT
Connection: close

&lt;soap:Envelope xmlns:soap=&quot;http://schemas.xmlsoap.org/soap/envelope/&quot;&gt;&lt;soap:Body&gt;&lt;ns1:crearFormularioPotencialResponse xmlns:ns1=&quot;http://www.colfuturo.org/potencial/ws/ServicioIntegracionPotencial&quot;&gt;&lt;return&gt;Encontro formulario&lt;/return&gt;&lt;/ns1:crearFormularioPotencialResponse&gt;&lt;/soap:Body&gt;&lt;/soap:Envelope&gt;

11:08:09 190.27.22.159 desde:user/register preparando para almacenar usuario : 1013599726

11:08:09 190.27.22.159  conectando a : https://jboss2.colfuturo.org/Formulario-Interno/ServicioIntegracionPotencial?wsdl

11:08:09 190.27.22.159  enviando datos : {"numeroDocumento":"1013599726",
            "nombre":"JUAN SEBASTIAN",
            "apellido":"MUNOZ DIAZ ",
            "email":"jsmunozd@gmail.com",
            "fechaNacimiento":"15-08-2018",
            "ciudadResidencia":"Bogotá, Colombia",
            "genero":"M",
            "celular":"",
            "listaInteresAreaEstudio":[""],
            "listaInteresIdioma":["ingles","frances"]}

11:08:14 190.27.22.159  respuesta HTTP/1.1 200 OK
Server: Apache-Coyote/1.1
Set-Cookie: JSESSIONID=XYb4pYtrWsbRZAd1DBnU1sC+.undefined; Path=/Formulario-Interno
Content-Type: text/xml;charset=ISO-8859-1
Content-Length: 297
Date: Wed, 15 Aug 2018 16:26:34 GMT
Connection: close

&lt;soap:Envelope xmlns:soap=&quot;http://schemas.xmlsoap.org/soap/envelope/&quot;&gt;&lt;soap:Body&gt;&lt;ns1:crearFormularioPotencialResponse xmlns:ns1=&quot;http://www.colfuturo.org/potencial/ws/ServicioIntegracionPotencial&quot;&gt;&lt;return&gt;Creo formulario&lt;/return&gt;&lt;/ns1:crearFormularioPotencialResponse&gt;&lt;/soap:Body&gt;&lt;/soap:Envelope&gt;

11:08:13 191.74.85.153 desde:user/register preparando para almacenar usuario : 1053825415

11:08:13 191.74.85.153  conectando a : https://jboss2.colfuturo.org/Formulario-Interno/ServicioIntegracionPotencial?wsdl

11:08:13 191.74.85.153  enviando datos : {"numeroDocumento":"1053825415",
            "nombre":"Mariana",
            "apellido":"Vasquez amaya",
            "email":"mariv2493@gmail.com",
            "fechaNacimiento":"15-08-2018",
            "ciudadResidencia":"Manizales, Caldas, Colombia",
            "genero":"F",
            "celular":"",
            "listaInteresAreaEstudio":["Ciencias de la Salud"],
            "listaInteresIdioma":[""]}

11:08:18 191.74.85.153  respuesta HTTP/1.1 200 OK
Server: Apache-Coyote/1.1
Set-Cookie: JSESSIONID=Av013Ihieyq734T6zXYfl8hg.undefined; Path=/Formulario-Interno
Content-Type: text/xml;charset=ISO-8859-1
Content-Length: 297
Date: Wed, 15 Aug 2018 16:36:39 GMT
Connection: close

&lt;soap:Envelope xmlns:soap=&quot;http://schemas.xmlsoap.org/soap/envelope/&quot;&gt;&lt;soap:Body&gt;&lt;ns1:crearFormularioPotencialResponse xmlns:ns1=&quot;http://www.colfuturo.org/potencial/ws/ServicioIntegracionPotencial&quot;&gt;&lt;return&gt;Creo formulario&lt;/return&gt;&lt;/ns1:crearFormularioPotencialResponse&gt;&lt;/soap:Body&gt;&lt;/soap:Envelope&gt;

12:08:22 167.249.40.26 desde:user/register preparando para almacenar usuario : 1011716023

12:08:22 167.249.40.26  conectando a : https://jboss2.colfuturo.org/Formulario-Interno/ServicioIntegracionPotencial?wsdl

12:08:22 167.249.40.26  enviando datos : {"numeroDocumento":"1011716023",
            "nombre":"Juan Camilo",
            "apellido":"Mejía Prieto",
            "email":"Kidon.86@gmail.com",
            "fechaNacimiento":"15-08-2018",
            "ciudadResidencia":"Bogotá, Colombia",
            "genero":"M",
            "celular":"",
            "listaInteresAreaEstudio":["Administración y Negocios","Ciencias Políticas y Relaciones Internacionales","Ciencias Sociales","Economía"],
            "listaInteresIdioma":[""]}

12:08:28 167.249.40.26  respuesta HTTP/1.1 200 OK
Server: Apache-Coyote/1.1
Set-Cookie: JSESSIONID=CC4dgSfMB+xJLgOm7C9Hfhu6.undefined; Path=/Formulario-Interno
Content-Type: text/xml;charset=ISO-8859-1
Content-Length: 297
Date: Wed, 15 Aug 2018 17:11:48 GMT
Connection: close

&lt;soap:Envelope xmlns:soap=&quot;http://schemas.xmlsoap.org/soap/envelope/&quot;&gt;&lt;soap:Body&gt;&lt;ns1:crearFormularioPotencialResponse xmlns:ns1=&quot;http://www.colfuturo.org/potencial/ws/ServicioIntegracionPotencial&quot;&gt;&lt;return&gt;Creo formulario&lt;/return&gt;&lt;/ns1:crearFormularioPotencialResponse&gt;&lt;/soap:Body&gt;&lt;/soap:Envelope&gt;

12:08:03 190.251.215.243 desde:user/register preparando para almacenar usuario : 1053828096

12:08:03 190.251.215.243  conectando a : https://jboss2.colfuturo.org/Formulario-Interno/ServicioIntegracionPotencial?wsdl

12:08:03 190.251.215.243  enviando datos : {"numeroDocumento":"1053828096",
            "nombre":"Manuela",
            "apellido":"Zapata franco",
            "email":"Manuzafra25@hotmail.com",
            "fechaNacimiento":"15-08-2018",
            "ciudadResidencia":"Manizales, Caldas, Colombia",
            "genero":"F",
            "celular":"",
            "listaInteresAreaEstudio":["Administración y Negocios","Arquitectura y Diseño","Ciencias Agropecuarias y del Medio Ambiente","Ciencias Políticas y Relaciones Internacionales"],
            "listaInteresIdioma":[""]}

12:08:08 190.251.215.243  respuesta HTTP/1.1 200 OK
Server: Apache-Coyote/1.1
Set-Cookie: JSESSIONID=0xVeAEhES6Sxnxxxa5QkRDDR.undefined; Path=/Formulario-Interno
Content-Type: text/xml;charset=ISO-8859-1
Content-Length: 297
Date: Wed, 15 Aug 2018 17:59:29 GMT
Connection: close

&lt;soap:Envelope xmlns:soap=&quot;http://schemas.xmlsoap.org/soap/envelope/&quot;&gt;&lt;soap:Body&gt;&lt;ns1:crearFormularioPotencialResponse xmlns:ns1=&quot;http://www.colfuturo.org/potencial/ws/ServicioIntegracionPotencial&quot;&gt;&lt;return&gt;Creo formulario&lt;/return&gt;&lt;/ns1:crearFormularioPotencialResponse&gt;&lt;/soap:Body&gt;&lt;/soap:Envelope&gt;

02:08:58 201.247.43.143 desde:user/register preparando para almacenar usuario : 1128392312

02:08:58 201.247.43.143  conectando a : https://jboss2.colfuturo.org/Formulario-Interno/ServicioIntegracionPotencial?wsdl

02:08:58 201.247.43.143  enviando datos : {"numeroDocumento":"1128392312",
            "nombre":"Leidy Tatiana",
            "apellido":"Arboleda Vasquez",
            "email":"tatiana.arboledav@gmail.com",
            "fechaNacimiento":"15-08-2018",
            "ciudadResidencia":"San Salvador, El Salvador",
            "genero":"F",
            "celular":"",
            "listaInteresAreaEstudio":["Ciencias Agropecuarias y del Medio Ambiente"],
            "listaInteresIdioma":["ingles"]}

02:08:05 201.247.43.143  respuesta HTTP/1.1 200 OK
Server: Apache-Coyote/1.1
Set-Cookie: JSESSIONID=FBmb-CvvdUOgybj7aU0x97lP.undefined; Path=/Formulario-Interno
Content-Type: text/xml;charset=ISO-8859-1
Content-Length: 297
Date: Wed, 15 Aug 2018 19:57:26 GMT
Connection: close

&lt;soap:Envelope xmlns:soap=&quot;http://schemas.xmlsoap.org/soap/envelope/&quot;&gt;&lt;soap:Body&gt;&lt;ns1:crearFormularioPotencialResponse xmlns:ns1=&quot;http://www.colfuturo.org/potencial/ws/ServicioIntegracionPotencial&quot;&gt;&lt;return&gt;Creo formulario&lt;/return&gt;&lt;/ns1:crearFormularioPotencialResponse&gt;&lt;/soap:Body&gt;&lt;/soap:Envelope&gt;

02:08:33 67.75.2.40 desde:user/register preparando para almacenar usuario : 80546019

02:08:33 67.75.2.40  conectando a : https://jboss2.colfuturo.org/Formulario-Interno/ServicioIntegracionPotencial?wsdl

02:08:33 67.75.2.40  enviando datos : {"numeroDocumento":"80546019",
            "nombre":"Edgar Adrián",
            "apellido":"Santana Castro",
            "email":"cdsants@gmail.com",
            "fechaNacimiento":"15-08-2018",
            "ciudadResidencia":"Cartagena de Indias, Cartagena, Bolívar, Colombia",
            "genero":"M",
            "celular":"",
            "listaInteresAreaEstudio":["Administración y Negocios","Ingeniería"],
            "listaInteresIdioma":["ingles","frances"]}

02:08:38 67.75.2.40  respuesta HTTP/1.1 200 OK
Server: Apache-Coyote/1.1
Set-Cookie: JSESSIONID=eiHVRAJre6MyuCkqmmMZz7N0.undefined; Path=/Formulario-Interno
Content-Type: text/xml;charset=ISO-8859-1
Content-Length: 297
Date: Wed, 15 Aug 2018 19:58:59 GMT
Connection: close

&lt;soap:Envelope xmlns:soap=&quot;http://schemas.xmlsoap.org/soap/envelope/&quot;&gt;&lt;soap:Body&gt;&lt;ns1:crearFormularioPotencialResponse xmlns:ns1=&quot;http://www.colfuturo.org/potencial/ws/ServicioIntegracionPotencial&quot;&gt;&lt;return&gt;Creo formulario&lt;/return&gt;&lt;/ns1:crearFormularioPotencialResponse&gt;&lt;/soap:Body&gt;&lt;/soap:Envelope&gt;

03:08:03 168.176.124.21 desde:user/register preparando para almacenar usuario : 1128437906

03:08:03 168.176.124.21  conectando a : https://jboss2.colfuturo.org/Formulario-Interno/ServicioIntegracionPotencial?wsdl

03:08:03 168.176.124.21  enviando datos : {"numeroDocumento":"1128437906",
            "nombre":"edison romario",
            "apellido":"zapata bedoya",
            "email":"erzapatab@unal.edu.co",
            "fechaNacimiento":"15-08-2018",
            "ciudadResidencia":"Medellín, Antioquia, Colombia",
            "genero":"M",
            "celular":"",
            "listaInteresAreaEstudio":["Administración y Negocios","Economía","Educación","Ingeniería"],
            "listaInteresIdioma":["ingles"]}

03:08:09 168.176.124.21  respuesta HTTP/1.1 200 OK
Server: Apache-Coyote/1.1
Set-Cookie: JSESSIONID=45a6-tmXhc-vHH37gAxhLH7q.undefined; Path=/Formulario-Interno
Content-Type: text/xml;charset=ISO-8859-1
Content-Length: 297
Date: Wed, 15 Aug 2018 20:34:30 GMT
Connection: close

&lt;soap:Envelope xmlns:soap=&quot;http://schemas.xmlsoap.org/soap/envelope/&quot;&gt;&lt;soap:Body&gt;&lt;ns1:crearFormularioPotencialResponse xmlns:ns1=&quot;http://www.colfuturo.org/potencial/ws/ServicioIntegracionPotencial&quot;&gt;&lt;return&gt;Creo formulario&lt;/return&gt;&lt;/ns1:crearFormularioPotencialResponse&gt;&lt;/soap:Body&gt;&lt;/soap:Envelope&gt;

03:08:27 190.242.124.3 desde:user/register preparando para almacenar usuario : 53000294

03:08:27 190.242.124.3  conectando a : https://jboss2.colfuturo.org/Formulario-Interno/ServicioIntegracionPotencial?wsdl

03:08:27 190.242.124.3  enviando datos : {"numeroDocumento":"53000294",
            "nombre":"Sara",
            "apellido":"Villamizar Jaramillo ",
            "email":"sara.villamizar@colfuturo.org",
            "fechaNacimiento":"15-08-2018",
            "ciudadResidencia":"Bogotá, Colombia",
            "genero":"F",
            "celular":"",
            "listaInteresAreaEstudio":["Artes","Educación"],
            "listaInteresIdioma":["ingles"]}

03:08:32 190.242.124.3  respuesta HTTP/1.1 200 OK
Server: Apache-Coyote/1.1
Set-Cookie: JSESSIONID=6DKFsb9XpX29CeO4E5PHWfin.undefined; Path=/Formulario-Interno
Content-Type: text/xml;charset=ISO-8859-1
Content-Length: 297
Date: Wed, 15 Aug 2018 20:55:53 GMT
Connection: close

&lt;soap:Envelope xmlns:soap=&quot;http://schemas.xmlsoap.org/soap/envelope/&quot;&gt;&lt;soap:Body&gt;&lt;ns1:crearFormularioPotencialResponse xmlns:ns1=&quot;http://www.colfuturo.org/potencial/ws/ServicioIntegracionPotencial&quot;&gt;&lt;return&gt;Creo formulario&lt;/return&gt;&lt;/ns1:crearFormularioPotencialResponse&gt;&lt;/soap:Body&gt;&lt;/soap:Envelope&gt;

04:08:02 190.130.78.145 desde:user/register preparando para almacenar usuario : 1053780678

04:08:02 190.130.78.145  conectando a : https://jboss2.colfuturo.org/Formulario-Interno/ServicioIntegracionPotencial?wsdl

04:08:02 190.130.78.145  enviando datos : {"numeroDocumento":"1053780678",
            "nombre":"Alejandra",
            "apellido":"Sanchez ",
            "email":"ale.sanchez.se@gmail.com",
            "fechaNacimiento":"15-08-2018",
            "ciudadResidencia":"Villamaría, Caldas, Colombia",
            "genero":"F",
            "celular":"",
            "listaInteresAreaEstudio":["Derecho"],
            "listaInteresIdioma":["ingles"]}

04:08:08 190.130.78.145  respuesta HTTP/1.1 200 OK
Server: Apache-Coyote/1.1
Set-Cookie: JSESSIONID=STc9uW677Z591iO+sT6Zqk2k.undefined; Path=/Formulario-Interno
Content-Type: text/xml;charset=ISO-8859-1
Content-Length: 297
Date: Wed, 15 Aug 2018 21:14:28 GMT
Connection: close

&lt;soap:Envelope xmlns:soap=&quot;http://schemas.xmlsoap.org/soap/envelope/&quot;&gt;&lt;soap:Body&gt;&lt;ns1:crearFormularioPotencialResponse xmlns:ns1=&quot;http://www.colfuturo.org/potencial/ws/ServicioIntegracionPotencial&quot;&gt;&lt;return&gt;Creo formulario&lt;/return&gt;&lt;/ns1:crearFormularioPotencialResponse&gt;&lt;/soap:Body&gt;&lt;/soap:Envelope&gt;

04:08:29 186.154.206.194 desde:user/register preparando para almacenar usuario : 1102371436

04:08:29 186.154.206.194  conectando a : https://jboss2.colfuturo.org/Formulario-Interno/ServicioIntegracionPotencial?wsdl

04:08:29 186.154.206.194  enviando datos : {"numeroDocumento":"1102371436",
            "nombre":"DIANA ALEJANDRA",
            "apellido":"DUARTE JURADO",
            "email":"alejadj9311@gmail.com",
            "fechaNacimiento":"15-08-2018",
            "ciudadResidencia":"Bucaramanga, Santander, Colombia",
            "genero":"F",
            "celular":"",
            "listaInteresAreaEstudio":[""],
            "listaInteresIdioma":["ingles"]}

04:08:35 186.154.206.194  respuesta HTTP/1.1 200 OK
Server: Apache-Coyote/1.1
Set-Cookie: JSESSIONID=DoeXN9lTNq05NgZi62gAN8kt.undefined; Path=/Formulario-Interno
Content-Type: text/xml;charset=ISO-8859-1
Content-Length: 297
Date: Wed, 15 Aug 2018 21:50:55 GMT
Connection: close

&lt;soap:Envelope xmlns:soap=&quot;http://schemas.xmlsoap.org/soap/envelope/&quot;&gt;&lt;soap:Body&gt;&lt;ns1:crearFormularioPotencialResponse xmlns:ns1=&quot;http://www.colfuturo.org/potencial/ws/ServicioIntegracionPotencial&quot;&gt;&lt;return&gt;Creo formulario&lt;/return&gt;&lt;/ns1:crearFormularioPotencialResponse&gt;&lt;/soap:Body&gt;&lt;/soap:Envelope&gt;

05:08:57 181.129.4.122 desde:node/44 preparando para almacenar usuario : 1040047975

05:08:57 181.129.4.122  conectando a : https://jboss2.colfuturo.org/Formulario-Interno/ServicioIntegracionPotencial?wsdl

05:08:57 181.129.4.122  enviando datos : {"numeroDocumento":"1040047975",
            "nombre":"leidy",
            "apellido":"Gaviria Franco",
            "email":"leidyfranco080@gmail.com",
            "fechaNacimiento":"15-08-2018",
            "ciudadResidencia":"La Ceja, Antioquia, Colombia",
            "genero":"F",
            "celular":"",
            "listaInteresAreaEstudio":[""],
            "listaInteresIdioma":[""]}

05:08:03 181.129.4.122  client->fault: 

05:08:03 181.129.4.122  respuesta HTTP/1.1 500 Internal Server Error
Server: Apache-Coyote/1.1
Set-Cookie: JSESSIONID=ubujyeZ+Ya4fXc-BwxZU9vBB.undefined; Path=/Formulario-Interno
Content-Type: text/xml;charset=ISO-8859-1
Content-Length: 225
Date: Wed, 15 Aug 2018 22:27:24 GMT
Connection: close

&lt;soap:Envelope xmlns:soap=&quot;http://schemas.xmlsoap.org/soap/envelope/&quot;&gt;&lt;soap:Body&gt;&lt;soap:Fault&gt;&lt;faultcode&gt;soap:Server&lt;/faultcode&gt;&lt;faultstring&gt;java.lang.NullPointerException&lt;/faultstring&gt;&lt;/soap:Fault&gt;&lt;/soap:Body&gt;&lt;/soap:Envelope&gt;

05:08:56 191.102.239.33 desde:user/register preparando para almacenar usuario : 67039534

05:08:56 191.102.239.33  conectando a : https://jboss2.colfuturo.org/Formulario-Interno/ServicioIntegracionPotencial?wsdl

05:08:56 191.102.239.33  enviando datos : {"numeroDocumento":"67039534",
            "nombre":"HELLEN LEILANITH",
            "apellido":"ZAMBRANO NOGUERA",
            "email":"zambrano.hellen@gmail.com",
            "fechaNacimiento":"15-08-2018",
            "ciudadResidencia":"Tumaco, San Andres de Tumaco, Nariño, Colombia",
            "genero":"F",
            "celular":"",
            "listaInteresAreaEstudio":[""],
            "listaInteresIdioma":["ingles"]}

05:08:02 191.102.239.33  respuesta HTTP/1.1 200 OK
Server: Apache-Coyote/1.1
Set-Cookie: JSESSIONID=1F0WteBNzEhjoL+H+-ibmX6c.undefined; Path=/Formulario-Interno
Content-Type: text/xml;charset=ISO-8859-1
Content-Length: 297
Date: Wed, 15 Aug 2018 22:32:22 GMT
Connection: close

&lt;soap:Envelope xmlns:soap=&quot;http://schemas.xmlsoap.org/soap/envelope/&quot;&gt;&lt;soap:Body&gt;&lt;ns1:crearFormularioPotencialResponse xmlns:ns1=&quot;http://www.colfuturo.org/potencial/ws/ServicioIntegracionPotencial&quot;&gt;&lt;return&gt;Creo formulario&lt;/return&gt;&lt;/ns1:crearFormularioPotencialResponse&gt;&lt;/soap:Body&gt;&lt;/soap:Envelope&gt;

06:08:22 190.7.130.34 desde:user/register preparando para almacenar usuario : 1020715610

06:08:22 190.7.130.34  conectando a : https://jboss2.colfuturo.org/Formulario-Interno/ServicioIntegracionPotencial?wsdl

06:08:22 190.7.130.34  enviando datos : {"numeroDocumento":"1020715610",
            "nombre":"Andres Mauricio",
            "apellido":"Jimenez Sabogal",
            "email":"andres627@hotmail.com",
            "fechaNacimiento":"15-08-2018",
            "ciudadResidencia":"Bogotá, Colombia",
            "genero":"M",
            "celular":"",
            "listaInteresAreaEstudio":["Ingeniería"],
            "listaInteresIdioma":[""]}

06:08:28 190.7.130.34  respuesta HTTP/1.1 200 OK
Server: Apache-Coyote/1.1
Set-Cookie: JSESSIONID=OLMXIt8U2KYr7mPAO7f9se9L.undefined; Path=/Formulario-Interno
Content-Type: text/xml;charset=ISO-8859-1
Content-Length: 297
Date: Wed, 15 Aug 2018 23:37:48 GMT
Connection: close

&lt;soap:Envelope xmlns:soap=&quot;http://schemas.xmlsoap.org/soap/envelope/&quot;&gt;&lt;soap:Body&gt;&lt;ns1:crearFormularioPotencialResponse xmlns:ns1=&quot;http://www.colfuturo.org/potencial/ws/ServicioIntegracionPotencial&quot;&gt;&lt;return&gt;Creo formulario&lt;/return&gt;&lt;/ns1:crearFormularioPotencialResponse&gt;&lt;/soap:Body&gt;&lt;/soap:Envelope&gt;

07:08:22 201.190.69.75 desde:user/register preparando para almacenar usuario : 1152454326

07:08:22 201.190.69.75  conectando a : https://jboss2.colfuturo.org/Formulario-Interno/ServicioIntegracionPotencial?wsdl

07:08:22 201.190.69.75  enviando datos : {"numeroDocumento":"1152454326",
            "nombre":"Daniela",
            "apellido":"Restrepo Gómez",
            "email":"danirpo110@gmail.com",
            "fechaNacimiento":"15-08-2018",
            "ciudadResidencia":"Medellín, Antioquia, Colombia",
            "genero":"F",
            "celular":"",
            "listaInteresAreaEstudio":["Administración y Negocios","Economía"],
            "listaInteresIdioma":[""]}

07:08:28 201.190.69.75  respuesta HTTP/1.1 200 OK
Server: Apache-Coyote/1.1
Set-Cookie: JSESSIONID=6DFExk2uXZbb0e1nXOJDs3sd.undefined; Path=/Formulario-Interno
Content-Type: text/xml;charset=ISO-8859-1
Content-Length: 297
Date: Thu, 16 Aug 2018 00:35:49 GMT
Connection: close

&lt;soap:Envelope xmlns:soap=&quot;http://schemas.xmlsoap.org/soap/envelope/&quot;&gt;&lt;soap:Body&gt;&lt;ns1:crearFormularioPotencialResponse xmlns:ns1=&quot;http://www.colfuturo.org/potencial/ws/ServicioIntegracionPotencial&quot;&gt;&lt;return&gt;Creo formulario&lt;/return&gt;&lt;/ns1:crearFormularioPotencialResponse&gt;&lt;/soap:Body&gt;&lt;/soap:Envelope&gt;

08:08:54 181.57.243.123 desde:user/register preparando para almacenar usuario : 80187078

08:08:54 181.57.243.123  conectando a : https://jboss2.colfuturo.org/Formulario-Interno/ServicioIntegracionPotencial?wsdl

08:08:54 181.57.243.123  enviando datos : {"numeroDocumento":"80187078",
            "nombre":"Carlos Mauricio ",
            "apellido":"Ruiz Vega",
            "email":"mau.ruiz54@gmail.com",
            "fechaNacimiento":"15-08-2018",
            "ciudadResidencia":"Bogotá, Colombia",
            "genero":"M",
            "celular":"",
            "listaInteresAreaEstudio":["Administración y Negocios"],
            "listaInteresIdioma":[""]}

08:08:00 181.57.243.123  respuesta HTTP/1.1 200 OK
Server: Apache-Coyote/1.1
Set-Cookie: JSESSIONID=-qnOsDF2MQqhum7qt32-l4e4.undefined; Path=/Formulario-Interno
Content-Type: text/xml;charset=ISO-8859-1
Content-Length: 297
Date: Thu, 16 Aug 2018 01:14:21 GMT
Connection: close

&lt;soap:Envelope xmlns:soap=&quot;http://schemas.xmlsoap.org/soap/envelope/&quot;&gt;&lt;soap:Body&gt;&lt;ns1:crearFormularioPotencialResponse xmlns:ns1=&quot;http://www.colfuturo.org/potencial/ws/ServicioIntegracionPotencial&quot;&gt;&lt;return&gt;Creo formulario&lt;/return&gt;&lt;/ns1:crearFormularioPotencialResponse&gt;&lt;/soap:Body&gt;&lt;/soap:Envelope&gt;

10:08:46 179.33.196.239 desde:user/register preparando para almacenar usuario : 79627492

10:08:46 179.33.196.239  conectando a : https://jboss2.colfuturo.org/Formulario-Interno/ServicioIntegracionPotencial?wsdl

10:08:46 179.33.196.239  enviando datos : {"numeroDocumento":"79627492",
            "nombre":"Yesid Alfonso",
            "apellido":"Pulido Gómez",
            "email":"alfonso.pulido.gomez@gmail.com",
            "fechaNacimiento":"15-08-2018",
            "ciudadResidencia":"Bogotá, Colombia",
            "genero":"M",
            "celular":"",
            "listaInteresAreaEstudio":[""],
            "listaInteresIdioma":["ingles","frances"]}

10:08:52 179.33.196.239  respuesta HTTP/1.1 200 OK
Server: Apache-Coyote/1.1
Set-Cookie: JSESSIONID=AKYHP++qLt4qVmnRgMokE7UT.undefined; Path=/Formulario-Interno
Content-Type: text/xml;charset=ISO-8859-1
Content-Length: 297
Date: Thu, 16 Aug 2018 03:12:13 GMT
Connection: close

&lt;soap:Envelope xmlns:soap=&quot;http://schemas.xmlsoap.org/soap/envelope/&quot;&gt;&lt;soap:Body&gt;&lt;ns1:crearFormularioPotencialResponse xmlns:ns1=&quot;http://www.colfuturo.org/potencial/ws/ServicioIntegracionPotencial&quot;&gt;&lt;return&gt;Creo formulario&lt;/return&gt;&lt;/ns1:crearFormularioPotencialResponse&gt;&lt;/soap:Body&gt;&lt;/soap:Envelope&gt;

11:08:02 186.80.198.225 desde:user/register preparando para almacenar usuario : 1088342199

11:08:02 186.80.198.225  conectando a : https://jboss2.colfuturo.org/Formulario-Interno/ServicioIntegracionPotencial?wsdl

11:08:02 186.80.198.225  enviando datos : {"numeroDocumento":"1088342199",
            "nombre":"Mateo",
            "apellido":"Giraldo Pazos",
            "email":"mateo.giraldo@ucp.edu.co",
            "fechaNacimiento":"15-08-2018",
            "ciudadResidencia":"Pereira, Risaralda, Colombia",
            "genero":"M",
            "celular":"",
            "listaInteresAreaEstudio":["Arquitectura y Diseño","Artes"],
            "listaInteresIdioma":["ingles"]}

11:08:08 186.80.198.225  respuesta HTTP/1.1 200 OK
Server: Apache-Coyote/1.1
Set-Cookie: JSESSIONID=tMElvc1RwKe366i9fWUeGHRS.undefined; Path=/Formulario-Interno
Content-Type: text/xml;charset=ISO-8859-1
Content-Length: 297
Date: Thu, 16 Aug 2018 04:59:29 GMT
Connection: close

&lt;soap:Envelope xmlns:soap=&quot;http://schemas.xmlsoap.org/soap/envelope/&quot;&gt;&lt;soap:Body&gt;&lt;ns1:crearFormularioPotencialResponse xmlns:ns1=&quot;http://www.colfuturo.org/potencial/ws/ServicioIntegracionPotencial&quot;&gt;&lt;return&gt;Creo formulario&lt;/return&gt;&lt;/ns1:crearFormularioPotencialResponse&gt;&lt;/soap:Body&gt;&lt;/soap:Envelope&gt;

11:08:25 186.80.198.225 desde:user/226984 preparando para almacenar usuario : 1088342199

11:08:25 186.80.198.225  conectando a : https://jboss2.colfuturo.org/Formulario-Interno/ServicioIntegracionPotencial?wsdl

11:08:25 186.80.198.225  enviando datos : {"numeroDocumento":"1088342199",
            "nombre":"Mateo",
            "apellido":"Giraldo Pazos",
            "email":"mateo.giraldo@ucp.edu.co",
            "fechaNacimiento":"15-08-2018",
            "ciudadResidencia":"Pereira, Risaralda, Colombia",
            "genero":"M",
            "celular":"",
            "listaInteresAreaEstudio":["Arquitectura y Diseño","Artes"],
            "listaInteresIdioma":["ingles"]}

11:08:28 186.80.198.225  respuesta HTTP/1.1 200 OK
Server: Apache-Coyote/1.1
Set-Cookie: JSESSIONID=vUku4PZ9G2--ptvsnw-6Jbde.undefined; Path=/Formulario-Interno
Content-Type: text/xml;charset=ISO-8859-1
Content-Length: 301
Date: Thu, 16 Aug 2018 04:59:49 GMT
Connection: close

&lt;soap:Envelope xmlns:soap=&quot;http://schemas.xmlsoap.org/soap/envelope/&quot;&gt;&lt;soap:Body&gt;&lt;ns1:crearFormularioPotencialResponse xmlns:ns1=&quot;http://www.colfuturo.org/potencial/ws/ServicioIntegracionPotencial&quot;&gt;&lt;return&gt;Encontro formulario&lt;/return&gt;&lt;/ns1:crearFormularioPotencialResponse&gt;&lt;/soap:Body&gt;&lt;/soap:Envelope&gt;

11:08:36 186.80.198.225 desde:user/226984 preparando para almacenar usuario : 1088342199

11:08:36 186.80.198.225  conectando a : https://jboss2.colfuturo.org/Formulario-Interno/ServicioIntegracionPotencial?wsdl

11:08:36 186.80.198.225  enviando datos : {"numeroDocumento":"1088342199",
            "nombre":"Mateo",
            "apellido":"Giraldo Pazos",
            "email":"mateo.giraldo@ucp.edu.co",
            "fechaNacimiento":"15-08-2018",
            "ciudadResidencia":"Pereira, Risaralda, Colombia",
            "genero":"M",
            "celular":"",
            "listaInteresAreaEstudio":["Arquitectura y Diseño","Artes"],
            "listaInteresIdioma":["ingles"]}

11:08:40 186.80.198.225  respuesta HTTP/1.1 200 OK
Server: Apache-Coyote/1.1
Set-Cookie: JSESSIONID=daf3DIwWNdQaa+55+17cj0eY.undefined; Path=/Formulario-Interno
Content-Type: text/xml;charset=ISO-8859-1
Content-Length: 301
Date: Thu, 16 Aug 2018 05:00:01 GMT
Connection: close

&lt;soap:Envelope xmlns:soap=&quot;http://schemas.xmlsoap.org/soap/envelope/&quot;&gt;&lt;soap:Body&gt;&lt;ns1:crearFormularioPotencialResponse xmlns:ns1=&quot;http://www.colfuturo.org/potencial/ws/ServicioIntegracionPotencial&quot;&gt;&lt;return&gt;Encontro formulario&lt;/return&gt;&lt;/ns1:crearFormularioPotencialResponse&gt;&lt;/soap:Body&gt;&lt;/soap:Envelope&gt;

