01:10:48 121.209.10.140 desde:user/register preparando para almacenar usuario : 98052165415

01:10:49 121.209.10.140  conectando a : http://jboss2.colfuturo.org/Formulario-Interno/ServicioIntegracionPotencial?wsdl

01:10:49 121.209.10.140  enviando datos : {"numeroDocumento":"98052165415",
            "nombre":"Samara ",
            "apellido":"Quintana ",
            "email":"Samara.98@homail.com",
            "fechaNacimiento":"18 ene 1984",
            "ciudadResidencia":"Sidney, Nueva Gales del Sur, Australia",
            "genero":"F",
            "celular":"",
            "listaInteresAreaEstudio":["Administración y Negocios"],
            "listaInteresIdioma":[""]}

01:10:55 121.209.10.140  respuesta HTTP/1.1 200 OK
Server: Apache-Coyote/1.1
Set-Cookie: JSESSIONID=jvP1GkrXC8E23ZZSYsBA9ExC.undefined; Path=/Formulario-Interno
Content-Type: text/xml;charset=ISO-8859-1
Content-Length: 297
Date: Sun, 09 Oct 2016 06:58:55 GMT
Connection: close

&lt;soap:Envelope xmlns:soap=&quot;http://schemas.xmlsoap.org/soap/envelope/&quot;&gt;&lt;soap:Body&gt;&lt;ns1:crearFormularioPotencialResponse xmlns:ns1=&quot;http://www.colfuturo.org/potencial/ws/ServicioIntegracionPotencial&quot;&gt;&lt;return&gt;Creo formulario&lt;/return&gt;&lt;/ns1:crearFormularioPotencialResponse&gt;&lt;/soap:Body&gt;&lt;/soap:Envelope&gt;

09:10:59 186.179.110.74 desde:user/register preparando para almacenar usuario : 1085172948

09:10:59 186.179.110.74  conectando a : http://jboss2.colfuturo.org/Formulario-Interno/ServicioIntegracionPotencial?wsdl

09:10:59 186.179.110.74  enviando datos : {"numeroDocumento":"1085172948",
            "nombre":"Felipe Carlos",
            "apellido":"Ramirez Suarez",
            "email":"ramirezsuarezfelipe@gmail.com",
            "fechaNacimiento":"18 ene 1984",
            "ciudadResidencia":"Barranquilla - Atlántico, Colombia",
            "genero":"M",
            "celular":"",
            "listaInteresAreaEstudio":["Ingeniería"],
            "listaInteresIdioma":["ingles"]}

09:10:05 186.179.110.74  respuesta HTTP/1.1 200 OK
Server: Apache-Coyote/1.1
Set-Cookie: JSESSIONID=qk+Y0c+QBFFnyoaHIpXR21FY.undefined; Path=/Formulario-Interno
Content-Type: text/xml;charset=ISO-8859-1
Content-Length: 297
Date: Sun, 09 Oct 2016 14:31:05 GMT
Connection: close

&lt;soap:Envelope xmlns:soap=&quot;http://schemas.xmlsoap.org/soap/envelope/&quot;&gt;&lt;soap:Body&gt;&lt;ns1:crearFormularioPotencialResponse xmlns:ns1=&quot;http://www.colfuturo.org/potencial/ws/ServicioIntegracionPotencial&quot;&gt;&lt;return&gt;Creo formulario&lt;/return&gt;&lt;/ns1:crearFormularioPotencialResponse&gt;&lt;/soap:Body&gt;&lt;/soap:Envelope&gt;

10:10:51 190.251.216.242 desde:user/register preparando para almacenar usuario : 1007232025

10:10:51 190.251.216.242  conectando a : http://jboss2.colfuturo.org/Formulario-Interno/ServicioIntegracionPotencial?wsdl

10:10:51 190.251.216.242  enviando datos : {"numeroDocumento":"1007232025",
            "nombre":"natalia",
            "apellido":"lopez",
            "email":"natalia.l54@hotmail.com",
            "fechaNacimiento":"18 ene 1984",
            "ciudadResidencia":"Manizales - Caldas, Colombia",
            "genero":"F",
            "celular":"",
            "listaInteresAreaEstudio":[""],
            "listaInteresIdioma":["frances"]}

10:10:57 190.251.216.242  respuesta HTTP/1.1 200 OK
Server: Apache-Coyote/1.1
Set-Cookie: JSESSIONID=BgrzRhmA5AgnV3HI9jK9lQSD.undefined; Path=/Formulario-Interno
Content-Type: text/xml;charset=ISO-8859-1
Content-Length: 297
Date: Sun, 09 Oct 2016 15:16:57 GMT
Connection: close

&lt;soap:Envelope xmlns:soap=&quot;http://schemas.xmlsoap.org/soap/envelope/&quot;&gt;&lt;soap:Body&gt;&lt;ns1:crearFormularioPotencialResponse xmlns:ns1=&quot;http://www.colfuturo.org/potencial/ws/ServicioIntegracionPotencial&quot;&gt;&lt;return&gt;Creo formulario&lt;/return&gt;&lt;/ns1:crearFormularioPotencialResponse&gt;&lt;/soap:Body&gt;&lt;/soap:Envelope&gt;

12:10:15 190.130.127.186 desde:user/register preparando para almacenar usuario : 31791929

12:10:15 190.130.127.186  conectando a : http://jboss2.colfuturo.org/Formulario-Interno/ServicioIntegracionPotencial?wsdl

12:10:15 190.130.127.186  enviando datos : {"numeroDocumento":"31791929",
            "nombre":"Diana Maria",
            "apellido":"Londoño Bermudez",
            "email":"dianamaria89.9@hotmail.com",
            "fechaNacimiento":"18 ene 1984",
            "ciudadResidencia":"Belalcazar - Caldas, Colombia",
            "genero":"F",
            "celular":"",
            "listaInteresAreaEstudio":[""],
            "listaInteresIdioma":["ingles"]}

12:10:20 190.130.127.186  respuesta HTTP/1.1 200 OK
Server: Apache-Coyote/1.1
Set-Cookie: JSESSIONID=T7a9ZP61W8NHH2zMA80r-44C.undefined; Path=/Formulario-Interno
Content-Type: text/xml;charset=ISO-8859-1
Content-Length: 297
Date: Sun, 09 Oct 2016 17:18:20 GMT
Connection: close

&lt;soap:Envelope xmlns:soap=&quot;http://schemas.xmlsoap.org/soap/envelope/&quot;&gt;&lt;soap:Body&gt;&lt;ns1:crearFormularioPotencialResponse xmlns:ns1=&quot;http://www.colfuturo.org/potencial/ws/ServicioIntegracionPotencial&quot;&gt;&lt;return&gt;Creo formulario&lt;/return&gt;&lt;/ns1:crearFormularioPotencialResponse&gt;&lt;/soap:Body&gt;&lt;/soap:Envelope&gt;

12:10:58 186.87.65.236 desde:user/register preparando para almacenar usuario : 34560826

12:10:58 186.87.65.236  conectando a : http://jboss2.colfuturo.org/Formulario-Interno/ServicioIntegracionPotencial?wsdl

12:10:58 186.87.65.236  enviando datos : {"numeroDocumento":"34560826",
            "nombre":"Adalgisa ",
            "apellido":"Parra Obando",
            "email":"aparra@unicauca.edu.co",
            "fechaNacimiento":"18 ene 1984",
            "ciudadResidencia":"Popayán - Cauca, Colombia",
            "genero":"F",
            "celular":"",
            "listaInteresAreaEstudio":["Educación"],
            "listaInteresIdioma":[""]}

12:10:04 186.87.65.236  respuesta HTTP/1.1 200 OK
Server: Apache-Coyote/1.1
Set-Cookie: JSESSIONID=+OajeSVH4MYgIqkbYYEs+xFW.undefined; Path=/Formulario-Interno
Content-Type: text/xml;charset=ISO-8859-1
Content-Length: 297
Date: Sun, 09 Oct 2016 17:46:04 GMT
Connection: close

&lt;soap:Envelope xmlns:soap=&quot;http://schemas.xmlsoap.org/soap/envelope/&quot;&gt;&lt;soap:Body&gt;&lt;ns1:crearFormularioPotencialResponse xmlns:ns1=&quot;http://www.colfuturo.org/potencial/ws/ServicioIntegracionPotencial&quot;&gt;&lt;return&gt;Creo formulario&lt;/return&gt;&lt;/ns1:crearFormularioPotencialResponse&gt;&lt;/soap:Body&gt;&lt;/soap:Envelope&gt;

01:10:46 181.142.192.43 desde:user/120069 preparando para almacenar usuario : 1015428652

01:10:46 181.142.192.43  conectando a : http://jboss2.colfuturo.org/Formulario-Interno/ServicioIntegracionPotencial?wsdl

01:10:46 181.142.192.43  enviando datos : {"numeroDocumento":"1015428652",
            "nombre":"Claudia Lorena",
            "apellido":"Soto Moreno",
            "email":"clsotom@unal.edu.co",
            "fechaNacimiento":"18 ene 1984",
            "ciudadResidencia":"Bogotá, Colombia",
            "genero":"F",
            "celular":"",
            "listaInteresAreaEstudio":["Ingeniería"],
            "listaInteresIdioma":["ingles"]}

01:10:51 181.142.192.43  respuesta HTTP/1.1 200 OK
Server: Apache-Coyote/1.1
Set-Cookie: JSESSIONID=xvg4xmXnHsRNzxz40yOLMOfo.undefined; Path=/Formulario-Interno
Content-Type: text/xml;charset=ISO-8859-1
Content-Length: 301
Date: Sun, 09 Oct 2016 18:18:51 GMT
Connection: close

&lt;soap:Envelope xmlns:soap=&quot;http://schemas.xmlsoap.org/soap/envelope/&quot;&gt;&lt;soap:Body&gt;&lt;ns1:crearFormularioPotencialResponse xmlns:ns1=&quot;http://www.colfuturo.org/potencial/ws/ServicioIntegracionPotencial&quot;&gt;&lt;return&gt;Encontro formulario&lt;/return&gt;&lt;/ns1:crearFormularioPotencialResponse&gt;&lt;/soap:Body&gt;&lt;/soap:Envelope&gt;

01:10:25 93.33.245.91 desde:user/register preparando para almacenar usuario : 1032444028

01:10:25 93.33.245.91  conectando a : http://jboss2.colfuturo.org/Formulario-Interno/ServicioIntegracionPotencial?wsdl

01:10:25 93.33.245.91  enviando datos : {"numeroDocumento":"1032444028",
            "nombre":"Laura Andrea",
            "apellido":"Varela Pinzon",
            "email":"lavarelap@gmail.com",
            "fechaNacimiento":"18 ene 1984",
            "ciudadResidencia":"Milán, Italia",
            "genero":"F",
            "celular":"",
            "listaInteresAreaEstudio":["Ciencias Básicas","Ciencias de la Salud"],
            "listaInteresIdioma":[""]}

01:10:31 93.33.245.91  respuesta HTTP/1.1 200 OK
Server: Apache-Coyote/1.1
Set-Cookie: JSESSIONID=wc9JLuzRDRP711lpmSLuiizc.undefined; Path=/Formulario-Interno
Content-Type: text/xml;charset=ISO-8859-1
Content-Length: 297
Date: Sun, 09 Oct 2016 18:52:31 GMT
Connection: close

&lt;soap:Envelope xmlns:soap=&quot;http://schemas.xmlsoap.org/soap/envelope/&quot;&gt;&lt;soap:Body&gt;&lt;ns1:crearFormularioPotencialResponse xmlns:ns1=&quot;http://www.colfuturo.org/potencial/ws/ServicioIntegracionPotencial&quot;&gt;&lt;return&gt;Creo formulario&lt;/return&gt;&lt;/ns1:crearFormularioPotencialResponse&gt;&lt;/soap:Body&gt;&lt;/soap:Envelope&gt;

04:10:19 181.192.201.74 desde:node/44 preparando para almacenar usuario : 1129576856

04:10:19 181.192.201.74  conectando a : http://jboss2.colfuturo.org/Formulario-Interno/ServicioIntegracionPotencial?wsdl

04:10:19 181.192.201.74  enviando datos : {"numeroDocumento":"1129576856",
            "nombre":"Tere María ",
            "apellido":"Sierra Martínez",
            "email":"teresierramartinez@hotmail.com",
            "fechaNacimiento":"18 ene 1984",
            "ciudadResidencia":"Barranquilla - Atlántico, Colombia",
            "genero":"F",
            "celular":"",
            "listaInteresAreaEstudio":[""],
            "listaInteresIdioma":[""]}

04:10:19 181.192.201.74  respuesta HTTP/1.1 200 OK
Server: Apache-Coyote/1.1
Set-Cookie: JSESSIONID=1e5y9lpp3R7-bGnFQl9JkdHb.undefined; Path=/Formulario-Interno
Content-Type: text/xml;charset=ISO-8859-1
Content-Length: 297
Date: Sun, 09 Oct 2016 21:10:19 GMT
Connection: close

&lt;soap:Envelope xmlns:soap=&quot;http://schemas.xmlsoap.org/soap/envelope/&quot;&gt;&lt;soap:Body&gt;&lt;ns1:crearFormularioPotencialResponse xmlns:ns1=&quot;http://www.colfuturo.org/potencial/ws/ServicioIntegracionPotencial&quot;&gt;&lt;return&gt;Creo formulario&lt;/return&gt;&lt;/ns1:crearFormularioPotencialResponse&gt;&lt;/soap:Body&gt;&lt;/soap:Envelope&gt;

04:10:34 186.154.39.73 desde:user/132073 preparando para almacenar usuario : 1018502357

04:10:34 186.154.39.73  conectando a : http://jboss2.colfuturo.org/Formulario-Interno/ServicioIntegracionPotencial?wsdl

04:10:34 186.154.39.73  enviando datos : {"numeroDocumento":"1018502357",
            "nombre":"Valentina",
            "apellido":"Camargo Sanchez",
            "email":"vcamargos@unal.edu.co",
            "fechaNacimiento":"18 ene 1984",
            "ciudadResidencia":"Bogotá, Colombia",
            "genero":"F",
            "celular":"",
            "listaInteresAreaEstudio":["Derecho"],
            "listaInteresIdioma":["ingles","frances"]}

04:10:39 186.154.39.73  respuesta HTTP/1.1 200 OK
Server: Apache-Coyote/1.1
Set-Cookie: JSESSIONID=2c787Bh1gP+igds3VSe57f-E.undefined; Path=/Formulario-Interno
Content-Type: text/xml;charset=ISO-8859-1
Content-Length: 301
Date: Sun, 09 Oct 2016 21:19:39 GMT
Connection: close

&lt;soap:Envelope xmlns:soap=&quot;http://schemas.xmlsoap.org/soap/envelope/&quot;&gt;&lt;soap:Body&gt;&lt;ns1:crearFormularioPotencialResponse xmlns:ns1=&quot;http://www.colfuturo.org/potencial/ws/ServicioIntegracionPotencial&quot;&gt;&lt;return&gt;Encontro formulario&lt;/return&gt;&lt;/ns1:crearFormularioPotencialResponse&gt;&lt;/soap:Body&gt;&lt;/soap:Envelope&gt;

05:10:57 181.128.231.7 desde:user/register preparando para almacenar usuario : 1032465779

05:10:57 181.128.231.7  conectando a : http://jboss2.colfuturo.org/Formulario-Interno/ServicioIntegracionPotencial?wsdl

05:10:57 181.128.231.7  enviando datos : {"numeroDocumento":"1032465779",
            "nombre":"Paula",
            "apellido":"Muñoz",
            "email":"pamu94@hotmail.com",
            "fechaNacimiento":"18 ene 1984",
            "ciudadResidencia":"Bogotá, Colombia",
            "genero":"F",
            "celular":"",
            "listaInteresAreaEstudio":["Artes","Ciencias Sociales"],
            "listaInteresIdioma":["ingles","frances"]}

05:10:58 181.128.231.7  respuesta HTTP/1.1 200 OK
Server: Apache-Coyote/1.1
Set-Cookie: JSESSIONID=2QrTlr3heCqzNQKV+x5Sdd1N.undefined; Path=/Formulario-Interno
Content-Type: text/xml;charset=ISO-8859-1
Content-Length: 297
Date: Sun, 09 Oct 2016 22:44:57 GMT
Connection: close

&lt;soap:Envelope xmlns:soap=&quot;http://schemas.xmlsoap.org/soap/envelope/&quot;&gt;&lt;soap:Body&gt;&lt;ns1:crearFormularioPotencialResponse xmlns:ns1=&quot;http://www.colfuturo.org/potencial/ws/ServicioIntegracionPotencial&quot;&gt;&lt;return&gt;Creo formulario&lt;/return&gt;&lt;/ns1:crearFormularioPotencialResponse&gt;&lt;/soap:Body&gt;&lt;/soap:Envelope&gt;

06:10:34 186.84.189.87 desde:user/register preparando para almacenar usuario : 1061688308

06:10:34 186.84.189.87  conectando a : http://jboss2.colfuturo.org/Formulario-Interno/ServicioIntegracionPotencial?wsdl

06:10:34 186.84.189.87  enviando datos : {"numeroDocumento":"1061688308",
            "nombre":"Nathalie",
            "apellido":"Guerrero Insuasti",
            "email":"nataliguerreroinsuasty@gmail.com",
            "fechaNacimiento":"18 ene 1984",
            "ciudadResidencia":"Bogotá, Colombia",
            "genero":"F",
            "celular":"",
            "listaInteresAreaEstudio":["Ciencias Políticas y Relaciones Internacionales","Ciencias Sociales","Derecho","Educación"],
            "listaInteresIdioma":[""]}

06:10:40 186.84.189.87  respuesta HTTP/1.1 200 OK
Server: Apache-Coyote/1.1
Set-Cookie: JSESSIONID=vnVH5lbPiJZt0YvL2XmHP38l.undefined; Path=/Formulario-Interno
Content-Type: text/xml;charset=ISO-8859-1
Content-Length: 297
Date: Sun, 09 Oct 2016 23:02:40 GMT
Connection: close

&lt;soap:Envelope xmlns:soap=&quot;http://schemas.xmlsoap.org/soap/envelope/&quot;&gt;&lt;soap:Body&gt;&lt;ns1:crearFormularioPotencialResponse xmlns:ns1=&quot;http://www.colfuturo.org/potencial/ws/ServicioIntegracionPotencial&quot;&gt;&lt;return&gt;Creo formulario&lt;/return&gt;&lt;/ns1:crearFormularioPotencialResponse&gt;&lt;/soap:Body&gt;&lt;/soap:Envelope&gt;

06:10:25 181.63.13.238 desde:user/12032 preparando para almacenar usuario : 80109813

06:10:25 181.63.13.238  conectando a : http://jboss2.colfuturo.org/Formulario-Interno/ServicioIntegracionPotencial?wsdl

06:10:25 181.63.13.238  enviando datos : {"numeroDocumento":"80109813",
            "nombre":"Miguel Arturo",
            "apellido":"Fonseca Mendoza",
            "email":"miguelarturo_fon@hotmail.com",
            "fechaNacimiento":"18 ene 1984",
            "ciudadResidencia":"Bogotá, Colombia",
            "genero":"M",
            "celular":"",
            "listaInteresAreaEstudio":["Administración y Negocios"],
            "listaInteresIdioma":[""]}

06:10:30 181.63.13.238  respuesta HTTP/1.1 200 OK
Server: Apache-Coyote/1.1
Set-Cookie: JSESSIONID=p6NbywEHHiGS4vSTlionETjt.undefined; Path=/Formulario-Interno
Content-Type: text/xml;charset=ISO-8859-1
Content-Length: 301
Date: Sun, 09 Oct 2016 23:09:30 GMT
Connection: close

&lt;soap:Envelope xmlns:soap=&quot;http://schemas.xmlsoap.org/soap/envelope/&quot;&gt;&lt;soap:Body&gt;&lt;ns1:crearFormularioPotencialResponse xmlns:ns1=&quot;http://www.colfuturo.org/potencial/ws/ServicioIntegracionPotencial&quot;&gt;&lt;return&gt;Encontro formulario&lt;/return&gt;&lt;/ns1:crearFormularioPotencialResponse&gt;&lt;/soap:Body&gt;&lt;/soap:Envelope&gt;

06:10:40 190.84.180.125 desde:user/129978 preparando para almacenar usuario : 1010177640

06:10:40 190.84.180.125  conectando a : http://jboss2.colfuturo.org/Formulario-Interno/ServicioIntegracionPotencial?wsdl

06:10:40 190.84.180.125  enviando datos : {"numeroDocumento":"1010177640",
            "nombre":"JENNY ",
            "apellido":"RUEDA VALENTIN",
            "email":"jmilena75@hotmail.com",
            "fechaNacimiento":"18 ene 1984",
            "ciudadResidencia":"Bogotá, Colombia",
            "genero":"F",
            "celular":"",
            "listaInteresAreaEstudio":["Educación"],
            "listaInteresIdioma":["ingles"]}

06:10:45 190.84.180.125  respuesta HTTP/1.1 200 OK
Server: Apache-Coyote/1.1
Set-Cookie: JSESSIONID=lAiC-nNu+-haHtW9GFl8un1X.undefined; Path=/Formulario-Interno
Content-Type: text/xml;charset=ISO-8859-1
Content-Length: 301
Date: Sun, 09 Oct 2016 23:12:45 GMT
Connection: close

&lt;soap:Envelope xmlns:soap=&quot;http://schemas.xmlsoap.org/soap/envelope/&quot;&gt;&lt;soap:Body&gt;&lt;ns1:crearFormularioPotencialResponse xmlns:ns1=&quot;http://www.colfuturo.org/potencial/ws/ServicioIntegracionPotencial&quot;&gt;&lt;return&gt;Encontro formulario&lt;/return&gt;&lt;/ns1:crearFormularioPotencialResponse&gt;&lt;/soap:Body&gt;&lt;/soap:Envelope&gt;

07:10:46 181.53.6.10 desde:user/register preparando para almacenar usuario : 1013653488

07:10:46 181.53.6.10  conectando a : http://jboss2.colfuturo.org/Formulario-Interno/ServicioIntegracionPotencial?wsdl

07:10:46 181.53.6.10  enviando datos : {"numeroDocumento":"1013653488",
            "nombre":"carolina",
            "apellido":"trujillo perez",
            "email":"karitotp-2015@hotmail.com",
            "fechaNacimiento":"18 ene 1984",
            "ciudadResidencia":"Bogotá, Colombia",
            "genero":"F",
            "celular":"",
            "listaInteresAreaEstudio":[""],
            "listaInteresIdioma":["ingles"]}

07:10:47 181.53.6.10  respuesta HTTP/1.1 200 OK
Server: Apache-Coyote/1.1
Set-Cookie: JSESSIONID=Z1xLTQuP++YJXq2OTNSBpXjO.undefined; Path=/Formulario-Interno
Content-Type: text/xml;charset=ISO-8859-1
Content-Length: 297
Date: Mon, 10 Oct 2016 00:20:46 GMT
Connection: close

&lt;soap:Envelope xmlns:soap=&quot;http://schemas.xmlsoap.org/soap/envelope/&quot;&gt;&lt;soap:Body&gt;&lt;ns1:crearFormularioPotencialResponse xmlns:ns1=&quot;http://www.colfuturo.org/potencial/ws/ServicioIntegracionPotencial&quot;&gt;&lt;return&gt;Creo formulario&lt;/return&gt;&lt;/ns1:crearFormularioPotencialResponse&gt;&lt;/soap:Body&gt;&lt;/soap:Envelope&gt;

07:10:49 190.156.117.25 desde:user/135800 preparando para almacenar usuario : 1020742526

07:10:49 190.156.117.25  conectando a : http://jboss2.colfuturo.org/Formulario-Interno/ServicioIntegracionPotencial?wsdl

07:10:49 190.156.117.25  enviando datos : {"numeroDocumento":"1020742526",
            "nombre":"Julian David ",
            "apellido":"Moreno Segura",
            "email":"jdms181@gmail.com",
            "fechaNacimiento":"18 ene 1984",
            "ciudadResidencia":"Bogotá, Colombia",
            "genero":"M",
            "celular":"",
            "listaInteresAreaEstudio":["Ingeniería"],
            "listaInteresIdioma":["ingles"]}

07:10:55 190.156.117.25  respuesta HTTP/1.1 200 OK
Server: Apache-Coyote/1.1
Set-Cookie: JSESSIONID=RhfnCCWUGfXWS4w-MQ+xZ5z7.undefined; Path=/Formulario-Interno
Content-Type: text/xml;charset=ISO-8859-1
Content-Length: 301
Date: Mon, 10 Oct 2016 00:58:55 GMT
Connection: close

&lt;soap:Envelope xmlns:soap=&quot;http://schemas.xmlsoap.org/soap/envelope/&quot;&gt;&lt;soap:Body&gt;&lt;ns1:crearFormularioPotencialResponse xmlns:ns1=&quot;http://www.colfuturo.org/potencial/ws/ServicioIntegracionPotencial&quot;&gt;&lt;return&gt;Encontro formulario&lt;/return&gt;&lt;/ns1:crearFormularioPotencialResponse&gt;&lt;/soap:Body&gt;&lt;/soap:Envelope&gt;

07:10:43 190.9.201.129 desde:user/register preparando para almacenar usuario : 1144074487

07:10:43 190.9.201.129  conectando a : http://jboss2.colfuturo.org/Formulario-Interno/ServicioIntegracionPotencial?wsdl

07:10:43 190.9.201.129  enviando datos : {"numeroDocumento":"1144074487",
            "nombre":"Daniela",
            "apellido":"Ortiz Muñoz",
            "email":"danielaormunoz@gmail.com",
            "fechaNacimiento":"18 ene 1984",
            "ciudadResidencia":"Cali - Valle del Cauca, Colombia",
            "genero":"F",
            "celular":"",
            "listaInteresAreaEstudio":["Ciencias de la Salud"],
            "listaInteresIdioma":[""]}

07:10:44 190.9.201.129  respuesta HTTP/1.1 200 OK
Server: Apache-Coyote/1.1
Set-Cookie: JSESSIONID=nKne5esR4thMWyUpBVBmBW3o.undefined; Path=/Formulario-Interno
Content-Type: text/xml;charset=ISO-8859-1
Content-Length: 297
Date: Mon, 10 Oct 2016 00:59:43 GMT
Connection: close

&lt;soap:Envelope xmlns:soap=&quot;http://schemas.xmlsoap.org/soap/envelope/&quot;&gt;&lt;soap:Body&gt;&lt;ns1:crearFormularioPotencialResponse xmlns:ns1=&quot;http://www.colfuturo.org/potencial/ws/ServicioIntegracionPotencial&quot;&gt;&lt;return&gt;Creo formulario&lt;/return&gt;&lt;/ns1:crearFormularioPotencialResponse&gt;&lt;/soap:Body&gt;&lt;/soap:Envelope&gt;

08:10:11 190.128.61.48 desde:user/register preparando para almacenar usuario : 39620383

08:10:11 190.128.61.48  conectando a : http://jboss2.colfuturo.org/Formulario-Interno/ServicioIntegracionPotencial?wsdl

08:10:11 190.128.61.48  enviando datos : {"numeroDocumento":"39620383",
            "nombre":"MYRIAM ARACELI",
            "apellido":"HORTUA CRUZ",
            "email":"miriho1@hotmail.com",
            "fechaNacimiento":"18 ene 1984",
            "ciudadResidencia":"La Virginia - Risaralda, Colombia",
            "genero":"F",
            "celular":"",
            "listaInteresAreaEstudio":[""],
            "listaInteresIdioma":["ingles"]}

08:10:17 190.128.61.48  respuesta HTTP/1.1 200 OK
Server: Apache-Coyote/1.1
Set-Cookie: JSESSIONID=7kp54hApf3HFnLZb+u9wSpoD.undefined; Path=/Formulario-Interno
Content-Type: text/xml;charset=ISO-8859-1
Content-Length: 297
Date: Mon, 10 Oct 2016 01:10:17 GMT
Connection: close

&lt;soap:Envelope xmlns:soap=&quot;http://schemas.xmlsoap.org/soap/envelope/&quot;&gt;&lt;soap:Body&gt;&lt;ns1:crearFormularioPotencialResponse xmlns:ns1=&quot;http://www.colfuturo.org/potencial/ws/ServicioIntegracionPotencial&quot;&gt;&lt;return&gt;Creo formulario&lt;/return&gt;&lt;/ns1:crearFormularioPotencialResponse&gt;&lt;/soap:Body&gt;&lt;/soap:Envelope&gt;

08:10:48 161.18.53.206 desde:user/register preparando para almacenar usuario : 20423301

08:10:48 161.18.53.206  conectando a : http://jboss2.colfuturo.org/Formulario-Interno/ServicioIntegracionPotencial?wsdl

08:10:48 161.18.53.206  enviando datos : {"numeroDocumento":"20423301",
            "nombre":"Maria del Sol",
            "apellido":"Effio Jaimes",
            "email":"mseffio@yahoo.com",
            "fechaNacimiento":"18 ene 1984",
            "ciudadResidencia":"Cajicá - Cundinamarca, Colombia",
            "genero":"F",
            "celular":"",
            "listaInteresAreaEstudio":["Artes","Ciencias Políticas y Relaciones Internacionales","Educación"],
            "listaInteresIdioma":[""]}

08:10:53 161.18.53.206  respuesta HTTP/1.1 200 OK
Server: Apache-Coyote/1.1
Set-Cookie: JSESSIONID=ij0im2gEbO0rAgv4waAE4jqj.undefined; Path=/Formulario-Interno
Content-Type: text/xml;charset=ISO-8859-1
Content-Length: 297
Date: Mon, 10 Oct 2016 01:12:53 GMT
Connection: close

&lt;soap:Envelope xmlns:soap=&quot;http://schemas.xmlsoap.org/soap/envelope/&quot;&gt;&lt;soap:Body&gt;&lt;ns1:crearFormularioPotencialResponse xmlns:ns1=&quot;http://www.colfuturo.org/potencial/ws/ServicioIntegracionPotencial&quot;&gt;&lt;return&gt;Creo formulario&lt;/return&gt;&lt;/ns1:crearFormularioPotencialResponse&gt;&lt;/soap:Body&gt;&lt;/soap:Envelope&gt;

08:10:53 181.50.181.57 desde:user/register preparando para almacenar usuario : 1032391412

08:10:53 181.50.181.57  conectando a : http://jboss2.colfuturo.org/Formulario-Interno/ServicioIntegracionPotencial?wsdl

08:10:53 181.50.181.57  enviando datos : {"numeroDocumento":"1032391412",
            "nombre":"Carlos Didier",
            "apellido":"Castaño Contreras",
            "email":"ccastano12@gmail.com",
            "fechaNacimiento":"18 ene 1984",
            "ciudadResidencia":"Bogotá, Colombia",
            "genero":"M",
            "celular":"",
            "listaInteresAreaEstudio":["Administración y Negocios"],
            "listaInteresIdioma":["ingles"]}

08:10:59 181.50.181.57  respuesta HTTP/1.1 200 OK
Server: Apache-Coyote/1.1
Set-Cookie: JSESSIONID=S0czgCpnSAJ7OLREBxMN3gmA.undefined; Path=/Formulario-Interno
Content-Type: text/xml;charset=ISO-8859-1
Content-Length: 297
Date: Mon, 10 Oct 2016 01:20:59 GMT
Connection: close

&lt;soap:Envelope xmlns:soap=&quot;http://schemas.xmlsoap.org/soap/envelope/&quot;&gt;&lt;soap:Body&gt;&lt;ns1:crearFormularioPotencialResponse xmlns:ns1=&quot;http://www.colfuturo.org/potencial/ws/ServicioIntegracionPotencial&quot;&gt;&lt;return&gt;Creo formulario&lt;/return&gt;&lt;/ns1:crearFormularioPotencialResponse&gt;&lt;/soap:Body&gt;&lt;/soap:Envelope&gt;

09:10:18 181.130.65.15 desde:user/register preparando para almacenar usuario : 1023004079

09:10:18 181.130.65.15  conectando a : http://jboss2.colfuturo.org/Formulario-Interno/ServicioIntegracionPotencial?wsdl

09:10:18 181.130.65.15  enviando datos : {"numeroDocumento":"1023004079",
            "nombre":"Harold Nicholay",
            "apellido":"Diaz Ardila",
            "email":"hndiaza@unal.edu.co",
            "fechaNacimiento":"18 ene 1984",
            "ciudadResidencia":"Bogotá, Colombia",
            "genero":"M",
            "celular":"",
            "listaInteresAreaEstudio":["Ciencias Básicas"],
            "listaInteresIdioma":[""]}

09:10:19 181.130.65.15  respuesta HTTP/1.1 200 OK
Server: Apache-Coyote/1.1
Set-Cookie: JSESSIONID=T9YldoHuD+R4btCUSTWQjxiL.undefined; Path=/Formulario-Interno
Content-Type: text/xml;charset=ISO-8859-1
Content-Length: 297
Date: Mon, 10 Oct 2016 02:08:18 GMT
Connection: close

&lt;soap:Envelope xmlns:soap=&quot;http://schemas.xmlsoap.org/soap/envelope/&quot;&gt;&lt;soap:Body&gt;&lt;ns1:crearFormularioPotencialResponse xmlns:ns1=&quot;http://www.colfuturo.org/potencial/ws/ServicioIntegracionPotencial&quot;&gt;&lt;return&gt;Creo formulario&lt;/return&gt;&lt;/ns1:crearFormularioPotencialResponse&gt;&lt;/soap:Body&gt;&lt;/soap:Envelope&gt;

09:10:29 181.49.75.235 desde:user/register preparando para almacenar usuario : 1121877173

09:10:29 181.49.75.235  conectando a : http://jboss2.colfuturo.org/Formulario-Interno/ServicioIntegracionPotencial?wsdl

09:10:29 181.49.75.235  enviando datos : {"numeroDocumento":"1121877173",
            "nombre":"christian",
            "apellido":"macias mejia",
            "email":"chrismacias7@gmail.com",
            "fechaNacimiento":"18 ene 1984",
            "ciudadResidencia":"Villavicencio - Meta, Colombia",
            "genero":"M",
            "celular":"",
            "listaInteresAreaEstudio":["Derecho"],
            "listaInteresIdioma":["ingles","frances"]}

09:10:35 181.49.75.235  respuesta HTTP/1.1 200 OK
Server: Apache-Coyote/1.1
Set-Cookie: JSESSIONID=-stwSoJZuCpUpUhV1Ar91W7P.undefined; Path=/Formulario-Interno
Content-Type: text/xml;charset=ISO-8859-1
Content-Length: 297
Date: Mon, 10 Oct 2016 02:42:35 GMT
Connection: close

&lt;soap:Envelope xmlns:soap=&quot;http://schemas.xmlsoap.org/soap/envelope/&quot;&gt;&lt;soap:Body&gt;&lt;ns1:crearFormularioPotencialResponse xmlns:ns1=&quot;http://www.colfuturo.org/potencial/ws/ServicioIntegracionPotencial&quot;&gt;&lt;return&gt;Creo formulario&lt;/return&gt;&lt;/ns1:crearFormularioPotencialResponse&gt;&lt;/soap:Body&gt;&lt;/soap:Envelope&gt;

09:10:47 181.55.237.132 desde:user/register preparando para almacenar usuario : 1016031865

09:10:47 181.55.237.132  conectando a : http://jboss2.colfuturo.org/Formulario-Interno/ServicioIntegracionPotencial?wsdl

09:10:47 181.55.237.132  enviando datos : {"numeroDocumento":"1016031865",
            "nombre":"Juan Pablo",
            "apellido":"Rodriguez Puentes",
            "email":"jeanzinestra@hotmail.com",
            "fechaNacimiento":"18 ene 1984",
            "ciudadResidencia":"Bogotá, Colombia",
            "genero":"M",
            "celular":"",
            "listaInteresAreaEstudio":["Derecho"],
            "listaInteresIdioma":["ingles"]}

09:10:53 181.55.237.132  respuesta HTTP/1.1 200 OK
Server: Apache-Coyote/1.1
Set-Cookie: JSESSIONID=2+Uof8OTVl3k9Opzf5tV8v2N.undefined; Path=/Formulario-Interno
Content-Type: text/xml;charset=ISO-8859-1
Content-Length: 297
Date: Mon, 10 Oct 2016 02:46:53 GMT
Connection: close

&lt;soap:Envelope xmlns:soap=&quot;http://schemas.xmlsoap.org/soap/envelope/&quot;&gt;&lt;soap:Body&gt;&lt;ns1:crearFormularioPotencialResponse xmlns:ns1=&quot;http://www.colfuturo.org/potencial/ws/ServicioIntegracionPotencial&quot;&gt;&lt;return&gt;Creo formulario&lt;/return&gt;&lt;/ns1:crearFormularioPotencialResponse&gt;&lt;/soap:Body&gt;&lt;/soap:Envelope&gt;

10:10:53 200.118.34.140 desde:user/129615 preparando para almacenar usuario : 79521504

10:10:53 200.118.34.140  conectando a : http://jboss2.colfuturo.org/Formulario-Interno/ServicioIntegracionPotencial?wsdl

10:10:53 200.118.34.140  enviando datos : {"numeroDocumento":"79521504",
            "nombre":"SERGIO ANTONIO",
            "apellido":"GUTIERREZ SAN JUAN",
            "email":"sgutierrez_44@yahoo.es",
            "fechaNacimiento":"18 ene 1984",
            "ciudadResidencia":"Bogotá, Colombia",
            "genero":"M",
            "celular":"",
            "listaInteresAreaEstudio":[""],
            "listaInteresIdioma":["ingles"]}

10:10:54 200.118.34.140  respuesta HTTP/1.1 200 OK
Server: Apache-Coyote/1.1
Set-Cookie: JSESSIONID=KGOjODSU+O9W-6MrQGLJ5xn3.undefined; Path=/Formulario-Interno
Content-Type: text/xml;charset=ISO-8859-1
Content-Length: 301
Date: Mon, 10 Oct 2016 03:37:53 GMT
Connection: close

&lt;soap:Envelope xmlns:soap=&quot;http://schemas.xmlsoap.org/soap/envelope/&quot;&gt;&lt;soap:Body&gt;&lt;ns1:crearFormularioPotencialResponse xmlns:ns1=&quot;http://www.colfuturo.org/potencial/ws/ServicioIntegracionPotencial&quot;&gt;&lt;return&gt;Encontro formulario&lt;/return&gt;&lt;/ns1:crearFormularioPotencialResponse&gt;&lt;/soap:Body&gt;&lt;/soap:Envelope&gt;

