05:06:31 190.143.40.53 desde:node/44 preparando para almacenar usuario : 1017217246

05:06:31 190.143.40.53  conectando a : https://jboss2.colfuturo.org/Formulario-Interno/ServicioIntegracionPotencial?wsdl

05:06:31 190.143.40.53  enviando datos : {"numeroDocumento":"1017217246",
            "nombre":"YINA MELISSA",
            "apellido":"COLLAZOS SAMBONI",
            "email":"ymelissacol@gmail.com",
            "fechaNacimiento":"18 ene 1984",
            "ciudadResidencia":"Popayán, Cauca, Colombia",
            "genero":"F",
            "celular":"",
            "listaInteresAreaEstudio":[""],
            "listaInteresIdioma":[""]}

05:06:37 190.143.40.53  client->fault: 

05:06:37 190.143.40.53  respuesta HTTP/1.1 500 Internal Server Error
Server: Apache-Coyote/1.1
Set-Cookie: JSESSIONID=KLuJykAI8gbHqLZSebkE8-sX.undefined; Path=/Formulario-Interno
Content-Type: text/xml;charset=ISO-8859-1
Content-Length: 225
Date: Mon, 18 Jun 2018 10:01:35 GMT
Connection: close

&lt;soap:Envelope xmlns:soap=&quot;http://schemas.xmlsoap.org/soap/envelope/&quot;&gt;&lt;soap:Body&gt;&lt;soap:Fault&gt;&lt;faultcode&gt;soap:Server&lt;/faultcode&gt;&lt;faultstring&gt;java.lang.NullPointerException&lt;/faultstring&gt;&lt;/soap:Fault&gt;&lt;/soap:Body&gt;&lt;/soap:Envelope&gt;

07:06:31 149.167.11.136 desde:user/register preparando para almacenar usuario : 1020735696

07:06:31 149.167.11.136  conectando a : https://jboss2.colfuturo.org/Formulario-Interno/ServicioIntegracionPotencial?wsdl

07:06:31 149.167.11.136  enviando datos : {"numeroDocumento":"1020735696",
            "nombre":"Mario",
            "apellido":"Guevara",
            "email":"marioaguevarab@gmail.com",
            "fechaNacimiento":"18 ene 1984",
            "ciudadResidencia":"Melbourne Victoria, Australia",
            "genero":"M",
            "celular":"",
            "listaInteresAreaEstudio":["Ingeniería"],
            "listaInteresIdioma":["ingles"]}

07:06:38 149.167.11.136  respuesta HTTP/1.1 200 OK
Server: Apache-Coyote/1.1
Set-Cookie: JSESSIONID=h+BGUah59PvreME7A0G12spn.undefined; Path=/Formulario-Interno
Content-Type: text/xml;charset=ISO-8859-1
Content-Length: 297
Date: Mon, 18 Jun 2018 12:33:35 GMT
Connection: close

&lt;soap:Envelope xmlns:soap=&quot;http://schemas.xmlsoap.org/soap/envelope/&quot;&gt;&lt;soap:Body&gt;&lt;ns1:crearFormularioPotencialResponse xmlns:ns1=&quot;http://www.colfuturo.org/potencial/ws/ServicioIntegracionPotencial&quot;&gt;&lt;return&gt;Creo formulario&lt;/return&gt;&lt;/ns1:crearFormularioPotencialResponse&gt;&lt;/soap:Body&gt;&lt;/soap:Envelope&gt;

08:06:53 200.122.216.26 desde:user/register preparando para almacenar usuario : 1037642717

08:06:53 200.122.216.26  conectando a : https://jboss2.colfuturo.org/Formulario-Interno/ServicioIntegracionPotencial?wsdl

08:06:53 200.122.216.26  enviando datos : {"numeroDocumento":"1037642717",
            "nombre":"Jaritza",
            "apellido":"Duque Marin",
            "email":"Jaritzaduque17@gmail.com",
            "fechaNacimiento":"18 ene 1984",
            "ciudadResidencia":"Medellín, Antioquia, Colombia",
            "genero":"F",
            "celular":"",
            "listaInteresAreaEstudio":["Administración y Negocios","Economía","Ingeniería"],
            "listaInteresIdioma":[""]}

08:06:59 200.122.216.26  respuesta HTTP/1.1 200 OK
Server: Apache-Coyote/1.1
Set-Cookie: JSESSIONID=iPXc4mxTMJYAWZrspKHiRsBF.undefined; Path=/Formulario-Interno
Content-Type: text/xml;charset=ISO-8859-1
Content-Length: 297
Date: Mon, 18 Jun 2018 13:28:57 GMT
Connection: close

&lt;soap:Envelope xmlns:soap=&quot;http://schemas.xmlsoap.org/soap/envelope/&quot;&gt;&lt;soap:Body&gt;&lt;ns1:crearFormularioPotencialResponse xmlns:ns1=&quot;http://www.colfuturo.org/potencial/ws/ServicioIntegracionPotencial&quot;&gt;&lt;return&gt;Creo formulario&lt;/return&gt;&lt;/ns1:crearFormularioPotencialResponse&gt;&lt;/soap:Body&gt;&lt;/soap:Envelope&gt;

08:06:14 190.26.207.1 desde:user/189392 preparando para almacenar usuario : 1047339426

08:06:14 190.26.207.1  conectando a : https://jboss2.colfuturo.org/Formulario-Interno/ServicioIntegracionPotencial?wsdl

08:06:14 190.26.207.1  enviando datos : {"numeroDocumento":"1047339426",
            "nombre":"Victor Julio",
            "apellido":"Mendoza Estrada",
            "email":"evictor@uninorte.edu.co",
            "fechaNacimiento":"18 ene 1984",
            "ciudadResidencia":"Barranquilla, Atlántico, Colombia",
            "genero":"M",
            "celular":"",
            "listaInteresAreaEstudio":["Ciencias Básicas"],
            "listaInteresIdioma":[""]}

08:06:17 190.26.207.1  respuesta HTTP/1.1 200 OK
Server: Apache-Coyote/1.1
Set-Cookie: JSESSIONID=zEbxp3Cx9FsP7Saw-XyCAgJ9.undefined; Path=/Formulario-Interno
Content-Type: text/xml;charset=ISO-8859-1
Content-Length: 301
Date: Mon, 18 Jun 2018 13:29:15 GMT
Connection: close

&lt;soap:Envelope xmlns:soap=&quot;http://schemas.xmlsoap.org/soap/envelope/&quot;&gt;&lt;soap:Body&gt;&lt;ns1:crearFormularioPotencialResponse xmlns:ns1=&quot;http://www.colfuturo.org/potencial/ws/ServicioIntegracionPotencial&quot;&gt;&lt;return&gt;Encontro formulario&lt;/return&gt;&lt;/ns1:crearFormularioPotencialResponse&gt;&lt;/soap:Body&gt;&lt;/soap:Envelope&gt;

08:06:14 190.85.144.238 desde:user/register preparando para almacenar usuario : 1047443678

08:06:14 190.85.144.238  conectando a : https://jboss2.colfuturo.org/Formulario-Interno/ServicioIntegracionPotencial?wsdl

08:06:14 190.85.144.238  enviando datos : {"numeroDocumento":"1047443678",
            "nombre":"maria camila",
            "apellido":"puerta soto",
            "email":"mpuertasoto@gmail.com",
            "fechaNacimiento":"18 ene 1984",
            "ciudadResidencia":"Cartagena, Bolívar, Colombia",
            "genero":"F",
            "celular":"",
            "listaInteresAreaEstudio":["Ciencias de la Salud"],
            "listaInteresIdioma":[""]}

08:06:20 190.85.144.238  respuesta HTTP/1.1 200 OK
Server: Apache-Coyote/1.1
Set-Cookie: JSESSIONID=mCVd27N14eghxJ3Ce8AK3AGa.undefined; Path=/Formulario-Interno
Content-Type: text/xml;charset=ISO-8859-1
Content-Length: 297
Date: Mon, 18 Jun 2018 13:47:18 GMT
Connection: close

&lt;soap:Envelope xmlns:soap=&quot;http://schemas.xmlsoap.org/soap/envelope/&quot;&gt;&lt;soap:Body&gt;&lt;ns1:crearFormularioPotencialResponse xmlns:ns1=&quot;http://www.colfuturo.org/potencial/ws/ServicioIntegracionPotencial&quot;&gt;&lt;return&gt;Creo formulario&lt;/return&gt;&lt;/ns1:crearFormularioPotencialResponse&gt;&lt;/soap:Body&gt;&lt;/soap:Envelope&gt;

09:06:45 190.253.200.158 desde:user/register preparando para almacenar usuario : 1053832713

09:06:45 190.253.200.158  conectando a : https://jboss2.colfuturo.org/Formulario-Interno/ServicioIntegracionPotencial?wsdl

09:06:45 190.253.200.158  enviando datos : {"numeroDocumento":"1053832713",
            "nombre":"Julieth Viviana",
            "apellido":"Castro Valderrama",
            "email":"vivi94_02@hotmail.com",
            "fechaNacimiento":"18 ene 1984",
            "ciudadResidencia":"Florencia, Caquetá, Colombia",
            "genero":"F",
            "celular":"",
            "listaInteresAreaEstudio":["Administración y Negocios","Ciencias Básicas","Ciencias de la Salud","Ciencias Políticas y Relaciones Internacionales","Ciencias Sociales","Derecho","Educación"],
            "listaInteresIdioma":["ingles","frances"]}

09:06:52 190.253.200.158  respuesta HTTP/1.1 200 OK
Server: Apache-Coyote/1.1
Set-Cookie: JSESSIONID=6uqNnIBgB28VdTq8JEIz7JoU.undefined; Path=/Formulario-Interno
Content-Type: text/xml;charset=ISO-8859-1
Content-Length: 297
Date: Mon, 18 Jun 2018 14:43:50 GMT
Connection: close

&lt;soap:Envelope xmlns:soap=&quot;http://schemas.xmlsoap.org/soap/envelope/&quot;&gt;&lt;soap:Body&gt;&lt;ns1:crearFormularioPotencialResponse xmlns:ns1=&quot;http://www.colfuturo.org/potencial/ws/ServicioIntegracionPotencial&quot;&gt;&lt;return&gt;Creo formulario&lt;/return&gt;&lt;/ns1:crearFormularioPotencialResponse&gt;&lt;/soap:Body&gt;&lt;/soap:Envelope&gt;

10:06:28 179.0.29.84 desde:user/register preparando para almacenar usuario : 1047353049

10:06:28 179.0.29.84  conectando a : https://jboss2.colfuturo.org/Formulario-Interno/ServicioIntegracionPotencial?wsdl

10:06:28 179.0.29.84  enviando datos : {"numeroDocumento":"1047353049",
            "nombre":"Dario Jose",
            "apellido":"Muñoz Charris",
            "email":"darioj-30@hotmail.com",
            "fechaNacimiento":"18 ene 1984",
            "ciudadResidencia":"Barranquilla, Atlántico, Colombia",
            "genero":"M",
            "celular":"",
            "listaInteresAreaEstudio":["Ingeniería"],
            "listaInteresIdioma":[""]}

10:06:35 179.0.29.84  respuesta HTTP/1.1 200 OK
Server: Apache-Coyote/1.1
Set-Cookie: JSESSIONID=tQbmGuppgxziDkqoOAankjzX.undefined; Path=/Formulario-Interno
Content-Type: text/xml;charset=ISO-8859-1
Content-Length: 297
Date: Mon, 18 Jun 2018 15:23:33 GMT
Connection: close

&lt;soap:Envelope xmlns:soap=&quot;http://schemas.xmlsoap.org/soap/envelope/&quot;&gt;&lt;soap:Body&gt;&lt;ns1:crearFormularioPotencialResponse xmlns:ns1=&quot;http://www.colfuturo.org/potencial/ws/ServicioIntegracionPotencial&quot;&gt;&lt;return&gt;Creo formulario&lt;/return&gt;&lt;/ns1:crearFormularioPotencialResponse&gt;&lt;/soap:Body&gt;&lt;/soap:Envelope&gt;

10:06:35 186.144.243.42 desde:user/register preparando para almacenar usuario : 1019091166

10:06:35 186.144.243.42  conectando a : https://jboss2.colfuturo.org/Formulario-Interno/ServicioIntegracionPotencial?wsdl

10:06:35 186.144.243.42  enviando datos : {"numeroDocumento":"1019091166",
            "nombre":"Carolina",
            "apellido":"Pérez Camacho",
            "email":"kro.pe.94@gmail.com",
            "fechaNacimiento":"18 ene 1984",
            "ciudadResidencia":"Chía, Cundinamarca, Colombia",
            "genero":"F",
            "celular":"",
            "listaInteresAreaEstudio":["Ciencias Agropecuarias y del Medio Ambiente","Ciencias Básicas","Ingeniería"],
            "listaInteresIdioma":["ingles","frances"]}

10:06:42 186.144.243.42  respuesta HTTP/1.1 200 OK
Server: Apache-Coyote/1.1
Set-Cookie: JSESSIONID=Lkz+QetvB15udszC5rFgVz+h.undefined; Path=/Formulario-Interno
Content-Type: text/xml;charset=ISO-8859-1
Content-Length: 297
Date: Mon, 18 Jun 2018 15:23:41 GMT
Connection: close

&lt;soap:Envelope xmlns:soap=&quot;http://schemas.xmlsoap.org/soap/envelope/&quot;&gt;&lt;soap:Body&gt;&lt;ns1:crearFormularioPotencialResponse xmlns:ns1=&quot;http://www.colfuturo.org/potencial/ws/ServicioIntegracionPotencial&quot;&gt;&lt;return&gt;Creo formulario&lt;/return&gt;&lt;/ns1:crearFormularioPotencialResponse&gt;&lt;/soap:Body&gt;&lt;/soap:Envelope&gt;

10:06:59 131.161.71.254 desde:user/register preparando para almacenar usuario : 1152435763

10:06:59 131.161.71.254  conectando a : https://jboss2.colfuturo.org/Formulario-Interno/ServicioIntegracionPotencial?wsdl

10:06:59 131.161.71.254  enviando datos : {"numeroDocumento":"1152435763",
            "nombre":"Laura Juliana",
            "apellido":"Chaparro Piedrahita",
            "email":"laurachaparrop@gmail.com",
            "fechaNacimiento":"18 ene 1984",
            "ciudadResidencia":"Medellín, Antioquia, Colombia",
            "genero":"F",
            "celular":"",
            "listaInteresAreaEstudio":["Derecho"],
            "listaInteresIdioma":["frances"]}

10:06:06 131.161.71.254  respuesta HTTP/1.1 200 OK
Server: Apache-Coyote/1.1
Set-Cookie: JSESSIONID=1Gm5bL9J9bCiY2hrfo2XCgfE.undefined; Path=/Formulario-Interno
Content-Type: text/xml;charset=ISO-8859-1
Content-Length: 297
Date: Mon, 18 Jun 2018 15:34:05 GMT
Connection: close

&lt;soap:Envelope xmlns:soap=&quot;http://schemas.xmlsoap.org/soap/envelope/&quot;&gt;&lt;soap:Body&gt;&lt;ns1:crearFormularioPotencialResponse xmlns:ns1=&quot;http://www.colfuturo.org/potencial/ws/ServicioIntegracionPotencial&quot;&gt;&lt;return&gt;Creo formulario&lt;/return&gt;&lt;/ns1:crearFormularioPotencialResponse&gt;&lt;/soap:Body&gt;&lt;/soap:Envelope&gt;

10:06:02 181.48.85.66 desde:user/register preparando para almacenar usuario : 1087995175

10:06:02 181.48.85.66  conectando a : https://jboss2.colfuturo.org/Formulario-Interno/ServicioIntegracionPotencial?wsdl

10:06:02 181.48.85.66  enviando datos : {"numeroDocumento":"1087995175",
            "nombre":"ELIANA",
            "apellido":"GARCIA HENAO",
            "email":"elianagarciahenao@gmail.com",
            "fechaNacimiento":"18 ene 1984",
            "ciudadResidencia":"Pereira, Risaralda, Colombia",
            "genero":"F",
            "celular":"",
            "listaInteresAreaEstudio":["Administración y Negocios","Ciencias de la Salud","Ciencias Sociales"],
            "listaInteresIdioma":[""]}

10:06:08 181.48.85.66  respuesta HTTP/1.1 200 OK
Server: Apache-Coyote/1.1
Set-Cookie: JSESSIONID=+K4zPDCLpr8Hl+FXjCSkHqbL.undefined; Path=/Formulario-Interno
Content-Type: text/xml;charset=ISO-8859-1
Content-Length: 297
Date: Mon, 18 Jun 2018 15:45:06 GMT
Connection: close

&lt;soap:Envelope xmlns:soap=&quot;http://schemas.xmlsoap.org/soap/envelope/&quot;&gt;&lt;soap:Body&gt;&lt;ns1:crearFormularioPotencialResponse xmlns:ns1=&quot;http://www.colfuturo.org/potencial/ws/ServicioIntegracionPotencial&quot;&gt;&lt;return&gt;Creo formulario&lt;/return&gt;&lt;/ns1:crearFormularioPotencialResponse&gt;&lt;/soap:Body&gt;&lt;/soap:Envelope&gt;

11:06:54 191.102.85.227 desde:user/206628 preparando para almacenar usuario : 16187304

11:06:54 191.102.85.227  conectando a : https://jboss2.colfuturo.org/Formulario-Interno/ServicioIntegracionPotencial?wsdl

11:06:54 191.102.85.227  enviando datos : {"numeroDocumento":"16187304",
            "nombre":"Juan Javier",
            "apellido":"García Bustos",
            "email":"juanjavierg@gmail.com",
            "fechaNacimiento":"18 ene 1984",
            "ciudadResidencia":"Florencia, Caquetá, Colombia",
            "genero":"M",
            "celular":"",
            "listaInteresAreaEstudio":[""],
            "listaInteresIdioma":[""]}

11:06:58 191.102.85.227  respuesta HTTP/1.1 200 OK
Server: Apache-Coyote/1.1
Set-Cookie: JSESSIONID=NzZPpNNuX6oAcPRPQXdyvjNX.undefined; Path=/Formulario-Interno
Content-Type: text/xml;charset=ISO-8859-1
Content-Length: 301
Date: Mon, 18 Jun 2018 16:03:56 GMT
Connection: close

&lt;soap:Envelope xmlns:soap=&quot;http://schemas.xmlsoap.org/soap/envelope/&quot;&gt;&lt;soap:Body&gt;&lt;ns1:crearFormularioPotencialResponse xmlns:ns1=&quot;http://www.colfuturo.org/potencial/ws/ServicioIntegracionPotencial&quot;&gt;&lt;return&gt;Encontro formulario&lt;/return&gt;&lt;/ns1:crearFormularioPotencialResponse&gt;&lt;/soap:Body&gt;&lt;/soap:Envelope&gt;

11:06:43 181.53.163.111 desde:user/register preparando para almacenar usuario : 1112225267

11:06:43 181.53.163.111  conectando a : https://jboss2.colfuturo.org/Formulario-Interno/ServicioIntegracionPotencial?wsdl

11:06:43 181.53.163.111  enviando datos : {"numeroDocumento":"1112225267",
            "nombre":"Maria Hodilia",
            "apellido":"Cortés Buitrago",
            "email":"mariancortes9108@gmail.com",
            "fechaNacimiento":"18 ene 1984",
            "ciudadResidencia":"Palmira, Valle del Cauca, Colombia",
            "genero":"F",
            "celular":"",
            "listaInteresAreaEstudio":[""],
            "listaInteresIdioma":["ingles","frances"]}

11:06:49 181.53.163.111  respuesta HTTP/1.1 200 OK
Server: Apache-Coyote/1.1
Set-Cookie: JSESSIONID=Abw9ewuLToKqmf0o1ljPROL7.undefined; Path=/Formulario-Interno
Content-Type: text/xml;charset=ISO-8859-1
Content-Length: 297
Date: Mon, 18 Jun 2018 16:11:47 GMT
Connection: close

&lt;soap:Envelope xmlns:soap=&quot;http://schemas.xmlsoap.org/soap/envelope/&quot;&gt;&lt;soap:Body&gt;&lt;ns1:crearFormularioPotencialResponse xmlns:ns1=&quot;http://www.colfuturo.org/potencial/ws/ServicioIntegracionPotencial&quot;&gt;&lt;return&gt;Creo formulario&lt;/return&gt;&lt;/ns1:crearFormularioPotencialResponse&gt;&lt;/soap:Body&gt;&lt;/soap:Envelope&gt;

11:06:29 190.145.44.98 desde:user/register preparando para almacenar usuario : 1044430102

11:06:29 190.145.44.98  conectando a : https://jboss2.colfuturo.org/Formulario-Interno/ServicioIntegracionPotencial?wsdl

11:06:29 190.145.44.98  enviando datos : {"numeroDocumento":"1044430102",
            "nombre":"Mónica Paola",
            "apellido":"Vargas Venegas",
            "email":"vargasmonica06@hotmail.com",
            "fechaNacimiento":"18 ene 1984",
            "ciudadResidencia":"Puerto Colombia, Atlántico, Colombia",
            "genero":"F",
            "celular":"",
            "listaInteresAreaEstudio":["Administración y Negocios"],
            "listaInteresIdioma":["ingles"]}

11:06:35 190.145.44.98  respuesta HTTP/1.1 200 OK
Server: Apache-Coyote/1.1
Set-Cookie: JSESSIONID=p5gTSwE22Yib7f1-K8BOHFNX.undefined; Path=/Formulario-Interno
Content-Type: text/xml;charset=ISO-8859-1
Content-Length: 297
Date: Mon, 18 Jun 2018 16:27:33 GMT
Connection: close

&lt;soap:Envelope xmlns:soap=&quot;http://schemas.xmlsoap.org/soap/envelope/&quot;&gt;&lt;soap:Body&gt;&lt;ns1:crearFormularioPotencialResponse xmlns:ns1=&quot;http://www.colfuturo.org/potencial/ws/ServicioIntegracionPotencial&quot;&gt;&lt;return&gt;Creo formulario&lt;/return&gt;&lt;/ns1:crearFormularioPotencialResponse&gt;&lt;/soap:Body&gt;&lt;/soap:Envelope&gt;

11:06:32 190.248.135.182 desde:user/register preparando para almacenar usuario : 1026135480

11:06:32 190.248.135.182  conectando a : https://jboss2.colfuturo.org/Formulario-Interno/ServicioIntegracionPotencial?wsdl

11:06:32 190.248.135.182  enviando datos : {"numeroDocumento":"1026135480",
            "nombre":"Leidy Johana",
            "apellido":"Acevedo Tabares",
            "email":"johaceta@hotmail.com",
            "fechaNacimiento":"18 ene 1984",
            "ciudadResidencia":"Bello, Antioquia, Colombia",
            "genero":"F",
            "celular":"",
            "listaInteresAreaEstudio":["Administración y Negocios","Ingeniería"],
            "listaInteresIdioma":["ingles"]}

11:06:38 190.248.135.182  respuesta HTTP/1.1 200 OK
Server: Apache-Coyote/1.1
Set-Cookie: JSESSIONID=Y4tXaMALA4Jtvd+6-mFANHlf.undefined; Path=/Formulario-Interno
Content-Type: text/xml;charset=ISO-8859-1
Content-Length: 297
Date: Mon, 18 Jun 2018 16:31:36 GMT
Connection: close

&lt;soap:Envelope xmlns:soap=&quot;http://schemas.xmlsoap.org/soap/envelope/&quot;&gt;&lt;soap:Body&gt;&lt;ns1:crearFormularioPotencialResponse xmlns:ns1=&quot;http://www.colfuturo.org/potencial/ws/ServicioIntegracionPotencial&quot;&gt;&lt;return&gt;Creo formulario&lt;/return&gt;&lt;/ns1:crearFormularioPotencialResponse&gt;&lt;/soap:Body&gt;&lt;/soap:Envelope&gt;

11:06:15 181.60.241.253 desde:user/register preparando para almacenar usuario : 1014287309

11:06:15 181.60.241.253  conectando a : https://jboss2.colfuturo.org/Formulario-Interno/ServicioIntegracionPotencial?wsdl

11:06:15 181.60.241.253  enviando datos : {"numeroDocumento":"1014287309",
            "nombre":"Valentina",
            "apellido":"Yomayuza",
            "email":"valeyoma97@gmail.com",
            "fechaNacimiento":"18 ene 1984",
            "ciudadResidencia":"Bogotá, Colombia",
            "genero":"F",
            "celular":"",
            "listaInteresAreaEstudio":["Ciencias Básicas","Ciencias Sociales"],
            "listaInteresIdioma":["ingles"]}

11:06:21 181.60.241.253  respuesta HTTP/1.1 200 OK
Server: Apache-Coyote/1.1
Set-Cookie: JSESSIONID=a8A6ESvbuWn3oL-3PJJCd80j.undefined; Path=/Formulario-Interno
Content-Type: text/xml;charset=ISO-8859-1
Content-Length: 297
Date: Mon, 18 Jun 2018 16:37:19 GMT
Connection: close

&lt;soap:Envelope xmlns:soap=&quot;http://schemas.xmlsoap.org/soap/envelope/&quot;&gt;&lt;soap:Body&gt;&lt;ns1:crearFormularioPotencialResponse xmlns:ns1=&quot;http://www.colfuturo.org/potencial/ws/ServicioIntegracionPotencial&quot;&gt;&lt;return&gt;Creo formulario&lt;/return&gt;&lt;/ns1:crearFormularioPotencialResponse&gt;&lt;/soap:Body&gt;&lt;/soap:Envelope&gt;

12:06:19 190.25.54.242 desde:user/register preparando para almacenar usuario : 1020794091

12:06:19 190.25.54.242  conectando a : https://jboss2.colfuturo.org/Formulario-Interno/ServicioIntegracionPotencial?wsdl

12:06:19 190.25.54.242  enviando datos : {"numeroDocumento":"1020794091",
            "nombre":"daniela",
            "apellido":"tamayo mendez",
            "email":"danielitatamayomendez@hotmail.com",
            "fechaNacimiento":"18 ene 1984",
            "ciudadResidencia":"Bogotá, Colombia",
            "genero":"F",
            "celular":"",
            "listaInteresAreaEstudio":[""],
            "listaInteresIdioma":["ingles"]}

12:06:24 190.25.54.242  respuesta HTTP/1.1 200 OK
Server: Apache-Coyote/1.1
Set-Cookie: JSESSIONID=7nWHDWvylWbYuLcpcxUB2xXF.undefined; Path=/Formulario-Interno
Content-Type: text/xml;charset=ISO-8859-1
Content-Length: 297
Date: Mon, 18 Jun 2018 17:48:22 GMT
Connection: close

&lt;soap:Envelope xmlns:soap=&quot;http://schemas.xmlsoap.org/soap/envelope/&quot;&gt;&lt;soap:Body&gt;&lt;ns1:crearFormularioPotencialResponse xmlns:ns1=&quot;http://www.colfuturo.org/potencial/ws/ServicioIntegracionPotencial&quot;&gt;&lt;return&gt;Creo formulario&lt;/return&gt;&lt;/ns1:crearFormularioPotencialResponse&gt;&lt;/soap:Body&gt;&lt;/soap:Envelope&gt;

01:06:10 190.25.121.127 desde:user/register preparando para almacenar usuario : 1032446114

01:06:10 190.25.121.127  conectando a : https://jboss2.colfuturo.org/Formulario-Interno/ServicioIntegracionPotencial?wsdl

01:06:10 190.25.121.127  enviando datos : {"numeroDocumento":"1032446114",
            "nombre":"Esteban Alejandro",
            "apellido":"Rodriguez Novoa",
            "email":"ea.rodrigues1549@gmail.com",
            "fechaNacimiento":"18 ene 1984",
            "ciudadResidencia":"Estocolmo, Suecia",
            "genero":"M",
            "celular":"",
            "listaInteresAreaEstudio":["Ingeniería"],
            "listaInteresIdioma":[""]}

01:06:16 190.25.121.127  respuesta HTTP/1.1 200 OK
Server: Apache-Coyote/1.1
Set-Cookie: JSESSIONID=HhLGF4w3gkxeWgxltm8CFUwj.undefined; Path=/Formulario-Interno
Content-Type: text/xml;charset=ISO-8859-1
Content-Length: 297
Date: Mon, 18 Jun 2018 18:02:15 GMT
Connection: close

&lt;soap:Envelope xmlns:soap=&quot;http://schemas.xmlsoap.org/soap/envelope/&quot;&gt;&lt;soap:Body&gt;&lt;ns1:crearFormularioPotencialResponse xmlns:ns1=&quot;http://www.colfuturo.org/potencial/ws/ServicioIntegracionPotencial&quot;&gt;&lt;return&gt;Creo formulario&lt;/return&gt;&lt;/ns1:crearFormularioPotencialResponse&gt;&lt;/soap:Body&gt;&lt;/soap:Envelope&gt;

01:06:52 201.190.96.28 desde:user/register preparando para almacenar usuario : 1235040329

01:06:52 201.190.96.28  conectando a : https://jboss2.colfuturo.org/Formulario-Interno/ServicioIntegracionPotencial?wsdl

01:06:52 201.190.96.28  enviando datos : {"numeroDocumento":"1235040329",
            "nombre":"jennifer ",
            "apellido":"arrieta herrera",
            "email":"jenniarrieta@outlook.com",
            "fechaNacimiento":"18 ene 1984",
            "ciudadResidencia":"Cartagena, Bolívar, Colombia",
            "genero":"F",
            "celular":"",
            "listaInteresAreaEstudio":["Derecho"],
            "listaInteresIdioma":[""]}

01:06:57 201.190.96.28  respuesta HTTP/1.1 200 OK
Server: Apache-Coyote/1.1
Set-Cookie: JSESSIONID=cswyqxfyKqNh2y0Lo4kMykUz.undefined; Path=/Formulario-Interno
Content-Type: text/xml;charset=ISO-8859-1
Content-Length: 297
Date: Mon, 18 Jun 2018 18:47:55 GMT
Connection: close

&lt;soap:Envelope xmlns:soap=&quot;http://schemas.xmlsoap.org/soap/envelope/&quot;&gt;&lt;soap:Body&gt;&lt;ns1:crearFormularioPotencialResponse xmlns:ns1=&quot;http://www.colfuturo.org/potencial/ws/ServicioIntegracionPotencial&quot;&gt;&lt;return&gt;Creo formulario&lt;/return&gt;&lt;/ns1:crearFormularioPotencialResponse&gt;&lt;/soap:Body&gt;&lt;/soap:Envelope&gt;

01:06:47 190.145.144.130 desde:user/register preparando para almacenar usuario : 1023929803

01:06:47 190.145.144.130  conectando a : https://jboss2.colfuturo.org/Formulario-Interno/ServicioIntegracionPotencial?wsdl

01:06:47 190.145.144.130  enviando datos : {"numeroDocumento":"1023929803",
            "nombre":"Derly Mariana",
            "apellido":"Piñeros Sierra",
            "email":"marianapineros93@gmail.com",
            "fechaNacimiento":"18 ene 1984",
            "ciudadResidencia":"Bogotá, Colombia",
            "genero":"F",
            "celular":"",
            "listaInteresAreaEstudio":["Administración y Negocios","Economía","Ingeniería"],
            "listaInteresIdioma":["ingles","frances"]}

01:06:52 190.145.144.130  respuesta HTTP/1.1 200 OK
Server: Apache-Coyote/1.1
Set-Cookie: JSESSIONID=WNVbFVC7Da20FW+q4-EHQLPC.undefined; Path=/Formulario-Interno
Content-Type: text/xml;charset=ISO-8859-1
Content-Length: 297
Date: Mon, 18 Jun 2018 18:48:49 GMT
Connection: close

&lt;soap:Envelope xmlns:soap=&quot;http://schemas.xmlsoap.org/soap/envelope/&quot;&gt;&lt;soap:Body&gt;&lt;ns1:crearFormularioPotencialResponse xmlns:ns1=&quot;http://www.colfuturo.org/potencial/ws/ServicioIntegracionPotencial&quot;&gt;&lt;return&gt;Creo formulario&lt;/return&gt;&lt;/ns1:crearFormularioPotencialResponse&gt;&lt;/soap:Body&gt;&lt;/soap:Envelope&gt;

02:06:45 200.91.206.98 desde:user/register preparando para almacenar usuario : 1026560895

02:06:45 200.91.206.98  conectando a : https://jboss2.colfuturo.org/Formulario-Interno/ServicioIntegracionPotencial?wsdl

02:06:45 200.91.206.98  enviando datos : {"numeroDocumento":"1026560895",
            "nombre":"Saira Andrea",
            "apellido":"Alonso Valbuena",
            "email":"andreaalonsogd@hotmail.com",
            "fechaNacimiento":"18 ene 1984",
            "ciudadResidencia":"Bogotá, Colombia",
            "genero":"F",
            "celular":"",
            "listaInteresAreaEstudio":["Economía"],
            "listaInteresIdioma":["ingles","frances"]}

02:06:50 200.91.206.98  respuesta HTTP/1.1 200 OK
Server: Apache-Coyote/1.1
Set-Cookie: JSESSIONID=uFX4xiq-DdutfqoWHq5OFfVw.undefined; Path=/Formulario-Interno
Content-Type: text/xml;charset=ISO-8859-1
Content-Length: 297
Date: Mon, 18 Jun 2018 19:12:49 GMT
Connection: close

&lt;soap:Envelope xmlns:soap=&quot;http://schemas.xmlsoap.org/soap/envelope/&quot;&gt;&lt;soap:Body&gt;&lt;ns1:crearFormularioPotencialResponse xmlns:ns1=&quot;http://www.colfuturo.org/potencial/ws/ServicioIntegracionPotencial&quot;&gt;&lt;return&gt;Creo formulario&lt;/return&gt;&lt;/ns1:crearFormularioPotencialResponse&gt;&lt;/soap:Body&gt;&lt;/soap:Envelope&gt;

03:06:56 201.228.238.133 desde:user/register preparando para almacenar usuario : 1121868174

03:06:56 201.228.238.133  conectando a : https://jboss2.colfuturo.org/Formulario-Interno/ServicioIntegracionPotencial?wsdl

03:06:56 201.228.238.133  enviando datos : {"numeroDocumento":"1121868174",
            "nombre":"Lorena",
            "apellido":"Benedetti",
            "email":"dianalorena21@hotmail.com",
            "fechaNacimiento":"18 ene 1984",
            "ciudadResidencia":"Villavicencio, Meta, Colombia",
            "genero":"M",
            "celular":"",
            "listaInteresAreaEstudio":[""],
            "listaInteresIdioma":["ingles"]}

03:06:01 201.228.238.133  respuesta HTTP/1.1 200 OK
Server: Apache-Coyote/1.1
Set-Cookie: JSESSIONID=uAlcT2bXDsyicAzI0moSj337.undefined; Path=/Formulario-Interno
Content-Type: text/xml;charset=ISO-8859-1
Content-Length: 297
Date: Mon, 18 Jun 2018 20:51:00 GMT
Connection: close

&lt;soap:Envelope xmlns:soap=&quot;http://schemas.xmlsoap.org/soap/envelope/&quot;&gt;&lt;soap:Body&gt;&lt;ns1:crearFormularioPotencialResponse xmlns:ns1=&quot;http://www.colfuturo.org/potencial/ws/ServicioIntegracionPotencial&quot;&gt;&lt;return&gt;Creo formulario&lt;/return&gt;&lt;/ns1:crearFormularioPotencialResponse&gt;&lt;/soap:Body&gt;&lt;/soap:Envelope&gt;

04:06:09 152.200.222.186 desde:user/register preparando para almacenar usuario : 1152198714

04:06:09 152.200.222.186  conectando a : https://jboss2.colfuturo.org/Formulario-Interno/ServicioIntegracionPotencial?wsdl

04:06:09 152.200.222.186  enviando datos : {"numeroDocumento":"1152198714",
            "nombre":"Maria Camila",
            "apellido":"Pérez Ortiz",
            "email":"mariacp1028@hotmail.com",
            "fechaNacimiento":"18 ene 1984",
            "ciudadResidencia":"Medellín, Antioquia, Colombia",
            "genero":"F",
            "celular":"",
            "listaInteresAreaEstudio":["Ciencias Sociales"],
            "listaInteresIdioma":[""]}

04:06:15 152.200.222.186  respuesta HTTP/1.1 200 OK
Server: Apache-Coyote/1.1
Set-Cookie: JSESSIONID=sEocS8r-dMWzaavDuVeVNk4p.undefined; Path=/Formulario-Interno
Content-Type: text/xml;charset=ISO-8859-1
Content-Length: 297
Date: Mon, 18 Jun 2018 21:56:13 GMT
Connection: close

&lt;soap:Envelope xmlns:soap=&quot;http://schemas.xmlsoap.org/soap/envelope/&quot;&gt;&lt;soap:Body&gt;&lt;ns1:crearFormularioPotencialResponse xmlns:ns1=&quot;http://www.colfuturo.org/potencial/ws/ServicioIntegracionPotencial&quot;&gt;&lt;return&gt;Creo formulario&lt;/return&gt;&lt;/ns1:crearFormularioPotencialResponse&gt;&lt;/soap:Body&gt;&lt;/soap:Envelope&gt;

05:06:58 181.57.115.143 desde:user/register preparando para almacenar usuario : 1020766988

05:06:58 181.57.115.143  conectando a : https://jboss2.colfuturo.org/Formulario-Interno/ServicioIntegracionPotencial?wsdl

05:06:58 181.57.115.143  enviando datos : {"numeroDocumento":"1020766988",
            "nombre":"Daniela ",
            "apellido":"del Vecchio Rodriguez",
            "email":"danidelvec@gmail.com",
            "fechaNacimiento":"18 ene 1984",
            "ciudadResidencia":"Bogotá, Colombia",
            "genero":"F",
            "celular":"",
            "listaInteresAreaEstudio":["Administración y Negocios","Artes","Ciencias de la Salud","Ciencias Sociales","Educación"],
            "listaInteresIdioma":["frances"]}

05:06:04 181.57.115.143  respuesta HTTP/1.1 200 OK
Server: Apache-Coyote/1.1
Set-Cookie: JSESSIONID=sXdmO5+fLP+6AVGbisrTbrpt.undefined; Path=/Formulario-Interno
Content-Type: text/xml;charset=ISO-8859-1
Content-Length: 297
Date: Mon, 18 Jun 2018 22:04:02 GMT
Connection: close

&lt;soap:Envelope xmlns:soap=&quot;http://schemas.xmlsoap.org/soap/envelope/&quot;&gt;&lt;soap:Body&gt;&lt;ns1:crearFormularioPotencialResponse xmlns:ns1=&quot;http://www.colfuturo.org/potencial/ws/ServicioIntegracionPotencial&quot;&gt;&lt;return&gt;Creo formulario&lt;/return&gt;&lt;/ns1:crearFormularioPotencialResponse&gt;&lt;/soap:Body&gt;&lt;/soap:Envelope&gt;

05:06:45 200.3.154.207 desde:user/144456 preparando para almacenar usuario : 60266557

05:06:45 200.3.154.207  conectando a : https://jboss2.colfuturo.org/Formulario-Interno/ServicioIntegracionPotencial?wsdl

05:06:45 200.3.154.207  enviando datos : {"numeroDocumento":"60266557",
            "nombre":"Leidy Diana",
            "apellido":"Ardila Leal",
            "email":"lediarle@hotmail.com",
            "fechaNacimiento":"18 ene 1984",
            "ciudadResidencia":"Cúcuta - Norte de Santander, Colombia",
            "genero":"F",
            "celular":"",
            "listaInteresAreaEstudio":[""],
            "listaInteresIdioma":[""]}

05:06:49 200.3.154.207  respuesta HTTP/1.1 200 OK
Server: Apache-Coyote/1.1
Set-Cookie: JSESSIONID=BG-FQkTAvqCbnY2U6Q9784yj.undefined; Path=/Formulario-Interno
Content-Type: text/xml;charset=ISO-8859-1
Content-Length: 301
Date: Mon, 18 Jun 2018 22:04:47 GMT
Connection: close

&lt;soap:Envelope xmlns:soap=&quot;http://schemas.xmlsoap.org/soap/envelope/&quot;&gt;&lt;soap:Body&gt;&lt;ns1:crearFormularioPotencialResponse xmlns:ns1=&quot;http://www.colfuturo.org/potencial/ws/ServicioIntegracionPotencial&quot;&gt;&lt;return&gt;Encontro formulario&lt;/return&gt;&lt;/ns1:crearFormularioPotencialResponse&gt;&lt;/soap:Body&gt;&lt;/soap:Envelope&gt;

05:06:49 200.3.154.207 desde:user/144456 preparando para almacenar usuario : 60266557

05:06:49 200.3.154.207  conectando a : https://jboss2.colfuturo.org/Formulario-Interno/ServicioIntegracionPotencial?wsdl

05:06:49 200.3.154.207  enviando datos : {"numeroDocumento":"60266557",
            "nombre":"Leidy Diana",
            "apellido":"Ardila Leal",
            "email":"lediarle@hotmail.com",
            "fechaNacimiento":"18 ene 1984",
            "ciudadResidencia":"Cúcuta - Norte de Santander, Colombia",
            "genero":"F",
            "celular":"",
            "listaInteresAreaEstudio":[""],
            "listaInteresIdioma":[""]}

05:06:53 200.3.154.207  respuesta HTTP/1.1 200 OK
Server: Apache-Coyote/1.1
Set-Cookie: JSESSIONID=i6fSH-Il-LRLGtMQ6VwAPqqt.undefined; Path=/Formulario-Interno
Content-Type: text/xml;charset=ISO-8859-1
Content-Length: 301
Date: Mon, 18 Jun 2018 22:04:51 GMT
Connection: close

&lt;soap:Envelope xmlns:soap=&quot;http://schemas.xmlsoap.org/soap/envelope/&quot;&gt;&lt;soap:Body&gt;&lt;ns1:crearFormularioPotencialResponse xmlns:ns1=&quot;http://www.colfuturo.org/potencial/ws/ServicioIntegracionPotencial&quot;&gt;&lt;return&gt;Encontro formulario&lt;/return&gt;&lt;/ns1:crearFormularioPotencialResponse&gt;&lt;/soap:Body&gt;&lt;/soap:Envelope&gt;

05:06:36 165.225.32.91 desde:user/register preparando para almacenar usuario : 1047450786

05:06:36 165.225.32.91  conectando a : https://jboss2.colfuturo.org/Formulario-Interno/ServicioIntegracionPotencial?wsdl

05:06:36 165.225.32.91  enviando datos : {"numeroDocumento":"1047450786",
            "nombre":"Maria Jose",
            "apellido":"Barreto",
            "email":"mariajose.92@hotmail.com",
            "fechaNacimiento":"18 ene 1984",
            "ciudadResidencia":"Cartagena, Bolívar, Colombia",
            "genero":"F",
            "celular":"",
            "listaInteresAreaEstudio":["Administración y Negocios","Ciencias Sociales","Ingeniería"],
            "listaInteresIdioma":[""]}

05:06:41 165.225.32.91  respuesta HTTP/1.1 200 OK
Server: Apache-Coyote/1.1
Set-Cookie: JSESSIONID=bBgL953gEpF3IIYvj-tjnR-a.undefined; Path=/Formulario-Interno
Content-Type: text/xml;charset=ISO-8859-1
Content-Length: 297
Date: Mon, 18 Jun 2018 22:25:40 GMT
Connection: close

&lt;soap:Envelope xmlns:soap=&quot;http://schemas.xmlsoap.org/soap/envelope/&quot;&gt;&lt;soap:Body&gt;&lt;ns1:crearFormularioPotencialResponse xmlns:ns1=&quot;http://www.colfuturo.org/potencial/ws/ServicioIntegracionPotencial&quot;&gt;&lt;return&gt;Creo formulario&lt;/return&gt;&lt;/ns1:crearFormularioPotencialResponse&gt;&lt;/soap:Body&gt;&lt;/soap:Envelope&gt;

06:06:02 186.155.160.46 desde:user/register preparando para almacenar usuario : 80904221

06:06:02 186.155.160.46  conectando a : https://jboss2.colfuturo.org/Formulario-Interno/ServicioIntegracionPotencial?wsdl

06:06:02 186.155.160.46  enviando datos : {"numeroDocumento":"80904221",
            "nombre":"camilo",
            "apellido":"avila",
            "email":"creepy90@gmail.com",
            "fechaNacimiento":"18 ene 1984",
            "ciudadResidencia":"Bogotá, Colombia",
            "genero":"M",
            "celular":"",
            "listaInteresAreaEstudio":["Administración y Negocios","Ingeniería"],
            "listaInteresIdioma":["ingles","frances"]}

06:06:07 186.155.160.46  respuesta HTTP/1.1 200 OK
Server: Apache-Coyote/1.1
Set-Cookie: JSESSIONID=mZKM21xO+aaAcfTti58k4wLC.undefined; Path=/Formulario-Interno
Content-Type: text/xml;charset=ISO-8859-1
Content-Length: 297
Date: Mon, 18 Jun 2018 23:05:06 GMT
Connection: close

&lt;soap:Envelope xmlns:soap=&quot;http://schemas.xmlsoap.org/soap/envelope/&quot;&gt;&lt;soap:Body&gt;&lt;ns1:crearFormularioPotencialResponse xmlns:ns1=&quot;http://www.colfuturo.org/potencial/ws/ServicioIntegracionPotencial&quot;&gt;&lt;return&gt;Creo formulario&lt;/return&gt;&lt;/ns1:crearFormularioPotencialResponse&gt;&lt;/soap:Body&gt;&lt;/soap:Envelope&gt;

06:06:29 201.185.134.22 desde:user/register preparando para almacenar usuario : 1000219197

06:06:29 201.185.134.22  conectando a : https://jboss2.colfuturo.org/Formulario-Interno/ServicioIntegracionPotencial?wsdl

06:06:29 201.185.134.22  enviando datos : {"numeroDocumento":"1000219197",
            "nombre":"yuliana",
            "apellido":"suarez",
            "email":"yuliana00002@hotmail.com",
            "fechaNacimiento":"18 ene 1984",
            "ciudadResidencia":"Bogotá, Colombia",
            "genero":"F",
            "celular":"",
            "listaInteresAreaEstudio":["Artes"],
            "listaInteresIdioma":["ingles"]}

06:06:35 201.185.134.22  respuesta HTTP/1.1 200 OK
Server: Apache-Coyote/1.1
Set-Cookie: JSESSIONID=PyFze0YrFxB8RgufXowWpMI2.undefined; Path=/Formulario-Interno
Content-Type: text/xml;charset=ISO-8859-1
Content-Length: 297
Date: Mon, 18 Jun 2018 23:37:33 GMT
Connection: close

&lt;soap:Envelope xmlns:soap=&quot;http://schemas.xmlsoap.org/soap/envelope/&quot;&gt;&lt;soap:Body&gt;&lt;ns1:crearFormularioPotencialResponse xmlns:ns1=&quot;http://www.colfuturo.org/potencial/ws/ServicioIntegracionPotencial&quot;&gt;&lt;return&gt;Creo formulario&lt;/return&gt;&lt;/ns1:crearFormularioPotencialResponse&gt;&lt;/soap:Body&gt;&lt;/soap:Envelope&gt;

07:06:38 190.29.185.218 desde:user/register preparando para almacenar usuario : 1007098201

07:06:38 190.29.185.218  conectando a : https://jboss2.colfuturo.org/Formulario-Interno/ServicioIntegracionPotencial?wsdl

07:06:38 190.29.185.218  enviando datos : {"numeroDocumento":"1007098201",
            "nombre":"Andres Fernando",
            "apellido":"Roman Arevalo",
            "email":"anferoar6@gmail.com",
            "fechaNacimiento":"18 ene 1984",
            "ciudadResidencia":"Bogotá, Colombia",
            "genero":"M",
            "celular":"",
            "listaInteresAreaEstudio":["Ingeniería"],
            "listaInteresIdioma":["ingles"]}

07:06:44 190.29.185.218  respuesta HTTP/1.1 200 OK
Server: Apache-Coyote/1.1
Set-Cookie: JSESSIONID=OkwcOHjLGwyxWLF+sF-DcUnI.undefined; Path=/Formulario-Interno
Content-Type: text/xml;charset=ISO-8859-1
Content-Length: 297
Date: Tue, 19 Jun 2018 00:21:43 GMT
Connection: close

&lt;soap:Envelope xmlns:soap=&quot;http://schemas.xmlsoap.org/soap/envelope/&quot;&gt;&lt;soap:Body&gt;&lt;ns1:crearFormularioPotencialResponse xmlns:ns1=&quot;http://www.colfuturo.org/potencial/ws/ServicioIntegracionPotencial&quot;&gt;&lt;return&gt;Creo formulario&lt;/return&gt;&lt;/ns1:crearFormularioPotencialResponse&gt;&lt;/soap:Body&gt;&lt;/soap:Envelope&gt;

08:06:21 186.154.33.210 desde:user/register preparando para almacenar usuario : 1031177300

08:06:21 186.154.33.210  conectando a : https://jboss2.colfuturo.org/Formulario-Interno/ServicioIntegracionPotencial?wsdl

08:06:21 186.154.33.210  enviando datos : {"numeroDocumento":"1031177300",
            "nombre":"jorge andres ",
            "apellido":"urquijo mendez",
            "email":"andres1988urquijomendez@hotmail.com",
            "fechaNacimiento":"18 ene 1984",
            "ciudadResidencia":"Bogotá, Colombia",
            "genero":"M",
            "celular":"",
            "listaInteresAreaEstudio":[""],
            "listaInteresIdioma":["ingles"]}

08:06:26 186.154.33.210  respuesta HTTP/1.1 200 OK
Server: Apache-Coyote/1.1
Set-Cookie: JSESSIONID=g9BH3yTrS1QV2KR7RLMJYrIL.undefined; Path=/Formulario-Interno
Content-Type: text/xml;charset=ISO-8859-1
Content-Length: 297
Date: Tue, 19 Jun 2018 01:20:24 GMT
Connection: close

&lt;soap:Envelope xmlns:soap=&quot;http://schemas.xmlsoap.org/soap/envelope/&quot;&gt;&lt;soap:Body&gt;&lt;ns1:crearFormularioPotencialResponse xmlns:ns1=&quot;http://www.colfuturo.org/potencial/ws/ServicioIntegracionPotencial&quot;&gt;&lt;return&gt;Creo formulario&lt;/return&gt;&lt;/ns1:crearFormularioPotencialResponse&gt;&lt;/soap:Body&gt;&lt;/soap:Envelope&gt;

08:06:50 181.58.237.168 desde:user/register preparando para almacenar usuario : 1014190213

08:06:50 181.58.237.168  conectando a : https://jboss2.colfuturo.org/Formulario-Interno/ServicioIntegracionPotencial?wsdl

08:06:50 181.58.237.168  enviando datos : {"numeroDocumento":"1014190213",
            "nombre":"erika",
            "apellido":"vargas",
            "email":"erikanatalia_vr@hotmail.com",
            "fechaNacimiento":"18 ene 1984",
            "ciudadResidencia":"Bogotá, Colombia",
            "genero":"F",
            "celular":"",
            "listaInteresAreaEstudio":[""],
            "listaInteresIdioma":["ingles"]}

08:06:55 181.58.237.168  respuesta HTTP/1.1 200 OK
Server: Apache-Coyote/1.1
Set-Cookie: JSESSIONID=cdi3klOF+jiiOZmgonaqxRT4.undefined; Path=/Formulario-Interno
Content-Type: text/xml;charset=ISO-8859-1
Content-Length: 297
Date: Tue, 19 Jun 2018 01:39:54 GMT
Connection: close

&lt;soap:Envelope xmlns:soap=&quot;http://schemas.xmlsoap.org/soap/envelope/&quot;&gt;&lt;soap:Body&gt;&lt;ns1:crearFormularioPotencialResponse xmlns:ns1=&quot;http://www.colfuturo.org/potencial/ws/ServicioIntegracionPotencial&quot;&gt;&lt;return&gt;Creo formulario&lt;/return&gt;&lt;/ns1:crearFormularioPotencialResponse&gt;&lt;/soap:Body&gt;&lt;/soap:Envelope&gt;

10:06:23 186.86.24.120 desde:user/register preparando para almacenar usuario : 1053851928

10:06:23 186.86.24.120  conectando a : https://jboss2.colfuturo.org/Formulario-Interno/ServicioIntegracionPotencial?wsdl

10:06:23 186.86.24.120  enviando datos : {"numeroDocumento":"1053851928",
            "nombre":"Luis Daniel",
            "apellido":"Medina Zuluaga",
            "email":"luisdaniel.ld24@gmail.com",
            "fechaNacimiento":"18 ene 1984",
            "ciudadResidencia":"Manizales, Caldas, Colombia",
            "genero":"M",
            "celular":"",
            "listaInteresAreaEstudio":["Ingeniería"],
            "listaInteresIdioma":[""]}

10:06:28 186.86.24.120  respuesta HTTP/1.1 200 OK
Server: Apache-Coyote/1.1
Set-Cookie: JSESSIONID=ji55LPtJVPcOPuGGp59TTmAt.undefined; Path=/Formulario-Interno
Content-Type: text/xml;charset=ISO-8859-1
Content-Length: 297
Date: Tue, 19 Jun 2018 03:27:27 GMT
Connection: close

&lt;soap:Envelope xmlns:soap=&quot;http://schemas.xmlsoap.org/soap/envelope/&quot;&gt;&lt;soap:Body&gt;&lt;ns1:crearFormularioPotencialResponse xmlns:ns1=&quot;http://www.colfuturo.org/potencial/ws/ServicioIntegracionPotencial&quot;&gt;&lt;return&gt;Creo formulario&lt;/return&gt;&lt;/ns1:crearFormularioPotencialResponse&gt;&lt;/soap:Body&gt;&lt;/soap:Envelope&gt;

10:06:43 186.154.32.83 desde:user/register preparando para almacenar usuario : 1030658809

10:06:43 186.154.32.83  conectando a : https://jboss2.colfuturo.org/Formulario-Interno/ServicioIntegracionPotencial?wsdl

10:06:43 186.154.32.83  enviando datos : {"numeroDocumento":"1030658809",
            "nombre":"Tatiana ",
            "apellido":"ortiz vargas ",
            "email":"nanonaortiz.07@hotmail.com",
            "fechaNacimiento":"18 ene 1984",
            "ciudadResidencia":"Bogotá, Colombia",
            "genero":"F",
            "celular":"",
            "listaInteresAreaEstudio":[""],
            "listaInteresIdioma":["ingles"]}

10:06:48 186.154.32.83  respuesta HTTP/1.1 200 OK
Server: Apache-Coyote/1.1
Set-Cookie: JSESSIONID=qLO13KxQNm+mFO1kir2dNt1O.undefined; Path=/Formulario-Interno
Content-Type: text/xml;charset=ISO-8859-1
Content-Length: 297
Date: Tue, 19 Jun 2018 03:37:47 GMT
Connection: close

&lt;soap:Envelope xmlns:soap=&quot;http://schemas.xmlsoap.org/soap/envelope/&quot;&gt;&lt;soap:Body&gt;&lt;ns1:crearFormularioPotencialResponse xmlns:ns1=&quot;http://www.colfuturo.org/potencial/ws/ServicioIntegracionPotencial&quot;&gt;&lt;return&gt;Creo formulario&lt;/return&gt;&lt;/ns1:crearFormularioPotencialResponse&gt;&lt;/soap:Body&gt;&lt;/soap:Envelope&gt;

10:06:49 186.118.90.105 desde:user/register preparando para almacenar usuario : 1090410256

10:06:49 186.118.90.105  conectando a : https://jboss2.colfuturo.org/Formulario-Interno/ServicioIntegracionPotencial?wsdl

10:06:49 186.118.90.105  enviando datos : {"numeroDocumento":"1090410256",
            "nombre":"JOSE LEONARDO",
            "apellido":"GONZALEZ BOHORQUEZ",
            "email":"Leonard.gonzalez@hotmail.com",
            "fechaNacimiento":"18 ene 1984",
            "ciudadResidencia":"Floridablanca, Santander, Colombia",
            "genero":"M",
            "celular":"",
            "listaInteresAreaEstudio":["Derecho"],
            "listaInteresIdioma":[""]}

10:06:55 186.118.90.105  respuesta HTTP/1.1 200 OK
Server: Apache-Coyote/1.1
Set-Cookie: JSESSIONID=4MUACYbHV+6rrDBfA7LCRqea.undefined; Path=/Formulario-Interno
Content-Type: text/xml;charset=ISO-8859-1
Content-Length: 297
Date: Tue, 19 Jun 2018 03:50:53 GMT
Connection: close

&lt;soap:Envelope xmlns:soap=&quot;http://schemas.xmlsoap.org/soap/envelope/&quot;&gt;&lt;soap:Body&gt;&lt;ns1:crearFormularioPotencialResponse xmlns:ns1=&quot;http://www.colfuturo.org/potencial/ws/ServicioIntegracionPotencial&quot;&gt;&lt;return&gt;Creo formulario&lt;/return&gt;&lt;/ns1:crearFormularioPotencialResponse&gt;&lt;/soap:Body&gt;&lt;/soap:Envelope&gt;

