01:08:50 190.66.106.40 desde:user/register preparando para almacenar usuario : 15812785

01:08:50 190.66.106.40  conectando a : https://jboss2.colfuturo.org/Formulario-Interno/ServicioIntegracionPotencial?wsdl

01:08:50 190.66.106.40  enviando datos : {"numeroDocumento":"15812785",
            "nombre":"William",
            "apellido":"Arcos Pérez",
            "email":"arcoswilliam45@gmail.com",
            "fechaNacimiento":"11-08-2018",
            "ciudadResidencia":"Bogotá, Colombia",
            "genero":"M",
            "celular":"",
            "listaInteresAreaEstudio":["Ciencias Políticas y Relaciones Internacionales","Derecho"],
            "listaInteresIdioma":["ingles"]}

01:08:56 190.66.106.40  respuesta HTTP/1.1 200 OK
Server: Apache-Coyote/1.1
Set-Cookie: JSESSIONID=V50QpEEi72hG12Htt2iMoC0o.undefined; Path=/Formulario-Interno
Content-Type: text/xml;charset=ISO-8859-1
Content-Length: 297
Date: Sat, 11 Aug 2018 06:18:15 GMT
Connection: close

&lt;soap:Envelope xmlns:soap=&quot;http://schemas.xmlsoap.org/soap/envelope/&quot;&gt;&lt;soap:Body&gt;&lt;ns1:crearFormularioPotencialResponse xmlns:ns1=&quot;http://www.colfuturo.org/potencial/ws/ServicioIntegracionPotencial&quot;&gt;&lt;return&gt;Creo formulario&lt;/return&gt;&lt;/ns1:crearFormularioPotencialResponse&gt;&lt;/soap:Body&gt;&lt;/soap:Envelope&gt;

06:08:08 186.155.157.152 desde:user/register preparando para almacenar usuario : 1032450810

06:08:08 186.155.157.152  conectando a : https://jboss2.colfuturo.org/Formulario-Interno/ServicioIntegracionPotencial?wsdl

06:08:08 186.155.157.152  enviando datos : {"numeroDocumento":"1032450810",
            "nombre":"Juan Sebastian",
            "apellido":"Riveros Chavez",
            "email":"jsriverosc@unal.edu.co",
            "fechaNacimiento":"11-08-2018",
            "ciudadResidencia":"Bogotá, Colombia",
            "genero":"M",
            "celular":"",
            "listaInteresAreaEstudio":["Ingeniería"],
            "listaInteresIdioma":[""]}

06:08:13 186.155.157.152  respuesta HTTP/1.1 200 OK
Server: Apache-Coyote/1.1
Set-Cookie: JSESSIONID=8fTBpehMzXr6jgLy4bdmCPi7.undefined; Path=/Formulario-Interno
Content-Type: text/xml;charset=ISO-8859-1
Content-Length: 297
Date: Sat, 11 Aug 2018 11:49:32 GMT
Connection: close

&lt;soap:Envelope xmlns:soap=&quot;http://schemas.xmlsoap.org/soap/envelope/&quot;&gt;&lt;soap:Body&gt;&lt;ns1:crearFormularioPotencialResponse xmlns:ns1=&quot;http://www.colfuturo.org/potencial/ws/ServicioIntegracionPotencial&quot;&gt;&lt;return&gt;Creo formulario&lt;/return&gt;&lt;/ns1:crearFormularioPotencialResponse&gt;&lt;/soap:Body&gt;&lt;/soap:Envelope&gt;

06:08:45 190.156.154.234 desde:user/register preparando para almacenar usuario : 1016075205

06:08:45 190.156.154.234  conectando a : https://jboss2.colfuturo.org/Formulario-Interno/ServicioIntegracionPotencial?wsdl

06:08:45 190.156.154.234  enviando datos : {"numeroDocumento":"1016075205",
            "nombre":"Maira Camila",
            "apellido":"Gomez Infante",
            "email":"maca.gomez1016@gmail.com",
            "fechaNacimiento":"11-08-2018",
            "ciudadResidencia":"Bogotá, Colombia",
            "genero":"F",
            "celular":"",
            "listaInteresAreaEstudio":["Ingeniería"],
            "listaInteresIdioma":["ingles"]}

06:08:51 190.156.154.234  respuesta HTTP/1.1 200 OK
Server: Apache-Coyote/1.1
Set-Cookie: JSESSIONID=FLR8FzC8A-PBumhrD2rNUkAx.undefined; Path=/Formulario-Interno
Content-Type: text/xml;charset=ISO-8859-1
Content-Length: 297
Date: Sat, 11 Aug 2018 11:54:10 GMT
Connection: close

&lt;soap:Envelope xmlns:soap=&quot;http://schemas.xmlsoap.org/soap/envelope/&quot;&gt;&lt;soap:Body&gt;&lt;ns1:crearFormularioPotencialResponse xmlns:ns1=&quot;http://www.colfuturo.org/potencial/ws/ServicioIntegracionPotencial&quot;&gt;&lt;return&gt;Creo formulario&lt;/return&gt;&lt;/ns1:crearFormularioPotencialResponse&gt;&lt;/soap:Body&gt;&lt;/soap:Envelope&gt;

07:08:39 186.155.157.152 desde:user/register preparando para almacenar usuario : 1032434885

07:08:39 186.155.157.152  conectando a : https://jboss2.colfuturo.org/Formulario-Interno/ServicioIntegracionPotencial?wsdl

07:08:39 186.155.157.152  enviando datos : {"numeroDocumento":"1032434885",
            "nombre":"Maria Camila",
            "apellido":"Diaz Portela",
            "email":"mcdiazps@gmail.com",
            "fechaNacimiento":"11-08-2018",
            "ciudadResidencia":"Bogotá, Colombia",
            "genero":"F",
            "celular":"",
            "listaInteresAreaEstudio":["Ciencias Sociales"],
            "listaInteresIdioma":[""]}

07:08:44 186.155.157.152  respuesta HTTP/1.1 200 OK
Server: Apache-Coyote/1.1
Set-Cookie: JSESSIONID=mPznR2zE-GZIx6kI+BgDReWs.undefined; Path=/Formulario-Interno
Content-Type: text/xml;charset=ISO-8859-1
Content-Length: 297
Date: Sat, 11 Aug 2018 12:05:03 GMT
Connection: close

&lt;soap:Envelope xmlns:soap=&quot;http://schemas.xmlsoap.org/soap/envelope/&quot;&gt;&lt;soap:Body&gt;&lt;ns1:crearFormularioPotencialResponse xmlns:ns1=&quot;http://www.colfuturo.org/potencial/ws/ServicioIntegracionPotencial&quot;&gt;&lt;return&gt;Creo formulario&lt;/return&gt;&lt;/ns1:crearFormularioPotencialResponse&gt;&lt;/soap:Body&gt;&lt;/soap:Envelope&gt;

08:08:38 190.69.26.194 desde:user/register preparando para almacenar usuario : 1093225590

08:08:38 190.69.26.194  conectando a : https://jboss2.colfuturo.org/Formulario-Interno/ServicioIntegracionPotencial?wsdl

08:08:38 190.69.26.194  enviando datos : {"numeroDocumento":"1093225590",
            "nombre":"Luis Fernando",
            "apellido":"Patiño Correa ",
            "email":"luisfernando.pac@gmail.com",
            "fechaNacimiento":"11-08-2018",
            "ciudadResidencia":"Santa Rosa de Cabal, Risaralda, Colombia",
            "genero":"M",
            "celular":"",
            "listaInteresAreaEstudio":["Ciencias Básicas","Ciencias de la Salud"],
            "listaInteresIdioma":["ingles"]}

08:08:44 190.69.26.194  respuesta HTTP/1.1 200 OK
Server: Apache-Coyote/1.1
Set-Cookie: JSESSIONID=qyi8jmL-v0EbMOitf02OlPfJ.undefined; Path=/Formulario-Interno
Content-Type: text/xml;charset=ISO-8859-1
Content-Length: 297
Date: Sat, 11 Aug 2018 13:14:02 GMT
Connection: close

&lt;soap:Envelope xmlns:soap=&quot;http://schemas.xmlsoap.org/soap/envelope/&quot;&gt;&lt;soap:Body&gt;&lt;ns1:crearFormularioPotencialResponse xmlns:ns1=&quot;http://www.colfuturo.org/potencial/ws/ServicioIntegracionPotencial&quot;&gt;&lt;return&gt;Creo formulario&lt;/return&gt;&lt;/ns1:crearFormularioPotencialResponse&gt;&lt;/soap:Body&gt;&lt;/soap:Envelope&gt;

08:08:19 181.68.5.150 desde:user/register preparando para almacenar usuario : 52189946

08:08:19 181.68.5.150  conectando a : https://jboss2.colfuturo.org/Formulario-Interno/ServicioIntegracionPotencial?wsdl

08:08:19 181.68.5.150  enviando datos : {"numeroDocumento":"52189946",
            "nombre":"Alexandra",
            "apellido":"Triana",
            "email":"alextriaro@gmail.com",
            "fechaNacimiento":"11-08-2018",
            "ciudadResidencia":"Bogotá, Colombia",
            "genero":"F",
            "celular":"",
            "listaInteresAreaEstudio":[""],
            "listaInteresIdioma":["ingles"]}

08:08:24 181.68.5.150  respuesta HTTP/1.1 200 OK
Server: Apache-Coyote/1.1
Set-Cookie: JSESSIONID=p1ITbs7aKu42kpt6DDPtzxWV.undefined; Path=/Formulario-Interno
Content-Type: text/xml;charset=ISO-8859-1
Content-Length: 297
Date: Sat, 11 Aug 2018 13:19:43 GMT
Connection: close

&lt;soap:Envelope xmlns:soap=&quot;http://schemas.xmlsoap.org/soap/envelope/&quot;&gt;&lt;soap:Body&gt;&lt;ns1:crearFormularioPotencialResponse xmlns:ns1=&quot;http://www.colfuturo.org/potencial/ws/ServicioIntegracionPotencial&quot;&gt;&lt;return&gt;Creo formulario&lt;/return&gt;&lt;/ns1:crearFormularioPotencialResponse&gt;&lt;/soap:Body&gt;&lt;/soap:Envelope&gt;

08:08:03 152.200.224.157 desde:user/register preparando para almacenar usuario : 80203218

08:08:03 152.200.224.157  conectando a : https://jboss2.colfuturo.org/Formulario-Interno/ServicioIntegracionPotencial?wsdl

08:08:03 152.200.224.157  enviando datos : {"numeroDocumento":"80203218",
            "nombre":"Javier",
            "apellido":"Forero Rodríguez",
            "email":"jaforo@hotmail.com",
            "fechaNacimiento":"11-08-2018",
            "ciudadResidencia":"Bogotá, Colombia",
            "genero":"M",
            "celular":"",
            "listaInteresAreaEstudio":[""],
            "listaInteresIdioma":["ingles"]}

08:08:09 152.200.224.157  respuesta HTTP/1.1 200 OK
Server: Apache-Coyote/1.1
Set-Cookie: JSESSIONID=E2tLVbKopiIt+6GSElWoVXe1.undefined; Path=/Formulario-Interno
Content-Type: text/xml;charset=ISO-8859-1
Content-Length: 297
Date: Sat, 11 Aug 2018 13:39:27 GMT
Connection: close

&lt;soap:Envelope xmlns:soap=&quot;http://schemas.xmlsoap.org/soap/envelope/&quot;&gt;&lt;soap:Body&gt;&lt;ns1:crearFormularioPotencialResponse xmlns:ns1=&quot;http://www.colfuturo.org/potencial/ws/ServicioIntegracionPotencial&quot;&gt;&lt;return&gt;Creo formulario&lt;/return&gt;&lt;/ns1:crearFormularioPotencialResponse&gt;&lt;/soap:Body&gt;&lt;/soap:Envelope&gt;

09:08:20 191.72.180.144 desde:user/register preparando para almacenar usuario : 1015441043

09:08:20 191.72.180.144  conectando a : https://jboss2.colfuturo.org/Formulario-Interno/ServicioIntegracionPotencial?wsdl

09:08:20 191.72.180.144  enviando datos : {"numeroDocumento":"1015441043",
            "nombre":"Daniel",
            "apellido":"Osorio Barrera",
            "email":"danielosob@hotmail.com",
            "fechaNacimiento":"11-08-2018",
            "ciudadResidencia":"Bogotá, Colombia",
            "genero":"M",
            "celular":"",
            "listaInteresAreaEstudio":["Ingeniería"],
            "listaInteresIdioma":["ingles"]}

09:08:25 191.72.180.144  respuesta HTTP/1.1 200 OK
Server: Apache-Coyote/1.1
Set-Cookie: JSESSIONID=uBzgX0BJ7vzT+XIHwDggGb4d.undefined; Path=/Formulario-Interno
Content-Type: text/xml;charset=ISO-8859-1
Content-Length: 297
Date: Sat, 11 Aug 2018 14:50:44 GMT
Connection: close

&lt;soap:Envelope xmlns:soap=&quot;http://schemas.xmlsoap.org/soap/envelope/&quot;&gt;&lt;soap:Body&gt;&lt;ns1:crearFormularioPotencialResponse xmlns:ns1=&quot;http://www.colfuturo.org/potencial/ws/ServicioIntegracionPotencial&quot;&gt;&lt;return&gt;Creo formulario&lt;/return&gt;&lt;/ns1:crearFormularioPotencialResponse&gt;&lt;/soap:Body&gt;&lt;/soap:Envelope&gt;

10:08:02 186.83.159.137 desde:user/register preparando para almacenar usuario : 1098744688

10:08:02 186.83.159.137  conectando a : https://jboss2.colfuturo.org/Formulario-Interno/ServicioIntegracionPotencial?wsdl

10:08:02 186.83.159.137  enviando datos : {"numeroDocumento":"1098744688",
            "nombre":"Sergio Armando ",
            "apellido":"Suarez Hernandez ",
            "email":"sergiuis18@gmail.com",
            "fechaNacimiento":"11-08-2018",
            "ciudadResidencia":"Bucaramanga, Santander, Colombia",
            "genero":"M",
            "celular":"",
            "listaInteresAreaEstudio":[""],
            "listaInteresIdioma":["ingles"]}

10:08:07 186.83.159.137  respuesta HTTP/1.1 200 OK
Server: Apache-Coyote/1.1
Set-Cookie: JSESSIONID=jzTtESDoVZo6ZgfYqDR82m-8.undefined; Path=/Formulario-Interno
Content-Type: text/xml;charset=ISO-8859-1
Content-Length: 297
Date: Sat, 11 Aug 2018 15:34:26 GMT
Connection: close

&lt;soap:Envelope xmlns:soap=&quot;http://schemas.xmlsoap.org/soap/envelope/&quot;&gt;&lt;soap:Body&gt;&lt;ns1:crearFormularioPotencialResponse xmlns:ns1=&quot;http://www.colfuturo.org/potencial/ws/ServicioIntegracionPotencial&quot;&gt;&lt;return&gt;Creo formulario&lt;/return&gt;&lt;/ns1:crearFormularioPotencialResponse&gt;&lt;/soap:Body&gt;&lt;/soap:Envelope&gt;

10:08:38 186.83.159.137 desde:user/225919 preparando para almacenar usuario : 1098744688

10:08:38 186.83.159.137  conectando a : https://jboss2.colfuturo.org/Formulario-Interno/ServicioIntegracionPotencial?wsdl

10:08:38 186.83.159.137  enviando datos : {"numeroDocumento":"1098744688",
            "nombre":"Sergio Armando ",
            "apellido":"Suarez Hernandez ",
            "email":"sergiuis18@gmail.com",
            "fechaNacimiento":"11-08-2018",
            "ciudadResidencia":"Bucaramanga, Santander, Colombia",
            "genero":"M",
            "celular":"",
            "listaInteresAreaEstudio":[""],
            "listaInteresIdioma":["ingles"]}

10:08:42 186.83.159.137  respuesta HTTP/1.1 200 OK
Server: Apache-Coyote/1.1
Set-Cookie: JSESSIONID=Ng8ru792YKl2QTCG6-Khd-GC.undefined; Path=/Formulario-Interno
Content-Type: text/xml;charset=ISO-8859-1
Content-Length: 301
Date: Sat, 11 Aug 2018 15:35:01 GMT
Connection: close

&lt;soap:Envelope xmlns:soap=&quot;http://schemas.xmlsoap.org/soap/envelope/&quot;&gt;&lt;soap:Body&gt;&lt;ns1:crearFormularioPotencialResponse xmlns:ns1=&quot;http://www.colfuturo.org/potencial/ws/ServicioIntegracionPotencial&quot;&gt;&lt;return&gt;Encontro formulario&lt;/return&gt;&lt;/ns1:crearFormularioPotencialResponse&gt;&lt;/soap:Body&gt;&lt;/soap:Envelope&gt;

10:08:51 186.83.159.137 desde:user/225919 preparando para almacenar usuario : 1098744688

10:08:51 186.83.159.137  conectando a : https://jboss2.colfuturo.org/Formulario-Interno/ServicioIntegracionPotencial?wsdl

10:08:51 186.83.159.137  enviando datos : {"numeroDocumento":"1098744688",
            "nombre":"Sergio Armando ",
            "apellido":"Suarez Hernandez ",
            "email":"sergiuis18@gmail.com",
            "fechaNacimiento":"11-08-2018",
            "ciudadResidencia":"Bucaramanga, Santander, Colombia",
            "genero":"M",
            "celular":"",
            "listaInteresAreaEstudio":[""],
            "listaInteresIdioma":["ingles"]}

10:08:54 186.83.159.137  respuesta HTTP/1.1 200 OK
Server: Apache-Coyote/1.1
Set-Cookie: JSESSIONID=idqRz1kByEjAApfZSQ3hgdC5.undefined; Path=/Formulario-Interno
Content-Type: text/xml;charset=ISO-8859-1
Content-Length: 301
Date: Sat, 11 Aug 2018 15:35:13 GMT
Connection: close

&lt;soap:Envelope xmlns:soap=&quot;http://schemas.xmlsoap.org/soap/envelope/&quot;&gt;&lt;soap:Body&gt;&lt;ns1:crearFormularioPotencialResponse xmlns:ns1=&quot;http://www.colfuturo.org/potencial/ws/ServicioIntegracionPotencial&quot;&gt;&lt;return&gt;Encontro formulario&lt;/return&gt;&lt;/ns1:crearFormularioPotencialResponse&gt;&lt;/soap:Body&gt;&lt;/soap:Envelope&gt;

10:08:16 66.160.178.53 desde:user/register preparando para almacenar usuario : 1143358531

10:08:16 66.160.178.53  conectando a : https://jboss2.colfuturo.org/Formulario-Interno/ServicioIntegracionPotencial?wsdl

10:08:16 66.160.178.53  enviando datos : {"numeroDocumento":"1143358531",
            "nombre":"paola andrea ",
            "apellido":"medina walker ",
            "email":"paola27769@hotmail.com",
            "fechaNacimiento":"11-08-2018",
            "ciudadResidencia":"Bogotá, Villanueva, Bolívar, Colombia",
            "genero":"F",
            "celular":"",
            "listaInteresAreaEstudio":["Administración y Negocios","Ciencias Agropecuarias y del Medio Ambiente","Ingeniería"],
            "listaInteresIdioma":[""]}

10:08:22 66.160.178.53  respuesta HTTP/1.1 200 OK
Server: Apache-Coyote/1.1
Set-Cookie: JSESSIONID=WvYiMKD-QCLWMVuqiARDS1A3.undefined; Path=/Formulario-Interno
Content-Type: text/xml;charset=ISO-8859-1
Content-Length: 297
Date: Sat, 11 Aug 2018 15:45:41 GMT
Connection: close

&lt;soap:Envelope xmlns:soap=&quot;http://schemas.xmlsoap.org/soap/envelope/&quot;&gt;&lt;soap:Body&gt;&lt;ns1:crearFormularioPotencialResponse xmlns:ns1=&quot;http://www.colfuturo.org/potencial/ws/ServicioIntegracionPotencial&quot;&gt;&lt;return&gt;Creo formulario&lt;/return&gt;&lt;/ns1:crearFormularioPotencialResponse&gt;&lt;/soap:Body&gt;&lt;/soap:Envelope&gt;

10:08:58 181.192.254.213 desde:user/register preparando para almacenar usuario : 55247869

10:08:58 181.192.254.213  conectando a : https://jboss2.colfuturo.org/Formulario-Interno/ServicioIntegracionPotencial?wsdl

10:08:58 181.192.254.213  enviando datos : {"numeroDocumento":"55247869",
            "nombre":"Neiffy",
            "apellido":"Diaz Barreto",
            "email":"ney0628@gmail.com",
            "fechaNacimiento":"11-08-2018",
            "ciudadResidencia":"Barranquilla, Atlántico, Colombia",
            "genero":"F",
            "celular":"",
            "listaInteresAreaEstudio":[""],
            "listaInteresIdioma":["ingles"]}

10:08:04 181.192.254.213  respuesta HTTP/1.1 200 OK
Server: Apache-Coyote/1.1
Set-Cookie: JSESSIONID=TFhbVgGZCNKbppDeOJtoxBr2.undefined; Path=/Formulario-Interno
Content-Type: text/xml;charset=ISO-8859-1
Content-Length: 297
Date: Sat, 11 Aug 2018 15:52:23 GMT
Connection: close

&lt;soap:Envelope xmlns:soap=&quot;http://schemas.xmlsoap.org/soap/envelope/&quot;&gt;&lt;soap:Body&gt;&lt;ns1:crearFormularioPotencialResponse xmlns:ns1=&quot;http://www.colfuturo.org/potencial/ws/ServicioIntegracionPotencial&quot;&gt;&lt;return&gt;Creo formulario&lt;/return&gt;&lt;/ns1:crearFormularioPotencialResponse&gt;&lt;/soap:Body&gt;&lt;/soap:Envelope&gt;

10:08:09 152.201.1.254 desde:user/register preparando para almacenar usuario : 1026307532

10:08:09 152.201.1.254  conectando a : https://jboss2.colfuturo.org/Formulario-Interno/ServicioIntegracionPotencial?wsdl

10:08:09 152.201.1.254  enviando datos : {"numeroDocumento":"1026307532",
            "nombre":"Paulina",
            "apellido":"Salgado Caldera",
            "email":"Paulina.andrea1911@gmail.com",
            "fechaNacimiento":"11-08-2018",
            "ciudadResidencia":"Bogotá, Colombia",
            "genero":"F",
            "celular":"",
            "listaInteresAreaEstudio":[""],
            "listaInteresIdioma":["ingles"]}

10:08:14 152.201.1.254  respuesta HTTP/1.1 200 OK
Server: Apache-Coyote/1.1
Set-Cookie: JSESSIONID=0F7Jal1fvPu1-ItfgotbShMY.undefined; Path=/Formulario-Interno
Content-Type: text/xml;charset=ISO-8859-1
Content-Length: 297
Date: Sat, 11 Aug 2018 15:52:33 GMT
Connection: close

&lt;soap:Envelope xmlns:soap=&quot;http://schemas.xmlsoap.org/soap/envelope/&quot;&gt;&lt;soap:Body&gt;&lt;ns1:crearFormularioPotencialResponse xmlns:ns1=&quot;http://www.colfuturo.org/potencial/ws/ServicioIntegracionPotencial&quot;&gt;&lt;return&gt;Creo formulario&lt;/return&gt;&lt;/ns1:crearFormularioPotencialResponse&gt;&lt;/soap:Body&gt;&lt;/soap:Envelope&gt;

11:08:13 181.135.16.247 desde:user/register preparando para almacenar usuario : 1010205415

11:08:13 181.135.16.247  conectando a : https://jboss2.colfuturo.org/Formulario-Interno/ServicioIntegracionPotencial?wsdl

11:08:13 181.135.16.247  enviando datos : {"numeroDocumento":"1010205415",
            "nombre":"Yenifer Andrea",
            "apellido":"Ardila Farfan",
            "email":"jenn_128@hotmail.es",
            "fechaNacimiento":"11-08-2018",
            "ciudadResidencia":"Bogotá, Colombia",
            "genero":"F",
            "celular":"",
            "listaInteresAreaEstudio":["Ciencias de la Salud","Ciencias Sociales"],
            "listaInteresIdioma":[""]}

11:08:19 181.135.16.247  respuesta HTTP/1.1 200 OK
Server: Apache-Coyote/1.1
Set-Cookie: JSESSIONID=waDjHi3Iqac1TeeUpUsdEWD9.undefined; Path=/Formulario-Interno
Content-Type: text/xml;charset=ISO-8859-1
Content-Length: 297
Date: Sat, 11 Aug 2018 16:11:38 GMT
Connection: close

&lt;soap:Envelope xmlns:soap=&quot;http://schemas.xmlsoap.org/soap/envelope/&quot;&gt;&lt;soap:Body&gt;&lt;ns1:crearFormularioPotencialResponse xmlns:ns1=&quot;http://www.colfuturo.org/potencial/ws/ServicioIntegracionPotencial&quot;&gt;&lt;return&gt;Creo formulario&lt;/return&gt;&lt;/ns1:crearFormularioPotencialResponse&gt;&lt;/soap:Body&gt;&lt;/soap:Envelope&gt;

11:08:48 186.81.111.31 desde:user/225693 preparando para almacenar usuario : 41658040

11:08:48 186.81.111.31  conectando a : https://jboss2.colfuturo.org/Formulario-Interno/ServicioIntegracionPotencial?wsdl

11:08:48 186.81.111.31  enviando datos : {"numeroDocumento":"41658040",
            "nombre":"NUBIA ESPERANZA ",
            "apellido":"TORRES CORREA",
            "email":"nuez_e56@yahoo.es",
            "fechaNacimiento":"11-08-2018",
            "ciudadResidencia":"Bogotá, Colombia",
            "genero":"F",
            "celular":"",
            "listaInteresAreaEstudio":[""],
            "listaInteresIdioma":["ingles"]}

11:08:52 186.81.111.31  respuesta HTTP/1.1 200 OK
Server: Apache-Coyote/1.1
Set-Cookie: JSESSIONID=xU18M4hgyO81qSsXOT66GceL.undefined; Path=/Formulario-Interno
Content-Type: text/xml;charset=ISO-8859-1
Content-Length: 301
Date: Sat, 11 Aug 2018 16:24:11 GMT
Connection: close

&lt;soap:Envelope xmlns:soap=&quot;http://schemas.xmlsoap.org/soap/envelope/&quot;&gt;&lt;soap:Body&gt;&lt;ns1:crearFormularioPotencialResponse xmlns:ns1=&quot;http://www.colfuturo.org/potencial/ws/ServicioIntegracionPotencial&quot;&gt;&lt;return&gt;Encontro formulario&lt;/return&gt;&lt;/ns1:crearFormularioPotencialResponse&gt;&lt;/soap:Body&gt;&lt;/soap:Envelope&gt;

11:08:09 190.85.121.204 desde:user/register preparando para almacenar usuario : 1013646737

11:08:09 190.85.121.204  conectando a : https://jboss2.colfuturo.org/Formulario-Interno/ServicioIntegracionPotencial?wsdl

11:08:09 190.85.121.204  enviando datos : {"numeroDocumento":"1013646737",
            "nombre":"carolina",
            "apellido":"sanchez cabrera",
            "email":"acarito.2007@gmail.com",
            "fechaNacimiento":"11-08-2018",
            "ciudadResidencia":"Bogotá, Colombia",
            "genero":"F",
            "celular":"",
            "listaInteresAreaEstudio":[""],
            "listaInteresIdioma":["ingles"]}

11:08:15 190.85.121.204  respuesta HTTP/1.1 200 OK
Server: Apache-Coyote/1.1
Set-Cookie: JSESSIONID=-JwDN0zY66FO-XfmxcoyERHF.undefined; Path=/Formulario-Interno
Content-Type: text/xml;charset=ISO-8859-1
Content-Length: 297
Date: Sat, 11 Aug 2018 16:31:34 GMT
Connection: close

&lt;soap:Envelope xmlns:soap=&quot;http://schemas.xmlsoap.org/soap/envelope/&quot;&gt;&lt;soap:Body&gt;&lt;ns1:crearFormularioPotencialResponse xmlns:ns1=&quot;http://www.colfuturo.org/potencial/ws/ServicioIntegracionPotencial&quot;&gt;&lt;return&gt;Creo formulario&lt;/return&gt;&lt;/ns1:crearFormularioPotencialResponse&gt;&lt;/soap:Body&gt;&lt;/soap:Envelope&gt;

12:08:58 190.159.200.193 desde:user/register preparando para almacenar usuario : 1001326529

12:08:58 190.159.200.193  conectando a : https://jboss2.colfuturo.org/Formulario-Interno/ServicioIntegracionPotencial?wsdl

12:08:58 190.159.200.193  enviando datos : {"numeroDocumento":"1001326529",
            "nombre":"Diego",
            "apellido":"Gómez ",
            "email":"Diegogomezmesa123@gmail.com",
            "fechaNacimiento":"11-08-2018",
            "ciudadResidencia":"Bogotá, Colombia",
            "genero":"M",
            "celular":"",
            "listaInteresAreaEstudio":["Ciencias Políticas y Relaciones Internacionales"],
            "listaInteresIdioma":[""]}

12:08:03 190.159.200.193  respuesta HTTP/1.1 200 OK
Server: Apache-Coyote/1.1
Set-Cookie: JSESSIONID=uc-5XGQl2M3jvYGhBXOtyAXe.undefined; Path=/Formulario-Interno
Content-Type: text/xml;charset=ISO-8859-1
Content-Length: 297
Date: Sat, 11 Aug 2018 17:10:22 GMT
Connection: close

&lt;soap:Envelope xmlns:soap=&quot;http://schemas.xmlsoap.org/soap/envelope/&quot;&gt;&lt;soap:Body&gt;&lt;ns1:crearFormularioPotencialResponse xmlns:ns1=&quot;http://www.colfuturo.org/potencial/ws/ServicioIntegracionPotencial&quot;&gt;&lt;return&gt;Creo formulario&lt;/return&gt;&lt;/ns1:crearFormularioPotencialResponse&gt;&lt;/soap:Body&gt;&lt;/soap:Envelope&gt;

12:08:46 190.159.200.193 desde:user/225941 preparando para almacenar usuario : 1001326529

12:08:46 190.159.200.193  conectando a : https://jboss2.colfuturo.org/Formulario-Interno/ServicioIntegracionPotencial?wsdl

12:08:46 190.159.200.193  enviando datos : {"numeroDocumento":"1001326529",
            "nombre":"Diego",
            "apellido":"Gómez ",
            "email":"Diegogomezmesa123@gmail.com",
            "fechaNacimiento":"11-08-2018",
            "ciudadResidencia":"Bogotá, Colombia",
            "genero":"M",
            "celular":"",
            "listaInteresAreaEstudio":["Ciencias Políticas y Relaciones Internacionales"],
            "listaInteresIdioma":[""]}

12:08:49 190.159.200.193  respuesta HTTP/1.1 200 OK
Server: Apache-Coyote/1.1
Set-Cookie: JSESSIONID=jFV4YeK7nX3GkF49haA-sCnj.undefined; Path=/Formulario-Interno
Content-Type: text/xml;charset=ISO-8859-1
Content-Length: 301
Date: Sat, 11 Aug 2018 17:13:08 GMT
Connection: close

&lt;soap:Envelope xmlns:soap=&quot;http://schemas.xmlsoap.org/soap/envelope/&quot;&gt;&lt;soap:Body&gt;&lt;ns1:crearFormularioPotencialResponse xmlns:ns1=&quot;http://www.colfuturo.org/potencial/ws/ServicioIntegracionPotencial&quot;&gt;&lt;return&gt;Encontro formulario&lt;/return&gt;&lt;/ns1:crearFormularioPotencialResponse&gt;&lt;/soap:Body&gt;&lt;/soap:Envelope&gt;

12:08:30 186.170.235.226 desde:user/register preparando para almacenar usuario : 1013631348

12:08:30 186.170.235.226  conectando a : https://jboss2.colfuturo.org/Formulario-Interno/ServicioIntegracionPotencial?wsdl

12:08:30 186.170.235.226  enviando datos : {"numeroDocumento":"1013631348",
            "nombre":"Diana",
            "apellido":"Sepulveda Romero",
            "email":"cami562@hotmail.com",
            "fechaNacimiento":"11-08-2018",
            "ciudadResidencia":"Bogotá, Colombia",
            "genero":"F",
            "celular":"",
            "listaInteresAreaEstudio":[""],
            "listaInteresIdioma":["ingles"]}

12:08:35 186.170.235.226  respuesta HTTP/1.1 200 OK
Server: Apache-Coyote/1.1
Set-Cookie: JSESSIONID=ANDfAewU+YLkgotrWPuPms-g.undefined; Path=/Formulario-Interno
Content-Type: text/xml;charset=ISO-8859-1
Content-Length: 297
Date: Sat, 11 Aug 2018 17:47:54 GMT
Connection: close

&lt;soap:Envelope xmlns:soap=&quot;http://schemas.xmlsoap.org/soap/envelope/&quot;&gt;&lt;soap:Body&gt;&lt;ns1:crearFormularioPotencialResponse xmlns:ns1=&quot;http://www.colfuturo.org/potencial/ws/ServicioIntegracionPotencial&quot;&gt;&lt;return&gt;Creo formulario&lt;/return&gt;&lt;/ns1:crearFormularioPotencialResponse&gt;&lt;/soap:Body&gt;&lt;/soap:Envelope&gt;

01:08:40 146.115.169.162 desde:user/register preparando para almacenar usuario : 1110509876

01:08:40 146.115.169.162  conectando a : https://jboss2.colfuturo.org/Formulario-Interno/ServicioIntegracionPotencial?wsdl

01:08:40 146.115.169.162  enviando datos : {"numeroDocumento":"1110509876",
            "nombre":"Yency Yiceth ",
            "apellido":"Bello Perdomo ",
            "email":"yency-chu@hotmail.es",
            "fechaNacimiento":"11-08-2018",
            "ciudadResidencia":"Boston, Massachusetts, EE. UU.",
            "genero":"F",
            "celular":"",
            "listaInteresAreaEstudio":[""],
            "listaInteresIdioma":["ingles"]}

01:08:45 146.115.169.162  respuesta HTTP/1.1 200 OK
Server: Apache-Coyote/1.1
Set-Cookie: JSESSIONID=zc99fqnwTxyJjgkNvjYgu+fr.undefined; Path=/Formulario-Interno
Content-Type: text/xml;charset=ISO-8859-1
Content-Length: 297
Date: Sat, 11 Aug 2018 18:17:04 GMT
Connection: close

&lt;soap:Envelope xmlns:soap=&quot;http://schemas.xmlsoap.org/soap/envelope/&quot;&gt;&lt;soap:Body&gt;&lt;ns1:crearFormularioPotencialResponse xmlns:ns1=&quot;http://www.colfuturo.org/potencial/ws/ServicioIntegracionPotencial&quot;&gt;&lt;return&gt;Creo formulario&lt;/return&gt;&lt;/ns1:crearFormularioPotencialResponse&gt;&lt;/soap:Body&gt;&lt;/soap:Envelope&gt;

02:08:36 181.135.145.212 desde:user/register preparando para almacenar usuario : 43114216

02:08:36 181.135.145.212  conectando a : https://jboss2.colfuturo.org/Formulario-Interno/ServicioIntegracionPotencial?wsdl

02:08:36 181.135.145.212  enviando datos : {"numeroDocumento":"43114216",
            "nombre":"LINA MARITZA",
            "apellido":"BEDOYA CASTAÑO",
            "email":"linabedoyacastano@yahoo.es",
            "fechaNacimiento":"11-08-2018",
            "ciudadResidencia":"Cartagena, Bolívar, Colombia",
            "genero":"F",
            "celular":"",
            "listaInteresAreaEstudio":["Educación"],
            "listaInteresIdioma":[""]}

02:08:41 181.135.145.212  respuesta HTTP/1.1 200 OK
Server: Apache-Coyote/1.1
Set-Cookie: JSESSIONID=cvknwD9qE+UAdQ+vURvPolSF.undefined; Path=/Formulario-Interno
Content-Type: text/xml;charset=ISO-8859-1
Content-Length: 297
Date: Sat, 11 Aug 2018 19:10:59 GMT
Connection: close

&lt;soap:Envelope xmlns:soap=&quot;http://schemas.xmlsoap.org/soap/envelope/&quot;&gt;&lt;soap:Body&gt;&lt;ns1:crearFormularioPotencialResponse xmlns:ns1=&quot;http://www.colfuturo.org/potencial/ws/ServicioIntegracionPotencial&quot;&gt;&lt;return&gt;Creo formulario&lt;/return&gt;&lt;/ns1:crearFormularioPotencialResponse&gt;&lt;/soap:Body&gt;&lt;/soap:Envelope&gt;

03:08:24 190.99.158.1 desde:user/register preparando para almacenar usuario : 1080830858

03:08:24 190.99.158.1  conectando a : https://jboss2.colfuturo.org/Formulario-Interno/ServicioIntegracionPotencial?wsdl

03:08:24 190.99.158.1  enviando datos : {"numeroDocumento":"1080830858",
            "nombre":"Andrea ",
            "apellido":"Quiñones",
            "email":"Nana3029@hotmail.com",
            "fechaNacimiento":"11-08-2018",
            "ciudadResidencia":"Cali, Valle del Cauca, Colombia",
            "genero":"F",
            "celular":"",
            "listaInteresAreaEstudio":["Ingeniería"],
            "listaInteresIdioma":["ingles"]}

03:08:29 190.99.158.1  respuesta HTTP/1.1 200 OK
Server: Apache-Coyote/1.1
Set-Cookie: JSESSIONID=SwfFe9tBCjbkP6mSiCUCRBhg.undefined; Path=/Formulario-Interno
Content-Type: text/xml;charset=ISO-8859-1
Content-Length: 297
Date: Sat, 11 Aug 2018 20:27:48 GMT
Connection: close

&lt;soap:Envelope xmlns:soap=&quot;http://schemas.xmlsoap.org/soap/envelope/&quot;&gt;&lt;soap:Body&gt;&lt;ns1:crearFormularioPotencialResponse xmlns:ns1=&quot;http://www.colfuturo.org/potencial/ws/ServicioIntegracionPotencial&quot;&gt;&lt;return&gt;Creo formulario&lt;/return&gt;&lt;/ns1:crearFormularioPotencialResponse&gt;&lt;/soap:Body&gt;&lt;/soap:Envelope&gt;

05:08:27 181.54.210.30 desde:user/register preparando para almacenar usuario : 1020824070

05:08:27 181.54.210.30  conectando a : https://jboss2.colfuturo.org/Formulario-Interno/ServicioIntegracionPotencial?wsdl

05:08:27 181.54.210.30  enviando datos : {"numeroDocumento":"1020824070",
            "nombre":"Miguel Angel",
            "apellido":"Alarcon Bustos",
            "email":"miguel.alarcon3310@gmail.com",
            "fechaNacimiento":"11-08-2018",
            "ciudadResidencia":"Bogotá, Colombia",
            "genero":"M",
            "celular":"",
            "listaInteresAreaEstudio":["Ciencias Básicas"],
            "listaInteresIdioma":[""]}

05:08:32 181.54.210.30  respuesta HTTP/1.1 200 OK
Server: Apache-Coyote/1.1
Set-Cookie: JSESSIONID=1XRVbYxMvH9rwbGZY24qnKWd.undefined; Path=/Formulario-Interno
Content-Type: text/xml;charset=ISO-8859-1
Content-Length: 297
Date: Sat, 11 Aug 2018 22:03:51 GMT
Connection: close

&lt;soap:Envelope xmlns:soap=&quot;http://schemas.xmlsoap.org/soap/envelope/&quot;&gt;&lt;soap:Body&gt;&lt;ns1:crearFormularioPotencialResponse xmlns:ns1=&quot;http://www.colfuturo.org/potencial/ws/ServicioIntegracionPotencial&quot;&gt;&lt;return&gt;Creo formulario&lt;/return&gt;&lt;/ns1:crearFormularioPotencialResponse&gt;&lt;/soap:Body&gt;&lt;/soap:Envelope&gt;

05:08:06 190.251.41.101 desde:user/212768 preparando para almacenar usuario : 94512468

05:08:06 190.251.41.101  conectando a : https://jboss2.colfuturo.org/Formulario-Interno/ServicioIntegracionPotencial?wsdl

05:08:06 190.251.41.101  enviando datos : {"numeroDocumento":"94512468",
            "nombre":"JOSE FERNANDO ",
            "apellido":"NARVAEZ RAMIREZ",
            "email":"fermaster2323@hotmail.com",
            "fechaNacimiento":"11-08-2018",
            "ciudadResidencia":"Cali, Valle del Cauca, Colombia",
            "genero":"M",
            "celular":"",
            "listaInteresAreaEstudio":[""],
            "listaInteresIdioma":["ingles"]}

05:08:10 190.251.41.101  respuesta HTTP/1.1 200 OK
Server: Apache-Coyote/1.1
Set-Cookie: JSESSIONID=cRAAYvDVERTlDaKDcRiEoo3i.undefined; Path=/Formulario-Interno
Content-Type: text/xml;charset=ISO-8859-1
Content-Length: 301
Date: Sat, 11 Aug 2018 22:53:29 GMT
Connection: close

&lt;soap:Envelope xmlns:soap=&quot;http://schemas.xmlsoap.org/soap/envelope/&quot;&gt;&lt;soap:Body&gt;&lt;ns1:crearFormularioPotencialResponse xmlns:ns1=&quot;http://www.colfuturo.org/potencial/ws/ServicioIntegracionPotencial&quot;&gt;&lt;return&gt;Encontro formulario&lt;/return&gt;&lt;/ns1:crearFormularioPotencialResponse&gt;&lt;/soap:Body&gt;&lt;/soap:Envelope&gt;

06:08:49 217.86.50.41 desde:user/165232 preparando para almacenar usuario : 60360211

06:08:49 217.86.50.41  conectando a : https://jboss2.colfuturo.org/Formulario-Interno/ServicioIntegracionPotencial?wsdl

06:08:49 217.86.50.41  enviando datos : {"numeroDocumento":"60360211",
            "nombre":"Rocio",
            "apellido":"Cardenas Sanchez",
            "email":"rocicardenas@gmail.com",
            "fechaNacimiento":"11-08-2018",
            "ciudadResidencia":"Cúcuta, Norte de Santander, Colombia",
            "genero":"F",
            "celular":"",
            "listaInteresAreaEstudio":[""],
            "listaInteresIdioma":[""]}

06:08:52 217.86.50.41  respuesta HTTP/1.1 200 OK
Server: Apache-Coyote/1.1
Set-Cookie: JSESSIONID=t4IBI6-jA0+TTOyeEDVdu-qp.undefined; Path=/Formulario-Interno
Content-Type: text/xml;charset=ISO-8859-1
Content-Length: 301
Date: Sat, 11 Aug 2018 23:34:11 GMT
Connection: close

&lt;soap:Envelope xmlns:soap=&quot;http://schemas.xmlsoap.org/soap/envelope/&quot;&gt;&lt;soap:Body&gt;&lt;ns1:crearFormularioPotencialResponse xmlns:ns1=&quot;http://www.colfuturo.org/potencial/ws/ServicioIntegracionPotencial&quot;&gt;&lt;return&gt;Encontro formulario&lt;/return&gt;&lt;/ns1:crearFormularioPotencialResponse&gt;&lt;/soap:Body&gt;&lt;/soap:Envelope&gt;

07:08:08 217.86.50.41 desde:user/165232 preparando para almacenar usuario : 60360211

07:08:08 217.86.50.41  conectando a : https://jboss2.colfuturo.org/Formulario-Interno/ServicioIntegracionPotencial?wsdl

07:08:08 217.86.50.41  enviando datos : {"numeroDocumento":"60360211",
            "nombre":"Rocio",
            "apellido":"Cardenas Sanchez",
            "email":"rocicardenas@gmail.com",
            "fechaNacimiento":"11-08-2018",
            "ciudadResidencia":"Cúcuta, Norte de Santander, Colombia",
            "genero":"F",
            "celular":"",
            "listaInteresAreaEstudio":[""],
            "listaInteresIdioma":[""]}

07:08:11 217.86.50.41  respuesta HTTP/1.1 200 OK
Server: Apache-Coyote/1.1
Set-Cookie: JSESSIONID=x3TBUhJomLZxWwWsMEsapeUy.undefined; Path=/Formulario-Interno
Content-Type: text/xml;charset=ISO-8859-1
Content-Length: 301
Date: Sun, 12 Aug 2018 00:08:30 GMT
Connection: close

&lt;soap:Envelope xmlns:soap=&quot;http://schemas.xmlsoap.org/soap/envelope/&quot;&gt;&lt;soap:Body&gt;&lt;ns1:crearFormularioPotencialResponse xmlns:ns1=&quot;http://www.colfuturo.org/potencial/ws/ServicioIntegracionPotencial&quot;&gt;&lt;return&gt;Encontro formulario&lt;/return&gt;&lt;/ns1:crearFormularioPotencialResponse&gt;&lt;/soap:Body&gt;&lt;/soap:Envelope&gt;

07:08:15 186.30.73.105 desde:user/register preparando para almacenar usuario : 1010191652

07:08:15 186.30.73.105  conectando a : https://jboss2.colfuturo.org/Formulario-Interno/ServicioIntegracionPotencial?wsdl

07:08:15 186.30.73.105  enviando datos : {"numeroDocumento":"1010191652",
            "nombre":"Laura Marcela",
            "apellido":"Astroz López",
            "email":"lm.astroz81@outlook.com",
            "fechaNacimiento":"11-08-2018",
            "ciudadResidencia":"Bogotá, Colombia",
            "genero":"F",
            "celular":"",
            "listaInteresAreaEstudio":["Administración y Negocios"],
            "listaInteresIdioma":[""]}

07:08:20 186.30.73.105  respuesta HTTP/1.1 200 OK
Server: Apache-Coyote/1.1
Set-Cookie: JSESSIONID=NiLmQpwB-5Kk9CjK6MDHjeF+.undefined; Path=/Formulario-Interno
Content-Type: text/xml;charset=ISO-8859-1
Content-Length: 297
Date: Sun, 12 Aug 2018 00:39:39 GMT
Connection: close

&lt;soap:Envelope xmlns:soap=&quot;http://schemas.xmlsoap.org/soap/envelope/&quot;&gt;&lt;soap:Body&gt;&lt;ns1:crearFormularioPotencialResponse xmlns:ns1=&quot;http://www.colfuturo.org/potencial/ws/ServicioIntegracionPotencial&quot;&gt;&lt;return&gt;Creo formulario&lt;/return&gt;&lt;/ns1:crearFormularioPotencialResponse&gt;&lt;/soap:Body&gt;&lt;/soap:Envelope&gt;

08:08:38 191.109.131.224 desde:user/register preparando para almacenar usuario : 1020813445

08:08:38 191.109.131.224  conectando a : https://jboss2.colfuturo.org/Formulario-Interno/ServicioIntegracionPotencial?wsdl

08:08:38 191.109.131.224  enviando datos : {"numeroDocumento":"1020813445",
            "nombre":"Luisa",
            "apellido":"Matiz Ceron",
            "email":"luisafmc@gmail.com",
            "fechaNacimiento":"11-08-2018",
            "ciudadResidencia":"Bogotá, Colombia",
            "genero":"F",
            "celular":"",
            "listaInteresAreaEstudio":["Ciencias Básicas"],
            "listaInteresIdioma":["ingles"]}

08:08:43 191.109.131.224  respuesta HTTP/1.1 200 OK
Server: Apache-Coyote/1.1
Set-Cookie: JSESSIONID=g1IEH2QKlWw5bUFvtyFFn8u+.undefined; Path=/Formulario-Interno
Content-Type: text/xml;charset=ISO-8859-1
Content-Length: 297
Date: Sun, 12 Aug 2018 01:14:02 GMT
Connection: close

&lt;soap:Envelope xmlns:soap=&quot;http://schemas.xmlsoap.org/soap/envelope/&quot;&gt;&lt;soap:Body&gt;&lt;ns1:crearFormularioPotencialResponse xmlns:ns1=&quot;http://www.colfuturo.org/potencial/ws/ServicioIntegracionPotencial&quot;&gt;&lt;return&gt;Creo formulario&lt;/return&gt;&lt;/ns1:crearFormularioPotencialResponse&gt;&lt;/soap:Body&gt;&lt;/soap:Envelope&gt;

