12:01:16 10.184.26.125 desde:user/register preparando para almacenar usuario : 1018465290

12:01:16 10.184.26.125  conectando a : https://jboss2.colfuturo.org/Formulario-Interno/ServicioIntegracionPotencial?wsdl

12:01:16 10.184.26.125  enviando datos : {"numeroDocumento":"1018465290",
            "nombre":"María Alejandra ",
            "apellido":"Zúñiga Moreno ",
            "email":"alejandra.zuniga03@gmail.com",
            "fechaNacimiento":"04-01-2019",
            "ciudadResidencia":"Bogotá, Colombia",
            "genero":"F",
            "celular":"",
            "listaInteresAreaEstudio":["Administración y Negocios"],
            "listaInteresIdioma":["ingles"]}

12:01:16 10.184.26.125  respuesta HTTP/1.1 100 Continue

HTTP/1.1 200 OK
Server: nginx/1.14.0
Date: Fri, 04 Jan 2019 05:15:32 GMT
Content-Type: text/xml;charset=ISO-8859-1
Content-Length: 297
Connection: keep-alive
Vary: Accept-Encoding
Set-Cookie: JSESSIONID=cHIqHa19rbj0qhqbSafX-4hv.undefined; Path=/Formulario-Interno
X-CdnHost: ns10.colfuturo.org

&lt;soap:Envelope xmlns:soap=&quot;http://schemas.xmlsoap.org/soap/envelope/&quot;&gt;&lt;soap:Body&gt;&lt;ns1:crearFormularioPotencialResponse xmlns:ns1=&quot;http://www.colfuturo.org/potencial/ws/ServicioIntegracionPotencial&quot;&gt;&lt;return&gt;Creo formulario&lt;/return&gt;&lt;/ns1:crearFormularioPotencialResponse&gt;&lt;/soap:Body&gt;&lt;/soap:Envelope&gt;

05:01:20 10.184.26.125 desde:user/44618 preparando para almacenar usuario : 1037576418

05:01:20 10.184.26.125  conectando a : https://jboss2.colfuturo.org/Formulario-Interno/ServicioIntegracionPotencial?wsdl

05:01:20 10.184.26.125  enviando datos : {"numeroDocumento":"1037576418",
            "nombre":"Marcela",
            "apellido":"Galvis Restrepo",
            "email":"mgalvis37@hotmail.com",
            "fechaNacimiento":"04-01-2019",
            "ciudadResidencia":"Copenhague, Dinamarca",
            "genero":"F",
            "celular":"",
            "listaInteresAreaEstudio":["Economía"],
            "listaInteresIdioma":[""]}

05:01:21 10.184.26.125  respuesta HTTP/1.1 100 Continue

HTTP/1.1 200 OK
Server: nginx/1.14.0
Date: Fri, 04 Jan 2019 10:56:36 GMT
Content-Type: text/xml;charset=ISO-8859-1
Content-Length: 301
Connection: keep-alive
Vary: Accept-Encoding
Set-Cookie: JSESSIONID=jjr2nTsIqgrW36oERnYqnAvI.undefined; Path=/Formulario-Interno
X-CdnHost: ns10.colfuturo.org

&lt;soap:Envelope xmlns:soap=&quot;http://schemas.xmlsoap.org/soap/envelope/&quot;&gt;&lt;soap:Body&gt;&lt;ns1:crearFormularioPotencialResponse xmlns:ns1=&quot;http://www.colfuturo.org/potencial/ws/ServicioIntegracionPotencial&quot;&gt;&lt;return&gt;Encontro formulario&lt;/return&gt;&lt;/ns1:crearFormularioPotencialResponse&gt;&lt;/soap:Body&gt;&lt;/soap:Envelope&gt;

06:01:46 10.184.26.125 desde:user/register preparando para almacenar usuario : 1136886782

06:01:46 10.184.26.125  conectando a : https://jboss2.colfuturo.org/Formulario-Interno/ServicioIntegracionPotencial?wsdl

06:01:46 10.184.26.125  enviando datos : {"numeroDocumento":"1136886782",
            "nombre":"papa",
            "apellido":"Lolo",
            "email":"azarias.aydian@plutocow.com",
            "fechaNacimiento":"04-01-2019",
            "ciudadResidencia":"Bogotá, Colombia",
            "genero":"M",
            "celular":"",
            "listaInteresAreaEstudio":["Ingeniería"],
            "listaInteresIdioma":[""]}

06:01:46 10.184.26.125  respuesta HTTP/1.1 100 Continue

HTTP/1.1 200 OK
Server: nginx/1.14.0
Date: Fri, 04 Jan 2019 11:11:02 GMT
Content-Type: text/xml;charset=ISO-8859-1
Content-Length: 297
Connection: keep-alive
Vary: Accept-Encoding
Set-Cookie: JSESSIONID=oET6tDnq1KHFTHII4gXMeMVq.undefined; Path=/Formulario-Interno
X-CdnHost: ns10.colfuturo.org

&lt;soap:Envelope xmlns:soap=&quot;http://schemas.xmlsoap.org/soap/envelope/&quot;&gt;&lt;soap:Body&gt;&lt;ns1:crearFormularioPotencialResponse xmlns:ns1=&quot;http://www.colfuturo.org/potencial/ws/ServicioIntegracionPotencial&quot;&gt;&lt;return&gt;Creo formulario&lt;/return&gt;&lt;/ns1:crearFormularioPotencialResponse&gt;&lt;/soap:Body&gt;&lt;/soap:Envelope&gt;

07:01:41 10.184.26.125 desde:user/register preparando para almacenar usuario : 36308052

07:01:41 10.184.26.125  conectando a : https://jboss2.colfuturo.org/Formulario-Interno/ServicioIntegracionPotencial?wsdl

07:01:41 10.184.26.125  enviando datos : {"numeroDocumento":"36308052",
            "nombre":"Angélica María",
            "apellido":"Trujillo Cuéllar",
            "email":"anjuli36@hotmail.com",
            "fechaNacimiento":"04-01-2019",
            "ciudadResidencia":"Neiva, Huila, Colombia",
            "genero":"F",
            "celular":"",
            "listaInteresAreaEstudio":["Ciencias de la Salud","Derecho","Educación"],
            "listaInteresIdioma":["ingles","frances"]}

07:01:42 10.184.26.125  respuesta HTTP/1.1 100 Continue

HTTP/1.1 200 OK
Server: nginx/1.14.0
Date: Fri, 04 Jan 2019 12:36:57 GMT
Content-Type: text/xml;charset=ISO-8859-1
Content-Length: 297
Connection: keep-alive
Vary: Accept-Encoding
Set-Cookie: JSESSIONID=FdXXS1M9bhueyubJG+UuQU3y.undefined; Path=/Formulario-Interno
X-CdnHost: ns10.colfuturo.org

&lt;soap:Envelope xmlns:soap=&quot;http://schemas.xmlsoap.org/soap/envelope/&quot;&gt;&lt;soap:Body&gt;&lt;ns1:crearFormularioPotencialResponse xmlns:ns1=&quot;http://www.colfuturo.org/potencial/ws/ServicioIntegracionPotencial&quot;&gt;&lt;return&gt;Creo formulario&lt;/return&gt;&lt;/ns1:crearFormularioPotencialResponse&gt;&lt;/soap:Body&gt;&lt;/soap:Envelope&gt;

07:01:22 10.184.26.125 desde:user/register preparando para almacenar usuario : 1019039619

07:01:22 10.184.26.125  conectando a : https://jboss2.colfuturo.org/Formulario-Interno/ServicioIntegracionPotencial?wsdl

07:01:22 10.184.26.125  enviando datos : {"numeroDocumento":"1019039619",
            "nombre":"daniela",
            "apellido":"muñoz carmona ",
            "email":"damucar@gmail.com",
            "fechaNacimiento":"04-01-2019",
            "ciudadResidencia":"Bogotá, Colombia",
            "genero":"F",
            "celular":"",
            "listaInteresAreaEstudio":["Administración y Negocios"],
            "listaInteresIdioma":["ingles","frances"]}

07:01:23 10.184.26.125  respuesta HTTP/1.1 100 Continue

HTTP/1.1 200 OK
Server: nginx/1.14.0
Date: Fri, 04 Jan 2019 12:54:38 GMT
Content-Type: text/xml;charset=ISO-8859-1
Content-Length: 297
Connection: keep-alive
Vary: Accept-Encoding
Set-Cookie: JSESSIONID=6hUQhGvCn2jnSL2191W0+zla.undefined; Path=/Formulario-Interno
X-CdnHost: ns10.colfuturo.org

&lt;soap:Envelope xmlns:soap=&quot;http://schemas.xmlsoap.org/soap/envelope/&quot;&gt;&lt;soap:Body&gt;&lt;ns1:crearFormularioPotencialResponse xmlns:ns1=&quot;http://www.colfuturo.org/potencial/ws/ServicioIntegracionPotencial&quot;&gt;&lt;return&gt;Creo formulario&lt;/return&gt;&lt;/ns1:crearFormularioPotencialResponse&gt;&lt;/soap:Body&gt;&lt;/soap:Envelope&gt;

08:01:47 10.184.26.125 desde:user/register preparando para almacenar usuario : 1083000706

08:01:47 10.184.26.125  conectando a : https://jboss2.colfuturo.org/Formulario-Interno/ServicioIntegracionPotencial?wsdl

08:01:47 10.184.26.125  enviando datos : {"numeroDocumento":"1083000706",
            "nombre":"Rafael Antonio",
            "apellido":"Barras Rodriguez",
            "email":"rafaelbarrasrodriguez@gmail.com",
            "fechaNacimiento":"04-01-2019",
            "ciudadResidencia":"Santa Marta, Magdalena, Colombia",
            "genero":"M",
            "celular":"",
            "listaInteresAreaEstudio":["Ciencias Sociales"],
            "listaInteresIdioma":[""]}

08:01:48 10.184.26.125  respuesta HTTP/1.1 100 Continue

HTTP/1.1 200 OK
Server: nginx/1.14.0
Date: Fri, 04 Jan 2019 13:40:03 GMT
Content-Type: text/xml;charset=ISO-8859-1
Content-Length: 297
Connection: keep-alive
Vary: Accept-Encoding
Set-Cookie: JSESSIONID=-sHf7NAjT77MHTB8f6J7dkGI.undefined; Path=/Formulario-Interno
X-CdnHost: ns10.colfuturo.org

&lt;soap:Envelope xmlns:soap=&quot;http://schemas.xmlsoap.org/soap/envelope/&quot;&gt;&lt;soap:Body&gt;&lt;ns1:crearFormularioPotencialResponse xmlns:ns1=&quot;http://www.colfuturo.org/potencial/ws/ServicioIntegracionPotencial&quot;&gt;&lt;return&gt;Creo formulario&lt;/return&gt;&lt;/ns1:crearFormularioPotencialResponse&gt;&lt;/soap:Body&gt;&lt;/soap:Envelope&gt;

08:01:20 10.184.26.125 desde:user/register preparando para almacenar usuario : 1020789080

08:01:20 10.184.26.125  conectando a : https://jboss2.colfuturo.org/Formulario-Interno/ServicioIntegracionPotencial?wsdl

08:01:20 10.184.26.125  enviando datos : {"numeroDocumento":"1020789080",
            "nombre":"ROBERTO JOSE",
            "apellido":"PARDO PEREZ",
            "email":"josepardo1217@gmail.com",
            "fechaNacimiento":"04-01-2019",
            "ciudadResidencia":"Yopal, Casanare, Colombia",
            "genero":"M",
            "celular":"",
            "listaInteresAreaEstudio":["Educación"],
            "listaInteresIdioma":["ingles","frances"]}

08:01:21 10.184.26.125  respuesta HTTP/1.1 100 Continue

HTTP/1.1 200 OK
Server: nginx/1.14.0
Date: Fri, 04 Jan 2019 13:48:36 GMT
Content-Type: text/xml;charset=ISO-8859-1
Content-Length: 297
Connection: keep-alive
Vary: Accept-Encoding
Set-Cookie: JSESSIONID=O2kr7JkJgifDBETdU57cJ14I.undefined; Path=/Formulario-Interno
X-CdnHost: ns10.colfuturo.org

&lt;soap:Envelope xmlns:soap=&quot;http://schemas.xmlsoap.org/soap/envelope/&quot;&gt;&lt;soap:Body&gt;&lt;ns1:crearFormularioPotencialResponse xmlns:ns1=&quot;http://www.colfuturo.org/potencial/ws/ServicioIntegracionPotencial&quot;&gt;&lt;return&gt;Creo formulario&lt;/return&gt;&lt;/ns1:crearFormularioPotencialResponse&gt;&lt;/soap:Body&gt;&lt;/soap:Envelope&gt;

09:01:56 10.184.26.125 desde:user/register preparando para almacenar usuario : 1019095050

09:01:56 10.184.26.125  conectando a : https://jboss2.colfuturo.org/Formulario-Interno/ServicioIntegracionPotencial?wsdl

09:01:56 10.184.26.125  enviando datos : {"numeroDocumento":"1019095050",
            "nombre":"Ingrid Katherine ",
            "apellido":"López Benavides",
            "email":"Iskatherinelopez@gmail.com",
            "fechaNacimiento":"04-01-2019",
            "ciudadResidencia":"Bogotá, Colombia",
            "genero":"F",
            "celular":"",
            "listaInteresAreaEstudio":[""],
            "listaInteresIdioma":["ingles"]}

09:01:56 10.184.26.125  respuesta HTTP/1.1 100 Continue

HTTP/1.1 200 OK
Server: nginx/1.14.0
Date: Fri, 04 Jan 2019 14:05:11 GMT
Content-Type: text/xml;charset=ISO-8859-1
Content-Length: 297
Connection: keep-alive
Vary: Accept-Encoding
Set-Cookie: JSESSIONID=yu7XYOzwF1TQN7UikEOnJr3u.undefined; Path=/Formulario-Interno
X-CdnHost: ns10.colfuturo.org

&lt;soap:Envelope xmlns:soap=&quot;http://schemas.xmlsoap.org/soap/envelope/&quot;&gt;&lt;soap:Body&gt;&lt;ns1:crearFormularioPotencialResponse xmlns:ns1=&quot;http://www.colfuturo.org/potencial/ws/ServicioIntegracionPotencial&quot;&gt;&lt;return&gt;Creo formulario&lt;/return&gt;&lt;/ns1:crearFormularioPotencialResponse&gt;&lt;/soap:Body&gt;&lt;/soap:Envelope&gt;

09:01:36 10.184.26.125 desde:user/register preparando para almacenar usuario : 1020795229

09:01:36 10.184.26.125  conectando a : https://jboss2.colfuturo.org/Formulario-Interno/ServicioIntegracionPotencial?wsdl

09:01:36 10.184.26.125  enviando datos : {"numeroDocumento":"1020795229",
            "nombre":"Daniel Augusto",
            "apellido":"Motta Calderon",
            "email":"motta.d@icloud.com",
            "fechaNacimiento":"04-01-2019",
            "ciudadResidencia":"Bogotá, Colombia",
            "genero":"M",
            "celular":"",
            "listaInteresAreaEstudio":["Ciencias de la Salud"],
            "listaInteresIdioma":[""]}

09:01:37 10.184.26.125  respuesta HTTP/1.1 100 Continue

HTTP/1.1 200 OK
Server: nginx/1.14.0
Date: Fri, 04 Jan 2019 14:38:52 GMT
Content-Type: text/xml;charset=ISO-8859-1
Content-Length: 297
Connection: keep-alive
Vary: Accept-Encoding
Set-Cookie: JSESSIONID=cfj2sLWNxS6EwE2lqd0W9BpT.undefined; Path=/Formulario-Interno
X-CdnHost: ns10.colfuturo.org

&lt;soap:Envelope xmlns:soap=&quot;http://schemas.xmlsoap.org/soap/envelope/&quot;&gt;&lt;soap:Body&gt;&lt;ns1:crearFormularioPotencialResponse xmlns:ns1=&quot;http://www.colfuturo.org/potencial/ws/ServicioIntegracionPotencial&quot;&gt;&lt;return&gt;Creo formulario&lt;/return&gt;&lt;/ns1:crearFormularioPotencialResponse&gt;&lt;/soap:Body&gt;&lt;/soap:Envelope&gt;

09:01:32 10.184.26.125 desde:user/register preparando para almacenar usuario : 1075236611

09:01:32 10.184.26.125  conectando a : https://jboss2.colfuturo.org/Formulario-Interno/ServicioIntegracionPotencial?wsdl

09:01:32 10.184.26.125  enviando datos : {"numeroDocumento":"1075236611",
            "nombre":"MAIRA",
            "apellido":"CLEVES SANCHEZ",
            "email":"mairitacs_12@hotmail.com",
            "fechaNacimiento":"04-01-2019",
            "ciudadResidencia":"Bogotá, Colombia",
            "genero":"F",
            "celular":"",
            "listaInteresAreaEstudio":["Ciencias de la Salud"],
            "listaInteresIdioma":[""]}

09:01:33 10.184.26.125  respuesta HTTP/1.1 100 Continue

HTTP/1.1 200 OK
Server: nginx/1.14.0
Date: Fri, 04 Jan 2019 14:41:48 GMT
Content-Type: text/xml;charset=ISO-8859-1
Content-Length: 297
Connection: keep-alive
Vary: Accept-Encoding
Set-Cookie: JSESSIONID=PkbNcwQ4eAjpTTdk7NAfUwRW.undefined; Path=/Formulario-Interno
X-CdnHost: ns10.colfuturo.org

&lt;soap:Envelope xmlns:soap=&quot;http://schemas.xmlsoap.org/soap/envelope/&quot;&gt;&lt;soap:Body&gt;&lt;ns1:crearFormularioPotencialResponse xmlns:ns1=&quot;http://www.colfuturo.org/potencial/ws/ServicioIntegracionPotencial&quot;&gt;&lt;return&gt;Creo formulario&lt;/return&gt;&lt;/ns1:crearFormularioPotencialResponse&gt;&lt;/soap:Body&gt;&lt;/soap:Envelope&gt;

09:01:16 10.184.26.125 desde:user/register preparando para almacenar usuario : 1077091824

09:01:16 10.184.26.125  conectando a : https://jboss2.colfuturo.org/Formulario-Interno/ServicioIntegracionPotencial?wsdl

09:01:16 10.184.26.125  enviando datos : {"numeroDocumento":"1077091824",
            "nombre":"Jeryc  Daniela",
            "apellido":"Castrillón Gaviria",
            "email":"jack1077kun@gmail.com",
            "fechaNacimiento":"04-01-2019",
            "ciudadResidencia":"Tocancipá, Cundinamarca, Colombia",
            "genero":"F",
            "celular":"",
            "listaInteresAreaEstudio":[""],
            "listaInteresIdioma":["ingles"]}

09:01:17 10.184.26.125  respuesta HTTP/1.1 100 Continue

HTTP/1.1 200 OK
Server: nginx/1.14.0
Date: Fri, 04 Jan 2019 14:45:32 GMT
Content-Type: text/xml;charset=ISO-8859-1
Content-Length: 297
Connection: keep-alive
Vary: Accept-Encoding
Set-Cookie: JSESSIONID=3-csdquyZkDH8WA1jZWG6hGm.undefined; Path=/Formulario-Interno
X-CdnHost: ns10.colfuturo.org

&lt;soap:Envelope xmlns:soap=&quot;http://schemas.xmlsoap.org/soap/envelope/&quot;&gt;&lt;soap:Body&gt;&lt;ns1:crearFormularioPotencialResponse xmlns:ns1=&quot;http://www.colfuturo.org/potencial/ws/ServicioIntegracionPotencial&quot;&gt;&lt;return&gt;Creo formulario&lt;/return&gt;&lt;/ns1:crearFormularioPotencialResponse&gt;&lt;/soap:Body&gt;&lt;/soap:Envelope&gt;

09:01:09 10.184.26.125 desde:user/register preparando para almacenar usuario : 1037626159

09:01:09 10.184.26.125  conectando a : https://jboss2.colfuturo.org/Formulario-Interno/ServicioIntegracionPotencial?wsdl

09:01:09 10.184.26.125  enviando datos : {"numeroDocumento":"1037626159",
            "nombre":"Maria Adelaida",
            "apellido":"López Castaño",
            "email":"mariaadelalc@hotmail.com",
            "fechaNacimiento":"04-01-2019",
            "ciudadResidencia":"Medellín, Antioquia, Colombia",
            "genero":"F",
            "celular":"",
            "listaInteresAreaEstudio":["Administración y Negocios"],
            "listaInteresIdioma":[""]}

09:01:09 10.184.26.125  respuesta HTTP/1.1 100 Continue

HTTP/1.1 200 OK
Server: nginx/1.14.0
Date: Fri, 04 Jan 2019 14:56:24 GMT
Content-Type: text/xml;charset=ISO-8859-1
Content-Length: 297
Connection: keep-alive
Vary: Accept-Encoding
Set-Cookie: JSESSIONID=rnY2JJHSF6+4bGA-EEHkS7fD.undefined; Path=/Formulario-Interno
X-CdnHost: ns10.colfuturo.org

&lt;soap:Envelope xmlns:soap=&quot;http://schemas.xmlsoap.org/soap/envelope/&quot;&gt;&lt;soap:Body&gt;&lt;ns1:crearFormularioPotencialResponse xmlns:ns1=&quot;http://www.colfuturo.org/potencial/ws/ServicioIntegracionPotencial&quot;&gt;&lt;return&gt;Creo formulario&lt;/return&gt;&lt;/ns1:crearFormularioPotencialResponse&gt;&lt;/soap:Body&gt;&lt;/soap:Envelope&gt;

09:01:46 10.184.26.125 desde:user/register preparando para almacenar usuario : 1020768128

09:01:46 10.184.26.125  conectando a : https://jboss2.colfuturo.org/Formulario-Interno/ServicioIntegracionPotencial?wsdl

09:01:46 10.184.26.125  enviando datos : {"numeroDocumento":"1020768128",
            "nombre":"Valentina",
            "apellido":"Manrique",
            "email":"v.manrique503@gmail.com",
            "fechaNacimiento":"04-01-2019",
            "ciudadResidencia":"Bogotá, Colombia",
            "genero":"F",
            "celular":"",
            "listaInteresAreaEstudio":["Derecho"],
            "listaInteresIdioma":[""]}

09:01:47 10.184.26.125  respuesta HTTP/1.1 100 Continue

HTTP/1.1 200 OK
Server: nginx/1.14.0
Date: Fri, 04 Jan 2019 14:58:02 GMT
Content-Type: text/xml;charset=ISO-8859-1
Content-Length: 297
Connection: keep-alive
Vary: Accept-Encoding
Set-Cookie: JSESSIONID=YohTx1yWwnEwe-dUJEbl11i+.undefined; Path=/Formulario-Interno
X-CdnHost: ns10.colfuturo.org

&lt;soap:Envelope xmlns:soap=&quot;http://schemas.xmlsoap.org/soap/envelope/&quot;&gt;&lt;soap:Body&gt;&lt;ns1:crearFormularioPotencialResponse xmlns:ns1=&quot;http://www.colfuturo.org/potencial/ws/ServicioIntegracionPotencial&quot;&gt;&lt;return&gt;Creo formulario&lt;/return&gt;&lt;/ns1:crearFormularioPotencialResponse&gt;&lt;/soap:Body&gt;&lt;/soap:Envelope&gt;

10:01:55 10.184.26.125 desde:user/register preparando para almacenar usuario : 1032370650

10:01:55 10.184.26.125  conectando a : https://jboss2.colfuturo.org/Formulario-Interno/ServicioIntegracionPotencial?wsdl

10:01:55 10.184.26.125  enviando datos : {"numeroDocumento":"1032370650",
            "nombre":"Alvaro David",
            "apellido":"Rodriguez Rodriguez",
            "email":"alvarodavidrodriguezr@gmai.com",
            "fechaNacimiento":"04-01-2019",
            "ciudadResidencia":"Bogotá, Colombia",
            "genero":"M",
            "celular":"",
            "listaInteresAreaEstudio":[""],
            "listaInteresIdioma":["ingles"]}

10:01:56 10.184.26.125  respuesta HTTP/1.1 100 Continue

HTTP/1.1 200 OK
Server: nginx/1.14.0
Date: Fri, 04 Jan 2019 15:13:11 GMT
Content-Type: text/xml;charset=ISO-8859-1
Content-Length: 297
Connection: keep-alive
Vary: Accept-Encoding
Set-Cookie: JSESSIONID=YFodNyKLjmN5NaCoWTx-fUEg.undefined; Path=/Formulario-Interno
X-CdnHost: ns10.colfuturo.org

&lt;soap:Envelope xmlns:soap=&quot;http://schemas.xmlsoap.org/soap/envelope/&quot;&gt;&lt;soap:Body&gt;&lt;ns1:crearFormularioPotencialResponse xmlns:ns1=&quot;http://www.colfuturo.org/potencial/ws/ServicioIntegracionPotencial&quot;&gt;&lt;return&gt;Creo formulario&lt;/return&gt;&lt;/ns1:crearFormularioPotencialResponse&gt;&lt;/soap:Body&gt;&lt;/soap:Envelope&gt;

10:01:58 10.184.26.125 desde:user/register preparando para almacenar usuario : 1014190756

10:01:58 10.184.26.125  conectando a : https://jboss2.colfuturo.org/Formulario-Interno/ServicioIntegracionPotencial?wsdl

10:01:58 10.184.26.125  enviando datos : {"numeroDocumento":"1014190756",
            "nombre":"ANGELA PATRICIA",
            "apellido":"JIMENEZ CIFUENTES",
            "email":"angelapjimenez14@gmail.com",
            "fechaNacimiento":"04-01-2019",
            "ciudadResidencia":"Bogotá, Colombia",
            "genero":"F",
            "celular":"",
            "listaInteresAreaEstudio":["Ciencias de la Salud"],
            "listaInteresIdioma":[""]}

10:01:59 10.184.26.125  respuesta HTTP/1.1 100 Continue

HTTP/1.1 200 OK
Server: nginx/1.14.0
Date: Fri, 04 Jan 2019 15:53:14 GMT
Content-Type: text/xml;charset=ISO-8859-1
Content-Length: 297
Connection: keep-alive
Vary: Accept-Encoding
Set-Cookie: JSESSIONID=4L9LYtFVyxFdBaWMi+szF126.undefined; Path=/Formulario-Interno
X-CdnHost: ns10.colfuturo.org

&lt;soap:Envelope xmlns:soap=&quot;http://schemas.xmlsoap.org/soap/envelope/&quot;&gt;&lt;soap:Body&gt;&lt;ns1:crearFormularioPotencialResponse xmlns:ns1=&quot;http://www.colfuturo.org/potencial/ws/ServicioIntegracionPotencial&quot;&gt;&lt;return&gt;Creo formulario&lt;/return&gt;&lt;/ns1:crearFormularioPotencialResponse&gt;&lt;/soap:Body&gt;&lt;/soap:Envelope&gt;

10:01:15 10.184.26.125 desde:user/register preparando para almacenar usuario : 1020767085

10:01:15 10.184.26.125  conectando a : https://jboss2.colfuturo.org/Formulario-Interno/ServicioIntegracionPotencial?wsdl

10:01:15 10.184.26.125  enviando datos : {"numeroDocumento":"1020767085",
            "nombre":"STEPHANIE MARIA",
            "apellido":"DE LA HOZ MOLINA",
            "email":"stephydelahozm@gmail.com",
            "fechaNacimiento":"04-01-2019",
            "ciudadResidencia":"Barranquilla, Atlántico, Colombia",
            "genero":"F",
            "celular":"",
            "listaInteresAreaEstudio":["Administración y Negocios"],
            "listaInteresIdioma":[""]}

10:01:16 10.184.26.125  respuesta HTTP/1.1 100 Continue

HTTP/1.1 200 OK
Server: nginx/1.14.0
Date: Fri, 04 Jan 2019 15:54:31 GMT
Content-Type: text/xml;charset=ISO-8859-1
Content-Length: 297
Connection: keep-alive
Vary: Accept-Encoding
Set-Cookie: JSESSIONID=pnw31XSzcIeyx0t+tUHSW+jC.undefined; Path=/Formulario-Interno
X-CdnHost: ns10.colfuturo.org

&lt;soap:Envelope xmlns:soap=&quot;http://schemas.xmlsoap.org/soap/envelope/&quot;&gt;&lt;soap:Body&gt;&lt;ns1:crearFormularioPotencialResponse xmlns:ns1=&quot;http://www.colfuturo.org/potencial/ws/ServicioIntegracionPotencial&quot;&gt;&lt;return&gt;Creo formulario&lt;/return&gt;&lt;/ns1:crearFormularioPotencialResponse&gt;&lt;/soap:Body&gt;&lt;/soap:Envelope&gt;

11:01:30 10.184.26.125 desde:user/register preparando para almacenar usuario : 1032380884

11:01:30 10.184.26.125  conectando a : https://jboss2.colfuturo.org/Formulario-Interno/ServicioIntegracionPotencial?wsdl

11:01:30 10.184.26.125  enviando datos : {"numeroDocumento":"1032380884",
            "nombre":"Andres Felipe",
            "apellido":"Rodriguez Castellanos",
            "email":"anferc@gmail.com",
            "fechaNacimiento":"04-01-2019",
            "ciudadResidencia":"Toronto, Ontario, Canadá",
            "genero":"M",
            "celular":"",
            "listaInteresAreaEstudio":["Ingeniería"],
            "listaInteresIdioma":[""]}

11:01:30 10.184.26.125  respuesta HTTP/1.1 100 Continue

HTTP/1.1 200 OK
Server: nginx/1.14.0
Date: Fri, 04 Jan 2019 16:12:45 GMT
Content-Type: text/xml;charset=ISO-8859-1
Content-Length: 297
Connection: keep-alive
Vary: Accept-Encoding
Set-Cookie: JSESSIONID=2nZXWrFz-GSkEAES32kbg6kG.undefined; Path=/Formulario-Interno
X-CdnHost: ns10.colfuturo.org

&lt;soap:Envelope xmlns:soap=&quot;http://schemas.xmlsoap.org/soap/envelope/&quot;&gt;&lt;soap:Body&gt;&lt;ns1:crearFormularioPotencialResponse xmlns:ns1=&quot;http://www.colfuturo.org/potencial/ws/ServicioIntegracionPotencial&quot;&gt;&lt;return&gt;Creo formulario&lt;/return&gt;&lt;/ns1:crearFormularioPotencialResponse&gt;&lt;/soap:Body&gt;&lt;/soap:Envelope&gt;

11:01:30 10.184.26.125 desde:user/register preparando para almacenar usuario : 1128266083

11:01:30 10.184.26.125  conectando a : https://jboss2.colfuturo.org/Formulario-Interno/ServicioIntegracionPotencial?wsdl

11:01:30 10.184.26.125  enviando datos : {"numeroDocumento":"1128266083",
            "nombre":"Juan Pablo",
            "apellido":"Arango Sánchez",
            "email":"juanpabloarangosanchez@gmail.com",
            "fechaNacimiento":"04-01-2019",
            "ciudadResidencia":"Medellín, Antioquia, Colombia",
            "genero":"M",
            "celular":"",
            "listaInteresAreaEstudio":["Administración y Negocios","Economía","Ingeniería"],
            "listaInteresIdioma":["ingles","frances"]}

11:01:31 10.184.26.125  respuesta HTTP/1.1 100 Continue

HTTP/1.1 200 OK
Server: nginx/1.14.0
Date: Fri, 04 Jan 2019 16:16:46 GMT
Content-Type: text/xml;charset=ISO-8859-1
Content-Length: 297
Connection: keep-alive
Vary: Accept-Encoding
Set-Cookie: JSESSIONID=h6LGpxs6d++dfjgeznztVQ7J.undefined; Path=/Formulario-Interno
X-CdnHost: ns10.colfuturo.org

&lt;soap:Envelope xmlns:soap=&quot;http://schemas.xmlsoap.org/soap/envelope/&quot;&gt;&lt;soap:Body&gt;&lt;ns1:crearFormularioPotencialResponse xmlns:ns1=&quot;http://www.colfuturo.org/potencial/ws/ServicioIntegracionPotencial&quot;&gt;&lt;return&gt;Creo formulario&lt;/return&gt;&lt;/ns1:crearFormularioPotencialResponse&gt;&lt;/soap:Body&gt;&lt;/soap:Envelope&gt;

11:01:20 10.184.26.125 desde:user/register preparando para almacenar usuario : 1067921612

11:01:20 10.184.26.125  conectando a : https://jboss2.colfuturo.org/Formulario-Interno/ServicioIntegracionPotencial?wsdl

11:01:20 10.184.26.125  enviando datos : {"numeroDocumento":"1067921612",
            "nombre":"Fernando ",
            "apellido":"Bohorquez Taboada",
            "email":"fbohorqueztaboada@gmail.com",
            "fechaNacimiento":"04-01-2019",
            "ciudadResidencia":"Bogotá, Colombia",
            "genero":"M",
            "celular":"",
            "listaInteresAreaEstudio":["Derecho"],
            "listaInteresIdioma":[""]}

11:01:20 10.184.26.125  respuesta HTTP/1.1 100 Continue

HTTP/1.1 200 OK
Server: nginx/1.14.0
Date: Fri, 04 Jan 2019 16:18:35 GMT
Content-Type: text/xml;charset=ISO-8859-1
Content-Length: 297
Connection: keep-alive
Vary: Accept-Encoding
Set-Cookie: JSESSIONID=ufh-Uz476W9+t1PIoEmjv7Zu.undefined; Path=/Formulario-Interno
X-CdnHost: ns10.colfuturo.org

&lt;soap:Envelope xmlns:soap=&quot;http://schemas.xmlsoap.org/soap/envelope/&quot;&gt;&lt;soap:Body&gt;&lt;ns1:crearFormularioPotencialResponse xmlns:ns1=&quot;http://www.colfuturo.org/potencial/ws/ServicioIntegracionPotencial&quot;&gt;&lt;return&gt;Creo formulario&lt;/return&gt;&lt;/ns1:crearFormularioPotencialResponse&gt;&lt;/soap:Body&gt;&lt;/soap:Envelope&gt;

11:01:29 10.184.26.125 desde:user/246540 preparando para almacenar usuario : 1010182994

11:01:29 10.184.26.125  conectando a : https://jboss2.colfuturo.org/Formulario-Interno/ServicioIntegracionPotencial?wsdl

11:01:29 10.184.26.125  enviando datos : {"numeroDocumento":"1010182994",
            "nombre":"Laura Carolina",
            "apellido":"Zamora Pinzon",
            "email":"carolinazamora0205@gmail.com",
            "fechaNacimiento":"04-01-2019",
            "ciudadResidencia":"Bogotá, Colombia",
            "genero":"F",
            "celular":"",
            "listaInteresAreaEstudio":["Administración y Negocios","Artes","Ciencias Agropecuarias y del Medio Ambiente","Ciencias Básicas","Ciencias Sociales"],
            "listaInteresIdioma":[""]}

11:01:29 10.184.26.125  respuesta HTTP/1.1 100 Continue

HTTP/1.1 200 OK
Server: nginx/1.14.0
Date: Fri, 04 Jan 2019 16:18:44 GMT
Content-Type: text/xml;charset=ISO-8859-1
Content-Length: 301
Connection: keep-alive
Vary: Accept-Encoding
Set-Cookie: JSESSIONID=JB-Fe0ZXrVRZcjs96b+Mlpj9.undefined; Path=/Formulario-Interno
X-CdnHost: ns10.colfuturo.org

&lt;soap:Envelope xmlns:soap=&quot;http://schemas.xmlsoap.org/soap/envelope/&quot;&gt;&lt;soap:Body&gt;&lt;ns1:crearFormularioPotencialResponse xmlns:ns1=&quot;http://www.colfuturo.org/potencial/ws/ServicioIntegracionPotencial&quot;&gt;&lt;return&gt;Encontro formulario&lt;/return&gt;&lt;/ns1:crearFormularioPotencialResponse&gt;&lt;/soap:Body&gt;&lt;/soap:Envelope&gt;

11:01:03 10.184.26.125 desde:user/246540 preparando para almacenar usuario : 1010182994

11:01:03 10.184.26.125  conectando a : https://jboss2.colfuturo.org/Formulario-Interno/ServicioIntegracionPotencial?wsdl

11:01:03 10.184.26.125  enviando datos : {"numeroDocumento":"1010182994",
            "nombre":"Laura Carolina",
            "apellido":"Zamora Pinzon",
            "email":"carolinazamora0205@gmail.com",
            "fechaNacimiento":"04-01-2019",
            "ciudadResidencia":"Bogotá, Colombia",
            "genero":"F",
            "celular":"",
            "listaInteresAreaEstudio":["Administración y Negocios","Artes","Ciencias Agropecuarias y del Medio Ambiente","Ciencias Básicas","Ciencias Sociales"],
            "listaInteresIdioma":[""]}

11:01:03 10.184.26.125  respuesta HTTP/1.1 100 Continue

HTTP/1.1 200 OK
Server: nginx/1.14.0
Date: Fri, 04 Jan 2019 16:19:18 GMT
Content-Type: text/xml;charset=ISO-8859-1
Content-Length: 301
Connection: keep-alive
Vary: Accept-Encoding
Set-Cookie: JSESSIONID=a3-cu8+FoyLcDLKWbmpivDIH.undefined; Path=/Formulario-Interno
X-CdnHost: ns10.colfuturo.org

&lt;soap:Envelope xmlns:soap=&quot;http://schemas.xmlsoap.org/soap/envelope/&quot;&gt;&lt;soap:Body&gt;&lt;ns1:crearFormularioPotencialResponse xmlns:ns1=&quot;http://www.colfuturo.org/potencial/ws/ServicioIntegracionPotencial&quot;&gt;&lt;return&gt;Encontro formulario&lt;/return&gt;&lt;/ns1:crearFormularioPotencialResponse&gt;&lt;/soap:Body&gt;&lt;/soap:Envelope&gt;

11:01:20 10.184.26.125 desde:user/246540 preparando para almacenar usuario : 1010182994

11:01:20 10.184.26.125  conectando a : https://jboss2.colfuturo.org/Formulario-Interno/ServicioIntegracionPotencial?wsdl

11:01:20 10.184.26.125  enviando datos : {"numeroDocumento":"1010182994",
            "nombre":"Laura Carolina",
            "apellido":"Zamora Pinzon",
            "email":"carolinazamora0205@gmail.com",
            "fechaNacimiento":"04-01-2019",
            "ciudadResidencia":"Bogotá, Colombia",
            "genero":"F",
            "celular":"",
            "listaInteresAreaEstudio":["Administración y Negocios","Artes","Ciencias Agropecuarias y del Medio Ambiente","Ciencias Básicas","Ciencias Sociales"],
            "listaInteresIdioma":[""]}

11:01:21 10.184.26.125  respuesta HTTP/1.1 100 Continue

HTTP/1.1 200 OK
Server: nginx/1.14.0
Date: Fri, 04 Jan 2019 16:20:36 GMT
Content-Type: text/xml;charset=ISO-8859-1
Content-Length: 301
Connection: keep-alive
Vary: Accept-Encoding
Set-Cookie: JSESSIONID=0wbt1H7t0Xy+aJG-Iap1NdXO.undefined; Path=/Formulario-Interno
X-CdnHost: ns10.colfuturo.org

&lt;soap:Envelope xmlns:soap=&quot;http://schemas.xmlsoap.org/soap/envelope/&quot;&gt;&lt;soap:Body&gt;&lt;ns1:crearFormularioPotencialResponse xmlns:ns1=&quot;http://www.colfuturo.org/potencial/ws/ServicioIntegracionPotencial&quot;&gt;&lt;return&gt;Encontro formulario&lt;/return&gt;&lt;/ns1:crearFormularioPotencialResponse&gt;&lt;/soap:Body&gt;&lt;/soap:Envelope&gt;

11:01:18 10.184.26.125 desde:user/register preparando para almacenar usuario : 79541120

11:01:18 10.184.26.125  conectando a : https://jboss2.colfuturo.org/Formulario-Interno/ServicioIntegracionPotencial?wsdl

11:01:18 10.184.26.125  enviando datos : {"numeroDocumento":"79541120",
            "nombre":"JORGE ENRIQUE",
            "apellido":"NIETO BARON",
            "email":"jorgeenietob@hotmail.com",
            "fechaNacimiento":"04-01-2019",
            "ciudadResidencia":"Bogotá, Colombia",
            "genero":"M",
            "celular":"",
            "listaInteresAreaEstudio":[""],
            "listaInteresIdioma":["ingles"]}

11:01:19 10.184.26.125  respuesta HTTP/1.1 100 Continue

HTTP/1.1 200 OK
Server: nginx/1.14.0
Date: Fri, 04 Jan 2019 16:21:34 GMT
Content-Type: text/xml;charset=ISO-8859-1
Content-Length: 297
Connection: keep-alive
Vary: Accept-Encoding
Set-Cookie: JSESSIONID=u84zmMCm5qyED3krk669XmVO.undefined; Path=/Formulario-Interno
X-CdnHost: ns10.colfuturo.org

&lt;soap:Envelope xmlns:soap=&quot;http://schemas.xmlsoap.org/soap/envelope/&quot;&gt;&lt;soap:Body&gt;&lt;ns1:crearFormularioPotencialResponse xmlns:ns1=&quot;http://www.colfuturo.org/potencial/ws/ServicioIntegracionPotencial&quot;&gt;&lt;return&gt;Creo formulario&lt;/return&gt;&lt;/ns1:crearFormularioPotencialResponse&gt;&lt;/soap:Body&gt;&lt;/soap:Envelope&gt;

11:01:16 10.184.26.125 desde:user/register preparando para almacenar usuario : 1019072502

11:01:16 10.184.26.125  conectando a : https://jboss2.colfuturo.org/Formulario-Interno/ServicioIntegracionPotencial?wsdl

11:01:16 10.184.26.125  enviando datos : {"numeroDocumento":"1019072502",
            "nombre":"Claudia Marcela",
            "apellido":"Galvis Monroy",
            "email":"galvismonroy@gmail.com",
            "fechaNacimiento":"04-01-2019",
            "ciudadResidencia":"Ciudad de México, CDMX, México",
            "genero":"F",
            "celular":"",
            "listaInteresAreaEstudio":["Administración y Negocios"],
            "listaInteresIdioma":[""]}

11:01:17 10.184.26.125  respuesta HTTP/1.1 100 Continue

HTTP/1.1 200 OK
Server: nginx/1.14.0
Date: Fri, 04 Jan 2019 16:54:32 GMT
Content-Type: text/xml;charset=ISO-8859-1
Content-Length: 297
Connection: keep-alive
Vary: Accept-Encoding
Set-Cookie: JSESSIONID=dxu9F3PVFF24Yn1Ig+uLYDNQ.undefined; Path=/Formulario-Interno
X-CdnHost: ns10.colfuturo.org

&lt;soap:Envelope xmlns:soap=&quot;http://schemas.xmlsoap.org/soap/envelope/&quot;&gt;&lt;soap:Body&gt;&lt;ns1:crearFormularioPotencialResponse xmlns:ns1=&quot;http://www.colfuturo.org/potencial/ws/ServicioIntegracionPotencial&quot;&gt;&lt;return&gt;Creo formulario&lt;/return&gt;&lt;/ns1:crearFormularioPotencialResponse&gt;&lt;/soap:Body&gt;&lt;/soap:Envelope&gt;

11:01:55 10.184.26.125 desde:user/register preparando para almacenar usuario : 11110445528

11:01:55 10.184.26.125  conectando a : https://jboss2.colfuturo.org/Formulario-Interno/ServicioIntegracionPotencial?wsdl

11:01:55 10.184.26.125  enviando datos : {"numeroDocumento":"11110445528",
            "nombre":"Ingrid",
            "apellido":"Castillo",
            "email":"ingridcastillo.ing@gmail.com",
            "fechaNacimiento":"04-01-2019",
            "ciudadResidencia":"Ibagué, Tolima, Colombia",
            "genero":"F",
            "celular":"",
            "listaInteresAreaEstudio":["Arquitectura y Diseño","Ingeniería"],
            "listaInteresIdioma":[""]}

11:01:56 10.184.26.125  respuesta HTTP/1.1 100 Continue

HTTP/1.1 200 OK
Server: nginx/1.14.0
Date: Fri, 04 Jan 2019 16:59:11 GMT
Content-Type: text/xml;charset=ISO-8859-1
Content-Length: 297
Connection: keep-alive
Vary: Accept-Encoding
Set-Cookie: JSESSIONID=1gqxd9eZIv0CNMTfqbezpf4V.undefined; Path=/Formulario-Interno
X-CdnHost: ns10.colfuturo.org

&lt;soap:Envelope xmlns:soap=&quot;http://schemas.xmlsoap.org/soap/envelope/&quot;&gt;&lt;soap:Body&gt;&lt;ns1:crearFormularioPotencialResponse xmlns:ns1=&quot;http://www.colfuturo.org/potencial/ws/ServicioIntegracionPotencial&quot;&gt;&lt;return&gt;Creo formulario&lt;/return&gt;&lt;/ns1:crearFormularioPotencialResponse&gt;&lt;/soap:Body&gt;&lt;/soap:Envelope&gt;

12:01:55 10.184.26.125 desde:user/register preparando para almacenar usuario : 1013595346

12:01:55 10.184.26.125  conectando a : https://jboss2.colfuturo.org/Formulario-Interno/ServicioIntegracionPotencial?wsdl

12:01:55 10.184.26.125  enviando datos : {"numeroDocumento":"1013595346",
            "nombre":"Laura ",
            "apellido":"Manrique",
            "email":"la_roma5@hotmail.com",
            "fechaNacimiento":"04-01-2019",
            "ciudadResidencia":"Bogotá, Colombia",
            "genero":"F",
            "celular":"",
            "listaInteresAreaEstudio":["Ciencias Agropecuarias y del Medio Ambiente","Ciencias Básicas","Ingeniería"],
            "listaInteresIdioma":["ingles"]}

12:01:56 10.184.26.125  respuesta HTTP/1.1 100 Continue

HTTP/1.1 200 OK
Server: nginx/1.14.0
Date: Fri, 04 Jan 2019 17:08:11 GMT
Content-Type: text/xml;charset=ISO-8859-1
Content-Length: 297
Connection: keep-alive
Vary: Accept-Encoding
Set-Cookie: JSESSIONID=qCeYqEgPTbQKOt34rvVNrWLa.undefined; Path=/Formulario-Interno
X-CdnHost: ns10.colfuturo.org

&lt;soap:Envelope xmlns:soap=&quot;http://schemas.xmlsoap.org/soap/envelope/&quot;&gt;&lt;soap:Body&gt;&lt;ns1:crearFormularioPotencialResponse xmlns:ns1=&quot;http://www.colfuturo.org/potencial/ws/ServicioIntegracionPotencial&quot;&gt;&lt;return&gt;Creo formulario&lt;/return&gt;&lt;/ns1:crearFormularioPotencialResponse&gt;&lt;/soap:Body&gt;&lt;/soap:Envelope&gt;

12:01:54 10.184.26.125 desde:user/register preparando para almacenar usuario : 1032480851

12:01:54 10.184.26.125  conectando a : https://jboss2.colfuturo.org/Formulario-Interno/ServicioIntegracionPotencial?wsdl

12:01:54 10.184.26.125  enviando datos : {"numeroDocumento":"1032480851",
            "nombre":"Sebastian",
            "apellido":"Rodriguez Cruz",
            "email":"sebastianrodriguezcruz@hotmail.com",
            "fechaNacimiento":"04-01-2019",
            "ciudadResidencia":"Bogotá, Colombia",
            "genero":"M",
            "celular":"",
            "listaInteresAreaEstudio":["Educación"],
            "listaInteresIdioma":[""]}

12:01:55 10.184.26.125  respuesta HTTP/1.1 100 Continue

HTTP/1.1 200 OK
Server: nginx/1.14.0
Date: Fri, 04 Jan 2019 17:10:10 GMT
Content-Type: text/xml;charset=ISO-8859-1
Content-Length: 297
Connection: keep-alive
Vary: Accept-Encoding
Set-Cookie: JSESSIONID=nRYBuFhP73kiqhQlbkdnVjma.undefined; Path=/Formulario-Interno
X-CdnHost: ns10.colfuturo.org

&lt;soap:Envelope xmlns:soap=&quot;http://schemas.xmlsoap.org/soap/envelope/&quot;&gt;&lt;soap:Body&gt;&lt;ns1:crearFormularioPotencialResponse xmlns:ns1=&quot;http://www.colfuturo.org/potencial/ws/ServicioIntegracionPotencial&quot;&gt;&lt;return&gt;Creo formulario&lt;/return&gt;&lt;/ns1:crearFormularioPotencialResponse&gt;&lt;/soap:Body&gt;&lt;/soap:Envelope&gt;

12:01:34 10.184.26.125 desde:user/register preparando para almacenar usuario : 1136884088

12:01:34 10.184.26.125  conectando a : https://jboss2.colfuturo.org/Formulario-Interno/ServicioIntegracionPotencial?wsdl

12:01:34 10.184.26.125  enviando datos : {"numeroDocumento":"1136884088",
            "nombre":"Maria",
            "apellido":"Rocha",
            "email":"mrocha16@hotmail.com",
            "fechaNacimiento":"04-01-2019",
            "ciudadResidencia":"Bogotá, Colombia",
            "genero":"F",
            "celular":"",
            "listaInteresAreaEstudio":["Derecho"],
            "listaInteresIdioma":[""]}

12:01:35 10.184.26.125  respuesta HTTP/1.1 100 Continue

HTTP/1.1 200 OK
Server: nginx/1.14.0
Date: Fri, 04 Jan 2019 17:14:50 GMT
Content-Type: text/xml;charset=ISO-8859-1
Content-Length: 297
Connection: keep-alive
Vary: Accept-Encoding
Set-Cookie: JSESSIONID=18OW2AAf-2oudWmyb7IePUPs.undefined; Path=/Formulario-Interno
X-CdnHost: ns10.colfuturo.org

&lt;soap:Envelope xmlns:soap=&quot;http://schemas.xmlsoap.org/soap/envelope/&quot;&gt;&lt;soap:Body&gt;&lt;ns1:crearFormularioPotencialResponse xmlns:ns1=&quot;http://www.colfuturo.org/potencial/ws/ServicioIntegracionPotencial&quot;&gt;&lt;return&gt;Creo formulario&lt;/return&gt;&lt;/ns1:crearFormularioPotencialResponse&gt;&lt;/soap:Body&gt;&lt;/soap:Envelope&gt;

01:01:10 10.184.26.125 desde:user/register preparando para almacenar usuario : 1037577027

01:01:10 10.184.26.125  conectando a : https://jboss2.colfuturo.org/Formulario-Interno/ServicioIntegracionPotencial?wsdl

01:01:10 10.184.26.125  enviando datos : {"numeroDocumento":"1037577027",
            "nombre":"Alejandra Maria",
            "apellido":"Gomez Mejia",
            "email":"aleja488@yahoo.es",
            "fechaNacimiento":"04-01-2019",
            "ciudadResidencia":"Medellín, Antioquia, Colombia",
            "genero":"F",
            "celular":"",
            "listaInteresAreaEstudio":[""],
            "listaInteresIdioma":["ingles"]}

01:01:11 10.184.26.125  respuesta HTTP/1.1 100 Continue

HTTP/1.1 200 OK
Server: nginx/1.14.0
Date: Fri, 04 Jan 2019 18:12:26 GMT
Content-Type: text/xml;charset=ISO-8859-1
Content-Length: 297
Connection: keep-alive
Vary: Accept-Encoding
Set-Cookie: JSESSIONID=Vsmi8F6GPl4hG83ylSK-CAIr.undefined; Path=/Formulario-Interno
X-CdnHost: ns10.colfuturo.org

&lt;soap:Envelope xmlns:soap=&quot;http://schemas.xmlsoap.org/soap/envelope/&quot;&gt;&lt;soap:Body&gt;&lt;ns1:crearFormularioPotencialResponse xmlns:ns1=&quot;http://www.colfuturo.org/potencial/ws/ServicioIntegracionPotencial&quot;&gt;&lt;return&gt;Creo formulario&lt;/return&gt;&lt;/ns1:crearFormularioPotencialResponse&gt;&lt;/soap:Body&gt;&lt;/soap:Envelope&gt;

02:01:31 10.184.26.125 desde:user/register preparando para almacenar usuario : 22456648

02:01:31 10.184.26.125  conectando a : https://jboss2.colfuturo.org/Formulario-Interno/ServicioIntegracionPotencial?wsdl

02:01:31 10.184.26.125  enviando datos : {"numeroDocumento":"22456648",
            "nombre":"Marta Rebeca ",
            "apellido":"Martinez Melendez",
            "email":"rebeca358@hotmail.com",
            "fechaNacimiento":"04-01-2019",
            "ciudadResidencia":"Bogotá, Colombia",
            "genero":"F",
            "celular":"",
            "listaInteresAreaEstudio":["Ciencias de la Salud"],
            "listaInteresIdioma":["ingles"]}

02:01:32 10.184.26.125  respuesta HTTP/1.1 100 Continue

HTTP/1.1 200 OK
Server: nginx/1.14.0
Date: Fri, 04 Jan 2019 19:21:47 GMT
Content-Type: text/xml;charset=ISO-8859-1
Content-Length: 297
Connection: keep-alive
Vary: Accept-Encoding
Set-Cookie: JSESSIONID=EvsjC8KOJ4ann1wGrsXultfP.undefined; Path=/Formulario-Interno
X-CdnHost: ns10.colfuturo.org

&lt;soap:Envelope xmlns:soap=&quot;http://schemas.xmlsoap.org/soap/envelope/&quot;&gt;&lt;soap:Body&gt;&lt;ns1:crearFormularioPotencialResponse xmlns:ns1=&quot;http://www.colfuturo.org/potencial/ws/ServicioIntegracionPotencial&quot;&gt;&lt;return&gt;Creo formulario&lt;/return&gt;&lt;/ns1:crearFormularioPotencialResponse&gt;&lt;/soap:Body&gt;&lt;/soap:Envelope&gt;

02:01:46 10.184.26.125 desde:user/register preparando para almacenar usuario : 80059976

02:01:46 10.184.26.125  conectando a : https://jboss2.colfuturo.org/Formulario-Interno/ServicioIntegracionPotencial?wsdl

02:01:46 10.184.26.125  enviando datos : {"numeroDocumento":"80059976",
            "nombre":"Carlos",
            "apellido":"Lozano Acosta",
            "email":"carlos.lozano@mindandsystem.com",
            "fechaNacimiento":"04-01-2019",
            "ciudadResidencia":"Bogotá, Colombia",
            "genero":"M",
            "celular":"",
            "listaInteresAreaEstudio":["Ingeniería"],
            "listaInteresIdioma":[""]}

02:01:47 10.184.26.125  respuesta HTTP/1.1 100 Continue

HTTP/1.1 200 OK
Server: nginx/1.14.0
Date: Fri, 04 Jan 2019 19:33:02 GMT
Content-Type: text/xml;charset=ISO-8859-1
Content-Length: 297
Connection: keep-alive
Vary: Accept-Encoding
Set-Cookie: JSESSIONID=wALmie4057gMj8iax1XIHiF-.undefined; Path=/Formulario-Interno
X-CdnHost: ns10.colfuturo.org

&lt;soap:Envelope xmlns:soap=&quot;http://schemas.xmlsoap.org/soap/envelope/&quot;&gt;&lt;soap:Body&gt;&lt;ns1:crearFormularioPotencialResponse xmlns:ns1=&quot;http://www.colfuturo.org/potencial/ws/ServicioIntegracionPotencial&quot;&gt;&lt;return&gt;Creo formulario&lt;/return&gt;&lt;/ns1:crearFormularioPotencialResponse&gt;&lt;/soap:Body&gt;&lt;/soap:Envelope&gt;

03:01:36 10.184.26.125 desde:user/register preparando para almacenar usuario : 1020404494

03:01:36 10.184.26.125  conectando a : https://jboss2.colfuturo.org/Formulario-Interno/ServicioIntegracionPotencial?wsdl

03:01:36 10.184.26.125  enviando datos : {"numeroDocumento":"1020404494",
            "nombre":"Carlos Andres ",
            "apellido":"Diaz Rodriguez",
            "email":"caradiazrod@unal.edu.co",
            "fechaNacimiento":"04-01-2019",
            "ciudadResidencia":"Medellín, Antioquia, Colombia",
            "genero":"M",
            "celular":"",
            "listaInteresAreaEstudio":["Ciencias Básicas","Educación","Ingeniería"],
            "listaInteresIdioma":[""]}

03:01:37 10.184.26.125  respuesta HTTP/1.1 100 Continue

HTTP/1.1 200 OK
Server: nginx/1.14.0
Date: Fri, 04 Jan 2019 20:18:52 GMT
Content-Type: text/xml;charset=ISO-8859-1
Content-Length: 297
Connection: keep-alive
Vary: Accept-Encoding
Set-Cookie: JSESSIONID=x-jvfAAp7D8sGXe69DQVjLaV.undefined; Path=/Formulario-Interno
X-CdnHost: ns10.colfuturo.org

&lt;soap:Envelope xmlns:soap=&quot;http://schemas.xmlsoap.org/soap/envelope/&quot;&gt;&lt;soap:Body&gt;&lt;ns1:crearFormularioPotencialResponse xmlns:ns1=&quot;http://www.colfuturo.org/potencial/ws/ServicioIntegracionPotencial&quot;&gt;&lt;return&gt;Creo formulario&lt;/return&gt;&lt;/ns1:crearFormularioPotencialResponse&gt;&lt;/soap:Body&gt;&lt;/soap:Envelope&gt;

03:01:17 10.184.26.125 desde:user/register preparando para almacenar usuario : 1015436773

03:01:17 10.184.26.125  conectando a : https://jboss2.colfuturo.org/Formulario-Interno/ServicioIntegracionPotencial?wsdl

03:01:17 10.184.26.125  enviando datos : {"numeroDocumento":"1015436773",
            "nombre":"María Alejandra",
            "apellido":"Segura Vargas",
            "email":"Malejasegv@gmail.com",
            "fechaNacimiento":"04-01-2019",
            "ciudadResidencia":"Bogotá, Colombia",
            "genero":"F",
            "celular":"",
            "listaInteresAreaEstudio":[""],
            "listaInteresIdioma":["ingles","frances"]}

03:01:18 10.184.26.125  respuesta HTTP/1.1 100 Continue

HTTP/1.1 200 OK
Server: nginx/1.14.0
Date: Fri, 04 Jan 2019 20:21:33 GMT
Content-Type: text/xml;charset=ISO-8859-1
Content-Length: 297
Connection: keep-alive
Vary: Accept-Encoding
Set-Cookie: JSESSIONID=oV9rCladB-gLkZe-zLN2psyc.undefined; Path=/Formulario-Interno
X-CdnHost: ns10.colfuturo.org

&lt;soap:Envelope xmlns:soap=&quot;http://schemas.xmlsoap.org/soap/envelope/&quot;&gt;&lt;soap:Body&gt;&lt;ns1:crearFormularioPotencialResponse xmlns:ns1=&quot;http://www.colfuturo.org/potencial/ws/ServicioIntegracionPotencial&quot;&gt;&lt;return&gt;Creo formulario&lt;/return&gt;&lt;/ns1:crearFormularioPotencialResponse&gt;&lt;/soap:Body&gt;&lt;/soap:Envelope&gt;

03:01:17 10.184.26.125 desde:user/247594 preparando para almacenar usuario : 1015436773

03:01:17 10.184.26.125  conectando a : https://jboss2.colfuturo.org/Formulario-Interno/ServicioIntegracionPotencial?wsdl

03:01:17 10.184.26.125  enviando datos : {"numeroDocumento":"1015436773",
            "nombre":"María Alejandra",
            "apellido":"Segura Vargas",
            "email":"Malejasegv@gmail.com",
            "fechaNacimiento":"04-01-2019",
            "ciudadResidencia":"Bogotá, Colombia",
            "genero":"F",
            "celular":"",
            "listaInteresAreaEstudio":[""],
            "listaInteresIdioma":["ingles","frances"]}

03:01:17 10.184.26.125  respuesta HTTP/1.1 100 Continue

HTTP/1.1 200 OK
Server: nginx/1.14.0
Date: Fri, 04 Jan 2019 20:23:32 GMT
Content-Type: text/xml;charset=ISO-8859-1
Content-Length: 301
Connection: keep-alive
Vary: Accept-Encoding
Set-Cookie: JSESSIONID=ikyk48MUJpIY-AC1371PbCXO.undefined; Path=/Formulario-Interno
X-CdnHost: ns10.colfuturo.org

&lt;soap:Envelope xmlns:soap=&quot;http://schemas.xmlsoap.org/soap/envelope/&quot;&gt;&lt;soap:Body&gt;&lt;ns1:crearFormularioPotencialResponse xmlns:ns1=&quot;http://www.colfuturo.org/potencial/ws/ServicioIntegracionPotencial&quot;&gt;&lt;return&gt;Encontro formulario&lt;/return&gt;&lt;/ns1:crearFormularioPotencialResponse&gt;&lt;/soap:Body&gt;&lt;/soap:Envelope&gt;

03:01:00 10.184.26.125 desde:user/register preparando para almacenar usuario : 53161183

03:01:00 10.184.26.125  conectando a : https://jboss2.colfuturo.org/Formulario-Interno/ServicioIntegracionPotencial?wsdl

03:01:00 10.184.26.125  enviando datos : {"numeroDocumento":"53161183",
            "nombre":"Sonia Judith",
            "apellido":"Hernández Ovalle",
            "email":"juditasslapy@hotmail.com",
            "fechaNacimiento":"04-01-2019",
            "ciudadResidencia":"La Calera, Cundinamarca, Colombia",
            "genero":"F",
            "celular":"",
            "listaInteresAreaEstudio":["Administración y Negocios"],
            "listaInteresIdioma":[""]}

03:01:01 10.184.26.125  respuesta HTTP/1.1 100 Continue

HTTP/1.1 200 OK
Server: nginx/1.14.0
Date: Fri, 04 Jan 2019 20:36:16 GMT
Content-Type: text/xml;charset=ISO-8859-1
Content-Length: 297
Connection: keep-alive
Vary: Accept-Encoding
Set-Cookie: JSESSIONID=ZQ8u6S-wF82cmEURpC06xCux.undefined; Path=/Formulario-Interno
X-CdnHost: ns10.colfuturo.org

&lt;soap:Envelope xmlns:soap=&quot;http://schemas.xmlsoap.org/soap/envelope/&quot;&gt;&lt;soap:Body&gt;&lt;ns1:crearFormularioPotencialResponse xmlns:ns1=&quot;http://www.colfuturo.org/potencial/ws/ServicioIntegracionPotencial&quot;&gt;&lt;return&gt;Creo formulario&lt;/return&gt;&lt;/ns1:crearFormularioPotencialResponse&gt;&lt;/soap:Body&gt;&lt;/soap:Envelope&gt;

04:01:15 10.184.26.125 desde:user/register preparando para almacenar usuario : 1036933804

04:01:15 10.184.26.125  conectando a : https://jboss2.colfuturo.org/Formulario-Interno/ServicioIntegracionPotencial?wsdl

04:01:15 10.184.26.125  enviando datos : {"numeroDocumento":"1036933804",
            "nombre":"Alejandra",
            "apellido":"Arbeláez Peláez",
            "email":"alejandra.arbelaez8812@gmail.com",
            "fechaNacimiento":"04-01-2019",
            "ciudadResidencia":"Rionegro, Antioquia, Colombia",
            "genero":"F",
            "celular":"",
            "listaInteresAreaEstudio":["Ciencias Sociales"],
            "listaInteresIdioma":[""]}

04:01:15 10.184.26.125  respuesta HTTP/1.1 100 Continue

HTTP/1.1 200 OK
Server: nginx/1.14.0
Date: Fri, 04 Jan 2019 21:06:30 GMT
Content-Type: text/xml;charset=ISO-8859-1
Content-Length: 297
Connection: keep-alive
Vary: Accept-Encoding
Set-Cookie: JSESSIONID=uiFW4VlZScGaWwGPbja16wBM.undefined; Path=/Formulario-Interno
X-CdnHost: ns10.colfuturo.org

&lt;soap:Envelope xmlns:soap=&quot;http://schemas.xmlsoap.org/soap/envelope/&quot;&gt;&lt;soap:Body&gt;&lt;ns1:crearFormularioPotencialResponse xmlns:ns1=&quot;http://www.colfuturo.org/potencial/ws/ServicioIntegracionPotencial&quot;&gt;&lt;return&gt;Creo formulario&lt;/return&gt;&lt;/ns1:crearFormularioPotencialResponse&gt;&lt;/soap:Body&gt;&lt;/soap:Envelope&gt;

04:01:25 10.184.26.125 desde:user/register preparando para almacenar usuario : 1020763506

04:01:25 10.184.26.125  conectando a : https://jboss2.colfuturo.org/Formulario-Interno/ServicioIntegracionPotencial?wsdl

04:01:25 10.184.26.125  enviando datos : {"numeroDocumento":"1020763506",
            "nombre":"JUAN PABLO",
            "apellido":"CAICEDO TORRES",
            "email":"jpkycto@gmail.com",
            "fechaNacimiento":"04-01-2019",
            "ciudadResidencia":"Bogotá, Colombia",
            "genero":"M",
            "celular":"",
            "listaInteresAreaEstudio":["Arquitectura y Diseño","Artes","Ciencias Sociales"],
            "listaInteresIdioma":[""]}

04:01:25 10.184.26.125  respuesta HTTP/1.1 100 Continue

HTTP/1.1 200 OK
Server: nginx/1.14.0
Date: Fri, 04 Jan 2019 21:19:40 GMT
Content-Type: text/xml;charset=ISO-8859-1
Content-Length: 297
Connection: keep-alive
Vary: Accept-Encoding
Set-Cookie: JSESSIONID=1iDGcDvVRQWDgabVjTEtB4sO.undefined; Path=/Formulario-Interno
X-CdnHost: ns10.colfuturo.org

&lt;soap:Envelope xmlns:soap=&quot;http://schemas.xmlsoap.org/soap/envelope/&quot;&gt;&lt;soap:Body&gt;&lt;ns1:crearFormularioPotencialResponse xmlns:ns1=&quot;http://www.colfuturo.org/potencial/ws/ServicioIntegracionPotencial&quot;&gt;&lt;return&gt;Creo formulario&lt;/return&gt;&lt;/ns1:crearFormularioPotencialResponse&gt;&lt;/soap:Body&gt;&lt;/soap:Envelope&gt;

04:01:17 10.184.26.125 desde:user/register preparando para almacenar usuario : 1143326663

04:01:17 10.184.26.125  conectando a : https://jboss2.colfuturo.org/Formulario-Interno/ServicioIntegracionPotencial?wsdl

04:01:17 10.184.26.125  enviando datos : {"numeroDocumento":"1143326663",
            "nombre":"Nestor Rafael",
            "apellido":"Baleta Iriarte",
            "email":"nestorbaleta@hotmail.com",
            "fechaNacimiento":"04-01-2019",
            "ciudadResidencia":"Cartagena, Bolívar, Colombia",
            "genero":"M",
            "celular":"",
            "listaInteresAreaEstudio":["Ingeniería"],
            "listaInteresIdioma":["ingles","frances"]}

04:01:18 10.184.26.125  respuesta HTTP/1.1 100 Continue

HTTP/1.1 200 OK
Server: nginx/1.14.0
Date: Fri, 04 Jan 2019 21:25:33 GMT
Content-Type: text/xml;charset=ISO-8859-1
Content-Length: 297
Connection: keep-alive
Vary: Accept-Encoding
Set-Cookie: JSESSIONID=nIu79KxWgFs6boBrZnswzsNP.undefined; Path=/Formulario-Interno
X-CdnHost: ns10.colfuturo.org

&lt;soap:Envelope xmlns:soap=&quot;http://schemas.xmlsoap.org/soap/envelope/&quot;&gt;&lt;soap:Body&gt;&lt;ns1:crearFormularioPotencialResponse xmlns:ns1=&quot;http://www.colfuturo.org/potencial/ws/ServicioIntegracionPotencial&quot;&gt;&lt;return&gt;Creo formulario&lt;/return&gt;&lt;/ns1:crearFormularioPotencialResponse&gt;&lt;/soap:Body&gt;&lt;/soap:Envelope&gt;

04:01:59 10.184.26.125 desde:user/register preparando para almacenar usuario : 1073509737

04:01:59 10.184.26.125  conectando a : https://jboss2.colfuturo.org/Formulario-Interno/ServicioIntegracionPotencial?wsdl

04:01:59 10.184.26.125  enviando datos : {"numeroDocumento":"1073509737",
            "nombre":"Yecid",
            "apellido":"Castro Mora",
            "email":"yecidcastromora@gmail.com",
            "fechaNacimiento":"04-01-2019",
            "ciudadResidencia":"Funza, Cundinamarca, Colombia",
            "genero":"M",
            "celular":"",
            "listaInteresAreaEstudio":["Ingeniería"],
            "listaInteresIdioma":[""]}

04:01:00 10.184.26.125  respuesta HTTP/1.1 100 Continue

HTTP/1.1 200 OK
Server: nginx/1.14.0
Date: Fri, 04 Jan 2019 21:31:15 GMT
Content-Type: text/xml;charset=ISO-8859-1
Content-Length: 297
Connection: keep-alive
Vary: Accept-Encoding
Set-Cookie: JSESSIONID=vqr+F5XjSmBzzpj+AjLrrGlk.undefined; Path=/Formulario-Interno
X-CdnHost: ns10.colfuturo.org

&lt;soap:Envelope xmlns:soap=&quot;http://schemas.xmlsoap.org/soap/envelope/&quot;&gt;&lt;soap:Body&gt;&lt;ns1:crearFormularioPotencialResponse xmlns:ns1=&quot;http://www.colfuturo.org/potencial/ws/ServicioIntegracionPotencial&quot;&gt;&lt;return&gt;Creo formulario&lt;/return&gt;&lt;/ns1:crearFormularioPotencialResponse&gt;&lt;/soap:Body&gt;&lt;/soap:Envelope&gt;

05:01:23 10.184.26.125 desde:user/register preparando para almacenar usuario : 1013684083

05:01:23 10.184.26.125  conectando a : https://jboss2.colfuturo.org/Formulario-Interno/ServicioIntegracionPotencial?wsdl

05:01:23 10.184.26.125  enviando datos : {"numeroDocumento":"1013684083",
            "nombre":"Emmanuel",
            "apellido":"Rodriguez",
            "email":"emmandriguezv456@gmail.com",
            "fechaNacimiento":"04-01-2019",
            "ciudadResidencia":"Bogotá, Colombia",
            "genero":"M",
            "celular":"",
            "listaInteresAreaEstudio":[""],
            "listaInteresIdioma":["ingles"]}

05:01:24 10.184.26.125  respuesta HTTP/1.1 100 Continue

HTTP/1.1 200 OK
Server: nginx/1.14.0
Date: Fri, 04 Jan 2019 22:05:39 GMT
Content-Type: text/xml;charset=ISO-8859-1
Content-Length: 297
Connection: keep-alive
Vary: Accept-Encoding
Set-Cookie: JSESSIONID=F3sSAu0-Z8fYkSxxWZD3juxR.undefined; Path=/Formulario-Interno
X-CdnHost: ns10.colfuturo.org

&lt;soap:Envelope xmlns:soap=&quot;http://schemas.xmlsoap.org/soap/envelope/&quot;&gt;&lt;soap:Body&gt;&lt;ns1:crearFormularioPotencialResponse xmlns:ns1=&quot;http://www.colfuturo.org/potencial/ws/ServicioIntegracionPotencial&quot;&gt;&lt;return&gt;Creo formulario&lt;/return&gt;&lt;/ns1:crearFormularioPotencialResponse&gt;&lt;/soap:Body&gt;&lt;/soap:Envelope&gt;

05:01:57 10.184.26.125 desde:user/247607 preparando para almacenar usuario : 1013684083

05:01:57 10.184.26.125  conectando a : https://jboss2.colfuturo.org/Formulario-Interno/ServicioIntegracionPotencial?wsdl

05:01:57 10.184.26.125  enviando datos : {"numeroDocumento":"1013684083",
            "nombre":"Emmanuel",
            "apellido":"Rodriguez",
            "email":"emmandriguezv456@gmail.com",
            "fechaNacimiento":"04-01-2019",
            "ciudadResidencia":"Bogotá, Colombia",
            "genero":"M",
            "celular":"",
            "listaInteresAreaEstudio":[""],
            "listaInteresIdioma":["ingles"]}

05:01:57 10.184.26.125  respuesta HTTP/1.1 100 Continue

HTTP/1.1 200 OK
Server: nginx/1.14.0
Date: Fri, 04 Jan 2019 22:07:12 GMT
Content-Type: text/xml;charset=ISO-8859-1
Content-Length: 301
Connection: keep-alive
Vary: Accept-Encoding
Set-Cookie: JSESSIONID=rAAG5yokL4crQ22O9VfRsSGZ.undefined; Path=/Formulario-Interno
X-CdnHost: ns10.colfuturo.org

&lt;soap:Envelope xmlns:soap=&quot;http://schemas.xmlsoap.org/soap/envelope/&quot;&gt;&lt;soap:Body&gt;&lt;ns1:crearFormularioPotencialResponse xmlns:ns1=&quot;http://www.colfuturo.org/potencial/ws/ServicioIntegracionPotencial&quot;&gt;&lt;return&gt;Encontro formulario&lt;/return&gt;&lt;/ns1:crearFormularioPotencialResponse&gt;&lt;/soap:Body&gt;&lt;/soap:Envelope&gt;

05:01:51 10.184.26.125 desde:user/register preparando para almacenar usuario : 1098701926

05:01:51 10.184.26.125  conectando a : https://jboss2.colfuturo.org/Formulario-Interno/ServicioIntegracionPotencial?wsdl

05:01:51 10.184.26.125  enviando datos : {"numeroDocumento":"1098701926",
            "nombre":"SARA LUCIA",
            "apellido":"MORENO ARCINIEGAS",
            "email":"SARA.M.ARCINIEGAS@GMAIL.COM",
            "fechaNacimiento":"04-01-2019",
            "ciudadResidencia":"Bucaramanga, Santander, Colombia",
            "genero":"F",
            "celular":"",
            "listaInteresAreaEstudio":["Arquitectura y Diseño","Ingeniería"],
            "listaInteresIdioma":[""]}

05:01:52 10.184.26.125  respuesta HTTP/1.1 100 Continue

HTTP/1.1 200 OK
Server: nginx/1.14.0
Date: Fri, 04 Jan 2019 22:08:07 GMT
Content-Type: text/xml;charset=ISO-8859-1
Content-Length: 297
Connection: keep-alive
Vary: Accept-Encoding
Set-Cookie: JSESSIONID=ZzPIfdQulIpRpszvZpLbCPjl.undefined; Path=/Formulario-Interno
X-CdnHost: ns10.colfuturo.org

&lt;soap:Envelope xmlns:soap=&quot;http://schemas.xmlsoap.org/soap/envelope/&quot;&gt;&lt;soap:Body&gt;&lt;ns1:crearFormularioPotencialResponse xmlns:ns1=&quot;http://www.colfuturo.org/potencial/ws/ServicioIntegracionPotencial&quot;&gt;&lt;return&gt;Creo formulario&lt;/return&gt;&lt;/ns1:crearFormularioPotencialResponse&gt;&lt;/soap:Body&gt;&lt;/soap:Envelope&gt;

05:01:59 10.184.26.125 desde:user/register preparando para almacenar usuario : 1032453306

05:01:59 10.184.26.125  conectando a : https://jboss2.colfuturo.org/Formulario-Interno/ServicioIntegracionPotencial?wsdl

05:01:59 10.184.26.125  enviando datos : {"numeroDocumento":"1032453306",
            "nombre":"SERGIO DAVID",
            "apellido":"VANEGAS GARZÓN",
            "email":"sergiod.vanegasg@gmail.com",
            "fechaNacimiento":"04-01-2019",
            "ciudadResidencia":"Bogotá, Colombia",
            "genero":"M",
            "celular":"",
            "listaInteresAreaEstudio":["Administración y Negocios","Ciencias Básicas","Ciencias Políticas y Relaciones Internacionales","Economía"],
            "listaInteresIdioma":["ingles","frances"]}

05:01:00 10.184.26.125  respuesta HTTP/1.1 100 Continue

HTTP/1.1 200 OK
Server: nginx/1.14.0
Date: Fri, 04 Jan 2019 22:10:15 GMT
Content-Type: text/xml;charset=ISO-8859-1
Content-Length: 297
Connection: keep-alive
Vary: Accept-Encoding
Set-Cookie: JSESSIONID=AZ74dMjbhXizOp3hgHQJS7ln.undefined; Path=/Formulario-Interno
X-CdnHost: ns10.colfuturo.org

&lt;soap:Envelope xmlns:soap=&quot;http://schemas.xmlsoap.org/soap/envelope/&quot;&gt;&lt;soap:Body&gt;&lt;ns1:crearFormularioPotencialResponse xmlns:ns1=&quot;http://www.colfuturo.org/potencial/ws/ServicioIntegracionPotencial&quot;&gt;&lt;return&gt;Creo formulario&lt;/return&gt;&lt;/ns1:crearFormularioPotencialResponse&gt;&lt;/soap:Body&gt;&lt;/soap:Envelope&gt;

05:01:09 10.184.26.125 desde:user/register preparando para almacenar usuario : 1020779340

05:01:09 10.184.26.125  conectando a : https://jboss2.colfuturo.org/Formulario-Interno/ServicioIntegracionPotencial?wsdl

05:01:09 10.184.26.125  enviando datos : {"numeroDocumento":"1020779340",
            "nombre":"Laura",
            "apellido":"Mantilla Díaz",
            "email":"lauramantilladiaz@gmail.com",
            "fechaNacimiento":"04-01-2019",
            "ciudadResidencia":"Bogotá, Colombia",
            "genero":"F",
            "celular":"",
            "listaInteresAreaEstudio":["Ciencias Sociales"],
            "listaInteresIdioma":[""]}

05:01:09 10.184.26.125  respuesta HTTP/1.1 100 Continue

HTTP/1.1 200 OK
Server: nginx/1.14.0
Date: Fri, 04 Jan 2019 22:34:24 GMT
Content-Type: text/xml;charset=ISO-8859-1
Content-Length: 297
Connection: keep-alive
Vary: Accept-Encoding
Set-Cookie: JSESSIONID=Q+iaD7A0ZV2+W5gkHaMNhxYm.undefined; Path=/Formulario-Interno
X-CdnHost: ns10.colfuturo.org

&lt;soap:Envelope xmlns:soap=&quot;http://schemas.xmlsoap.org/soap/envelope/&quot;&gt;&lt;soap:Body&gt;&lt;ns1:crearFormularioPotencialResponse xmlns:ns1=&quot;http://www.colfuturo.org/potencial/ws/ServicioIntegracionPotencial&quot;&gt;&lt;return&gt;Creo formulario&lt;/return&gt;&lt;/ns1:crearFormularioPotencialResponse&gt;&lt;/soap:Body&gt;&lt;/soap:Envelope&gt;

05:01:28 10.184.26.125 desde:user/register preparando para almacenar usuario : 1015467987

05:01:28 10.184.26.125  conectando a : https://jboss2.colfuturo.org/Formulario-Interno/ServicioIntegracionPotencial?wsdl

05:01:28 10.184.26.125  enviando datos : {"numeroDocumento":"1015467987",
            "nombre":"Maria Paula",
            "apellido":"Novoa Ramírez ",
            "email":"paula.novoa.97@gmail.com",
            "fechaNacimiento":"04-01-2019",
            "ciudadResidencia":"Bogotá, Colombia",
            "genero":"F",
            "celular":"",
            "listaInteresAreaEstudio":["Ingeniería"],
            "listaInteresIdioma":[""]}

05:01:28 10.184.26.125  respuesta HTTP/1.1 100 Continue

HTTP/1.1 200 OK
Server: nginx/1.14.0
Date: Fri, 04 Jan 2019 22:51:43 GMT
Content-Type: text/xml;charset=ISO-8859-1
Content-Length: 297
Connection: keep-alive
Vary: Accept-Encoding
Set-Cookie: JSESSIONID=LLEMng2dYFzfiDkisHyz5QYF.undefined; Path=/Formulario-Interno
X-CdnHost: ns10.colfuturo.org

&lt;soap:Envelope xmlns:soap=&quot;http://schemas.xmlsoap.org/soap/envelope/&quot;&gt;&lt;soap:Body&gt;&lt;ns1:crearFormularioPotencialResponse xmlns:ns1=&quot;http://www.colfuturo.org/potencial/ws/ServicioIntegracionPotencial&quot;&gt;&lt;return&gt;Creo formulario&lt;/return&gt;&lt;/ns1:crearFormularioPotencialResponse&gt;&lt;/soap:Body&gt;&lt;/soap:Envelope&gt;

05:01:02 10.184.26.125 desde:user/247614 preparando para almacenar usuario : 1015467987

05:01:02 10.184.26.125  conectando a : https://jboss2.colfuturo.org/Formulario-Interno/ServicioIntegracionPotencial?wsdl

05:01:02 10.184.26.125  enviando datos : {"numeroDocumento":"1015467987",
            "nombre":"Maria Paula",
            "apellido":"Novoa Ramírez ",
            "email":"paula.novoa.97@gmail.com",
            "fechaNacimiento":"04-01-2019",
            "ciudadResidencia":"Bogotá, Colombia",
            "genero":"F",
            "celular":"",
            "listaInteresAreaEstudio":["Ingeniería"],
            "listaInteresIdioma":[""]}

05:01:03 10.184.26.125  respuesta HTTP/1.1 100 Continue

HTTP/1.1 200 OK
Server: nginx/1.14.0
Date: Fri, 04 Jan 2019 22:53:18 GMT
Content-Type: text/xml;charset=ISO-8859-1
Content-Length: 301
Connection: keep-alive
Vary: Accept-Encoding
Set-Cookie: JSESSIONID=NhM5ZhgqllVw7Cii-a+cQm1p.undefined; Path=/Formulario-Interno
X-CdnHost: ns10.colfuturo.org

&lt;soap:Envelope xmlns:soap=&quot;http://schemas.xmlsoap.org/soap/envelope/&quot;&gt;&lt;soap:Body&gt;&lt;ns1:crearFormularioPotencialResponse xmlns:ns1=&quot;http://www.colfuturo.org/potencial/ws/ServicioIntegracionPotencial&quot;&gt;&lt;return&gt;Encontro formulario&lt;/return&gt;&lt;/ns1:crearFormularioPotencialResponse&gt;&lt;/soap:Body&gt;&lt;/soap:Envelope&gt;

06:01:17 10.184.26.125 desde:user/register preparando para almacenar usuario : 1036687694

06:01:17 10.184.26.125  conectando a : https://jboss2.colfuturo.org/Formulario-Interno/ServicioIntegracionPotencial?wsdl

06:01:17 10.184.26.125  enviando datos : {"numeroDocumento":"1036687694",
            "nombre":"angie",
            "apellido":"barragan",
            "email":"angiepaola2528@gmail.com",
            "fechaNacimiento":"04-01-2019",
            "ciudadResidencia":"Bello, Antioquia, Colombia",
            "genero":"M",
            "celular":"",
            "listaInteresAreaEstudio":["Derecho"],
            "listaInteresIdioma":["ingles"]}

06:01:18 10.184.26.125  respuesta HTTP/1.1 100 Continue

HTTP/1.1 200 OK
Server: nginx/1.14.0
Date: Fri, 04 Jan 2019 23:14:33 GMT
Content-Type: text/xml;charset=ISO-8859-1
Content-Length: 297
Connection: keep-alive
Vary: Accept-Encoding
Set-Cookie: JSESSIONID=uLEipy2fZ5-HXZSWZExxgQqJ.undefined; Path=/Formulario-Interno
X-CdnHost: ns10.colfuturo.org

&lt;soap:Envelope xmlns:soap=&quot;http://schemas.xmlsoap.org/soap/envelope/&quot;&gt;&lt;soap:Body&gt;&lt;ns1:crearFormularioPotencialResponse xmlns:ns1=&quot;http://www.colfuturo.org/potencial/ws/ServicioIntegracionPotencial&quot;&gt;&lt;return&gt;Creo formulario&lt;/return&gt;&lt;/ns1:crearFormularioPotencialResponse&gt;&lt;/soap:Body&gt;&lt;/soap:Envelope&gt;

06:01:08 10.184.26.125 desde:user/register preparando para almacenar usuario : 1037596136

06:01:08 10.184.26.125  conectando a : https://jboss2.colfuturo.org/Formulario-Interno/ServicioIntegracionPotencial?wsdl

06:01:08 10.184.26.125  enviando datos : {"numeroDocumento":"1037596136",
            "nombre":"Jeronimo",
            "apellido":"Trujillo Vásquez",
            "email":"jeronimotrujillov@gmail.com",
            "fechaNacimiento":"04-01-2019",
            "ciudadResidencia":"Medellín, Antioquia, Colombia",
            "genero":"M",
            "celular":"",
            "listaInteresAreaEstudio":["Administración y Negocios","Ingeniería"],
            "listaInteresIdioma":[""]}

06:01:08 10.184.26.125  respuesta HTTP/1.1 100 Continue

HTTP/1.1 200 OK
Server: nginx/1.14.0
Date: Fri, 04 Jan 2019 23:16:23 GMT
Content-Type: text/xml;charset=ISO-8859-1
Content-Length: 297
Connection: keep-alive
Vary: Accept-Encoding
Set-Cookie: JSESSIONID=VT-LrV2c+tl+gDirpqtgaMfb.undefined; Path=/Formulario-Interno
X-CdnHost: ns10.colfuturo.org

&lt;soap:Envelope xmlns:soap=&quot;http://schemas.xmlsoap.org/soap/envelope/&quot;&gt;&lt;soap:Body&gt;&lt;ns1:crearFormularioPotencialResponse xmlns:ns1=&quot;http://www.colfuturo.org/potencial/ws/ServicioIntegracionPotencial&quot;&gt;&lt;return&gt;Creo formulario&lt;/return&gt;&lt;/ns1:crearFormularioPotencialResponse&gt;&lt;/soap:Body&gt;&lt;/soap:Envelope&gt;

06:01:13 10.184.26.125 desde:user/register preparando para almacenar usuario : 1019028200

06:01:13 10.184.26.125  conectando a : https://jboss2.colfuturo.org/Formulario-Interno/ServicioIntegracionPotencial?wsdl

06:01:13 10.184.26.125  enviando datos : {"numeroDocumento":"1019028200",
            "nombre":"Alejandro",
            "apellido":"Nieto Ramos",
            "email":"anietor8811@gmail.com",
            "fechaNacimiento":"04-01-2019",
            "ciudadResidencia":"Bogotá, Colombia",
            "genero":"M",
            "celular":"",
            "listaInteresAreaEstudio":["Economía"],
            "listaInteresIdioma":[""]}

06:01:13 10.184.26.125  respuesta HTTP/1.1 100 Continue

HTTP/1.1 200 OK
Server: nginx/1.14.0
Date: Fri, 04 Jan 2019 23:56:28 GMT
Content-Type: text/xml;charset=ISO-8859-1
Content-Length: 297
Connection: keep-alive
Vary: Accept-Encoding
Set-Cookie: JSESSIONID=40rpOLojRK-vCbbiMicTjnud.undefined; Path=/Formulario-Interno
X-CdnHost: ns10.colfuturo.org

&lt;soap:Envelope xmlns:soap=&quot;http://schemas.xmlsoap.org/soap/envelope/&quot;&gt;&lt;soap:Body&gt;&lt;ns1:crearFormularioPotencialResponse xmlns:ns1=&quot;http://www.colfuturo.org/potencial/ws/ServicioIntegracionPotencial&quot;&gt;&lt;return&gt;Creo formulario&lt;/return&gt;&lt;/ns1:crearFormularioPotencialResponse&gt;&lt;/soap:Body&gt;&lt;/soap:Envelope&gt;

08:01:12 10.184.26.125 desde:user/register preparando para almacenar usuario : 1036944967

08:01:12 10.184.26.125  conectando a : https://jboss2.colfuturo.org/Formulario-Interno/ServicioIntegracionPotencial?wsdl

08:01:12 10.184.26.125  enviando datos : {"numeroDocumento":"1036944967",
            "nombre":"Carla ",
            "apellido":"Sierra ",
            "email":"motux@hotmail.com",
            "fechaNacimiento":"04-01-2019",
            "ciudadResidencia":"Bogotá, Colombia",
            "genero":"F",
            "celular":"",
            "listaInteresAreaEstudio":["Artes","Ciencias Políticas y Relaciones Internacionales","Ciencias Sociales"],
            "listaInteresIdioma":[""]}

08:01:13 10.184.26.125  respuesta HTTP/1.1 100 Continue

HTTP/1.1 200 OK
Server: nginx/1.14.0
Date: Sat, 05 Jan 2019 01:07:28 GMT
Content-Type: text/xml;charset=ISO-8859-1
Content-Length: 297
Connection: keep-alive
Vary: Accept-Encoding
Set-Cookie: JSESSIONID=G428R20HetiwURitqVX3gZA-.undefined; Path=/Formulario-Interno
X-CdnHost: ns10.colfuturo.org

&lt;soap:Envelope xmlns:soap=&quot;http://schemas.xmlsoap.org/soap/envelope/&quot;&gt;&lt;soap:Body&gt;&lt;ns1:crearFormularioPotencialResponse xmlns:ns1=&quot;http://www.colfuturo.org/potencial/ws/ServicioIntegracionPotencial&quot;&gt;&lt;return&gt;Creo formulario&lt;/return&gt;&lt;/ns1:crearFormularioPotencialResponse&gt;&lt;/soap:Body&gt;&lt;/soap:Envelope&gt;

08:01:36 10.184.26.125 desde:user/register preparando para almacenar usuario : 39819229

08:01:36 10.184.26.125  conectando a : https://jboss2.colfuturo.org/Formulario-Interno/ServicioIntegracionPotencial?wsdl

08:01:36 10.184.26.125  enviando datos : {"numeroDocumento":"39819229",
            "nombre":"Ana Catalina",
            "apellido":"Loaiza Martínez",
            "email":"analoa9@hotmail.com",
            "fechaNacimiento":"04-01-2019",
            "ciudadResidencia":"Sopo, Sopó, Cundinamarca, Colombia",
            "genero":"F",
            "celular":"",
            "listaInteresAreaEstudio":["Ciencias de la Salud","Ciencias Sociales"],
            "listaInteresIdioma":["ingles","frances"]}

08:01:37 10.184.26.125  respuesta HTTP/1.1 100 Continue

HTTP/1.1 200 OK
Server: nginx/1.14.0
Date: Sat, 05 Jan 2019 01:45:52 GMT
Content-Type: text/xml;charset=ISO-8859-1
Content-Length: 297
Connection: keep-alive
Vary: Accept-Encoding
Set-Cookie: JSESSIONID=IGZ3Vq85z3XSiQWdsk5UUsa7.undefined; Path=/Formulario-Interno
X-CdnHost: ns10.colfuturo.org

&lt;soap:Envelope xmlns:soap=&quot;http://schemas.xmlsoap.org/soap/envelope/&quot;&gt;&lt;soap:Body&gt;&lt;ns1:crearFormularioPotencialResponse xmlns:ns1=&quot;http://www.colfuturo.org/potencial/ws/ServicioIntegracionPotencial&quot;&gt;&lt;return&gt;Creo formulario&lt;/return&gt;&lt;/ns1:crearFormularioPotencialResponse&gt;&lt;/soap:Body&gt;&lt;/soap:Envelope&gt;

09:01:51 10.184.26.125 desde:user/register preparando para almacenar usuario : 1075277371

09:01:51 10.184.26.125  conectando a : https://jboss2.colfuturo.org/Formulario-Interno/ServicioIntegracionPotencial?wsdl

09:01:51 10.184.26.125  enviando datos : {"numeroDocumento":"1075277371",
            "nombre":"María Daniela",
            "apellido":"Vásquez Mosquera",
            "email":"Danivasquez_@hotmail.com",
            "fechaNacimiento":"04-01-2019",
            "ciudadResidencia":"Neiva, Huila, Colombia",
            "genero":"F",
            "celular":"",
            "listaInteresAreaEstudio":["Ingeniería"],
            "listaInteresIdioma":[""]}

09:01:52 10.184.26.125  respuesta HTTP/1.1 100 Continue

HTTP/1.1 200 OK
Server: nginx/1.14.0
Date: Sat, 05 Jan 2019 02:04:07 GMT
Content-Type: text/xml;charset=ISO-8859-1
Content-Length: 297
Connection: keep-alive
Vary: Accept-Encoding
Set-Cookie: JSESSIONID=K7U9fyZLIHoucb03HpaNL68a.undefined; Path=/Formulario-Interno
X-CdnHost: ns10.colfuturo.org

&lt;soap:Envelope xmlns:soap=&quot;http://schemas.xmlsoap.org/soap/envelope/&quot;&gt;&lt;soap:Body&gt;&lt;ns1:crearFormularioPotencialResponse xmlns:ns1=&quot;http://www.colfuturo.org/potencial/ws/ServicioIntegracionPotencial&quot;&gt;&lt;return&gt;Creo formulario&lt;/return&gt;&lt;/ns1:crearFormularioPotencialResponse&gt;&lt;/soap:Body&gt;&lt;/soap:Envelope&gt;

09:01:12 10.184.26.125 desde:user/register preparando para almacenar usuario : 1030614924

09:01:12 10.184.26.125  conectando a : https://jboss2.colfuturo.org/Formulario-Interno/ServicioIntegracionPotencial?wsdl

09:01:12 10.184.26.125  enviando datos : {"numeroDocumento":"1030614924",
            "nombre":"Estefania",
            "apellido":"Rodriguez Acost",
            "email":"niarodriguez_14@hotmail.com",
            "fechaNacimiento":"04-01-2019",
            "ciudadResidencia":"Bogotá, Colombia",
            "genero":"F",
            "celular":"",
            "listaInteresAreaEstudio":["Ciencias Agropecuarias y del Medio Ambiente"],
            "listaInteresIdioma":[""]}

09:01:13 10.184.26.125  respuesta HTTP/1.1 100 Continue

HTTP/1.1 200 OK
Server: nginx/1.14.0
Date: Sat, 05 Jan 2019 02:11:28 GMT
Content-Type: text/xml;charset=ISO-8859-1
Content-Length: 297
Connection: keep-alive
Vary: Accept-Encoding
Set-Cookie: JSESSIONID=oQFWCWBXC78JrS1E1y6jBz0r.undefined; Path=/Formulario-Interno
X-CdnHost: ns10.colfuturo.org

&lt;soap:Envelope xmlns:soap=&quot;http://schemas.xmlsoap.org/soap/envelope/&quot;&gt;&lt;soap:Body&gt;&lt;ns1:crearFormularioPotencialResponse xmlns:ns1=&quot;http://www.colfuturo.org/potencial/ws/ServicioIntegracionPotencial&quot;&gt;&lt;return&gt;Creo formulario&lt;/return&gt;&lt;/ns1:crearFormularioPotencialResponse&gt;&lt;/soap:Body&gt;&lt;/soap:Envelope&gt;

09:01:30 10.184.26.125 desde:user/register preparando para almacenar usuario : 1024465005

09:01:30 10.184.26.125  conectando a : https://jboss2.colfuturo.org/Formulario-Interno/ServicioIntegracionPotencial?wsdl

09:01:30 10.184.26.125  enviando datos : {"numeroDocumento":"1024465005",
            "nombre":"Diego",
            "apellido":"Paez",
            "email":"Diegopaez86@gmail.com",
            "fechaNacimiento":"04-01-2019",
            "ciudadResidencia":"Bogotá, Colombia",
            "genero":"M",
            "celular":"",
            "listaInteresAreaEstudio":[""],
            "listaInteresIdioma":["ingles"]}

09:01:30 10.184.26.125  respuesta HTTP/1.1 100 Continue

HTTP/1.1 200 OK
Server: nginx/1.14.0
Date: Sat, 05 Jan 2019 02:15:45 GMT
Content-Type: text/xml;charset=ISO-8859-1
Content-Length: 297
Connection: keep-alive
Vary: Accept-Encoding
Set-Cookie: JSESSIONID=67Z3rLN1rInwPhraBFo8MENy.undefined; Path=/Formulario-Interno
X-CdnHost: ns10.colfuturo.org

&lt;soap:Envelope xmlns:soap=&quot;http://schemas.xmlsoap.org/soap/envelope/&quot;&gt;&lt;soap:Body&gt;&lt;ns1:crearFormularioPotencialResponse xmlns:ns1=&quot;http://www.colfuturo.org/potencial/ws/ServicioIntegracionPotencial&quot;&gt;&lt;return&gt;Creo formulario&lt;/return&gt;&lt;/ns1:crearFormularioPotencialResponse&gt;&lt;/soap:Body&gt;&lt;/soap:Envelope&gt;

09:01:38 10.184.26.125 desde:user/register preparando para almacenar usuario : 1036957640

09:01:38 10.184.26.125  conectando a : https://jboss2.colfuturo.org/Formulario-Interno/ServicioIntegracionPotencial?wsdl

09:01:38 10.184.26.125  enviando datos : {"numeroDocumento":"1036957640",
            "nombre":"Luis Carlos",
            "apellido":"Isaza Garzón",
            "email":"licarlos9608@gmail.com",
            "fechaNacimiento":"04-01-2019",
            "ciudadResidencia":"Medellín, Antioquia, Colombia",
            "genero":"M",
            "celular":"",
            "listaInteresAreaEstudio":["Ingeniería"],
            "listaInteresIdioma":[""]}

09:01:39 10.184.26.125  respuesta HTTP/1.1 100 Continue

HTTP/1.1 200 OK
Server: nginx/1.14.0
Date: Sat, 05 Jan 2019 02:23:54 GMT
Content-Type: text/xml;charset=ISO-8859-1
Content-Length: 297
Connection: keep-alive
Vary: Accept-Encoding
Set-Cookie: JSESSIONID=bpwvGVl36hsE8ZLh+Uer4XN5.undefined; Path=/Formulario-Interno
X-CdnHost: ns10.colfuturo.org

&lt;soap:Envelope xmlns:soap=&quot;http://schemas.xmlsoap.org/soap/envelope/&quot;&gt;&lt;soap:Body&gt;&lt;ns1:crearFormularioPotencialResponse xmlns:ns1=&quot;http://www.colfuturo.org/potencial/ws/ServicioIntegracionPotencial&quot;&gt;&lt;return&gt;Creo formulario&lt;/return&gt;&lt;/ns1:crearFormularioPotencialResponse&gt;&lt;/soap:Body&gt;&lt;/soap:Envelope&gt;

09:01:47 10.184.26.125 desde:user/register preparando para almacenar usuario : 1036957310

09:01:47 10.184.26.125  conectando a : https://jboss2.colfuturo.org/Formulario-Interno/ServicioIntegracionPotencial?wsdl

09:01:47 10.184.26.125  enviando datos : {"numeroDocumento":"1036957310",
            "nombre":"Daniela",
            "apellido":"Valencia",
            "email":"daniela.valenciaa@udea.edu.co",
            "fechaNacimiento":"04-01-2019",
            "ciudadResidencia":"Rionegro, Antioquia, Colombia",
            "genero":"F",
            "celular":"",
            "listaInteresAreaEstudio":["Derecho"],
            "listaInteresIdioma":[""]}

09:01:48 10.184.26.125  respuesta HTTP/1.1 100 Continue

HTTP/1.1 200 OK
Server: nginx/1.14.0
Date: Sat, 05 Jan 2019 02:25:03 GMT
Content-Type: text/xml;charset=ISO-8859-1
Content-Length: 297
Connection: keep-alive
Vary: Accept-Encoding
Set-Cookie: JSESSIONID=Gmi-EREIc8PHXRfigv2j-Psi.undefined; Path=/Formulario-Interno
X-CdnHost: ns10.colfuturo.org

&lt;soap:Envelope xmlns:soap=&quot;http://schemas.xmlsoap.org/soap/envelope/&quot;&gt;&lt;soap:Body&gt;&lt;ns1:crearFormularioPotencialResponse xmlns:ns1=&quot;http://www.colfuturo.org/potencial/ws/ServicioIntegracionPotencial&quot;&gt;&lt;return&gt;Creo formulario&lt;/return&gt;&lt;/ns1:crearFormularioPotencialResponse&gt;&lt;/soap:Body&gt;&lt;/soap:Envelope&gt;

09:01:58 10.184.26.125 desde:user/register preparando para almacenar usuario : 1015456378

09:01:58 10.184.26.125  conectando a : https://jboss2.colfuturo.org/Formulario-Interno/ServicioIntegracionPotencial?wsdl

09:01:58 10.184.26.125  enviando datos : {"numeroDocumento":"1015456378",
            "nombre":"Oscar Andrés",
            "apellido":"Ríos Rojas",
            "email":"oscarrios95@gmail.com",
            "fechaNacimiento":"04-01-2019",
            "ciudadResidencia":"Bogotá, Colombia",
            "genero":"M",
            "celular":"",
            "listaInteresAreaEstudio":["Artes","Educación"],
            "listaInteresIdioma":["ingles","frances"]}

09:01:59 10.184.26.125  respuesta HTTP/1.1 100 Continue

HTTP/1.1 200 OK
Server: nginx/1.14.0
Date: Sat, 05 Jan 2019 02:26:14 GMT
Content-Type: text/xml;charset=ISO-8859-1
Content-Length: 297
Connection: keep-alive
Vary: Accept-Encoding
Set-Cookie: JSESSIONID=bFCgmlVjkCptVkCqf34W1frh.undefined; Path=/Formulario-Interno
X-CdnHost: ns10.colfuturo.org

&lt;soap:Envelope xmlns:soap=&quot;http://schemas.xmlsoap.org/soap/envelope/&quot;&gt;&lt;soap:Body&gt;&lt;ns1:crearFormularioPotencialResponse xmlns:ns1=&quot;http://www.colfuturo.org/potencial/ws/ServicioIntegracionPotencial&quot;&gt;&lt;return&gt;Creo formulario&lt;/return&gt;&lt;/ns1:crearFormularioPotencialResponse&gt;&lt;/soap:Body&gt;&lt;/soap:Envelope&gt;

09:01:24 10.184.26.125 desde:user/register preparando para almacenar usuario : 1019088254

09:01:24 10.184.26.125  conectando a : https://jboss2.colfuturo.org/Formulario-Interno/ServicioIntegracionPotencial?wsdl

09:01:24 10.184.26.125  enviando datos : {"numeroDocumento":"1019088254",
            "nombre":"Marcela",
            "apellido":"Garcia Porras",
            "email":"nmgarciap@gmail.com",
            "fechaNacimiento":"04-01-2019",
            "ciudadResidencia":"Bogotá, Colombia",
            "genero":"F",
            "celular":"",
            "listaInteresAreaEstudio":["Ciencias Políticas y Relaciones Internacionales","Ciencias Sociales","Economía"],
            "listaInteresIdioma":["ingles"]}

09:01:25 10.184.26.125  respuesta HTTP/1.1 100 Continue

HTTP/1.1 200 OK
Server: nginx/1.14.0
Date: Sat, 05 Jan 2019 02:34:40 GMT
Content-Type: text/xml;charset=ISO-8859-1
Content-Length: 297
Connection: keep-alive
Vary: Accept-Encoding
Set-Cookie: JSESSIONID=Rry2xr08fSXX2LpVoHCVEdNc.undefined; Path=/Formulario-Interno
X-CdnHost: ns10.colfuturo.org

&lt;soap:Envelope xmlns:soap=&quot;http://schemas.xmlsoap.org/soap/envelope/&quot;&gt;&lt;soap:Body&gt;&lt;ns1:crearFormularioPotencialResponse xmlns:ns1=&quot;http://www.colfuturo.org/potencial/ws/ServicioIntegracionPotencial&quot;&gt;&lt;return&gt;Creo formulario&lt;/return&gt;&lt;/ns1:crearFormularioPotencialResponse&gt;&lt;/soap:Body&gt;&lt;/soap:Envelope&gt;

10:01:51 10.184.26.125 desde:user/register preparando para almacenar usuario : 1110566103

10:01:51 10.184.26.125  conectando a : https://jboss2.colfuturo.org/Formulario-Interno/ServicioIntegracionPotencial?wsdl

10:01:51 10.184.26.125  enviando datos : {"numeroDocumento":"1110566103",
            "nombre":"German Eduardo ",
            "apellido":"Osorio Leiva",
            "email":"ge.osorio10@uniandes.edu.co",
            "fechaNacimiento":"04-01-2019",
            "ciudadResidencia":"Ibagué, Tolima, Colombia",
            "genero":"M",
            "celular":"",
            "listaInteresAreaEstudio":["Ciencias Agropecuarias y del Medio Ambiente","Ciencias Básicas","Ingeniería"],
            "listaInteresIdioma":[""]}

10:01:52 10.184.26.125  respuesta HTTP/1.1 100 Continue

HTTP/1.1 200 OK
Server: nginx/1.14.0
Date: Sat, 05 Jan 2019 03:13:07 GMT
Content-Type: text/xml;charset=ISO-8859-1
Content-Length: 297
Connection: keep-alive
Vary: Accept-Encoding
Set-Cookie: JSESSIONID=MChtXUpS0kupbhHZMGmTRWDK.undefined; Path=/Formulario-Interno
X-CdnHost: ns10.colfuturo.org

&lt;soap:Envelope xmlns:soap=&quot;http://schemas.xmlsoap.org/soap/envelope/&quot;&gt;&lt;soap:Body&gt;&lt;ns1:crearFormularioPotencialResponse xmlns:ns1=&quot;http://www.colfuturo.org/potencial/ws/ServicioIntegracionPotencial&quot;&gt;&lt;return&gt;Creo formulario&lt;/return&gt;&lt;/ns1:crearFormularioPotencialResponse&gt;&lt;/soap:Body&gt;&lt;/soap:Envelope&gt;

11:01:25 10.184.26.125 desde:user/156442 preparando para almacenar usuario : 1140837301

11:01:25 10.184.26.125  conectando a : https://jboss2.colfuturo.org/Formulario-Interno/ServicioIntegracionPotencial?wsdl

11:01:25 10.184.26.125  enviando datos : {"numeroDocumento":"1140837301",
            "nombre":"laura",
            "apellido":"salcedo diaz",
            "email":"laura_salcedo@live.com",
            "fechaNacimiento":"04-01-2019",
            "ciudadResidencia":"Barranquilla, Atlántico, Colombia",
            "genero":"F",
            "celular":"",
            "listaInteresAreaEstudio":[""],
            "listaInteresIdioma":[""]}

11:01:25 10.184.26.125  respuesta HTTP/1.1 100 Continue

HTTP/1.1 200 OK
Server: nginx/1.14.0
Date: Sat, 05 Jan 2019 04:03:40 GMT
Content-Type: text/xml;charset=ISO-8859-1
Content-Length: 301
Connection: keep-alive
Vary: Accept-Encoding
Set-Cookie: JSESSIONID=xbkcQd9Xcv7XGm7tNep2kHQc.undefined; Path=/Formulario-Interno
X-CdnHost: ns10.colfuturo.org

&lt;soap:Envelope xmlns:soap=&quot;http://schemas.xmlsoap.org/soap/envelope/&quot;&gt;&lt;soap:Body&gt;&lt;ns1:crearFormularioPotencialResponse xmlns:ns1=&quot;http://www.colfuturo.org/potencial/ws/ServicioIntegracionPotencial&quot;&gt;&lt;return&gt;Encontro formulario&lt;/return&gt;&lt;/ns1:crearFormularioPotencialResponse&gt;&lt;/soap:Body&gt;&lt;/soap:Envelope&gt;

