01:09:54 49.3.42.160 desde:user/register preparando para almacenar usuario : 1018465474

01:09:54 49.3.42.160  conectando a : https://jboss2.colfuturo.org/Formulario-Interno/ServicioIntegracionPotencial?wsdl

01:09:54 49.3.42.160  enviando datos : {"numeroDocumento":"1018465474",
            "nombre":"Carlos Alberto",
            "apellido":"Bravo Ocampo",
            "email":"carlosbo94@hotmail.com",
            "fechaNacimiento":"18 ene 1984",
            "ciudadResidencia":"Melbourne Victoria 3004, Australia",
            "genero":"M",
            "celular":"",
            "listaInteresAreaEstudio":["Ciencias Sociales"],
            "listaInteresIdioma":[""]}

01:09:05 49.3.42.160  respuesta HTTP/1.1 200 OK
Server: Apache-Coyote/1.1
Set-Cookie: JSESSIONID=n4iJ-GqRar6dps3VRIS03Jxb.undefined; Path=/Formulario-Interno
Content-Type: text/xml;charset=ISO-8859-1
Content-Length: 297
Date: Sun, 17 Sep 2017 06:19:05 GMT
Connection: close

&lt;soap:Envelope xmlns:soap=&quot;http://schemas.xmlsoap.org/soap/envelope/&quot;&gt;&lt;soap:Body&gt;&lt;ns1:crearFormularioPotencialResponse xmlns:ns1=&quot;http://www.colfuturo.org/potencial/ws/ServicioIntegracionPotencial&quot;&gt;&lt;return&gt;Creo formulario&lt;/return&gt;&lt;/ns1:crearFormularioPotencialResponse&gt;&lt;/soap:Body&gt;&lt;/soap:Envelope&gt;

06:09:49 186.155.12.7 desde:user/167281 preparando para almacenar usuario : 35198960

06:09:49 186.155.12.7  conectando a : https://jboss2.colfuturo.org/Formulario-Interno/ServicioIntegracionPotencial?wsdl

06:09:49 186.155.12.7  enviando datos : {"numeroDocumento":"35198960",
            "nombre":"VICTORIA",
            "apellido":"SANCHEZ LAVERDE",
            "email":"victorialaverde@gmail.com",
            "fechaNacimiento":"18 ene 1984",
            "ciudadResidencia":"Bogotá, Colombia",
            "genero":"F",
            "celular":"",
            "listaInteresAreaEstudio":[""],
            "listaInteresIdioma":["ingles"]}

06:09:50 186.155.12.7  respuesta HTTP/1.1 200 OK
Server: Apache-Coyote/1.1
Set-Cookie: JSESSIONID=Ftkuu9J-ohxW13DYyErks2t-.undefined; Path=/Formulario-Interno
Content-Type: text/xml;charset=ISO-8859-1
Content-Length: 301
Date: Sun, 17 Sep 2017 11:39:49 GMT
Connection: close

&lt;soap:Envelope xmlns:soap=&quot;http://schemas.xmlsoap.org/soap/envelope/&quot;&gt;&lt;soap:Body&gt;&lt;ns1:crearFormularioPotencialResponse xmlns:ns1=&quot;http://www.colfuturo.org/potencial/ws/ServicioIntegracionPotencial&quot;&gt;&lt;return&gt;Encontro formulario&lt;/return&gt;&lt;/ns1:crearFormularioPotencialResponse&gt;&lt;/soap:Body&gt;&lt;/soap:Envelope&gt;

07:09:03 186.146.206.3 desde:user/register preparando para almacenar usuario : 79681414

07:09:03 186.146.206.3  conectando a : https://jboss2.colfuturo.org/Formulario-Interno/ServicioIntegracionPotencial?wsdl

07:09:03 186.146.206.3  enviando datos : {"numeroDocumento":"79681414",
            "nombre":"El Laythy",
            "apellido":"Safa",
            "email":"laythy.safa@hotmail.com",
            "fechaNacimiento":"18 ene 1984",
            "ciudadResidencia":"Pasto, Nariño, Colombia",
            "genero":"M",
            "celular":"",
            "listaInteresAreaEstudio":["Administración y Negocios"],
            "listaInteresIdioma":["ingles"]}

07:09:11 186.146.206.3  respuesta HTTP/1.1 200 OK
Server: Apache-Coyote/1.1
Set-Cookie: JSESSIONID=NcOTBd9G4BiiIgrz8+qXNLqJ.undefined; Path=/Formulario-Interno
Content-Type: text/xml;charset=ISO-8859-1
Content-Length: 297
Date: Sun, 17 Sep 2017 12:45:11 GMT
Connection: close

&lt;soap:Envelope xmlns:soap=&quot;http://schemas.xmlsoap.org/soap/envelope/&quot;&gt;&lt;soap:Body&gt;&lt;ns1:crearFormularioPotencialResponse xmlns:ns1=&quot;http://www.colfuturo.org/potencial/ws/ServicioIntegracionPotencial&quot;&gt;&lt;return&gt;Creo formulario&lt;/return&gt;&lt;/ns1:crearFormularioPotencialResponse&gt;&lt;/soap:Body&gt;&lt;/soap:Envelope&gt;

07:09:14 186.30.134.168 desde:node/44 preparando para almacenar usuario : 1018441634

07:09:14 186.30.134.168  conectando a : https://jboss2.colfuturo.org/Formulario-Interno/ServicioIntegracionPotencial?wsdl

07:09:14 186.30.134.168  enviando datos : {"numeroDocumento":"1018441634",
            "nombre":"Sara",
            "apellido":"Monzón",
            "email":"saramarmonzon@hotmail.com",
            "fechaNacimiento":"18 ene 1984",
            "ciudadResidencia":"Bogotá, Colombia",
            "genero":"F",
            "celular":"",
            "listaInteresAreaEstudio":[""],
            "listaInteresIdioma":[""]}

07:09:15 186.30.134.168  client->fault: 

07:09:15 186.30.134.168  respuesta HTTP/1.1 500 Internal Server Error
Server: Apache-Coyote/1.1
Set-Cookie: JSESSIONID=hKgVaeCNtPy9Iqv8i-D0jIZD.undefined; Path=/Formulario-Interno
Content-Type: text/xml;charset=ISO-8859-1
Content-Length: 225
Date: Sun, 17 Sep 2017 12:58:14 GMT
Connection: close

&lt;soap:Envelope xmlns:soap=&quot;http://schemas.xmlsoap.org/soap/envelope/&quot;&gt;&lt;soap:Body&gt;&lt;soap:Fault&gt;&lt;faultcode&gt;soap:Server&lt;/faultcode&gt;&lt;faultstring&gt;java.lang.NullPointerException&lt;/faultstring&gt;&lt;/soap:Fault&gt;&lt;/soap:Body&gt;&lt;/soap:Envelope&gt;

08:09:30 186.154.191.243 desde:user/register preparando para almacenar usuario : 51672550

08:09:30 186.154.191.243  conectando a : https://jboss2.colfuturo.org/Formulario-Interno/ServicioIntegracionPotencial?wsdl

08:09:30 186.154.191.243  enviando datos : {"numeroDocumento":"51672550",
            "nombre":"Martha Jeaneth",
            "apellido":"Millán Ardila",
            "email":"mjmillan2011@gmail.com",
            "fechaNacimiento":"18 ene 1984",
            "ciudadResidencia":"Bogotá, Colombia",
            "genero":"F",
            "celular":"",
            "listaInteresAreaEstudio":[""],
            "listaInteresIdioma":["ingles"]}

08:09:31 186.154.191.243  respuesta HTTP/1.1 200 OK
Server: Apache-Coyote/1.1
Set-Cookie: JSESSIONID=oAp0PpFqIzMtQJZmh99Mnu7U.undefined; Path=/Formulario-Interno
Content-Type: text/xml;charset=ISO-8859-1
Content-Length: 297
Date: Sun, 17 Sep 2017 13:07:31 GMT
Connection: close

&lt;soap:Envelope xmlns:soap=&quot;http://schemas.xmlsoap.org/soap/envelope/&quot;&gt;&lt;soap:Body&gt;&lt;ns1:crearFormularioPotencialResponse xmlns:ns1=&quot;http://www.colfuturo.org/potencial/ws/ServicioIntegracionPotencial&quot;&gt;&lt;return&gt;Creo formulario&lt;/return&gt;&lt;/ns1:crearFormularioPotencialResponse&gt;&lt;/soap:Body&gt;&lt;/soap:Envelope&gt;

08:09:24 186.154.191.243 desde:user/167359 preparando para almacenar usuario : 51672550

08:09:24 186.154.191.243  conectando a : https://jboss2.colfuturo.org/Formulario-Interno/ServicioIntegracionPotencial?wsdl

08:09:24 186.154.191.243  enviando datos : {"numeroDocumento":"51672550",
            "nombre":"Martha Jeaneth",
            "apellido":"Millán Ardila",
            "email":"mjmillan2011@gmail.com",
            "fechaNacimiento":"18 ene 1984",
            "ciudadResidencia":"Bogotá, Colombia",
            "genero":"F",
            "celular":"",
            "listaInteresAreaEstudio":[""],
            "listaInteresIdioma":["ingles"]}

08:09:24 186.154.191.243  respuesta HTTP/1.1 200 OK
Server: Apache-Coyote/1.1
Set-Cookie: JSESSIONID=NLLGKIYFnDlU6QdR1LG1M5T9.undefined; Path=/Formulario-Interno
Content-Type: text/xml;charset=ISO-8859-1
Content-Length: 301
Date: Sun, 17 Sep 2017 13:10:24 GMT
Connection: close

&lt;soap:Envelope xmlns:soap=&quot;http://schemas.xmlsoap.org/soap/envelope/&quot;&gt;&lt;soap:Body&gt;&lt;ns1:crearFormularioPotencialResponse xmlns:ns1=&quot;http://www.colfuturo.org/potencial/ws/ServicioIntegracionPotencial&quot;&gt;&lt;return&gt;Encontro formulario&lt;/return&gt;&lt;/ns1:crearFormularioPotencialResponse&gt;&lt;/soap:Body&gt;&lt;/soap:Envelope&gt;

11:09:54 93.66.116.168 desde:user/25896 preparando para almacenar usuario : 1140835622

11:09:54 93.66.116.168  conectando a : https://jboss2.colfuturo.org/Formulario-Interno/ServicioIntegracionPotencial?wsdl

11:09:54 93.66.116.168  enviando datos : {"numeroDocumento":"1140835622",
            "nombre":"Darío Rafael",
            "apellido":"Fernández Castellón",
            "email":"dfernand90@gmail.com",
            "fechaNacimiento":"18 ene 1984",
            "ciudadResidencia":"",
            "genero":"M",
            "celular":"",
            "listaInteresAreaEstudio":[""],
            "listaInteresIdioma":[""]}

11:09:54 93.66.116.168  respuesta HTTP/1.1 200 OK
Server: Apache-Coyote/1.1
Set-Cookie: JSESSIONID=ian89E2X6LJWg1ui9b2VqGsz.undefined; Path=/Formulario-Interno
Content-Type: text/xml;charset=ISO-8859-1
Content-Length: 301
Date: Sun, 17 Sep 2017 16:04:54 GMT
Connection: close

&lt;soap:Envelope xmlns:soap=&quot;http://schemas.xmlsoap.org/soap/envelope/&quot;&gt;&lt;soap:Body&gt;&lt;ns1:crearFormularioPotencialResponse xmlns:ns1=&quot;http://www.colfuturo.org/potencial/ws/ServicioIntegracionPotencial&quot;&gt;&lt;return&gt;Encontro formulario&lt;/return&gt;&lt;/ns1:crearFormularioPotencialResponse&gt;&lt;/soap:Body&gt;&lt;/soap:Envelope&gt;

11:09:40 181.159.104.41 desde:user/register preparando para almacenar usuario : 1022390583

11:09:40 181.159.104.41  conectando a : https://jboss2.colfuturo.org/Formulario-Interno/ServicioIntegracionPotencial?wsdl

11:09:40 181.159.104.41  enviando datos : {"numeroDocumento":"1022390583",
            "nombre":"David Orlando",
            "apellido":"Torres Quintero",
            "email":"Dtorresquin94@hotmail.com",
            "fechaNacimiento":"18 ene 1984",
            "ciudadResidencia":"Bogota",
            "genero":"M",
            "celular":"",
            "listaInteresAreaEstudio":["Ingeniería"],
            "listaInteresIdioma":[""]}

11:09:56 181.159.104.41  respuesta HTTP/1.1 200 OK
Server: Apache-Coyote/1.1
Set-Cookie: JSESSIONID=1fumcqF4+8UR8hhmuwuu6QVs.undefined; Path=/Formulario-Interno
Content-Type: text/xml;charset=ISO-8859-1
Content-Length: 297
Date: Sun, 17 Sep 2017 16:41:56 GMT
Connection: close

&lt;soap:Envelope xmlns:soap=&quot;http://schemas.xmlsoap.org/soap/envelope/&quot;&gt;&lt;soap:Body&gt;&lt;ns1:crearFormularioPotencialResponse xmlns:ns1=&quot;http://www.colfuturo.org/potencial/ws/ServicioIntegracionPotencial&quot;&gt;&lt;return&gt;Creo formulario&lt;/return&gt;&lt;/ns1:crearFormularioPotencialResponse&gt;&lt;/soap:Body&gt;&lt;/soap:Envelope&gt;

12:09:49 181.139.70.5 desde:user/register preparando para almacenar usuario : 1040743008

12:09:49 181.139.70.5  conectando a : https://jboss2.colfuturo.org/Formulario-Interno/ServicioIntegracionPotencial?wsdl

12:09:49 181.139.70.5  enviando datos : {"numeroDocumento":"1040743008",
            "nombre":"Daniel",
            "apellido":"Díaz Toro",
            "email":"toro_180@hotmail.com",
            "fechaNacimiento":"18 ene 1984",
            "ciudadResidencia":"Medellín, Antioquia, Colombia",
            "genero":"M",
            "celular":"",
            "listaInteresAreaEstudio":["Administración y Negocios","Ciencias Sociales","Educación"],
            "listaInteresIdioma":["ingles"]}

12:09:50 181.139.70.5  respuesta HTTP/1.1 200 OK
Server: Apache-Coyote/1.1
Set-Cookie: JSESSIONID=1gNBYQXqa3Wbcms1s8zLy5Wl.undefined; Path=/Formulario-Interno
Content-Type: text/xml;charset=ISO-8859-1
Content-Length: 297
Date: Sun, 17 Sep 2017 17:07:50 GMT
Connection: close

&lt;soap:Envelope xmlns:soap=&quot;http://schemas.xmlsoap.org/soap/envelope/&quot;&gt;&lt;soap:Body&gt;&lt;ns1:crearFormularioPotencialResponse xmlns:ns1=&quot;http://www.colfuturo.org/potencial/ws/ServicioIntegracionPotencial&quot;&gt;&lt;return&gt;Creo formulario&lt;/return&gt;&lt;/ns1:crearFormularioPotencialResponse&gt;&lt;/soap:Body&gt;&lt;/soap:Envelope&gt;

01:09:56 186.154.82.175 desde:user/register preparando para almacenar usuario : 1049640319

01:09:56 186.154.82.175  conectando a : https://jboss2.colfuturo.org/Formulario-Interno/ServicioIntegracionPotencial?wsdl

01:09:56 186.154.82.175  enviando datos : {"numeroDocumento":"1049640319",
            "nombre":"Natalia",
            "apellido":"Ramirez",
            "email":"nramirezv@unal.edu.co",
            "fechaNacimiento":"18 ene 1984",
            "ciudadResidencia":"Bogotá, Colombia",
            "genero":"F",
            "celular":"",
            "listaInteresAreaEstudio":["Ciencias Políticas y Relaciones Internacionales","Ciencias Sociales","Economía","Ingeniería"],
            "listaInteresIdioma":[""]}

01:09:00 186.154.82.175  respuesta HTTP/1.1 200 OK
Server: Apache-Coyote/1.1
Set-Cookie: JSESSIONID=7JOdR4ej-ampIcD-sz-4HolC.undefined; Path=/Formulario-Interno
Content-Type: text/xml;charset=ISO-8859-1
Content-Length: 297
Date: Sun, 17 Sep 2017 18:27:00 GMT
Connection: close

&lt;soap:Envelope xmlns:soap=&quot;http://schemas.xmlsoap.org/soap/envelope/&quot;&gt;&lt;soap:Body&gt;&lt;ns1:crearFormularioPotencialResponse xmlns:ns1=&quot;http://www.colfuturo.org/potencial/ws/ServicioIntegracionPotencial&quot;&gt;&lt;return&gt;Creo formulario&lt;/return&gt;&lt;/ns1:crearFormularioPotencialResponse&gt;&lt;/soap:Body&gt;&lt;/soap:Envelope&gt;

01:09:40 181.49.83.159 desde:user/register preparando para almacenar usuario : 1005981645

01:09:40 181.49.83.159  conectando a : https://jboss2.colfuturo.org/Formulario-Interno/ServicioIntegracionPotencial?wsdl

01:09:40 181.49.83.159  enviando datos : {"numeroDocumento":"1005981645",
            "nombre":"ROCIO DEL PILAR",
            "apellido":"PALACIOS MOSQUERA",
            "email":"rociopalaciosam@gmail.com",
            "fechaNacimiento":"18 ene 1984",
            "ciudadResidencia":"Cali, Valle del Cauca, Colombia",
            "genero":"F",
            "celular":"",
            "listaInteresAreaEstudio":[""],
            "listaInteresIdioma":["frances"]}

01:09:41 181.49.83.159  respuesta HTTP/1.1 200 OK
Server: Apache-Coyote/1.1
Set-Cookie: JSESSIONID=AwA6PuXfqhmP2Vwj1J8Foy8p.undefined; Path=/Formulario-Interno
Content-Type: text/xml;charset=ISO-8859-1
Content-Length: 297
Date: Sun, 17 Sep 2017 18:53:41 GMT
Connection: close

&lt;soap:Envelope xmlns:soap=&quot;http://schemas.xmlsoap.org/soap/envelope/&quot;&gt;&lt;soap:Body&gt;&lt;ns1:crearFormularioPotencialResponse xmlns:ns1=&quot;http://www.colfuturo.org/potencial/ws/ServicioIntegracionPotencial&quot;&gt;&lt;return&gt;Creo formulario&lt;/return&gt;&lt;/ns1:crearFormularioPotencialResponse&gt;&lt;/soap:Body&gt;&lt;/soap:Envelope&gt;

02:09:05 186.30.40.59 desde:user/register preparando para almacenar usuario : 1020799967

02:09:05 186.30.40.59  conectando a : https://jboss2.colfuturo.org/Formulario-Interno/ServicioIntegracionPotencial?wsdl

02:09:05 186.30.40.59  enviando datos : {"numeroDocumento":"1020799967",
            "nombre":"Sarai",
            "apellido":"Enciso",
            "email":"u0901801@unimilitar.edu.co",
            "fechaNacimiento":"18 ene 1984",
            "ciudadResidencia":"Zipaquirá, Cundinamarca, Colombia",
            "genero":"F",
            "celular":"",
            "listaInteresAreaEstudio":[""],
            "listaInteresIdioma":["ingles"]}

02:09:06 186.30.40.59  respuesta HTTP/1.1 200 OK
Server: Apache-Coyote/1.1
Set-Cookie: JSESSIONID=FCvznL+kyiPxxsZ2CFKT35m2.undefined; Path=/Formulario-Interno
Content-Type: text/xml;charset=ISO-8859-1
Content-Length: 297
Date: Sun, 17 Sep 2017 19:08:06 GMT
Connection: close

&lt;soap:Envelope xmlns:soap=&quot;http://schemas.xmlsoap.org/soap/envelope/&quot;&gt;&lt;soap:Body&gt;&lt;ns1:crearFormularioPotencialResponse xmlns:ns1=&quot;http://www.colfuturo.org/potencial/ws/ServicioIntegracionPotencial&quot;&gt;&lt;return&gt;Creo formulario&lt;/return&gt;&lt;/ns1:crearFormularioPotencialResponse&gt;&lt;/soap:Body&gt;&lt;/soap:Envelope&gt;

02:09:16 186.118.2.48 desde:user/117924 preparando para almacenar usuario : 1007255931

02:09:16 186.118.2.48  conectando a : https://jboss2.colfuturo.org/Formulario-Interno/ServicioIntegracionPotencial?wsdl

02:09:16 186.118.2.48  enviando datos : {"numeroDocumento":"1007255931",
            "nombre":"Angélica María",
            "apellido":"Castillo Amor",
            "email":"angecastillo94@outlook.com",
            "fechaNacimiento":"18 ene 1984",
            "ciudadResidencia":"Cartagena - Bolívar, Colombia",
            "genero":"F",
            "celular":"",
            "listaInteresAreaEstudio":["Ingeniería"],
            "listaInteresIdioma":[""]}

02:09:16 186.118.2.48  respuesta HTTP/1.1 200 OK
Server: Apache-Coyote/1.1
Set-Cookie: JSESSIONID=LySMNgds2OQQMRqrWCd918cH.undefined; Path=/Formulario-Interno
Content-Type: text/xml;charset=ISO-8859-1
Content-Length: 301
Date: Sun, 17 Sep 2017 19:16:16 GMT
Connection: close

&lt;soap:Envelope xmlns:soap=&quot;http://schemas.xmlsoap.org/soap/envelope/&quot;&gt;&lt;soap:Body&gt;&lt;ns1:crearFormularioPotencialResponse xmlns:ns1=&quot;http://www.colfuturo.org/potencial/ws/ServicioIntegracionPotencial&quot;&gt;&lt;return&gt;Encontro formulario&lt;/return&gt;&lt;/ns1:crearFormularioPotencialResponse&gt;&lt;/soap:Body&gt;&lt;/soap:Envelope&gt;

02:09:37 181.55.37.221 desde:user/register preparando para almacenar usuario : 1017224823

02:09:37 181.55.37.221  conectando a : https://jboss2.colfuturo.org/Formulario-Interno/ServicioIntegracionPotencial?wsdl

02:09:37 181.55.37.221  enviando datos : {"numeroDocumento":"1017224823",
            "nombre":"Mateo",
            "apellido":"Zapata Vallejo",
            "email":"mazapatava@unal.edu.co",
            "fechaNacimiento":"18 ene 1984",
            "ciudadResidencia":"Medellín, Antioquia, Colombia",
            "genero":"M",
            "celular":"",
            "listaInteresAreaEstudio":["Administración y Negocios","Ingeniería"],
            "listaInteresIdioma":["ingles","frances"]}

02:09:38 181.55.37.221  respuesta HTTP/1.1 200 OK
Server: Apache-Coyote/1.1
Set-Cookie: JSESSIONID=8T4AyFgfcUjOry9pIK9Xc4bT.undefined; Path=/Formulario-Interno
Content-Type: text/xml;charset=ISO-8859-1
Content-Length: 297
Date: Sun, 17 Sep 2017 19:21:38 GMT
Connection: close

&lt;soap:Envelope xmlns:soap=&quot;http://schemas.xmlsoap.org/soap/envelope/&quot;&gt;&lt;soap:Body&gt;&lt;ns1:crearFormularioPotencialResponse xmlns:ns1=&quot;http://www.colfuturo.org/potencial/ws/ServicioIntegracionPotencial&quot;&gt;&lt;return&gt;Creo formulario&lt;/return&gt;&lt;/ns1:crearFormularioPotencialResponse&gt;&lt;/soap:Body&gt;&lt;/soap:Envelope&gt;

02:09:05 181.49.84.94 desde:user/register preparando para almacenar usuario : 1130610526

02:09:05 181.49.84.94  conectando a : https://jboss2.colfuturo.org/Formulario-Interno/ServicioIntegracionPotencial?wsdl

02:09:05 181.49.84.94  enviando datos : {"numeroDocumento":"1130610526",
            "nombre":"Mayra Alejandra",
            "apellido":"Polindara Ramos ",
            "email":"malejitta@hotmail.com",
            "fechaNacimiento":"18 ene 1984",
            "ciudadResidencia":"Cali, Valle del Cauca, Colombia",
            "genero":"F",
            "celular":"",
            "listaInteresAreaEstudio":["Ciencias Sociales"],
            "listaInteresIdioma":["frances"]}

02:09:06 181.49.84.94  respuesta HTTP/1.1 200 OK
Server: Apache-Coyote/1.1
Set-Cookie: JSESSIONID=yc58KQ58Gst3eicOXzmPJGY5.undefined; Path=/Formulario-Interno
Content-Type: text/xml;charset=ISO-8859-1
Content-Length: 297
Date: Sun, 17 Sep 2017 19:22:05 GMT
Connection: close

&lt;soap:Envelope xmlns:soap=&quot;http://schemas.xmlsoap.org/soap/envelope/&quot;&gt;&lt;soap:Body&gt;&lt;ns1:crearFormularioPotencialResponse xmlns:ns1=&quot;http://www.colfuturo.org/potencial/ws/ServicioIntegracionPotencial&quot;&gt;&lt;return&gt;Creo formulario&lt;/return&gt;&lt;/ns1:crearFormularioPotencialResponse&gt;&lt;/soap:Body&gt;&lt;/soap:Envelope&gt;

02:09:12 181.49.84.94 desde:user/register preparando para almacenar usuario : 1130641895

02:09:12 181.49.84.94  conectando a : https://jboss2.colfuturo.org/Formulario-Interno/ServicioIntegracionPotencial?wsdl

02:09:12 181.49.84.94  enviando datos : {"numeroDocumento":"1130641895",
            "nombre":"Alejandro Jose ",
            "apellido":"Escobar Aragón ",
            "email":"alejocello60@hotmail.com",
            "fechaNacimiento":"18 ene 1984",
            "ciudadResidencia":"Cali, Valle del Cauca, Colombia",
            "genero":"M",
            "celular":"",
            "listaInteresAreaEstudio":["Artes"],
            "listaInteresIdioma":["frances"]}

02:09:13 181.49.84.94  respuesta HTTP/1.1 200 OK
Server: Apache-Coyote/1.1
Set-Cookie: JSESSIONID=oJOziOYk48dtjsGk8B5qVnuB.undefined; Path=/Formulario-Interno
Content-Type: text/xml;charset=ISO-8859-1
Content-Length: 297
Date: Sun, 17 Sep 2017 19:29:13 GMT
Connection: close

&lt;soap:Envelope xmlns:soap=&quot;http://schemas.xmlsoap.org/soap/envelope/&quot;&gt;&lt;soap:Body&gt;&lt;ns1:crearFormularioPotencialResponse xmlns:ns1=&quot;http://www.colfuturo.org/potencial/ws/ServicioIntegracionPotencial&quot;&gt;&lt;return&gt;Creo formulario&lt;/return&gt;&lt;/ns1:crearFormularioPotencialResponse&gt;&lt;/soap:Body&gt;&lt;/soap:Envelope&gt;

02:09:51 181.244.156.68 desde:user/164632 preparando para almacenar usuario : 1037636841

02:09:51 181.244.156.68  conectando a : https://jboss2.colfuturo.org/Formulario-Interno/ServicioIntegracionPotencial?wsdl

02:09:51 181.244.156.68  enviando datos : {"numeroDocumento":"1037636841",
            "nombre":"David",
            "apellido":"Baena Castro",
            "email":"david16baena@gmail.com",
            "fechaNacimiento":"18 ene 1984",
            "ciudadResidencia":"",
            "genero":"M",
            "celular":"",
            "listaInteresAreaEstudio":["Economía"],
            "listaInteresIdioma":[""]}

02:09:51 181.244.156.68  respuesta HTTP/1.1 200 OK
Server: Apache-Coyote/1.1
Set-Cookie: JSESSIONID=UAaZWu0SLZYjpvIaoNQ6FJHX.undefined; Path=/Formulario-Interno
Content-Type: text/xml;charset=ISO-8859-1
Content-Length: 301
Date: Sun, 17 Sep 2017 19:46:51 GMT
Connection: close

&lt;soap:Envelope xmlns:soap=&quot;http://schemas.xmlsoap.org/soap/envelope/&quot;&gt;&lt;soap:Body&gt;&lt;ns1:crearFormularioPotencialResponse xmlns:ns1=&quot;http://www.colfuturo.org/potencial/ws/ServicioIntegracionPotencial&quot;&gt;&lt;return&gt;Encontro formulario&lt;/return&gt;&lt;/ns1:crearFormularioPotencialResponse&gt;&lt;/soap:Body&gt;&lt;/soap:Envelope&gt;

04:09:04 186.86.106.117 desde:user/register preparando para almacenar usuario : 1085323416

04:09:04 186.86.106.117  conectando a : https://jboss2.colfuturo.org/Formulario-Interno/ServicioIntegracionPotencial?wsdl

04:09:04 186.86.106.117  enviando datos : {"numeroDocumento":"1085323416",
            "nombre":"Janneth Vanessa",
            "apellido":"Mejía Urbano",
            "email":"vanemejia14@gmail.com",
            "fechaNacimiento":"18 ene 1984",
            "ciudadResidencia":"Pasto, Nariño, Colombia",
            "genero":"F",
            "celular":"",
            "listaInteresAreaEstudio":["Ciencias de la Salud","Ciencias Sociales"],
            "listaInteresIdioma":["ingles","frances"]}

04:09:05 186.86.106.117  respuesta HTTP/1.1 200 OK
Server: Apache-Coyote/1.1
Set-Cookie: JSESSIONID=WCLisFuV9zrAXA7qPX3sO6JT.undefined; Path=/Formulario-Interno
Content-Type: text/xml;charset=ISO-8859-1
Content-Length: 297
Date: Sun, 17 Sep 2017 21:05:05 GMT
Connection: close

&lt;soap:Envelope xmlns:soap=&quot;http://schemas.xmlsoap.org/soap/envelope/&quot;&gt;&lt;soap:Body&gt;&lt;ns1:crearFormularioPotencialResponse xmlns:ns1=&quot;http://www.colfuturo.org/potencial/ws/ServicioIntegracionPotencial&quot;&gt;&lt;return&gt;Creo formulario&lt;/return&gt;&lt;/ns1:crearFormularioPotencialResponse&gt;&lt;/soap:Body&gt;&lt;/soap:Envelope&gt;

04:09:46 181.57.243.33 desde:user/register preparando para almacenar usuario : 1020776267

04:09:46 181.57.243.33  conectando a : https://jboss2.colfuturo.org/Formulario-Interno/ServicioIntegracionPotencial?wsdl

04:09:46 181.57.243.33  enviando datos : {"numeroDocumento":"1020776267",
            "nombre":"Jenny Caroline",
            "apellido":"Dueñas Oviedo",
            "email":"jennydoviedo@gmail.com",
            "fechaNacimiento":"18 ene 1984",
            "ciudadResidencia":"Comoras",
            "genero":"F",
            "celular":"",
            "listaInteresAreaEstudio":["Ciencias Agropecuarias y del Medio Ambiente"],
            "listaInteresIdioma":[""]}

04:09:47 181.57.243.33  respuesta HTTP/1.1 200 OK
Server: Apache-Coyote/1.1
Set-Cookie: JSESSIONID=gYFyVLS+jSxw9VPsRd6VsR+X.undefined; Path=/Formulario-Interno
Content-Type: text/xml;charset=ISO-8859-1
Content-Length: 297
Date: Sun, 17 Sep 2017 21:15:46 GMT
Connection: close

&lt;soap:Envelope xmlns:soap=&quot;http://schemas.xmlsoap.org/soap/envelope/&quot;&gt;&lt;soap:Body&gt;&lt;ns1:crearFormularioPotencialResponse xmlns:ns1=&quot;http://www.colfuturo.org/potencial/ws/ServicioIntegracionPotencial&quot;&gt;&lt;return&gt;Creo formulario&lt;/return&gt;&lt;/ns1:crearFormularioPotencialResponse&gt;&lt;/soap:Body&gt;&lt;/soap:Envelope&gt;

04:09:31 190.128.8.28 desde:user/register preparando para almacenar usuario : 1088293578

04:09:31 190.128.8.28  conectando a : https://jboss2.colfuturo.org/Formulario-Interno/ServicioIntegracionPotencial?wsdl

04:09:31 190.128.8.28  enviando datos : {"numeroDocumento":"1088293578",
            "nombre":"Arturo",
            "apellido":"CardonaLondoño",
            "email":"arturo.23.cardona@gmail.com",
            "fechaNacimiento":"18 ene 1984",
            "ciudadResidencia":"Armenia, Quindío, Colombia",
            "genero":"M",
            "celular":"",
            "listaInteresAreaEstudio":[""],
            "listaInteresIdioma":["ingles"]}

04:09:32 190.128.8.28  respuesta HTTP/1.1 200 OK
Server: Apache-Coyote/1.1
Set-Cookie: JSESSIONID=jTRNi5LyCONkVoUaHVxyjtD4.undefined; Path=/Formulario-Interno
Content-Type: text/xml;charset=ISO-8859-1
Content-Length: 297
Date: Sun, 17 Sep 2017 21:29:31 GMT
Connection: close

&lt;soap:Envelope xmlns:soap=&quot;http://schemas.xmlsoap.org/soap/envelope/&quot;&gt;&lt;soap:Body&gt;&lt;ns1:crearFormularioPotencialResponse xmlns:ns1=&quot;http://www.colfuturo.org/potencial/ws/ServicioIntegracionPotencial&quot;&gt;&lt;return&gt;Creo formulario&lt;/return&gt;&lt;/ns1:crearFormularioPotencialResponse&gt;&lt;/soap:Body&gt;&lt;/soap:Envelope&gt;

04:09:53 190.143.61.65 desde:user/register preparando para almacenar usuario : 1140888903

04:09:53 190.143.61.65  conectando a : https://jboss2.colfuturo.org/Formulario-Interno/ServicioIntegracionPotencial?wsdl

04:09:53 190.143.61.65  enviando datos : {"numeroDocumento":"1140888903",
            "nombre":"Daniela ",
            "apellido":"fonseca",
            "email":"danielandreafs@hotmail.com",
            "fechaNacimiento":"18 ene 1984",
            "ciudadResidencia":"Barranquilla, Atlántico, Colombia",
            "genero":"M",
            "celular":"",
            "listaInteresAreaEstudio":["Derecho"],
            "listaInteresIdioma":["ingles","frances"]}

04:09:54 190.143.61.65  respuesta HTTP/1.1 200 OK
Server: Apache-Coyote/1.1
Set-Cookie: JSESSIONID=PnmhcwOravdq0R1dmXwfzKob.undefined; Path=/Formulario-Interno
Content-Type: text/xml;charset=ISO-8859-1
Content-Length: 297
Date: Sun, 17 Sep 2017 21:56:54 GMT
Connection: close

&lt;soap:Envelope xmlns:soap=&quot;http://schemas.xmlsoap.org/soap/envelope/&quot;&gt;&lt;soap:Body&gt;&lt;ns1:crearFormularioPotencialResponse xmlns:ns1=&quot;http://www.colfuturo.org/potencial/ws/ServicioIntegracionPotencial&quot;&gt;&lt;return&gt;Creo formulario&lt;/return&gt;&lt;/ns1:crearFormularioPotencialResponse&gt;&lt;/soap:Body&gt;&lt;/soap:Envelope&gt;

05:09:31 186.146.17.202 desde:user/register preparando para almacenar usuario : 1018455462

05:09:31 186.146.17.202  conectando a : https://jboss2.colfuturo.org/Formulario-Interno/ServicioIntegracionPotencial?wsdl

05:09:31 186.146.17.202  enviando datos : {"numeroDocumento":"1018455462",
            "nombre":"Nathaly",
            "apellido":"Vargas mejia",
            "email":"nathalyvargasmejia@gmail.com",
            "fechaNacimiento":"18 ene 1984",
            "ciudadResidencia":"Bogotá, Colombia",
            "genero":"F",
            "celular":"",
            "listaInteresAreaEstudio":["Derecho","Ingeniería"],
            "listaInteresIdioma":[""]}

05:09:32 186.146.17.202  respuesta HTTP/1.1 200 OK
Server: Apache-Coyote/1.1
Set-Cookie: JSESSIONID=eCgErRCuZNmDHAWUYaXIUkd9.undefined; Path=/Formulario-Interno
Content-Type: text/xml;charset=ISO-8859-1
Content-Length: 297
Date: Sun, 17 Sep 2017 22:59:32 GMT
Connection: close

&lt;soap:Envelope xmlns:soap=&quot;http://schemas.xmlsoap.org/soap/envelope/&quot;&gt;&lt;soap:Body&gt;&lt;ns1:crearFormularioPotencialResponse xmlns:ns1=&quot;http://www.colfuturo.org/potencial/ws/ServicioIntegracionPotencial&quot;&gt;&lt;return&gt;Creo formulario&lt;/return&gt;&lt;/ns1:crearFormularioPotencialResponse&gt;&lt;/soap:Body&gt;&lt;/soap:Envelope&gt;

06:09:29 190.242.75.201 desde:user/register preparando para almacenar usuario : 1098673851

06:09:29 190.242.75.201  conectando a : https://jboss2.colfuturo.org/Formulario-Interno/ServicioIntegracionPotencial?wsdl

06:09:29 190.242.75.201  enviando datos : {"numeroDocumento":"1098673851",
            "nombre":"Marla Katherine",
            "apellido":"Toledo camacho",
            "email":"Mellismarl2@outlook.com",
            "fechaNacimiento":"18 ene 1984",
            "ciudadResidencia":"Bogotá",
            "genero":"F",
            "celular":"",
            "listaInteresAreaEstudio":["Educación"],
            "listaInteresIdioma":[""]}

06:09:59 190.242.75.201  respuesta HTTP/1.1 200 OK
Server: Apache-Coyote/1.1
Set-Cookie: JSESSIONID=g9Zfn85HrdiLos9dcLY+3FMa.undefined; Path=/Formulario-Interno
Content-Type: text/xml;charset=ISO-8859-1
Content-Length: 297
Date: Sun, 17 Sep 2017 23:15:58 GMT
Connection: close

&lt;soap:Envelope xmlns:soap=&quot;http://schemas.xmlsoap.org/soap/envelope/&quot;&gt;&lt;soap:Body&gt;&lt;ns1:crearFormularioPotencialResponse xmlns:ns1=&quot;http://www.colfuturo.org/potencial/ws/ServicioIntegracionPotencial&quot;&gt;&lt;return&gt;Creo formulario&lt;/return&gt;&lt;/ns1:crearFormularioPotencialResponse&gt;&lt;/soap:Body&gt;&lt;/soap:Envelope&gt;

06:09:34 190.242.75.201 desde:user/167392 preparando para almacenar usuario : 1098673851

06:09:34 190.242.75.201  conectando a : https://jboss2.colfuturo.org/Formulario-Interno/ServicioIntegracionPotencial?wsdl

06:09:34 190.242.75.201  enviando datos : {"numeroDocumento":"1098673851",
            "nombre":"Marla Katherine",
            "apellido":"Toledo camacho",
            "email":"Mellismarl2@outlook.com",
            "fechaNacimiento":"18 ene 1984",
            "ciudadResidencia":"",
            "genero":"F",
            "celular":"",
            "listaInteresAreaEstudio":["Educación"],
            "listaInteresIdioma":[""]}

06:09:35 190.242.75.201  respuesta HTTP/1.1 200 OK
Server: Apache-Coyote/1.1
Set-Cookie: JSESSIONID=p-AIDC3rRLrRTD76sa9etdk1.undefined; Path=/Formulario-Interno
Content-Type: text/xml;charset=ISO-8859-1
Content-Length: 301
Date: Sun, 17 Sep 2017 23:22:34 GMT
Connection: close

&lt;soap:Envelope xmlns:soap=&quot;http://schemas.xmlsoap.org/soap/envelope/&quot;&gt;&lt;soap:Body&gt;&lt;ns1:crearFormularioPotencialResponse xmlns:ns1=&quot;http://www.colfuturo.org/potencial/ws/ServicioIntegracionPotencial&quot;&gt;&lt;return&gt;Encontro formulario&lt;/return&gt;&lt;/ns1:crearFormularioPotencialResponse&gt;&lt;/soap:Body&gt;&lt;/soap:Envelope&gt;

06:09:07 186.29.180.38 desde:user/register preparando para almacenar usuario : 1074557896

06:09:07 186.29.180.38  conectando a : https://jboss2.colfuturo.org/Formulario-Interno/ServicioIntegracionPotencial?wsdl

06:09:07 186.29.180.38  enviando datos : {"numeroDocumento":"1074557896",
            "nombre":"wilson francisco",
            "apellido":"vanegas salazar",
            "email":"pacok1230@hotmail.com",
            "fechaNacimiento":"18 ene 1984",
            "ciudadResidencia":"Bogotá, Colombia",
            "genero":"M",
            "celular":"",
            "listaInteresAreaEstudio":[""],
            "listaInteresIdioma":["ingles"]}

06:09:08 186.29.180.38  respuesta HTTP/1.1 200 OK
Server: Apache-Coyote/1.1
Set-Cookie: JSESSIONID=EUyvXRpwtaYLWjZSpzWRQ9n8.undefined; Path=/Formulario-Interno
Content-Type: text/xml;charset=ISO-8859-1
Content-Length: 297
Date: Sun, 17 Sep 2017 23:37:08 GMT
Connection: close

&lt;soap:Envelope xmlns:soap=&quot;http://schemas.xmlsoap.org/soap/envelope/&quot;&gt;&lt;soap:Body&gt;&lt;ns1:crearFormularioPotencialResponse xmlns:ns1=&quot;http://www.colfuturo.org/potencial/ws/ServicioIntegracionPotencial&quot;&gt;&lt;return&gt;Creo formulario&lt;/return&gt;&lt;/ns1:crearFormularioPotencialResponse&gt;&lt;/soap:Body&gt;&lt;/soap:Envelope&gt;

08:09:38 181.55.146.179 desde:user/register preparando para almacenar usuario : 1000942445

08:09:38 181.55.146.179  conectando a : https://jboss2.colfuturo.org/Formulario-Interno/ServicioIntegracionPotencial?wsdl

08:09:38 181.55.146.179  enviando datos : {"numeroDocumento":"1000942445",
            "nombre":"Manuela",
            "apellido":"Correa Calvo",
            "email":"manuelacorreacalvo@gmail.com",
            "fechaNacimiento":"18 ene 1984",
            "ciudadResidencia":"Bogotá, Colombia",
            "genero":"F",
            "celular":"",
            "listaInteresAreaEstudio":[""],
            "listaInteresIdioma":["ingles"]}

08:09:08 181.55.146.179  error inesperado 1: wsdl error: Getting https://jboss2.colfuturo.org/Formulario-Interno/ServicioIntegracionPotencial?wsdl - HTTP ERROR: cURL ERROR: 28: Operation timed out after 30000 milliseconds with 0 bytes received<br>url: https://jboss2.colfuturo.org:443/Formulario-Interno/ServicioIntegracionPotencial?wsdl<br>content_type: <br>http_code: 0<br>header_size: 0<br>request_size: 236<br>filetime: -1<br>ssl_verify_result: 0<br>redirect_count: 0<br>total_time: 30.000547<br>namelookup_time: 2.1E-5<br>connect_time: 0.000248<br>pretransfer_time: 0.029982<br>size_upload: 0<br>size_download: 0<br>speed_download: 0<br>speed_upload: 0<br>download_content_length: -1<br>upload_content_length: 0<br>starttransfer_time: 0<br>redirect_time: 0<br>redirect_url: <br>primary_ip: 173.192.111.232<br>certinfo: Array<br>primary_port: 443<br>local_ip: 10.40.142.6<br>local_port: 44651<br>

08:09:08 181.55.146.179  respuesta 

08:09:56 186.80.103.138 desde:user/register preparando para almacenar usuario : 1010194693

08:09:56 186.80.103.138  conectando a : https://jboss2.colfuturo.org/Formulario-Interno/ServicioIntegracionPotencial?wsdl

08:09:56 186.80.103.138  enviando datos : {"numeroDocumento":"1010194693",
            "nombre":"Rafael Leonardo",
            "apellido":"MUñoz Nieto",
            "email":"rlmunozn@unal.edu.co",
            "fechaNacimiento":"18 ene 1984",
            "ciudadResidencia":"Bogotá",
            "genero":"M",
            "celular":"",
            "listaInteresAreaEstudio":["Ingeniería"],
            "listaInteresIdioma":[""]}

08:09:26 186.80.103.138  error inesperado 1: wsdl error: Getting https://jboss2.colfuturo.org/Formulario-Interno/ServicioIntegracionPotencial?wsdl - HTTP ERROR: cURL ERROR: 28: Operation timed out after 30000 milliseconds with 0 bytes received<br>url: https://jboss2.colfuturo.org:443/Formulario-Interno/ServicioIntegracionPotencial?wsdl<br>content_type: <br>http_code: 0<br>header_size: 0<br>request_size: 236<br>filetime: -1<br>ssl_verify_result: 0<br>redirect_count: 0<br>total_time: 30.000275<br>namelookup_time: 0.001188<br>connect_time: 0.001382<br>pretransfer_time: 0.03252<br>size_upload: 0<br>size_download: 0<br>speed_download: 0<br>speed_upload: 0<br>download_content_length: -1<br>upload_content_length: 0<br>starttransfer_time: 0<br>redirect_time: 0<br>redirect_url: <br>primary_ip: 173.192.111.232<br>certinfo: Array<br>primary_port: 443<br>local_ip: 10.40.142.6<br>local_port: 45845<br>

08:09:26 186.80.103.138  respuesta 

08:09:37 200.118.169.13 desde:user/126828 preparando para almacenar usuario : 75086720

08:09:37 200.118.169.13  conectando a : https://jboss2.colfuturo.org/Formulario-Interno/ServicioIntegracionPotencial?wsdl

08:09:37 200.118.169.13  enviando datos : {"numeroDocumento":"75086720",
            "nombre":"Mauricio De Jesus",
            "apellido":"Gaviria Ramirez",
            "email":"mgaviria78@gmail.com",
            "fechaNacimiento":"18 ene 1984",
            "ciudadResidencia":"Bogotá, Colombia",
            "genero":"M",
            "celular":"",
            "listaInteresAreaEstudio":[""],
            "listaInteresIdioma":[""]}

08:09:07 200.118.169.13  error inesperado 1: wsdl error: Getting https://jboss2.colfuturo.org/Formulario-Interno/ServicioIntegracionPotencial?wsdl - HTTP ERROR: cURL ERROR: 28: Operation timed out after 30000 milliseconds with 0 bytes received<br>url: https://jboss2.colfuturo.org:443/Formulario-Interno/ServicioIntegracionPotencial?wsdl<br>content_type: <br>http_code: 0<br>header_size: 0<br>request_size: 232<br>filetime: -1<br>ssl_verify_result: 0<br>redirect_count: 0<br>total_time: 30.000086<br>namelookup_time: 0.001022<br>connect_time: 0.001352<br>pretransfer_time: 0.032574<br>size_upload: 0<br>size_download: 0<br>speed_download: 0<br>speed_upload: 0<br>download_content_length: -1<br>upload_content_length: 0<br>starttransfer_time: 0<br>redirect_time: 0<br>redirect_url: <br>primary_ip: 173.192.111.232<br>certinfo: Array<br>primary_port: 443<br>local_ip: 10.40.142.6<br>local_port: 45931<br>

08:09:07 200.118.169.13  respuesta 

09:09:37 181.55.125.59 desde:user/register preparando para almacenar usuario : 24341975

09:09:37 181.55.125.59  conectando a : https://jboss2.colfuturo.org/Formulario-Interno/ServicioIntegracionPotencial?wsdl

09:09:37 181.55.125.59  enviando datos : {"numeroDocumento":"24341975",
            "nombre":"Lina Marcela",
            "apellido":"Ocampo Castañeda",
            "email":"limarceoc81@hotmail.com",
            "fechaNacimiento":"18 ene 1984",
            "ciudadResidencia":"Manizales, Caldas, Colombia",
            "genero":"F",
            "celular":"",
            "listaInteresAreaEstudio":["Administración y Negocios","Ciencias Sociales"],
            "listaInteresIdioma":["ingles","frances"]}

09:09:03 181.55.125.59  error inesperado 1: wsdl error: Getting https://jboss2.colfuturo.org/Formulario-Interno/ServicioIntegracionPotencial?wsdl - HTTP ERROR: Unsupported HTTP response status 502 Bad Gateway (soapclient->response has contents of the response)

09:09:03 181.55.125.59  respuesta 

09:09:40 181.49.73.125 desde:user/register preparando para almacenar usuario : 1022432905

09:09:40 181.49.73.125  conectando a : https://jboss2.colfuturo.org/Formulario-Interno/ServicioIntegracionPotencial?wsdl

09:09:40 181.49.73.125  enviando datos : {"numeroDocumento":"1022432905",
            "nombre":"Valentina ",
            "apellido":"Arango Aguilar ",
            "email":"valentinaarango@usantotomas.edu.co",
            "fechaNacimiento":"18 ene 1984",
            "ciudadResidencia":"Bogotá, Colombia",
            "genero":"F",
            "celular":"",
            "listaInteresAreaEstudio":["Ciencias Sociales"],
            "listaInteresIdioma":["ingles"]}

09:09:40 181.49.73.125  error inesperado 1: wsdl error: Getting https://jboss2.colfuturo.org/Formulario-Interno/ServicioIntegracionPotencial?wsdl - HTTP ERROR: Unsupported HTTP response status 502 Bad Gateway (soapclient->response has contents of the response)

09:09:40 181.49.73.125  respuesta 

10:09:47 181.49.95.116 desde:user/register preparando para almacenar usuario : 1192784906

10:09:47 181.49.95.116  conectando a : https://jboss2.colfuturo.org/Formulario-Interno/ServicioIntegracionPotencial?wsdl

10:09:47 181.49.95.116  enviando datos : {"numeroDocumento":"1192784906",
            "nombre":"Sebastian",
            "apellido":"Londoño Gomez",
            "email":"ssebastian0626@gmail.com",
            "fechaNacimiento":"18 ene 1984",
            "ciudadResidencia":"Barranquilla, Atlántico, Colombia",
            "genero":"M",
            "celular":"",
            "listaInteresAreaEstudio":[""],
            "listaInteresIdioma":["frances"]}

10:09:47 181.49.95.116  error inesperado 1: wsdl error: Getting https://jboss2.colfuturo.org/Formulario-Interno/ServicioIntegracionPotencial?wsdl - HTTP ERROR: Unsupported HTTP response status 502 Bad Gateway (soapclient->response has contents of the response)

10:09:47 181.49.95.116  respuesta 

10:09:40 181.49.95.116 desde:user/167403 preparando para almacenar usuario : 1192784906

10:09:40 181.49.95.116  conectando a : https://jboss2.colfuturo.org/Formulario-Interno/ServicioIntegracionPotencial?wsdl

10:09:40 181.49.95.116  enviando datos : {"numeroDocumento":"1192784906",
            "nombre":"Sebastian",
            "apellido":"Londoño Gomez",
            "email":"ssebastian0626@gmail.com",
            "fechaNacimiento":"18 ene 1984",
            "ciudadResidencia":"Barranquilla, Atlántico, Colombia",
            "genero":"M",
            "celular":"",
            "listaInteresAreaEstudio":[""],
            "listaInteresIdioma":["frances"]}

10:09:06 181.49.95.116  error inesperado 1: wsdl error: Getting https://jboss2.colfuturo.org/Formulario-Interno/ServicioIntegracionPotencial?wsdl - HTTP ERROR: Unsupported HTTP response status 502 Bad Gateway (soapclient->response has contents of the response)

10:09:06 181.49.95.116  respuesta 

10:09:25 181.49.95.116 desde:user/167403 preparando para almacenar usuario : 1192784906

10:09:25 181.49.95.116  conectando a : https://jboss2.colfuturo.org/Formulario-Interno/ServicioIntegracionPotencial?wsdl

10:09:25 181.49.95.116  enviando datos : {"numeroDocumento":"1192784906",
            "nombre":"Sebastian",
            "apellido":"Londoño Gomez",
            "email":"ssebastian0626@gmail.com",
            "fechaNacimiento":"18 ene 1984",
            "ciudadResidencia":"Barranquilla, Atlántico, Colombia",
            "genero":"M",
            "celular":"",
            "listaInteresAreaEstudio":[""],
            "listaInteresIdioma":["frances"]}

10:09:55 181.49.95.116  error inesperado 1: wsdl error: Getting https://jboss2.colfuturo.org/Formulario-Interno/ServicioIntegracionPotencial?wsdl - HTTP ERROR: cURL ERROR: 28: Operation timed out after 30000 milliseconds with 0 bytes received<br>url: https://jboss2.colfuturo.org:443/Formulario-Interno/ServicioIntegracionPotencial?wsdl<br>content_type: <br>http_code: 0<br>header_size: 0<br>request_size: 236<br>filetime: -1<br>ssl_verify_result: 0<br>redirect_count: 0<br>total_time: 30.000355<br>namelookup_time: 0.001041<br>connect_time: 0.001311<br>pretransfer_time: 0.032541<br>size_upload: 0<br>size_download: 0<br>speed_download: 0<br>speed_upload: 0<br>download_content_length: -1<br>upload_content_length: 0<br>starttransfer_time: 0<br>redirect_time: 0<br>redirect_url: <br>primary_ip: 173.192.111.232<br>certinfo: Array<br>primary_port: 443<br>local_ip: 10.40.142.6<br>local_port: 50221<br>

10:09:55 181.49.95.116  respuesta 

10:09:16 190.24.59.207 desde:user/135684 preparando para almacenar usuario : 53070942

10:09:16 190.24.59.207  conectando a : https://jboss2.colfuturo.org/Formulario-Interno/ServicioIntegracionPotencial?wsdl

10:09:16 190.24.59.207  enviando datos : {"numeroDocumento":"53070942",
            "nombre":"María Camila",
            "apellido":"López Rojas",
            "email":"maria_camilalo@hotmail.com",
            "fechaNacimiento":"18 ene 1984",
            "ciudadResidencia":"Bogotá, Colombia",
            "genero":"M",
            "celular":"",
            "listaInteresAreaEstudio":["Administración y Negocios"],
            "listaInteresIdioma":[""]}

10:09:42 190.24.59.207  error inesperado 1: wsdl error: Getting https://jboss2.colfuturo.org/Formulario-Interno/ServicioIntegracionPotencial?wsdl - HTTP ERROR: Unsupported HTTP response status 502 Bad Gateway (soapclient->response has contents of the response)

10:09:42 190.24.59.207  respuesta 

11:09:11 181.137.64.55 desde:user/register preparando para almacenar usuario : 1037638998

11:09:11 181.137.64.55  conectando a : https://jboss2.colfuturo.org/Formulario-Interno/ServicioIntegracionPotencial?wsdl

11:09:11 181.137.64.55  enviando datos : {"numeroDocumento":"1037638998",
            "nombre":"Alejandro",
            "apellido":"Ossaba Restrepo",
            "email":"aossaba@eafit.edu.co",
            "fechaNacimiento":"18 ene 1984",
            "ciudadResidencia":"Medellín, Antioquia, Colombia",
            "genero":"M",
            "celular":"",
            "listaInteresAreaEstudio":["Ciencias Agropecuarias y del Medio Ambiente","Ingeniería"],
            "listaInteresIdioma":[""]}

11:09:36 181.137.64.55  error inesperado 1: wsdl error: Getting https://jboss2.colfuturo.org/Formulario-Interno/ServicioIntegracionPotencial?wsdl - HTTP ERROR: Unsupported HTTP response status 502 Bad Gateway (soapclient->response has contents of the response)

11:09:36 181.137.64.55  respuesta 

11:09:58 181.234.179.215 desde:user/register preparando para almacenar usuario : 1085280461

11:09:58 181.234.179.215  conectando a : https://jboss2.colfuturo.org/Formulario-Interno/ServicioIntegracionPotencial?wsdl

11:09:58 181.234.179.215  enviando datos : {"numeroDocumento":"1085280461",
            "nombre":"Jonnathan Jair",
            "apellido":"Ortiz Tonguino",
            "email":"jairtonguino@gmail.com",
            "fechaNacimiento":"18 ene 1984",
            "ciudadResidencia":"Pasto, Nariño, Colombia",
            "genero":"M",
            "celular":"",
            "listaInteresAreaEstudio":["Ciencias Sociales"],
            "listaInteresIdioma":[""]}

11:09:24 181.234.179.215  error inesperado 1: wsdl error: Getting https://jboss2.colfuturo.org/Formulario-Interno/ServicioIntegracionPotencial?wsdl - HTTP ERROR: Unsupported HTTP response status 502 Bad Gateway (soapclient->response has contents of the response)

11:09:24 181.234.179.215  respuesta 

11:09:06 161.18.138.87 desde:user/register preparando para almacenar usuario : 1001197842

11:09:06 161.18.138.87  conectando a : https://jboss2.colfuturo.org/Formulario-Interno/ServicioIntegracionPotencial?wsdl

11:09:06 161.18.138.87  enviando datos : {"numeroDocumento":"1001197842",
            "nombre":"luisa",
            "apellido":"jovel",
            "email":"fernandithapardo08@gmail.com",
            "fechaNacimiento":"18 ene 1984",
            "ciudadResidencia":"Bogotá, Colombia",
            "genero":"F",
            "celular":"",
            "listaInteresAreaEstudio":[""],
            "listaInteresIdioma":["ingles"]}

11:09:32 161.18.138.87  error inesperado 1: wsdl error: Getting https://jboss2.colfuturo.org/Formulario-Interno/ServicioIntegracionPotencial?wsdl - HTTP ERROR: Unsupported HTTP response status 502 Bad Gateway (soapclient->response has contents of the response)

11:09:32 161.18.138.87  respuesta 

11:09:45 161.18.138.87 desde:user/167408 preparando para almacenar usuario : 1001197842

11:09:45 161.18.138.87  conectando a : https://jboss2.colfuturo.org/Formulario-Interno/ServicioIntegracionPotencial?wsdl

11:09:45 161.18.138.87  enviando datos : {"numeroDocumento":"1001197842",
            "nombre":"luisa",
            "apellido":"jovel",
            "email":"fernandithapardo08@gmail.com",
            "fechaNacimiento":"18 ene 1984",
            "ciudadResidencia":"Bogotá, Colombia",
            "genero":"F",
            "celular":"",
            "listaInteresAreaEstudio":[""],
            "listaInteresIdioma":["ingles"]}

11:09:45 161.18.138.87  error inesperado 1: wsdl error: Getting https://jboss2.colfuturo.org/Formulario-Interno/ServicioIntegracionPotencial?wsdl - HTTP ERROR: Unsupported HTTP response status 502 Bad Gateway (soapclient->response has contents of the response)

11:09:45 161.18.138.87  respuesta 

