12:04:31 213.127.104.237 desde:user/register preparando para almacenar usuario : 1107073107

12:04:31 213.127.104.237  conectando a : https://jboss2.colfuturo.org/Formulario-Interno/ServicioIntegracionPotencial?wsdl

12:04:31 213.127.104.237  enviando datos : {"numeroDocumento":"1107073107",
            "nombre":"PAula",
            "apellido":"Gomez",
            "email":"paulaandreagomezguerrero@gmail.com",
            "fechaNacimiento":"18 ene 1984",
            "ciudadResidencia":"Geldrop, Países Bajos",
            "genero":"F",
            "celular":"",
            "listaInteresAreaEstudio":["Ciencias Agropecuarias y del Medio Ambiente","Ciencias Básicas"],
            "listaInteresIdioma":[""]}

12:04:32 213.127.104.237  respuesta HTTP/1.1 200 OK
Server: Apache-Coyote/1.1
Set-Cookie: JSESSIONID=K6s84Tnx3wt-fQuQDDZBqzQU.undefined; Path=/Formulario-Interno
Content-Type: text/xml;charset=ISO-8859-1
Content-Length: 297
Date: Mon, 09 Apr 2018 05:22:02 GMT
Connection: close

&lt;soap:Envelope xmlns:soap=&quot;http://schemas.xmlsoap.org/soap/envelope/&quot;&gt;&lt;soap:Body&gt;&lt;ns1:crearFormularioPotencialResponse xmlns:ns1=&quot;http://www.colfuturo.org/potencial/ws/ServicioIntegracionPotencial&quot;&gt;&lt;return&gt;Creo formulario&lt;/return&gt;&lt;/ns1:crearFormularioPotencialResponse&gt;&lt;/soap:Body&gt;&lt;/soap:Envelope&gt;

08:04:41 190.28.118.232 desde:user/register preparando para almacenar usuario : 1026151925

08:04:41 190.28.118.232  conectando a : https://jboss2.colfuturo.org/Formulario-Interno/ServicioIntegracionPotencial?wsdl

08:04:41 190.28.118.232  enviando datos : {"numeroDocumento":"1026151925",
            "nombre":"Sara Emiliana ",
            "apellido":"Ruiz Villada",
            "email":"emil21-10@hotmail.com",
            "fechaNacimiento":"18 ene 1984",
            "ciudadResidencia":"Medellín, Antioquia, Colombia",
            "genero":"F",
            "celular":"",
            "listaInteresAreaEstudio":["Ciencias Agropecuarias y del Medio Ambiente"],
            "listaInteresIdioma":[""]}

08:04:43 190.28.118.232  respuesta HTTP/1.1 200 OK
Server: Apache-Coyote/1.1
Set-Cookie: JSESSIONID=KTQGKgHqTdVWUPSDZnncwZuB.undefined; Path=/Formulario-Interno
Content-Type: text/xml;charset=ISO-8859-1
Content-Length: 297
Date: Mon, 09 Apr 2018 13:12:13 GMT
Connection: close

&lt;soap:Envelope xmlns:soap=&quot;http://schemas.xmlsoap.org/soap/envelope/&quot;&gt;&lt;soap:Body&gt;&lt;ns1:crearFormularioPotencialResponse xmlns:ns1=&quot;http://www.colfuturo.org/potencial/ws/ServicioIntegracionPotencial&quot;&gt;&lt;return&gt;Creo formulario&lt;/return&gt;&lt;/ns1:crearFormularioPotencialResponse&gt;&lt;/soap:Body&gt;&lt;/soap:Envelope&gt;

08:04:36 186.144.251.49 desde:user/register preparando para almacenar usuario : 1072669453

08:04:36 186.144.251.49  conectando a : https://jboss2.colfuturo.org/Formulario-Interno/ServicioIntegracionPotencial?wsdl

08:04:36 186.144.251.49  enviando datos : {"numeroDocumento":"1072669453",
            "nombre":"Jorge Alberto",
            "apellido":"Pinto Castillo",
            "email":"jorge_930614@hotmail.com",
            "fechaNacimiento":"18 ene 1984",
            "ciudadResidencia":"Bogotá, Colombia",
            "genero":"M",
            "celular":"",
            "listaInteresAreaEstudio":["Ingeniería"],
            "listaInteresIdioma":[""]}

08:04:38 186.144.251.49  respuesta HTTP/1.1 200 OK
Server: Apache-Coyote/1.1
Set-Cookie: JSESSIONID=hdpIxspclQKra6AwtcSezzO+.undefined; Path=/Formulario-Interno
Content-Type: text/xml;charset=ISO-8859-1
Content-Length: 297
Date: Mon, 09 Apr 2018 13:55:07 GMT
Connection: close

&lt;soap:Envelope xmlns:soap=&quot;http://schemas.xmlsoap.org/soap/envelope/&quot;&gt;&lt;soap:Body&gt;&lt;ns1:crearFormularioPotencialResponse xmlns:ns1=&quot;http://www.colfuturo.org/potencial/ws/ServicioIntegracionPotencial&quot;&gt;&lt;return&gt;Creo formulario&lt;/return&gt;&lt;/ns1:crearFormularioPotencialResponse&gt;&lt;/soap:Body&gt;&lt;/soap:Envelope&gt;

10:04:19 190.66.4.253 desde:user/register preparando para almacenar usuario : 1019103183

10:04:19 190.66.4.253  conectando a : https://jboss2.colfuturo.org/Formulario-Interno/ServicioIntegracionPotencial?wsdl

10:04:19 190.66.4.253  enviando datos : {"numeroDocumento":"1019103183",
            "nombre":"Jhon Alejandro ",
            "apellido":"Parraga Párraga",
            "email":"japp1994@gmail.com",
            "fechaNacimiento":"18 ene 1984",
            "ciudadResidencia":"Zipaquirá, Cundinamarca, Colombia",
            "genero":"M",
            "celular":"",
            "listaInteresAreaEstudio":["Administración y Negocios"],
            "listaInteresIdioma":["ingles","frances"]}

10:04:22 190.66.4.253  respuesta HTTP/1.1 200 OK
Server: Apache-Coyote/1.1
Set-Cookie: JSESSIONID=KARy38DQeel72hnQZNsoTmBL.undefined; Path=/Formulario-Interno
Content-Type: text/xml;charset=ISO-8859-1
Content-Length: 297
Date: Mon, 09 Apr 2018 15:22:52 GMT
Connection: close

&lt;soap:Envelope xmlns:soap=&quot;http://schemas.xmlsoap.org/soap/envelope/&quot;&gt;&lt;soap:Body&gt;&lt;ns1:crearFormularioPotencialResponse xmlns:ns1=&quot;http://www.colfuturo.org/potencial/ws/ServicioIntegracionPotencial&quot;&gt;&lt;return&gt;Creo formulario&lt;/return&gt;&lt;/ns1:crearFormularioPotencialResponse&gt;&lt;/soap:Body&gt;&lt;/soap:Envelope&gt;

10:04:38 177.252.248.63 desde:user/register preparando para almacenar usuario : 53135731

10:04:38 177.252.248.63  conectando a : https://jboss2.colfuturo.org/Formulario-Interno/ServicioIntegracionPotencial?wsdl

10:04:38 177.252.248.63  enviando datos : {"numeroDocumento":"53135731",
            "nombre":"LADY NATHALY",
            "apellido":"MARTINEZ CASTRO",
            "email":"natis_26natis@hotmail.com",
            "fechaNacimiento":"18 ene 1984",
            "ciudadResidencia":"Bogotá, Colombia",
            "genero":"F",
            "celular":"",
            "listaInteresAreaEstudio":["Administración y Negocios","Economía"],
            "listaInteresIdioma":["ingles","frances"]}

10:04:40 177.252.248.63  respuesta HTTP/1.1 200 OK
Server: Apache-Coyote/1.1
Set-Cookie: JSESSIONID=J-OineJs7G+zC5QjhBhhz25W.undefined; Path=/Formulario-Interno
Content-Type: text/xml;charset=ISO-8859-1
Content-Length: 297
Date: Mon, 09 Apr 2018 15:59:09 GMT
Connection: close

&lt;soap:Envelope xmlns:soap=&quot;http://schemas.xmlsoap.org/soap/envelope/&quot;&gt;&lt;soap:Body&gt;&lt;ns1:crearFormularioPotencialResponse xmlns:ns1=&quot;http://www.colfuturo.org/potencial/ws/ServicioIntegracionPotencial&quot;&gt;&lt;return&gt;Creo formulario&lt;/return&gt;&lt;/ns1:crearFormularioPotencialResponse&gt;&lt;/soap:Body&gt;&lt;/soap:Envelope&gt;

11:04:10 181.63.158.178 desde:user/register preparando para almacenar usuario : 1035441393

11:04:10 181.63.158.178  conectando a : https://jboss2.colfuturo.org/Formulario-Interno/ServicioIntegracionPotencial?wsdl

11:04:10 181.63.158.178  enviando datos : {"numeroDocumento":"1035441393",
            "nombre":"sergio andres",
            "apellido":"aguirre grisales",
            "email":"sergioaguisales@gmail.com",
            "fechaNacimiento":"18 ene 1984",
            "ciudadResidencia":"Medellín, Antioquia, Colombia",
            "genero":"M",
            "celular":"",
            "listaInteresAreaEstudio":[""],
            "listaInteresIdioma":["ingles","frances"]}

11:04:13 181.63.158.178  respuesta HTTP/1.1 200 OK
Server: Apache-Coyote/1.1
Set-Cookie: JSESSIONID=eVxiZHT2GLu79LrUFupBVYI9.undefined; Path=/Formulario-Interno
Content-Type: text/xml;charset=ISO-8859-1
Content-Length: 297
Date: Mon, 09 Apr 2018 16:17:42 GMT
Connection: close

&lt;soap:Envelope xmlns:soap=&quot;http://schemas.xmlsoap.org/soap/envelope/&quot;&gt;&lt;soap:Body&gt;&lt;ns1:crearFormularioPotencialResponse xmlns:ns1=&quot;http://www.colfuturo.org/potencial/ws/ServicioIntegracionPotencial&quot;&gt;&lt;return&gt;Creo formulario&lt;/return&gt;&lt;/ns1:crearFormularioPotencialResponse&gt;&lt;/soap:Body&gt;&lt;/soap:Envelope&gt;

11:04:20 190.145.101.26 desde:node/44 preparando para almacenar usuario : 52205895

11:04:20 190.145.101.26  conectando a : https://jboss2.colfuturo.org/Formulario-Interno/ServicioIntegracionPotencial?wsdl

11:04:20 190.145.101.26  enviando datos : {"numeroDocumento":"52205895",
            "nombre":"ANGELICA ",
            "apellido":"GONZALEZ",
            "email":"angelicamgonzalez@hotmail.com",
            "fechaNacimiento":"18 ene 1984",
            "ciudadResidencia":"Bogotá, Colombia",
            "genero":"F",
            "celular":"",
            "listaInteresAreaEstudio":[""],
            "listaInteresIdioma":[""]}

11:04:22 190.145.101.26  client->fault: 

11:04:22 190.145.101.26  respuesta HTTP/1.1 500 Internal Server Error
Server: Apache-Coyote/1.1
Set-Cookie: JSESSIONID=OGTVcWVBHLD6ZCBbxNlDsw1o.undefined; Path=/Formulario-Interno
Content-Type: text/xml;charset=ISO-8859-1
Content-Length: 225
Date: Mon, 09 Apr 2018 16:34:51 GMT
Connection: close

&lt;soap:Envelope xmlns:soap=&quot;http://schemas.xmlsoap.org/soap/envelope/&quot;&gt;&lt;soap:Body&gt;&lt;soap:Fault&gt;&lt;faultcode&gt;soap:Server&lt;/faultcode&gt;&lt;faultstring&gt;java.lang.NullPointerException&lt;/faultstring&gt;&lt;/soap:Fault&gt;&lt;/soap:Body&gt;&lt;/soap:Envelope&gt;

11:04:44 190.99.159.108 desde:user/register preparando para almacenar usuario : 1107513946

11:04:44 190.99.159.108  conectando a : https://jboss2.colfuturo.org/Formulario-Interno/ServicioIntegracionPotencial?wsdl

11:04:44 190.99.159.108  enviando datos : {"numeroDocumento":"1107513946",
            "nombre":"Jose Manuel ",
            "apellido":"Vargas Correal ",
            "email":"Jvargascorreal@gmail.com",
            "fechaNacimiento":"18 ene 1984",
            "ciudadResidencia":"Cali, Valle del Cauca, Colombia",
            "genero":"M",
            "celular":"",
            "listaInteresAreaEstudio":["Administración y Negocios","Ciencias Políticas y Relaciones Internacionales"],
            "listaInteresIdioma":["ingles"]}

11:04:46 190.99.159.108  respuesta HTTP/1.1 200 OK
Server: Apache-Coyote/1.1
Set-Cookie: JSESSIONID=dLUMkGVNrZCvWJmr+l2BUec1.undefined; Path=/Formulario-Interno
Content-Type: text/xml;charset=ISO-8859-1
Content-Length: 297
Date: Mon, 09 Apr 2018 16:42:15 GMT
Connection: close

&lt;soap:Envelope xmlns:soap=&quot;http://schemas.xmlsoap.org/soap/envelope/&quot;&gt;&lt;soap:Body&gt;&lt;ns1:crearFormularioPotencialResponse xmlns:ns1=&quot;http://www.colfuturo.org/potencial/ws/ServicioIntegracionPotencial&quot;&gt;&lt;return&gt;Creo formulario&lt;/return&gt;&lt;/ns1:crearFormularioPotencialResponse&gt;&lt;/soap:Body&gt;&lt;/soap:Envelope&gt;

12:04:35 186.29.134.44 desde:user/register preparando para almacenar usuario : 1026300016

12:04:35 186.29.134.44  conectando a : https://jboss2.colfuturo.org/Formulario-Interno/ServicioIntegracionPotencial?wsdl

12:04:35 186.29.134.44  enviando datos : {"numeroDocumento":"1026300016",
            "nombre":"cristian camilo",
            "apellido":"moreno narvaez",
            "email":"cristianmorenonarvaez@outlook.com",
            "fechaNacimiento":"18 ene 1984",
            "ciudadResidencia":"Bogotá, Colombia",
            "genero":"M",
            "celular":"",
            "listaInteresAreaEstudio":["Ciencias Básicas","Economía"],
            "listaInteresIdioma":[""]}

12:04:37 186.29.134.44  respuesta HTTP/1.1 200 OK
Server: Apache-Coyote/1.1
Set-Cookie: JSESSIONID=zIRCBTKiQpiSdr90xcnpuDsc.undefined; Path=/Formulario-Interno
Content-Type: text/xml;charset=ISO-8859-1
Content-Length: 297
Date: Mon, 09 Apr 2018 18:00:06 GMT
Connection: close

&lt;soap:Envelope xmlns:soap=&quot;http://schemas.xmlsoap.org/soap/envelope/&quot;&gt;&lt;soap:Body&gt;&lt;ns1:crearFormularioPotencialResponse xmlns:ns1=&quot;http://www.colfuturo.org/potencial/ws/ServicioIntegracionPotencial&quot;&gt;&lt;return&gt;Creo formulario&lt;/return&gt;&lt;/ns1:crearFormularioPotencialResponse&gt;&lt;/soap:Body&gt;&lt;/soap:Envelope&gt;

01:04:36 190.242.40.194 desde:user/register preparando para almacenar usuario : 1044432138

01:04:36 190.242.40.194  conectando a : https://jboss2.colfuturo.org/Formulario-Interno/ServicioIntegracionPotencial?wsdl

01:04:36 190.242.40.194  enviando datos : {"numeroDocumento":"1044432138",
            "nombre":"Carolina",
            "apellido":"Paez",
            "email":"carolina.p.j@hotmail.com",
            "fechaNacimiento":"18 ene 1984",
            "ciudadResidencia":"Barranquilla, Atlántico, Colombia",
            "genero":"F",
            "celular":"",
            "listaInteresAreaEstudio":["Ingeniería"],
            "listaInteresIdioma":["ingles","frances"]}

01:04:37 190.242.40.194  respuesta HTTP/1.1 200 OK
Server: Apache-Coyote/1.1
Set-Cookie: JSESSIONID=kMYO+55Ay1hXQpGd9vxtpNV4.undefined; Path=/Formulario-Interno
Content-Type: text/xml;charset=ISO-8859-1
Content-Length: 297
Date: Mon, 09 Apr 2018 18:33:07 GMT
Connection: close

&lt;soap:Envelope xmlns:soap=&quot;http://schemas.xmlsoap.org/soap/envelope/&quot;&gt;&lt;soap:Body&gt;&lt;ns1:crearFormularioPotencialResponse xmlns:ns1=&quot;http://www.colfuturo.org/potencial/ws/ServicioIntegracionPotencial&quot;&gt;&lt;return&gt;Creo formulario&lt;/return&gt;&lt;/ns1:crearFormularioPotencialResponse&gt;&lt;/soap:Body&gt;&lt;/soap:Envelope&gt;

01:04:17 186.178.5.75 desde:user/register preparando para almacenar usuario : 0924294473

01:04:17 186.178.5.75  conectando a : https://jboss2.colfuturo.org/Formulario-Interno/ServicioIntegracionPotencial?wsdl

01:04:17 186.178.5.75  enviando datos : {"numeroDocumento":"0924294473",
            "nombre":"MARCIA NATHALY",
            "apellido":"VILLAVICENCIO MOREJON",
            "email":"mnvm89@hotmail.com",
            "fechaNacimiento":"18 ene 1984",
            "ciudadResidencia":"Guayaquil, Ecuador",
            "genero":"F",
            "celular":"",
            "listaInteresAreaEstudio":[""],
            "listaInteresIdioma":["ingles"]}

01:04:18 186.178.5.75  respuesta HTTP/1.1 200 OK
Server: Apache-Coyote/1.1
Set-Cookie: JSESSIONID=v+ZYMRs4WzI74aeTYRb-2Ysv.undefined; Path=/Formulario-Interno
Content-Type: text/xml;charset=ISO-8859-1
Content-Length: 297
Date: Mon, 09 Apr 2018 18:45:48 GMT
Connection: close

&lt;soap:Envelope xmlns:soap=&quot;http://schemas.xmlsoap.org/soap/envelope/&quot;&gt;&lt;soap:Body&gt;&lt;ns1:crearFormularioPotencialResponse xmlns:ns1=&quot;http://www.colfuturo.org/potencial/ws/ServicioIntegracionPotencial&quot;&gt;&lt;return&gt;Creo formulario&lt;/return&gt;&lt;/ns1:crearFormularioPotencialResponse&gt;&lt;/soap:Body&gt;&lt;/soap:Envelope&gt;

01:04:04 152.200.226.227 desde:user/register preparando para almacenar usuario : 7187761

01:04:04 152.200.226.227  conectando a : https://jboss2.colfuturo.org/Formulario-Interno/ServicioIntegracionPotencial?wsdl

01:04:04 152.200.226.227  enviando datos : {"numeroDocumento":"7187761",
            "nombre":"EDISON DOLCEY",
            "apellido":"ARIAS AVILA",
            "email":"edido18@hotmail.com",
            "fechaNacimiento":"18 ene 1984",
            "ciudadResidencia":"Bogotá, Colombia",
            "genero":"M",
            "celular":"",
            "listaInteresAreaEstudio":["Administración y Negocios"],
            "listaInteresIdioma":[""]}

01:04:05 152.200.226.227  respuesta HTTP/1.1 200 OK
Server: Apache-Coyote/1.1
Set-Cookie: JSESSIONID=-0FwOQjAdwIPZMW5IP+YN4zE.undefined; Path=/Formulario-Interno
Content-Type: text/xml;charset=ISO-8859-1
Content-Length: 297
Date: Mon, 09 Apr 2018 18:55:35 GMT
Connection: close

&lt;soap:Envelope xmlns:soap=&quot;http://schemas.xmlsoap.org/soap/envelope/&quot;&gt;&lt;soap:Body&gt;&lt;ns1:crearFormularioPotencialResponse xmlns:ns1=&quot;http://www.colfuturo.org/potencial/ws/ServicioIntegracionPotencial&quot;&gt;&lt;return&gt;Creo formulario&lt;/return&gt;&lt;/ns1:crearFormularioPotencialResponse&gt;&lt;/soap:Body&gt;&lt;/soap:Envelope&gt;

01:04:06 186.183.169.191 desde:user/register preparando para almacenar usuario : 1044623613

01:04:06 186.183.169.191  conectando a : https://jboss2.colfuturo.org/Formulario-Interno/ServicioIntegracionPotencial?wsdl

01:04:06 186.183.169.191  enviando datos : {"numeroDocumento":"1044623613",
            "nombre":"Caren Carina",
            "apellido":"Aguilera Atencia",
            "email":"aguileracaren@gmail.com",
            "fechaNacimiento":"18 ene 1984",
            "ciudadResidencia":"Bucaramanga, Santander, Colombia",
            "genero":"F",
            "celular":"",
            "listaInteresAreaEstudio":["Ciencias de la Salud"],
            "listaInteresIdioma":[""]}

01:04:08 186.183.169.191  respuesta HTTP/1.1 200 OK
Server: Apache-Coyote/1.1
Set-Cookie: JSESSIONID=lvGOhn4+mbnb24Cay55sh765.undefined; Path=/Formulario-Interno
Content-Type: text/xml;charset=ISO-8859-1
Content-Length: 297
Date: Mon, 09 Apr 2018 18:59:37 GMT
Connection: close

&lt;soap:Envelope xmlns:soap=&quot;http://schemas.xmlsoap.org/soap/envelope/&quot;&gt;&lt;soap:Body&gt;&lt;ns1:crearFormularioPotencialResponse xmlns:ns1=&quot;http://www.colfuturo.org/potencial/ws/ServicioIntegracionPotencial&quot;&gt;&lt;return&gt;Creo formulario&lt;/return&gt;&lt;/ns1:crearFormularioPotencialResponse&gt;&lt;/soap:Body&gt;&lt;/soap:Envelope&gt;

02:04:43 190.147.121.35 desde:user/register preparando para almacenar usuario : 79732264

02:04:43 190.147.121.35  conectando a : https://jboss2.colfuturo.org/Formulario-Interno/ServicioIntegracionPotencial?wsdl

02:04:43 190.147.121.35  enviando datos : {"numeroDocumento":"79732264",
            "nombre":"JORGE",
            "apellido":"OTERO CAMARGO",
            "email":"jotero79@gmail.com",
            "fechaNacimiento":"18 ene 1984",
            "ciudadResidencia":"Bogotá, Colombia",
            "genero":"M",
            "celular":"",
            "listaInteresAreaEstudio":[""],
            "listaInteresIdioma":["ingles"]}

02:04:45 190.147.121.35  respuesta HTTP/1.1 200 OK
Server: Apache-Coyote/1.1
Set-Cookie: JSESSIONID=8kGNVludYmOJf06WiW9mhpPQ.undefined; Path=/Formulario-Interno
Content-Type: text/xml;charset=ISO-8859-1
Content-Length: 297
Date: Mon, 09 Apr 2018 19:10:15 GMT
Connection: close

&lt;soap:Envelope xmlns:soap=&quot;http://schemas.xmlsoap.org/soap/envelope/&quot;&gt;&lt;soap:Body&gt;&lt;ns1:crearFormularioPotencialResponse xmlns:ns1=&quot;http://www.colfuturo.org/potencial/ws/ServicioIntegracionPotencial&quot;&gt;&lt;return&gt;Creo formulario&lt;/return&gt;&lt;/ns1:crearFormularioPotencialResponse&gt;&lt;/soap:Body&gt;&lt;/soap:Envelope&gt;

03:04:28 190.85.140.89 desde:node/44 preparando para almacenar usuario : 80544012

03:04:28 190.85.140.89  conectando a : https://jboss2.colfuturo.org/Formulario-Interno/ServicioIntegracionPotencial?wsdl

03:04:28 190.85.140.89  enviando datos : {"numeroDocumento":"80544012",
            "nombre":"aldo fernando",
            "apellido":"bohorquez castro",
            "email":"neo40908@gmail.com",
            "fechaNacimiento":"18 ene 1984",
            "ciudadResidencia":"Cajicá, Cundinamarca, Colombia",
            "genero":"M",
            "celular":"",
            "listaInteresAreaEstudio":[""],
            "listaInteresIdioma":[""]}

03:04:30 190.85.140.89  client->fault: 

03:04:30 190.85.140.89  respuesta HTTP/1.1 500 Internal Server Error
Server: Apache-Coyote/1.1
Set-Cookie: JSESSIONID=bFFHTr70nbgXx7m6WaaNPPYg.undefined; Path=/Formulario-Interno
Content-Type: text/xml;charset=ISO-8859-1
Content-Length: 225
Date: Mon, 09 Apr 2018 20:33:59 GMT
Connection: close

&lt;soap:Envelope xmlns:soap=&quot;http://schemas.xmlsoap.org/soap/envelope/&quot;&gt;&lt;soap:Body&gt;&lt;soap:Fault&gt;&lt;faultcode&gt;soap:Server&lt;/faultcode&gt;&lt;faultstring&gt;java.lang.NullPointerException&lt;/faultstring&gt;&lt;/soap:Fault&gt;&lt;/soap:Body&gt;&lt;/soap:Envelope&gt;

04:04:21 80.145.22.69 desde:user/register preparando para almacenar usuario : 1016036035

04:04:21 80.145.22.69  conectando a : https://jboss2.colfuturo.org/Formulario-Interno/ServicioIntegracionPotencial?wsdl

04:04:21 80.145.22.69  enviando datos : {"numeroDocumento":"1016036035",
            "nombre":"Ana Milena",
            "apellido":"Gonzalez Vargas",
            "email":"anamile1406@gmail.com",
            "fechaNacimiento":"18 ene 1984",
            "ciudadResidencia":"Langenbach, Alemania",
            "genero":"F",
            "celular":"",
            "listaInteresAreaEstudio":["Ciencias Sociales","Educación","Ingeniería"],
            "listaInteresIdioma":["ingles"]}

04:04:23 80.145.22.69  respuesta HTTP/1.1 200 OK
Server: Apache-Coyote/1.1
Set-Cookie: JSESSIONID=cnFmQxCquotwmQz4fwzbiV1a.undefined; Path=/Formulario-Interno
Content-Type: text/xml;charset=ISO-8859-1
Content-Length: 297
Date: Mon, 09 Apr 2018 21:03:53 GMT
Connection: close

&lt;soap:Envelope xmlns:soap=&quot;http://schemas.xmlsoap.org/soap/envelope/&quot;&gt;&lt;soap:Body&gt;&lt;ns1:crearFormularioPotencialResponse xmlns:ns1=&quot;http://www.colfuturo.org/potencial/ws/ServicioIntegracionPotencial&quot;&gt;&lt;return&gt;Creo formulario&lt;/return&gt;&lt;/ns1:crearFormularioPotencialResponse&gt;&lt;/soap:Body&gt;&lt;/soap:Envelope&gt;

04:04:31 177.252.244.42 desde:user/register preparando para almacenar usuario : 1128264805

04:04:31 177.252.244.42  conectando a : https://jboss2.colfuturo.org/Formulario-Interno/ServicioIntegracionPotencial?wsdl

04:04:31 177.252.244.42  enviando datos : {"numeroDocumento":"1128264805",
            "nombre":"maria fernanda",
            "apellido":"maya velasquez",
            "email":"mariafernanda_maya@hotmail.com",
            "fechaNacimiento":"18 ene 1984",
            "ciudadResidencia":"Medellín, Antioquia, Colombia",
            "genero":"F",
            "celular":"",
            "listaInteresAreaEstudio":[""],
            "listaInteresIdioma":["ingles"]}

04:04:32 177.252.244.42  respuesta HTTP/1.1 200 OK
Server: Apache-Coyote/1.1
Set-Cookie: JSESSIONID=rz1zj3FavFAV89t7vgwEDKbi.undefined; Path=/Formulario-Interno
Content-Type: text/xml;charset=ISO-8859-1
Content-Length: 297
Date: Mon, 09 Apr 2018 21:47:02 GMT
Connection: close

&lt;soap:Envelope xmlns:soap=&quot;http://schemas.xmlsoap.org/soap/envelope/&quot;&gt;&lt;soap:Body&gt;&lt;ns1:crearFormularioPotencialResponse xmlns:ns1=&quot;http://www.colfuturo.org/potencial/ws/ServicioIntegracionPotencial&quot;&gt;&lt;return&gt;Creo formulario&lt;/return&gt;&lt;/ns1:crearFormularioPotencialResponse&gt;&lt;/soap:Body&gt;&lt;/soap:Envelope&gt;

05:04:51 186.28.243.194 desde:user/register preparando para almacenar usuario : 53132324

05:04:51 186.28.243.194  conectando a : https://jboss2.colfuturo.org/Formulario-Interno/ServicioIntegracionPotencial?wsdl

05:04:51 186.28.243.194  enviando datos : {"numeroDocumento":"53132324",
            "nombre":"Leidy Johanna",
            "apellido":"Pedreros Páez",
            "email":"leidy.pedreros@gmail.com",
            "fechaNacimiento":"18 ene 1984",
            "ciudadResidencia":"Bogotá DC, Bogotá, Colombia",
            "genero":"F",
            "celular":"",
            "listaInteresAreaEstudio":[""],
            "listaInteresIdioma":["ingles"]}

05:04:53 186.28.243.194  respuesta HTTP/1.1 200 OK
Server: Apache-Coyote/1.1
Set-Cookie: JSESSIONID=vjsOWwrqWWJWAWcOfuqSfPIK.undefined; Path=/Formulario-Interno
Content-Type: text/xml;charset=ISO-8859-1
Content-Length: 297
Date: Mon, 09 Apr 2018 22:31:23 GMT
Connection: close

&lt;soap:Envelope xmlns:soap=&quot;http://schemas.xmlsoap.org/soap/envelope/&quot;&gt;&lt;soap:Body&gt;&lt;ns1:crearFormularioPotencialResponse xmlns:ns1=&quot;http://www.colfuturo.org/potencial/ws/ServicioIntegracionPotencial&quot;&gt;&lt;return&gt;Creo formulario&lt;/return&gt;&lt;/ns1:crearFormularioPotencialResponse&gt;&lt;/soap:Body&gt;&lt;/soap:Envelope&gt;

06:04:08 181.49.84.98 desde:user/register preparando para almacenar usuario : 67040443

06:04:08 181.49.84.98  conectando a : https://jboss2.colfuturo.org/Formulario-Interno/ServicioIntegracionPotencial?wsdl

06:04:08 181.49.84.98  enviando datos : {"numeroDocumento":"67040443",
            "nombre":"Vanessa",
            "apellido":"Agudelo Valderrama",
            "email":"nirvana02256@gmail.com",
            "fechaNacimiento":"18 ene 1984",
            "ciudadResidencia":"Cali, Valle del Cauca, Colombia",
            "genero":"F",
            "celular":"",
            "listaInteresAreaEstudio":["Ciencias Agropecuarias y del Medio Ambiente"],
            "listaInteresIdioma":[""]}

06:04:09 181.49.84.98  respuesta HTTP/1.1 200 OK
Server: Apache-Coyote/1.1
Set-Cookie: JSESSIONID=srQYHQWxyNWgwbc8JZuZwmKF.undefined; Path=/Formulario-Interno
Content-Type: text/xml;charset=ISO-8859-1
Content-Length: 297
Date: Mon, 09 Apr 2018 23:17:39 GMT
Connection: close

&lt;soap:Envelope xmlns:soap=&quot;http://schemas.xmlsoap.org/soap/envelope/&quot;&gt;&lt;soap:Body&gt;&lt;ns1:crearFormularioPotencialResponse xmlns:ns1=&quot;http://www.colfuturo.org/potencial/ws/ServicioIntegracionPotencial&quot;&gt;&lt;return&gt;Creo formulario&lt;/return&gt;&lt;/ns1:crearFormularioPotencialResponse&gt;&lt;/soap:Body&gt;&lt;/soap:Envelope&gt;

07:04:27 181.53.164.50 desde:user/register preparando para almacenar usuario : 1018467158

07:04:27 181.53.164.50  conectando a : https://jboss2.colfuturo.org/Formulario-Interno/ServicioIntegracionPotencial?wsdl

07:04:27 181.53.164.50  enviando datos : {"numeroDocumento":"1018467158",
            "nombre":"Laura ",
            "apellido":"Dávila",
            "email":"laurava.94@gmail.com",
            "fechaNacimiento":"18 ene 1984",
            "ciudadResidencia":"Pasto, Nariño, Colombia",
            "genero":"F",
            "celular":"",
            "listaInteresAreaEstudio":["Artes"],
            "listaInteresIdioma":["frances"]}

07:04:28 181.53.164.50  respuesta HTTP/1.1 200 OK
Server: Apache-Coyote/1.1
Set-Cookie: JSESSIONID=zzXYkoaxvm7z0oP5vV-l8gBM.undefined; Path=/Formulario-Interno
Content-Type: text/xml;charset=ISO-8859-1
Content-Length: 297
Date: Tue, 10 Apr 2018 00:50:58 GMT
Connection: close

&lt;soap:Envelope xmlns:soap=&quot;http://schemas.xmlsoap.org/soap/envelope/&quot;&gt;&lt;soap:Body&gt;&lt;ns1:crearFormularioPotencialResponse xmlns:ns1=&quot;http://www.colfuturo.org/potencial/ws/ServicioIntegracionPotencial&quot;&gt;&lt;return&gt;Creo formulario&lt;/return&gt;&lt;/ns1:crearFormularioPotencialResponse&gt;&lt;/soap:Body&gt;&lt;/soap:Envelope&gt;

08:04:46 190.84.112.9 desde:user/register preparando para almacenar usuario : 1032478258

08:04:46 190.84.112.9  conectando a : https://jboss2.colfuturo.org/Formulario-Interno/ServicioIntegracionPotencial?wsdl

08:04:46 190.84.112.9  enviando datos : {"numeroDocumento":"1032478258",
            "nombre":"Elena Sofía",
            "apellido":"Prieto León",
            "email":"elesofi@gmail.com",
            "fechaNacimiento":"18 ene 1984",
            "ciudadResidencia":"Bogotá, Colombia",
            "genero":"F",
            "celular":"",
            "listaInteresAreaEstudio":["Ciencias Básicas","Economía"],
            "listaInteresIdioma":[""]}

08:04:47 190.84.112.9  respuesta HTTP/1.1 200 OK
Server: Apache-Coyote/1.1
Set-Cookie: JSESSIONID=Cz8cPt0MrWQowRQqn4zh1oQQ.undefined; Path=/Formulario-Interno
Content-Type: text/xml;charset=ISO-8859-1
Content-Length: 297
Date: Tue, 10 Apr 2018 01:05:17 GMT
Connection: close

&lt;soap:Envelope xmlns:soap=&quot;http://schemas.xmlsoap.org/soap/envelope/&quot;&gt;&lt;soap:Body&gt;&lt;ns1:crearFormularioPotencialResponse xmlns:ns1=&quot;http://www.colfuturo.org/potencial/ws/ServicioIntegracionPotencial&quot;&gt;&lt;return&gt;Creo formulario&lt;/return&gt;&lt;/ns1:crearFormularioPotencialResponse&gt;&lt;/soap:Body&gt;&lt;/soap:Envelope&gt;

08:04:56 181.57.250.167 desde:node/44 preparando para almacenar usuario : 80875306

08:04:56 181.57.250.167  conectando a : https://jboss2.colfuturo.org/Formulario-Interno/ServicioIntegracionPotencial?wsdl

08:04:56 181.57.250.167  enviando datos : {"numeroDocumento":"80875306",
            "nombre":"Mauricio Alberto",
            "apellido":"Garcia Martinez ",
            "email":"mauriciogarcia027@gmail.com",
            "fechaNacimiento":"18 ene 1984",
            "ciudadResidencia":"Facatativá, Cundinamarca, Colombia",
            "genero":"M",
            "celular":"",
            "listaInteresAreaEstudio":[""],
            "listaInteresIdioma":[""]}

08:04:58 181.57.250.167  client->fault: 

08:04:58 181.57.250.167  respuesta HTTP/1.1 500 Internal Server Error
Server: Apache-Coyote/1.1
Set-Cookie: JSESSIONID=Ln5AKmkRNC4qLD-jZH2UwvWH.undefined; Path=/Formulario-Interno
Content-Type: text/xml;charset=ISO-8859-1
Content-Length: 225
Date: Tue, 10 Apr 2018 01:33:27 GMT
Connection: close

&lt;soap:Envelope xmlns:soap=&quot;http://schemas.xmlsoap.org/soap/envelope/&quot;&gt;&lt;soap:Body&gt;&lt;soap:Fault&gt;&lt;faultcode&gt;soap:Server&lt;/faultcode&gt;&lt;faultstring&gt;java.lang.NullPointerException&lt;/faultstring&gt;&lt;/soap:Fault&gt;&lt;/soap:Body&gt;&lt;/soap:Envelope&gt;

08:04:05 181.56.27.15 desde:user/register preparando para almacenar usuario : 44007147

08:04:05 181.56.27.15  conectando a : https://jboss2.colfuturo.org/Formulario-Interno/ServicioIntegracionPotencial?wsdl

08:04:05 181.56.27.15  enviando datos : {"numeroDocumento":"44007147",
            "nombre":"Claudia",
            "apellido":"Ospina ruiz",
            "email":"papu1112@hotmail.com",
            "fechaNacimiento":"18 ene 1984",
            "ciudadResidencia":"Medellín, Antioquia, Colombia",
            "genero":"F",
            "celular":"",
            "listaInteresAreaEstudio":["Educación"],
            "listaInteresIdioma":["ingles","frances"]}

08:04:06 181.56.27.15  respuesta HTTP/1.1 200 OK
Server: Apache-Coyote/1.1
Set-Cookie: JSESSIONID=IQpD8gJ5WOlGiYwuqgsxRmLm.undefined; Path=/Formulario-Interno
Content-Type: text/xml;charset=ISO-8859-1
Content-Length: 297
Date: Tue, 10 Apr 2018 01:33:36 GMT
Connection: close

&lt;soap:Envelope xmlns:soap=&quot;http://schemas.xmlsoap.org/soap/envelope/&quot;&gt;&lt;soap:Body&gt;&lt;ns1:crearFormularioPotencialResponse xmlns:ns1=&quot;http://www.colfuturo.org/potencial/ws/ServicioIntegracionPotencial&quot;&gt;&lt;return&gt;Creo formulario&lt;/return&gt;&lt;/ns1:crearFormularioPotencialResponse&gt;&lt;/soap:Body&gt;&lt;/soap:Envelope&gt;

10:04:58 186.144.254.4 desde:user/register preparando para almacenar usuario : 1121895386

10:04:58 186.144.254.4  conectando a : https://jboss2.colfuturo.org/Formulario-Interno/ServicioIntegracionPotencial?wsdl

10:04:58 186.144.254.4  enviando datos : {"numeroDocumento":"1121895386",
            "nombre":"Laura",
            "apellido":"Anaya",
            "email":"laura.anaya1192@gmail.com",
            "fechaNacimiento":"18 ene 1984",
            "ciudadResidencia":"Bogotá, Colombia",
            "genero":"F",
            "celular":"",
            "listaInteresAreaEstudio":["Administración y Negocios"],
            "listaInteresIdioma":[""]}

10:04:00 186.144.254.4  respuesta HTTP/1.1 200 OK
Server: Apache-Coyote/1.1
Set-Cookie: JSESSIONID=tbl5m9uL6zdGjpY6J-IBCxrl.undefined; Path=/Formulario-Interno
Content-Type: text/xml;charset=ISO-8859-1
Content-Length: 297
Date: Tue, 10 Apr 2018 03:04:30 GMT
Connection: close

&lt;soap:Envelope xmlns:soap=&quot;http://schemas.xmlsoap.org/soap/envelope/&quot;&gt;&lt;soap:Body&gt;&lt;ns1:crearFormularioPotencialResponse xmlns:ns1=&quot;http://www.colfuturo.org/potencial/ws/ServicioIntegracionPotencial&quot;&gt;&lt;return&gt;Creo formulario&lt;/return&gt;&lt;/ns1:crearFormularioPotencialResponse&gt;&lt;/soap:Body&gt;&lt;/soap:Envelope&gt;

10:04:02 201.233.131.5 desde:user/register preparando para almacenar usuario : 1128415366

10:04:02 201.233.131.5  conectando a : https://jboss2.colfuturo.org/Formulario-Interno/ServicioIntegracionPotencial?wsdl

10:04:02 201.233.131.5  enviando datos : {"numeroDocumento":"1128415366",
            "nombre":"Paula",
            "apellido":"Hoyos",
            "email":"paulyhoyos812@hotmail.com",
            "fechaNacimiento":"18 ene 1984",
            "ciudadResidencia":"Medellín, Antioquia, Colombia",
            "genero":"F",
            "celular":"",
            "listaInteresAreaEstudio":["Administración y Negocios"],
            "listaInteresIdioma":[""]}

10:04:03 201.233.131.5  respuesta HTTP/1.1 200 OK
Server: Apache-Coyote/1.1
Set-Cookie: JSESSIONID=zH-uDoHLerhSw2RRy99zZFUm.undefined; Path=/Formulario-Interno
Content-Type: text/xml;charset=ISO-8859-1
Content-Length: 297
Date: Tue, 10 Apr 2018 03:16:33 GMT
Connection: close

&lt;soap:Envelope xmlns:soap=&quot;http://schemas.xmlsoap.org/soap/envelope/&quot;&gt;&lt;soap:Body&gt;&lt;ns1:crearFormularioPotencialResponse xmlns:ns1=&quot;http://www.colfuturo.org/potencial/ws/ServicioIntegracionPotencial&quot;&gt;&lt;return&gt;Creo formulario&lt;/return&gt;&lt;/ns1:crearFormularioPotencialResponse&gt;&lt;/soap:Body&gt;&lt;/soap:Envelope&gt;

10:04:42 186.86.28.99 desde:user/register preparando para almacenar usuario : 1112788925

10:04:42 186.86.28.99  conectando a : https://jboss2.colfuturo.org/Formulario-Interno/ServicioIntegracionPotencial?wsdl

10:04:42 186.86.28.99  enviando datos : {"numeroDocumento":"1112788925",
            "nombre":"Valeria",
            "apellido":"Moreno",
            "email":"Valeria5197@hotmail.com",
            "fechaNacimiento":"18 ene 1984",
            "ciudadResidencia":"Medellín, Antioquia, Colombia",
            "genero":"F",
            "celular":"",
            "listaInteresAreaEstudio":[""],
            "listaInteresIdioma":["ingles"]}

10:04:43 186.86.28.99  respuesta HTTP/1.1 200 OK
Server: Apache-Coyote/1.1
Set-Cookie: JSESSIONID=XoN1usGR68PUPxHvd-HmGo7D.undefined; Path=/Formulario-Interno
Content-Type: text/xml;charset=ISO-8859-1
Content-Length: 297
Date: Tue, 10 Apr 2018 03:43:13 GMT
Connection: close

&lt;soap:Envelope xmlns:soap=&quot;http://schemas.xmlsoap.org/soap/envelope/&quot;&gt;&lt;soap:Body&gt;&lt;ns1:crearFormularioPotencialResponse xmlns:ns1=&quot;http://www.colfuturo.org/potencial/ws/ServicioIntegracionPotencial&quot;&gt;&lt;return&gt;Creo formulario&lt;/return&gt;&lt;/ns1:crearFormularioPotencialResponse&gt;&lt;/soap:Body&gt;&lt;/soap:Envelope&gt;

11:04:56 190.9.219.106 desde:node/44 preparando para almacenar usuario : 1047449226

11:04:56 190.9.219.106  conectando a : https://jboss2.colfuturo.org/Formulario-Interno/ServicioIntegracionPotencial?wsdl

11:04:56 190.9.219.106  enviando datos : {"numeroDocumento":"1047449226",
            "nombre":"maria yulieth",
            "apellido":"nieto florez",
            "email":"yulienieto@gmail.com",
            "fechaNacimiento":"18 ene 1984",
            "ciudadResidencia":"Cartagena, Bolívar, Colombia",
            "genero":"F",
            "celular":"",
            "listaInteresAreaEstudio":[""],
            "listaInteresIdioma":[""]}

11:04:57 190.9.219.106  client->fault: 

11:04:57 190.9.219.106  respuesta HTTP/1.1 500 Internal Server Error
Server: Apache-Coyote/1.1
Set-Cookie: JSESSIONID=Fj7P98uYRZ9b3NdI5Zx-bFjY.undefined; Path=/Formulario-Interno
Content-Type: text/xml;charset=ISO-8859-1
Content-Length: 225
Date: Tue, 10 Apr 2018 04:20:27 GMT
Connection: close

&lt;soap:Envelope xmlns:soap=&quot;http://schemas.xmlsoap.org/soap/envelope/&quot;&gt;&lt;soap:Body&gt;&lt;soap:Fault&gt;&lt;faultcode&gt;soap:Server&lt;/faultcode&gt;&lt;faultstring&gt;java.lang.NullPointerException&lt;/faultstring&gt;&lt;/soap:Fault&gt;&lt;/soap:Body&gt;&lt;/soap:Envelope&gt;

